--2017-01-27 09:21:03--  https://dist.nuget.org/win-x86-commandline/latest/nuget.exe
Resolving dist.nuget.org (dist.nuget.org)... 2606:2800:11f:17a5:191a:18d5:537:22f9, 72.21.81.200
Connecting to dist.nuget.org (dist.nuget.org)|2606:2800:11f:17a5:191a:18d5:537:22f9|:443... connected.
HTTP request sent, awaiting response... 200 OK
Length: 4266712 (4.1M) [application/octet-stream]
Saving to: ‘nuget.exe’

0K .......... .......... .......... .......... ..........  1%  469K 9s
50K .......... .......... .......... .......... ..........  2%  945K 6s
100K .......... .......... .......... .......... ..........  3% 8.63M 4s
150K .......... .......... .......... .......... ..........  4% 1006K 4s
200K .......... .......... .......... .......... ..........  5% 9.63M 3s
250K .......... .......... .......... .......... ..........  7% 12.0M 3s
300K .......... .......... .......... .......... ..........  8% 1.11M 3s
350K .......... .......... .......... .......... ..........  9% 11.6M 3s
400K .......... .......... .......... .......... .......... 10% 19.5M 2s
450K .......... .......... .......... .......... .......... 11% 22.6M 2s
500K .......... .......... .......... .......... .......... 13% 1.10M 2s
550K .......... .......... .......... .......... .......... 14% 14.1M 2s
600K .......... .......... .......... .......... .......... 15% 18.0M 2s
650K .......... .......... .......... .......... .......... 16% 22.5M 2s
700K .......... .......... .......... .......... .......... 17% 21.1M 2s
750K .......... .......... .......... .......... .......... 19% 15.3M 1s
800K .......... .......... .......... .......... .......... 20% 1.25M 1s
850K .......... .......... .......... .......... .......... 21% 36.2M 1s
900K .......... .......... .......... .......... .......... 22% 30.4M 1s
950K .......... .......... .......... .......... .......... 23% 23.1M 1s
1000K .......... .......... .......... .......... .......... 25% 2.37M 1s
1050K .......... .......... .......... .......... .......... 26% 33.8M 1s
1100K .......... .......... .......... .......... .......... 27% 16.9M 1s
1150K .......... .......... .......... .......... .......... 28% 30.4M 1s
1200K .......... .......... .......... .......... .......... 29% 35.9M 1s
1250K .......... .......... .......... .......... .......... 31% 24.9M 1s
1300K .......... .......... .......... .......... .......... 32% 2.63M 1s
1350K .......... .......... .......... .......... .......... 33% 31.8M 1s
1400K .......... .......... .......... .......... .......... 34% 33.5M 1s
1450K .......... .......... .......... .......... .......... 35% 39.0M 1s
1500K .......... .......... .......... .......... .......... 37% 33.9M 1s
1550K .......... .......... .......... .......... .......... 38% 2.49M 1s
1600K .......... .......... .......... .......... .......... 39% 35.8M 1s
1650K .......... .......... .......... .......... .......... 40% 34.2M 1s
1700K .......... .......... .......... .......... .......... 41% 17.5M 1s
1750K .......... .......... .......... .......... .......... 43% 34.4M 1s
1800K .......... .......... .......... .......... .......... 44% 36.5M 1s
1850K .......... .......... .......... .......... .......... 45% 33.9M 1s
1900K .......... .......... .......... .......... .......... 46% 34.3M 1s
1950K .......... .......... .......... .......... .......... 47% 2.37M 1s
2000K .......... .......... .......... .......... .......... 49% 33.3M 1s
2050K .......... .......... .......... .......... .......... 50% 37.4M 0s
2100K .......... .......... .......... .......... .......... 51% 33.0M 0s
2150K .......... .......... .......... .......... .......... 52% 38.0M 0s
2200K .......... .......... .......... .......... .......... 53% 34.6M 0s
2250K .......... .......... .......... .......... .......... 55% 37.5M 0s
2300K .......... .......... .......... .......... .......... 56% 35.9M 0s
2350K .......... .......... .......... .......... .......... 57% 4.10M 0s
2400K .......... .......... .......... .......... .......... 58% 36.3M 0s
2450K .......... .......... .......... .......... .......... 59% 42.9M 0s
2500K .......... .......... .......... .......... .......... 61% 34.1M 0s
2550K .......... .......... .......... .......... .......... 62% 28.2M 0s
2600K .......... .......... .......... .......... .......... 63% 37.1M 0s
2650K .......... .......... .......... .......... .......... 64% 1.90M 0s
2700K .......... .......... .......... .......... .......... 65% 36.0M 0s
2750K .......... .......... .......... .......... .......... 67% 29.0M 0s
2800K .......... .......... .......... .......... .......... 68% 34.5M 0s
2850K .......... .......... .......... .......... .......... 69% 24.5M 0s
2900K .......... .......... .......... .......... .......... 70% 32.8M 0s
2950K .......... .......... .......... .......... .......... 71% 33.4M 0s
3000K .......... .......... .......... .......... .......... 73% 32.9M 0s
3050K .......... .......... .......... .......... .......... 74% 27.7M 0s
3100K .......... .......... .......... .......... .......... 75% 37.7M 0s
3150K .......... .......... .......... .......... .......... 76% 30.5M 0s
3200K .......... .......... .......... .......... .......... 77% 37.2M 0s
3250K .......... .......... .......... .......... .......... 79% 45.5M 0s
3300K .......... .......... .......... .......... .......... 80% 37.9M 0s
3350K .......... .......... .......... .......... .......... 81% 38.0M 0s
3400K .......... .......... .......... .......... .......... 82% 37.3M 0s
3450K .......... .......... .......... .......... .......... 83% 35.3M 0s
3500K .......... .......... .......... .......... .......... 85% 35.5M 0s
3550K .......... .......... .......... .......... .......... 86% 30.3M 0s
3600K .......... .......... .......... .......... .......... 87% 39.1M 0s
3650K .......... .......... .......... .......... .......... 88% 35.0M 0s
3700K .......... .......... .......... .......... .......... 89% 31.2M 0s
3750K .......... .......... .......... .......... .......... 91% 33.1M 0s
3800K .......... .......... .......... .......... .......... 92% 35.8M 0s
3850K .......... .......... .......... .......... .......... 93% 2.54M 0s
3900K .......... .......... .......... .......... .......... 94% 33.1M 0s
3950K .......... .......... .......... .......... .......... 95% 26.8M 0s
4000K .......... .......... .......... .......... .......... 97% 35.2M 0s
4050K .......... .......... .......... .......... .......... 98%  574K 0s
4100K .......... .......... .......... .......... .......... 99% 20.9M 0s
4150K .......... ......                                     100% 27.9M=0.7s

2017-01-27 09:21:04 (5.93 MB/s) - ‘nuget.exe’ saved [4266712/4266712]

Cloning into 'mitls-fstar'...
Already on 'master'
Cloning into 'FStar'...
Already on 'master'
Cloning into 'Vale'...
Already on 'master'
Cloning into 'hacl-star'...
Already on 'master'
Cloning into 'kremlin'...
Already on 'master'
Warning: you are using the standard library and/or the %inline keyword. We
recommend switching on --infer in order to avoid obscure type error messages.
6 shift/reduce conflicts.
File "src/basic/ml/FStar_Util.ml", line 47, characters 57-65:
Warning 40: st_mtime was selected from type BatUnix.stats.
It is not visible in the current scope, and will not 
be selected if the type becomes unknown.
File "src/basic/ml/FStar_Util.ml", line 47, characters 57-65:
Warning 40: st_mtime was selected from type BatUnix.stats.
It is not visible in the current scope, and will not 
be selected if the type becomes unknown.
cygpath: cannot create short name of C:\Build\Agent\_work\30\s\vale\vale
./everest: line 563: cd: FStar: No such file or directory
make: *** examples/low-level/spartan_aes: No such file or directory.  Stop.
make: *** FStar/ucontrib/CoreCrypto/ml: No such file or directory.  Stop.
make: *** FStar/examples/low-level: No such file or directory.  Stop.
make: *** mitls-fstar/src/tls: No such file or directory.  Stop.
