
scons: warning: you do not seem to have the pywin32 extensions installed;
parallel (-j) builds may not work reliably with open Python files.
File "C:\Binaries\scons\Scripts\scons.py", line 199, in <module>
.\IdNonce.fst(20,0-21,60): (Warning) Top-level let-bindings must be total; this term may have effects
.\Nonce.fst(47,0-48,55): (Warning) Top-level let-bindings must be total; this term may have effects
.\Nonce.fst(132,0-132,40): (Warning) Top-level let-bindings must be total; this term may have effects
.\Signature.fst(105,0-105,67): (Warning) Top-level let-bindings must be total; this term may have effects
.\Signature.fst(180,0-180,32): (Warning) Top-level let-bindings must be total; this term may have effects
.\TLSConstants.fst(44,0-44,63): (Warning) Top-level let-bindings must be total; this term may have effects
.\TLSConstants.fst(46,0-47,25): (Warning) Top-level let-bindings must be total; this term may have effects
.\MasterSecret.fst(34,0-35,75): (Warning) Top-level let-bindings must be total; this term may have effects
.\TLS.fst(0,0-0,0): (Warning) TLS: Unexpected output from Z3: (error "line 579041 column 46: unknown function/constant Tm_arrow_91ac8cf7e1c0cecd5bab1ed87c2f6073")

.\TLS.fst(0,0-0,0): (Warning) TLS: Unexpected output from Z3: (error "line 579041 column 46: unknown function/constant Tm_arrow_91ac8cf7e1c0cecd5bab1ed87c2f6073")

.\TLS.fst(0,0-0,0): (Warning) TLS: Unexpected output from Z3: (error "line 579041 column 46: unknown function/constant Tm_arrow_91ac8cf7e1c0cecd5bab1ed87c2f6073")

.\TLS.fst(0,0-0,0): (Warning) TLS: Unexpected output from Z3: (error "line 579041 column 46: unknown function/constant Tm_arrow_91ac8cf7e1c0cecd5bab1ed87c2f6073")

.\TLS.fst(0,0-0,0): (Warning) TLS: Unexpected output from Z3: (error "line 579041 column 46: unknown function/constant Tm_arrow_91ac8cf7e1c0cecd5bab1ed87c2f6073")

.\TLS.fst(0,0-0,0): (Warning) TLS: Unexpected output from Z3: (error "line 579041 column 46: unknown function/constant Tm_arrow_91ac8cf7e1c0cecd5bab1ed87c2f6073")

.\ConnInvariant.fst(90,0-91,64): (Warning) Top-level let-bindings must be total; this term may have effects
make[3]: warning: jobserver unavailable: using -j1.  Add '+' to parent make rule.
Warning: Spec.Salsa20.test_column_round2 mentions Prims.list meaning that they cannot be type-checked by KreMLin
Warning: Spec.Poly1305.test, Spec.Poly1305.expected, Spec.Poly1305.k and Spec.Poly1305.msg mention Prims.list meaning that they cannot be type-checked by KreMLin
Warning: Spec.Poly1305.expected, Spec.Poly1305.k and Spec.Poly1305.msg mention Prims.list meaning that they cannot be type-checked by KreMLin
Warning: Spec.Poly1305.k and Spec.Poly1305.msg mention Prims.list meaning that they cannot be type-checked by KreMLin
Warning: Spec.Poly1305.msg mentions Prims.list meaning that they cannot be type-checked by KreMLin
Warning: Spec.Salsa20.test_column_round2 mentions Prims.list meaning that they cannot be type-checked by KreMLin
Warning: Spec.Salsa20.test_column_round2 mentions Prims.list meaning that they cannot be type-checked by KreMLin
Warning: Spec.Poly1305.test, Spec.Poly1305.expected, Spec.Poly1305.k and Spec.Poly1305.msg mention Prims.list meaning that they cannot be type-checked by KreMLin
Warning: Spec.Poly1305.expected, Spec.Poly1305.k and Spec.Poly1305.msg mention Prims.list meaning that they cannot be type-checked by KreMLin
Warning: Spec.Poly1305.k and Spec.Poly1305.msg mention Prims.list meaning that they cannot be type-checked by KreMLin
Warning: Spec.Poly1305.msg mentions Prims.list meaning that they cannot be type-checked by KreMLin
Warning: Spec.Chacha20.test_nonce, Spec.Chacha20.test_key, Spec.Chacha20.test_ciphertext, Spec.Chacha20.test_plaintext and Spec.Chacha20.constants mention Prims.list meaning that they cannot be type-checked by KreMLin
Warning: Spec.Chacha20.test_key, Spec.Chacha20.test_ciphertext, Spec.Chacha20.test_plaintext and Spec.Chacha20.constants mention Prims.list meaning that they cannot be type-checked by KreMLin
Warning: Spec.Chacha20.test_ciphertext, Spec.Chacha20.test_plaintext and Spec.Chacha20.constants mention Prims.list meaning that they cannot be type-checked by KreMLin
Warning: Spec.Chacha20.test_plaintext and Spec.Chacha20.constants mention Prims.list meaning that they cannot be type-checked by KreMLin
Warning: Spec.Chacha20.constants mentions Prims.list meaning that they cannot be type-checked by KreMLin
Warning: Spec.Poly1305.test, Spec.Poly1305.expected, Spec.Poly1305.k and Spec.Poly1305.msg mention Prims.list meaning that they cannot be type-checked by KreMLin
Warning: Spec.Poly1305.expected, Spec.Poly1305.k and Spec.Poly1305.msg mention Prims.list meaning that they cannot be type-checked by KreMLin
Warning: Spec.Poly1305.k and Spec.Poly1305.msg mention Prims.list meaning that they cannot be type-checked by KreMLin
Warning: Spec.Poly1305.msg mentions Prims.list meaning that they cannot be type-checked by KreMLin
Warning: Spec.Chacha20.test_nonce, Spec.Chacha20.test_key, Spec.Chacha20.test_ciphertext, Spec.Chacha20.test_plaintext and Spec.Chacha20.constants mention Prims.list meaning that they cannot be type-checked by KreMLin
Warning: Spec.Chacha20.test_key, Spec.Chacha20.test_ciphertext, Spec.Chacha20.test_plaintext and Spec.Chacha20.constants mention Prims.list meaning that they cannot be type-checked by KreMLin
Warning: Spec.Chacha20.test_ciphertext, Spec.Chacha20.test_plaintext and Spec.Chacha20.constants mention Prims.list meaning that they cannot be type-checked by KreMLin
Warning: Spec.Chacha20.test_plaintext and Spec.Chacha20.constants mention Prims.list meaning that they cannot be type-checked by KreMLin
Warning: Spec.Chacha20.constants mentions Prims.list meaning that they cannot be type-checked by KreMLin
Warning 4: in top-level declaration Spec.Chacha20Poly1305.test, in file Spec_Chacha20Poly1305: Malformed input:
Type annotation is not an lid but any
Dropping Spec.Chacha20Poly1305.test (at checking time)

Warning: Spec.Chacha20Poly1305.xmac, Spec.Chacha20Poly1305.xcipher, Spec.Chacha20Poly1305.aad, Spec.Chacha20Poly1305.p, Spec.Chacha20Poly1305.n and Spec.Chacha20Poly1305.k mention Prims.list meaning that they cannot be type-checked by KreMLin
Warning: Spec.Chacha20Poly1305.xcipher, Spec.Chacha20Poly1305.aad, Spec.Chacha20Poly1305.p, Spec.Chacha20Poly1305.n and Spec.Chacha20Poly1305.k mention Prims.list meaning that they cannot be type-checked by KreMLin
Warning: Spec.Chacha20Poly1305.aad, Spec.Chacha20Poly1305.p, Spec.Chacha20Poly1305.n and Spec.Chacha20Poly1305.k mention Prims.list meaning that they cannot be type-checked by KreMLin
Warning: Spec.Chacha20Poly1305.p, Spec.Chacha20Poly1305.n and Spec.Chacha20Poly1305.k mention Prims.list meaning that they cannot be type-checked by KreMLin
Warning: Spec.Chacha20Poly1305.n and Spec.Chacha20Poly1305.k mention Prims.list meaning that they cannot be type-checked by KreMLin
Warning: Spec.Chacha20Poly1305.k mentions Prims.list meaning that they cannot be type-checked by KreMLin
Warning: Spec.Poly1305.test, Spec.Poly1305.expected, Spec.Poly1305.k and Spec.Poly1305.msg mention Prims.list meaning that they cannot be type-checked by KreMLin
Warning: Spec.Poly1305.expected, Spec.Poly1305.k and Spec.Poly1305.msg mention Prims.list meaning that they cannot be type-checked by KreMLin
Warning: Spec.Poly1305.k and Spec.Poly1305.msg mention Prims.list meaning that they cannot be type-checked by KreMLin
Warning: Spec.Poly1305.msg mentions Prims.list meaning that they cannot be type-checked by KreMLin
Warning: Spec.Poly1305.test, Spec.Poly1305.expected, Spec.Poly1305.k and Spec.Poly1305.msg mention Prims.list meaning that they cannot be type-checked by KreMLin
Warning: Spec.Poly1305.expected, Spec.Poly1305.k and Spec.Poly1305.msg mention Prims.list meaning that they cannot be type-checked by KreMLin
Warning: Spec.Poly1305.k and Spec.Poly1305.msg mention Prims.list meaning that they cannot be type-checked by KreMLin
Warning: Spec.Poly1305.msg mentions Prims.list meaning that they cannot be type-checked by KreMLin
Warning: Spec.Chacha20.test_nonce, Spec.Chacha20.test_key, Spec.Chacha20.test_ciphertext, Spec.Chacha20.test_plaintext and Spec.Chacha20.constants mention Prims.list meaning that they cannot be type-checked by KreMLin
Warning: Spec.Chacha20.test_key, Spec.Chacha20.test_ciphertext, Spec.Chacha20.test_plaintext and Spec.Chacha20.constants mention Prims.list meaning that they cannot be type-checked by KreMLin
Warning: Spec.Chacha20.test_ciphertext, Spec.Chacha20.test_plaintext and Spec.Chacha20.constants mention Prims.list meaning that they cannot be type-checked by KreMLin
Warning: Spec.Chacha20.test_plaintext and Spec.Chacha20.constants mention Prims.list meaning that they cannot be type-checked by KreMLin
Warning: Spec.Chacha20.constants mentions Prims.list meaning that they cannot be type-checked by KreMLin
Warning 4: in top-level declaration Spec.Chacha20Poly1305.test, in file Spec_Chacha20Poly1305: Malformed input:
Type annotation is not an lid but any
Dropping Spec.Chacha20Poly1305.test (at checking time)

Warning: Spec.Chacha20Poly1305.xmac, Spec.Chacha20Poly1305.xcipher, Spec.Chacha20Poly1305.aad, Spec.Chacha20Poly1305.p, Spec.Chacha20Poly1305.n and Spec.Chacha20Poly1305.k mention Prims.list meaning that they cannot be type-checked by KreMLin
Warning: Spec.Chacha20Poly1305.xcipher, Spec.Chacha20Poly1305.aad, Spec.Chacha20Poly1305.p, Spec.Chacha20Poly1305.n and Spec.Chacha20Poly1305.k mention Prims.list meaning that they cannot be type-checked by KreMLin
Warning: Spec.Chacha20Poly1305.aad, Spec.Chacha20Poly1305.p, Spec.Chacha20Poly1305.n and Spec.Chacha20Poly1305.k mention Prims.list meaning that they cannot be type-checked by KreMLin
Warning: Spec.Chacha20Poly1305.p, Spec.Chacha20Poly1305.n and Spec.Chacha20Poly1305.k mention Prims.list meaning that they cannot be type-checked by KreMLin
Warning: Spec.Chacha20Poly1305.n and Spec.Chacha20Poly1305.k mention Prims.list meaning that they cannot be type-checked by KreMLin
Warning: Spec.Chacha20Poly1305.k mentions Prims.list meaning that they cannot be type-checked by KreMLin
Warning: Spec.Curve25519.expected2, Spec.Curve25519.expected1, Spec.Curve25519.input2, Spec.Curve25519.input1, Spec.Curve25519.scalar2 and Spec.Curve25519.scalar1 mention Prims.list meaning that they cannot be type-checked by KreMLin
Warning: Spec.Curve25519.expected1, Spec.Curve25519.input2, Spec.Curve25519.input1, Spec.Curve25519.scalar2 and Spec.Curve25519.scalar1 mention Prims.list meaning that they cannot be type-checked by KreMLin
Warning: Spec.Curve25519.input2, Spec.Curve25519.input1, Spec.Curve25519.scalar2 and Spec.Curve25519.scalar1 mention Prims.list meaning that they cannot be type-checked by KreMLin
Warning: Spec.Curve25519.input1, Spec.Curve25519.scalar2 and Spec.Curve25519.scalar1 mention Prims.list meaning that they cannot be type-checked by KreMLin
Warning: Spec.Curve25519.scalar2 and Spec.Curve25519.scalar1 mention Prims.list meaning that they cannot be type-checked by KreMLin
Warning: Spec.Curve25519.scalar1 mentions Prims.list meaning that they cannot be type-checked by KreMLin
Warning 7: : After inlining, Hacl.Test.X25519.main (going into Hacl_Test_X25519) calls Hacl.EC.crypto_scalarmult (going into Curve25519) -- removing the static qualifier from Hacl.EC.crypto_scalarmult
Warning: Spec.Chacha20.test_nonce, Spec.Chacha20.test_key, Spec.Chacha20.test_ciphertext, Spec.Chacha20.test_plaintext and Spec.Chacha20.constants mention Prims.list meaning that they cannot be type-checked by KreMLin
Warning: Spec.Chacha20.test_key, Spec.Chacha20.test_ciphertext, Spec.Chacha20.test_plaintext and Spec.Chacha20.constants mention Prims.list meaning that they cannot be type-checked by KreMLin
Warning: Spec.Chacha20.test_ciphertext, Spec.Chacha20.test_plaintext and Spec.Chacha20.constants mention Prims.list meaning that they cannot be type-checked by KreMLin
Warning: Spec.Chacha20.test_plaintext and Spec.Chacha20.constants mention Prims.list meaning that they cannot be type-checked by KreMLin
Warning: Spec.Chacha20.constants mentions Prims.list meaning that they cannot be type-checked by KreMLin
Warning 6: in the definition of buf, after the definition of m0, in top-level declaration Crypto.Symmetric.Bytes.random_bytes, in file Crypto_Symmetric_Bytes: stack newbuf 0uint8 @1 is a non-constant size, stack-allocated array; this is not supported by CompCert
Warning: Spec.Poly1305.test, Spec.Poly1305.expected, Spec.Poly1305.k and Spec.Poly1305.msg mention Prims.list meaning that they cannot be type-checked by KreMLin
Warning: Spec.Poly1305.expected, Spec.Poly1305.k and Spec.Poly1305.msg mention Prims.list meaning that they cannot be type-checked by KreMLin
Warning: Spec.Poly1305.k and Spec.Poly1305.msg mention Prims.list meaning that they cannot be type-checked by KreMLin
Warning: Spec.Poly1305.msg mentions Prims.list meaning that they cannot be type-checked by KreMLin
Warning: Spec.GF128.test, Spec.GF128.expected, Spec.GF128.h and Spec.GF128.info mention Prims.list meaning that they cannot be type-checked by KreMLin
Warning: Spec.GF128.expected, Spec.GF128.h and Spec.GF128.info mention Prims.list meaning that they cannot be type-checked by KreMLin
Warning: Spec.GF128.h and Spec.GF128.info mention Prims.list meaning that they cannot be type-checked by KreMLin
Warning: Spec.GF128.info mentions Prims.list meaning that they cannot be type-checked by KreMLin
Warning 6: in the definition of k1, in top-level declaration Crypto.Symmetric.UF1CMA.akey_gen, in file Crypto_Symmetric_UF1CMA: eternal newbuf 0uint8 Crypto.Symmetric.UF1CMA.skeylen @0 is a non-constant size, stack-allocated array; this is not supported by CompCert
Warning 6: in the definition of sk, in top-level declaration Crypto.Symmetric.UF1CMA.akey_coerce, in file Crypto_Symmetric_UF1CMA: eternal newbuf 0uint8 Crypto.Symmetric.UF1CMA.skeylen @1 is a non-constant size, stack-allocated array; this is not supported by CompCert
Warning 6: in the definition of k1, after the definition of len1, in top-level declaration Crypto.Symmetric.UF1CMA.gen, in file Crypto_Symmetric_UF1CMA: eternal newbuf 0uint8 @0 is a non-constant size, stack-allocated array; this is not supported by CompCert
Warning 6: in top-level declaration Crypto.Plain.create, in file Crypto_Plain: stack newbuf @1 @0 is a non-constant size, stack-allocated array; this is not supported by CompCert
Warning 6: in the definition of keystate, after the definition of mac_rgn, in top-level declaration Crypto.Symmetric.PRF.gen, in file Crypto_Symmetric_PRF: eternal newbuf 0uint8 Crypto.Symmetric.PRF.statelen @1 is a non-constant size, stack-allocated array; this is not supported by CompCert
Warning 6: in the definition of key, after the definition of keystate, in top-level declaration Crypto.Symmetric.PRF.gen, in file Crypto_Symmetric_PRF: stack newbuf 0uint8 Crypto.Symmetric.PRF.keylen @2 is a non-constant size, stack-allocated array; this is not supported by CompCert
Warning 6: in the definition of keystate, after the definition of mac_rgn, in top-level declaration Crypto.Symmetric.PRF.coerce, in file Crypto_Symmetric_PRF: eternal newbuf 0uint8 Crypto.Symmetric.PRF.statelen @2 is a non-constant size, stack-allocated array; this is not supported by CompCert
Warning 6: in the definition of keyBuffer, after the definition of h0, in top-level declaration Crypto.Symmetric.PRF.prf_mac, in file Crypto_Symmetric_PRF: eternal newbuf 0uint8 Crypto.Symmetric.UF1CMA.keylen @5 is a non-constant size, stack-allocated array; this is not supported by CompCert
Warning 6: in the definition of keyBuffer, after the definition of x, in top-level declaration Crypto.Symmetric.PRF.prf_sk0, in file Crypto_Symmetric_PRF: eternal newbuf 0uint8 Crypto.Symmetric.UF1CMA.skeylen @2 is a non-constant size, stack-allocated array; this is not supported by CompCert
Warning 6: in the definition of cipher1, after the definition of cipherlen, in top-level declaration Crypto.KrmlTest.test, in file Crypto_KrmlTest: stack newbuf 0uint8 @0 is a non-constant size, stack-allocated array; this is not supported by CompCert
Warning 6: in the definition of cipher1, after the definition of cipherlen, in top-level declaration Crypto.KrmlTest.test_aes_gcm, in file Crypto_KrmlTest: stack newbuf 2uint8 @0 is a non-constant size, stack-allocated array; this is not supported by CompCert
Warning 6: in the definition of plain, after the definition of plainlen, in top-level declaration Crypto.KrmlTest.test_aes_gcm_0, in file Crypto_KrmlTest: stack newbuf 0uint8 @0 is a non-constant size, stack-allocated array; this is not supported by CompCert
Warning 6: in the definition of aad, after the definition of aadlen, in top-level declaration Crypto.KrmlTest.test_aes_gcm_0, in file Crypto_KrmlTest: stack newbuf 0uint8 @0 is a non-constant size, stack-allocated array; this is not supported by CompCert
Warning 6: in the definition of plain, after the definition of plainlen, in top-level declaration Crypto.KrmlTest.test_aes_gcm_1, in file Crypto_KrmlTest: stack newbuf 0uint8 @0 is a non-constant size, stack-allocated array; this is not supported by CompCert
Warning 6: in the definition of aad, after the definition of aadlen, in top-level declaration Crypto.KrmlTest.test_aes_gcm_1, in file Crypto_KrmlTest: stack newbuf 0uint8 @0 is a non-constant size, stack-allocated array; this is not supported by CompCert
Warning 6: in the definition of plain, after the definition of plainlen, in top-level declaration Crypto.KrmlTest.test_aes_gcm_2, in file Crypto_KrmlTest: stack newbuf 0uint8 @0 is a non-constant size, stack-allocated array; this is not supported by CompCert
Warning 6: in the definition of aad, after the definition of aadlen, in top-level declaration Crypto.KrmlTest.test_aes_gcm_2, in file Crypto_KrmlTest: stack newbuf 0uint8 @0 is a non-constant size, stack-allocated array; this is not supported by CompCert
Warning 6: in the definition of aad, after the definition of aadlen, in top-level declaration Crypto.KrmlTest.test_aes_gcm_3, in file Crypto_KrmlTest: stack newbuf 0uint8 @0 is a non-constant size, stack-allocated array; this is not supported by CompCert
Warning 7: : After inlining, Crypto.Symmetric.Bytes.little_endian (going into Crypto_Symmetric_Bytes) calls FStar.Endianness.little_endian (going into FStar) -- removing the static qualifier from FStar.Endianness.little_endian
Warning 7: : After inlining, Crypto.Symmetric.Bytes.big_endian (going into Crypto_Symmetric_Bytes) calls FStar.Endianness.big_endian (going into FStar) -- removing the static qualifier from FStar.Endianness.big_endian
Warning 7: : After inlining, Crypto.Symmetric.Bytes.little_bytes (going into Crypto_Symmetric_Bytes) calls FStar.Endianness.little_bytes (going into FStar) -- removing the static qualifier from FStar.Endianness.little_bytes
Warning 7: : After inlining, Crypto.Symmetric.Cipher.compute (going into Crypto_Symmetric_Cipher) calls Hacl.Impl.Chacha20.setup (going into Hacl) -- removing the static qualifier from Hacl.Impl.Chacha20.setup
Warning 8: : After inlining, Crypto.Symmetric.Cipher.compute (going into Crypto_Symmetric_Cipher) calls Hacl.Impl.Chacha20.setup (going into Hacl). This is a call across translation units but Hacl.Impl.Chacha20.setup has a C "inline" qualifier. The C standard allows removing Hacl.Impl.Chacha20.setup from its translation unit (see C11 6.7.3 §5), and CompCert will do it. 
Warning 7: : After inlining, Crypto.Symmetric.Cipher.compute (going into Crypto_Symmetric_Cipher) calls Hacl.Impl.Chacha20.copy_state (going into Hacl) -- removing the static qualifier from Hacl.Impl.Chacha20.copy_state
Warning 8: : After inlining, Crypto.Symmetric.Cipher.compute (going into Crypto_Symmetric_Cipher) calls Hacl.Impl.Chacha20.copy_state (going into Hacl). This is a call across translation units but Hacl.Impl.Chacha20.copy_state has a C "inline" qualifier. The C standard allows removing Hacl.Impl.Chacha20.copy_state from its translation unit (see C11 6.7.3 §5), and CompCert will do it. 
Warning 7: : After inlining, Crypto.Symmetric.Cipher.compute (going into Crypto_Symmetric_Cipher) calls Hacl.Impl.Chacha20.rounds (going into Hacl) -- removing the static qualifier from Hacl.Impl.Chacha20.rounds
Warning 8: : After inlining, Crypto.Symmetric.Cipher.compute (going into Crypto_Symmetric_Cipher) calls Hacl.Impl.Chacha20.rounds (going into Hacl). This is a call across translation units but Hacl.Impl.Chacha20.rounds has a C "inline" qualifier. The C standard allows removing Hacl.Impl.Chacha20.rounds from its translation unit (see C11 6.7.3 §5), and CompCert will do it. 
Warning 7: : After inlining, Crypto.Symmetric.Cipher.compute (going into Crypto_Symmetric_Cipher) calls Hacl.Impl.Chacha20.sum_states (going into Hacl) -- removing the static qualifier from Hacl.Impl.Chacha20.sum_states
Warning 8: : After inlining, Crypto.Symmetric.Cipher.compute (going into Crypto_Symmetric_Cipher) calls Hacl.Impl.Chacha20.sum_states (going into Hacl). This is a call across translation units but Hacl.Impl.Chacha20.sum_states has a C "inline" qualifier. The C standard allows removing Hacl.Impl.Chacha20.sum_states from its translation unit (see C11 6.7.3 §5), and CompCert will do it. 
Warning 7: : After inlining, Crypto.Symmetric.Cipher.compute (going into Crypto_Symmetric_Cipher) calls Hacl.Lib.LoadStore32.uint32s_to_le_bytes (going into Hacl) -- removing the static qualifier from Hacl.Lib.LoadStore32.uint32s_to_le_bytes
Warning 7: : After inlining, Crypto.Symmetric.MAC.update (going into Crypto_Symmetric_MAC) calls Hacl.Impl.Poly1305_64.poly1305_update (going into Hacl) -- removing the static qualifier from Hacl.Impl.Poly1305_64.poly1305_update
Warning 8: : After inlining, Crypto.Symmetric.MAC.update (going into Crypto_Symmetric_MAC) calls Hacl.Impl.Poly1305_64.poly1305_update (going into Hacl). This is a call across translation units but Hacl.Impl.Poly1305_64.poly1305_update has a C "inline" qualifier. The C standard allows removing Hacl.Impl.Poly1305_64.poly1305_update from its translation unit (see C11 6.7.3 §5), and CompCert will do it. 
Warning 7: : After inlining, Crypto.Symmetric.MAC.update (going into Crypto_Symmetric_MAC) calls Hacl.Impl.Poly1305_64.mk_state (going into Hacl) -- removing the static qualifier from Hacl.Impl.Poly1305_64.mk_state
Warning 7: : After inlining, Crypto.Symmetric.UF1CMA.verify (going into Crypto_Symmetric_UF1CMA) calls FStar.Monotonic.RRef.m_recall (going into FStar) -- removing the static qualifier from FStar.Monotonic.RRef.m_recall
Warning 7: : After inlining, Crypto.Symmetric.UF1CMA.verify (going into Crypto_Symmetric_UF1CMA) calls Hacl.Impl.Poly1305_64.poly1305_process_last_block (going into Hacl) -- removing the static qualifier from Hacl.Impl.Poly1305_64.poly1305_process_last_block
Warning 8: : After inlining, Crypto.Symmetric.UF1CMA.verify (going into Crypto_Symmetric_UF1CMA) calls Hacl.Impl.Poly1305_64.poly1305_process_last_block (going into Hacl). This is a call across translation units but Hacl.Impl.Poly1305_64.poly1305_process_last_block has a C "inline" qualifier. The C standard allows removing Hacl.Impl.Poly1305_64.poly1305_process_last_block from its translation unit (see C11 6.7.3 §5), and CompCert will do it. 
Warning 7: : After inlining, Crypto.Symmetric.UF1CMA.verify (going into Crypto_Symmetric_UF1CMA) calls Hacl.Impl.Poly1305_64.poly1305_last_pass (going into Hacl) -- removing the static qualifier from Hacl.Impl.Poly1305_64.poly1305_last_pass
Warning 7: : After inlining, Crypto.AEAD.Encrypt.encrypt (going into Crypto_AEAD) calls Crypto.Symmetric.UF1CMA.__proj__Acc__item__a (going into Crypto_Symmetric_UF1CMA) -- removing the static qualifier from Crypto.Symmetric.UF1CMA.__proj__Acc__item__a
Warning 7: : After inlining, Crypto.KrmlTest.test (going into Crypto_KrmlTest) calls Crypto.AEAD.Encrypt.encrypt (going into Crypto_AEAD) -- removing the static qualifier from Crypto.AEAD.Encrypt.encrypt
Warning 7: : After inlining, Crypto.KrmlTest.test (going into Crypto_KrmlTest) calls Crypto.AEAD.Decrypt.decrypt (going into Crypto_AEAD) -- removing the static qualifier from Crypto.AEAD.Decrypt.decrypt
Warning: Spec.Chacha20.test_nonce, Spec.Chacha20.test_key, Spec.Chacha20.test_ciphertext, Spec.Chacha20.test_plaintext and Spec.Chacha20.constants mention Prims.list meaning that they cannot be type-checked by KreMLin
Warning: Spec.Chacha20.test_key, Spec.Chacha20.test_ciphertext, Spec.Chacha20.test_plaintext and Spec.Chacha20.constants mention Prims.list meaning that they cannot be type-checked by KreMLin
Warning: Spec.Chacha20.test_ciphertext, Spec.Chacha20.test_plaintext and Spec.Chacha20.constants mention Prims.list meaning that they cannot be type-checked by KreMLin
Warning: Spec.Chacha20.test_plaintext and Spec.Chacha20.constants mention Prims.list meaning that they cannot be type-checked by KreMLin
Warning: Spec.Chacha20.constants mentions Prims.list meaning that they cannot be type-checked by KreMLin
Warning 6: in the definition of buf, after the definition of m0, in top-level declaration Crypto.Symmetric.Bytes.random_bytes, in file Crypto_Symmetric_Bytes: stack newbuf 0uint8 @1 is a non-constant size, stack-allocated array; this is not supported by CompCert
Warning: Spec.Poly1305.test, Spec.Poly1305.expected, Spec.Poly1305.k and Spec.Poly1305.msg mention Prims.list meaning that they cannot be type-checked by KreMLin
Warning: Spec.Poly1305.expected, Spec.Poly1305.k and Spec.Poly1305.msg mention Prims.list meaning that they cannot be type-checked by KreMLin
Warning: Spec.Poly1305.k and Spec.Poly1305.msg mention Prims.list meaning that they cannot be type-checked by KreMLin
Warning: Spec.Poly1305.msg mentions Prims.list meaning that they cannot be type-checked by KreMLin
Warning: Spec.GF128.test, Spec.GF128.expected, Spec.GF128.h and Spec.GF128.info mention Prims.list meaning that they cannot be type-checked by KreMLin
Warning: Spec.GF128.expected, Spec.GF128.h and Spec.GF128.info mention Prims.list meaning that they cannot be type-checked by KreMLin
Warning: Spec.GF128.h and Spec.GF128.info mention Prims.list meaning that they cannot be type-checked by KreMLin
Warning: Spec.GF128.info mentions Prims.list meaning that they cannot be type-checked by KreMLin
Warning 6: in the definition of k1, in top-level declaration Crypto.Symmetric.UF1CMA.akey_gen, in file Crypto_Symmetric_UF1CMA: eternal newbuf 0uint8 Crypto.Symmetric.UF1CMA.skeylen @0 is a non-constant size, stack-allocated array; this is not supported by CompCert
Warning 6: in the definition of sk, in top-level declaration Crypto.Symmetric.UF1CMA.akey_coerce, in file Crypto_Symmetric_UF1CMA: eternal newbuf 0uint8 Crypto.Symmetric.UF1CMA.skeylen @1 is a non-constant size, stack-allocated array; this is not supported by CompCert
Warning 6: in the definition of k1, after the definition of len1, in top-level declaration Crypto.Symmetric.UF1CMA.gen, in file Crypto_Symmetric_UF1CMA: eternal newbuf 0uint8 @0 is a non-constant size, stack-allocated array; this is not supported by CompCert
Warning 6: in top-level declaration Crypto.Plain.create, in file Crypto_Plain: stack newbuf @1 @0 is a non-constant size, stack-allocated array; this is not supported by CompCert
Warning 6: in the definition of keystate, after the definition of mac_rgn, in top-level declaration Crypto.Symmetric.PRF.gen, in file Crypto_Symmetric_PRF: eternal newbuf 0uint8 Crypto.Symmetric.PRF.statelen @1 is a non-constant size, stack-allocated array; this is not supported by CompCert
Warning 6: in the definition of key, after the definition of keystate, in top-level declaration Crypto.Symmetric.PRF.gen, in file Crypto_Symmetric_PRF: stack newbuf 0uint8 Crypto.Symmetric.PRF.keylen @2 is a non-constant size, stack-allocated array; this is not supported by CompCert
Warning 6: in the definition of keystate, after the definition of mac_rgn, in top-level declaration Crypto.Symmetric.PRF.coerce, in file Crypto_Symmetric_PRF: eternal newbuf 0uint8 Crypto.Symmetric.PRF.statelen @2 is a non-constant size, stack-allocated array; this is not supported by CompCert
Warning 6: in the definition of keyBuffer, after the definition of h0, in top-level declaration Crypto.Symmetric.PRF.prf_mac, in file Crypto_Symmetric_PRF: eternal newbuf 0uint8 Crypto.Symmetric.UF1CMA.keylen @5 is a non-constant size, stack-allocated array; this is not supported by CompCert
Warning 6: in the definition of keyBuffer, after the definition of x, in top-level declaration Crypto.Symmetric.PRF.prf_sk0, in file Crypto_Symmetric_PRF: eternal newbuf 0uint8 Crypto.Symmetric.UF1CMA.skeylen @2 is a non-constant size, stack-allocated array; this is not supported by CompCert
Warning 6: in the definition of cipher1, after the definition of cipherlen, in top-level declaration Crypto.KrmlTest.test, in file Crypto_KrmlTest: stack newbuf 0uint8 @0 is a non-constant size, stack-allocated array; this is not supported by CompCert
Warning 6: in the definition of cipher1, after the definition of cipherlen, in top-level declaration Crypto.KrmlTest.test_aes_gcm, in file Crypto_KrmlTest: stack newbuf 2uint8 @0 is a non-constant size, stack-allocated array; this is not supported by CompCert
Warning 6: in the definition of plain, after the definition of plainlen, in top-level declaration Crypto.KrmlTest.test_aes_gcm_0, in file Crypto_KrmlTest: stack newbuf 0uint8 @0 is a non-constant size, stack-allocated array; this is not supported by CompCert
Warning 6: in the definition of aad, after the definition of aadlen, in top-level declaration Crypto.KrmlTest.test_aes_gcm_0, in file Crypto_KrmlTest: stack newbuf 0uint8 @0 is a non-constant size, stack-allocated array; this is not supported by CompCert
Warning 6: in the definition of plain, after the definition of plainlen, in top-level declaration Crypto.KrmlTest.test_aes_gcm_1, in file Crypto_KrmlTest: stack newbuf 0uint8 @0 is a non-constant size, stack-allocated array; this is not supported by CompCert
Warning 6: in the definition of aad, after the definition of aadlen, in top-level declaration Crypto.KrmlTest.test_aes_gcm_1, in file Crypto_KrmlTest: stack newbuf 0uint8 @0 is a non-constant size, stack-allocated array; this is not supported by CompCert
Warning 6: in the definition of plain, after the definition of plainlen, in top-level declaration Crypto.KrmlTest.test_aes_gcm_2, in file Crypto_KrmlTest: stack newbuf 0uint8 @0 is a non-constant size, stack-allocated array; this is not supported by CompCert
Warning 6: in the definition of aad, after the definition of aadlen, in top-level declaration Crypto.KrmlTest.test_aes_gcm_2, in file Crypto_KrmlTest: stack newbuf 0uint8 @0 is a non-constant size, stack-allocated array; this is not supported by CompCert
Warning 6: in the definition of aad, after the definition of aadlen, in top-level declaration Crypto.KrmlTest.test_aes_gcm_3, in file Crypto_KrmlTest: stack newbuf 0uint8 @0 is a non-constant size, stack-allocated array; this is not supported by CompCert
Warning 7: : After inlining, Crypto.Symmetric.Bytes.little_endian (going into Crypto_Symmetric_Bytes) calls FStar.Endianness.little_endian (going into FStar) -- removing the static qualifier from FStar.Endianness.little_endian
Warning 7: : After inlining, Crypto.Symmetric.Bytes.big_endian (going into Crypto_Symmetric_Bytes) calls FStar.Endianness.big_endian (going into FStar) -- removing the static qualifier from FStar.Endianness.big_endian
Warning 7: : After inlining, Crypto.Symmetric.Bytes.little_bytes (going into Crypto_Symmetric_Bytes) calls FStar.Endianness.little_bytes (going into FStar) -- removing the static qualifier from FStar.Endianness.little_bytes
Warning 7: : After inlining, Crypto.Symmetric.Cipher.compute (going into Crypto_Symmetric_Cipher) calls Hacl.Impl.Chacha20.setup (going into Hacl) -- removing the static qualifier from Hacl.Impl.Chacha20.setup
Warning 8: : After inlining, Crypto.Symmetric.Cipher.compute (going into Crypto_Symmetric_Cipher) calls Hacl.Impl.Chacha20.setup (going into Hacl). This is a call across translation units but Hacl.Impl.Chacha20.setup has a C "inline" qualifier. The C standard allows removing Hacl.Impl.Chacha20.setup from its translation unit (see C11 6.7.3 §5), and CompCert will do it. 
Warning 7: : After inlining, Crypto.Symmetric.Cipher.compute (going into Crypto_Symmetric_Cipher) calls Hacl.Impl.Chacha20.copy_state (going into Hacl) -- removing the static qualifier from Hacl.Impl.Chacha20.copy_state
Warning 8: : After inlining, Crypto.Symmetric.Cipher.compute (going into Crypto_Symmetric_Cipher) calls Hacl.Impl.Chacha20.copy_state (going into Hacl). This is a call across translation units but Hacl.Impl.Chacha20.copy_state has a C "inline" qualifier. The C standard allows removing Hacl.Impl.Chacha20.copy_state from its translation unit (see C11 6.7.3 §5), and CompCert will do it. 
Warning 7: : After inlining, Crypto.Symmetric.Cipher.compute (going into Crypto_Symmetric_Cipher) calls Hacl.Impl.Chacha20.rounds (going into Hacl) -- removing the static qualifier from Hacl.Impl.Chacha20.rounds
Warning 8: : After inlining, Crypto.Symmetric.Cipher.compute (going into Crypto_Symmetric_Cipher) calls Hacl.Impl.Chacha20.rounds (going into Hacl). This is a call across translation units but Hacl.Impl.Chacha20.rounds has a C "inline" qualifier. The C standard allows removing Hacl.Impl.Chacha20.rounds from its translation unit (see C11 6.7.3 §5), and CompCert will do it. 
Warning 7: : After inlining, Crypto.Symmetric.Cipher.compute (going into Crypto_Symmetric_Cipher) calls Hacl.Impl.Chacha20.sum_states (going into Hacl) -- removing the static qualifier from Hacl.Impl.Chacha20.sum_states
Warning 8: : After inlining, Crypto.Symmetric.Cipher.compute (going into Crypto_Symmetric_Cipher) calls Hacl.Impl.Chacha20.sum_states (going into Hacl). This is a call across translation units but Hacl.Impl.Chacha20.sum_states has a C "inline" qualifier. The C standard allows removing Hacl.Impl.Chacha20.sum_states from its translation unit (see C11 6.7.3 §5), and CompCert will do it. 
Warning 7: : After inlining, Crypto.Symmetric.Cipher.compute (going into Crypto_Symmetric_Cipher) calls Hacl.Lib.LoadStore32.uint32s_to_le_bytes (going into Hacl) -- removing the static qualifier from Hacl.Lib.LoadStore32.uint32s_to_le_bytes
Warning 7: : After inlining, Crypto.Symmetric.MAC.update (going into Crypto_Symmetric_MAC) calls Hacl.Impl.Poly1305_64.poly1305_update (going into Hacl) -- removing the static qualifier from Hacl.Impl.Poly1305_64.poly1305_update
Warning 8: : After inlining, Crypto.Symmetric.MAC.update (going into Crypto_Symmetric_MAC) calls Hacl.Impl.Poly1305_64.poly1305_update (going into Hacl). This is a call across translation units but Hacl.Impl.Poly1305_64.poly1305_update has a C "inline" qualifier. The C standard allows removing Hacl.Impl.Poly1305_64.poly1305_update from its translation unit (see C11 6.7.3 §5), and CompCert will do it. 
Warning 7: : After inlining, Crypto.Symmetric.MAC.update (going into Crypto_Symmetric_MAC) calls Hacl.Impl.Poly1305_64.mk_state (going into Hacl) -- removing the static qualifier from Hacl.Impl.Poly1305_64.mk_state
Warning 7: : After inlining, Crypto.Symmetric.UF1CMA.verify (going into Crypto_Symmetric_UF1CMA) calls FStar.Monotonic.RRef.m_recall (going into FStar) -- removing the static qualifier from FStar.Monotonic.RRef.m_recall
Warning 7: : After inlining, Crypto.Symmetric.UF1CMA.verify (going into Crypto_Symmetric_UF1CMA) calls Hacl.Impl.Poly1305_64.poly1305_process_last_block (going into Hacl) -- removing the static qualifier from Hacl.Impl.Poly1305_64.poly1305_process_last_block
Warning 8: : After inlining, Crypto.Symmetric.UF1CMA.verify (going into Crypto_Symmetric_UF1CMA) calls Hacl.Impl.Poly1305_64.poly1305_process_last_block (going into Hacl). This is a call across translation units but Hacl.Impl.Poly1305_64.poly1305_process_last_block has a C "inline" qualifier. The C standard allows removing Hacl.Impl.Poly1305_64.poly1305_process_last_block from its translation unit (see C11 6.7.3 §5), and CompCert will do it. 
Warning 7: : After inlining, Crypto.Symmetric.UF1CMA.verify (going into Crypto_Symmetric_UF1CMA) calls Hacl.Impl.Poly1305_64.poly1305_last_pass (going into Hacl) -- removing the static qualifier from Hacl.Impl.Poly1305_64.poly1305_last_pass
Warning 7: : After inlining, Crypto.AEAD.Encrypt.encrypt (going into Crypto_AEAD) calls Crypto.Symmetric.UF1CMA.__proj__Acc__item__a (going into Crypto_Symmetric_UF1CMA) -- removing the static qualifier from Crypto.Symmetric.UF1CMA.__proj__Acc__item__a
Warning 7: : After inlining, Crypto.KrmlTest.test (going into Crypto_KrmlTest) calls Crypto.AEAD.Encrypt.encrypt (going into Crypto_AEAD) -- removing the static qualifier from Crypto.AEAD.Encrypt.encrypt
Warning 7: : After inlining, Crypto.KrmlTest.test (going into Crypto_KrmlTest) calls Crypto.AEAD.Decrypt.decrypt (going into Crypto_AEAD) -- removing the static qualifier from Crypto.AEAD.Decrypt.decrypt
Warning: Spec.Salsa20.test_column_round2 mentions Prims.list meaning that they cannot be type-checked by KreMLin
Warning: Spec.Poly1305.test, Spec.Poly1305.expected, Spec.Poly1305.k and Spec.Poly1305.msg mention Prims.list meaning that they cannot be type-checked by KreMLin
Warning: Spec.Poly1305.expected, Spec.Poly1305.k and Spec.Poly1305.msg mention Prims.list meaning that they cannot be type-checked by KreMLin
Warning: Spec.Poly1305.k and Spec.Poly1305.msg mention Prims.list meaning that they cannot be type-checked by KreMLin
Warning: Spec.Poly1305.msg mentions Prims.list meaning that they cannot be type-checked by KreMLin
Warning: Spec.Salsa20.test_column_round2 mentions Prims.list meaning that they cannot be type-checked by KreMLin
Warning: Spec.Poly1305.test, Spec.Poly1305.expected, Spec.Poly1305.k and Spec.Poly1305.msg mention Prims.list meaning that they cannot be type-checked by KreMLin
Warning: Spec.Poly1305.expected, Spec.Poly1305.k and Spec.Poly1305.msg mention Prims.list meaning that they cannot be type-checked by KreMLin
Warning: Spec.Poly1305.k and Spec.Poly1305.msg mention Prims.list meaning that they cannot be type-checked by KreMLin
Warning: Spec.Poly1305.msg mentions Prims.list meaning that they cannot be type-checked by KreMLin
Warning: Spec.Chacha20.test_nonce, Spec.Chacha20.test_key, Spec.Chacha20.test_ciphertext, Spec.Chacha20.test_plaintext and Spec.Chacha20.constants mention Prims.list meaning that they cannot be type-checked by KreMLin
Warning: Spec.Chacha20.test_key, Spec.Chacha20.test_ciphertext, Spec.Chacha20.test_plaintext and Spec.Chacha20.constants mention Prims.list meaning that they cannot be type-checked by KreMLin
Warning: Spec.Chacha20.test_ciphertext, Spec.Chacha20.test_plaintext and Spec.Chacha20.constants mention Prims.list meaning that they cannot be type-checked by KreMLin
Warning: Spec.Chacha20.test_plaintext and Spec.Chacha20.constants mention Prims.list meaning that they cannot be type-checked by KreMLin
Warning: Spec.Chacha20.constants mentions Prims.list meaning that they cannot be type-checked by KreMLin
Warning: Spec.Salsa20.test_column_round2 mentions Prims.list meaning that they cannot be type-checked by KreMLin
Warning: Spec.Poly1305.test, Spec.Poly1305.expected, Spec.Poly1305.k and Spec.Poly1305.msg mention Prims.list meaning that they cannot be type-checked by KreMLin
Warning: Spec.Poly1305.expected, Spec.Poly1305.k and Spec.Poly1305.msg mention Prims.list meaning that they cannot be type-checked by KreMLin
Warning: Spec.Poly1305.k and Spec.Poly1305.msg mention Prims.list meaning that they cannot be type-checked by KreMLin
Warning: Spec.Poly1305.msg mentions Prims.list meaning that they cannot be type-checked by KreMLin
Warning: Spec.Chacha20.test_nonce, Spec.Chacha20.test_key, Spec.Chacha20.test_ciphertext, Spec.Chacha20.test_plaintext and Spec.Chacha20.constants mention Prims.list meaning that they cannot be type-checked by KreMLin
Warning: Spec.Chacha20.test_key, Spec.Chacha20.test_ciphertext, Spec.Chacha20.test_plaintext and Spec.Chacha20.constants mention Prims.list meaning that they cannot be type-checked by KreMLin
Warning: Spec.Chacha20.test_ciphertext, Spec.Chacha20.test_plaintext and Spec.Chacha20.constants mention Prims.list meaning that they cannot be type-checked by KreMLin
Warning: Spec.Chacha20.test_plaintext and Spec.Chacha20.constants mention Prims.list meaning that they cannot be type-checked by KreMLin
Warning: Spec.Chacha20.constants mentions Prims.list meaning that they cannot be type-checked by KreMLin
Warning 4: in top-level declaration Spec.Chacha20Poly1305.test, in file Spec_Chacha20Poly1305: Malformed input:
Type annotation is not an lid but any
Dropping Spec.Chacha20Poly1305.test (at checking time)

Warning: Spec.Chacha20Poly1305.xmac, Spec.Chacha20Poly1305.xcipher, Spec.Chacha20Poly1305.aad, Spec.Chacha20Poly1305.p, Spec.Chacha20Poly1305.n and Spec.Chacha20Poly1305.k mention Prims.list meaning that they cannot be type-checked by KreMLin
Warning: Spec.Chacha20Poly1305.xcipher, Spec.Chacha20Poly1305.aad, Spec.Chacha20Poly1305.p, Spec.Chacha20Poly1305.n and Spec.Chacha20Poly1305.k mention Prims.list meaning that they cannot be type-checked by KreMLin
Warning: Spec.Chacha20Poly1305.aad, Spec.Chacha20Poly1305.p, Spec.Chacha20Poly1305.n and Spec.Chacha20Poly1305.k mention Prims.list meaning that they cannot be type-checked by KreMLin
Warning: Spec.Chacha20Poly1305.p, Spec.Chacha20Poly1305.n and Spec.Chacha20Poly1305.k mention Prims.list meaning that they cannot be type-checked by KreMLin
Warning: Spec.Chacha20Poly1305.n and Spec.Chacha20Poly1305.k mention Prims.list meaning that they cannot be type-checked by KreMLin
Warning: Spec.Chacha20Poly1305.k mentions Prims.list meaning that they cannot be type-checked by KreMLin
Warning: Spec.Poly1305.test, Spec.Poly1305.expected, Spec.Poly1305.k and Spec.Poly1305.msg mention Prims.list meaning that they cannot be type-checked by KreMLin
Warning: Spec.Poly1305.expected, Spec.Poly1305.k and Spec.Poly1305.msg mention Prims.list meaning that they cannot be type-checked by KreMLin
Warning: Spec.Poly1305.k and Spec.Poly1305.msg mention Prims.list meaning that they cannot be type-checked by KreMLin
Warning: Spec.Poly1305.msg mentions Prims.list meaning that they cannot be type-checked by KreMLin
Warning: Spec.Poly1305.test, Spec.Poly1305.expected, Spec.Poly1305.k and Spec.Poly1305.msg mention Prims.list meaning that they cannot be type-checked by KreMLin
Warning: Spec.Poly1305.expected, Spec.Poly1305.k and Spec.Poly1305.msg mention Prims.list meaning that they cannot be type-checked by KreMLin
Warning: Spec.Poly1305.k and Spec.Poly1305.msg mention Prims.list meaning that they cannot be type-checked by KreMLin
Warning: Spec.Poly1305.msg mentions Prims.list meaning that they cannot be type-checked by KreMLin
Warning: Spec.Chacha20.test_nonce, Spec.Chacha20.test_key, Spec.Chacha20.test_ciphertext, Spec.Chacha20.test_plaintext and Spec.Chacha20.constants mention Prims.list meaning that they cannot be type-checked by KreMLin
Warning: Spec.Chacha20.test_key, Spec.Chacha20.test_ciphertext, Spec.Chacha20.test_plaintext and Spec.Chacha20.constants mention Prims.list meaning that they cannot be type-checked by KreMLin
Warning: Spec.Chacha20.test_ciphertext, Spec.Chacha20.test_plaintext and Spec.Chacha20.constants mention Prims.list meaning that they cannot be type-checked by KreMLin
Warning: Spec.Chacha20.test_plaintext and Spec.Chacha20.constants mention Prims.list meaning that they cannot be type-checked by KreMLin
Warning: Spec.Chacha20.constants mentions Prims.list meaning that they cannot be type-checked by KreMLin
Warning 4: in top-level declaration Spec.Chacha20Poly1305.test, in file Spec_Chacha20Poly1305: Malformed input:
Type annotation is not an lid but any
Dropping Spec.Chacha20Poly1305.test (at checking time)

Warning: Spec.Chacha20Poly1305.xmac, Spec.Chacha20Poly1305.xcipher, Spec.Chacha20Poly1305.aad, Spec.Chacha20Poly1305.p, Spec.Chacha20Poly1305.n and Spec.Chacha20Poly1305.k mention Prims.list meaning that they cannot be type-checked by KreMLin
Warning: Spec.Chacha20Poly1305.xcipher, Spec.Chacha20Poly1305.aad, Spec.Chacha20Poly1305.p, Spec.Chacha20Poly1305.n and Spec.Chacha20Poly1305.k mention Prims.list meaning that they cannot be type-checked by KreMLin
Warning: Spec.Chacha20Poly1305.aad, Spec.Chacha20Poly1305.p, Spec.Chacha20Poly1305.n and Spec.Chacha20Poly1305.k mention Prims.list meaning that they cannot be type-checked by KreMLin
Warning: Spec.Chacha20Poly1305.p, Spec.Chacha20Poly1305.n and Spec.Chacha20Poly1305.k mention Prims.list meaning that they cannot be type-checked by KreMLin
Warning: Spec.Chacha20Poly1305.n and Spec.Chacha20Poly1305.k mention Prims.list meaning that they cannot be type-checked by KreMLin
Warning: Spec.Chacha20Poly1305.k mentions Prims.list meaning that they cannot be type-checked by KreMLin
Warning: Spec.Curve25519.expected2, Spec.Curve25519.expected1, Spec.Curve25519.input2, Spec.Curve25519.input1, Spec.Curve25519.scalar2 and Spec.Curve25519.scalar1 mention Prims.list meaning that they cannot be type-checked by KreMLin
Warning: Spec.Curve25519.expected1, Spec.Curve25519.input2, Spec.Curve25519.input1, Spec.Curve25519.scalar2 and Spec.Curve25519.scalar1 mention Prims.list meaning that they cannot be type-checked by KreMLin
Warning: Spec.Curve25519.input2, Spec.Curve25519.input1, Spec.Curve25519.scalar2 and Spec.Curve25519.scalar1 mention Prims.list meaning that they cannot be type-checked by KreMLin
Warning: Spec.Curve25519.input1, Spec.Curve25519.scalar2 and Spec.Curve25519.scalar1 mention Prims.list meaning that they cannot be type-checked by KreMLin
Warning: Spec.Curve25519.scalar2 and Spec.Curve25519.scalar1 mention Prims.list meaning that they cannot be type-checked by KreMLin
Warning: Spec.Curve25519.scalar1 mentions Prims.list meaning that they cannot be type-checked by KreMLin
Warning 7: : After inlining, Hacl.Test.X25519.main (going into Hacl_Test_X25519) calls Hacl.EC.crypto_scalarmult (going into Curve25519) -- removing the static qualifier from Hacl.EC.crypto_scalarmult
HACLEngine.c: In function ‘Everest_create_all_the_things’:
HACLEngine.c:332:24: warning: assignment discards ‘const’ qualifier from pointer target type [-Wdiscarded-qualifiers]
hacl_chacha20_cipher = EVP_chacha20();
^
HACLEngine.c: In function ‘Wrapper_Chacha20_Cipher’:
HACLEngine.c:127:26: warning: passing argument 2 of ‘Chacha20_chacha20’ discards ‘const’ qualifier from pointer target type [-Wdiscarded-qualifiers]
Chacha20_chacha20(out, in, len, my_ctx, my_ctx + CHACHA20_KEY_SIZE, 0);
^
In file included from HACLEngine.c:23:0:
../../code/salsa-family/chacha-c/Chacha20.h:39:1: note: expected ‘uint8_t * {aka unsigned char *}’ but argument is of type ‘const unsigned char *’
Chacha20_chacha20(
^
