# Switching to the everest directory ... now in /cygdrive/c/Build/Agent/_work/30/s

[34mChecking environment
[0;10m... which found
... no suspicious bash
... 64-bit cygwin
... no suspicious cygwin packages
... all 41 cygwin packages seem to be installed
... proper mingw directory seems to be in PATH
... github.com access ok
... ocaml minimum version requirements met
... flexdll ok
... opam found
... all 14 ocamlfind packages found
... found fsc.exe
... found nmake.exe
... found ml64.exe
... fsc found in PATH
... correct z3 version detected
[35mI don't see any fstar.exe or krml in your path; add /cygdrive/c/Build/Agent/_work/30/s/FStar/bin and /cygdrive/c/Build/Agent/_work/30/s/kremlin to your PATH via ~/.bashrc? [Yn]
[0;10m[35mSkipping ~/.bashrc customization because EVEREST_CI is set
[0;10m... fstar.exe and krml in PATH
[35mFSTAR_HOME is not set... set it? [Yn]
[0;10m[35mSkipping ~/.bashrc customization because EVEREST_CI is set
[0;10m... FSTAR_HOME ok

[35mRemember to run source ~/.bashrc if it was modified!
[0;10m[34mPulling mitls-fstar
[0;10mM	.fstar_version
Your branch is up-to-date with 'origin/adl_lowlevel_merge'.
HEAD is now at 5c51659 Integrate Crypto.Config
[34mPulling Spartan
[0;10mNote: you're welcome to create symbolic links if you already have cloned the repository elsewhere
Do you want to run: try_git_clone ssh://msresearch@msresearch.visualstudio.com/DefaultCollection/Ironclad/_git/Spartan Spartan? [Yn]
[35mProceed with https? [Yn]
[0;10m[35mWarning: could not clone Spartan
[0;10m[34mPulling FStar
[0;10mM	src/parser/ml/parse.mly
Your branch is behind 'origin/c_record_aead' by 50 commits, and can be fast-forwarded.
  (use "git pull" to update your local branch)
HEAD is now at 9b55ac1 Adjust number of parameters following conversation with Bryan...
[34mPulling hacl-star
[0;10mYour branch is up-to-date with 'origin/jk_low_level_crypto'.
HEAD is now at 8b81fac poly1305 in rust: very incomplete
[34mPulling kremlin
[0;10mYour branch is up-to-date with 'origin/master'.
HEAD is now at 8d7aea4 Updated syntax
[35mexported FSTAR_HOME=C:/Build/Agent/_work/30/s/FStar
[0;10m[34mRebuilding FStar
[0;10mmake: Entering directory '/cygdrive/c/Build/Agent/_work/30/s/FStar/src/ocaml-output'
make -j 1 -C ../../lib/ml
make[1]: Entering directory '/cygdrive/c/Build/Agent/_work/30/s/FStar/src/ocaml-output'
ocamlfind ocamlopt -a MkPrims.cmx ./prims.cmx FStar_ST.cmx FStar_Float.cmx FStar_Char.cmx FStar_Int8.cmx FStar_UInt8.cmx FStar_Int16.cmx FStar_UInt16.cmx FStar_Int32.cmx FStar_Int64.cmx FStar_BaseTypes.cmx FStar_All.cmx FStar_IO.cmx FStar_Heap.cmx FStar_List.cmx FStar_Option.cmx FStar_String.cmx FStar_Set.cmx -o fstarlib.cmxa
make[1]: Leaving directory '/cygdrive/c/Build/Agent/_work/30/s/FStar/lib/ml'
make prep
make[1]: Entering directory '/cygdrive/c/Build/Agent/_work/30/s/FStar/src/ocaml-output'
cp ../parser/parse.mly ./parse.mly
cp ../basic/ml/FStar_Util.ml ../basic/ml/FStar_Bytes.ml ../basic/ml/FStar_Getopt.ml ../basic/ml/FStar_Range.ml ../basic/ml/FStar_Platform.ml ../basic/ml/FStar_Unionfind.ml ../parser/ml/FStar_Parser_Util.ml ../fstar/ml/main.ml .
#menhir  parse.mly
menhir  --only-preprocess-for-ocamlyacc parse.mly > parse.preprocessed.mly
mv parse.preprocessed.mly parse.mly
echo 'let version = "0.9.3.0-beta1"' > FStar_Version.ml
# TODO : Remove the 2 next line as soon as positions are fixed
echo 'let platform = "Windows_x64"' >> FStar_Version.ml
ocamlyacc parse.mly 2>&1
echo 'let compiler = "OCaml 4.02.3"' >> FStar_Version.ml
echo 'let date = "2016-12-08T10:51:15-08:00"' >> FStar_Version.ml
echo 'let commit= "9b55ac1"' >> FStar_Version.ml
6 shift/reduce conflicts.
cp parse.mly ../parser/ml/
make fsharp-parser
make[2]: Entering directory '/cygdrive/c/Build/Agent/_work/30/s/FStar/src/ocaml-output'
rm -f parse.preprocessed.fsy
echo "%{" > parse.preprocessed.fsy
echo "#light \"off\"" >> parse.preprocessed.fsy
echo "// (c) Microsoft Corporation. All rights reserved" >> parse.preprocessed.fsy
echo "open Prims" >> parse.preprocessed.fsy
echo "open FStar.List" >> parse.preprocessed.fsy
echo "open FStar.Util" >> parse.preprocessed.fsy
echo "open FStar.Range" >> parse.preprocessed.fsy
echo "open FStar.Options" >> parse.preprocessed.fsy
echo "open FStar.Absyn.Syntax" >> parse.preprocessed.fsy
echo "open FStar.Absyn.Const" >> parse.preprocessed.fsy
echo "open FStar.Absyn.Util" >> parse.preprocessed.fsy
echo "open FStar.Parser.AST" >> parse.preprocessed.fsy
echo "open FStar.Parser.Util" >> parse.preprocessed.fsy
echo "open FStar.Const" >> parse.preprocessed.fsy
echo "open FStar.Ident" >> parse.preprocessed.fsy
echo "open FStar.String" >> parse.preprocessed.fsy
cat parse.mly | sed -e '/%{/d' \
										-e '/^open /d' \
										-e '/%token/s/[a-zA-Z0-9_]*\.//g' \
										-e '/%type/s/[a-zA-Z0-9_]*\.//g' \
										-e '/%token.*->.*/d' \
										-e '/%type.*->.*/d' \
										>> parse.preprocessed.fsy
mv parse.preprocessed.fsy ../parser/parse.fsy
make[2]: Leaving directory '/cygdrive/c/Build/Agent/_work/30/s/FStar/src/ocaml-output'
rm -f FStar_Parser_Parse.ml
# We are opening the same module twice but we need these modules
# open for the definition of tokens
echo "open Prims" > FStar_Parser_Parse.ml
echo "open FStar_List" >> FStar_Parser_Parse.ml
echo "open FStar_Util" >> FStar_Parser_Parse.ml
echo "open FStar_Range" >> FStar_Parser_Parse.ml
echo "open FStar_Options" >> FStar_Parser_Parse.ml
echo "open FStar_Absyn_Syntax" >> FStar_Parser_Parse.ml
echo "open FStar_Absyn_Const" >> FStar_Parser_Parse.ml
echo "open FStar_Absyn_Util" >> FStar_Parser_Parse.ml
echo "open FStar_Parser_AST" >> FStar_Parser_Parse.ml
echo "open FStar_Parser_Util" >> FStar_Parser_Parse.ml
echo "open FStar_Const" >> FStar_Parser_Parse.ml
echo "open FStar_Ident" >> FStar_Parser_Parse.ml
echo "open FStar_String" >> FStar_Parser_Parse.ml
cat parse.ml >> FStar_Parser_Parse.ml
ocamllex ../parser/ml/lex.mll -o FStar_Parser_LexFStar.ml
230 states, 6088 transitions, table size 25732 bytes
2434 additional bytes used for bindings
cp ../parser/ml/parseit.ml FStar_Parser_ParseIt.ml
make[1]: Leaving directory '/cygdrive/c/Build/Agent/_work/30/s/FStar/src/ocaml-output'
make depend
make[1]: Entering directory '/cygdrive/c/Build/Agent/_work/30/s/FStar/src/ocaml-output'
ocamldep *.ml > .depend
make[1]: Leaving directory '/cygdrive/c/Build/Agent/_work/30/s/FStar/src/ocaml-output'
make fstar.exe
make[1]: Entering directory '/cygdrive/c/Build/Agent/_work/30/s/FStar/src/ocaml-output'
ocamlfind ocamlopt -thread -package batteries,zarith,yojson -linkpkg -g -w "-28-26-11-21" -annot -I ../../lib/ml/  -w -8   -c FStar_Util.ml
ocamlfind ocamlopt -thread -package batteries,zarith,yojson -linkpkg -g -w "-28-26-11-21" -annot -I ../../lib/ml/  -w -8   -c FStar_Getopt.ml
ocamlfind ocamlopt -thread -package batteries,zarith,yojson -linkpkg -g -w "-28-26-11-21" -annot -I ../../lib/ml/  -w -8   -c FStar_Platform.ml
ocamlfind ocamlopt -thread -package batteries,zarith,yojson -linkpkg -g -w "-28-26-11-21" -annot -I ../../lib/ml/  -w -8   -c FStar_Unionfind.ml
ocamlfind ocamlopt -thread -package batteries,zarith,yojson -linkpkg -g -w "-28-26-11-21" -annot -I ../../lib/ml/  -w -8   -c FStar_Version.ml
ocamlfind ocamlopt -thread -package batteries,zarith,yojson -linkpkg -g -w "-28-26-11-21" -annot -I ../../lib/ml/  -w -8   -c FStar_Bytes.ml
ocamlfind ocamlopt -thread -package batteries,zarith,yojson -linkpkg -g -w "-28-26-11-21" -annot -I ../../lib/ml/  -w -8   -c FStar_Range.ml
ocamlfind ocamlopt -thread -package batteries,zarith,yojson -linkpkg -g -w "-28-26-11-21" -annot -I ../../lib/ml/  -w -8   -c FStar_Options.ml
ocamlfind ocamlopt -thread -package batteries,zarith,yojson -linkpkg -g -w "-28-26-11-21" -annot -I ../../lib/ml/  -w -8   -c FStar_Parser_Util.ml
ocamlfind ocamlopt -thread -package batteries,zarith,yojson -linkpkg -g -w "-28-26-11-21" -annot -I ../../lib/ml/  -w -8   -c FStar_Ident.ml
ocamlfind ocamlopt -thread -package batteries,zarith,yojson -linkpkg -g -w "-28-26-11-21" -annot -I ../../lib/ml/  -w -8   -c FStar_Const.ml
ocamlfind ocamlopt -thread -package batteries,zarith,yojson -linkpkg -g -w "-28-26-11-21" -annot -I ../../lib/ml/  -w -8   -c FStar_Absyn_Syntax.ml
ocamlfind ocamlopt -thread -package batteries,zarith,yojson -linkpkg -g -w "-28-26-11-21" -annot -I ../../lib/ml/  -w -8   -c FStar_Syntax_Syntax.ml
ocamlfind ocamlopt -thread -package batteries,zarith,yojson -linkpkg -g -w "-28-26-11-21" -annot -I ../../lib/ml/  -w -8   -c FStar_Absyn_Const.ml
ocamlfind ocamlopt -thread -package batteries,zarith,yojson -linkpkg -g -w "-28-26-11-21" -annot -I ../../lib/ml/  -w -8   -c FStar_Absyn_Visit.ml
ocamlfind ocamlopt -thread -package batteries,zarith,yojson -linkpkg -g -w "-28-26-11-21" -annot -I ../../lib/ml/  -w -8   -c FStar_ToSMT_Term.ml
ocamlfind ocamlopt -thread -package batteries,zarith,yojson -linkpkg -g -w "-28-26-11-21" -annot -I ../../lib/ml/  -w -8   -c FStar_Syntax_Const.ml
ocamlfind ocamlopt -thread -package batteries,zarith,yojson -linkpkg -g -w "-28-26-11-21" -annot -I ../../lib/ml/  -w -8   -c FStar_Syntax_Subst.ml
ocamlfind ocamlopt -thread -package batteries,zarith,yojson -linkpkg -g -w "-28-26-11-21" -annot -I ../../lib/ml/  -w -8   -c FStar_Extraction_ML_Syntax.ml
ocamlfind ocamlopt -thread -package batteries,zarith,yojson -linkpkg -g -w "-28-26-11-21" -annot -I ../../lib/ml/  -w -8   -c FStar_SMTEncoding_Term.ml
ocamlfind ocamlopt -thread -package batteries,zarith,yojson -linkpkg -g -w "-28-26-11-21" -annot -I ../../lib/ml/  -w -8   -c FStar_Absyn_Util.ml
ocamlfind ocamlopt -thread -package batteries,zarith,yojson -linkpkg -g -w "-28-26-11-21" -annot -I ../../lib/ml/  -w -8   -c FStar_SMTEncoding_Util.ml
ocamlfind ocamlopt -thread -package batteries,zarith,yojson -linkpkg -g -w "-28-26-11-21" -annot -I ../../lib/ml/  -w -8   -c FStar_Syntax_Free.ml
ocamlfind ocamlopt -thread -package batteries,zarith,yojson -linkpkg -g -w "-28-26-11-21" -annot -I ../../lib/ml/  -w -8   -c FStar_Syntax_InstFV.ml
ocamlfind ocamlopt -thread -package batteries,zarith,yojson -linkpkg -g -w "-28-26-11-21" -annot -I ../../lib/ml/  -w -8   -c FStar_ToSMT_SplitQueryCases.ml
ocamlfind ocamlopt -thread -package batteries,zarith,yojson -linkpkg -g -w "-28-26-11-21" -annot -I ../../lib/ml/  -w -8   -c FStar_SMTEncoding_SplitQueryCases.ml
ocamlfind ocamlopt -thread -package batteries,zarith,yojson -linkpkg -g -w "-28-26-11-21" -annot -I ../../lib/ml/  -w -8   -c FStar_Syntax_Util.ml
ocamlfind ocamlopt -thread -package batteries,zarith,yojson -linkpkg -g -w "-28-26-11-21" -annot -I ../../lib/ml/  -w -8   -c FStar_Absyn_Print.ml
ocamlfind ocamlopt -thread -package batteries,zarith,yojson -linkpkg -g -w "-28-26-11-21" -annot -I ../../lib/ml/  -w -8   -c FStar_Syntax_Print.ml
ocamlfind ocamlopt -thread -package batteries,zarith,yojson -linkpkg -g -w "-28-26-11-21" -annot -I ../../lib/ml/  -w -8   -c FStar_TypeChecker_Common.ml
ocamlfind ocamlopt -thread -package batteries,zarith,yojson -linkpkg -g -w "-28-26-11-21" -annot -I ../../lib/ml/  -w -8   -c FStar_Tc_Env.ml
ocamlfind ocamlopt -thread -package batteries,zarith,yojson -linkpkg -g -w "-28-26-11-21" -annot -I ../../lib/ml/  -w -8   -c FStar_Tc_Recheck.ml
ocamlfind ocamlopt -thread -package batteries,zarith,yojson -linkpkg -g -w "-28-26-11-21" -annot -I ../../lib/ml/  -w -8   -c FStar_TypeChecker_Env.ml
ocamlfind ocamlopt -thread -package batteries,zarith,yojson -linkpkg -g -w "-28-26-11-21" -annot -I ../../lib/ml/  -w -8   -c FStar_Parser_Env.ml
ocamlfind ocamlopt -thread -package batteries,zarith,yojson -linkpkg -g -w "-28-26-11-21" -annot -I ../../lib/ml/  -w -8   -c FStar_Tc_Normalize.ml
ocamlfind ocamlopt -thread -package batteries,zarith,yojson -linkpkg -g -w "-28-26-11-21" -annot -I ../../lib/ml/  -w -8   -c FStar_Extraction_ML_Env.ml
ocamlfind ocamlopt -thread -package batteries,zarith,yojson -linkpkg -g -w "-28-26-11-21" -annot -I ../../lib/ml/  -w -8   -c FStar_TypeChecker_Normalize.ml
ocamlfind ocamlopt -thread -package batteries,zarith,yojson -linkpkg -g -w "-28-26-11-21" -annot -I ../../lib/ml/  -w -8   -c FStar_Extraction_ML_UEnv.ml
ocamlfind ocamlopt -thread -package batteries,zarith,yojson -linkpkg -g -w "-28-26-11-21" -annot -I ../../lib/ml/  -w -8   -c FStar_Extraction_ML_Util.ml
ocamlfind ocamlopt -thread -package batteries,zarith,yojson -linkpkg -g -w "-28-26-11-21" -annot -I ../../lib/ml/  -w -8   -c FStar_Tc_Errors.ml
ocamlfind ocamlopt -thread -package batteries,zarith,yojson -linkpkg -g -w "-28-26-11-21" -annot -I ../../lib/ml/  -w -8   -c FStar_Extraction_ML_Code.ml
ocamlfind ocamlopt -thread -package batteries,zarith,yojson -linkpkg -g -w "-28-26-11-21" -annot -I ../../lib/ml/  -w -8   -c FStar_Extraction_ML_ExtractTyp.ml
ocamlfind ocamlopt -thread -package batteries,zarith,yojson -linkpkg -g -w "-28-26-11-21" -annot -I ../../lib/ml/  -w -8   -c FStar_Tc_Rel.ml
ocamlfind ocamlopt -thread -package batteries,zarith,yojson -linkpkg -g -w "-28-26-11-21" -annot -I ../../lib/ml/  -w -8   -c FStar_ToSMT_Z3.ml
ocamlfind ocamlopt -thread -package batteries,zarith,yojson -linkpkg -g -w "-28-26-11-21" -annot -I ../../lib/ml/  -w -8   -c FStar_Parser_AST.ml
ocamlfind ocamlopt -thread -package batteries,zarith,yojson -linkpkg -g -w "-28-26-11-21" -annot -I ../../lib/ml/  -w -8   -c FStar_TypeChecker_Errors.ml
ocamlfind ocamlopt -thread -package batteries,zarith,yojson -linkpkg -g -w "-28-26-11-21" -annot -I ../../lib/ml/  -w -8   -c FStar_TypeChecker_Rel.ml
ocamlfind ocamlopt -thread -package batteries,zarith,yojson -linkpkg -g -w "-28-26-11-21" -annot -I ../../lib/ml/  -w -8   -c FStar_SMTEncoding_Z3.ml
ocamlfind ocamlopt -thread -package batteries,zarith,yojson -linkpkg -g -w "-28-26-11-21" -annot -I ../../lib/ml/  -w -8   -c FStar_Extraction_ML_ExtractExp.ml
ocamlfind ocamlopt -thread -package batteries,zarith,yojson -linkpkg -g -w "-28-26-11-21" -annot -I ../../lib/ml/  -w -8   -c FStar_Extraction_Kremlin.ml
ocamlfind ocamlopt -thread -package batteries,zarith,yojson -linkpkg -g -w "-28-26-11-21" -annot -I ../../lib/ml/  -w -8   -c FStar_Parser_DesugarEnv.ml
ocamlfind ocamlopt -thread -package batteries,zarith,yojson -linkpkg -g -w "-28-26-11-21" -annot -I ../../lib/ml/  -w -8   -c FStar_Parser_Interleave.ml
ocamlfind ocamlopt -thread -package batteries,zarith,yojson -linkpkg -g -w "-28-26-11-21" -annot -I ../../lib/ml/  -w -8   -c FStar_Parser_ToSyntax.ml
ocamlfind ocamlopt -thread -package batteries,zarith,yojson -linkpkg -g -w "-28-26-11-21" -annot -I ../../lib/ml/  -w -8   -c FStar_Parser_Parse.ml
ocamlfind ocamlopt -thread -package batteries,zarith,yojson -linkpkg -g -w "-28-26-11-21" -annot -I ../../lib/ml/  -w -8   -c FStar_SMTEncoding_ErrorReporting.ml
ocamlfind ocamlopt -thread -package batteries,zarith,yojson -linkpkg -g -w "-28-26-11-21" -annot -I ../../lib/ml/  -w -8   -c FStar_Parser_Desugar.ml
ocamlfind ocamlopt -thread -package batteries,zarith,yojson -linkpkg -g -w "-28-26-11-21" -annot -I ../../lib/ml/  -w -8   -c FStar_Extraction_ML_ExtractMod.ml
ocamlfind ocamlopt -thread -package batteries,zarith,yojson -linkpkg -g -w "-28-26-11-21" -annot -I ../../lib/ml/  -w -8   -c FStar_Tc_Util.ml
ocamlfind ocamlopt -thread -package batteries,zarith,yojson -linkpkg -g -w "-28-26-11-21" -annot -I ../../lib/ml/  -w -8   -c FStar_Parser_Lexhelp.ml
ocamlfind ocamlopt -thread -package batteries,zarith,yojson -linkpkg -g -w "-28-26-11-21" -annot -I ../../lib/ml/  -w -8   -c FStar_Parser_LexFStar.ml
ocamlfind ocamlopt -thread -package batteries,zarith,yojson -linkpkg -g -w "-28-26-11-21" -annot -I ../../lib/ml/  -w -8   -c FStar_TypeChecker_Util.ml
ocamlfind ocamlopt -thread -package batteries,zarith,yojson -linkpkg -g -w "-28-26-11-21" -annot -I ../../lib/ml/  -w -8   -c FStar_Parser_ParseIt.ml
ocamlfind ocamlopt -thread -package batteries,zarith,yojson -linkpkg -g -w "-28-26-11-21" -annot -I ../../lib/ml/  -w -8   -c FStar_Parser_Driver.ml
ocamlfind ocamlopt -thread -package batteries,zarith,yojson -linkpkg -g -w "-28-26-11-21" -annot -I ../../lib/ml/  -w -8   -c FStar_Tc_Tc.ml
ocamlfind ocamlopt -thread -package batteries,zarith,yojson -linkpkg -g -w "-28-26-11-21" -annot -I ../../lib/ml/  -w -8   -c FStar_ToSMT_Encode.ml
ocamlfind ocamlopt -thread -package batteries,zarith,yojson -linkpkg -g -w "-28-26-11-21" -annot -I ../../lib/ml/  -w -8   -c FStar_Parser_Dep.ml
ocamlfind ocamlopt -thread -package batteries,zarith,yojson -linkpkg -g -w "-28-26-11-21" -annot -I ../../lib/ml/  -w -8   -c FStar_Fsdoc_Generator.ml
ocamlfind ocamlopt -thread -package batteries,zarith,yojson -linkpkg -g -w "-28-26-11-21" -annot -I ../../lib/ml/  -w -8   -c FStar_TypeChecker_DMFF.ml
ocamlfind ocamlopt -thread -package batteries,zarith,yojson -linkpkg -g -w "-28-26-11-21" -annot -I ../../lib/ml/  -w -8   -c FStar_TypeChecker_TcTerm.ml
ocamlfind ocamlopt -thread -package batteries,zarith,yojson -linkpkg -g -w "-28-26-11-21" -annot -I ../../lib/ml/  -w -8   -c FStar_SMTEncoding_Encode.ml
ocamlfind ocamlopt -thread -package batteries,zarith,yojson -linkpkg -g -w "-28-26-11-21" -annot -I ../../lib/ml/  -w -8   -c FStar_Dependences.ml
ocamlfind ocamlopt -thread -package batteries,zarith,yojson -linkpkg -g -w "-28-26-11-21" -annot -I ../../lib/ml/  -w -8   -c FStar_TypeChecker_Tc.ml
ocamlfind ocamlopt -thread -package batteries,zarith,yojson -linkpkg -g -w "-28-26-11-21" -annot -I ../../lib/ml/  -w -8   -c FStar_Extraction_ML_Term.ml
ocamlfind ocamlopt -thread -package batteries,zarith,yojson -linkpkg -g -w "-28-26-11-21" -annot -I ../../lib/ml/  -w -8   -c FStar_SMTEncoding_Solver.ml
ocamlfind ocamlopt -thread -package batteries,zarith,yojson -linkpkg -g -w "-28-26-11-21" -annot -I ../../lib/ml/  -w -8   -c FStar_Extraction_ML_Modul.ml
ocamlfind ocamlopt -thread -package batteries,zarith,yojson -linkpkg -g -w "-28-26-11-21" -annot -I ../../lib/ml/  -w -8   -c FStar_Interactive.ml
ocamlfind ocamlopt -thread -package batteries,zarith,yojson -linkpkg -g -w "-28-26-11-21" -annot -I ../../lib/ml/  -w -8   -c FStar_Stratified.ml
ocamlfind ocamlopt -thread -package batteries,zarith,yojson -linkpkg -g -w "-28-26-11-21" -annot -I ../../lib/ml/  -w -8   -c FStar_Universal.ml
ocamlfind ocamlopt -thread -package batteries,zarith,yojson -linkpkg -g -w "-28-26-11-21" -annot -I ../../lib/ml/  -w -8   -c FStar_FStar.ml
ocamlfind ocamlopt -thread -package batteries,zarith,yojson -linkpkg -g -w "-28-26-11-21" -annot -I ../../lib/ml/  -w -8   ../../lib/ml/fstarlib.cmxa -o fstar.exe FStar_Util.cmx FStar_Bytes.cmx FStar_Getopt.cmx FStar_Range.cmx FStar_Platform.cmx FStar_Unionfind.cmx FStar_Parser_Util.cmx FStar_Version.cmx FStar_Options.cmx FStar_Ident.cmx FStar_Const.cmx FStar_Absyn_Syntax.cmx FStar_Absyn_Const.cmx FStar_Absyn_Visit.cmx FStar_Absyn_Util.cmx FStar_Absyn_Print.cmx FStar_Syntax_Syntax.cmx FStar_Syntax_Const.cmx FStar_Syntax_Subst.cmx FStar_Syntax_Free.cmx FStar_Syntax_InstFV.cmx FStar_Syntax_Util.cmx FStar_Syntax_Print.cmx FStar_Tc_Env.cmx FStar_Tc_Recheck.cmx FStar_Tc_Normalize.cmx FStar_Tc_Errors.cmx FStar_Tc_Rel.cmx FStar_Tc_Util.cmx FStar_Tc_Tc.cmx FStar_ToSMT_Term.cmx FStar_ToSMT_Z3.cmx FStar_ToSMT_SplitQueryCases.cmx FStar_ToSMT_Encode.cmx FStar_Format.cmx FStar_TypeChecker_Common.cmx FStar_TypeChecker_Env.cmx FStar_TypeChecker_Normalize.cmx FStar_TypeChecker_Errors.cmx FStar_TypeChecker_Rel.cmx FStar_TypeChecker_Util.cmx FStar_TypeChecker_DMFF.cmx FStar_TypeChecker_TcTerm.cmx FStar_TypeChecker_Tc.cmx FStar_Parser_AST.cmx FStar_Parser_DesugarEnv.cmx FStar_Parser_Desugar.cmx FStar_Parser_Env.cmx FStar_Parser_Interleave.cmx FStar_Parser_ToSyntax.cmx FStar_Parser_Parse.cmx FStar_Parser_Lexhelp.cmx FStar_Parser_LexFStar.cmx FStar_Parser_ParseIt.cmx FStar_Parser_Driver.cmx FStar_Parser_Dep.cmx FStar_Extraction_ML_Syntax.cmx FStar_Extraction_ML_Env.cmx FStar_Extraction_ML_UEnv.cmx FStar_Extraction_ML_Util.cmx FStar_Extraction_ML_Code.cmx FStar_Extraction_ML_ExtractTyp.cmx FStar_Extraction_ML_ExtractExp.cmx FStar_Extraction_ML_ExtractMod.cmx FStar_Extraction_ML_Term.cmx FStar_Extraction_ML_Modul.cmx FStar_Extraction_Kremlin.cmx FStar_Fsdoc_Generator.cmx FStar_SMTEncoding_Term.cmx FStar_SMTEncoding_Util.cmx FStar_SMTEncoding_Z3.cmx FStar_SMTEncoding_SplitQueryCases.cmx FStar_SMTEncoding_ErrorReporting.cmx FStar_SMTEncoding_Encode.cmx FStar_SMTEncoding_Solver.cmx FStar_Dependences.cmx FStar_Interactive.cmx FStar_Stratified.cmx FStar_Universal.cmx FStar_FStar.cmx main.ml
cp fstar.exe ../../bin/fstar.exe
make[1]: Leaving directory '/cygdrive/c/Build/Agent/_work/30/s/FStar/src/ocaml-output'
make: Leaving directory '/cygdrive/c/Build/Agent/_work/30/s/FStar/src/ocaml-output'

[34mRebuilding KreMLin
[0;10mmake: Entering directory '/cygdrive/c/Build/Agent/_work/30/s/kremlin'
ocamlbuild -I src -I lib -I parser -use-menhir -use-ocamlfind -classic-display Kremlin.native Tests.native
''ocamlfind ocamldep -package ppx_deriving.std -package ppx_deriving_yojson -package zarith -package pprint -package unix -package menhirLib -package ulex -package process -package fix -package wasm -modules src/Kremlin.ml > src/Kremlin.ml.depends
Exit code 2 while executing this command:
  ''ocamlfind ocamldep -package ppx_deriving.std -package ppx_deriving_yojson -package zarith -package pprint -package unix -package menhirLib -package ulex -package process -package fix -package wasm -modules src/Kremlin.ml > src/Kremlin.ml.depends
make: Leaving directory '/cygdrive/c/Build/Agent/_work/30/s/kremlin'

[35mWarning: no Spartan...
[0;10m
[34mRebuilding FStar / CoreCrypto
[0;10mmake: Entering directory '/cygdrive/c/Build/Agent/_work/30/s/FStar/ucontrib/CoreCrypto/ml'
make: Nothing to be done for 'all'.
make: Leaving directory '/cygdrive/c/Build/Agent/_work/30/s/FStar/ucontrib/CoreCrypto/ml'

[34mBuilding mixed C/ASM Crypto
[0;10mmake: Entering directory '/cygdrive/c/Build/Agent/_work/30/s/FStar/examples/low-level'
../../../kremlin/krml -verbose -ccopt -maes -ccopt -Wno-error=pointer-sign  -I spartan_aes -I crypto -I ../../../kremlin/kremlib -I ../../../kremlin/test crypto/spartan/Crypto.Config.fst crypto/real/Flag.fst \
	spartan_aes/aes.o crypto/spartan_stub.c \
       	crypto/Crypto.KrmlTest.fst -no-prefix Crypto.KrmlTest \
       	../../../kremlin/test/testlib.c crypto/test_hacks.c \
	-tmpdir tmp -add-include '"testlib.h"' -o krml-test.exe
make: Leaving directory '/cygdrive/c/Build/Agent/_work/30/s/FStar/examples/low-level'

[34mRebuilding miTLS
[0;10mmake: Entering directory '/cygdrive/c/Build/Agent/_work/30/s/mitls-fstar/src/tls'
C:/Build/Agent/_work/30/s/FStar/bin/fstar.exe --version | grep ^commit | sed 's/commit=\([^ ]*\).*/\1/' > ../../.fstar_version
mkdir -p output
# Build ../../libs/ffi/FFICallbacks.cmxa
make -C ../../libs/ffi
make[1]: Entering directory '/cygdrive/c/Build/Agent/_work/30/s/mitls-fstar/libs/ffi'
make[1]: Nothing to be done for 'all'.
make[1]: Leaving directory '/cygdrive/c/Build/Agent/_work/30/s/mitls-fstar/libs/ffi'
C:/Build/Agent/_work/30/s/FStar/bin/fstar.exe --fstar_home C:/Build/Agent/_work/30/s/FStar  --include C:/Build/Agent/_work/30/s/FStar/examples/low-level/crypto/spartan \
  --no_location_info --lax --codegen OCaml --__temp_no_proj TLSExtensions \
  --__temp_no_proj FStar.Heap --odir output --no_extract FStar.All --no_extract FStar.List --no_extract FStar.Heap --no_extract FStar.Set --no_extract FStar.Map --no_extract FStar.ST --no_extract FStar.HyperHeap --no_extract FStar.HyperStack --no_extract FStar.IO --no_extract Platform.Bytes --no_extract Platform.Date --no_extract Platform.Error --no_extract Platform.Tcp --no_extract SessionDB --no_extract DB --no_extract DHDB --no_extract CoreCrypto --no_extract LowCProvider --no_extract FFICallbacks \
  --codegen-lib CoreCrypto --codegen-lib LowCProvider --codegen-lib Platform --codegen-lib Classical --codegen-lib SeqProperties --codegen-lib HyperHeap --codegen-lib HyperStack --codegen-lib FFICallbacks \
  --include C:/Build/Agent/_work/30/s/FStar/ucontrib/CoreCrypto/fst/ --include C:/Build/Agent/_work/30/s/FStar/ucontrib/Platform/fst/ --include C:/Build/Agent/_work/30/s/FStar/examples/low-level/crypto/real --include C:/Build/Agent/_work/30/s/FStar/examples/low-level/LowCProvider/fst --include C:/Build/Agent/_work/30/s/FStar/examples/low-level/crypto --include ../../libs/ffi --include C:/Build/Agent/_work/30/s/FStar/ulib/hyperstack \
  --include concrete-flags \
  Flags.fst MonotoneMap.fst TLSError.fst TLSConstants.fst Transport.fst Nonce.fst RSAKey.fst DHGroup.fst ECGroup.fst CommonDH.fst PMS.fst Hashing.fst HashMAC.fst Cert.fst Signature.fst PSK.fst TLSInfo.fst IdNonce.fst TLSExtensions.fst Buffer.Utils.fst Crypto.Symmetric.Bytes.fst Crypto.Config.fst Crypto.Indexing.fst Flag.fst Spartan.fst Crypto.Symmetric.AES.fst Crypto.Symmetric.AES128.fst Crypto.Symmetric.Chacha20.fst Crypto.Symmetric.Cipher.fst Crypto.Symmetric.Poly1305.Bigint.fst Crypto.Symmetric.Poly1305.Bignum.Lemmas.Part1.fst Crypto.Symmetric.Poly1305.Bignum.Lemmas.Part2.fst Crypto.Symmetric.Poly1305.Bignum.Lemmas.Part3.fst Crypto.Symmetric.Poly1305.Bignum.Lemmas.Part4.fst Crypto.Symmetric.Poly1305.Bignum.Lemmas.Part5.fst Crypto.Symmetric.Poly1305.Bignum.Lemmas.Part6.fst Crypto.Symmetric.Poly1305.Bignum.fst Crypto.Symmetric.Poly1305.Spec.fst Crypto.Symmetric.Poly1305.fst Crypto.Symmetric.GF128.Spec.fst Crypto.Symmetric.GF128.fst Crypto.Symmetric.MAC.fst Crypto.Symmetric.UF1CMA.fst Crypto.Plain.fst Crypto.Symmetric.PRF.fst Crypto.AEAD.Encoding.fst Crypto.AEAD.Invariant.fst Crypto.AEAD.Lemmas.fst Crypto.AEAD.Lemmas.Part2.fst Crypto.AEAD.Lemmas.Part3.fst Crypto.AEAD.Wrappers.fst Crypto.AEAD.fst AEADOpenssl.fst AEADProvider.fst Range.fst DataStream.fst Alert.fst Content.fst StreamPlain.fst StatefulPlain.fst LHAEPlain.fst StreamAE.fst AEAD_GCM.fst MAC.fst Encode.fst StatefulLHAE.fst ENC.fst HandshakeMessages.fst StAE.fst StreamDeltas.fst Record.fst HKDF.fst TLSPRF.fst MasterSecret.fst HandshakeLog.fst Negotiation.fst Epochs.fst KeySchedule.fst Handshake.fst Connection.fst ConnInvariant.fst TLS.fst FFI.fst test/TestRecord.fst test/TestDH.fst test/TestGCM.fst test/TestHandshake.fst test/TestFFI.fst test/TestAPI.fst 
.\KeySchedule.fst(527,4-527,30): Warning: Admitting ks_server_13_1rtt_psk_init without a definition
Extracting module Mul
Extracting module Squash
Extracting module StrongExcludedMiddle
Extracting module Tot
Extracting module Classical
Extracting module ListProperties
Extracting module Seq
Extracting module SeqProperties
Extracting module Lib
Extracting module Lemmas
Extracting module BitVector
Extracting module UInt
Extracting module UInt32
Extracting module Int
Extracting module Int16
Extracting module FunctionalExtensionality
Extracting module PropositionalExtensionality
Extracting module PredicateExtensionality
Extracting module TSet
Extracting module Ghost
Extracting module Flags
Extracting module RRef
Extracting module MonotoneMap
Extracting module TLSError
Extracting module TLSConstants
Extracting module Nonce
Extracting module Hashing
Extracting module ECGroup
Extracting module Cert
Extracting module DHGroup
Extracting module CommonDH
Extracting module Config
Extracting module PSK
Extracting module RSAKey
Extracting module PMS
Extracting module TLSInfo
Extracting module Indexing
Extracting module Flag
Extracting module Buffer
Extracting module UInt8
Extracting module Int64
Extracting module Int63
Extracting module Int32
Extracting module Int8
Extracting module UInt64
Extracting module UInt128
Extracting module UInt63
Extracting module UInt16
Extracting module Cast
Extracting module Utils
Extracting module Bytes
Extracting module Chacha20
Extracting module AES
Extracting module Spartan
Extracting module AES128
Extracting module Bytes
Extracting module Cipher
Extracting module Parameters
Extracting module Bigint
Extracting module Lemmas
Extracting module Spec
Extracting module Part1
Extracting module Part2
Extracting module Part3
Extracting module Part4
Extracting module Part5
Extracting module Quantifiers
Extracting module Part6
Extracting module Bignum
Extracting module Poly1305
Extracting module Spec
Extracting module GF128
Extracting module MAC
Extracting module UF1CMA
Extracting module Plain
Extracting module PRF
Extracting module Encoding
Extracting module Invariant
Extracting module AEADOpenssl
Extracting module BufferUtils
Extracting module Lemmas
Extracting module Part2
Extracting module Part3
Extracting module Wrappers
Extracting module AEAD
Extracting module AEADProvider
Extracting module Range
Extracting module TLSExtensions
Extracting module HandshakeMessages
Extracting module HandshakeLog
Extracting module IdNonce
Extracting module Seq
Extracting module Signature
Extracting module HashMAC
Extracting module TLSPRF
Extracting module DataStream
Extracting module Alert
Extracting module Content
Extracting module StreamPlain
Extracting module StreamAE
Extracting module StatefulPlain
Extracting module LHAEPlain
Extracting module AEAD_GCM
Extracting module StatefulLHAE
Extracting module StAE
Extracting module Negotiation
Extracting module Epochs
Extracting module HKDF
Extracting module KeySchedule
Extracting module Handshake
Extracting module MAC
Extracting module Encode
Extracting module ENC
Extracting module TestRecord
Extracting module Transport
Extracting module Connection
Extracting module Record
Extracting module StreamDeltas
Extracting module TLS
Extracting module FFI
Extracting module TestFFI
Extracting module TestAPI
Extracting module TestDH
Extracting module TestGCM
Extracting module MasterSecret
Extracting module ConnInvariant
Extracting module TestHandshake
All verification conditions discharged successfully
# Note (JP): the Makefile seems incorrect and we need to run make clean
# first
make -C C:/Build/Agent/_work/30/s/FStar/ulib/ml clean
make[1]: Entering directory '/cygdrive/c/Build/Agent/_work/30/s/FStar/ulib/ml'
rm -f *.cmi *.cmo *.cmx *.exe *.o *.a *.cmxa *~ FStar_ST.cmx FStar_All.cmx FStar_ST.cmi FStar_All.cmi FStar_ST.o FStar_All.o
rm -f ./extracted/*
rm -f hyperstack/*.o hyperstack/*.cm*
make[1]: Leaving directory '/cygdrive/c/Build/Agent/_work/30/s/FStar/ulib/ml'
# Builds everything against prims, setting MEM=HST
make -C C:/Build/Agent/_work/30/s/FStar/ulib/ml MEM=HST
make[1]: Entering directory '/cygdrive/c/Build/Agent/_work/30/s/FStar/ulib/ml'
make -C .. mgen
make[2]: Entering directory '/cygdrive/c/Build/Agent/_work/30/s/FStar/ulib/ml'
mkdir -p ml/extracted
/cygdrive/c/Build/Agent/_work/30/s/FStar/bin/fstar.exe  --use_hints --lax --codegen OCaml --odir ml/extracted FStar.Set.fst FStar.TSet.fst FStar.Map.fst FStar.HyperHeap.fst FStar.HyperStack.fst
Extracting module FunctionalExtensionality
Extracting module PropositionalExtensionality
Extracting module PredicateExtensionality
Extracting module TSet
Extracting module Set
Extracting module Tot
Extracting module Heap
Extracting module Map
Extracting module HyperHeap
Extracting module HyperStack
All verification conditions discharged successfully
make[2]: Leaving directory '/cygdrive/c/Build/Agent/_work/30/s/FStar/ulib'
make prims.o FStar_Mul.o FStar_Float.o FStar_Char.o FStar_Int8.o FStar_UInt8.o FStar_Int16.o FStar_UInt16.o FStar_Int32.o FStar_UInt32.o FStar_Int64.o FStar_UInt64.o FStar_UInt128.o FStar_Int_Cast.o FStar_BaseTypes.o FStar_IO.o FStar_Heap.o FStar_List.o FStar_Option.o FStar_String.o FStar_Set.o FStar_Buffer.o FStar_CommonST.o ./extracted/FStar_TSet.o ./extracted/FStar_Map.o ./extracted/FStar_HyperHeap.o ./extracted/FStar_HyperStack.o hyperstack/FStar_ST.o hyperstack/FStar_All.o
make[2]: Entering directory '/cygdrive/c/Build/Agent/_work/30/s/FStar/ulib/ml'
ocamlfind opt -thread -package batteries,zarith,stdint -linkpkg -g   -c -I  ./extracted -linkpkg prims.ml
ocamlfind opt -thread -package batteries,zarith,stdint -linkpkg -g   -c -I  ./extracted -linkpkg FStar_Mul.ml
ocamlfind opt -thread -package batteries,zarith,stdint -linkpkg -g   -c -I  ./extracted -linkpkg FStar_Float.ml
ocamlfind opt -thread -package batteries,zarith,stdint -linkpkg -g   -c -I  ./extracted -linkpkg FStar_Char.ml
ocamlfind opt -thread -package batteries,zarith,stdint -linkpkg -g   -c -I  ./extracted -linkpkg FStar_Int8.ml
ocamlfind opt -thread -package batteries,zarith,stdint -linkpkg -g   -c -I  ./extracted -linkpkg FStar_UInt8.ml
ocamlfind opt -thread -package batteries,zarith,stdint -linkpkg -g   -c -I  ./extracted -linkpkg FStar_Int16.ml
ocamlfind opt -thread -package batteries,zarith,stdint -linkpkg -g   -c -I  ./extracted -linkpkg FStar_UInt16.ml
ocamlfind opt -thread -package batteries,zarith,stdint -linkpkg -g   -c -I  ./extracted -linkpkg FStar_Int32.ml
ocamlfind opt -thread -package batteries,zarith,stdint -linkpkg -g   -c -I  ./extracted -linkpkg FStar_UInt32.ml
ocamlfind opt -thread -package batteries,zarith,stdint -linkpkg -g   -c -I  ./extracted -linkpkg FStar_Int64.ml
ocamlfind opt -thread -package batteries,zarith,stdint -linkpkg -g   -c -I  ./extracted -linkpkg FStar_UInt64.ml
ocamlfind opt -thread -package batteries,zarith,stdint -linkpkg -g   -c -I  ./extracted -linkpkg FStar_UInt128.ml
ocamlfind opt -thread -package batteries,zarith,stdint -linkpkg -g   -c -I  ./extracted -linkpkg FStar_Int_Cast.ml
ocamlfind opt -thread -package batteries,zarith,stdint -linkpkg -g   -c -I  ./extracted -linkpkg FStar_BaseTypes.ml
ocamlfind opt -thread -package batteries,zarith,stdint -linkpkg -g   -c -I  ./extracted -linkpkg FStar_IO.ml
ocamlfind opt -thread -package batteries,zarith,stdint -linkpkg -g   -c -I  ./extracted -linkpkg FStar_Heap.ml
ocamlfind opt -thread -package batteries,zarith,stdint -linkpkg -g   -c -I  ./extracted -linkpkg FStar_List.ml
ocamlfind opt -thread -package batteries,zarith,stdint -linkpkg -g   -c -I  ./extracted -linkpkg FStar_Option.ml
ocamlfind opt -thread -package batteries,zarith,stdint -linkpkg -g   -c -I  ./extracted -linkpkg FStar_String.ml
ocamlfind opt -thread -package batteries,zarith,stdint -linkpkg -g   -c -I  ./extracted -linkpkg FStar_Set.ml
ocamlfind opt -thread -package batteries,zarith,stdint -linkpkg -g   -c -I  ./extracted -linkpkg FStar_Buffer.ml
ocamlfind opt -thread -package batteries,zarith,stdint -linkpkg -g   -c -I  ./extracted -linkpkg FStar_CommonST.ml
ocamlfind opt -thread -package batteries,zarith,stdint -linkpkg -g   -c -I  ./extracted -linkpkg extracted/FStar_TSet.ml
ocamlfind opt -thread -package batteries,zarith,stdint -linkpkg -g   -c -I  ./extracted -linkpkg extracted/FStar_Map.ml
ocamlfind opt -thread -package batteries,zarith,stdint -linkpkg -g   -c -I  ./extracted -linkpkg extracted/FStar_HyperHeap.ml
ocamlfind opt -thread -package batteries,zarith,stdint -linkpkg -g   -c -I  ./extracted -linkpkg extracted/FStar_HyperStack.ml
ocamlfind opt -thread -package batteries,zarith,stdint -linkpkg -g   -c -I  ./extracted -linkpkg hyperstack/FStar_ST.ml
ocamlfind opt -thread -package batteries,zarith,stdint -linkpkg -g   -c -I  ./extracted -linkpkg hyperstack/FStar_All.ml
make[2]: Leaving directory '/cygdrive/c/Build/Agent/_work/30/s/FStar/ulib/ml'
ocamlopt -a prims.cmx FStar_Mul.cmx FStar_Float.cmx FStar_Char.cmx FStar_Int8.cmx FStar_UInt8.cmx FStar_Int16.cmx FStar_UInt16.cmx FStar_Int32.cmx FStar_UInt32.cmx FStar_Int64.cmx FStar_UInt64.cmx FStar_UInt128.cmx FStar_Int_Cast.cmx FStar_BaseTypes.cmx FStar_IO.cmx FStar_Heap.cmx FStar_List.cmx FStar_Option.cmx FStar_String.cmx FStar_Set.cmx FStar_Buffer.cmx FStar_CommonST.cmx ./extracted/FStar_TSet.cmx ./extracted/FStar_Map.cmx ./extracted/FStar_HyperHeap.cmx ./extracted/FStar_HyperStack.cmx hyperstack/FStar_ST.cmx hyperstack/FStar_All.cmx -o fstarlib.cmxa
make[1]: Leaving directory '/cygdrive/c/Build/Agent/_work/30/s/FStar/ulib/ml'
# Recursively builds everything in platform, etc.
make -C C:/Build/Agent/_work/30/s/FStar/ucontrib/CoreCrypto/ml
make[1]: Entering directory '/cygdrive/c/Build/Agent/_work/30/s/FStar/ucontrib/CoreCrypto/ml'
make[1]: Nothing to be done for 'all'.
make[1]: Leaving directory '/cygdrive/c/Build/Agent/_work/30/s/FStar/ucontrib/CoreCrypto/ml'
# Low-level C record stack
make -C C:/Build/Agent/_work/30/s/FStar/examples/low-level/LowCProvider
make[1]: Entering directory '/cygdrive/c/Build/Agent/_work/30/s/FStar/examples/low-level/LowCProvider'
ocamlfind dep *.ml *.mli > .depend
make -C .. krml-test.exe
make[2]: Entering directory '/cygdrive/c/Build/Agent/_work/30/s/FStar/examples/low-level/LowCProvider'
../../../kremlin/krml -verbose -ccopt -maes -ccopt -Wno-error=pointer-sign  -I spartan_aes -I crypto -I ../../../kremlin/kremlib -I ../../../kremlin/test crypto/spartan/Crypto.Config.fst crypto/real/Flag.fst \
	spartan_aes/aes.o crypto/spartan_stub.c \
       	crypto/Crypto.KrmlTest.fst -no-prefix Crypto.KrmlTest \
       	../../../kremlin/test/testlib.c crypto/test_hacks.c \
	-tmpdir tmp -add-include '"testlib.h"' -o krml-test.exe
make[2]: Leaving directory '/cygdrive/c/Build/Agent/_work/30/s/FStar/examples/low-level'
make[1]: Leaving directory '/cygdrive/c/Build/Agent/_work/30/s/FStar/examples/low-level/LowCProvider'
make: Leaving directory '/cygdrive/c/Build/Agent/_work/30/s/mitls-fstar/src/tls'
[31mERROR: build failed for one or more projects
[0;10mKreMLin
 krml-test
 miTLS

