Cloning into 'mitls-fstar'...
/home/everbld/everest-ci/ci: line 246: cd: mitls-fstar: No such file or directory
You are not currently on a branch.
Please specify which branch you want to merge with.
See git-pull(1) for details.

git pull <remote> <branch>

/home/everbld/everest-ci/ci: line 246: cd: Spartan: No such file or directory
fatal: Not a git repository (or any parent up to mount point /cygdrive/c)
Stopping at filesystem boundary (GIT_DISCOVERY_ACROSS_FILESYSTEM not set).
fatal: Not a git repository (or any parent up to mount point /cygdrive/c)
Stopping at filesystem boundary (GIT_DISCOVERY_ACROSS_FILESYSTEM not set).
fatal: Not a git repository (or any parent up to mount point /cygdrive/c)
Stopping at filesystem boundary (GIT_DISCOVERY_ACROSS_FILESYSTEM not set).
fatal: Not a git repository (or any parent up to mount point /cygdrive/c)
Stopping at filesystem boundary (GIT_DISCOVERY_ACROSS_FILESYSTEM not set).
/home/everbld/everest-ci/ci: line 246: cd: FStar: No such file or directory
fatal: Not a git repository (or any parent up to mount point /cygdrive/c)
Stopping at filesystem boundary (GIT_DISCOVERY_ACROSS_FILESYSTEM not set).
fatal: Not a git repository (or any parent up to mount point /cygdrive/c)
Stopping at filesystem boundary (GIT_DISCOVERY_ACROSS_FILESYSTEM not set).
fatal: Not a git repository (or any parent up to mount point /cygdrive/c)
Stopping at filesystem boundary (GIT_DISCOVERY_ACROSS_FILESYSTEM not set).
fatal: Not a git repository (or any parent up to mount point /cygdrive/c)
Stopping at filesystem boundary (GIT_DISCOVERY_ACROSS_FILESYSTEM not set).
/home/everbld/everest-ci/ci: line 246: cd: hacl-star: No such file or directory
fatal: Not a git repository (or any parent up to mount point /cygdrive/c)
Stopping at filesystem boundary (GIT_DISCOVERY_ACROSS_FILESYSTEM not set).
fatal: Not a git repository (or any parent up to mount point /cygdrive/c)
Stopping at filesystem boundary (GIT_DISCOVERY_ACROSS_FILESYSTEM not set).
fatal: Not a git repository (or any parent up to mount point /cygdrive/c)
Stopping at filesystem boundary (GIT_DISCOVERY_ACROSS_FILESYSTEM not set).
fatal: Not a git repository (or any parent up to mount point /cygdrive/c)
Stopping at filesystem boundary (GIT_DISCOVERY_ACROSS_FILESYSTEM not set).
/home/everbld/everest-ci/ci: line 246: cd: kremlin: No such file or directory
fatal: Not a git repository (or any parent up to mount point /cygdrive/c)
Stopping at filesystem boundary (GIT_DISCOVERY_ACROSS_FILESYSTEM not set).
fatal: Not a git repository (or any parent up to mount point /cygdrive/c)
Stopping at filesystem boundary (GIT_DISCOVERY_ACROSS_FILESYSTEM not set).
fatal: Not a git repository (or any parent up to mount point /cygdrive/c)
Stopping at filesystem boundary (GIT_DISCOVERY_ACROSS_FILESYSTEM not set).
fatal: Not a git repository (or any parent up to mount point /cygdrive/c)
Stopping at filesystem boundary (GIT_DISCOVERY_ACROSS_FILESYSTEM not set).
/home/everbld/everest-ci/ci: line 260: ./everest: No such file or directory
% Total    % Received % Xferd  Average Speed   Time    Time     Time  Current
Dload  Upload   Total   Spent    Left  Speed
  0     0    0     0    0     0      0      0 --:--:-- --:--:-- --:--:--     0100   697  100     2  100   695      5   1873 --:--:-- --:--:-- --:--:--  1930
