Already on 'adl_lowlevel_merge'
Cloning into 'Spartan'...
Host key verification failed.
fatal: Could not read from remote repository.

Please make sure you have the correct access rights
and the repository exists.
Cloning into 'Spartan'...
fatal: could not read Username for 'https://msresearch.visualstudio.com': terminal prompts disabled
Already on 'c_record_aead'
Already on 'jk_low_level_crypto'
Already on 'master'
make[1]: warning: -jN forced in submake: disabling jobserver mode.
Warning: you are using the standard library and/or the %inline keyword. We
recommend switching on --infer in order to avoid obscure type error messages.
ocamlfind: Package `ulex' not found
make: *** [Makefile:10: all] Error 2
make: ../../../kremlin/krml: Command not found
make: *** [Makefile:202: krml-test.exe] Error 127
make[2]: warning: jobserver unavailable: using -j1.  Add '+' to parent make rule.
make[2]: warning: jobserver unavailable: using -j1.  Add '+' to parent make rule.
make[2]: warning: jobserver unavailable: using -j1.  Add '+' to parent make rule.
make[2]: ../../../kremlin/krml: Command not found
make[2]: *** [Makefile:202: krml-test.exe] Error 127
make[1]: *** [Makefile:67: ../krml-test.exe] Error 2
make: *** [Makefile:345: tls-gen-spartan] Error 2
