# Switching to the everest directory ... now in /cygdrive/c/Build/Agent2/_work/7/s

[test] expected output cipher is d31a8d34648e60db7b86afbc53ef7ec2a4aded51296e08fea9e2b5a736ee62d63dbea45e8ca9671282fafb69da92728b1a71de0a9e060b2905d6a5b67ecd3b3692ddbd7f2d778b8c9803aee328091b58fab324e4fad675945585808b4831d7bc3ff4def08e4b7a9de576d26586cec64b61161ae10b594f09e26a7e902ecbd0600691
[test] computed output cipher is d31a8d34648e60db7b86afbc53ef7ec2a4aded51296e08fea9e2b5a736ee62d63dbea45e8ca9671282fafb69da92728b1a71de0a9e060b2905d6a5b67ecd3b3692ddbd7f2d778b8c9803aee328091b58fab324e4fad675945585808b4831d7bc3ff4def08e4b7a9de576d26586cec64b61161ae10b594f09e26a7e902ecbd0600691
[test] cipher is a success
[test] expected output decryption is 4c616469657320616e642047656e746c656d656e206f662074686520636c617373206f66202739393a204966204920636f756c64206f6666657220796f75206f6e6c79206f6e652074697020666f7220746865206675747572652c2073756e73637265656e20776f756c642062652069742e
[test] computed output decryption is 4c616469657320616e642047656e746c656d656e206f662074686520636c617373206f66202739393a204966204920636f756c64206f6666657220796f75206f6e6c79206f6e652074697020666f7220746865206675747572652c2073756e73637265656e20776f756c642062652069742e
[test] decryption is a success
[test] expected output cipher is 58e2fccefa7e3061367f1d57a4e7455a
[test] computed output cipher is 58e2fccefa7e3061367f1d57a4e7455a
[test] cipher is a success
[test] expected output decryption is 
[test] computed output decryption is 
[test] decryption is a success
[test] expected output cipher is 530f8afbc74536b9a963b4f1c4cb738b
[test] computed output cipher is 530f8afbc74536b9a963b4f1c4cb738b
[test] cipher is a success
[test] expected output decryption is 
[test] computed output decryption is 
[test] decryption is a success
[test] expected output cipher is cea7403d4d606b6e074ec5d3baf39d18d0d1c8a799996bf0265b98b5d48ab919
[test] computed output cipher is cea7403d4d606b6e074ec5d3baf39d18d0d1c8a799996bf0265b98b5d48ab919
[test] cipher is a success
[test] expected output decryption is 00000000000000000000000000000000
[test] computed output decryption is 00000000000000000000000000000000
[test] decryption is a success
[test] expected output cipher is 522dc1f099567d07f47f37a32a84427d643a8cdcbfe5c0c97598a2bd2555d1aa8cb08e48590dbb3da7b08b1056828838c5f61e6393ba7a0abcc9f662898015adb094dac5d93471bdec1a502270e3cc6c
[test] computed output cipher is 522dc1f099567d07f47f37a32a84427d643a8cdcbfe5c0c97598a2bd2555d1aa8cb08e48590dbb3da7b08b1056828838c5f61e6393ba7a0abcc9f662898015adb094dac5d93471bdec1a502270e3cc6c
[test] cipher is a success
[test] expected output decryption is d9313225f88406e5a55909c5aff5269a86a7a9531534f7da2e4c303d8a318a721c3c0c95956809532fcf0e2449a6b525b16aedf5aa0de657ba637b391aafd255
[test] computed output decryption is d9313225f88406e5a55909c5aff5269a86a7a9531534f7da2e4c303d8a318a721c3c0c95956809532fcf0e2449a6b525b16aedf5aa0de657ba637b391aafd255
[test] decryption is a success
[test] expected output cipher is 522dc1f099567d07f47f37a32a84427d643a8cdcbfe5c0c97598a2bd2555d1aa8cb08e48590dbb3da7b08b1056828838c5f61e6393ba7a0abcc9f66276fc6ece0f4e1768cddf8853bb2d551b
[test] computed output cipher is 522dc1f099567d07f47f37a32a84427d643a8cdcbfe5c0c97598a2bd2555d1aa8cb08e48590dbb3da7b08b1056828838c5f61e6393ba7a0abcc9f66276fc6ece0f4e1768cddf8853bb2d551b
[test] cipher is a success
[test] expected output decryption is d9313225f88406e5a55909c5aff5269a86a7a9531534f7da2e4c303d8a318a721c3c0c95956809532fcf0e2449a6b525b16aedf5aa0de657ba637b39
[test] computed output decryption is d9313225f88406e5a55909c5aff5269a86a7a9531534f7da2e4c303d8a318a721c3c0c95956809532fcf0e2449a6b525b16aedf5aa0de657ba637b39
[test] decryption is a success
===============================================
 Starting test TLS 1.3 client...
