# Switching to the everest directory ... now in /cygdrive/c/Build/Agent/_work/30/s

[34mChecking environment
[0;10m... which found
... no suspicious bash
... 64-bit cygwin
... no suspicious cygwin packages
... all 41 cygwin packages seem to be installed
... proper mingw directory seems to be in PATH
... github.com access ok
... ocaml minimum version requirements met
... flexdll ok
... opam found
[31mERROR: ocamlfind package ulex is not installed
[0;10mDo you want to run: install_all_opam_packages? [Yn]

=-=- Updating package repositories =-=-=-=-=-=-=-=-=-=-=-=-=-=-=-=-=-=-=-=-=-=-=
[default: git] Command started
[default: git] Command started
[default: git] Command started
[default: git] Command started
[default] git+https://github.com/fdopen/opam-repository-mingw.git updated

Updates available for system, apply them with 'opam upgrade':
===== 20 to recompile | 1 to upgrade | 1 to remove =====
# Detecting depexts using flags: x86_64 mswindows win32 cygwinports
# The following system packages are needed:
#  - gmp
#  - pkg-config
#  - sqlite3
The following actions will be performed:
  - upgrade ctypes 0.11.0 to 0.11.1
  - install wasm   0.13            
  - install camlp4 4.02+system                                  [required by ulex]
  - install ulex   1.1             
===== 3 to install | 1 to upgrade =====
Do you want to continue ? [Y/n] 
=-=- Gathering sources =-=-=-=-=-=-=-=-=-=-=-=-=-=-=-=-=-=-=-=-=-=-=-=-=-=-=-=-=
[ctypes: http] Command started
[ulex: http] Command started
[wasm: http] Command started
[ulex.1.1] http://deb.debian.org/debian/pool/main/u/ulex/ulex_1.1.orig.tar.gz downloaded
[ctypes.0.11.1] https://github.com/ocamllabs/ocaml-ctypes/archive/0.11.1.tar.gz downloaded
[wasm.0.13] https://github.com/WebAssembly/spec/archive/v0.13.tar.gz downloaded

=-=- Processing actions -=-=-=-=-=-=-=-=-=-=-=-=-=-=-=-=-=-=-=-=-=-=-=-=-=-=-=-=
[ctypes: ocamlfind remove] Command started
[camlp4: sh] Command started
[wasm: make interpreter] Command started
-> removed   ctypes.0.11.0
[ctypes: touch libffi.config] Command started
-> installed camlp4.4.02+system
[ulex: make] Command started
[ctypes: make ctypes-base] Command started
[ulex: make all.opt] Command started
installed:gmp
installed:pkg-config
installed:sqlite3
# All required OS packages found.
[ulex: make install] Command started
-> installed ulex.1.1
[wasm: make interpreter] Command started
[wasm: make interpreter] Command started
[ctypes: make install] Command started
-> installed ctypes.0.11.1


=-=- Error report -=-=-=-=-=-=-=-=-=-=-=-=-=-=-=-=-=-=-=-=-=-=-=-=-=-=-=-=-=-=-=
The following actions failed
  - install wasm 0.13
The following changes have been performed
  - upgrade ctypes 0.11.0 to 0.11.1
  - install camlp4 4.02+system     
  - install ulex   1.1             
