--2017-01-29 02:00:23--  https://dist.nuget.org/win-x86-commandline/latest/nuget.exe
Resolving dist.nuget.org (dist.nuget.org)... 2606:2800:11f:17a5:191a:18d5:537:22f9, 72.21.81.200
Connecting to dist.nuget.org (dist.nuget.org)|2606:2800:11f:17a5:191a:18d5:537:22f9|:443... connected.
HTTP request sent, awaiting response... 200 OK
Length: 4266712 (4.1M) [application/octet-stream]
Saving to: ‘nuget.exe’

0K .......... .......... .......... .......... ..........  1%  468K 9s
50K .......... .......... .......... .......... ..........  2% 1.31M 6s
100K .......... .......... .......... .......... ..........  3% 2.73M 4s
150K .......... .......... .......... .......... ..........  4%  954K 4s
200K .......... .......... .......... .......... ..........  5% 16.8M 3s
250K .......... .......... .......... .......... ..........  7%  986K 3s
300K .......... .......... .......... .......... ..........  8% 15.5M 3s
350K .......... .......... .......... .......... ..........  9% 16.5M 3s
400K .......... .......... .......... .......... .......... 10% 1.61M 3s
450K .......... .......... .......... .......... .......... 11% 2.81M 2s
500K .......... .......... .......... .......... .......... 13% 27.7M 2s
550K .......... .......... .......... .......... .......... 14% 26.3M 2s
600K .......... .......... .......... .......... .......... 15% 32.9M 2s
650K .......... .......... .......... .......... .......... 16% 37.1M 2s
700K .......... .......... .......... .......... .......... 17% 1.58M 2s
750K .......... .......... .......... .......... .......... 19% 1.81M 2s
800K .......... .......... .......... .......... .......... 20% 19.2M 2s
850K .......... .......... .......... .......... .......... 21% 21.4M 1s
900K .......... .......... .......... .......... .......... 22% 22.7M 1s
950K .......... .......... .......... .......... .......... 23% 19.0M 1s
1000K .......... .......... .......... .......... .......... 25% 2.23M 1s
1050K .......... .......... .......... .......... .......... 26% 38.3M 1s
1100K .......... .......... .......... .......... .......... 27% 38.2M 1s
1150K .......... .......... .......... .......... .......... 28% 29.3M 1s
1200K .......... .......... .......... .......... .......... 29% 4.90M 1s
1250K .......... .......... .......... .......... .......... 31% 8.29M 1s
1300K .......... .......... .......... .......... .......... 32% 40.9M 1s
1350K .......... .......... .......... .......... .......... 33% 1.60M 1s
1400K .......... .......... .......... .......... .......... 34% 26.4M 1s
1450K .......... .......... .......... .......... .......... 35% 37.5M 1s
1500K .......... .......... .......... .......... .......... 37% 2.77M 1s
1550K .......... .......... .......... .......... .......... 38% 19.6M 1s
1600K .......... .......... .......... .......... .......... 39% 38.9M 1s
1650K .......... .......... .......... .......... .......... 40% 33.1M 1s
1700K .......... .......... .......... .......... .......... 41% 40.3M 1s
1750K .......... .......... .......... .......... .......... 43% 1.54M 1s
1800K .......... .......... .......... .......... .......... 44% 17.8M 1s
1850K .......... .......... .......... .......... .......... 45% 32.6M 1s
1900K .......... .......... .......... .......... .......... 46% 39.1M 1s
1950K .......... .......... .......... .......... .......... 47% 31.0M 1s
2000K .......... .......... .......... .......... .......... 49% 38.4M 1s
2050K .......... .......... .......... .......... .......... 50% 35.1M 1s
2100K .......... .......... .......... .......... .......... 51% 43.0M 1s
2150K .......... .......... .......... .......... .......... 52% 14.8M 0s
2200K .......... .......... .......... .......... .......... 53% 13.0M 0s
2250K .......... .......... .......... .......... .......... 55% 25.4M 0s
2300K .......... .......... .......... .......... .......... 56% 37.5M 0s
2350K .......... .......... .......... .......... .......... 57% 29.2M 0s
2400K .......... .......... .......... .......... .......... 58% 42.6M 0s
2450K .......... .......... .......... .......... .......... 59% 38.5M 0s
2500K .......... .......... .......... .......... .......... 61% 34.7M 0s
2550K .......... .......... .......... .......... .......... 62% 1.70M 0s
2600K .......... .......... .......... .......... .......... 63% 19.7M 0s
2650K .......... .......... .......... .......... .......... 64% 40.7M 0s
2700K .......... .......... .......... .......... .......... 65% 40.3M 0s
2750K .......... .......... .......... .......... .......... 67% 29.0M 0s
2800K .......... .......... .......... .......... .......... 68% 37.2M 0s
2850K .......... .......... .......... .......... .......... 69% 37.7M 0s
2900K .......... .......... .......... .......... .......... 70% 37.9M 0s
2950K .......... .......... .......... .......... .......... 71% 37.6M 0s
3000K .......... .......... .......... .......... .......... 73% 20.2M 0s
3050K .......... .......... .......... .......... .......... 74% 15.1M 0s
3100K .......... .......... .......... .......... .......... 75% 23.1M 0s
3150K .......... .......... .......... .......... .......... 76% 28.0M 0s
3200K .......... .......... .......... .......... .......... 77% 38.0M 0s
3250K .......... .......... .......... .......... .......... 79% 38.7M 0s
3300K .......... .......... .......... .......... .......... 80% 41.8M 0s
3350K .......... .......... .......... .......... .......... 81% 36.5M 0s
3400K .......... .......... .......... .......... .......... 82% 37.8M 0s
3450K .......... .......... .......... .......... .......... 83% 41.5M 0s
3500K .......... .......... .......... .......... .......... 85% 2.15M 0s
3550K .......... .......... .......... .......... .......... 86% 16.6M 0s
3600K .......... .......... .......... .......... .......... 87% 40.9M 0s
3650K .......... .......... .......... .......... .......... 88% 27.9M 0s
3700K .......... .......... .......... .......... .......... 89% 24.3M 0s
3750K .......... .......... .......... .......... .......... 91% 33.0M 0s
3800K .......... .......... .......... .......... .......... 92% 37.3M 0s
3850K .......... .......... .......... .......... .......... 93% 39.2M 0s
3900K .......... .......... .......... .......... .......... 94% 38.5M 0s
3950K .......... .......... .......... .......... .......... 95% 28.6M 0s
4000K .......... .......... .......... .......... .......... 97% 36.6M 0s
4050K .......... .......... .......... .......... .......... 98% 1.09M 0s
4100K .......... .......... .......... .......... .......... 99% 17.0M 0s
4150K .......... ......                                     100% 25.9M=0.7s

2017-01-29 02:00:24 (5.81 MB/s) - ‘nuget.exe’ saved [4266712/4266712]

Cloning into 'vale'...
Already on 'master'
Cloning into 'mitls-fstar'...
Already on 'master'
Cloning into 'FStar'...
Switched to a new branch 'beurdouche_everest2'
Cloning into 'hacl-star'...
Already on 'master'
Cloning into 'kremlin'...
Already on 'master'
Warning: you are using the standard library and/or the %inline keyword. We
recommend switching on --infer in order to avoid obscure type error messages.
6 shift/reduce conflicts.
File "src/basic/ml/FStar_Util.ml", line 47, characters 57-65:
Warning 40: st_mtime was selected from type BatUnix.stats.
It is not visible in the current scope, and will not 
be selected if the type becomes unknown.
File "src/basic/ml/FStar_Util.ml", line 47, characters 57-65:
Warning 40: st_mtime was selected from type BatUnix.stats.
It is not visible in the current scope, and will not 
be selected if the type becomes unknown.
./everest: line 538: nuget: command not found
EnvironmentError: FsLexYacc missing.  Please install to: "C:\Build\Agent\_work\31\s\vale\tools\FsLexYacc\FsLexYacc.6.1.0\build\fslex.exe":
File "C:\Build\Agent\_work\31\s\vale\SConstruct", line 485:
vale_tool_results = SConscript('tools/Vale/SConscript')
File "C:\Python27\lib\site-packages\SCons\Script\SConscript.py", line 604:
return method(*args, **kw)
File "C:\Python27\lib\site-packages\SCons\Script\SConscript.py", line 541:
return _SConscript(self.fs, *files, **subst_kw)
File "C:\Python27\lib\site-packages\SCons\Script\SConscript.py", line 250:
exec _file_ in call_stack[-1].globals
File "C:\Build\Agent\_work\31\s\vale\tools\Vale\SConscript", line 80:
add_fslexyacc(env)
File "C:\Build\Agent\_work\31\s\vale\tools\Vale\SConscript", line 36:
raise EnvironmentError('FsLexYacc missing.  Please install to: "%s"'%str(fslexfile))
cp: cannot stat 'C:/Build/Agent/_work/31/s/vale/obj/aes-gcc.S': No such file or directory
make: *** [Makefile:28: import] Error 1
make: *** FStar/ucontrib/CoreCrypto/ml: No such file or directory.  Stop.
make: *** FStar/examples/low-level: No such file or directory.  Stop.
make: *** mitls-fstar/src/tls: No such file or directory.  Stop.
% Total    % Received % Xferd  Average Speed   Time    Time     Time  Current
Dload  Upload   Total   Spent    Left  Speed
  0     0    0     0    0     0      0      0 --:--:-- --:--:-- --:--:--     0100   906  100     2  100   904      5   2530 --:--:-- --:--:-- --:--:--  3106
