E: Failed to fetch http://archive.ubuntu.com/ubuntu/pool/main/a/autotools-dev/autotools-dev_20150820.1_all.deb  Hash Sum mismatch

E: Unable to fetch some archives, maybe run apt-get update or try with --fix-missing?
debconf: delaying package configuration, since apt-utils is not installed
--2016-12-15 03:22:03--  https://github.com/Z3Prover/z3/releases/download/z3-4.5.0/z3-4.5.0-x64-ubuntu-14.04.zip
Resolving github.com (github.com)... 192.30.253.112, 192.30.253.113
Connecting to github.com (github.com)|192.30.253.112|:443... connected.
HTTP request sent, awaiting response... 302 Found
Location: https://github-cloud.s3.amazonaws.com/releases/32944298/6255ba38-a540-11e6-96e2-15164ee5d3d1.zip?X-Amz-Algorithm=AWS4-HMAC-SHA256&X-Amz-Credential=AKIAISTNZFOVBIJMK3TQ%2F20161215%2Fus-east-1%2Fs3%2Faws4_request&X-Amz-Date=20161215T032157Z&X-Amz-Expires=300&X-Amz-Signature=4b8d3e7a479a681ad42400a86d314b88019a1a18d850999ac6ff430cbefe4733&X-Amz-SignedHeaders=host&actor_id=0&response-content-disposition=attachment%3B%20filename%3Dz3-4.5.0-x64-ubuntu-14.04.zip&response-content-type=application%2Foctet-stream [following]
--2016-12-15 03:22:03--  https://github-cloud.s3.amazonaws.com/releases/32944298/6255ba38-a540-11e6-96e2-15164ee5d3d1.zip?X-Amz-Algorithm=AWS4-HMAC-SHA256&X-Amz-Credential=AKIAISTNZFOVBIJMK3TQ%2F20161215%2Fus-east-1%2Fs3%2Faws4_request&X-Amz-Date=20161215T032157Z&X-Amz-Expires=300&X-Amz-Signature=4b8d3e7a479a681ad42400a86d314b88019a1a18d850999ac6ff430cbefe4733&X-Amz-SignedHeaders=host&actor_id=0&response-content-disposition=attachment%3B%20filename%3Dz3-4.5.0-x64-ubuntu-14.04.zip&response-content-type=application%2Foctet-stream
Resolving github-cloud.s3.amazonaws.com (github-cloud.s3.amazonaws.com)... 52.216.65.24
Connecting to github-cloud.s3.amazonaws.com (github-cloud.s3.amazonaws.com)|52.216.65.24|:443... connected.
HTTP request sent, awaiting response... 200 OK
Length: 30725443 (29M) [application/octet-stream]
Saving to: 'z3-4.5.0-x64-ubuntu-14.04.zip'

0K .......... .......... .......... .......... ..........  0%  307K 98s
50K .......... .......... .......... .......... ..........  0%  310K 97s
100K .......... .......... .......... .......... ..........  0%  314K 96s
150K .......... .......... .......... .......... ..........  0%  606K 84s
200K .......... .......... .......... .......... ..........  0%  319K 86s
250K .......... .......... .......... .......... ..........  0%  606K 80s
300K .......... .......... .......... .......... ..........  1%  598K 75s
350K .......... .......... .......... .......... ..........  1%  628K 72s
400K .......... .......... .......... .......... ..........  1%  619K 69s
450K .......... .......... .......... .......... ..........  1%  623K 67s
500K .......... .......... .......... .......... ..........  1%  633K 65s
550K .......... .......... .......... .......... ..........  1%  632K 63s
600K .......... .......... .......... .......... ..........  2%  638K 62s
650K .......... .......... .......... .......... ..........  2% 5.81M 58s
700K .......... .......... .......... .......... ..........  2%  658K 57s
750K .......... .......... .......... .......... ..........  2%  649K 56s
800K .......... .......... .......... .......... ..........  2% 7.26M 53s
850K .......... .......... .......... .......... ..........  2%  658K 52s
900K .......... .......... .......... .......... ..........  3% 8.01M 49s
950K .......... .......... .......... .......... ..........  3%  665K 49s
1000K .......... .......... .......... .......... ..........  3%  667K 49s
1050K .......... .......... .......... .......... ..........  3% 7.25M 47s
1100K .......... .......... .......... .......... ..........  3%  674K 46s
1150K .......... .......... .......... .......... ..........  3% 7.91M 44s
1200K .......... .......... .......... .......... ..........  4%  687K 44s
1250K .......... .......... .......... .......... ..........  4% 10.0M 43s
1300K .......... .......... .......... .......... ..........  4%  673K 43s
1350K .......... .......... .......... .......... ..........  4% 8.90M 41s
1400K .......... .......... .......... .......... ..........  4% 10.3M 40s
1450K .......... .......... .......... .......... ..........  4%  686K 40s
1500K .......... .......... .......... .......... ..........  5% 10.6M 38s
1550K .......... .......... .......... .......... ..........  5%  690K 38s
1600K .......... .......... .......... .......... ..........  5% 9.91M 37s
1650K .......... .......... .......... .......... ..........  5% 10.8M 36s
1700K .......... .......... .......... .......... ..........  5%  707K 36s
1750K .......... .......... .......... .......... ..........  5% 9.97M 35s
1800K .......... .......... .......... .......... ..........  6% 10.4M 34s
1850K .......... .......... .......... .......... ..........  6% 11.3M 33s
1900K .......... .......... .......... .......... ..........  6%  696K 34s
1950K .......... .......... .......... .......... ..........  6% 10.1M 33s
2000K .......... .......... .......... .......... ..........  6% 11.0M 32s
2050K .......... .......... .......... .......... ..........  6%  738K 32s
2100K .......... .......... .......... .......... ..........  7% 10.9M 31s
2150K .......... .......... .......... .......... ..........  7% 10.4M 31s
2200K .......... .......... .......... .......... ..........  7% 10.8M 30s
2250K .......... .......... .......... .......... ..........  7%  731K 30s
2300K .......... .......... .......... .......... ..........  7% 10.1M 29s
2350K .......... .......... .......... .......... ..........  7% 10.6M 29s
2400K .......... .......... .......... .......... ..........  8% 10.3M 28s
2450K .......... .......... .......... .......... ..........  8%  760K 28s
2500K .......... .......... .......... .......... ..........  8% 10.7M 28s
2550K .......... .......... .......... .......... ..........  8% 13.9M 27s
2600K .......... .......... .......... .......... ..........  8% 10.9M 27s
2650K .......... .......... .......... .......... ..........  8%  784K 27s
2700K .......... .......... .......... .......... ..........  9% 9.71M 26s
2750K .......... .......... .......... .......... ..........  9% 10.3M 26s
2800K .......... .......... .......... .......... ..........  9% 9.03M 25s
2850K .......... .......... .......... .......... ..........  9% 10.9M 25s
2900K .......... .......... .......... .......... ..........  9%  803K 25s
2950K .......... .......... .......... .......... ..........  9% 8.83M 25s
3000K .......... .......... .......... .......... .......... 10% 10.9M 24s
3050K .......... .......... .......... .......... .......... 10% 10.7M 24s
3100K .......... .......... .......... .......... .......... 10% 10.5M 23s
3150K .......... .......... .......... .......... .......... 10%  831K 24s
3200K .......... .......... .......... .......... .......... 10% 10.3M 23s
3250K .......... .......... .......... .......... .......... 10% 10.8M 23s
3300K .......... .......... .......... .......... .......... 11% 10.5M 22s
3350K .......... .......... .......... .......... .......... 11% 9.56M 22s
3400K .......... .......... .......... .......... .......... 11% 15.4M 22s
3450K .......... .......... .......... .......... .......... 11%  857K 22s
3500K .......... .......... .......... .......... .......... 11% 10.6M 22s
3550K .......... .......... .......... .......... .......... 11% 9.54M 21s
3600K .......... .......... .......... .......... .......... 12% 11.9M 21s
3650K .......... .......... .......... .......... .......... 12% 11.3M 21s
3700K .......... .......... .......... .......... .......... 12% 12.0M 20s
3750K .......... .......... .......... .......... .......... 12%  815K 20s
3800K .......... .......... .......... .......... .......... 12% 7.33M 20s
3850K .......... .......... .......... .......... .......... 12% 7.46M 20s
3900K .......... .......... .......... .......... .......... 13% 8.44M 20s
3950K .......... .......... .......... .......... .......... 13% 10.5M 19s
4000K .......... .......... .......... .......... .......... 13% 11.3M 19s
4050K .......... .......... .......... .......... .......... 13% 1016K 19s
4100K .......... .......... .......... .......... .......... 13% 7.12M 19s
4150K .......... .......... .......... .......... .......... 13% 7.50M 19s
4200K .......... .......... .......... .......... .......... 14% 7.75M 19s
4250K .......... .......... .......... .......... .......... 14% 7.69M 18s
4300K .......... .......... .......... .......... .......... 14% 10.6M 18s
4350K .......... .......... .......... .......... .......... 14% 11.6M 18s
4400K .......... .......... .......... .......... .......... 14% 1.09M 18s
4450K .......... .......... .......... .......... .......... 14% 9.63M 18s
4500K .......... .......... .......... .......... .......... 15% 11.7M 18s
4550K .......... .......... .......... .......... .......... 15% 11.4M 17s
4600K .......... .......... .......... .......... .......... 15% 11.3M 17s
4650K .......... .......... .......... .......... .......... 15% 9.66M 17s
4700K .......... .......... .......... .......... .......... 15% 11.9M 17s
4750K .......... .......... .......... .......... .......... 15%  915K 17s
4800K .......... .......... .......... .......... .......... 16% 7.49M 17s
4850K .......... .......... .......... .......... .......... 16% 6.66M 17s
4900K .......... .......... .......... .......... .......... 16% 9.56M 16s
4950K .......... .......... .......... .......... .......... 16% 11.2M 16s
5000K .......... .......... .......... .......... .......... 16% 11.7M 16s
5050K .......... .......... .......... .......... .......... 16% 9.92M 16s
5100K .......... .......... .......... .......... .......... 17% 1.25M 16s
5150K .......... .......... .......... .......... .......... 17% 4.45M 16s
5200K .......... .......... .......... .......... .......... 17% 7.11M 16s
5250K .......... .......... .......... .......... .......... 17% 6.23M 15s
5300K .......... .......... .......... .......... .......... 17% 7.35M 15s
5350K .......... .......... .......... .......... .......... 17% 9.25M 15s
5400K .......... .......... .......... .......... .......... 18% 11.5M 15s
5450K .......... .......... .......... .......... .......... 18% 10.2M 15s
5500K .......... .......... .......... .......... .......... 18% 1.26M 15s
5550K .......... .......... .......... .......... .......... 18% 11.8M 15s
5600K .......... .......... .......... .......... .......... 18% 11.1M 15s
5650K .......... .......... .......... .......... .......... 18% 9.83M 14s
5700K .......... .......... .......... .......... .......... 19% 11.7M 14s
5750K .......... .......... .......... .......... .......... 19% 11.7M 14s
5800K .......... .......... .......... .......... .......... 19% 11.7M 14s
5850K .......... .......... .......... .......... .......... 19% 11.1M 14s
5900K .......... .......... .......... .......... .......... 19% 1015K 14s
5950K .......... .......... .......... .......... .......... 19% 9.65M 14s
6000K .......... .......... .......... .......... .......... 20% 7.78M 14s
6050K .......... .......... .......... .......... .......... 20% 5.85M 14s
6100K .......... .......... .......... .......... .......... 20% 11.7M 13s
6150K .......... .......... .......... .......... .......... 20% 11.6M 13s
6200K .......... .......... .......... .......... .......... 20% 11.4M 13s
6250K .......... .......... .......... .......... .......... 20% 10.1M 13s
6300K .......... .......... .......... .......... .......... 21% 12.0M 13s
6350K .......... .......... .......... .......... .......... 21% 1.23M 13s
6400K .......... .......... .......... .......... .......... 21% 7.30M 13s
6450K .......... .......... .......... .......... .......... 21% 6.07M 13s
6500K .......... .......... .......... .......... .......... 21% 7.63M 13s
6550K .......... .......... .......... .......... .......... 21% 7.13M 13s
6600K .......... .......... .......... .......... .......... 22% 10.4M 13s
6650K .......... .......... .......... .......... .......... 22% 10.4M 12s
6700K .......... .......... .......... .......... .......... 22% 12.0M 12s
6750K .......... .......... .......... .......... .......... 22% 11.7M 12s
6800K .......... .......... .......... .......... .......... 22% 16.0M 12s
6850K .......... .......... .......... .......... .......... 22% 1.44M 12s
6900K .......... .......... .......... .......... .......... 23% 10.7M 12s
6950K .......... .......... .......... .......... .......... 23% 11.4M 12s
7000K .......... .......... .......... .......... .......... 23% 11.0M 12s
7050K .......... .......... .......... .......... .......... 23% 10.5M 12s
7100K .......... .......... .......... .......... .......... 23% 12.3M 12s
7150K .......... .......... .......... .......... .......... 23% 11.9M 12s
7200K .......... .......... .......... .......... .......... 24% 11.8M 11s
7250K .......... .......... .......... .......... .......... 24% 10.7M 11s
7300K .......... .......... .......... .......... .......... 24% 11.6M 11s
7350K .......... .......... .......... .......... .......... 24% 1.12M 11s
7400K .......... .......... .......... .......... .......... 24% 7.35M 11s
7450K .......... .......... .......... .......... .......... 24% 6.76M 11s
7500K .......... .......... .......... .......... .......... 25% 11.0M 11s
7550K .......... .......... .......... .......... .......... 25% 11.4M 11s
7600K .......... .......... .......... .......... .......... 25% 11.5M 11s
7650K .......... .......... .......... .......... .......... 25% 12.8M 11s
7700K .......... .......... .......... .......... .......... 25% 13.3M 11s
7750K .......... .......... .......... .......... .......... 25% 11.4M 11s
7800K .......... .......... .......... .......... .......... 26% 12.0M 11s
7850K .......... .......... .......... .......... .......... 26% 1.48M 11s
7900K .......... .......... .......... .......... .......... 26% 6.73M 10s
7950K .......... .......... .......... .......... .......... 26% 7.38M 10s
8000K .......... .......... .......... .......... .......... 26% 7.90M 10s
8050K .......... .......... .......... .......... .......... 26% 5.99M 10s
8100K .......... .......... .......... .......... .......... 27% 12.6M 10s
8150K .......... .......... .......... .......... .......... 27% 11.8M 10s
8200K .......... .......... .......... .......... .......... 27% 12.0M 10s
8250K .......... .......... .......... .......... .......... 27% 7.79M 10s
8300K .......... .......... .......... .......... .......... 27% 12.6M 10s
8350K .......... .......... .......... .......... .......... 27% 12.7M 10s
8400K .......... .......... .......... .......... .......... 28% 2.01M 10s
8450K .......... .......... .......... .......... .......... 28% 10.8M 10s
8500K .......... .......... .......... .......... .......... 28% 10.7M 10s
8550K .......... .......... .......... .......... .......... 28% 12.0M 10s
8600K .......... .......... .......... .......... .......... 28% 11.6M 10s
8650K .......... .......... .......... .......... .......... 28% 8.19M 9s
8700K .......... .......... .......... .......... .......... 29% 12.4M 9s
8750K .......... .......... .......... .......... .......... 29% 12.4M 9s
8800K .......... .......... .......... .......... .......... 29% 11.9M 9s
8850K .......... .......... .......... .......... .......... 29% 11.7M 9s
8900K .......... .......... .......... .......... .......... 29% 11.8M 9s
8950K .......... .......... .......... .......... .......... 29% 12.1M 9s
9000K .......... .......... .......... .......... .......... 30% 13.0M 9s
9050K .......... .......... .......... .......... .......... 30% 1.41M 9s
9100K .......... .......... .......... .......... .......... 30% 11.5M 9s
9150K .......... .......... .......... .......... .......... 30% 12.4M 9s
9200K .......... .......... .......... .......... .......... 30% 12.3M 9s
9250K .......... .......... .......... .......... .......... 30% 12.2M 9s
9300K .......... .......... .......... .......... .......... 31% 11.1M 9s
9350K .......... .......... .......... .......... .......... 31% 12.0M 9s
9400K .......... .......... .......... .......... .......... 31% 13.2M 9s
9450K .......... .......... .......... .......... .......... 31% 7.98M 9s
9500K .......... .......... .......... .......... .......... 31% 12.5M 9s
9550K .......... .......... .......... .......... .......... 31% 12.5M 8s
9600K .......... .......... .......... .......... .......... 32% 11.7M 8s
9650K .......... .......... .......... .......... .......... 32% 1.65M 8s
9700K .......... .......... .......... .......... .......... 32% 10.7M 8s
9750K .......... .......... .......... .......... .......... 32% 12.0M 8s
9800K .......... .......... .......... .......... .......... 32% 13.0M 8s
9850K .......... .......... .......... .......... .......... 32% 9.30M 8s
9900K .......... .......... .......... .......... .......... 33% 10.7M 8s
9950K .......... .......... .......... .......... .......... 33% 12.9M 8s
10000K .......... .......... .......... .......... .......... 33% 11.5M 8s
10050K .......... .......... .......... .......... .......... 33% 11.8M 8s
10100K .......... .......... .......... .......... .......... 33% 10.9M 8s
10150K .......... .......... .......... .......... .......... 33% 12.9M 8s
10200K .......... .......... .......... .......... .......... 34% 12.1M 8s
10250K .......... .......... .......... .......... .......... 34% 9.64M 8s
10300K .......... .......... .......... .......... .......... 34% 11.5M 8s
10350K .......... .......... .......... .......... .......... 34% 1.86M 8s
10400K .......... .......... .......... .......... .......... 34% 12.1M 8s
10450K .......... .......... .......... .......... .......... 34% 11.4M 8s
10500K .......... .......... .......... .......... .......... 35% 10.4M 8s
10550K .......... .......... .......... .......... .......... 35% 11.9M 8s
10600K .......... .......... .......... .......... .......... 35% 12.6M 7s
10650K .......... .......... .......... .......... .......... 35% 9.59M 7s
10700K .......... .......... .......... .......... .......... 35% 11.1M 7s
10750K .......... .......... .......... .......... .......... 35% 13.1M 7s
10800K .......... .......... .......... .......... .......... 36% 12.2M 7s
10850K .......... .......... .......... .......... .......... 36% 12.0M 7s
10900K .......... .......... .......... .......... .......... 36% 11.1M 7s
10950K .......... .......... .......... .......... .......... 36% 12.6M 7s
11000K .......... .......... .......... .......... .......... 36% 12.4M 7s
11050K .......... .......... .......... .......... .......... 36% 1.92M 7s
11100K .......... .......... .......... .......... .......... 37% 10.0M 7s
11150K .......... .......... .......... .......... .......... 37% 12.1M 7s
11200K .......... .......... .......... .......... .......... 37% 12.0M 7s
11250K .......... .......... .......... .......... .......... 37% 12.0M 7s
11300K .......... .......... .......... .......... .......... 37% 13.0M 7s
11350K .......... .......... .......... .......... .......... 37% 10.5M 7s
11400K .......... .......... .......... .......... .......... 38% 12.5M 7s
11450K .......... .......... .......... .......... .......... 38% 9.79M 7s
11500K .......... .......... .......... .......... .......... 38% 11.6M 7s
11550K .......... .......... .......... .......... .......... 38% 12.9M 7s
11600K .......... .......... .......... .......... .......... 38% 12.2M 7s
11650K .......... .......... .......... .......... .......... 38% 12.0M 7s
11700K .......... .......... .......... .......... .......... 39% 13.1M 7s
11750K .......... .......... .......... .......... .......... 39% 10.7M 7s
11800K .......... .......... .......... .......... .......... 39% 2.42M 7s
11850K .......... .......... .......... .......... .......... 39% 8.92M 6s
11900K .......... .......... .......... .......... .......... 39% 12.5M 6s
11950K .......... .......... .......... .......... .......... 39% 11.3M 6s
12000K .......... .......... .......... .......... .......... 40% 11.9M 6s
12050K .......... .......... .......... .......... .......... 40% 12.5M 6s
12100K .......... .......... .......... .......... .......... 40% 12.2M 6s
12150K .......... .......... .......... .......... .......... 40% 10.4M 6s
12200K .......... .......... .......... .......... .......... 40% 12.8M 6s
12250K .......... .......... .......... .......... .......... 40% 10.1M 6s
12300K .......... .......... .......... .......... .......... 41% 12.9M 6s
12350K .......... .......... .......... .......... .......... 41% 11.2M 6s
12400K .......... .......... .......... .......... .......... 41% 12.6M 6s
12450K .......... .......... .......... .......... .......... 41% 11.9M 6s
12500K .......... .......... .......... .......... .......... 41% 12.2M 6s
12550K .......... .......... .......... .......... .......... 41% 10.5M 6s
12600K .......... .......... .......... .......... .......... 42% 2.99M 6s
12650K .......... .......... .......... .......... .......... 42% 8.77M 6s
12700K .......... .......... .......... .......... .......... 42% 11.5M 6s
12750K .......... .......... .......... .......... .......... 42% 12.1M 6s
12800K .......... .......... .......... .......... .......... 42% 12.4M 6s
12850K .......... .......... .......... .......... .......... 42% 12.4M 6s
12900K .......... .......... .......... .......... .......... 43% 12.6M 6s
12950K .......... .......... .......... .......... .......... 43% 10.9M 6s
13000K .......... .......... .......... .......... .......... 43% 12.5M 6s
13050K .......... .......... .......... .......... .......... 43% 9.74M 6s
13100K .......... .......... .......... .......... .......... 43% 12.4M 6s
13150K .......... .......... .......... .......... .......... 43% 10.9M 6s
13200K .......... .......... .......... .......... .......... 44% 13.1M 6s
13250K .......... .......... .......... .......... .......... 44% 12.3M 6s
13300K .......... .......... .......... .......... .......... 44% 12.8M 5s
13350K .......... .......... .......... .......... .......... 44% 11.2M 5s
13400K .......... .......... .......... .......... .......... 44% 13.2M 5s
13450K .......... .......... .......... .......... .......... 44% 3.40M 5s
13500K .......... .......... .......... .......... .......... 45% 10.3M 5s
13550K .......... .......... .......... .......... .......... 45% 10.6M 5s
13600K .......... .......... .......... .......... .......... 45% 12.4M 5s
13650K .......... .......... .......... .......... .......... 45% 12.1M 5s
13700K .......... .......... .......... .......... .......... 45% 5.84M 5s
13750K .......... .......... .......... .......... .......... 45% 24.1M 5s
13800K .......... .......... .......... .......... .......... 46% 34.0M 5s
13850K .......... .......... .......... .......... .......... 46% 9.70M 5s
13900K .......... .......... .......... .......... .......... 46% 12.9M 5s
13950K .......... .......... .......... .......... .......... 46% 11.4M 5s
14000K .......... .......... .......... .......... .......... 46% 12.2M 5s
14050K .......... .......... .......... .......... .......... 46% 12.3M 5s
14100K .......... .......... .......... .......... .......... 47% 12.8M 5s
14150K .......... .......... .......... .......... .......... 47% 12.2M 5s
14200K .......... .......... .......... .......... .......... 47% 11.0M 5s
14250K .......... .......... .......... .......... .......... 47% 9.71M 5s
14300K .......... .......... .......... .......... .......... 47% 12.1M 5s
14350K .......... .......... .......... .......... .......... 47% 5.40M 5s
14400K .......... .......... .......... .......... .......... 48% 12.0M 5s
14450K .......... .......... .......... .......... .......... 48% 12.1M 5s
14500K .......... .......... .......... .......... .......... 48% 12.4M 5s
14550K .......... .......... .......... .......... .......... 48% 12.8M 5s
14600K .......... .......... .......... .......... .......... 48% 12.0M 5s
14650K .......... .......... .......... .......... .......... 48% 9.35M 5s
14700K .......... .......... .......... .......... .......... 49% 12.2M 5s
14750K .......... .......... .......... .......... .......... 49% 12.7M 5s
14800K .......... .......... .......... .......... .......... 49% 11.2M 5s
14850K .......... .......... .......... .......... .......... 49% 11.7M 5s
14900K .......... .......... .......... .......... .......... 49% 12.4M 5s
14950K .......... .......... .......... .......... .......... 49% 13.3M 5s
15000K .......... .......... .......... .......... .......... 50% 11.9M 5s
15050K .......... .......... .......... .......... .......... 50% 9.51M 4s
15100K .......... .......... .......... .......... .......... 50% 12.9M 4s
15150K .......... .......... .......... .......... .......... 50% 12.3M 4s
15200K .......... .......... .......... .......... .......... 50% 10.6M 4s
15250K .......... .......... .......... .......... .......... 50% 12.4M 4s
15300K .......... .......... .......... .......... .......... 51% 11.5M 4s
15350K .......... .......... .......... .......... .......... 51% 11.9M 4s
15400K .......... .......... .......... .......... .......... 51% 10.8M 4s
15450K .......... .......... .......... .......... .......... 51% 9.71M 4s
15500K .......... .......... .......... .......... .......... 51% 12.6M 4s
15550K .......... .......... .......... .......... .......... 51% 12.5M 4s
15600K .......... .......... .......... .......... .......... 52% 10.3M 4s
15650K .......... .......... .......... .......... .......... 52% 12.5M 4s
15700K .......... .......... .......... .......... .......... 52% 13.2M 4s
15750K .......... .......... .......... .......... .......... 52% 12.3M 4s
15800K .......... .......... .......... .......... .......... 52% 11.7M 4s
15850K .......... .......... .......... .......... .......... 52% 9.77M 4s
15900K .......... .......... .......... .......... .......... 53% 12.5M 4s
15950K .......... .......... .......... .......... .......... 53% 13.4M 4s
16000K .......... .......... .......... .......... .......... 53% 10.9M 4s
16050K .......... .......... .......... .......... .......... 53% 12.6M 4s
16100K .......... .......... .......... .......... .......... 53% 12.2M 4s
16150K .......... .......... .......... .......... .......... 53% 12.5M 4s
16200K .......... .......... .......... .......... .......... 54% 11.2M 4s
16250K .......... .......... .......... .......... .......... 54% 9.02M 4s
16300K .......... .......... .......... .......... .......... 54% 11.5M 4s
16350K .......... .......... .......... .......... .......... 54% 11.9M 4s
16400K .......... .......... .......... .......... .......... 54% 11.2M 4s
16450K .......... .......... .......... .......... .......... 54% 12.0M 4s
16500K .......... .......... .......... .......... .......... 55% 12.3M 4s
16550K .......... .......... .......... .......... .......... 55% 13.3M 4s
16600K .......... .......... .......... .......... .......... 55% 11.5M 4s
16650K .......... .......... .......... .......... .......... 55% 9.73M 4s
16700K .......... .......... .......... .......... .......... 55% 12.7M 4s
16750K .......... .......... .......... .......... .......... 55% 12.7M 4s
16800K .......... .......... .......... .......... .......... 56% 10.8M 4s
16850K .......... .......... .......... .......... .......... 56% 12.1M 4s
16900K .......... .......... .......... .......... .......... 56% 12.5M 4s
16950K .......... .......... .......... .......... .......... 56% 12.5M 4s
17000K .......... .......... .......... .......... .......... 56% 11.2M 4s
17050K .......... .......... .......... .......... .......... 56% 8.84M 4s
17100K .......... .......... .......... .......... .......... 57% 12.2M 4s
17150K .......... .......... .......... .......... .......... 57% 16.9M 4s
17200K .......... .......... .......... .......... .......... 57% 10.4M 3s
17250K .......... .......... .......... .......... .......... 57% 10.8M 3s
17300K .......... .......... .......... .......... .......... 57% 13.6M 3s
17350K .......... .......... .......... .......... .......... 57% 11.4M 3s
17400K .......... .......... .......... .......... .......... 58% 11.8M 3s
17450K .......... .......... .......... .......... .......... 58% 8.56M 3s
17500K .......... .......... .......... .......... .......... 58% 15.5M 3s
17550K .......... .......... .......... .......... .......... 58% 12.4M 3s
17600K .......... .......... .......... .......... .......... 58% 9.57M 3s
17650K .......... .......... .......... .......... .......... 58% 18.0M 3s
17700K .......... .......... .......... .......... .......... 59% 12.7M 3s
17750K .......... .......... .......... .......... .......... 59% 13.2M 3s
17800K .......... .......... .......... .......... .......... 59% 12.8M 3s
17850K .......... .......... .......... .......... .......... 59% 8.28M 3s
17900K .......... .......... .......... .......... .......... 59% 12.2M 3s
17950K .......... .......... .......... .......... .......... 59% 12.5M 3s
18000K .......... .......... .......... .......... .......... 60% 12.7M 3s
18050K .......... .......... .......... .......... .......... 60% 10.8M 3s
18100K .......... .......... .......... .......... .......... 60% 12.3M 3s
18150K .......... .......... .......... .......... .......... 60% 12.6M 3s
18200K .......... .......... .......... .......... .......... 60% 12.7M 3s
18250K .......... .......... .......... .......... .......... 60% 7.97M 3s
18300K .......... .......... .......... .......... .......... 61% 12.3M 3s
18350K .......... .......... .......... .......... .......... 61% 12.1M 3s
18400K .......... .......... .......... .......... .......... 61% 12.4M 3s
18450K .......... .......... .......... .......... .......... 61% 11.1M 3s
18500K .......... .......... .......... .......... .......... 61% 12.2M 3s
18550K .......... .......... .......... .......... .......... 61% 12.6M 3s
18600K .......... .......... .......... .......... .......... 62% 12.4M 3s
18650K .......... .......... .......... .......... .......... 62% 8.04M 3s
18700K .......... .......... .......... .......... .......... 62% 12.8M 3s
18750K .......... .......... .......... .......... .......... 62% 12.6M 3s
18800K .......... .......... .......... .......... .......... 62% 12.0M 3s
18850K .......... .......... .......... .......... .......... 62% 11.5M 3s
18900K .......... .......... .......... .......... .......... 63% 13.1M 3s
18950K .......... .......... .......... .......... .......... 63% 12.7M 3s
19000K .......... .......... .......... .......... .......... 63% 12.7M 3s
19050K .......... .......... .......... .......... .......... 63% 8.42M 3s
19100K .......... .......... .......... .......... .......... 63% 12.3M 3s
19150K .......... .......... .......... .......... .......... 63% 12.2M 3s
19200K .......... .......... .......... .......... .......... 64% 11.9M 3s
19250K .......... .......... .......... .......... .......... 64% 10.8M 3s
19300K .......... .......... .......... .......... .......... 64% 11.7M 3s
19350K .......... .......... .......... .......... .......... 64% 12.6M 3s
19400K .......... .......... .......... .......... .......... 64% 12.7M 3s
19450K .......... .......... .......... .......... .......... 64% 8.64M 3s
19500K .......... .......... .......... .......... .......... 65% 12.2M 3s
19550K .......... .......... .......... .......... .......... 65% 11.7M 3s
19600K .......... .......... .......... .......... .......... 65% 13.8M 3s
19650K .......... .......... .......... .......... .......... 65% 10.1M 3s
19700K .......... .......... .......... .......... .......... 65% 12.4M 3s
19750K .......... .......... .......... .......... .......... 65% 12.6M 3s
19800K .......... .......... .......... .......... .......... 66% 12.4M 3s
19850K .......... .......... .......... .......... .......... 66% 8.53M 3s
19900K .......... .......... .......... .......... .......... 66% 12.4M 2s
19950K .......... .......... .......... .......... .......... 66% 12.9M 2s
20000K .......... .......... .......... .......... .......... 66% 12.3M 2s
20050K .......... .......... .......... .......... .......... 66% 10.9M 2s
20100K .......... .......... .......... .......... .......... 67% 12.0M 2s
20150K .......... .......... .......... .......... .......... 67% 11.9M 2s
20200K .......... .......... .......... .......... .......... 67% 12.5M 2s
20250K .......... .......... .......... .......... .......... 67% 8.47M 2s
20300K .......... .......... .......... .......... .......... 67% 12.5M 2s
20350K .......... .......... .......... .......... .......... 67% 11.7M 2s
20400K .......... .......... .......... .......... .......... 68% 12.4M 2s
20450K .......... .......... .......... .......... .......... 68% 10.0M 2s
20500K .......... .......... .......... .......... .......... 68% 12.2M 2s
20550K .......... .......... .......... .......... .......... 68% 12.6M 2s
20600K .......... .......... .......... .......... .......... 68% 12.5M 2s
20650K .......... .......... .......... .......... .......... 68% 9.23M 2s
20700K .......... .......... .......... .......... .......... 69% 12.1M 2s
20750K .......... .......... .......... .......... .......... 69% 11.8M 2s
20800K .......... .......... .......... .......... .......... 69% 12.6M 2s
20850K .......... .......... .......... .......... .......... 69% 10.1M 2s
20900K .......... .......... .......... .......... .......... 69% 13.1M 2s
20950K .......... .......... .......... .......... .......... 69% 12.3M 2s
21000K .......... .......... .......... .......... .......... 70% 12.5M 2s
21050K .......... .......... .......... .......... .......... 70% 8.80M 2s
21100K .......... .......... .......... .......... .......... 70% 11.8M 2s
21150K .......... .......... .......... .......... .......... 70% 11.8M 2s
21200K .......... .......... .......... .......... .......... 70% 12.4M 2s
21250K .......... .......... .......... .......... .......... 70% 11.0M 2s
21300K .......... .......... .......... .......... .......... 71% 12.5M 2s
21350K .......... .......... .......... .......... .......... 71% 11.9M 2s
21400K .......... .......... .......... .......... .......... 71% 12.3M 2s
21450K .......... .......... .......... .......... .......... 71% 8.51M 2s
21500K .......... .......... .......... .......... .......... 71% 12.4M 2s
21550K .......... .......... .......... .......... .......... 71% 12.7M 2s
21600K .......... .......... .......... .......... .......... 72% 12.6M 2s
21650K .......... .......... .......... .......... .......... 72% 10.5M 2s
21700K .......... .......... .......... .......... .......... 72% 12.4M 2s
21750K .......... .......... .......... .......... .......... 72% 12.8M 2s
21800K .......... .......... .......... .......... .......... 72% 12.9M 2s
21850K .......... .......... .......... .......... .......... 72% 8.99M 2s
21900K .......... .......... .......... .......... .......... 73% 12.4M 2s
21950K .......... .......... .......... .......... .......... 73% 12.6M 2s
22000K .......... .......... .......... .......... .......... 73% 12.0M 2s
22050K .......... .......... .......... .......... .......... 73% 9.93M 2s
22100K .......... .......... .......... .......... .......... 73% 12.1M 2s
22150K .......... .......... .......... .......... .......... 73% 12.4M 2s
22200K .......... .......... .......... .......... .......... 74% 12.6M 2s
22250K .......... .......... .......... .......... .......... 74% 8.38M 2s
22300K .......... .......... .......... .......... .......... 74% 12.4M 2s
22350K .......... .......... .......... .......... .......... 74% 12.3M 2s
22400K .......... .......... .......... .......... .......... 74% 12.7M 2s
22450K .......... .......... .......... .......... .......... 74% 10.6M 2s
22500K .......... .......... .......... .......... .......... 75% 12.5M 2s
22550K .......... .......... .......... .......... .......... 75% 12.4M 2s
22600K .......... .......... .......... .......... .......... 75% 12.7M 2s
22650K .......... .......... .......... .......... .......... 75% 8.48M 2s
22700K .......... .......... .......... .......... .......... 75% 12.3M 2s
22750K .......... .......... .......... .......... .......... 75% 12.4M 2s
22800K .......... .......... .......... .......... .......... 76% 12.6M 2s
22850K .......... .......... .......... .......... .......... 76% 10.4M 2s
22900K .......... .......... .......... .......... .......... 76% 12.4M 2s
22950K .......... .......... .......... .......... .......... 76% 11.9M 2s
23000K .......... .......... .......... .......... .......... 76% 11.9M 2s
23050K .......... .......... .......... .......... .......... 76% 8.49M 2s
23100K .......... .......... .......... .......... .......... 77% 12.6M 2s
23150K .......... .......... .......... .......... .......... 77% 12.3M 2s
23200K .......... .......... .......... .......... .......... 77% 12.8M 2s
23250K .......... .......... .......... .......... .......... 77% 10.3M 2s
23300K .......... .......... .......... .......... .......... 77% 12.8M 1s
23350K .......... .......... .......... .......... .......... 77% 12.3M 1s
23400K .......... .......... .......... .......... .......... 78% 12.5M 1s
23450K .......... .......... .......... .......... .......... 78% 8.20M 1s
23500K .......... .......... .......... .......... .......... 78% 12.0M 1s
23550K .......... .......... .......... .......... .......... 78% 12.1M 1s
23600K .......... .......... .......... .......... .......... 78% 12.3M 1s
23650K .......... .......... .......... .......... .......... 78% 11.5M 1s
23700K .......... .......... .......... .......... .......... 79% 12.3M 1s
23750K .......... .......... .......... .......... .......... 79% 12.5M 1s
23800K .......... .......... .......... .......... .......... 79% 12.7M 1s
23850K .......... .......... .......... .......... .......... 79% 8.33M 1s
23900K .......... .......... .......... .......... .......... 79% 9.52M 1s
23950K .......... .......... .......... .......... .......... 79% 11.6M 1s
24000K .......... .......... .......... .......... .......... 80% 12.1M 1s
24050K .......... .......... .......... .......... .......... 80% 11.3M 1s
24100K .......... .......... .......... .......... .......... 80% 12.8M 1s
24150K .......... .......... .......... .......... .......... 80% 12.4M 1s
24200K .......... .......... .......... .......... .......... 80% 12.0M 1s
24250K .......... .......... .......... .......... .......... 80% 8.39M 1s
24300K .......... .......... .......... .......... .......... 81% 12.4M 1s
24350K .......... .......... .......... .......... .......... 81% 12.7M 1s
24400K .......... .......... .......... .......... .......... 81% 12.3M 1s
24450K .......... .......... .......... .......... .......... 81% 10.9M 1s
24500K .......... .......... .......... .......... .......... 81% 12.9M 1s
24550K .......... .......... .......... .......... .......... 81% 12.6M 1s
24600K .......... .......... .......... .......... .......... 82% 12.1M 1s
24650K .......... .......... .......... .......... .......... 82% 8.21M 1s
24700K .......... .......... .......... .......... .......... 82% 12.6M 1s
24750K .......... .......... .......... .......... .......... 82% 12.0M 1s
24800K .......... .......... .......... .......... .......... 82% 11.9M 1s
24850K .......... .......... .......... .......... .......... 82% 10.8M 1s
24900K .......... .......... .......... .......... .......... 83% 11.9M 1s
24950K .......... .......... .......... .......... .......... 83% 11.9M 1s
25000K .......... .......... .......... .......... .......... 83% 11.3M 1s
25050K .......... .......... .......... .......... .......... 83% 8.46M 1s
25100K .......... .......... .......... .......... .......... 83% 12.2M 1s
25150K .......... .......... .......... .......... .......... 83% 12.8M 1s
25200K .......... .......... .......... .......... .......... 84% 12.5M 1s
25250K .......... .......... .......... .......... .......... 84% 10.8M 1s
25300K .......... .......... .......... .......... .......... 84% 12.1M 1s
25350K .......... .......... .......... .......... .......... 84% 12.3M 1s
25400K .......... .......... .......... .......... .......... 84% 12.6M 1s
25450K .......... .......... .......... .......... .......... 84% 8.41M 1s
25500K .......... .......... .......... .......... .......... 85% 13.2M 1s
25550K .......... .......... .......... .......... .......... 85% 12.6M 1s
25600K .......... .......... .......... .......... .......... 85% 12.4M 1s
25650K .......... .......... .......... .......... .......... 85% 10.1M 1s
25700K .......... .......... .......... .......... .......... 85% 12.1M 1s
25750K .......... .......... .......... .......... .......... 85% 12.7M 1s
25800K .......... .......... .......... .......... .......... 86% 12.9M 1s
25850K .......... .......... .......... .......... .......... 86% 8.50M 1s
25900K .......... .......... .......... .......... .......... 86% 12.7M 1s
25950K .......... .......... .......... .......... .......... 86% 12.9M 1s
26000K .......... .......... .......... .......... .......... 86% 12.1M 1s
26050K .......... .......... .......... .......... .......... 86% 10.1M 1s
26100K .......... .......... .......... .......... .......... 87% 13.1M 1s
26150K .......... .......... .......... .......... .......... 87% 11.9M 1s
26200K .......... .......... .......... .......... .......... 87% 11.9M 1s
26250K .......... .......... .......... .......... .......... 87% 8.62M 1s
26300K .......... .......... .......... .......... .......... 87% 12.4M 1s
26350K .......... .......... .......... .......... .......... 87% 11.7M 1s
26400K .......... .......... .......... .......... .......... 88% 12.0M 1s
26450K .......... .......... .......... .......... .......... 88% 9.64M 1s
26500K .......... .......... .......... .......... .......... 88% 12.8M 1s
26550K .......... .......... .......... .......... .......... 88% 12.5M 1s
26600K .......... .......... .......... .......... .......... 88% 12.5M 1s
26650K .......... .......... .......... .......... .......... 88% 8.72M 1s
26700K .......... .......... .......... .......... .......... 89% 12.1M 1s
26750K .......... .......... .......... .......... .......... 89% 12.3M 1s
26800K .......... .......... .......... .......... .......... 89% 13.0M 1s
26850K .......... .......... .......... .......... .......... 89% 10.4M 1s
26900K .......... .......... .......... .......... .......... 89% 12.2M 1s
26950K .......... .......... .......... .......... .......... 89% 12.4M 1s
27000K .......... .......... .......... .......... .......... 90% 12.1M 1s
27050K .......... .......... .......... .......... .......... 90% 8.96M 1s
27100K .......... .......... .......... .......... .......... 90% 11.5M 1s
27150K .......... .......... .......... .......... .......... 90% 12.4M 1s
27200K .......... .......... .......... .......... .......... 90% 12.1M 1s
27250K .......... .......... .......... .......... .......... 90% 9.91M 1s
27300K .......... .......... .......... .......... .......... 91% 12.1M 1s
27350K .......... .......... .......... .......... .......... 91% 11.9M 1s
27400K .......... .......... .......... .......... .......... 91% 12.7M 1s
27450K .......... .......... .......... .......... .......... 91% 8.54M 1s
27500K .......... .......... .......... .......... .......... 91% 12.1M 0s
27550K .......... .......... .......... .......... .......... 91% 12.1M 0s
27600K .......... .......... .......... .......... .......... 92% 12.6M 0s
27650K .......... .......... .......... .......... .......... 92% 9.71M 0s
27700K .......... .......... .......... .......... .......... 92% 12.9M 0s
27750K .......... .......... .......... .......... .......... 92% 12.0M 0s
27800K .......... .......... .......... .......... .......... 92% 13.3M 0s
27850K .......... .......... .......... .......... .......... 92% 9.17M 0s
27900K .......... .......... .......... .......... .......... 93% 12.9M 0s
27950K .......... .......... .......... .......... .......... 93% 12.1M 0s
28000K .......... .......... .......... .......... .......... 93% 12.5M 0s
28050K .......... .......... .......... .......... .......... 93% 10.6M 0s
28100K .......... .......... .......... .......... .......... 93% 13.2M 0s
28150K .......... .......... .......... .......... .......... 93% 12.1M 0s
28200K .......... .......... .......... .......... .......... 94% 12.6M 0s
28250K .......... .......... .......... .......... .......... 94% 8.17M 0s
28300K .......... .......... .......... .......... .......... 94% 12.6M 0s
28350K .......... .......... .......... .......... .......... 94% 12.4M 0s
28400K .......... .......... .......... .......... .......... 94% 13.0M 0s
28450K .......... .......... .......... .......... .......... 94% 10.6M 0s
28500K .......... .......... .......... .......... .......... 95% 11.6M 0s
28550K .......... .......... .......... .......... .......... 95% 12.7M 0s
28600K .......... .......... .......... .......... .......... 95% 12.6M 0s
28650K .......... .......... .......... .......... .......... 95% 8.65M 0s
28700K .......... .......... .......... .......... .......... 95% 12.5M 0s
28750K .......... .......... .......... .......... .......... 95% 12.8M 0s
28800K .......... .......... .......... .......... .......... 96% 12.5M 0s
28850K .......... .......... .......... .......... .......... 96% 10.5M 0s
28900K .......... .......... .......... .......... .......... 96% 12.6M 0s
28950K .......... .......... .......... .......... .......... 96% 12.5M 0s
29000K .......... .......... .......... .......... .......... 96% 12.6M 0s
29050K .......... .......... .......... .......... .......... 96% 8.07M 0s
29100K .......... .......... .......... .......... .......... 97% 12.9M 0s
29150K .......... .......... .......... .......... .......... 97% 11.6M 0s
29200K .......... .......... .......... .......... .......... 97% 12.1M 0s
29250K .......... .......... .......... .......... .......... 97% 12.0M 0s
29300K .......... .......... .......... .......... .......... 97% 10.8M 0s
29350K .......... .......... .......... .......... .......... 97% 12.3M 0s
29400K .......... .......... .......... .......... .......... 98% 13.0M 0s
29450K .......... .......... .......... .......... .......... 98% 8.12M 0s
29500K .......... .......... .......... .......... .......... 98% 12.5M 0s
29550K .......... .......... .......... .......... .......... 98% 13.0M 0s
29600K .......... .......... .......... .......... .......... 98% 12.7M 0s
29650K .......... .......... .......... .......... .......... 98% 11.8M 0s
29700K .......... .......... .......... .......... .......... 99% 10.2M 0s
29750K .......... .......... .......... .......... .......... 99% 12.9M 0s
29800K .......... .......... .......... .......... .......... 99% 12.7M 0s
29850K .......... .......... .......... .......... .......... 99% 8.21M 0s
29900K .......... .......... .......... .......... .......... 99% 13.1M 0s
29950K .......... .......... .......... .......... .......... 99% 14.5M 0s
30000K .....                                                 100% 41.3M=5.8s

2016-12-15 03:22:09 (5.04 MB/s) - 'z3-4.5.0-x64-ubuntu-14.04.zip' saved [30725443/30725443]

Cloning into 'everest'...
[WARNING] Running as root is not recommended
[WARNING] Running as root is not recommended
[WARNING] Running as root is not recommended
[WARNING] Running as root is not recommended
Cloning into 'mitls-fstar'...
Permission denied (publickey).
fatal: Could not read from remote repository.

Please make sure you have the correct access rights
and the repository exists.
Cloning into 'mitls-fstar'...
Switched to a new branch 'adl_lowlevel_merge'
Cloning into 'Spartan'...
Host key verification failed.
fatal: Could not read from remote repository.

Please make sure you have the correct access rights
and the repository exists.
Cloning into 'Spartan'...
fatal: could not read Username for 'https://msresearch.visualstudio.com': terminal prompts disabled
Cloning into 'FStar'...
Warning: Permanently added the RSA host key for IP address '192.30.253.112' to the list of known hosts.
Permission denied (publickey).
fatal: Could not read from remote repository.

Please make sure you have the correct access rights
and the repository exists.
Cloning into 'FStar'...
Switched to a new branch 'c_record_aead'
Cloning into 'hacl-star'...
Permission denied (publickey).
fatal: Could not read from remote repository.

Please make sure you have the correct access rights
and the repository exists.
Cloning into 'hacl-star'...
Switched to a new branch 'jk_low_level_crypto'
Cloning into 'kremlin'...
Permission denied (publickey).
fatal: Could not read from remote repository.

Please make sure you have the correct access rights
and the repository exists.
Cloning into 'kremlin'...
Already on 'master'
make[1]: warning: -jN forced in submake: disabling jobserver mode.
Warning: you are using the standard library and/or the %inline keyword. We
recommend switching on --infer in order to avoid obscure type error messages.
make[1]: warning: jobserver unavailable: using -j1.  Add '+' to parent make rule.
make[1]: warning: jobserver unavailable: using -j1.  Add '+' to parent make rule.
make[1]: warning: jobserver unavailable: using -j1.  Add '+' to parent make rule.
Cloning into 'ucontrib/CoreCrypto/ml/openssl'...
ar: creating libcrypto.a
ar: creating libssl.a
openssl_stub.c: In function 'ocaml_openssl_init':
openssl_stub.c:93:3: warning: implicit declaration of function 'OPENSSL_config' [-Wimplicit-function-declaration]
OPENSSL_config("CoreCrypto");
^
openssl_stub.c: In function 'ocaml_rsa_gen_key':
openssl_stub.c:668:23: warning: passing argument 2 of 'RSA_get0_key' from incompatible pointer type [-Wincompatible-pointer-types]
RSA_get0_key(rsa, &b_n, &b_e, &b_d);
^
In file included from openssl_stub.c:22:0:
openssl/include/openssl/rsa.h:181:6: note: expected 'const BIGNUM ** {aka const struct bignum_st **}' but argument is of type 'BIGNUM ** {aka struct bignum_st **}'
void RSA_get0_key(const RSA *r,
^
openssl_stub.c:668:29: warning: passing argument 3 of 'RSA_get0_key' from incompatible pointer type [-Wincompatible-pointer-types]
RSA_get0_key(rsa, &b_n, &b_e, &b_d);
^
In file included from openssl_stub.c:22:0:
openssl/include/openssl/rsa.h:181:6: note: expected 'const BIGNUM ** {aka const struct bignum_st **}' but argument is of type 'BIGNUM ** {aka struct bignum_st **}'
void RSA_get0_key(const RSA *r,
^
openssl_stub.c:668:35: warning: passing argument 4 of 'RSA_get0_key' from incompatible pointer type [-Wincompatible-pointer-types]
RSA_get0_key(rsa, &b_n, &b_e, &b_d);
^
In file included from openssl_stub.c:22:0:
openssl/include/openssl/rsa.h:181:6: note: expected 'const BIGNUM ** {aka const struct bignum_st **}' but argument is of type 'BIGNUM ** {aka struct bignum_st **}'
void RSA_get0_key(const RSA *r,
^
openssl_stub.c: In function 'ocaml_rsa_get_key':
openssl_stub.c:779:21: warning: passing argument 2 of 'RSA_get0_key' from incompatible pointer type [-Wincompatible-pointer-types]
RSA_get0_key(rsa, &b_n, &b_e, &b_d);
^
In file included from openssl_stub.c:22:0:
openssl/include/openssl/rsa.h:181:6: note: expected 'const BIGNUM ** {aka const struct bignum_st **}' but argument is of type 'BIGNUM ** {aka struct bignum_st **}'
void RSA_get0_key(const RSA *r,
^
openssl_stub.c:779:27: warning: passing argument 3 of 'RSA_get0_key' from incompatible pointer type [-Wincompatible-pointer-types]
RSA_get0_key(rsa, &b_n, &b_e, &b_d);
^
In file included from openssl_stub.c:22:0:
openssl/include/openssl/rsa.h:181:6: note: expected 'const BIGNUM ** {aka const struct bignum_st **}' but argument is of type 'BIGNUM ** {aka struct bignum_st **}'
void RSA_get0_key(const RSA *r,
^
openssl_stub.c:779:33: warning: passing argument 4 of 'RSA_get0_key' from incompatible pointer type [-Wincompatible-pointer-types]
RSA_get0_key(rsa, &b_n, &b_e, &b_d);
^
In file included from openssl_stub.c:22:0:
openssl/include/openssl/rsa.h:181:6: note: expected 'const BIGNUM ** {aka const struct bignum_st **}' but argument is of type 'BIGNUM ** {aka struct bignum_st **}'
void RSA_get0_key(const RSA *r,
^
openssl_stub.c: In function 'ocaml_rsa_encrypt':
openssl_stub.c:823:23: warning: passing argument 2 of 'RSA_get0_key' from incompatible pointer type [-Wincompatible-pointer-types]
RSA_get0_key(rsa, &b_n, &b_e, &b_d);
^
In file included from openssl_stub.c:22:0:
openssl/include/openssl/rsa.h:181:6: note: expected 'const BIGNUM ** {aka const struct bignum_st **}' but argument is of type 'BIGNUM ** {aka struct bignum_st **}'
void RSA_get0_key(const RSA *r,
^
openssl_stub.c:823:29: warning: passing argument 3 of 'RSA_get0_key' from incompatible pointer type [-Wincompatible-pointer-types]
RSA_get0_key(rsa, &b_n, &b_e, &b_d);
^
In file included from openssl_stub.c:22:0:
openssl/include/openssl/rsa.h:181:6: note: expected 'const BIGNUM ** {aka const struct bignum_st **}' but argument is of type 'BIGNUM ** {aka struct bignum_st **}'
void RSA_get0_key(const RSA *r,
^
openssl_stub.c:823:35: warning: passing argument 4 of 'RSA_get0_key' from incompatible pointer type [-Wincompatible-pointer-types]
RSA_get0_key(rsa, &b_n, &b_e, &b_d);
^
In file included from openssl_stub.c:22:0:
openssl/include/openssl/rsa.h:181:6: note: expected 'const BIGNUM ** {aka const struct bignum_st **}' but argument is of type 'BIGNUM ** {aka struct bignum_st **}'
void RSA_get0_key(const RSA *r,
^
openssl_stub.c: In function 'ocaml_rsa_decrypt':
openssl_stub.c:878:23: warning: passing argument 2 of 'RSA_get0_key' from incompatible pointer type [-Wincompatible-pointer-types]
RSA_get0_key(rsa, &b_n, &b_e, &b_d);
^
In file included from openssl_stub.c:22:0:
openssl/include/openssl/rsa.h:181:6: note: expected 'const BIGNUM ** {aka const struct bignum_st **}' but argument is of type 'BIGNUM ** {aka struct bignum_st **}'
void RSA_get0_key(const RSA *r,
^
openssl_stub.c:878:29: warning: passing argument 3 of 'RSA_get0_key' from incompatible pointer type [-Wincompatible-pointer-types]
RSA_get0_key(rsa, &b_n, &b_e, &b_d);
^
In file included from openssl_stub.c:22:0:
openssl/include/openssl/rsa.h:181:6: note: expected 'const BIGNUM ** {aka const struct bignum_st **}' but argument is of type 'BIGNUM ** {aka struct bignum_st **}'
void RSA_get0_key(const RSA *r,
^
openssl_stub.c:878:35: warning: passing argument 4 of 'RSA_get0_key' from incompatible pointer type [-Wincompatible-pointer-types]
RSA_get0_key(rsa, &b_n, &b_e, &b_d);
^
In file included from openssl_stub.c:22:0:
openssl/include/openssl/rsa.h:181:6: note: expected 'const BIGNUM ** {aka const struct bignum_st **}' but argument is of type 'BIGNUM ** {aka struct bignum_st **}'
void RSA_get0_key(const RSA *r,
^
openssl_stub.c: In function 'ocaml_rsa_sign':
openssl_stub.c:922:23: warning: passing argument 2 of 'RSA_get0_key' from incompatible pointer type [-Wincompatible-pointer-types]
RSA_get0_key(rsa, &b_n, &b_e, &b_d);
^
In file included from openssl_stub.c:22:0:
openssl/include/openssl/rsa.h:181:6: note: expected 'const BIGNUM ** {aka const struct bignum_st **}' but argument is of type 'BIGNUM ** {aka struct bignum_st **}'
void RSA_get0_key(const RSA *r,
^
openssl_stub.c:922:29: warning: passing argument 3 of 'RSA_get0_key' from incompatible pointer type [-Wincompatible-pointer-types]
RSA_get0_key(rsa, &b_n, &b_e, &b_d);
^
In file included from openssl_stub.c:22:0:
openssl/include/openssl/rsa.h:181:6: note: expected 'const BIGNUM ** {aka const struct bignum_st **}' but argument is of type 'BIGNUM ** {aka struct bignum_st **}'
void RSA_get0_key(const RSA *r,
^
openssl_stub.c:922:35: warning: passing argument 4 of 'RSA_get0_key' from incompatible pointer type [-Wincompatible-pointer-types]
RSA_get0_key(rsa, &b_n, &b_e, &b_d);
^
In file included from openssl_stub.c:22:0:
openssl/include/openssl/rsa.h:181:6: note: expected 'const BIGNUM ** {aka const struct bignum_st **}' but argument is of type 'BIGNUM ** {aka struct bignum_st **}'
void RSA_get0_key(const RSA *r,
^
openssl_stub.c: In function 'ocaml_rsa_verify':
openssl_stub.c:975:23: warning: passing argument 2 of 'RSA_get0_key' from incompatible pointer type [-Wincompatible-pointer-types]
RSA_get0_key(rsa, &b_n, &b_e, &b_d);
^
In file included from openssl_stub.c:22:0:
openssl/include/openssl/rsa.h:181:6: note: expected 'const BIGNUM ** {aka const struct bignum_st **}' but argument is of type 'BIGNUM ** {aka struct bignum_st **}'
void RSA_get0_key(const RSA *r,
^
openssl_stub.c:975:29: warning: passing argument 3 of 'RSA_get0_key' from incompatible pointer type [-Wincompatible-pointer-types]
RSA_get0_key(rsa, &b_n, &b_e, &b_d);
^
In file included from openssl_stub.c:22:0:
openssl/include/openssl/rsa.h:181:6: note: expected 'const BIGNUM ** {aka const struct bignum_st **}' but argument is of type 'BIGNUM ** {aka struct bignum_st **}'
void RSA_get0_key(const RSA *r,
^
openssl_stub.c:975:35: warning: passing argument 4 of 'RSA_get0_key' from incompatible pointer type [-Wincompatible-pointer-types]
RSA_get0_key(rsa, &b_n, &b_e, &b_d);
^
In file included from openssl_stub.c:22:0:
openssl/include/openssl/rsa.h:181:6: note: expected 'const BIGNUM ** {aka const struct bignum_st **}' but argument is of type 'BIGNUM ** {aka struct bignum_st **}'
void RSA_get0_key(const RSA *r,
^
openssl_stub.c: In function 'ocaml_dsa_gen_params':
openssl_stub.c:1087:23: warning: passing argument 2 of 'DSA_get0_pqg' from incompatible pointer type [-Wincompatible-pointer-types]
DSA_get0_pqg(dsa, &b_p, &b_q, &b_g);
^
In file included from openssl_stub.c:23:0:
openssl/include/openssl/dsa.h:173:6: note: expected 'const BIGNUM ** {aka const struct bignum_st **}' but argument is of type 'BIGNUM ** {aka struct bignum_st **}'
void DSA_get0_pqg(const DSA *d,
^
openssl_stub.c:1087:29: warning: passing argument 3 of 'DSA_get0_pqg' from incompatible pointer type [-Wincompatible-pointer-types]
DSA_get0_pqg(dsa, &b_p, &b_q, &b_g);
^
In file included from openssl_stub.c:23:0:
openssl/include/openssl/dsa.h:173:6: note: expected 'const BIGNUM ** {aka const struct bignum_st **}' but argument is of type 'BIGNUM ** {aka struct bignum_st **}'
void DSA_get0_pqg(const DSA *d,
^
openssl_stub.c:1087:35: warning: passing argument 4 of 'DSA_get0_pqg' from incompatible pointer type [-Wincompatible-pointer-types]
DSA_get0_pqg(dsa, &b_p, &b_q, &b_g);
^
In file included from openssl_stub.c:23:0:
openssl/include/openssl/dsa.h:173:6: note: expected 'const BIGNUM ** {aka const struct bignum_st **}' but argument is of type 'BIGNUM ** {aka struct bignum_st **}'
void DSA_get0_pqg(const DSA *d,
^
openssl_stub.c: In function 'ocaml_dsa_gen_key':
openssl_stub.c:1144:23: warning: passing argument 2 of 'DSA_get0_key' from incompatible pointer type [-Wincompatible-pointer-types]
DSA_get0_key(dsa, &b_pub, &b_priv);
^
In file included from openssl_stub.c:23:0:
openssl/include/openssl/dsa.h:176:6: note: expected 'const BIGNUM ** {aka const struct bignum_st **}' but argument is of type 'BIGNUM ** {aka struct bignum_st **}'
void DSA_get0_key(const DSA *d,
^
openssl_stub.c:1144:31: warning: passing argument 3 of 'DSA_get0_key' from incompatible pointer type [-Wincompatible-pointer-types]
DSA_get0_key(dsa, &b_pub, &b_priv);
^
In file included from openssl_stub.c:23:0:
openssl/include/openssl/dsa.h:176:6: note: expected 'const BIGNUM ** {aka const struct bignum_st **}' but argument is of type 'BIGNUM ** {aka struct bignum_st **}'
void DSA_get0_key(const DSA *d,
^
openssl_stub.c: In function 'ocaml_dsa_get_key':
openssl_stub.c:1183:21: warning: passing argument 2 of 'DSA_get0_pqg' from incompatible pointer type [-Wincompatible-pointer-types]
DSA_get0_pqg(dsa, &b_p, &b_q, &b_g);
^
In file included from openssl_stub.c:23:0:
openssl/include/openssl/dsa.h:173:6: note: expected 'const BIGNUM ** {aka const struct bignum_st **}' but argument is of type 'BIGNUM ** {aka struct bignum_st **}'
void DSA_get0_pqg(const DSA *d,
^
openssl_stub.c:1183:27: warning: passing argument 3 of 'DSA_get0_pqg' from incompatible pointer type [-Wincompatible-pointer-types]
DSA_get0_pqg(dsa, &b_p, &b_q, &b_g);
^
In file included from openssl_stub.c:23:0:
openssl/include/openssl/dsa.h:173:6: note: expected 'const BIGNUM ** {aka const struct bignum_st **}' but argument is of type 'BIGNUM ** {aka struct bignum_st **}'
void DSA_get0_pqg(const DSA *d,
^
openssl_stub.c:1183:33: warning: passing argument 4 of 'DSA_get0_pqg' from incompatible pointer type [-Wincompatible-pointer-types]
DSA_get0_pqg(dsa, &b_p, &b_q, &b_g);
^
In file included from openssl_stub.c:23:0:
openssl/include/openssl/dsa.h:173:6: note: expected 'const BIGNUM ** {aka const struct bignum_st **}' but argument is of type 'BIGNUM ** {aka struct bignum_st **}'
void DSA_get0_pqg(const DSA *d,
^
openssl_stub.c:1190:21: warning: passing argument 2 of 'DSA_get0_key' from incompatible pointer type [-Wincompatible-pointer-types]
DSA_get0_key(dsa, &b_pub, &b_priv);
^
In file included from openssl_stub.c:23:0:
openssl/include/openssl/dsa.h:176:6: note: expected 'const BIGNUM ** {aka const struct bignum_st **}' but argument is of type 'BIGNUM ** {aka struct bignum_st **}'
void DSA_get0_key(const DSA *d,
^
openssl_stub.c:1190:29: warning: passing argument 3 of 'DSA_get0_key' from incompatible pointer type [-Wincompatible-pointer-types]
DSA_get0_key(dsa, &b_pub, &b_priv);
^
In file included from openssl_stub.c:23:0:
openssl/include/openssl/dsa.h:176:6: note: expected 'const BIGNUM ** {aka const struct bignum_st **}' but argument is of type 'BIGNUM ** {aka struct bignum_st **}'
void DSA_get0_key(const DSA *d,
^
openssl_stub.c: In function 'ocaml_dsa_set_key':
openssl_stub.c:1235:23: warning: passing argument 2 of 'DSA_get0_pqg' from incompatible pointer type [-Wincompatible-pointer-types]
DSA_get0_pqg(dsa, &b_p, &b_q, &b_g);
^
In file included from openssl_stub.c:23:0:
openssl/include/openssl/dsa.h:173:6: note: expected 'const BIGNUM ** {aka const struct bignum_st **}' but argument is of type 'BIGNUM ** {aka struct bignum_st **}'
void DSA_get0_pqg(const DSA *d,
^
openssl_stub.c:1235:29: warning: passing argument 3 of 'DSA_get0_pqg' from incompatible pointer type [-Wincompatible-pointer-types]
DSA_get0_pqg(dsa, &b_p, &b_q, &b_g);
^
In file included from openssl_stub.c:23:0:
openssl/include/openssl/dsa.h:173:6: note: expected 'const BIGNUM ** {aka const struct bignum_st **}' but argument is of type 'BIGNUM ** {aka struct bignum_st **}'
void DSA_get0_pqg(const DSA *d,
^
openssl_stub.c:1235:35: warning: passing argument 4 of 'DSA_get0_pqg' from incompatible pointer type [-Wincompatible-pointer-types]
DSA_get0_pqg(dsa, &b_p, &b_q, &b_g);
^
In file included from openssl_stub.c:23:0:
openssl/include/openssl/dsa.h:173:6: note: expected 'const BIGNUM ** {aka const struct bignum_st **}' but argument is of type 'BIGNUM ** {aka struct bignum_st **}'
void DSA_get0_pqg(const DSA *d,
^
openssl_stub.c:1236:23: warning: passing argument 2 of 'DSA_get0_key' from incompatible pointer type [-Wincompatible-pointer-types]
DSA_get0_key(dsa, &b_pub, &b_priv);
^
In file included from openssl_stub.c:23:0:
openssl/include/openssl/dsa.h:176:6: note: expected 'const BIGNUM ** {aka const struct bignum_st **}' but argument is of type 'BIGNUM ** {aka struct bignum_st **}'
void DSA_get0_key(const DSA *d,
^
openssl_stub.c:1236:31: warning: passing argument 3 of 'DSA_get0_key' from incompatible pointer type [-Wincompatible-pointer-types]
DSA_get0_key(dsa, &b_pub, &b_priv);
^
In file included from openssl_stub.c:23:0:
openssl/include/openssl/dsa.h:176:6: note: expected 'const BIGNUM ** {aka const struct bignum_st **}' but argument is of type 'BIGNUM ** {aka struct bignum_st **}'
void DSA_get0_key(const DSA *d,
^
openssl_stub.c: In function 'ocaml_dsa_sign':
openssl_stub.c:1325:23: warning: passing argument 2 of 'DSA_get0_pqg' from incompatible pointer type [-Wincompatible-pointer-types]
DSA_get0_pqg(dsa, &b_p, &b_q, &b_g);
^
In file included from openssl_stub.c:23:0:
openssl/include/openssl/dsa.h:173:6: note: expected 'const BIGNUM ** {aka const struct bignum_st **}' but argument is of type 'BIGNUM ** {aka struct bignum_st **}'
void DSA_get0_pqg(const DSA *d,
^
openssl_stub.c:1325:29: warning: passing argument 3 of 'DSA_get0_pqg' from incompatible pointer type [-Wincompatible-pointer-types]
DSA_get0_pqg(dsa, &b_p, &b_q, &b_g);
^
In file included from openssl_stub.c:23:0:
openssl/include/openssl/dsa.h:173:6: note: expected 'const BIGNUM ** {aka const struct bignum_st **}' but argument is of type 'BIGNUM ** {aka struct bignum_st **}'
void DSA_get0_pqg(const DSA *d,
^
openssl_stub.c:1325:35: warning: passing argument 4 of 'DSA_get0_pqg' from incompatible pointer type [-Wincompatible-pointer-types]
DSA_get0_pqg(dsa, &b_p, &b_q, &b_g);
^
In file included from openssl_stub.c:23:0:
openssl/include/openssl/dsa.h:173:6: note: expected 'const BIGNUM ** {aka const struct bignum_st **}' but argument is of type 'BIGNUM ** {aka struct bignum_st **}'
void DSA_get0_pqg(const DSA *d,
^
openssl_stub.c:1326:23: warning: passing argument 2 of 'DSA_get0_key' from incompatible pointer type [-Wincompatible-pointer-types]
DSA_get0_key(dsa, &b_pub, &b_priv);
^
In file included from openssl_stub.c:23:0:
openssl/include/openssl/dsa.h:176:6: note: expected 'const BIGNUM ** {aka const struct bignum_st **}' but argument is of type 'BIGNUM ** {aka struct bignum_st **}'
void DSA_get0_key(const DSA *d,
^
openssl_stub.c:1326:31: warning: passing argument 3 of 'DSA_get0_key' from incompatible pointer type [-Wincompatible-pointer-types]
DSA_get0_key(dsa, &b_pub, &b_priv);
^
In file included from openssl_stub.c:23:0:
openssl/include/openssl/dsa.h:176:6: note: expected 'const BIGNUM ** {aka const struct bignum_st **}' but argument is of type 'BIGNUM ** {aka struct bignum_st **}'
void DSA_get0_key(const DSA *d,
^
openssl_stub.c: In function 'ocaml_dsa_verify':
openssl_stub.c:1368:23: warning: passing argument 2 of 'DSA_get0_pqg' from incompatible pointer type [-Wincompatible-pointer-types]
DSA_get0_pqg(dsa, &b_p, &b_q, &b_g);
^
In file included from openssl_stub.c:23:0:
openssl/include/openssl/dsa.h:173:6: note: expected 'const BIGNUM ** {aka const struct bignum_st **}' but argument is of type 'BIGNUM ** {aka struct bignum_st **}'
void DSA_get0_pqg(const DSA *d,
^
openssl_stub.c:1368:29: warning: passing argument 3 of 'DSA_get0_pqg' from incompatible pointer type [-Wincompatible-pointer-types]
DSA_get0_pqg(dsa, &b_p, &b_q, &b_g);
^
In file included from openssl_stub.c:23:0:
openssl/include/openssl/dsa.h:173:6: note: expected 'const BIGNUM ** {aka const struct bignum_st **}' but argument is of type 'BIGNUM ** {aka struct bignum_st **}'
void DSA_get0_pqg(const DSA *d,
^
openssl_stub.c:1368:35: warning: passing argument 4 of 'DSA_get0_pqg' from incompatible pointer type [-Wincompatible-pointer-types]
DSA_get0_pqg(dsa, &b_p, &b_q, &b_g);
^
In file included from openssl_stub.c:23:0:
openssl/include/openssl/dsa.h:173:6: note: expected 'const BIGNUM ** {aka const struct bignum_st **}' but argument is of type 'BIGNUM ** {aka struct bignum_st **}'
void DSA_get0_pqg(const DSA *d,
^
openssl_stub.c:1369:23: warning: passing argument 2 of 'DSA_get0_key' from incompatible pointer type [-Wincompatible-pointer-types]
DSA_get0_key(dsa, &b_pub, &b_priv);
^
In file included from openssl_stub.c:23:0:
openssl/include/openssl/dsa.h:176:6: note: expected 'const BIGNUM ** {aka const struct bignum_st **}' but argument is of type 'BIGNUM ** {aka struct bignum_st **}'
void DSA_get0_key(const DSA *d,
^
openssl_stub.c:1369:31: warning: passing argument 3 of 'DSA_get0_key' from incompatible pointer type [-Wincompatible-pointer-types]
DSA_get0_key(dsa, &b_pub, &b_priv);
^
In file included from openssl_stub.c:23:0:
openssl/include/openssl/dsa.h:176:6: note: expected 'const BIGNUM ** {aka const struct bignum_st **}' but argument is of type 'BIGNUM ** {aka struct bignum_st **}'
void DSA_get0_key(const DSA *d,
^
openssl_stub.c: In function 'ocaml_dh_gen_params':
openssl_stub.c:1473:21: warning: passing argument 2 of 'DH_get0_pqg' from incompatible pointer type [-Wincompatible-pointer-types]
DH_get0_pqg(dh, &b_p, &b_q, &b_g);
^
In file included from openssl/include/openssl/dsa.h:31:0,
from openssl_stub.c:23:
openssl/include/openssl/dh.h:154:6: note: expected 'const BIGNUM ** {aka const struct bignum_st **}' but argument is of type 'BIGNUM ** {aka struct bignum_st **}'
void DH_get0_pqg(const DH *dh,
^
openssl_stub.c:1473:27: warning: passing argument 3 of 'DH_get0_pqg' from incompatible pointer type [-Wincompatible-pointer-types]
DH_get0_pqg(dh, &b_p, &b_q, &b_g);
^
In file included from openssl/include/openssl/dsa.h:31:0,
from openssl_stub.c:23:
openssl/include/openssl/dh.h:154:6: note: expected 'const BIGNUM ** {aka const struct bignum_st **}' but argument is of type 'BIGNUM ** {aka struct bignum_st **}'
void DH_get0_pqg(const DH *dh,
^
openssl_stub.c:1473:33: warning: passing argument 4 of 'DH_get0_pqg' from incompatible pointer type [-Wincompatible-pointer-types]
DH_get0_pqg(dh, &b_p, &b_q, &b_g);
^
In file included from openssl/include/openssl/dsa.h:31:0,
from openssl_stub.c:23:
openssl/include/openssl/dh.h:154:6: note: expected 'const BIGNUM ** {aka const struct bignum_st **}' but argument is of type 'BIGNUM ** {aka struct bignum_st **}'
void DH_get0_pqg(const DH *dh,
^
openssl_stub.c: In function 'ocaml_dh_params_of_string':
openssl_stub.c:1506:21: warning: passing argument 2 of 'DH_get0_pqg' from incompatible pointer type [-Wincompatible-pointer-types]
DH_get0_pqg(dh, &b_p, &b_q, &b_g);
^
In file included from openssl/include/openssl/dsa.h:31:0,
from openssl_stub.c:23:
openssl/include/openssl/dh.h:154:6: note: expected 'const BIGNUM ** {aka const struct bignum_st **}' but argument is of type 'BIGNUM ** {aka struct bignum_st **}'
void DH_get0_pqg(const DH *dh,
^
openssl_stub.c:1506:27: warning: passing argument 3 of 'DH_get0_pqg' from incompatible pointer type [-Wincompatible-pointer-types]
DH_get0_pqg(dh, &b_p, &b_q, &b_g);
^
In file included from openssl/include/openssl/dsa.h:31:0,
from openssl_stub.c:23:
openssl/include/openssl/dh.h:154:6: note: expected 'const BIGNUM ** {aka const struct bignum_st **}' but argument is of type 'BIGNUM ** {aka struct bignum_st **}'
void DH_get0_pqg(const DH *dh,
^
openssl_stub.c:1506:33: warning: passing argument 4 of 'DH_get0_pqg' from incompatible pointer type [-Wincompatible-pointer-types]
DH_get0_pqg(dh, &b_p, &b_q, &b_g);
^
In file included from openssl/include/openssl/dsa.h:31:0,
from openssl_stub.c:23:
openssl/include/openssl/dh.h:154:6: note: expected 'const BIGNUM ** {aka const struct bignum_st **}' but argument is of type 'BIGNUM ** {aka struct bignum_st **}'
void DH_get0_pqg(const DH *dh,
^
openssl_stub.c: In function 'ocaml_dh_gen_key':
openssl_stub.c:1561:21: warning: passing argument 2 of 'DH_get0_key' from incompatible pointer type [-Wincompatible-pointer-types]
DH_get0_key(dh, &b_pub, &b_prv);
^
In file included from openssl/include/openssl/dsa.h:31:0,
from openssl_stub.c:23:
openssl/include/openssl/dh.h:157:6: note: expected 'const BIGNUM ** {aka const struct bignum_st **}' but argument is of type 'BIGNUM ** {aka struct bignum_st **}'
void DH_get0_key(const DH *dh,
^
openssl_stub.c:1561:29: warning: passing argument 3 of 'DH_get0_key' from incompatible pointer type [-Wincompatible-pointer-types]
DH_get0_key(dh, &b_pub, &b_prv);
^
In file included from openssl/include/openssl/dsa.h:31:0,
from openssl_stub.c:23:
openssl/include/openssl/dh.h:157:6: note: expected 'const BIGNUM ** {aka const struct bignum_st **}' but argument is of type 'BIGNUM ** {aka struct bignum_st **}'
void DH_get0_key(const DH *dh,
^
openssl_stub.c: In function 'ocaml_dh_compute':
openssl_stub.c:1672:21: warning: passing argument 2 of 'DH_get0_key' from incompatible pointer type [-Wincompatible-pointer-types]
DH_get0_key(dh, &b_pub, &b_prv);
^
In file included from openssl/include/openssl/dsa.h:31:0,
from openssl_stub.c:23:
openssl/include/openssl/dh.h:157:6: note: expected 'const BIGNUM ** {aka const struct bignum_st **}' but argument is of type 'BIGNUM ** {aka struct bignum_st **}'
void DH_get0_key(const DH *dh,
^
openssl_stub.c:1672:29: warning: passing argument 3 of 'DH_get0_key' from incompatible pointer type [-Wincompatible-pointer-types]
DH_get0_key(dh, &b_pub, &b_prv);
^
In file included from openssl/include/openssl/dsa.h:31:0,
from openssl_stub.c:23:
openssl/include/openssl/dh.h:157:6: note: expected 'const BIGNUM ** {aka const struct bignum_st **}' but argument is of type 'BIGNUM ** {aka struct bignum_st **}'
void DH_get0_key(const DH *dh,
^
openssl_stub.c: In function 'ocaml_load_chain':
openssl_stub.c:2198:16: warning: variable 'first' set but not used [-Wunused-but-set-variable]
X509 *x509, *first = NULL;
^
make[1]: warning: jobserver unavailable: using -j1.  Add '+' to parent make rule.
make[1]: warning: jobserver unavailable: using -j1.  Add '+' to parent make rule.
Warning 6: in the definition of buf, after the definition of m0, in top-level declaration Crypto.Symmetric.Bytes.random_bytes, in file Crypto_Symmetric_Bytes: stack newbuf 0uint8 @1 is a non-constant size, stack-allocated array; this is not supported by CompCert
Warning 6: in the definition of state, in top-level declaration Crypto.Symmetric.AES.cipher, in file Crypto_Symmetric_AES: stack newbuf 0uint8 Crypto.Symmetric.AES.blocklen is a non-constant size, stack-allocated array; this is not supported by CompCert
Warning 6: in the definition of state, in top-level declaration Crypto.Symmetric.AES.inv_cipher, in file Crypto_Symmetric_AES: stack newbuf 0uint8 Crypto.Symmetric.AES.blocklen is a non-constant size, stack-allocated array; this is not supported by CompCert
Warning 6: in the definition of state, in top-level declaration Crypto.Symmetric.AES128.cipher, in file Crypto_Symmetric_AES128: stack newbuf 0uint8 Crypto.Symmetric.AES128.blocklen is a non-constant size, stack-allocated array; this is not supported by CompCert
Warning 6: in the definition of state, in top-level declaration Crypto.Symmetric.AES128.inv_cipher, in file Crypto_Symmetric_AES128: stack newbuf 0uint8 Crypto.Symmetric.AES128.blocklen is a non-constant size, stack-allocated array; this is not supported by CompCert
Warning 6: in top-level declaration Crypto.Symmetric.MAC.rcreate, in file Crypto_Symmetric_MAC: eternal newbuf 0uint8 Crypto.Symmetric.MAC.wlen is a non-constant size, stack-allocated array; this is not supported by CompCert
Warning 6: in the definition of k, in top-level declaration Crypto.Symmetric.UF1CMA.akey_gen, in file Crypto_Symmetric_UF1CMA: eternal newbuf 0uint8 Crypto.Symmetric.UF1CMA.skeylen @0 is a non-constant size, stack-allocated array; this is not supported by CompCert
Warning 6: in the definition of sk, in top-level declaration Crypto.Symmetric.UF1CMA.akey_coerce, in file Crypto_Symmetric_UF1CMA: eternal newbuf 0uint8 Crypto.Symmetric.UF1CMA.skeylen @1 is a non-constant size, stack-allocated array; this is not supported by CompCert
Warning 6: in the definition of k, after the definition of len, in top-level declaration Crypto.Symmetric.UF1CMA.gen, in file Crypto_Symmetric_UF1CMA: eternal newbuf 0uint8 @0 is a non-constant size, stack-allocated array; this is not supported by CompCert
Warning 6: in top-level declaration Crypto.Plain.create, in file Crypto_Plain: stack newbuf @1 @0 is a non-constant size, stack-allocated array; this is not supported by CompCert
Warning 6: in the definition of keystate, after the definition of mac_rgn, in top-level declaration Crypto.Symmetric.PRF.gen, in file Crypto_Symmetric_PRF: eternal newbuf 0uint8 Crypto.Symmetric.PRF.statelen @1 is a non-constant size, stack-allocated array; this is not supported by CompCert
Warning 6: in the definition of key, after the definition of keystate, in top-level declaration Crypto.Symmetric.PRF.gen, in file Crypto_Symmetric_PRF: stack newbuf 0uint8 Crypto.Symmetric.PRF.keylen @2 is a non-constant size, stack-allocated array; this is not supported by CompCert
Warning 6: in the definition of keystate, after the definition of mac_rgn, in top-level declaration Crypto.Symmetric.PRF.coerce, in file Crypto_Symmetric_PRF: eternal newbuf 0uint8 Crypto.Symmetric.PRF.statelen @2 is a non-constant size, stack-allocated array; this is not supported by CompCert
Warning 6: in the definition of keyBuffer, after the definition of macId, in top-level declaration Crypto.Symmetric.PRF.prf_mac, in file Crypto_Symmetric_PRF: eternal newbuf 0uint8 Crypto.Symmetric.UF1CMA.keylen @6 is a non-constant size, stack-allocated array; this is not supported by CompCert
Warning 6: in the definition of keyBuffer, after the definition of x, in top-level declaration Crypto.Symmetric.PRF.prf_sk0, in file Crypto_Symmetric_PRF: eternal newbuf 0uint8 Crypto.Symmetric.UF1CMA.skeylen @3 is a non-constant size, stack-allocated array; this is not supported by CompCert
Warning 6: in the definition of cipher, after the definition of cipherlen, in top-level declaration Crypto.KrmlTest.test, in file Crypto_KrmlTest: stack newbuf 0uint8 @0 is a non-constant size, stack-allocated array; this is not supported by CompCert
Warning 6: in the definition of cipher, after the definition of cipherlen, in top-level declaration Crypto.KrmlTest.test_aes_gcm, in file Crypto_KrmlTest: stack newbuf 2uint8 @0 is a non-constant size, stack-allocated array; this is not supported by CompCert
Warning 6: in the definition of plain, after the definition of plainlen, in top-level declaration Crypto.KrmlTest.test_aes_gcm_0, in file Crypto_KrmlTest: stack newbuf 0uint8 @0 is a non-constant size, stack-allocated array; this is not supported by CompCert
Warning 6: in the definition of aad, after the definition of aadlen, in top-level declaration Crypto.KrmlTest.test_aes_gcm_0, in file Crypto_KrmlTest: stack newbuf 0uint8 @0 is a non-constant size, stack-allocated array; this is not supported by CompCert
Warning 6: in the definition of plain, after the definition of plainlen, in top-level declaration Crypto.KrmlTest.test_aes_gcm_1, in file Crypto_KrmlTest: stack newbuf 0uint8 @0 is a non-constant size, stack-allocated array; this is not supported by CompCert
Warning 6: in the definition of aad, after the definition of aadlen, in top-level declaration Crypto.KrmlTest.test_aes_gcm_1, in file Crypto_KrmlTest: stack newbuf 0uint8 @0 is a non-constant size, stack-allocated array; this is not supported by CompCert
Warning 6: in the definition of plain, after the definition of plainlen, in top-level declaration Crypto.KrmlTest.test_aes_gcm_2, in file Crypto_KrmlTest: stack newbuf 0uint8 @0 is a non-constant size, stack-allocated array; this is not supported by CompCert
Warning 6: in the definition of aad, after the definition of aadlen, in top-level declaration Crypto.KrmlTest.test_aes_gcm_2, in file Crypto_KrmlTest: stack newbuf 0uint8 @0 is a non-constant size, stack-allocated array; this is not supported by CompCert
Warning 6: in the definition of aad, after the definition of aadlen, in top-level declaration Crypto.KrmlTest.test_aes_gcm_3, in file Crypto_KrmlTest: stack newbuf 0uint8 @0 is a non-constant size, stack-allocated array; this is not supported by CompCert
make[2]: warning: jobserver unavailable: using -j1.  Add '+' to parent make rule.
make[2]: warning: jobserver unavailable: using -j1.  Add '+' to parent make rule.
Makefile:86: .depend: No such file or directory
lowc_stub.c: In function 'ocaml_AEAD_create':
lowc_stub.c:90:18: warning: unused variable 'keylen' [-Wunused-variable]
uint32_t keylen = caml_string_length(key);
^
/root/everest/FStar/examples/low-level/LowCProvider/lowc_stub.o: In function `ocaml_AEAD_create':
/root/everest/FStar/examples/low-level/LowCProvider/lowc_stub.c:92: undefined reference to `Crypto_Symmetric_PRF_statelen'
/root/everest/FStar/examples/low-level/LowCProvider/lowc_stub.c:93: undefined reference to `Crypto_Symmetric_Cipher_init'
/root/everest/FStar/examples/low-level/LowCProvider/lowc_stub.c:100: undefined reference to `Crypto_Symmetric_PRF_no_table'
/root/everest/FStar/examples/low-level/LowCProvider/lowc_stub.c:105: undefined reference to `Crypto_Symmetric_UF1CMA_skeyed'
/root/everest/FStar/examples/low-level/LowCProvider/lowc_stub.c:108: undefined reference to `Crypto_Symmetric_UF1CMA_skeylen'
/root/everest/FStar/examples/low-level/LowCProvider/lowc_stub.c:109: undefined reference to `Crypto_Symmetric_UF1CMA_skeylen'
/root/everest/FStar/examples/low-level/LowCProvider/lowc_stub.c:109: undefined reference to `Crypto_Symmetric_PRF_getBlock'
/root/everest/FStar/examples/low-level/LowCProvider/lowc_stub.o: In function `ocaml_AEAD_encrypt':
/root/everest/FStar/examples/low-level/LowCProvider/lowc_stub.c:142: undefined reference to `Crypto_Symmetric_Bytes_load_uint128'
/root/everest/FStar/examples/low-level/LowCProvider/lowc_stub.c:155: undefined reference to `Crypto_AEAD_encrypt'
/root/everest/FStar/examples/low-level/LowCProvider/lowc_stub.o: In function `ocaml_AEAD_decrypt':
/root/everest/FStar/examples/low-level/LowCProvider/lowc_stub.c:166: undefined reference to `Crypto_Symmetric_Bytes_load_uint128'
/root/everest/FStar/examples/low-level/LowCProvider/lowc_stub.c:181: undefined reference to `Crypto_AEAD_decrypt'
collect2: error: ld returned 1 exit status
File "caml_startup", line 1:
Error: Error during linking
make: *** [tls-gen-spartan] Error 2
