# Switching to the everest directory ... now in /Users/jonathan/Code/everest

Checking environment
... which found
... greadlink found
... github.com access ok
... ocaml minimum version requirements met
... opam found
... all       15 ocamlfind packages found
... fsharpc found
... fsc found in PATH
... correct z3 version detected
... fstar.exe and krml in PATH
FSTAR_HOME is not set... set it? [Yn]
Skipping ~/.bashrc customization because EVEREST_CI is set
... FSTAR_HOME ok

Remember to run source ~/.bashrc if it was modified!
Pulling mitls-fstar
Your branch is up-to-date with 'origin/adl_lowlevel_merge'.
HEAD is now at a5c1ac5 HSM record
Pulling Spartan
Your branch is up-to-date with 'origin/master'.
HEAD is now at 92852b6 Change lit working directory to repo root, add some .cs includes to some
Pulling FStar
Your branch is up-to-date with 'origin/c_record_aead'.
HEAD is now at 4b607c916 Makefile sadness
Pulling hacl-star
M	FStar
M	kremlin
Your branch is up-to-date with 'origin/jk_low_level_crypto'.
HEAD is now at 8b81fac poly1305 in rust: very incomplete
Pulling kremlin
Your branch is up-to-date with 'origin/master'.
HEAD is now at 6051d1b Restore signature for compare_and_print
Already up-to-date.
Updating 92852b6..537be4d
Fast-forward
 .gitignore |   1 +
 SConstruct | 258 ++++++++++++++++++++++++++++++++++++++++++++++++++++---------
 scons.bat  |   2 +
 3 files changed, 224 insertions(+), 37 deletions(-)
 create mode 100644 scons.bat
Already up-to-date.
Updating 8b81fac..0bdd09e
Fast-forward
 test/artifact/hacl-star/crypto/Makefile | 3 ++-
 1 file changed, 2 insertions(+), 1 deletion(-)
Already up-to-date.
ok# Switching to the everest directory ... now in /Users/jonathan/Code/everest

Recording a new snapshot
recording mitls-fstar at revision a5c1ac5b (adl_lowlevel_merge)
recording Spartan at revision 537be4d9 (master)
recording FStar at revision 4b607c91 (c_record_aead)
recording hacl-star at revision 0bdd09e3 (jk_low_level_crypto)
recording kremlin at revision 6051d1b3 (master)

New hashes have been recorded in hashes.sh. You can see the changes with git
diff.

If you intend to make this set of working revisions widely available, then you
must run commit and push.
[master 1726348] [CI] automatic upgrade
 1 file changed, 2 insertions(+), 2 deletions(-)
Your branch is ahead of 'origin/master' by 1 commit.
  (use "git push" to publish your local commits)
Already up-to-date.
