--2017-01-28 01:53:21--  https://dist.nuget.org/win-x86-commandline/latest/nuget.exe
Resolving dist.nuget.org (dist.nuget.org)... 2606:2800:11f:17a5:191a:18d5:537:22f9, 72.21.81.200
Connecting to dist.nuget.org (dist.nuget.org)|2606:2800:11f:17a5:191a:18d5:537:22f9|:443... connected.
HTTP request sent, awaiting response... 200 OK
Length: 4266712 (4.1M) [application/octet-stream]
Saving to: ‘nuget.exe’

0K .......... .......... .......... .......... ..........  1%  463K 9s
50K .......... .......... .......... .......... ..........  2%  940K 7s
100K .......... .......... .......... .......... ..........  3%  941K 6s
150K .......... .......... .......... .......... ..........  4% 26.4M 4s
200K .......... .......... .......... .......... ..........  5%  980K 4s
250K .......... .......... .......... .......... ..........  7% 38.0M 3s
300K .......... .......... .......... .......... ..........  8% 44.6M 3s
350K .......... .......... .......... .......... ..........  9% 37.3M 3s
400K .......... .......... .......... .......... .......... 10% 1002K 3s
450K .......... .......... .......... .......... .......... 11% 36.1M 2s
500K .......... .......... .......... .......... .......... 13% 15.9M 2s
550K .......... .......... .......... .......... .......... 14% 45.5M 2s
600K .......... .......... .......... .......... .......... 15% 46.2M 2s
650K .......... .......... .......... .......... .......... 16% 39.0M 2s
700K .......... .......... .......... .......... .......... 17% 1.09M 2s
750K .......... .......... .......... .......... .......... 19% 7.57M 2s
800K .......... .......... .......... .......... .......... 20% 47.7M 1s
850K .......... .......... .......... .......... .......... 21% 44.7M 1s
900K .......... .......... .......... .......... .......... 22% 50.2M 1s
950K .......... .......... .......... .......... .......... 23% 38.9M 1s
1000K .......... .......... .......... .......... .......... 25% 1.04M 1s
1050K .......... .......... .......... .......... .......... 26% 47.7M 1s
1100K .......... .......... .......... .......... .......... 27% 49.5M 1s
1150K .......... .......... .......... .......... .......... 28% 29.5M 1s
1200K .......... .......... .......... .......... .......... 29% 44.8M 1s
1250K .......... .......... .......... .......... .......... 31% 47.4M 1s
1300K .......... .......... .......... .......... .......... 32% 45.7M 1s
1350K .......... .......... .......... .......... .......... 33% 1.05M 1s
1400K .......... .......... .......... .......... .......... 34% 45.1M 1s
1450K .......... .......... .......... .......... .......... 35% 42.3M 1s
1500K .......... .......... .......... .......... .......... 37% 11.9M 1s
1550K .......... .......... .......... .......... .......... 38% 30.7M 1s
1600K .......... .......... .......... .......... .......... 39% 27.7M 1s
1650K .......... .......... .......... .......... .......... 40% 49.1M 1s
1700K .......... .......... .......... .......... .......... 41% 40.2M 1s
1750K .......... .......... .......... .......... .......... 43%  888K 1s
1800K .......... .......... .......... .......... .......... 44% 35.9M 1s
1850K .......... .......... .......... .......... .......... 45% 43.1M 1s
1900K .......... .......... .......... .......... .......... 46% 48.2M 1s
1950K .......... .......... .......... .......... .......... 47% 32.6M 1s
2000K .......... .......... .......... .......... .......... 49% 38.5M 1s
2050K .......... .......... .......... .......... .......... 50% 48.6M 1s
2100K .......... .......... .......... .......... .......... 51% 41.2M 1s
2150K .......... .......... .......... .......... .......... 52% 38.7M 1s
2200K .......... .......... .......... .......... .......... 53% 46.3M 0s
2250K .......... .......... .......... .......... .......... 55% 43.2M 0s
2300K .......... .......... .......... .......... .......... 56% 39.2M 0s
2350K .......... .......... .......... .......... .......... 57% 25.3M 0s
2400K .......... .......... .......... .......... .......... 58% 45.6M 0s
2450K .......... .......... .......... .......... .......... 59% 52.8M 0s
2500K .......... .......... .......... .......... .......... 61% 1.34M 0s
2550K .......... .......... .......... .......... .......... 62% 35.6M 0s
2600K .......... .......... .......... .......... .......... 63% 50.2M 0s
2650K .......... .......... .......... .......... .......... 64% 45.0M 0s
2700K .......... .......... .......... .......... .......... 65% 48.0M 0s
2750K .......... .......... .......... .......... .......... 67% 37.7M 0s
2800K .......... .......... .......... .......... .......... 68% 39.1M 0s
2850K .......... .......... .......... .......... .......... 69% 22.6M 0s
2900K .......... .......... .......... .......... .......... 70% 41.3M 0s
2950K .......... .......... .......... .......... .......... 71% 44.9M 0s
3000K .......... .......... .......... .......... .......... 73% 47.4M 0s
3050K .......... .......... .......... .......... .......... 74% 41.0M 0s
3100K .......... .......... .......... .......... .......... 75% 38.2M 0s
3150K .......... .......... .......... .......... .......... 76% 36.4M 0s
3200K .......... .......... .......... .......... .......... 77% 2.24M 0s
3250K .......... .......... .......... .......... .......... 79% 43.0M 0s
3300K .......... .......... .......... .......... .......... 80% 42.7M 0s
3350K .......... .......... .......... .......... .......... 81% 44.6M 0s
3400K .......... .......... .......... .......... .......... 82% 4.08M 0s
3450K .......... .......... .......... .......... .......... 83% 36.7M 0s
3500K .......... .......... .......... .......... .......... 85% 46.1M 0s
3550K .......... .......... .......... .......... .......... 86% 33.4M 0s
3600K .......... .......... .......... .......... .......... 87% 40.8M 0s
3650K .......... .......... .......... .......... .......... 88% 45.8M 0s
3700K .......... .......... .......... .......... .......... 89% 42.8M 0s
3750K .......... .......... .......... .......... .......... 91% 39.1M 0s
3800K .......... .......... .......... .......... .......... 92% 37.4M 0s
3850K .......... .......... .......... .......... .......... 93% 45.4M 0s
3900K .......... .......... .......... .......... .......... 94% 47.0M 0s
3950K .......... .......... .......... .......... .......... 95% 38.1M 0s
4000K .......... .......... .......... .......... .......... 97% 50.5M 0s
4050K .......... .......... .......... .......... .......... 98% 1.10M 0s
4100K .......... .......... .......... .......... .......... 99% 40.5M 0s
4150K .......... ......                                     100% 57.7M=0.7s

2017-01-28 01:53:23 (5.65 MB/s) - ‘nuget.exe’ saved [4266712/4266712]

Cloning into 'vale'...
Already on 'master'
Cloning into 'mitls-fstar'...
Already on 'master'
Cloning into 'FStar'...
Already on 'master'
Cloning into 'hacl-star'...
Already on 'master'
Cloning into 'kremlin'...
Already on 'master'
Warning: you are using the standard library and/or the %inline keyword. We
recommend switching on --infer in order to avoid obscure type error messages.
6 shift/reduce conflicts.
File "src/basic/ml/FStar_Util.ml", line 47, characters 57-65:
Warning 40: st_mtime was selected from type BatUnix.stats.
It is not visible in the current scope, and will not 
be selected if the type becomes unknown.
File "src/basic/ml/FStar_Util.ml", line 47, characters 57-65:
Warning 40: st_mtime was selected from type BatUnix.stats.
It is not visible in the current scope, and will not 
be selected if the type becomes unknown.
make: *** [Makefile:27: import] Error 1
make: *** FStar/ucontrib/CoreCrypto/ml: No such file or directory.  Stop.
make: *** FStar/examples/low-level: No such file or directory.  Stop.
make: *** mitls-fstar/src/tls: No such file or directory.  Stop.
