--2017-01-27 03:40:45--  https://dist.nuget.org/win-x86-commandline/latest/nuget.exe
Resolving dist.nuget.org (dist.nuget.org)... 2606:2800:11f:17a5:191a:18d5:537:22f9, 72.21.81.200
Connecting to dist.nuget.org (dist.nuget.org)|2606:2800:11f:17a5:191a:18d5:537:22f9|:443... connected.
HTTP request sent, awaiting response... 200 OK
Length: 4266712 (4.1M) [application/octet-stream]
Saving to: ‘nuget.exe’

0K .......... .......... .......... .......... ..........  1%  473K 9s
50K .......... .......... .......... .......... ..........  2%  939K 6s
100K .......... .......... .......... .......... ..........  3%  528K 7s
150K .......... .......... .......... .......... ..........  4% 21.7M 5s
200K .......... .......... .......... .......... ..........  5% 1.13M 5s
250K .......... .......... .......... .......... ..........  7% 33.0M 4s
300K .......... .......... .......... .......... ..........  8% 1.65M 4s
350K .......... .......... .......... .......... ..........  9% 28.1M 3s
400K .......... .......... .......... .......... .......... 10% 38.1M 3s
450K .......... .......... .......... .......... .......... 11%  871K 3s
500K .......... .......... .......... .......... .......... 13% 24.4M 3s
550K .......... .......... .......... .......... .......... 14% 22.1M 2s
600K .......... .......... .......... .......... .......... 15% 22.2M 2s
650K .......... .......... .......... .......... .......... 16% 1.61M 2s
700K .......... .......... .......... .......... .......... 17% 35.9M 2s
750K .......... .......... .......... .......... .......... 19% 26.6M 2s
800K .......... .......... .......... .......... .......... 20% 20.0M 2s
850K .......... .......... .......... .......... .......... 21% 1.00M 2s
900K .......... .......... .......... .......... .......... 22% 16.6M 2s
950K .......... .......... .......... .......... .......... 23% 15.0M 2s
1000K .......... .......... .......... .......... .......... 25% 13.9M 1s
1050K .......... .......... .......... .......... .......... 26% 15.1M 1s
1100K .......... .......... .......... .......... .......... 27% 16.8M 1s
1150K .......... .......... .......... .......... .......... 28% 12.7M 1s
1200K .......... .......... .......... .......... .......... 29% 1.45M 1s
1250K .......... .......... .......... .......... .......... 31% 29.0M 1s
1300K .......... .......... .......... .......... .......... 32% 14.7M 1s
1350K .......... .......... .......... .......... .......... 33% 27.3M 1s
1400K .......... .......... .......... .......... .......... 34% 25.5M 1s
1450K .......... .......... .......... .......... .......... 35% 31.9M 1s
1500K .......... .......... .......... .......... .......... 37% 29.4M 1s
1550K .......... .......... .......... .......... .......... 38% 4.78M 1s
1600K .......... .......... .......... .......... .......... 39% 26.2M 1s
1650K .......... .......... .......... .......... .......... 40% 1.56M 1s
1700K .......... .......... .......... .......... .......... 41% 29.5M 1s
1750K .......... .......... .......... .......... .......... 43% 11.7M 1s
1800K .......... .......... .......... .......... .......... 44% 29.4M 1s
1850K .......... .......... .......... .......... .......... 45% 25.1M 1s
1900K .......... .......... .......... .......... .......... 46% 35.8M 1s
1950K .......... .......... .......... .......... .......... 47% 24.2M 1s
2000K .......... .......... .......... .......... .......... 49% 34.3M 1s
2050K .......... .......... .......... .......... .......... 50% 7.75M 1s
2100K .......... .......... .......... .......... .......... 51% 28.7M 1s
2150K .......... .......... .......... .......... .......... 52% 1.70M 1s
2200K .......... .......... .......... .......... .......... 53% 25.2M 1s
2250K .......... .......... .......... .......... .......... 55% 31.7M 1s
2300K .......... .......... .......... .......... .......... 56% 17.8M 1s
2350K .......... .......... .......... .......... .......... 57% 20.1M 0s
2400K .......... .......... .......... .......... .......... 58% 28.8M 0s
2450K .......... .......... .......... .......... .......... 59% 31.1M 0s
2500K .......... .......... .......... .......... .......... 61% 30.3M 0s
2550K .......... .......... .......... .......... .......... 62% 27.6M 0s
2600K .......... .......... .......... .......... .......... 63% 29.8M 0s
2650K .......... .......... .......... .......... .......... 64% 29.3M 0s
2700K .......... .......... .......... .......... .......... 65% 7.82M 0s
2750K .......... .......... .......... .......... .......... 67% 23.7M 0s
2800K .......... .......... .......... .......... .......... 68% 1.76M 0s
2850K .......... .......... .......... .......... .......... 69% 26.3M 0s
2900K .......... .......... .......... .......... .......... 70% 29.1M 0s
2950K .......... .......... .......... .......... .......... 71% 27.3M 0s
3000K .......... .......... .......... .......... .......... 73% 25.5M 0s
3050K .......... .......... .......... .......... .......... 74% 23.3M 0s
3100K .......... .......... .......... .......... .......... 75% 27.8M 0s
3150K .......... .......... .......... .......... .......... 76% 19.5M 0s
3200K .......... .......... .......... .......... .......... 77% 30.7M 0s
3250K .......... .......... .......... .......... .......... 79% 20.4M 0s
3300K .......... .......... .......... .......... .......... 80% 30.7M 0s
3350K .......... .......... .......... .......... .......... 81% 19.8M 0s
3400K .......... .......... .......... .......... .......... 82% 24.4M 0s
3450K .......... .......... .......... .......... .......... 83% 20.4M 0s
3500K .......... .......... .......... .......... .......... 85% 28.1M 0s
3550K .......... .......... .......... .......... .......... 86% 1.90M 0s
3600K .......... .......... .......... .......... .......... 87% 19.4M 0s
3650K .......... .......... .......... .......... .......... 88% 27.4M 0s
3700K .......... .......... .......... .......... .......... 89% 29.9M 0s
3750K .......... .......... .......... .......... .......... 91% 23.1M 0s
3800K .......... .......... .......... .......... .......... 92% 27.0M 0s
3850K .......... .......... .......... .......... .......... 93% 30.7M 0s
3900K .......... .......... .......... .......... .......... 94% 24.6M 0s
3950K .......... .......... .......... .......... .......... 95% 24.4M 0s
4000K .......... .......... .......... .......... .......... 97% 32.6M 0s
4050K .......... .......... .......... .......... .......... 98% 1.14M 0s
4100K .......... .......... .......... .......... .......... 99% 26.5M 0s
4150K .......... ......                                     100% 32.5M=0.8s

2017-01-27 03:40:47 (5.02 MB/s) - ‘nuget.exe’ saved [4266712/4266712]

Cloning into 'mitls-fstar'...
Already on 'master'
Cloning into 'FStar'...
Already on 'master'
Cloning into 'Vale'...
Already on 'master'
Cloning into 'hacl-star'...
Already on 'master'
Cloning into 'kremlin'...
Already on 'master'
Warning: you are using the standard library and/or the %inline keyword. We
recommend switching on --infer in order to avoid obscure type error messages.
6 shift/reduce conflicts.
File "src/basic/ml/FStar_Util.ml", line 47, characters 57-65:
Warning 40: st_mtime was selected from type BatUnix.stats.
It is not visible in the current scope, and will not 
be selected if the type becomes unknown.
File "src/basic/ml/FStar_Util.ml", line 47, characters 57-65:
Warning 40: st_mtime was selected from type BatUnix.stats.
It is not visible in the current scope, and will not 
be selected if the type becomes unknown.
cygpath: cannot create short name of C:\Build\Agent\_work\30\s\vale\vale
'scons.bat' is not recognized as an internal or external command,
operable program or batch file.
./everest: line 563: cd: FStar: No such file or directory
make: *** examples/low-level/spartan_aes: No such file or directory.  Stop.
make: *** FStar/ucontrib/CoreCrypto/ml: No such file or directory.  Stop.
make: *** FStar/examples/low-level: No such file or directory.  Stop.
make: *** mitls-fstar/src/tls: No such file or directory.  Stop.
