/home/everbld/everest-ci/ci: line 244: cd: mitls-fstar: No such file or directory
You are not currently on a branch.
Please specify which branch you want to merge with.
See git-pull(1) for details.

git pull <remote> <branch>

/home/everbld/everest-ci/ci: line 244: cd: Spartan: No such file or directory
fatal: Not a git repository (or any parent up to mount point /cygdrive/c)
Stopping at filesystem boundary (GIT_DISCOVERY_ACROSS_FILESYSTEM not set).
fatal: Not a git repository (or any parent up to mount point /cygdrive/c)
Stopping at filesystem boundary (GIT_DISCOVERY_ACROSS_FILESYSTEM not set).
fatal: Not a git repository (or any parent up to mount point /cygdrive/c)
Stopping at filesystem boundary (GIT_DISCOVERY_ACROSS_FILESYSTEM not set).
fatal: Not a git repository (or any parent up to mount point /cygdrive/c)
Stopping at filesystem boundary (GIT_DISCOVERY_ACROSS_FILESYSTEM not set).
/home/everbld/everest-ci/ci: line 244: cd: FStar: No such file or directory
fatal: Not a git repository (or any parent up to mount point /cygdrive/c)
Stopping at filesystem boundary (GIT_DISCOVERY_ACROSS_FILESYSTEM not set).
fatal: Not a git repository (or any parent up to mount point /cygdrive/c)
Stopping at filesystem boundary (GIT_DISCOVERY_ACROSS_FILESYSTEM not set).
fatal: Not a git repository (or any parent up to mount point /cygdrive/c)
Stopping at filesystem boundary (GIT_DISCOVERY_ACROSS_FILESYSTEM not set).
fatal: Not a git repository (or any parent up to mount point /cygdrive/c)
Stopping at filesystem boundary (GIT_DISCOVERY_ACROSS_FILESYSTEM not set).
/home/everbld/everest-ci/ci: line 244: cd: hacl-star: No such file or directory
fatal: Not a git repository (or any parent up to mount point /cygdrive/c)
Stopping at filesystem boundary (GIT_DISCOVERY_ACROSS_FILESYSTEM not set).
fatal: Not a git repository (or any parent up to mount point /cygdrive/c)
Stopping at filesystem boundary (GIT_DISCOVERY_ACROSS_FILESYSTEM not set).
fatal: Not a git repository (or any parent up to mount point /cygdrive/c)
Stopping at filesystem boundary (GIT_DISCOVERY_ACROSS_FILESYSTEM not set).
fatal: Not a git repository (or any parent up to mount point /cygdrive/c)
Stopping at filesystem boundary (GIT_DISCOVERY_ACROSS_FILESYSTEM not set).
/home/everbld/everest-ci/ci: line 244: cd: kremlin: No such file or directory
fatal: Not a git repository (or any parent up to mount point /cygdrive/c)
Stopping at filesystem boundary (GIT_DISCOVERY_ACROSS_FILESYSTEM not set).
fatal: Not a git repository (or any parent up to mount point /cygdrive/c)
Stopping at filesystem boundary (GIT_DISCOVERY_ACROSS_FILESYSTEM not set).
fatal: Not a git repository (or any parent up to mount point /cygdrive/c)
Stopping at filesystem boundary (GIT_DISCOVERY_ACROSS_FILESYSTEM not set).
fatal: Not a git repository (or any parent up to mount point /cygdrive/c)
Stopping at filesystem boundary (GIT_DISCOVERY_ACROSS_FILESYSTEM not set).
/home/everbld/everest-ci/ci: line 256: ./everest: No such file or directory
% Total    % Received % Xferd  Average Speed   Time    Time     Time  Current
Dload  Upload   Total   Spent    Left  Speed
  0     0    0     0    0     0      0      0 --:--:-- --:--:-- --:--:--     0100   623    0     0  100   623      0   2867 --:--:-- --:--:-- --:--:--  3146100   625  100     2  100   623      5   1700 --:--:-- --:--:-- --:--:--  1795
