--2017-01-28 01:25:42--  https://dist.nuget.org/win-x86-commandline/latest/nuget.exe
Resolving dist.nuget.org (dist.nuget.org)... 2606:2800:11f:17a5:191a:18d5:537:22f9, 72.21.81.200
Connecting to dist.nuget.org (dist.nuget.org)|2606:2800:11f:17a5:191a:18d5:537:22f9|:443... connected.
HTTP request sent, awaiting response... 200 OK
Length: 4266712 (4.1M) [application/octet-stream]
Saving to: ‘nuget.exe’

0K .......... .......... .......... .......... ..........  1%  469K 9s
50K .......... .......... .......... .......... ..........  2%  933K 7s
100K .......... .......... .......... .......... ..........  3% 18.0M 4s
150K .......... .......... .......... .......... ..........  4%  903K 4s
200K .......... .......... .......... .......... ..........  5% 22.5M 3s
250K .......... .......... .......... .......... ..........  7% 19.4M 3s
300K .......... .......... .......... .......... ..........  8% 1007K 3s
350K .......... .......... .......... .......... ..........  9% 17.9M 3s
400K .......... .......... .......... .......... .......... 10% 21.7M 2s
450K .......... .......... .......... .......... .......... 11% 1.77M 2s
500K .......... .......... .......... .......... .......... 13% 23.0M 2s
550K .......... .......... .......... .......... .......... 14% 2.50M 2s
600K .......... .......... .......... .......... .......... 15% 21.6M 2s
650K .......... .......... .......... .......... .......... 16% 22.2M 2s
700K .......... .......... .......... .......... .......... 17% 35.3M 2s
750K .......... .......... .......... .......... .......... 19% 1.78M 2s
800K .......... .......... .......... .......... .......... 20% 34.7M 1s
850K .......... .......... .......... .......... .......... 21% 2.83M 1s
900K .......... .......... .......... .......... .......... 22% 36.4M 1s
950K .......... .......... .......... .......... .......... 23% 8.15M 1s
1000K .......... .......... .......... .......... .......... 25% 33.7M 1s
1050K .......... .......... .......... .......... .......... 26% 36.2M 1s
1100K .......... .......... .......... .......... .......... 27% 38.6M 1s
1150K .......... .......... .......... .......... .......... 28% 28.5M 1s
1200K .......... .......... .......... .......... .......... 29% 2.30M 1s
1250K .......... .......... .......... .......... .......... 31% 35.4M 1s
1300K .......... .......... .......... .......... .......... 32% 34.1M 1s
1350K .......... .......... .......... .......... .......... 33% 3.61M 1s
1400K .......... .......... .......... .......... .......... 34% 12.7M 1s
1450K .......... .......... .......... .......... .......... 35% 34.9M 1s
1500K .......... .......... .......... .......... .......... 37% 10.1M 1s
1550K .......... .......... .......... .......... .......... 38% 28.8M 1s
1600K .......... .......... .......... .......... .......... 39% 37.4M 1s
1650K .......... .......... .......... .......... .......... 40% 35.4M 1s
1700K .......... .......... .......... .......... .......... 41% 36.2M 1s
1750K .......... .......... .......... .......... .......... 43% 2.16M 1s
1800K .......... .......... .......... .......... .......... 44% 36.8M 1s
1850K .......... .......... .......... .......... .......... 45% 32.8M 1s
1900K .......... .......... .......... .......... .......... 46% 36.1M 1s
1950K .......... .......... .......... .......... .......... 47% 29.2M 1s
2000K .......... .......... .......... .......... .......... 49% 5.28M 0s
2050K .......... .......... .......... .......... .......... 50% 14.6M 0s
2100K .......... .......... .......... .......... .......... 51% 37.8M 0s
2150K .......... .......... .......... .......... .......... 52% 9.16M 0s
2200K .......... .......... .......... .......... .......... 53% 37.1M 0s
2250K .......... .......... .......... .......... .......... 55% 36.4M 0s
2300K .......... .......... .......... .......... .......... 56% 35.3M 0s
2350K .......... .......... .......... .......... .......... 57% 28.5M 0s
2400K .......... .......... .......... .......... .......... 58% 35.3M 0s
2450K .......... .......... .......... .......... .......... 59% 34.4M 0s
2500K .......... .......... .......... .......... .......... 61% 38.4M 0s
2550K .......... .......... .......... .......... .......... 62% 37.9M 0s
2600K .......... .......... .......... .......... .......... 63% 2.83M 0s
2650K .......... .......... .......... .......... .......... 64% 36.1M 0s
2700K .......... .......... .......... .......... .......... 65% 32.8M 0s
2750K .......... .......... .......... .......... .......... 67% 27.3M 0s
2800K .......... .......... .......... .......... .......... 68% 40.6M 0s
2850K .......... .......... .......... .......... .......... 69% 39.0M 0s
2900K .......... .......... .......... .......... .......... 70% 5.52M 0s
2950K .......... .......... .......... .......... .......... 71% 33.9M 0s
3000K .......... .......... .......... .......... .......... 73% 33.3M 0s
3050K .......... .......... .......... .......... .......... 74% 30.2M 0s
3100K .......... .......... .......... .......... .......... 75% 33.8M 0s
3150K .......... .......... .......... .......... .......... 76% 28.3M 0s
3200K .......... .......... .......... .......... .......... 77% 40.5M 0s
3250K .......... .......... .......... .......... .......... 79% 3.34M 0s
3300K .......... .......... .......... .......... .......... 80% 37.9M 0s
3350K .......... .......... .......... .......... .......... 81% 29.8M 0s
3400K .......... .......... .......... .......... .......... 82% 36.5M 0s
3450K .......... .......... .......... .......... .......... 83% 40.5M 0s
3500K .......... .......... .......... .......... .......... 85% 36.6M 0s
3550K .......... .......... .......... .......... .......... 86% 32.3M 0s
3600K .......... .......... .......... .......... .......... 87% 42.1M 0s
3650K .......... .......... .......... .......... .......... 88% 33.4M 0s
3700K .......... .......... .......... .......... .......... 89% 11.6M 0s
3750K .......... .......... .......... .......... .......... 91% 32.8M 0s
3800K .......... .......... .......... .......... .......... 92% 31.1M 0s
3850K .......... .......... .......... .......... .......... 93% 36.5M 0s
3900K .......... .......... .......... .......... .......... 94% 32.9M 0s
3950K .......... .......... .......... .......... .......... 95% 25.9M 0s
4000K .......... .......... .......... .......... .......... 97% 35.1M 0s
4050K .......... .......... .......... .......... .......... 98% 1.08M 0s
4100K .......... .......... .......... .......... .......... 99% 29.0M 0s
4150K .......... ......                                     100% 24.9M=0.6s

2017-01-28 01:25:44 (6.43 MB/s) - ‘nuget.exe’ saved [4266712/4266712]

Cloning into 'vale'...
Already on 'master'
Cloning into 'mitls-fstar'...
Already on 'master'
Cloning into 'FStar'...
Already on 'master'
Cloning into 'hacl-star'...
Already on 'master'
Cloning into 'kremlin'...
Already on 'master'
Warning: you are using the standard library and/or the %inline keyword. We
recommend switching on --infer in order to avoid obscure type error messages.
6 shift/reduce conflicts.
File "src/basic/ml/FStar_Util.ml", line 47, characters 57-65:
Warning 40: st_mtime was selected from type BatUnix.stats.
It is not visible in the current scope, and will not 
be selected if the type becomes unknown.
File "src/basic/ml/FStar_Util.ml", line 47, characters 57-65:
Warning 40: st_mtime was selected from type BatUnix.stats.
It is not visible in the current scope, and will not 
be selected if the type becomes unknown.
cygpath: cannot create short name of C:\Build\Agent\_work\30\s\vale\vale
./everest: line 563: cd: FStar: No such file or directory
make: *** examples/low-level/spartan_aes: No such file or directory.  Stop.
make: *** FStar/ucontrib/CoreCrypto/ml: No such file or directory.  Stop.
make: *** FStar/examples/low-level: No such file or directory.  Stop.
make: *** mitls-fstar/src/tls: No such file or directory.  Stop.
