warning: CRLF will be replaced by LF in doc/slides/popl2015/intro-tiny-fstar.mdk.
The file will have its original line endings in your working directory.
warning: CRLF will be replaced by LF in doc/slides/popl2015/overview-presentation.mdk.
The file will have its original line endings in your working directory.
warning: CRLF will be replaced by LF in src/parser/ml/parse.mly.
The file will have its original line endings in your working directory.
warning: CRLF will be replaced by LF in src/parser/parse.fsi.
The file will have its original line endings in your working directory.
warning: CRLF will be replaced by LF in src/parser/parse.fsy.
The file will have its original line endings in your working directory.
--2017-05-22 12:35:14--  https://raw.githubusercontent.com/Z3Prover/z3/master/LICENSE.txt
Resolving raw.githubusercontent.com... 151.101.48.133
Connecting to raw.githubusercontent.com|151.101.48.133|:443... connected.
HTTP request sent, awaiting response... 200 OK
Length: 1096 (1.1K) [text/plain]
Saving to: ‘fstar/LICENSE-z3.txt’

0K .                                                     100% 4.09M=0s

2017-05-22 12:35:15 (4.09 MB/s) - ‘fstar/LICENSE-z3.txt’ saved [1096/1096]

.\TestMRef.fst(8,0-8,20): (Warning) Top-level let-bindings must be total; this term may have effects
.\Mac.fst(70,0-70,35): (Warning) Top-level let-bindings must be total; this term may have effects
File "extracted/FStar_Pervasives.ml", line 22, characters 35-66:
Warning 8: this pattern-matching is not exhaustive.
Here is an example of a value that is not matched:
(E _|Err _)
File "extracted/FStar_Pervasives.ml", line 25, characters 35-66:
Warning 8: this pattern-matching is not exhaustive.
Here is an example of a value that is not matched:
(V _|Err _)
File "extracted/FStar_Pervasives.ml", line 28, characters 39-76:
Warning 8: this pattern-matching is not exhaustive.
Here is an example of a value that is not matched:
(V _|E _)
File "extracted/FStar_Pervasives.ml", line 66, characters 37-70:
Warning 8: this pattern-matching is not exhaustive.
Here is an example of a value that is not matched:
Inr _
File "extracted/FStar_Pervasives.ml", line 69, characters 37-70:
Warning 8: this pattern-matching is not exhaustive.
Here is an example of a value that is not matched:
Inl _
.\hello.fst(5,0-5,37): (Warning) Top-level let-bindings must be total; this term may have effects
.\Ex01a.fst(68,0-68,48): (Warning) Top-level let-bindings must be total; this term may have effects
.\Encrypt_SymEnc.fst(29,0-29,18): (Warning) Top-level let-bindings must be total; this term may have effects
.\Ex01a.fst(58,0-58,48): (Warning) Top-level let-bindings must be total; this term may have effects
.\MAC.fst(45,0-45,35): (Warning) Top-level let-bindings must be total; this term may have effects
WARNING: (8027,51): pattern does not contain all quantified variables.
WARNING: (8027,51): pattern does not contain all quantified variables.
.\RPC.fst(9,0-9,53): (Warning) Top-level let-bindings must be total; this term may have effects
.\RPC.fst(23,0-23,39): (Warning) Top-level let-bindings must be total; this term may have effects
.\RPC.fst(48,0-49,16): (Warning) Top-level let-bindings must be total; this term may have effects
.\RPC.fst(116,0-116,17): (Warning) Top-level let-bindings must be total; this term may have effects
.\CntProtocol.fst(14,0-14,53): (Warning) Top-level let-bindings must be total; this term may have effects
.\CntProtocol.fst(29,0-29,26): (Warning) Top-level let-bindings must be total; this term may have effects
.\CntProtocol.fst(32,0-32,54): (Warning) Top-level let-bindings must be total; this term may have effects
.\CntProtocol.fst(35,0-35,54): (Warning) Top-level let-bindings must be total; this term may have effects
.\CntProtocol.fst(99,0-99,39): (Warning) Top-level let-bindings must be total; this term may have effects
.\CntProtocol.fst(126,0-126,18): (Warning) Top-level let-bindings must be total; this term may have effects
.\CntProtocol.fst(172,0-188,5): (Warning) Top-level let-bindings must be total; this term may have effects
.\Ex10a.fst(27,0-27,22): (Warning) Top-level let-bindings must be total; this term may have effects
.\Ex12a.Cap.fst(21,0-21,26): (Warning) Top-level let-bindings must be total; this term may have effects
.\Ex10a.fst(27,0-27,22): (Warning) Top-level let-bindings must be total; this term may have effects
.\Ex12a.Cap.fst(19,0-19,26): (Warning) Top-level let-bindings must be total; this term may have effects
.\Ex12b.RPC.fst(8,0-8,53): (Warning) Top-level let-bindings must be total; this term may have effects
.\Ex12b.RPC.fst(21,0-21,39): (Warning) Top-level let-bindings must be total; this term may have effects
.\Ex12b.RPC.fst(53,0-54,16): (Warning) Top-level let-bindings must be total; this term may have effects
.\Ex12b.RPC.fst(123,0-123,17): (Warning) Top-level let-bindings must be total; this term may have effects
.\Platform.Bytes.fst(15,32-18,29): (Warning) Pattern misses at least one bound variable: uu___#1001282
WARNING: (7978,46): pattern does not contain any variable.
WARNING: (8160,46): pattern does not contain any variable.
WARNING: (7877,46): pattern does not contain any variable.
.\Platform.Bytes.fst(257,22-260,30): (Warning) Pattern misses at least one bound variable: i#1038088
.\Platform.Bytes.fst(261,8-261,24): (Warning) Pattern misses at least one bound variable: i#1040145 (see also .\Platform.Bytes.fst(257,156-260,30))
make[3]: warning: jobserver unavailable: using -j1.  Add '+' to parent make rule.
WARNING: (8183,46): pattern does not contain any variable.
WARNING: (81738,46): pattern does not contain any variable.
WARNING: (85618,43): pattern does not contain all quantified variables.
make[3]: warning: jobserver unavailable: using -j1.  Add '+' to parent make rule.
File "extracted/FStar_Pervasives.ml", line 22, characters 35-66:
Warning 8: this pattern-matching is not exhaustive.
Here is an example of a value that is not matched:
(E _|Err _)
File "extracted/FStar_Pervasives.ml", line 25, characters 35-66:
Warning 8: this pattern-matching is not exhaustive.
Here is an example of a value that is not matched:
(V _|Err _)
File "extracted/FStar_Pervasives.ml", line 28, characters 39-76:
Warning 8: this pattern-matching is not exhaustive.
Here is an example of a value that is not matched:
(V _|E _)
File "extracted/FStar_Pervasives.ml", line 66, characters 37-70:
Warning 8: this pattern-matching is not exhaustive.
Here is an example of a value that is not matched:
Inr _
File "extracted/FStar_Pervasives.ml", line 69, characters 37-70:
Warning 8: this pattern-matching is not exhaustive.
Here is an example of a value that is not matched:
Inl _
WARNING: (81738,46): pattern does not contain any variable.
WARNING: (85618,43): pattern does not contain all quantified variables.
WARNING: (81738,46): pattern does not contain any variable.
WARNING: (85618,43): pattern does not contain all quantified variables.
WARNING: (81738,46): pattern does not contain any variable.
WARNING: (85618,43): pattern does not contain all quantified variables.
WARNING: (81738,46): pattern does not contain any variable.
WARNING: (85618,43): pattern does not contain all quantified variables.
.\Ex01a.fst(58,0-58,48): (Warning) Top-level let-bindings must be total; this term may have effects
WARNING: (81738,46): pattern does not contain any variable.
WARNING: (85618,43): pattern does not contain all quantified variables.
make[1]: [Makefile:66: Ex01a-ocaml] Error 2 (ignored)
WARNING: (81738,46): pattern does not contain any variable.
WARNING: (85618,43): pattern does not contain all quantified variables.
WARNING: (81738,46): pattern does not contain any variable.
WARNING: (85618,43): pattern does not contain all quantified variables.
WARNING: (81738,46): pattern does not contain any variable.
WARNING: (85618,43): pattern does not contain all quantified variables.
.\Platform.Bytes.fst(15,40-18,29): (Warning) Pattern misses at least one bound variable: uu___#1075653
.\Platform.Bytes.fst(261,8-261,24): (Warning) Pattern misses at least one bound variable: i#1084041 (see also .\Platform.Bytes.fst(257,156-260,30))
.\TestMRef.fst(8,0-8,20): (Warning) Top-level let-bindings must be total; this term may have effects
.\Mac.fst(70,0-70,35): (Warning) Top-level let-bindings must be total; this term may have effects
From https://github.com/FStarLang/binaries
+ d8218b3...9cb2bc2 master     -> origin/master  (forced update)
Already on 'master'
To github.com:FStarLang/binaries.git
+ 9cb2bc2...bdc5815 master -> master (forced update)
