make[1]: warning: jobserver unavailable: using -j1.  Add '+' to parent make rule.
make[1]: warning: jobserver unavailable: using -j1.  Add '+' to parent make rule.
Warning: you are using the standard library and/or the %inline keyword. We
recommend switching on --infer in order to avoid obscure type error messages.
warning: CRLF will be replaced by LF in src/parser/parse.fsi.
The file will have its original line endings in your working directory.
File "src/basic/ml/FStar_Util.ml", line 47, characters 57-65:
Warning 40: st_mtime was selected from type BatUnix.stats.
It is not visible in the current scope, and will not 
be selected if the type becomes unknown.
File "src/basic/ml/FStar_Util.ml", line 47, characters 57-65:
Warning 40: st_mtime was selected from type BatUnix.stats.
It is not visible in the current scope, and will not 
be selected if the type becomes unknown.
make[3]: warning: jobserver unavailable: using -j1.  Add '+' to parent make rule.
.\u_boot_fsts\FStar.Syntax.Syntax.fst(393,0-393,33): (Warning) Annotation from val declaration overrides inline type annotation
.\u_boot_fsts\FStar.Syntax.Syntax.fst(444,0-444,48): (Warning) Annotation from val declaration overrides inline type annotation
.\u_boot_fsts\FStar.Syntax.Syntax.fst(445,0-445,76): (Warning) Annotation from val declaration overrides inline type annotation
.\u_boot_fsts\FStar.Syntax.Syntax.fst(495,0-497,38): (Warning) Annotation from val declaration overrides inline type annotation
.\u_boot_fsts\FStar.TypeChecker.Util.fst(70,0-72,32): (Warning) Annotation from val declaration overrides inline type annotation
.\u_boot_fsts\FStar.TypeChecker.Env.fst(280,0-284,35): (Warning) Annotation from val declaration overrides inline type annotation
.\u_boot_fsts\FStar.TypeChecker.Env.fst(714,0-716,39): (Warning) Annotation from val declaration overrides inline type annotation
warning: CRLF will be replaced by LF in src/parser/ml/parse.mly.
The file will have its original line endings in your working directory.
warning: CRLF will be replaced by LF in src/parser/parse.fsi.
The file will have its original line endings in your working directory.
warning: CRLF will be replaced by LF in src/parser/parse.fsy.
The file will have its original line endings in your working directory.
make[3]: warning: jobserver unavailable: using -j1.  Add '+' to parent make rule.
make[3]: warning: jobserver unavailable: using -j1.  Add '+' to parent make rule.
File "extracted/FStar_Pervasives.ml", line 22, characters 35-66:
Warning 8: this pattern-matching is not exhaustive.
Here is an example of a value that is not matched:
(E _|Err _)
File "extracted/FStar_Pervasives.ml", line 25, characters 35-66:
Warning 8: this pattern-matching is not exhaustive.
Here is an example of a value that is not matched:
(V _|Err _)
File "extracted/FStar_Pervasives.ml", line 28, characters 39-76:
Warning 8: this pattern-matching is not exhaustive.
Here is an example of a value that is not matched:
(V _|E _)
File "extracted/FStar_Pervasives.ml", line 64, characters 38-72:
Warning 8: this pattern-matching is not exhaustive.
Here is an example of a value that is not matched:
None
File "extracted/FStar_Pervasives.ml", line 71, characters 37-70:
Warning 8: this pattern-matching is not exhaustive.
Here is an example of a value that is not matched:
Inr _
File "extracted/FStar_Pervasives.ml", line 74, characters 37-70:
Warning 8: this pattern-matching is not exhaustive.
Here is an example of a value that is not matched:
Inl _
Warning: Unable to open hints file: C:\Build\Agent2\_work\1\s\examples\hello\hello.fst.hints; ran without hints
.\hello.fst(5,0-5,37): (Warning) Top-level let-bindings must be total; this term may have effects
.\Ex01a.fst(58,0-58,48): (Warning) Top-level let-bindings must be total; this term may have effects
.\Ex01a.fst(68,0-68,48): (Warning) Top-level let-bindings must be total; this term may have effects
.\Encrypt_SymEnc.fst(29,0-29,18): (Warning) Top-level let-bindings must be total; this term may have effects
.\MAC.fst(45,0-45,35): (Warning) Top-level let-bindings must be total; this term may have effects
.\Platform.Bytes.fst(15,32-18,29): (Warning) Pattern misses at least one bound variable: uu___#436785
.\RPC.fst(9,0-9,53): (Warning) Top-level let-bindings must be total; this term may have effects
.\RPC.fst(23,0-23,39): (Warning) Top-level let-bindings must be total; this term may have effects
.\Ex10a.fst(27,0-27,22): (Warning) Top-level let-bindings must be total; this term may have effects
WARNING: (7045,51): pattern does not contain all quantified variables.
.\RPC.fst(48,0-49,16): (Warning) Top-level let-bindings must be total; this term may have effects
WARNING: (7045,51): pattern does not contain all quantified variables.
.\RPC.fst(116,0-116,17): (Warning) Top-level let-bindings must be total; this term may have effects
WARNING: (6996,46): pattern does not contain any variable.
.\Ex12a.Cap.fst(21,0-21,26): (Warning) Top-level let-bindings must be total; this term may have effects
WARNING: (7179,46): pattern does not contain any variable.
.\CntProtocol.fst(14,0-14,53): (Warning) Top-level let-bindings must be total; this term may have effects
WARNING: (6895,46): pattern does not contain any variable.
.\CntProtocol.fst(29,0-29,26): (Warning) Top-level let-bindings must be total; this term may have effects
.\CntProtocol.fst(32,0-32,54): (Warning) Top-level let-bindings must be total; this term may have effects
.\CntProtocol.fst(35,0-35,54): (Warning) Top-level let-bindings must be total; this term may have effects
.\Platform.Bytes.fst(257,22-260,30): (Warning) Pattern misses at least one bound variable: i#473240
.\Platform.Bytes.fst(261,8-261,24): (Warning) Pattern misses at least one bound variable: i#475239 (see also .\Platform.Bytes.fst(257,156-260,30))
WARNING: (7201,46): pattern does not contain any variable.
.\CntProtocol.fst(99,0-99,39): (Warning) Top-level let-bindings must be total; this term may have effects
.\CntProtocol.fst(126,0-126,18): (Warning) Top-level let-bindings must be total; this term may have effects
WARNING: (65708,46): pattern does not contain any variable.
WARNING: (69604,43): pattern does not contain all quantified variables.
.\CntProtocol.fst(172,0-188,5): (Warning) Top-level let-bindings must be total; this term may have effects
WARNING: (65708,46): pattern does not contain any variable.
WARNING: (69604,43): pattern does not contain all quantified variables.
WARNING: (65708,46): pattern does not contain any variable.
WARNING: (69604,43): pattern does not contain all quantified variables.
WARNING: (65708,46): pattern does not contain any variable.
WARNING: (69604,43): pattern does not contain all quantified variables.
WARNING: (65708,46): pattern does not contain any variable.
WARNING: (69604,43): pattern does not contain all quantified variables.
WARNING: (65708,46): pattern does not contain any variable.
WARNING: (69604,43): pattern does not contain all quantified variables.
WARNING: (65708,46): pattern does not contain any variable.
WARNING: (69604,43): pattern does not contain all quantified variables.
WARNING: (65708,46): pattern does not contain any variable.
WARNING: (69604,43): pattern does not contain all quantified variables.
WARNING: (65708,46): pattern does not contain any variable.
WARNING: (69604,43): pattern does not contain all quantified variables.
.\Platform.Bytes.fst(15,40-18,29): (Warning) Pattern misses at least one bound variable: uu___#509768
.\Platform.Bytes.fst(261,8-261,24): (Warning) Pattern misses at least one bound variable: i#518156 (see also .\Platform.Bytes.fst(257,156-260,30))
.\Ex10a.fst(27,0-27,22): (Warning) Top-level let-bindings must be total; this term may have effects
.\Ex12a.Cap.fst(19,0-19,26): (Warning) Top-level let-bindings must be total; this term may have effects
.\Ex12b.RPC.fst(8,0-8,53): (Warning) Top-level let-bindings must be total; this term may have effects
.\Ex12b.RPC.fst(21,0-21,39): (Warning) Top-level let-bindings must be total; this term may have effects
.\TestMRef.fst(8,0-8,20): (Warning) Top-level let-bindings must be total; this term may have effects
.\Ex12b.RPC.fst(53,0-54,16): (Warning) Top-level let-bindings must be total; this term may have effects
.\Ex12b.RPC.fst(123,0-123,17): (Warning) Top-level let-bindings must be total; this term may have effects
make[5]: warning: jobserver unavailable: using -j1.  Add '+' to parent make rule.
make[5]: warning: jobserver unavailable: using -j1.  Add '+' to parent make rule.
File "extracted/FStar_Pervasives.ml", line 22, characters 35-66:
Warning 8: this pattern-matching is not exhaustive.
Here is an example of a value that is not matched:
(E _|Err _)
File "extracted/FStar_Pervasives.ml", line 25, characters 35-66:
Warning 8: this pattern-matching is not exhaustive.
Here is an example of a value that is not matched:
(V _|Err _)
File "extracted/FStar_Pervasives.ml", line 28, characters 39-76:
Warning 8: this pattern-matching is not exhaustive.
Here is an example of a value that is not matched:
(V _|E _)
File "extracted/FStar_Pervasives.ml", line 64, characters 38-72:
Warning 8: this pattern-matching is not exhaustive.
Here is an example of a value that is not matched:
None
File "extracted/FStar_Pervasives.ml", line 71, characters 37-70:
Warning 8: this pattern-matching is not exhaustive.
Here is an example of a value that is not matched:
Inr _
File "extracted/FStar_Pervasives.ml", line 74, characters 37-70:
Warning 8: this pattern-matching is not exhaustive.
Here is an example of a value that is not matched:
Inl _
.\Mac.fst(70,0-70,35): (Warning) Top-level let-bindings must be total; this term may have effects
.\Ex01a.fst(58,0-58,48): (Warning) Top-level let-bindings must be total; this term may have effects
make[3]: [Makefile:66: Ex01a-ocaml] Error 2 (ignored)
WARNING: (83992,41): pattern does not contain all quantified variables.
WARNING: (84087,42): pattern does not contain all quantified variables.
WARNING: (84160,46): pattern does not contain all quantified variables.
WARNING: (83992,41): pattern does not contain all quantified variables.
WARNING: (84087,42): pattern does not contain all quantified variables.
WARNING: (84160,46): pattern does not contain all quantified variables.
WARNING: (84508,41): pattern does not contain all quantified variables.
WARNING: (6646,46): pattern does not contain all quantified variables.
WARNING: (83992,41): pattern does not contain all quantified variables.
WARNING: (84087,42): pattern does not contain all quantified variables.
WARNING: (84160,46): pattern does not contain all quantified variables.
WARNING: (84500,41): pattern does not contain all quantified variables.
WARNING: (84693,46): pattern does not contain all quantified variables.
WARNING: (93744,47): pattern does not contain all quantified variables.
WARNING: (6526,41): pattern does not contain all quantified variables.
WARNING: (6617,42): pattern does not contain all quantified variables.
WARNING: (6789,46): pattern does not contain all quantified variables.
WARNING: (7592,47): pattern does not contain all quantified variables.
.\FStar.Modifies.fst(1062,3-1069,89): (Warning) Pattern misses at least one bound variable: root_type#761826
WARNING: (83992,41): pattern does not contain all quantified variables.
WARNING: (84087,42): pattern does not contain all quantified variables.
WARNING: (84160,46): pattern does not contain all quantified variables.
WARNING: (84500,41): pattern does not contain all quantified variables.
WARNING: (84693,46): pattern does not contain all quantified variables.
WARNING: (93744,47): pattern does not contain all quantified variables.
.\FStar.Modifies.fst(1062,3-1069,89): (Warning) Pattern misses at least one bound variable: root_type#765509
WARNING: (83992,41): pattern does not contain all quantified variables.
WARNING: (84087,42): pattern does not contain all quantified variables.
WARNING: (84160,46): pattern does not contain all quantified variables.
WARNING: (84500,41): pattern does not contain all quantified variables.
WARNING: (84693,46): pattern does not contain all quantified variables.
WARNING: (93744,47): pattern does not contain all quantified variables.
WARNING: (94634,50): pattern does not contain all quantified variables.
.\FStar.Modifies.fst(1062,3-1069,89): (Warning) Pattern misses at least one bound variable: root_type#1059966
WARNING: (9653,47): pattern does not contain all quantified variables.
WARNING: (83992,41): pattern does not contain all quantified variables.
WARNING: (84087,42): pattern does not contain all quantified variables.
WARNING: (84160,46): pattern does not contain all quantified variables.
WARNING: (84500,41): pattern does not contain all quantified variables.
WARNING: (84693,46): pattern does not contain all quantified variables.
WARNING: (93744,47): pattern does not contain all quantified variables.
WARNING: (94634,50): pattern does not contain all quantified variables.
WARNING: (101304,53): pattern does not contain all quantified variables.
WARNING: (101399,59): pattern does not contain all quantified variables.
.\FStar.Modifies.fst(417,2-420,38): (Warning) Pattern misses at least one bound variable: root_type#1603233
.\FStar.Modifies.fst(432,2-435,78): (Warning) Pattern misses at least one bound variable: root_type#1603650
.\FStar.Modifies.fst(478,2-481,37): (Warning) Pattern misses at least one bound variable: root_type#1605974
.\FStar.Modifies.fst(548,2-553,84): (Warning) Pattern misses at least one bound variable: root_type#1607848
.\FStar.Modifies.fst(564,2-569,89): (Warning) Pattern misses at least one bound variable: root_type#1609544
.\FStar.Modifies.fst(814,2-817,37): (Warning) Pattern misses at least one bound variable: root_type#1619333
.\FStar.Modifies.fst(1062,3-1069,89): (Warning) Pattern misses at least one bound variable: root_type#1627002
.\FStar.Modifies.fst(1340,2-1343,78): (Warning) Pattern misses at least one bound variable: ls#1632044
WARNING: (131520,41): pattern does not contain all quantified variables.
WARNING: (131615,42): pattern does not contain all quantified variables.
WARNING: (131688,46): pattern does not contain all quantified variables.
WARNING: (132027,41): pattern does not contain all quantified variables.
WARNING: (132220,46): pattern does not contain all quantified variables.
WARNING: (141208,47): pattern does not contain all quantified variables.
WARNING: (142017,50): pattern does not contain all quantified variables.
WARNING: (148666,53): pattern does not contain all quantified variables.
WARNING: (148761,59): pattern does not contain all quantified variables.
WARNING: (83992,41): pattern does not contain all quantified variables.
WARNING: (84087,42): pattern does not contain all quantified variables.
WARNING: (84160,46): pattern does not contain all quantified variables.
WARNING: (84500,41): pattern does not contain all quantified variables.
WARNING: (84693,46): pattern does not contain all quantified variables.
WARNING: (93744,47): pattern does not contain all quantified variables.
WARNING: (94634,50): pattern does not contain all quantified variables.
WARNING: (101304,53): pattern does not contain all quantified variables.
WARNING: (101399,59): pattern does not contain all quantified variables.
WARNING: (131520,41): pattern does not contain all quantified variables.
WARNING: (131615,42): pattern does not contain all quantified variables.
WARNING: (131688,46): pattern does not contain all quantified variables.
WARNING: (132027,41): pattern does not contain all quantified variables.
WARNING: (132220,46): pattern does not contain all quantified variables.
WARNING: (141208,47): pattern does not contain all quantified variables.
WARNING: (142017,50): pattern does not contain all quantified variables.
WARNING: (148666,53): pattern does not contain all quantified variables.
WARNING: (148761,59): pattern does not contain all quantified variables.
WARNING: (131520,41): pattern does not contain all quantified variables.
WARNING: (131615,42): pattern does not contain all quantified variables.
WARNING: (131688,46): pattern does not contain all quantified variables.
WARNING: (132027,41): pattern does not contain all quantified variables.
WARNING: (132220,46): pattern does not contain all quantified variables.
WARNING: (141208,47): pattern does not contain all quantified variables.
WARNING: (142017,50): pattern does not contain all quantified variables.
WARNING: (148666,53): pattern does not contain all quantified variables.
WARNING: (148761,59): pattern does not contain all quantified variables.
WARNING: (6936,46): pattern does not contain all quantified variables.
WARNING: (131520,41): pattern does not contain all quantified variables.
WARNING: (131615,42): pattern does not contain all quantified variables.
WARNING: (131688,46): pattern does not contain all quantified variables.
WARNING: (132027,41): pattern does not contain all quantified variables.
WARNING: (132220,46): pattern does not contain all quantified variables.
WARNING: (141208,47): pattern does not contain all quantified variables.
WARNING: (142017,50): pattern does not contain all quantified variables.
WARNING: (148666,53): pattern does not contain all quantified variables.
WARNING: (148761,59): pattern does not contain all quantified variables.
WARNING: (131520,41): pattern does not contain all quantified variables.
WARNING: (131615,42): pattern does not contain all quantified variables.
WARNING: (131688,46): pattern does not contain all quantified variables.
WARNING: (132027,41): pattern does not contain all quantified variables.
WARNING: (132220,46): pattern does not contain all quantified variables.
WARNING: (141208,47): pattern does not contain all quantified variables.
WARNING: (142017,50): pattern does not contain all quantified variables.
WARNING: (148666,53): pattern does not contain all quantified variables.
WARNING: (148761,59): pattern does not contain all quantified variables.
WARNING: (131520,41): pattern does not contain all quantified variables.
WARNING: (131615,42): pattern does not contain all quantified variables.
WARNING: (131688,46): pattern does not contain all quantified variables.
WARNING: (132027,41): pattern does not contain all quantified variables.
WARNING: (132220,46): pattern does not contain all quantified variables.
WARNING: (141208,47): pattern does not contain all quantified variables.
WARNING: (142017,50): pattern does not contain all quantified variables.
WARNING: (148666,53): pattern does not contain all quantified variables.
WARNING: (148761,59): pattern does not contain all quantified variables.
WARNING: (131520,41): pattern does not contain all quantified variables.
WARNING: (131615,42): pattern does not contain all quantified variables.
WARNING: (131688,46): pattern does not contain all quantified variables.
WARNING: (132027,41): pattern does not contain all quantified variables.
WARNING: (132220,46): pattern does not contain all quantified variables.
WARNING: (141208,47): pattern does not contain all quantified variables.
WARNING: (142017,50): pattern does not contain all quantified variables.
WARNING: (148666,53): pattern does not contain all quantified variables.
WARNING: (148761,59): pattern does not contain all quantified variables.
WARNING: (131520,41): pattern does not contain all quantified variables.
WARNING: (131615,42): pattern does not contain all quantified variables.
WARNING: (131688,46): pattern does not contain all quantified variables.
WARNING: (132027,41): pattern does not contain all quantified variables.
WARNING: (132220,46): pattern does not contain all quantified variables.
WARNING: (141208,47): pattern does not contain all quantified variables.
WARNING: (142017,50): pattern does not contain all quantified variables.
WARNING: (148666,53): pattern does not contain all quantified variables.
WARNING: (148761,59): pattern does not contain all quantified variables.
WARNING: (7201,46): pattern does not contain all quantified variables.
WARNING: (7279,46): pattern does not contain all quantified variables.
WARNING: (13028,47): pattern does not contain all quantified variables.
WARNING: (83992,41): pattern does not contain all quantified variables.
WARNING: (84087,42): pattern does not contain all quantified variables.
WARNING: (84160,46): pattern does not contain all quantified variables.
WARNING: (84500,41): pattern does not contain all quantified variables.
WARNING: (84693,46): pattern does not contain all quantified variables.
WARNING: (93744,47): pattern does not contain all quantified variables.
WARNING: (94634,50): pattern does not contain all quantified variables.
WARNING: (101304,53): pattern does not contain all quantified variables.
WARNING: (101399,59): pattern does not contain all quantified variables.
WARNING: (12961,47): pattern does not contain all quantified variables.
WARNING: (13965,46): pattern does not contain all quantified variables.
WARNING: (7669,47): pattern does not contain all quantified variables.
WARNING: (131520,41): pattern does not contain all quantified variables.
WARNING: (131615,42): pattern does not contain all quantified variables.
WARNING: (131688,46): pattern does not contain all quantified variables.
WARNING: (132027,41): pattern does not contain all quantified variables.
WARNING: (132220,46): pattern does not contain all quantified variables.
WARNING: (141208,47): pattern does not contain all quantified variables.
WARNING: (142017,50): pattern does not contain all quantified variables.
WARNING: (148666,53): pattern does not contain all quantified variables.
WARNING: (148761,59): pattern does not contain all quantified variables.
WARNING: (173190,70): pattern does not contain all quantified variables.
WARNING: (7529,47): pattern does not contain all quantified variables.
WARNING: (12991,47): pattern does not contain all quantified variables.
WARNING: (12981,47): pattern does not contain all quantified variables.
WARNING: (12976,47): pattern does not contain all quantified variables.
WARNING: (83992,41): pattern does not contain all quantified variables.
WARNING: (84087,42): pattern does not contain all quantified variables.
WARNING: (84160,46): pattern does not contain all quantified variables.
WARNING: (84500,41): pattern does not contain all quantified variables.
WARNING: (84693,46): pattern does not contain all quantified variables.
WARNING: (93744,47): pattern does not contain all quantified variables.
WARNING: (94634,50): pattern does not contain all quantified variables.
WARNING: (101304,53): pattern does not contain all quantified variables.
WARNING: (101399,59): pattern does not contain all quantified variables.
.\FStar.Modifies.fst(417,2-420,38): (Warning) Pattern misses at least one bound variable: root_type#1709506
.\FStar.Modifies.fst(432,2-435,78): (Warning) Pattern misses at least one bound variable: root_type#1709923
.\FStar.Modifies.fst(478,2-481,37): (Warning) Pattern misses at least one bound variable: root_type#1712247
.\FStar.Modifies.fst(548,2-553,84): (Warning) Pattern misses at least one bound variable: root_type#1714121
.\FStar.Modifies.fst(564,2-569,89): (Warning) Pattern misses at least one bound variable: root_type#1716972
.\FStar.Modifies.fst(814,2-817,37): (Warning) Pattern misses at least one bound variable: root_type#1727860
.\FStar.Modifies.fst(1062,3-1069,89): (Warning) Pattern misses at least one bound variable: root_type#1735529
.\FStar.Modifies.fst(1340,2-1343,78): (Warning) Pattern misses at least one bound variable: ls#1740571
WARNING: (131520,41): pattern does not contain all quantified variables.
WARNING: (131615,42): pattern does not contain all quantified variables.
WARNING: (131688,46): pattern does not contain all quantified variables.
WARNING: (132027,41): pattern does not contain all quantified variables.
WARNING: (132220,46): pattern does not contain all quantified variables.
WARNING: (141208,47): pattern does not contain all quantified variables.
WARNING: (142017,50): pattern does not contain all quantified variables.
WARNING: (148666,53): pattern does not contain all quantified variables.
WARNING: (148761,59): pattern does not contain all quantified variables.
WARNING: (173190,70): pattern does not contain all quantified variables.
WARNING: (173641,48): pattern does not contain all quantified variables.
WARNING: (131520,41): pattern does not contain all quantified variables.
WARNING: (131615,42): pattern does not contain all quantified variables.
WARNING: (131688,46): pattern does not contain all quantified variables.
WARNING: (132027,41): pattern does not contain all quantified variables.
WARNING: (132220,46): pattern does not contain all quantified variables.
WARNING: (141208,47): pattern does not contain all quantified variables.
WARNING: (142017,50): pattern does not contain all quantified variables.
WARNING: (148666,53): pattern does not contain all quantified variables.
WARNING: (148761,59): pattern does not contain all quantified variables.
WARNING: (173190,70): pattern does not contain all quantified variables.
WARNING: (173641,48): pattern does not contain all quantified variables.
WARNING: (14549,41): pattern does not contain all quantified variables.
WARNING: (14923,41): pattern does not contain all quantified variables.
WARNING: (131520,41): pattern does not contain all quantified variables.
WARNING: (131615,42): pattern does not contain all quantified variables.
WARNING: (131688,46): pattern does not contain all quantified variables.
WARNING: (132027,41): pattern does not contain all quantified variables.
WARNING: (132220,46): pattern does not contain all quantified variables.
WARNING: (141208,47): pattern does not contain all quantified variables.
WARNING: (142017,50): pattern does not contain all quantified variables.
WARNING: (148666,53): pattern does not contain all quantified variables.
WARNING: (148761,59): pattern does not contain all quantified variables.
WARNING: (173190,70): pattern does not contain all quantified variables.
WARNING: (173641,48): pattern does not contain all quantified variables.
.\FStar.HyperStackNG.fst(209,2-212,25): (Warning) Pattern misses at least one bound variable: t#2011075
.\FStar.HyperStackNG.fst(324,2-327,90): (Warning) Pattern misses at least one bound variable: t#2013485
WARNING: (13902,41): pattern does not contain all quantified variables.
WARNING: (131520,41): pattern does not contain all quantified variables.
WARNING: (131615,42): pattern does not contain all quantified variables.
WARNING: (131688,46): pattern does not contain all quantified variables.
WARNING: (132027,41): pattern does not contain all quantified variables.
WARNING: (132220,46): pattern does not contain all quantified variables.
WARNING: (141208,47): pattern does not contain all quantified variables.
WARNING: (142017,50): pattern does not contain all quantified variables.
WARNING: (148666,53): pattern does not contain all quantified variables.
WARNING: (148761,59): pattern does not contain all quantified variables.
WARNING: (173188,70): pattern does not contain all quantified variables.
WARNING: (173639,48): pattern does not contain all quantified variables.
WARNING: (13868,41): pattern does not contain all quantified variables.
WARNING: (131520,41): pattern does not contain all quantified variables.
WARNING: (131615,42): pattern does not contain all quantified variables.
WARNING: (131688,46): pattern does not contain all quantified variables.
WARNING: (132027,41): pattern does not contain all quantified variables.
WARNING: (132220,46): pattern does not contain all quantified variables.
WARNING: (141208,47): pattern does not contain all quantified variables.
WARNING: (142017,50): pattern does not contain all quantified variables.
WARNING: (148666,53): pattern does not contain all quantified variables.
WARNING: (148761,59): pattern does not contain all quantified variables.
WARNING: (173188,70): pattern does not contain all quantified variables.
WARNING: (173639,48): pattern does not contain all quantified variables.
WARNING: (14670,41): pattern does not contain all quantified variables.
WARNING: (131520,41): pattern does not contain all quantified variables.
WARNING: (131615,42): pattern does not contain all quantified variables.
WARNING: (131688,46): pattern does not contain all quantified variables.
WARNING: (132027,41): pattern does not contain all quantified variables.
WARNING: (132220,46): pattern does not contain all quantified variables.
WARNING: (141208,47): pattern does not contain all quantified variables.
WARNING: (142017,50): pattern does not contain all quantified variables.
WARNING: (148666,53): pattern does not contain all quantified variables.
WARNING: (148761,59): pattern does not contain all quantified variables.
WARNING: (173188,70): pattern does not contain all quantified variables.
WARNING: (173639,48): pattern does not contain all quantified variables.
WARNING: (131520,41): pattern does not contain all quantified variables.
WARNING: (131615,42): pattern does not contain all quantified variables.
WARNING: (131688,46): pattern does not contain all quantified variables.
WARNING: (132027,41): pattern does not contain all quantified variables.
WARNING: (132220,46): pattern does not contain all quantified variables.
WARNING: (141208,47): pattern does not contain all quantified variables.
WARNING: (142017,50): pattern does not contain all quantified variables.
WARNING: (148666,53): pattern does not contain all quantified variables.
WARNING: (148761,59): pattern does not contain all quantified variables.
WARNING: (173188,70): pattern does not contain all quantified variables.
WARNING: (173639,48): pattern does not contain all quantified variables.
WARNING: (131520,41): pattern does not contain all quantified variables.
WARNING: (131615,42): pattern does not contain all quantified variables.
WARNING: (131688,46): pattern does not contain all quantified variables.
WARNING: (132027,41): pattern does not contain all quantified variables.
WARNING: (132220,46): pattern does not contain all quantified variables.
WARNING: (141208,47): pattern does not contain all quantified variables.
WARNING: (142017,50): pattern does not contain all quantified variables.
WARNING: (148666,53): pattern does not contain all quantified variables.
WARNING: (148761,59): pattern does not contain all quantified variables.
WARNING: (173188,70): pattern does not contain all quantified variables.
WARNING: (173639,48): pattern does not contain all quantified variables.
WARNING: (13698,41): pattern does not contain all quantified variables.
WARNING: (131520,41): pattern does not contain all quantified variables.
WARNING: (131615,42): pattern does not contain all quantified variables.
WARNING: (131688,46): pattern does not contain all quantified variables.
WARNING: (132027,41): pattern does not contain all quantified variables.
WARNING: (132220,46): pattern does not contain all quantified variables.
WARNING: (141208,47): pattern does not contain all quantified variables.
WARNING: (142017,50): pattern does not contain all quantified variables.
WARNING: (148666,53): pattern does not contain all quantified variables.
WARNING: (148761,59): pattern does not contain all quantified variables.
WARNING: (173188,70): pattern does not contain all quantified variables.
WARNING: (173639,48): pattern does not contain all quantified variables.
WARNING: (131520,41): pattern does not contain all quantified variables.
WARNING: (131615,42): pattern does not contain all quantified variables.
WARNING: (131688,46): pattern does not contain all quantified variables.
WARNING: (132027,41): pattern does not contain all quantified variables.
WARNING: (132220,46): pattern does not contain all quantified variables.
WARNING: (141208,47): pattern does not contain all quantified variables.
WARNING: (142017,50): pattern does not contain all quantified variables.
WARNING: (148666,53): pattern does not contain all quantified variables.
WARNING: (148761,59): pattern does not contain all quantified variables.
WARNING: (173188,70): pattern does not contain all quantified variables.
WARNING: (173639,48): pattern does not contain all quantified variables.
WARNING: (131520,41): pattern does not contain all quantified variables.
WARNING: (131615,42): pattern does not contain all quantified variables.
WARNING: (131688,46): pattern does not contain all quantified variables.
WARNING: (132027,41): pattern does not contain all quantified variables.
WARNING: (132220,46): pattern does not contain all quantified variables.
WARNING: (141208,47): pattern does not contain all quantified variables.
WARNING: (142017,50): pattern does not contain all quantified variables.
WARNING: (148666,53): pattern does not contain all quantified variables.
WARNING: (148761,59): pattern does not contain all quantified variables.
WARNING: (173188,70): pattern does not contain all quantified variables.
WARNING: (173639,48): pattern does not contain all quantified variables.
WARNING: (131520,41): pattern does not contain all quantified variables.
WARNING: (131615,42): pattern does not contain all quantified variables.
WARNING: (131688,46): pattern does not contain all quantified variables.
WARNING: (132027,41): pattern does not contain all quantified variables.
WARNING: (132220,46): pattern does not contain all quantified variables.
WARNING: (141208,47): pattern does not contain all quantified variables.
WARNING: (142017,50): pattern does not contain all quantified variables.
WARNING: (148666,53): pattern does not contain all quantified variables.
WARNING: (148761,59): pattern does not contain all quantified variables.
WARNING: (173188,70): pattern does not contain all quantified variables.
WARNING: (173639,48): pattern does not contain all quantified variables.
WARNING: (131520,41): pattern does not contain all quantified variables.
WARNING: (131615,42): pattern does not contain all quantified variables.
WARNING: (131688,46): pattern does not contain all quantified variables.
WARNING: (132027,41): pattern does not contain all quantified variables.
WARNING: (132220,46): pattern does not contain all quantified variables.
WARNING: (141208,47): pattern does not contain all quantified variables.
WARNING: (142017,50): pattern does not contain all quantified variables.
WARNING: (148666,53): pattern does not contain all quantified variables.
WARNING: (148761,59): pattern does not contain all quantified variables.
WARNING: (173188,70): pattern does not contain all quantified variables.
WARNING: (173639,48): pattern does not contain all quantified variables.
WARNING: (131520,41): pattern does not contain all quantified variables.
WARNING: (131615,42): pattern does not contain all quantified variables.
WARNING: (131688,46): pattern does not contain all quantified variables.
WARNING: (132027,41): pattern does not contain all quantified variables.
WARNING: (132220,46): pattern does not contain all quantified variables.
WARNING: (141208,47): pattern does not contain all quantified variables.
WARNING: (142017,50): pattern does not contain all quantified variables.
WARNING: (148666,53): pattern does not contain all quantified variables.
WARNING: (148761,59): pattern does not contain all quantified variables.
WARNING: (173188,70): pattern does not contain all quantified variables.
WARNING: (173639,48): pattern does not contain all quantified variables.
WARNING: (131520,41): pattern does not contain all quantified variables.
WARNING: (131615,42): pattern does not contain all quantified variables.
WARNING: (131688,46): pattern does not contain all quantified variables.
WARNING: (132027,41): pattern does not contain all quantified variables.
WARNING: (132220,46): pattern does not contain all quantified variables.
WARNING: (141208,47): pattern does not contain all quantified variables.
WARNING: (142017,50): pattern does not contain all quantified variables.
WARNING: (148666,53): pattern does not contain all quantified variables.
WARNING: (148761,59): pattern does not contain all quantified variables.
WARNING: (173188,70): pattern does not contain all quantified variables.
WARNING: (173639,48): pattern does not contain all quantified variables.
WARNING: (131520,41): pattern does not contain all quantified variables.
WARNING: (131615,42): pattern does not contain all quantified variables.
WARNING: (131688,46): pattern does not contain all quantified variables.
WARNING: (132027,41): pattern does not contain all quantified variables.
WARNING: (132220,46): pattern does not contain all quantified variables.
WARNING: (141208,47): pattern does not contain all quantified variables.
WARNING: (142017,50): pattern does not contain all quantified variables.
WARNING: (148666,53): pattern does not contain all quantified variables.
WARNING: (148761,59): pattern does not contain all quantified variables.
WARNING: (173188,70): pattern does not contain all quantified variables.
WARNING: (173639,48): pattern does not contain all quantified variables.
WARNING: (131520,41): pattern does not contain all quantified variables.
WARNING: (131615,42): pattern does not contain all quantified variables.
WARNING: (131688,46): pattern does not contain all quantified variables.
WARNING: (132027,41): pattern does not contain all quantified variables.
WARNING: (132220,46): pattern does not contain all quantified variables.
WARNING: (141208,47): pattern does not contain all quantified variables.
WARNING: (142017,50): pattern does not contain all quantified variables.
WARNING: (148666,53): pattern does not contain all quantified variables.
WARNING: (148761,59): pattern does not contain all quantified variables.
WARNING: (173188,70): pattern does not contain all quantified variables.
WARNING: (173639,48): pattern does not contain all quantified variables.
WARNING: (131520,41): pattern does not contain all quantified variables.
WARNING: (131615,42): pattern does not contain all quantified variables.
WARNING: (131688,46): pattern does not contain all quantified variables.
WARNING: (132027,41): pattern does not contain all quantified variables.
WARNING: (132220,46): pattern does not contain all quantified variables.
WARNING: (141208,47): pattern does not contain all quantified variables.
WARNING: (142017,50): pattern does not contain all quantified variables.
WARNING: (148666,53): pattern does not contain all quantified variables.
WARNING: (148761,59): pattern does not contain all quantified variables.
WARNING: (173188,70): pattern does not contain all quantified variables.
WARNING: (173639,48): pattern does not contain all quantified variables.
WARNING: (131520,41): pattern does not contain all quantified variables.
WARNING: (131615,42): pattern does not contain all quantified variables.
WARNING: (131688,46): pattern does not contain all quantified variables.
WARNING: (132027,41): pattern does not contain all quantified variables.
WARNING: (132220,46): pattern does not contain all quantified variables.
WARNING: (141208,47): pattern does not contain all quantified variables.
WARNING: (142017,50): pattern does not contain all quantified variables.
WARNING: (148666,53): pattern does not contain all quantified variables.
WARNING: (148761,59): pattern does not contain all quantified variables.
WARNING: (173188,70): pattern does not contain all quantified variables.
WARNING: (173639,48): pattern does not contain all quantified variables.
WARNING: (131520,41): pattern does not contain all quantified variables.
WARNING: (131615,42): pattern does not contain all quantified variables.
WARNING: (131688,46): pattern does not contain all quantified variables.
WARNING: (132027,41): pattern does not contain all quantified variables.
WARNING: (132220,46): pattern does not contain all quantified variables.
WARNING: (141208,47): pattern does not contain all quantified variables.
WARNING: (142017,50): pattern does not contain all quantified variables.
WARNING: (148666,53): pattern does not contain all quantified variables.
WARNING: (148761,59): pattern does not contain all quantified variables.
WARNING: (173188,70): pattern does not contain all quantified variables.
WARNING: (173639,48): pattern does not contain all quantified variables.
WARNING: (131520,41): pattern does not contain all quantified variables.
WARNING: (131615,42): pattern does not contain all quantified variables.
WARNING: (131688,46): pattern does not contain all quantified variables.
WARNING: (132027,41): pattern does not contain all quantified variables.
WARNING: (132220,46): pattern does not contain all quantified variables.
WARNING: (141208,47): pattern does not contain all quantified variables.
WARNING: (142017,50): pattern does not contain all quantified variables.
WARNING: (148666,53): pattern does not contain all quantified variables.
WARNING: (148761,59): pattern does not contain all quantified variables.
WARNING: (173188,70): pattern does not contain all quantified variables.
WARNING: (173639,48): pattern does not contain all quantified variables.
WARNING: (131520,41): pattern does not contain all quantified variables.
WARNING: (131615,42): pattern does not contain all quantified variables.
WARNING: (131688,46): pattern does not contain all quantified variables.
WARNING: (132027,41): pattern does not contain all quantified variables.
WARNING: (132220,46): pattern does not contain all quantified variables.
WARNING: (141208,47): pattern does not contain all quantified variables.
WARNING: (142017,50): pattern does not contain all quantified variables.
WARNING: (148666,53): pattern does not contain all quantified variables.
WARNING: (148761,59): pattern does not contain all quantified variables.
WARNING: (173188,70): pattern does not contain all quantified variables.
WARNING: (173639,48): pattern does not contain all quantified variables.
WARNING: (131520,41): pattern does not contain all quantified variables.
WARNING: (131615,42): pattern does not contain all quantified variables.
WARNING: (131688,46): pattern does not contain all quantified variables.
WARNING: (132027,41): pattern does not contain all quantified variables.
WARNING: (132220,46): pattern does not contain all quantified variables.
WARNING: (141208,47): pattern does not contain all quantified variables.
WARNING: (142017,50): pattern does not contain all quantified variables.
WARNING: (148666,53): pattern does not contain all quantified variables.
WARNING: (148761,59): pattern does not contain all quantified variables.
WARNING: (173188,70): pattern does not contain all quantified variables.
WARNING: (173639,48): pattern does not contain all quantified variables.
WARNING: (131520,41): pattern does not contain all quantified variables.
WARNING: (131615,42): pattern does not contain all quantified variables.
WARNING: (131688,46): pattern does not contain all quantified variables.
WARNING: (132027,41): pattern does not contain all quantified variables.
WARNING: (132220,46): pattern does not contain all quantified variables.
WARNING: (141208,47): pattern does not contain all quantified variables.
WARNING: (142017,50): pattern does not contain all quantified variables.
WARNING: (148666,53): pattern does not contain all quantified variables.
WARNING: (148761,59): pattern does not contain all quantified variables.
WARNING: (173188,70): pattern does not contain all quantified variables.
WARNING: (173639,48): pattern does not contain all quantified variables.
WARNING: (131520,41): pattern does not contain all quantified variables.
WARNING: (131615,42): pattern does not contain all quantified variables.
WARNING: (131688,46): pattern does not contain all quantified variables.
WARNING: (132027,41): pattern does not contain all quantified variables.
WARNING: (132220,46): pattern does not contain all quantified variables.
WARNING: (141208,47): pattern does not contain all quantified variables.
WARNING: (142017,50): pattern does not contain all quantified variables.
WARNING: (148666,53): pattern does not contain all quantified variables.
WARNING: (148761,59): pattern does not contain all quantified variables.
WARNING: (173188,70): pattern does not contain all quantified variables.
WARNING: (173639,48): pattern does not contain all quantified variables.
WARNING: (131520,41): pattern does not contain all quantified variables.
WARNING: (131615,42): pattern does not contain all quantified variables.
WARNING: (131688,46): pattern does not contain all quantified variables.
WARNING: (132027,41): pattern does not contain all quantified variables.
WARNING: (132220,46): pattern does not contain all quantified variables.
WARNING: (141208,47): pattern does not contain all quantified variables.
WARNING: (142017,50): pattern does not contain all quantified variables.
WARNING: (148666,53): pattern does not contain all quantified variables.
WARNING: (148761,59): pattern does not contain all quantified variables.
WARNING: (173188,70): pattern does not contain all quantified variables.
WARNING: (173639,48): pattern does not contain all quantified variables.
WARNING: (131520,41): pattern does not contain all quantified variables.
WARNING: (131615,42): pattern does not contain all quantified variables.
WARNING: (131688,46): pattern does not contain all quantified variables.
WARNING: (132027,41): pattern does not contain all quantified variables.
WARNING: (132220,46): pattern does not contain all quantified variables.
WARNING: (141208,47): pattern does not contain all quantified variables.
WARNING: (142017,50): pattern does not contain all quantified variables.
WARNING: (148666,53): pattern does not contain all quantified variables.
WARNING: (148761,59): pattern does not contain all quantified variables.
WARNING: (173188,70): pattern does not contain all quantified variables.
WARNING: (173639,48): pattern does not contain all quantified variables.
WARNING: (131520,41): pattern does not contain all quantified variables.
WARNING: (131615,42): pattern does not contain all quantified variables.
WARNING: (131688,46): pattern does not contain all quantified variables.
WARNING: (132027,41): pattern does not contain all quantified variables.
WARNING: (132220,46): pattern does not contain all quantified variables.
WARNING: (141208,47): pattern does not contain all quantified variables.
WARNING: (142017,50): pattern does not contain all quantified variables.
WARNING: (148666,53): pattern does not contain all quantified variables.
WARNING: (148761,59): pattern does not contain all quantified variables.
WARNING: (173188,70): pattern does not contain all quantified variables.
WARNING: (173639,48): pattern does not contain all quantified variables.
WARNING: (131520,41): pattern does not contain all quantified variables.
WARNING: (131615,42): pattern does not contain all quantified variables.
WARNING: (131688,46): pattern does not contain all quantified variables.
WARNING: (132027,41): pattern does not contain all quantified variables.
WARNING: (132220,46): pattern does not contain all quantified variables.
WARNING: (141208,47): pattern does not contain all quantified variables.
WARNING: (142017,50): pattern does not contain all quantified variables.
WARNING: (148666,53): pattern does not contain all quantified variables.
WARNING: (148761,59): pattern does not contain all quantified variables.
WARNING: (173188,70): pattern does not contain all quantified variables.
WARNING: (173639,48): pattern does not contain all quantified variables.
WARNING: (131520,41): pattern does not contain all quantified variables.
WARNING: (131615,42): pattern does not contain all quantified variables.
WARNING: (131688,46): pattern does not contain all quantified variables.
WARNING: (132027,41): pattern does not contain all quantified variables.
WARNING: (132220,46): pattern does not contain all quantified variables.
WARNING: (141208,47): pattern does not contain all quantified variables.
WARNING: (142017,50): pattern does not contain all quantified variables.
WARNING: (148666,53): pattern does not contain all quantified variables.
WARNING: (148761,59): pattern does not contain all quantified variables.
WARNING: (173188,70): pattern does not contain all quantified variables.
WARNING: (173639,48): pattern does not contain all quantified variables.
WARNING: (131520,41): pattern does not contain all quantified variables.
WARNING: (131615,42): pattern does not contain all quantified variables.
WARNING: (131688,46): pattern does not contain all quantified variables.
WARNING: (132027,41): pattern does not contain all quantified variables.
WARNING: (132220,46): pattern does not contain all quantified variables.
WARNING: (141208,47): pattern does not contain all quantified variables.
WARNING: (142017,50): pattern does not contain all quantified variables.
WARNING: (148666,53): pattern does not contain all quantified variables.
WARNING: (148761,59): pattern does not contain all quantified variables.
WARNING: (173188,70): pattern does not contain all quantified variables.
WARNING: (173639,48): pattern does not contain all quantified variables.
WARNING: (131520,41): pattern does not contain all quantified variables.
WARNING: (131615,42): pattern does not contain all quantified variables.
WARNING: (131688,46): pattern does not contain all quantified variables.
WARNING: (132027,41): pattern does not contain all quantified variables.
WARNING: (132220,46): pattern does not contain all quantified variables.
WARNING: (141208,47): pattern does not contain all quantified variables.
WARNING: (142017,50): pattern does not contain all quantified variables.
WARNING: (148666,53): pattern does not contain all quantified variables.
WARNING: (148761,59): pattern does not contain all quantified variables.
WARNING: (173188,70): pattern does not contain all quantified variables.
WARNING: (173639,48): pattern does not contain all quantified variables.
WARNING: (131520,41): pattern does not contain all quantified variables.
WARNING: (131615,42): pattern does not contain all quantified variables.
WARNING: (131688,46): pattern does not contain all quantified variables.
WARNING: (132027,41): pattern does not contain all quantified variables.
WARNING: (132220,46): pattern does not contain all quantified variables.
WARNING: (141208,47): pattern does not contain all quantified variables.
WARNING: (142017,50): pattern does not contain all quantified variables.
WARNING: (148666,53): pattern does not contain all quantified variables.
WARNING: (148761,59): pattern does not contain all quantified variables.
WARNING: (173188,70): pattern does not contain all quantified variables.
WARNING: (173639,48): pattern does not contain all quantified variables.
WARNING: (131520,41): pattern does not contain all quantified variables.
WARNING: (131615,42): pattern does not contain all quantified variables.
WARNING: (131688,46): pattern does not contain all quantified variables.
WARNING: (132027,41): pattern does not contain all quantified variables.
WARNING: (132220,46): pattern does not contain all quantified variables.
WARNING: (141208,47): pattern does not contain all quantified variables.
WARNING: (142017,50): pattern does not contain all quantified variables.
WARNING: (148666,53): pattern does not contain all quantified variables.
WARNING: (148761,59): pattern does not contain all quantified variables.
WARNING: (173188,70): pattern does not contain all quantified variables.
WARNING: (173639,48): pattern does not contain all quantified variables.
WARNING: (131520,41): pattern does not contain all quantified variables.
WARNING: (131615,42): pattern does not contain all quantified variables.
WARNING: (131688,46): pattern does not contain all quantified variables.
WARNING: (132027,41): pattern does not contain all quantified variables.
WARNING: (132220,46): pattern does not contain all quantified variables.
WARNING: (141208,47): pattern does not contain all quantified variables.
WARNING: (142017,50): pattern does not contain all quantified variables.
WARNING: (148666,53): pattern does not contain all quantified variables.
WARNING: (148761,59): pattern does not contain all quantified variables.
WARNING: (173188,70): pattern does not contain all quantified variables.
WARNING: (173639,48): pattern does not contain all quantified variables.
WARNING: (131520,41): pattern does not contain all quantified variables.
WARNING: (131615,42): pattern does not contain all quantified variables.
WARNING: (131688,46): pattern does not contain all quantified variables.
WARNING: (132027,41): pattern does not contain all quantified variables.
WARNING: (132220,46): pattern does not contain all quantified variables.
WARNING: (141208,47): pattern does not contain all quantified variables.
WARNING: (142017,50): pattern does not contain all quantified variables.
WARNING: (148666,53): pattern does not contain all quantified variables.
WARNING: (148761,59): pattern does not contain all quantified variables.
WARNING: (173188,70): pattern does not contain all quantified variables.
WARNING: (173639,48): pattern does not contain all quantified variables.
WARNING: (131520,41): pattern does not contain all quantified variables.
WARNING: (131615,42): pattern does not contain all quantified variables.
WARNING: (131688,46): pattern does not contain all quantified variables.
WARNING: (132027,41): pattern does not contain all quantified variables.
WARNING: (132220,46): pattern does not contain all quantified variables.
WARNING: (141208,47): pattern does not contain all quantified variables.
WARNING: (142017,50): pattern does not contain all quantified variables.
WARNING: (148666,53): pattern does not contain all quantified variables.
WARNING: (148761,59): pattern does not contain all quantified variables.
WARNING: (173188,70): pattern does not contain all quantified variables.
WARNING: (173639,48): pattern does not contain all quantified variables.
WARNING: (131520,41): pattern does not contain all quantified variables.
WARNING: (131615,42): pattern does not contain all quantified variables.
WARNING: (131688,46): pattern does not contain all quantified variables.
WARNING: (132027,41): pattern does not contain all quantified variables.
WARNING: (132220,46): pattern does not contain all quantified variables.
WARNING: (141208,47): pattern does not contain all quantified variables.
WARNING: (142017,50): pattern does not contain all quantified variables.
WARNING: (148666,53): pattern does not contain all quantified variables.
WARNING: (148761,59): pattern does not contain all quantified variables.
WARNING: (173188,70): pattern does not contain all quantified variables.
WARNING: (173639,48): pattern does not contain all quantified variables.
WARNING: (131520,41): pattern does not contain all quantified variables.
WARNING: (131615,42): pattern does not contain all quantified variables.
WARNING: (131688,46): pattern does not contain all quantified variables.
WARNING: (132027,41): pattern does not contain all quantified variables.
WARNING: (132220,46): pattern does not contain all quantified variables.
WARNING: (141208,47): pattern does not contain all quantified variables.
WARNING: (142017,50): pattern does not contain all quantified variables.
WARNING: (148666,53): pattern does not contain all quantified variables.
WARNING: (148761,59): pattern does not contain all quantified variables.
WARNING: (173188,70): pattern does not contain all quantified variables.
WARNING: (173639,48): pattern does not contain all quantified variables.
WARNING: (131520,41): pattern does not contain all quantified variables.
WARNING: (131615,42): pattern does not contain all quantified variables.
WARNING: (131688,46): pattern does not contain all quantified variables.
WARNING: (132027,41): pattern does not contain all quantified variables.
WARNING: (132220,46): pattern does not contain all quantified variables.
WARNING: (141208,47): pattern does not contain all quantified variables.
WARNING: (142017,50): pattern does not contain all quantified variables.
WARNING: (148666,53): pattern does not contain all quantified variables.
WARNING: (148761,59): pattern does not contain all quantified variables.
WARNING: (173188,70): pattern does not contain all quantified variables.
WARNING: (173639,48): pattern does not contain all quantified variables.
WARNING: (131520,41): pattern does not contain all quantified variables.
WARNING: (131615,42): pattern does not contain all quantified variables.
WARNING: (131688,46): pattern does not contain all quantified variables.
WARNING: (132027,41): pattern does not contain all quantified variables.
WARNING: (132220,46): pattern does not contain all quantified variables.
WARNING: (141208,47): pattern does not contain all quantified variables.
WARNING: (142017,50): pattern does not contain all quantified variables.
WARNING: (148666,53): pattern does not contain all quantified variables.
WARNING: (148761,59): pattern does not contain all quantified variables.
WARNING: (173188,70): pattern does not contain all quantified variables.
WARNING: (173639,48): pattern does not contain all quantified variables.
WARNING: (131520,41): pattern does not contain all quantified variables.
WARNING: (131615,42): pattern does not contain all quantified variables.
WARNING: (131688,46): pattern does not contain all quantified variables.
WARNING: (132027,41): pattern does not contain all quantified variables.
WARNING: (132220,46): pattern does not contain all quantified variables.
WARNING: (141208,47): pattern does not contain all quantified variables.
WARNING: (142017,50): pattern does not contain all quantified variables.
WARNING: (148666,53): pattern does not contain all quantified variables.
WARNING: (148761,59): pattern does not contain all quantified variables.
WARNING: (173188,70): pattern does not contain all quantified variables.
WARNING: (173639,48): pattern does not contain all quantified variables.
WARNING: (131520,41): pattern does not contain all quantified variables.
WARNING: (131615,42): pattern does not contain all quantified variables.
WARNING: (131688,46): pattern does not contain all quantified variables.
WARNING: (132027,41): pattern does not contain all quantified variables.
WARNING: (132220,46): pattern does not contain all quantified variables.
WARNING: (141208,47): pattern does not contain all quantified variables.
WARNING: (142017,50): pattern does not contain all quantified variables.
WARNING: (148666,53): pattern does not contain all quantified variables.
WARNING: (148761,59): pattern does not contain all quantified variables.
WARNING: (173188,70): pattern does not contain all quantified variables.
WARNING: (173639,48): pattern does not contain all quantified variables.
WARNING: (131520,41): pattern does not contain all quantified variables.
WARNING: (131615,42): pattern does not contain all quantified variables.
WARNING: (131688,46): pattern does not contain all quantified variables.
WARNING: (132027,41): pattern does not contain all quantified variables.
WARNING: (132220,46): pattern does not contain all quantified variables.
WARNING: (141208,47): pattern does not contain all quantified variables.
WARNING: (142017,50): pattern does not contain all quantified variables.
WARNING: (148666,53): pattern does not contain all quantified variables.
WARNING: (148761,59): pattern does not contain all quantified variables.
WARNING: (173188,70): pattern does not contain all quantified variables.
WARNING: (173639,48): pattern does not contain all quantified variables.
WARNING: (131520,41): pattern does not contain all quantified variables.
WARNING: (131615,42): pattern does not contain all quantified variables.
WARNING: (131688,46): pattern does not contain all quantified variables.
WARNING: (132027,41): pattern does not contain all quantified variables.
WARNING: (132220,46): pattern does not contain all quantified variables.
WARNING: (141208,47): pattern does not contain all quantified variables.
WARNING: (142017,50): pattern does not contain all quantified variables.
WARNING: (148666,53): pattern does not contain all quantified variables.
WARNING: (148761,59): pattern does not contain all quantified variables.
WARNING: (173188,70): pattern does not contain all quantified variables.
WARNING: (173639,48): pattern does not contain all quantified variables.
WARNING: (131520,41): pattern does not contain all quantified variables.
WARNING: (131615,42): pattern does not contain all quantified variables.
WARNING: (131688,46): pattern does not contain all quantified variables.
WARNING: (132027,41): pattern does not contain all quantified variables.
WARNING: (132220,46): pattern does not contain all quantified variables.
WARNING: (141208,47): pattern does not contain all quantified variables.
WARNING: (142017,50): pattern does not contain all quantified variables.
WARNING: (148666,53): pattern does not contain all quantified variables.
WARNING: (148761,59): pattern does not contain all quantified variables.
WARNING: (173188,70): pattern does not contain all quantified variables.
WARNING: (173639,48): pattern does not contain all quantified variables.
WARNING: (13014,47): pattern does not contain all quantified variables.
WARNING: (131520,41): pattern does not contain all quantified variables.
WARNING: (131615,42): pattern does not contain all quantified variables.
WARNING: (131688,46): pattern does not contain all quantified variables.
WARNING: (132027,41): pattern does not contain all quantified variables.
WARNING: (132220,46): pattern does not contain all quantified variables.
WARNING: (141208,47): pattern does not contain all quantified variables.
WARNING: (142017,50): pattern does not contain all quantified variables.
WARNING: (148666,53): pattern does not contain all quantified variables.
WARNING: (148761,59): pattern does not contain all quantified variables.
WARNING: (173188,70): pattern does not contain all quantified variables.
WARNING: (173639,48): pattern does not contain all quantified variables.
WARNING: (131520,41): pattern does not contain all quantified variables.
WARNING: (131615,42): pattern does not contain all quantified variables.
WARNING: (131688,46): pattern does not contain all quantified variables.
WARNING: (132027,41): pattern does not contain all quantified variables.
WARNING: (132220,46): pattern does not contain all quantified variables.
WARNING: (141208,47): pattern does not contain all quantified variables.
WARNING: (142017,50): pattern does not contain all quantified variables.
WARNING: (148666,53): pattern does not contain all quantified variables.
WARNING: (148761,59): pattern does not contain all quantified variables.
WARNING: (173188,70): pattern does not contain all quantified variables.
WARNING: (173639,48): pattern does not contain all quantified variables.
WARNING: (131520,41): pattern does not contain all quantified variables.
WARNING: (131615,42): pattern does not contain all quantified variables.
WARNING: (131688,46): pattern does not contain all quantified variables.
WARNING: (132027,41): pattern does not contain all quantified variables.
WARNING: (132220,46): pattern does not contain all quantified variables.
WARNING: (141208,47): pattern does not contain all quantified variables.
WARNING: (142017,50): pattern does not contain all quantified variables.
WARNING: (148666,53): pattern does not contain all quantified variables.
WARNING: (148761,59): pattern does not contain all quantified variables.
WARNING: (173188,70): pattern does not contain all quantified variables.
WARNING: (173639,48): pattern does not contain all quantified variables.
WARNING: (131520,41): pattern does not contain all quantified variables.
WARNING: (131615,42): pattern does not contain all quantified variables.
WARNING: (131688,46): pattern does not contain all quantified variables.
WARNING: (132027,41): pattern does not contain all quantified variables.
WARNING: (132220,46): pattern does not contain all quantified variables.
WARNING: (141208,47): pattern does not contain all quantified variables.
WARNING: (142017,50): pattern does not contain all quantified variables.
WARNING: (148666,53): pattern does not contain all quantified variables.
WARNING: (148761,59): pattern does not contain all quantified variables.
WARNING: (173188,70): pattern does not contain all quantified variables.
WARNING: (173639,48): pattern does not contain all quantified variables.
WARNING: (131520,41): pattern does not contain all quantified variables.
WARNING: (131615,42): pattern does not contain all quantified variables.
WARNING: (131688,46): pattern does not contain all quantified variables.
WARNING: (132027,41): pattern does not contain all quantified variables.
WARNING: (132220,46): pattern does not contain all quantified variables.
WARNING: (141208,47): pattern does not contain all quantified variables.
WARNING: (142017,50): pattern does not contain all quantified variables.
WARNING: (148666,53): pattern does not contain all quantified variables.
WARNING: (148761,59): pattern does not contain all quantified variables.
WARNING: (173188,70): pattern does not contain all quantified variables.
WARNING: (173639,48): pattern does not contain all quantified variables.
WARNING: (131520,41): pattern does not contain all quantified variables.
WARNING: (131615,42): pattern does not contain all quantified variables.
WARNING: (131688,46): pattern does not contain all quantified variables.
WARNING: (132027,41): pattern does not contain all quantified variables.
WARNING: (132220,46): pattern does not contain all quantified variables.
WARNING: (141208,47): pattern does not contain all quantified variables.
WARNING: (142017,50): pattern does not contain all quantified variables.
WARNING: (148666,53): pattern does not contain all quantified variables.
WARNING: (148761,59): pattern does not contain all quantified variables.
WARNING: (173188,70): pattern does not contain all quantified variables.
WARNING: (173639,48): pattern does not contain all quantified variables.
WARNING: (131520,41): pattern does not contain all quantified variables.
WARNING: (131615,42): pattern does not contain all quantified variables.
WARNING: (131688,46): pattern does not contain all quantified variables.
WARNING: (132027,41): pattern does not contain all quantified variables.
WARNING: (132220,46): pattern does not contain all quantified variables.
WARNING: (141208,47): pattern does not contain all quantified variables.
WARNING: (142017,50): pattern does not contain all quantified variables.
WARNING: (148666,53): pattern does not contain all quantified variables.
WARNING: (148761,59): pattern does not contain all quantified variables.
WARNING: (173188,70): pattern does not contain all quantified variables.
WARNING: (173639,48): pattern does not contain all quantified variables.
WARNING: (13171,47): pattern does not contain all quantified variables.
WARNING: (13381,59): pattern does not contain all quantified variables.
WARNING: (13381,59): pattern does not contain all quantified variables.
WARNING: (131520,41): pattern does not contain all quantified variables.
WARNING: (131615,42): pattern does not contain all quantified variables.
WARNING: (131688,46): pattern does not contain all quantified variables.
WARNING: (132027,41): pattern does not contain all quantified variables.
WARNING: (132220,46): pattern does not contain all quantified variables.
WARNING: (141208,47): pattern does not contain all quantified variables.
WARNING: (142017,50): pattern does not contain all quantified variables.
WARNING: (148666,53): pattern does not contain all quantified variables.
WARNING: (148761,59): pattern does not contain all quantified variables.
WARNING: (173188,70): pattern does not contain all quantified variables.
WARNING: (173639,48): pattern does not contain all quantified variables.
WARNING: (131520,41): pattern does not contain all quantified variables.
WARNING: (131615,42): pattern does not contain all quantified variables.
WARNING: (131688,46): pattern does not contain all quantified variables.
WARNING: (132027,41): pattern does not contain all quantified variables.
WARNING: (132220,46): pattern does not contain all quantified variables.
WARNING: (141208,47): pattern does not contain all quantified variables.
WARNING: (142017,50): pattern does not contain all quantified variables.
WARNING: (148666,53): pattern does not contain all quantified variables.
WARNING: (148761,59): pattern does not contain all quantified variables.
WARNING: (173188,70): pattern does not contain all quantified variables.
WARNING: (173639,48): pattern does not contain all quantified variables.
WARNING: (131520,41): pattern does not contain all quantified variables.
WARNING: (131615,42): pattern does not contain all quantified variables.
WARNING: (131688,46): pattern does not contain all quantified variables.
WARNING: (132027,41): pattern does not contain all quantified variables.
WARNING: (132220,46): pattern does not contain all quantified variables.
WARNING: (141208,47): pattern does not contain all quantified variables.
WARNING: (142017,50): pattern does not contain all quantified variables.
WARNING: (148666,53): pattern does not contain all quantified variables.
WARNING: (148761,59): pattern does not contain all quantified variables.
WARNING: (173188,70): pattern does not contain all quantified variables.
WARNING: (173639,48): pattern does not contain all quantified variables.
WARNING: (131520,41): pattern does not contain all quantified variables.
WARNING: (131615,42): pattern does not contain all quantified variables.
WARNING: (131688,46): pattern does not contain all quantified variables.
WARNING: (132027,41): pattern does not contain all quantified variables.
WARNING: (132220,46): pattern does not contain all quantified variables.
WARNING: (141208,47): pattern does not contain all quantified variables.
WARNING: (142017,50): pattern does not contain all quantified variables.
WARNING: (148666,53): pattern does not contain all quantified variables.
WARNING: (148761,59): pattern does not contain all quantified variables.
WARNING: (173188,70): pattern does not contain all quantified variables.
WARNING: (173639,48): pattern does not contain all quantified variables.
WARNING: (131520,41): pattern does not contain all quantified variables.
WARNING: (131615,42): pattern does not contain all quantified variables.
WARNING: (131688,46): pattern does not contain all quantified variables.
WARNING: (132027,41): pattern does not contain all quantified variables.
WARNING: (132220,46): pattern does not contain all quantified variables.
WARNING: (141208,47): pattern does not contain all quantified variables.
WARNING: (142017,50): pattern does not contain all quantified variables.
WARNING: (148666,53): pattern does not contain all quantified variables.
WARNING: (148761,59): pattern does not contain all quantified variables.
WARNING: (173188,70): pattern does not contain all quantified variables.
WARNING: (173639,48): pattern does not contain all quantified variables.
WARNING: (131520,41): pattern does not contain all quantified variables.
WARNING: (131615,42): pattern does not contain all quantified variables.
WARNING: (131688,46): pattern does not contain all quantified variables.
WARNING: (132027,41): pattern does not contain all quantified variables.
WARNING: (132220,46): pattern does not contain all quantified variables.
WARNING: (141208,47): pattern does not contain all quantified variables.
WARNING: (142017,50): pattern does not contain all quantified variables.
WARNING: (148666,53): pattern does not contain all quantified variables.
WARNING: (148761,59): pattern does not contain all quantified variables.
WARNING: (173188,70): pattern does not contain all quantified variables.
WARNING: (173639,48): pattern does not contain all quantified variables.
WARNING: (131520,41): pattern does not contain all quantified variables.
WARNING: (131615,42): pattern does not contain all quantified variables.
WARNING: (131688,46): pattern does not contain all quantified variables.
WARNING: (132027,41): pattern does not contain all quantified variables.
WARNING: (132220,46): pattern does not contain all quantified variables.
WARNING: (141208,47): pattern does not contain all quantified variables.
WARNING: (142017,50): pattern does not contain all quantified variables.
WARNING: (148666,53): pattern does not contain all quantified variables.
WARNING: (148761,59): pattern does not contain all quantified variables.
WARNING: (173188,70): pattern does not contain all quantified variables.
WARNING: (173639,48): pattern does not contain all quantified variables.
WARNING: (131520,41): pattern does not contain all quantified variables.
WARNING: (131615,42): pattern does not contain all quantified variables.
WARNING: (131688,46): pattern does not contain all quantified variables.
WARNING: (132027,41): pattern does not contain all quantified variables.
WARNING: (132220,46): pattern does not contain all quantified variables.
WARNING: (141208,47): pattern does not contain all quantified variables.
WARNING: (142017,50): pattern does not contain all quantified variables.
WARNING: (148666,53): pattern does not contain all quantified variables.
WARNING: (148761,59): pattern does not contain all quantified variables.
WARNING: (173188,70): pattern does not contain all quantified variables.
WARNING: (173639,48): pattern does not contain all quantified variables.
WARNING: (131520,41): pattern does not contain all quantified variables.
WARNING: (131615,42): pattern does not contain all quantified variables.
WARNING: (131688,46): pattern does not contain all quantified variables.
WARNING: (132027,41): pattern does not contain all quantified variables.
WARNING: (132220,46): pattern does not contain all quantified variables.
WARNING: (141208,47): pattern does not contain all quantified variables.
WARNING: (142017,50): pattern does not contain all quantified variables.
WARNING: (148666,53): pattern does not contain all quantified variables.
WARNING: (148761,59): pattern does not contain all quantified variables.
WARNING: (173188,70): pattern does not contain all quantified variables.
WARNING: (173639,48): pattern does not contain all quantified variables.
WARNING: (131520,41): pattern does not contain all quantified variables.
WARNING: (131615,42): pattern does not contain all quantified variables.
WARNING: (131688,46): pattern does not contain all quantified variables.
WARNING: (132027,41): pattern does not contain all quantified variables.
WARNING: (132220,46): pattern does not contain all quantified variables.
WARNING: (141208,47): pattern does not contain all quantified variables.
WARNING: (142017,50): pattern does not contain all quantified variables.
WARNING: (148666,53): pattern does not contain all quantified variables.
WARNING: (148761,59): pattern does not contain all quantified variables.
WARNING: (173188,70): pattern does not contain all quantified variables.
WARNING: (173639,48): pattern does not contain all quantified variables.
WARNING: (131520,41): pattern does not contain all quantified variables.
WARNING: (131615,42): pattern does not contain all quantified variables.
WARNING: (131688,46): pattern does not contain all quantified variables.
WARNING: (132027,41): pattern does not contain all quantified variables.
WARNING: (132220,46): pattern does not contain all quantified variables.
WARNING: (141208,47): pattern does not contain all quantified variables.
WARNING: (142017,50): pattern does not contain all quantified variables.
WARNING: (148666,53): pattern does not contain all quantified variables.
WARNING: (148761,59): pattern does not contain all quantified variables.
WARNING: (173188,70): pattern does not contain all quantified variables.
WARNING: (173639,48): pattern does not contain all quantified variables.
WARNING: (131520,41): pattern does not contain all quantified variables.
WARNING: (131615,42): pattern does not contain all quantified variables.
WARNING: (131688,46): pattern does not contain all quantified variables.
WARNING: (132027,41): pattern does not contain all quantified variables.
WARNING: (132220,46): pattern does not contain all quantified variables.
WARNING: (141208,47): pattern does not contain all quantified variables.
WARNING: (142017,50): pattern does not contain all quantified variables.
WARNING: (148666,53): pattern does not contain all quantified variables.
WARNING: (148761,59): pattern does not contain all quantified variables.
WARNING: (173188,70): pattern does not contain all quantified variables.
WARNING: (173639,48): pattern does not contain all quantified variables.
WARNING: (131520,41): pattern does not contain all quantified variables.
WARNING: (131615,42): pattern does not contain all quantified variables.
WARNING: (131688,46): pattern does not contain all quantified variables.
WARNING: (132027,41): pattern does not contain all quantified variables.
WARNING: (132220,46): pattern does not contain all quantified variables.
WARNING: (141208,47): pattern does not contain all quantified variables.
WARNING: (142017,50): pattern does not contain all quantified variables.
WARNING: (148666,53): pattern does not contain all quantified variables.
WARNING: (148761,59): pattern does not contain all quantified variables.
WARNING: (173188,70): pattern does not contain all quantified variables.
WARNING: (173639,48): pattern does not contain all quantified variables.
WARNING: (131520,41): pattern does not contain all quantified variables.
WARNING: (131615,42): pattern does not contain all quantified variables.
WARNING: (131688,46): pattern does not contain all quantified variables.
WARNING: (132027,41): pattern does not contain all quantified variables.
WARNING: (132220,46): pattern does not contain all quantified variables.
WARNING: (141208,47): pattern does not contain all quantified variables.
WARNING: (142017,50): pattern does not contain all quantified variables.
WARNING: (148666,53): pattern does not contain all quantified variables.
WARNING: (148761,59): pattern does not contain all quantified variables.
WARNING: (173188,70): pattern does not contain all quantified variables.
WARNING: (173639,48): pattern does not contain all quantified variables.
WARNING: (131520,41): pattern does not contain all quantified variables.
WARNING: (131615,42): pattern does not contain all quantified variables.
WARNING: (131688,46): pattern does not contain all quantified variables.
WARNING: (132027,41): pattern does not contain all quantified variables.
WARNING: (132220,46): pattern does not contain all quantified variables.
WARNING: (141208,47): pattern does not contain all quantified variables.
WARNING: (142017,50): pattern does not contain all quantified variables.
WARNING: (148666,53): pattern does not contain all quantified variables.
WARNING: (148761,59): pattern does not contain all quantified variables.
WARNING: (173188,70): pattern does not contain all quantified variables.
WARNING: (173639,48): pattern does not contain all quantified variables.
WARNING: (13089,47): pattern does not contain all quantified variables.
WARNING: (131520,41): pattern does not contain all quantified variables.
WARNING: (131615,42): pattern does not contain all quantified variables.
WARNING: (131688,46): pattern does not contain all quantified variables.
WARNING: (132027,41): pattern does not contain all quantified variables.
WARNING: (132220,46): pattern does not contain all quantified variables.
WARNING: (141208,47): pattern does not contain all quantified variables.
WARNING: (142017,50): pattern does not contain all quantified variables.
WARNING: (148666,53): pattern does not contain all quantified variables.
WARNING: (148761,59): pattern does not contain all quantified variables.
WARNING: (173188,70): pattern does not contain all quantified variables.
WARNING: (173639,48): pattern does not contain all quantified variables.
WARNING: (131520,41): pattern does not contain all quantified variables.
WARNING: (131615,42): pattern does not contain all quantified variables.
WARNING: (131688,46): pattern does not contain all quantified variables.
WARNING: (132027,41): pattern does not contain all quantified variables.
WARNING: (132220,46): pattern does not contain all quantified variables.
WARNING: (141208,47): pattern does not contain all quantified variables.
WARNING: (142017,50): pattern does not contain all quantified variables.
WARNING: (148666,53): pattern does not contain all quantified variables.
WARNING: (148761,59): pattern does not contain all quantified variables.
WARNING: (173188,70): pattern does not contain all quantified variables.
WARNING: (173639,48): pattern does not contain all quantified variables.
WARNING: (131520,41): pattern does not contain all quantified variables.
WARNING: (131615,42): pattern does not contain all quantified variables.
WARNING: (131688,46): pattern does not contain all quantified variables.
WARNING: (132027,41): pattern does not contain all quantified variables.
WARNING: (132220,46): pattern does not contain all quantified variables.
WARNING: (141208,47): pattern does not contain all quantified variables.
WARNING: (142017,50): pattern does not contain all quantified variables.
WARNING: (148666,53): pattern does not contain all quantified variables.
WARNING: (148761,59): pattern does not contain all quantified variables.
WARNING: (173188,70): pattern does not contain all quantified variables.
WARNING: (173639,48): pattern does not contain all quantified variables.
WARNING: (131520,41): pattern does not contain all quantified variables.
WARNING: (131615,42): pattern does not contain all quantified variables.
WARNING: (131688,46): pattern does not contain all quantified variables.
WARNING: (132027,41): pattern does not contain all quantified variables.
WARNING: (132220,46): pattern does not contain all quantified variables.
WARNING: (141208,47): pattern does not contain all quantified variables.
WARNING: (142017,50): pattern does not contain all quantified variables.
WARNING: (148666,53): pattern does not contain all quantified variables.
WARNING: (148761,59): pattern does not contain all quantified variables.
WARNING: (173188,70): pattern does not contain all quantified variables.
WARNING: (173639,48): pattern does not contain all quantified variables.
WARNING: (131520,41): pattern does not contain all quantified variables.
WARNING: (131615,42): pattern does not contain all quantified variables.
WARNING: (131688,46): pattern does not contain all quantified variables.
WARNING: (132027,41): pattern does not contain all quantified variables.
WARNING: (132220,46): pattern does not contain all quantified variables.
WARNING: (141208,47): pattern does not contain all quantified variables.
WARNING: (142017,50): pattern does not contain all quantified variables.
WARNING: (148666,53): pattern does not contain all quantified variables.
WARNING: (148761,59): pattern does not contain all quantified variables.
WARNING: (173188,70): pattern does not contain all quantified variables.
WARNING: (173639,48): pattern does not contain all quantified variables.
WARNING: (13186,47): pattern does not contain all quantified variables.
WARNING: (131520,41): pattern does not contain all quantified variables.
WARNING: (131615,42): pattern does not contain all quantified variables.
WARNING: (131688,46): pattern does not contain all quantified variables.
WARNING: (132027,41): pattern does not contain all quantified variables.
WARNING: (132220,46): pattern does not contain all quantified variables.
WARNING: (141208,47): pattern does not contain all quantified variables.
WARNING: (142017,50): pattern does not contain all quantified variables.
WARNING: (148666,53): pattern does not contain all quantified variables.
WARNING: (148761,59): pattern does not contain all quantified variables.
WARNING: (173188,70): pattern does not contain all quantified variables.
WARNING: (173639,48): pattern does not contain all quantified variables.
WARNING: (131520,41): pattern does not contain all quantified variables.
WARNING: (131615,42): pattern does not contain all quantified variables.
WARNING: (131688,46): pattern does not contain all quantified variables.
WARNING: (132027,41): pattern does not contain all quantified variables.
WARNING: (132220,46): pattern does not contain all quantified variables.
WARNING: (141208,47): pattern does not contain all quantified variables.
WARNING: (142017,50): pattern does not contain all quantified variables.
WARNING: (148666,53): pattern does not contain all quantified variables.
WARNING: (148761,59): pattern does not contain all quantified variables.
WARNING: (173188,70): pattern does not contain all quantified variables.
WARNING: (173639,48): pattern does not contain all quantified variables.
WARNING: (131520,41): pattern does not contain all quantified variables.
WARNING: (131615,42): pattern does not contain all quantified variables.
WARNING: (131688,46): pattern does not contain all quantified variables.
WARNING: (132027,41): pattern does not contain all quantified variables.
WARNING: (132220,46): pattern does not contain all quantified variables.
WARNING: (141208,47): pattern does not contain all quantified variables.
WARNING: (142017,50): pattern does not contain all quantified variables.
WARNING: (148666,53): pattern does not contain all quantified variables.
WARNING: (148761,59): pattern does not contain all quantified variables.
WARNING: (173188,70): pattern does not contain all quantified variables.
WARNING: (173639,48): pattern does not contain all quantified variables.
WARNING: (13273,47): pattern does not contain all quantified variables.
WARNING: (131520,41): pattern does not contain all quantified variables.
WARNING: (131615,42): pattern does not contain all quantified variables.
WARNING: (131688,46): pattern does not contain all quantified variables.
WARNING: (132027,41): pattern does not contain all quantified variables.
WARNING: (132220,46): pattern does not contain all quantified variables.
WARNING: (141208,47): pattern does not contain all quantified variables.
WARNING: (142017,50): pattern does not contain all quantified variables.
WARNING: (148666,53): pattern does not contain all quantified variables.
WARNING: (148761,59): pattern does not contain all quantified variables.
WARNING: (173188,70): pattern does not contain all quantified variables.
WARNING: (173639,48): pattern does not contain all quantified variables.
WARNING: (131520,41): pattern does not contain all quantified variables.
WARNING: (131615,42): pattern does not contain all quantified variables.
WARNING: (131688,46): pattern does not contain all quantified variables.
WARNING: (132027,41): pattern does not contain all quantified variables.
WARNING: (132220,46): pattern does not contain all quantified variables.
WARNING: (141208,47): pattern does not contain all quantified variables.
WARNING: (142017,50): pattern does not contain all quantified variables.
WARNING: (148666,53): pattern does not contain all quantified variables.
WARNING: (148761,59): pattern does not contain all quantified variables.
WARNING: (173188,70): pattern does not contain all quantified variables.
WARNING: (173639,48): pattern does not contain all quantified variables.
WARNING: (131520,41): pattern does not contain all quantified variables.
WARNING: (131615,42): pattern does not contain all quantified variables.
WARNING: (131688,46): pattern does not contain all quantified variables.
WARNING: (132027,41): pattern does not contain all quantified variables.
WARNING: (132220,46): pattern does not contain all quantified variables.
WARNING: (141208,47): pattern does not contain all quantified variables.
WARNING: (142017,50): pattern does not contain all quantified variables.
WARNING: (148666,53): pattern does not contain all quantified variables.
WARNING: (148761,59): pattern does not contain all quantified variables.
WARNING: (173188,70): pattern does not contain all quantified variables.
WARNING: (173639,48): pattern does not contain all quantified variables.
WARNING: (131520,41): pattern does not contain all quantified variables.
WARNING: (131615,42): pattern does not contain all quantified variables.
WARNING: (131688,46): pattern does not contain all quantified variables.
WARNING: (132027,41): pattern does not contain all quantified variables.
WARNING: (132220,46): pattern does not contain all quantified variables.
WARNING: (141208,47): pattern does not contain all quantified variables.
WARNING: (142017,50): pattern does not contain all quantified variables.
WARNING: (148666,53): pattern does not contain all quantified variables.
WARNING: (148761,59): pattern does not contain all quantified variables.
WARNING: (173188,70): pattern does not contain all quantified variables.
WARNING: (173639,48): pattern does not contain all quantified variables.
WARNING: (131520,41): pattern does not contain all quantified variables.
WARNING: (131615,42): pattern does not contain all quantified variables.
WARNING: (131688,46): pattern does not contain all quantified variables.
WARNING: (132027,41): pattern does not contain all quantified variables.
WARNING: (132220,46): pattern does not contain all quantified variables.
WARNING: (141208,47): pattern does not contain all quantified variables.
WARNING: (142017,50): pattern does not contain all quantified variables.
WARNING: (148666,53): pattern does not contain all quantified variables.
WARNING: (148761,59): pattern does not contain all quantified variables.
WARNING: (173188,70): pattern does not contain all quantified variables.
WARNING: (173639,48): pattern does not contain all quantified variables.
WARNING: (131520,41): pattern does not contain all quantified variables.
WARNING: (131615,42): pattern does not contain all quantified variables.
WARNING: (131688,46): pattern does not contain all quantified variables.
WARNING: (132027,41): pattern does not contain all quantified variables.
WARNING: (132220,46): pattern does not contain all quantified variables.
WARNING: (141208,47): pattern does not contain all quantified variables.
WARNING: (142017,50): pattern does not contain all quantified variables.
WARNING: (148666,53): pattern does not contain all quantified variables.
WARNING: (148761,59): pattern does not contain all quantified variables.
WARNING: (173188,70): pattern does not contain all quantified variables.
WARNING: (173639,48): pattern does not contain all quantified variables.
WARNING: (131520,41): pattern does not contain all quantified variables.
WARNING: (131615,42): pattern does not contain all quantified variables.
WARNING: (131688,46): pattern does not contain all quantified variables.
WARNING: (132027,41): pattern does not contain all quantified variables.
WARNING: (132220,46): pattern does not contain all quantified variables.
WARNING: (141208,47): pattern does not contain all quantified variables.
WARNING: (142017,50): pattern does not contain all quantified variables.
WARNING: (148666,53): pattern does not contain all quantified variables.
WARNING: (148761,59): pattern does not contain all quantified variables.
WARNING: (173188,70): pattern does not contain all quantified variables.
WARNING: (173639,48): pattern does not contain all quantified variables.
WARNING: (131520,41): pattern does not contain all quantified variables.
WARNING: (131615,42): pattern does not contain all quantified variables.
WARNING: (131688,46): pattern does not contain all quantified variables.
WARNING: (132027,41): pattern does not contain all quantified variables.
WARNING: (132220,46): pattern does not contain all quantified variables.
WARNING: (141208,47): pattern does not contain all quantified variables.
WARNING: (142017,50): pattern does not contain all quantified variables.
WARNING: (148666,53): pattern does not contain all quantified variables.
WARNING: (148761,59): pattern does not contain all quantified variables.
WARNING: (173188,70): pattern does not contain all quantified variables.
WARNING: (173639,48): pattern does not contain all quantified variables.
WARNING: (131520,41): pattern does not contain all quantified variables.
WARNING: (131615,42): pattern does not contain all quantified variables.
WARNING: (131688,46): pattern does not contain all quantified variables.
WARNING: (132027,41): pattern does not contain all quantified variables.
WARNING: (132220,46): pattern does not contain all quantified variables.
WARNING: (141208,47): pattern does not contain all quantified variables.
WARNING: (142017,50): pattern does not contain all quantified variables.
WARNING: (148666,53): pattern does not contain all quantified variables.
WARNING: (148761,59): pattern does not contain all quantified variables.
WARNING: (173188,70): pattern does not contain all quantified variables.
WARNING: (173639,48): pattern does not contain all quantified variables.
WARNING: (131520,41): pattern does not contain all quantified variables.
WARNING: (131615,42): pattern does not contain all quantified variables.
WARNING: (131688,46): pattern does not contain all quantified variables.
WARNING: (132027,41): pattern does not contain all quantified variables.
WARNING: (132220,46): pattern does not contain all quantified variables.
WARNING: (141208,47): pattern does not contain all quantified variables.
WARNING: (142017,50): pattern does not contain all quantified variables.
WARNING: (148666,53): pattern does not contain all quantified variables.
WARNING: (148761,59): pattern does not contain all quantified variables.
WARNING: (173188,70): pattern does not contain all quantified variables.
WARNING: (173639,48): pattern does not contain all quantified variables.
WARNING: (131520,41): pattern does not contain all quantified variables.
WARNING: (131615,42): pattern does not contain all quantified variables.
WARNING: (131688,46): pattern does not contain all quantified variables.
WARNING: (132027,41): pattern does not contain all quantified variables.
WARNING: (132220,46): pattern does not contain all quantified variables.
WARNING: (141208,47): pattern does not contain all quantified variables.
WARNING: (142017,50): pattern does not contain all quantified variables.
WARNING: (148666,53): pattern does not contain all quantified variables.
WARNING: (148761,59): pattern does not contain all quantified variables.
WARNING: (173188,70): pattern does not contain all quantified variables.
WARNING: (173639,48): pattern does not contain all quantified variables.
