dos2unix: converting file parser/parse.fsi to Unix format...
Warning: you are using the standard library and/or the %inline keyword. We
recommend switching on --infer in order to avoid obscure type error messages.
dos2unix: converting file parse.mly to Unix format...
File "src/basic/ml/FStar_Util.ml", line 47, characters 57-65:
Warning 40: st_mtime was selected from type BatUnix.stats.
It is not visible in the current scope, and will not 
be selected if the type becomes unknown.
File "src/basic/ml/FStar_Util.ml", line 47, characters 57-65:
Warning 40: st_mtime was selected from type BatUnix.stats.
It is not visible in the current scope, and will not 
be selected if the type becomes unknown.
.\u_boot_fsts\FStar.Syntax.Syntax.fst(394,0-394,33): (Warning) Annotation from val declaration overrides inline type annotation
.\u_boot_fsts\FStar.Syntax.Syntax.fst(445,0-445,48): (Warning) Annotation from val declaration overrides inline type annotation
.\u_boot_fsts\FStar.Syntax.Syntax.fst(446,0-446,76): (Warning) Annotation from val declaration overrides inline type annotation
.\u_boot_fsts\FStar.Syntax.Syntax.fst(496,0-498,38): (Warning) Annotation from val declaration overrides inline type annotation
.\u_boot_fsts\FStar.TypeChecker.Util.fst(71,0-73,32): (Warning) Annotation from val declaration overrides inline type annotation
.\u_boot_fsts\FStar.TypeChecker.Env.fst(282,0-286,35): (Warning) Annotation from val declaration overrides inline type annotation
.\u_boot_fsts\FStar.TypeChecker.Env.fst(716,0-718,39): (Warning) Annotation from val declaration overrides inline type annotation
File "ulib/ml/extracted/FStar_IndefiniteDescription.ml", line 7, characters 31-33:
Warning 20: this argument will not be used by the function.
File "ulib/ml/extracted/FStar_Tactics.ml", line 353, characters 45-46:
Warning 20: this argument will not be used by the function.
File "ulib/ml/extracted/FStar_Util.ml", line 2, characters 40-41:
Warning 20: this argument will not be used by the function.
File "ulib/ml/extracted/FStar_Util.ml", line 2, characters 42-43:
Warning 20: this argument will not be used by the function.
File "ulib/ml/extracted/FStar_Util.ml", line 3, characters 64-65:
Warning 20: this argument will not be used by the function.
File "ulib/ml/extracted/FStar_Util.ml", line 5, characters 37-38:
Warning 20: this argument will not be used by the function.
File "ulib/ml/extracted/FStar_Util.ml", line 5, characters 62-63:
Warning 20: this argument will not be used by the function.
File "ulib/ml/extracted/FStar_IndefiniteDescription.ml", line 7, characters 31-33:
Warning 20: this argument will not be used by the function.
File "ulib/ml/extracted/FStar_Tactics.ml", line 353, characters 45-46:
Warning 20: this argument will not be used by the function.
File "ulib/ml/extracted/FStar_Util.ml", line 2, characters 40-41:
Warning 20: this argument will not be used by the function.
File "ulib/ml/extracted/FStar_Util.ml", line 2, characters 42-43:
Warning 20: this argument will not be used by the function.
File "ulib/ml/extracted/FStar_Util.ml", line 3, characters 64-65:
Warning 20: this argument will not be used by the function.
File "ulib/ml/extracted/FStar_Util.ml", line 5, characters 37-38:
Warning 20: this argument will not be used by the function.
File "ulib/ml/extracted/FStar_Util.ml", line 5, characters 62-63:
Warning 20: this argument will not be used by the function.
cp: cannot stat '_build/ulib/ml/fstarlib.cma': No such file or directory
make[3]: *** [Makefile:35: install] Error 1
make[2]: *** [Makefile:27: fstarlib.cmxa] Error 2
make[2]: Target 'all' not remade because of errors.
make[1]: *** [Makefile:12: ocaml] Error 2
make: *** [Makefile:260: utest] Error 2
