make[1]: warning: jobserver unavailable: using -j1.  Add '+' to parent make rule.
make[1]: warning: jobserver unavailable: using -j1.  Add '+' to parent make rule.
Warning: you are using the standard library and/or the %inline keyword. We
recommend switching on --infer in order to avoid obscure type error messages.
warning: CRLF will be replaced by LF in src/parser/parse.fsi.
The file will have its original line endings in your working directory.
6 shift/reduce conflicts.
File "src/basic/ml/FStar_Util.ml", line 47, characters 57-65:
Warning 40: st_mtime was selected from type BatUnix.stats.
It is not visible in the current scope, and will not 
be selected if the type becomes unknown.
File "src/basic/ml/FStar_Util.ml", line 47, characters 57-65:
Warning 40: st_mtime was selected from type BatUnix.stats.
It is not visible in the current scope, and will not 
be selected if the type becomes unknown.
make[3]: warning: jobserver unavailable: using -j1.  Add '+' to parent make rule.
rm: cannot remove 'u_boot_fsts/FStar.Char.*': No such file or directory
make[4]: *** [Makefile:148: rename_as_fst] Error 1
make[3]: *** [Makefile:151: prep_u_extract_ocaml] Error 2
make[2]: *** [Makefile:228: ocaml] Error 2
make[1]: *** [Makefile:241: fstar-ocaml] Error 2
make: *** [Makefile:266: utest] Error 2
