make[1]: warning: jobserver unavailable: using -j1.  Add '+' to parent make rule.
make[1]: warning: jobserver unavailable: using -j1.  Add '+' to parent make rule.
Warning: you are using the standard library and/or the %inline keyword. We
recommend switching on --infer in order to avoid obscure type error messages.
warning: CRLF will be replaced by LF in src/parser/parse.fsi.
The file will have its original line endings in your working directory.
File "src/basic/ml/FStar_Util.ml", line 47, characters 57-65:
Warning 40: st_mtime was selected from type BatUnix.stats.
It is not visible in the current scope, and will not 
be selected if the type becomes unknown.
File "src/basic/ml/FStar_Util.ml", line 660, characters 2-13:
Warning 10: this expression should have type unit.
File "src/basic/ml/FStar_Util.ml", line 47, characters 57-65:
Warning 40: st_mtime was selected from type BatUnix.stats.
It is not visible in the current scope, and will not 
be selected if the type becomes unknown.
File "src/basic/ml/FStar_Util.ml", line 660, characters 2-13:
Warning 10: this expression should have type unit.
make[3]: warning: jobserver unavailable: using -j1.  Add '+' to parent make rule.
.\u_boot_fsts\FStar.Syntax.Syntax.fst(396,0-396,33): (Warning) Annotation from val declaration overrides inline type annotation
.\u_boot_fsts\FStar.Syntax.Syntax.fst(446,0-446,48): (Warning) Annotation from val declaration overrides inline type annotation
.\u_boot_fsts\FStar.Syntax.Syntax.fst(447,0-447,76): (Warning) Annotation from val declaration overrides inline type annotation
.\u_boot_fsts\FStar.Syntax.Syntax.fst(498,0-500,38): (Warning) Annotation from val declaration overrides inline type annotation
.\u_boot_fsts\FStar.TypeChecker.Env.fst(280,0-284,35): (Warning) Annotation from val declaration overrides inline type annotation
.\u_boot_fsts\FStar.TypeChecker.Util.fst(70,0-72,32): (Warning) Annotation from val declaration overrides inline type annotation
.\u_boot_fsts\FStar.TypeChecker.Env.fst(718,0-720,39): (Warning) Annotation from val declaration overrides inline type annotation
.\u_boot_fsts\FStar.Parser.Dep.fst(585,24-586,59) : (Error) Computed type "bool" and effect "ALL" is not compatible with the annotated type "bool" effect "Tot"
Unexpected error
FStar_Errors.Error(_)
Raised by primitive operation at file "src/ocaml-output/FStar_TypeChecker_Util.ml", line 2202, characters 14-36
Called from file "src/ocaml-output/FStar_TypeChecker_TcTerm.ml", line 488, characters 22-75
Called from file "src/ocaml-output/FStar_TypeChecker_TcTerm.ml", line 2844, characters 29-1023
Called from file "src/ocaml-output/FStar_TypeChecker_TcTerm.ml", line 3420, characters 47-61
Called from file "src/ocaml-output/FStar_TypeChecker_TcTerm.ml", line 1468, characters 22-108
Called from file "src/ocaml-output/FStar_TypeChecker_TcTerm.ml", line 3420, characters 47-61
Called from file "src/ocaml-output/FStar_TypeChecker_TcTerm.ml", line 1468, characters 22-108
Called from file "src/ocaml-output/FStar_TypeChecker_TcTerm.ml", line 3420, characters 47-61
Called from file "src/ocaml-output/FStar_TypeChecker_TcTerm.ml", line 1468, characters 22-108
Called from file "src/ocaml-output/FStar_TypeChecker_TcTerm.ml", line 5359, characters 21-1023
Called from file "src/ocaml-output/FStar_TypeChecker_TcTerm.ml", line 4717, characters 12-51
Called from file "src/ocaml-output/FStar_TypeChecker_TcTerm.ml", line 4742, characters 22-44
Called from file "src/ocaml-output/FStar_TypeChecker_TcTerm.ml", line 2765, characters 22-1023
Called from file "src/ocaml-output/FStar_TypeChecker_TcTerm.ml", line 5359, characters 21-1023
Called from file "src/ocaml-output/FStar_TypeChecker_TcTerm.ml", line 4717, characters 12-51
Called from file "src/ocaml-output/FStar_TypeChecker_TcTerm.ml", line 5037, characters 52-68
Called from file "src/ocaml-output/FStar_TypeChecker_TcTerm.ml", line 4742, characters 22-44
Called from file "src/ocaml-output/FStar_TypeChecker_TcTerm.ml", line 4742, characters 22-44
Called from file "src/ocaml-output/FStar_TypeChecker_TcTerm.ml", line 4742, characters 22-44
Called from file "src/ocaml-output/FStar_TypeChecker_TcTerm.ml", line 4742, characters 22-44
Called from file "src/ocaml-output/FStar_TypeChecker_TcTerm.ml", line 4742, characters 22-44
Called from file "src/ocaml-output/FStar_TypeChecker_TcTerm.ml", line 1053, characters 23-44
Called from file "src/ocaml-output/FStar_TypeChecker_TcTerm.ml", line 2765, characters 22-1023
Called from file "src/ocaml-output/FStar_TypeChecker_TcTerm.ml", line 5359, characters 21-1023
Called from file "src/ocaml-output/FStar_TypeChecker_TcTerm.ml", line 4547, characters 27-59
Called from file "src/ocaml-output/FStar_TypeChecker_Tc.ml", line 3608, characters 20-1023
Called from file "src/ocaml-output/FStar_TypeChecker_Tc.ml", line 3972, characters 31-46
Called from file "src/basic/ml/FStar_Util.ml", line 554, characters 30-37
Called from file "src/ocaml-output/FStar_TypeChecker_Tc.ml", line 4018, characters 8-70
Called from file "src/ocaml-output/FStar_TypeChecker_Tc.ml", line 4106, characters 25-77
Called from file "src/ocaml-output/FStar_TypeChecker_Tc.ml", line 4373, characters 23-49
Called from file "src/basic/ml/FStar_Util.ml", line 44, characters 14-18
Called from file "src/ocaml-output/FStar_Universal.ml", line 219, characters 34-233
Called from file "list.ml", line 84, characters 24-34
Called from file "src/ocaml-output/bootlibs/FStar_All.ml", line 3, characters 21-24
Called from file "src/ocaml-output/FStar_Universal.ml", line 330, characters 18-65
Called from file "src/ocaml-output/FStar_Universal.ml", line 353, characters 31-72
Called from file "src/ocaml-output/FStar_Universal.ml", line 369, characters 24-71
Called from file "src/ocaml-output/FStar_Universal.ml", line 409, characters 26-68
Called from file "src/ocaml-output/FStar_Main.ml", line 198, characters 27-67
Called from file "src/ocaml-output/FStar_Main.ml", line 220, characters 6-11

make[3]: *** [Makefile:169: u_extract_parser] Error 1
make[3]: Target 'u_extract_all' not remade because of errors.
make[2]: *** [Makefile:233: ocaml] Error 2
make[1]: *** [Makefile:243: fstar-ocaml] Error 2
make: *** [Makefile:257: utest] Error 2
