make[1]: warning: jobserver unavailable: using -j1.  Add '+' to parent make rule.
make[1]: warning: jobserver unavailable: using -j1.  Add '+' to parent make rule.
Warning: you are using the standard library and/or the %inline keyword. We
recommend switching on --infer in order to avoid obscure type error messages.
warning: CRLF will be replaced by LF in doc/slides/popl2015/intro-tiny-fstar.mdk.
The file will have its original line endings in your working directory.
warning: CRLF will be replaced by LF in doc/slides/popl2015/overview-presentation.mdk.
The file will have its original line endings in your working directory.
warning: CRLF will be replaced by LF in src/parser/parse.fsi.
The file will have its original line endings in your working directory.
File "src/basic/ml/FStar_Util.ml", line 47, characters 57-65:
Warning 40: st_mtime was selected from type BatUnix.stats.
It is not visible in the current scope, and will not 
be selected if the type becomes unknown.
File "src/basic/ml/FStar_Util.ml", line 47, characters 57-65:
Warning 40: st_mtime was selected from type BatUnix.stats.
It is not visible in the current scope, and will not 
be selected if the type becomes unknown.
make[3]: warning: jobserver unavailable: using -j1.  Add '+' to parent make rule.
.\u_boot_fsts\FStar.Syntax.Syntax.fst(393,0-393,33): (Warning) Annotation from val declaration overrides inline type annotation
.\u_boot_fsts\FStar.Syntax.Syntax.fst(444,0-444,48): (Warning) Annotation from val declaration overrides inline type annotation
.\u_boot_fsts\FStar.Syntax.Syntax.fst(445,0-445,76): (Warning) Annotation from val declaration overrides inline type annotation
.\u_boot_fsts\FStar.Syntax.Syntax.fst(495,0-497,38): (Warning) Annotation from val declaration overrides inline type annotation
.\u_boot_fsts\FStar.TypeChecker.Env.fst(280,0-284,35): (Warning) Annotation from val declaration overrides inline type annotation
.\u_boot_fsts\FStar.TypeChecker.Env.fst(718,0-720,39): (Warning) Annotation from val declaration overrides inline type annotation
.\u_boot_fsts\FStar.TypeChecker.Util.fst(70,0-72,32): (Warning) Annotation from val declaration overrides inline type annotation
warning: CRLF will be replaced by LF in doc/slides/popl2015/intro-tiny-fstar.mdk.
The file will have its original line endings in your working directory.
warning: CRLF will be replaced by LF in doc/slides/popl2015/overview-presentation.mdk.
The file will have its original line endings in your working directory.
warning: CRLF will be replaced by LF in src/parser/ml/parse.mly.
The file will have its original line endings in your working directory.
warning: CRLF will be replaced by LF in src/parser/parse.fsi.
The file will have its original line endings in your working directory.
warning: CRLF will be replaced by LF in src/parser/parse.fsy.
The file will have its original line endings in your working directory.
File "src/ocaml-output/FStar_Main.ml", line 118, characters 18-52:
Error: Unbound module FStar_Extraction_SMT_PrintML
Hint: Did you mean FStar_Extraction_ML_PrintML?
make[3]: *** [Makefile:102: fstar.exe] Error 2
make[3]: Target 'all' not remade because of errors.
make[2]: *** [Makefile:244: boot-ocaml] Error 2
make[1]: *** [Makefile:241: fstar-ocaml] Error 2
make: *** [Makefile:255: utest] Error 2
