dos2unix: converting file parser/parse.fsi to Unix format...
Warning: you are using the standard library and/or the %inline keyword. We
recommend switching on --infer in order to avoid obscure type error messages.
dos2unix: converting file parse.mly to Unix format...
File "src/basic/ml/FStar_Util.ml", line 49, characters 57-65:
Warning 40: st_mtime was selected from type BatUnix.stats.
It is not visible in the current scope, and will not 
be selected if the type becomes unknown.
File "src/basic/ml/FStar_Util.ml", line 49, characters 57-65:
Warning 40: st_mtime was selected from type BatUnix.stats.
It is not visible in the current scope, and will not 
be selected if the type becomes unknown.
.\u_boot_fsts\FStar.TypeChecker.Util.fst(71,0-73,32): (Warning) Annotation from val declaration overrides inline type annotation
.\u_boot_fsts\FStar.TypeChecker.Env.fst(282,0-286,35): (Warning) Annotation from val declaration overrides inline type annotation
.\u_boot_fsts\FStar.TypeChecker.Env.fst(716,0-718,39): (Warning) Annotation from val declaration overrides inline type annotation
.\u_boot_fsts\FStar.Syntax.Syntax.fst(394,0-394,33): (Warning) Annotation from val declaration overrides inline type annotation
.\u_boot_fsts\FStar.Syntax.Syntax.fst(445,0-445,48): (Warning) Annotation from val declaration overrides inline type annotation
.\u_boot_fsts\FStar.Syntax.Syntax.fst(446,0-446,76): (Warning) Annotation from val declaration overrides inline type annotation
.\u_boot_fsts\FStar.Syntax.Syntax.fst(496,0-498,38): (Warning) Annotation from val declaration overrides inline type annotation
.\Ex01a.fst(58,0-58,48): (Warning) Top-level let-bindings must be total; this term may have effects
.\Ex01a.fst(68,0-68,48): (Warning) Top-level let-bindings must be total; this term may have effects
.\Encrypt_SymEnc.fst(30,0-30,18): (Warning) Top-level let-bindings must be total; this term may have effects
WARNING: (89918,39): pattern does not contain all quantified variables.
WARNING: (9431,28): pattern does not contain all quantified variables.
WARNING: (9491,28): pattern does not contain all quantified variables.
.\Benton2004.fst(542,2-550,59): (Warning) Pattern misses at least one bound variable: p1#790102
.\Benton2004.fst(594,2-600,48): (Warning) Pattern misses at least one bound variable: phi'#790689
.\Benton2004.fst(631,2-639,102): (Warning) Pattern misses at least one bound variable: phi'#791592
.\MAC.fst(45,0-45,35): (Warning) Top-level let-bindings must be total; this term may have effects
WARNING: (6886,51): pattern does not contain all quantified variables.
WARNING: (6886,51): pattern does not contain all quantified variables.
.\Benton2004.fst(542,2-550,59): (Warning) Pattern misses at least one bound variable: p1#730321
.\Benton2004.fst(594,2-600,48): (Warning) Pattern misses at least one bound variable: phi'#730908
.\Benton2004.fst(631,2-639,102): (Warning) Pattern misses at least one bound variable: phi'#731811
.\Benton2004.DDCC.fst(474,2-482,59): (Warning) Pattern misses at least one bound variable: p1#899104
.\Benton2004.DDCC.fst(638,2-644,48): (Warning) Pattern misses at least one bound variable: phi'#901624
.\Benton2004.DDCC.fst(669,2-677,102): (Warning) Pattern misses at least one bound variable: phi'#902527
.\Benton2004.DDCC.fst(768,2-774,56): (Warning) Pattern misses at least one bound variable: v#905682
.\RPC.fst(9,0-9,53): (Warning) Top-level let-bindings must be total; this term may have effects
.\RPC.fst(23,0-23,39): (Warning) Top-level let-bindings must be total; this term may have effects
.\RPC.fst(48,0-49,16): (Warning) Top-level let-bindings must be total; this term may have effects
.\RPC.fst(116,0-116,17): (Warning) Top-level let-bindings must be total; this term may have effects
.\Benton2004.fst(542,2-550,59): (Warning) Pattern misses at least one bound variable: p1#730321
.\Benton2004.fst(594,2-600,48): (Warning) Pattern misses at least one bound variable: phi'#730908
.\Benton2004.fst(631,2-639,102): (Warning) Pattern misses at least one bound variable: phi'#731811
.\Benton2004.DDCC.fst(474,2-482,59): (Warning) Pattern misses at least one bound variable: p1#852706
.\Benton2004.DDCC.fst(638,2-644,48): (Warning) Pattern misses at least one bound variable: phi'#855226
.\Benton2004.DDCC.fst(669,2-677,102): (Warning) Pattern misses at least one bound variable: phi'#856129
.\Benton2004.DDCC.fst(768,2-774,56): (Warning) Pattern misses at least one bound variable: v#859284
WARNING: (89543,39): pattern does not contain all quantified variables.
WARNING: (90231,28): pattern does not contain all quantified variables.
WARNING: (90335,29): pattern does not contain all quantified variables.
WARNING: (90515,27): pattern does not contain all quantified variables.
WARNING: (94385,44): pattern does not contain all quantified variables.
WARNING: (94677,33): pattern does not contain all quantified variables.
WARNING: (95174,33): pattern does not contain all quantified variables.
WARNING: (95426,34): pattern does not contain all quantified variables.
WARNING: (95606,32): pattern does not contain all quantified variables.
WARNING: (95926,32): pattern does not contain all quantified variables.
WARNING: (10328,44): pattern does not contain all quantified variables.
WARNING: (10488,33): pattern does not contain all quantified variables.
.\Benton2004.fst(542,2-550,59): (Warning) Pattern misses at least one bound variable: p1#730321
.\Benton2004.fst(594,2-600,48): (Warning) Pattern misses at least one bound variable: phi'#730908
.\Benton2004.fst(631,2-639,102): (Warning) Pattern misses at least one bound variable: phi'#731811
.\Benton2004.DDCC.fst(474,2-482,59): (Warning) Pattern misses at least one bound variable: p1#852706
.\Benton2004.DDCC.fst(638,2-644,48): (Warning) Pattern misses at least one bound variable: phi'#855226
.\Benton2004.DDCC.fst(669,2-677,102): (Warning) Pattern misses at least one bound variable: phi'#856129
.\Benton2004.DDCC.fst(768,2-774,56): (Warning) Pattern misses at least one bound variable: v#859284
WARNING: (9494,33): pattern does not contain all quantified variables.
WARNING: (89543,39): pattern does not contain all quantified variables.
WARNING: (90231,28): pattern does not contain all quantified variables.
WARNING: (90335,29): pattern does not contain all quantified variables.
WARNING: (90515,27): pattern does not contain all quantified variables.
WARNING: (94385,44): pattern does not contain all quantified variables.
WARNING: (94677,33): pattern does not contain all quantified variables.
WARNING: (95174,33): pattern does not contain all quantified variables.
WARNING: (95426,34): pattern does not contain all quantified variables.
WARNING: (95606,32): pattern does not contain all quantified variables.
WARNING: (95926,32): pattern does not contain all quantified variables.
WARNING: (9450,44): pattern does not contain all quantified variables.
.\Benton2004.SmithVolpano.fst(201,2-204,35): (Warning) Pattern misses at least one bound variable: t#892987
File "ulib/ml/extracted/FStar_IndefiniteDescription.ml", line 7, characters 31-33:
Warning 20: this argument will not be used by the function.
File "ulib/ml/extracted/FStar_Tactics.ml", line 353, characters 45-46:
Warning 20: this argument will not be used by the function.
File "ulib/ml/extracted/FStar_Util.ml", line 2, characters 40-41:
Warning 20: this argument will not be used by the function.
File "ulib/ml/extracted/FStar_Util.ml", line 2, characters 42-43:
Warning 20: this argument will not be used by the function.
File "ulib/ml/extracted/FStar_Util.ml", line 3, characters 64-65:
Warning 20: this argument will not be used by the function.
File "ulib/ml/extracted/FStar_Util.ml", line 5, characters 37-38:
Warning 20: this argument will not be used by the function.
File "ulib/ml/extracted/FStar_Util.ml", line 5, characters 62-63:
Warning 20: this argument will not be used by the function.
.\CntProtocol.fst(14,0-14,53): (Warning) Top-level let-bindings must be total; this term may have effects
.\CntProtocol.fst(29,0-29,26): (Warning) Top-level let-bindings must be total; this term may have effects
.\CntProtocol.fst(32,0-32,54): (Warning) Top-level let-bindings must be total; this term may have effects
.\CntProtocol.fst(35,0-35,54): (Warning) Top-level let-bindings must be total; this term may have effects
.\CntProtocol.fst(99,0-99,39): (Warning) Top-level let-bindings must be total; this term may have effects
.\CntProtocol.fst(126,0-126,18): (Warning) Top-level let-bindings must be total; this term may have effects
.\CntProtocol.fst(172,0-188,5): (Warning) Top-level let-bindings must be total; this term may have effects
.\Ex10a.fst(28,0-28,22): (Warning) Top-level let-bindings must be total; this term may have effects
.\Ex10a.fst(28,0-28,22): (Warning) Top-level let-bindings must be total; this term may have effects
File "ulib/ml/extracted/FStar_IndefiniteDescription.ml", line 7, characters 31-33:
Warning 20: this argument will not be used by the function.
File "ulib/ml/extracted/FStar_Tactics.ml", line 353, characters 45-46:
Warning 20: this argument will not be used by the function.
File "ulib/ml/extracted/FStar_Util.ml", line 2, characters 40-41:
Warning 20: this argument will not be used by the function.
File "ulib/ml/extracted/FStar_Util.ml", line 2, characters 42-43:
Warning 20: this argument will not be used by the function.
File "ulib/ml/extracted/FStar_Util.ml", line 3, characters 64-65:
Warning 20: this argument will not be used by the function.
File "ulib/ml/extracted/FStar_Util.ml", line 5, characters 37-38:
Warning 20: this argument will not be used by the function.
File "ulib/ml/extracted/FStar_Util.ml", line 5, characters 62-63:
Warning 20: this argument will not be used by the function.
.\TestMRef.fst(8,0-8,20): (Warning) Top-level let-bindings must be total; this term may have effects
.\Platform.Bytes.fst(15,32-18,29): (Warning) Pattern misses at least one bound variable: uu___#419079
WARNING: (6837,46): pattern does not contain any variable.
WARNING: (7020,46): pattern does not contain any variable.
WARNING: (6736,46): pattern does not contain any variable.
.\Platform.Bytes.fst(257,22-260,30): (Warning) Pattern misses at least one bound variable: i#455873
.\Platform.Bytes.fst(261,8-261,24): (Warning) Pattern misses at least one bound variable: i#457872 (see also .\Platform.Bytes.fst(257,156-260,30))
WARNING: (7042,46): pattern does not contain any variable.
WARNING: (65142,46): pattern does not contain any variable.
WARNING: (69038,43): pattern does not contain all quantified variables.
WARNING: (65142,46): pattern does not contain any variable.
WARNING: (69038,43): pattern does not contain all quantified variables.
WARNING: (65142,46): pattern does not contain any variable.
WARNING: (69038,43): pattern does not contain all quantified variables.
WARNING: (65142,46): pattern does not contain any variable.
WARNING: (69038,43): pattern does not contain all quantified variables.
WARNING: (65142,46): pattern does not contain any variable.
WARNING: (69038,43): pattern does not contain all quantified variables.
WARNING: (65142,46): pattern does not contain any variable.
WARNING: (69038,43): pattern does not contain all quantified variables.
WARNING: (65142,46): pattern does not contain any variable.
WARNING: (69038,43): pattern does not contain all quantified variables.
WARNING: (65142,46): pattern does not contain any variable.
WARNING: (69038,43): pattern does not contain all quantified variables.
WARNING: (65142,46): pattern does not contain any variable.
WARNING: (69038,43): pattern does not contain all quantified variables.
.\Platform.Bytes.fst(15,40-18,29): (Warning) Pattern misses at least one bound variable: uu___#492597
.\Platform.Bytes.fst(261,8-261,24): (Warning) Pattern misses at least one bound variable: i#500984 (see also .\Platform.Bytes.fst(257,156-260,30))
.\hello.fst(5,0-5,37): (Warning) Top-level let-bindings must be total; this term may have effects
Warning: the module declaration "module Ex12a.Cap" found in file Ex12a1.Cap.fst does not match its filename. Dependencies will be incorrect.
.\Ex12a1.Cap.fst(29,0-29,26): (Warning) Top-level let-bindings must be total; this term may have effects
.\Benton2004.fst(542,2-550,59): (Warning) Pattern misses at least one bound variable: p1#730321
.\Benton2004.fst(594,2-600,48): (Warning) Pattern misses at least one bound variable: phi'#730908
.\Benton2004.fst(631,2-639,102): (Warning) Pattern misses at least one bound variable: phi'#731811
WARNING: (89543,39): pattern does not contain all quantified variables.
WARNING: (90231,28): pattern does not contain all quantified variables.
WARNING: (90335,29): pattern does not contain all quantified variables.
WARNING: (90515,27): pattern does not contain all quantified variables.
WARNING: (93180,43): pattern does not contain all quantified variables.
WARNING: (89543,39): pattern does not contain all quantified variables.
WARNING: (90231,28): pattern does not contain all quantified variables.
WARNING: (90335,29): pattern does not contain all quantified variables.
WARNING: (90515,27): pattern does not contain all quantified variables.
WARNING: (93180,43): pattern does not contain all quantified variables.
WARNING: (94752,32): pattern does not contain all quantified variables.
WARNING: (89543,39): pattern does not contain all quantified variables.
WARNING: (90231,28): pattern does not contain all quantified variables.
WARNING: (90335,29): pattern does not contain all quantified variables.
WARNING: (90515,27): pattern does not contain all quantified variables.
WARNING: (93180,43): pattern does not contain all quantified variables.
WARNING: (94752,32): pattern does not contain all quantified variables.
WARNING: (89543,39): pattern does not contain all quantified variables.
WARNING: (90231,28): pattern does not contain all quantified variables.
WARNING: (90335,29): pattern does not contain all quantified variables.
WARNING: (90515,27): pattern does not contain all quantified variables.
WARNING: (93180,43): pattern does not contain all quantified variables.
WARNING: (94752,32): pattern does not contain all quantified variables.
WARNING: (89543,39): pattern does not contain all quantified variables.
WARNING: (90231,28): pattern does not contain all quantified variables.
WARNING: (90335,29): pattern does not contain all quantified variables.
WARNING: (90515,27): pattern does not contain all quantified variables.
WARNING: (93180,43): pattern does not contain all quantified variables.
WARNING: (94752,32): pattern does not contain all quantified variables.
WARNING: (89543,39): pattern does not contain all quantified variables.
WARNING: (90231,28): pattern does not contain all quantified variables.
WARNING: (90335,29): pattern does not contain all quantified variables.
WARNING: (90515,27): pattern does not contain all quantified variables.
WARNING: (93180,43): pattern does not contain all quantified variables.
WARNING: (94752,32): pattern does not contain all quantified variables.
WARNING: (89543,39): pattern does not contain all quantified variables.
WARNING: (90231,28): pattern does not contain all quantified variables.
WARNING: (90335,29): pattern does not contain all quantified variables.
WARNING: (90515,27): pattern does not contain all quantified variables.
WARNING: (93180,43): pattern does not contain all quantified variables.
WARNING: (94752,32): pattern does not contain all quantified variables.
WARNING: (89543,39): pattern does not contain all quantified variables.
WARNING: (90231,28): pattern does not contain all quantified variables.
WARNING: (90335,29): pattern does not contain all quantified variables.
WARNING: (90515,27): pattern does not contain all quantified variables.
WARNING: (93180,43): pattern does not contain all quantified variables.
WARNING: (94752,32): pattern does not contain all quantified variables.
WARNING: (95582,34): pattern does not contain all quantified variables.
WARNING: (95686,33): pattern does not contain all quantified variables.
WARNING: (95866,31): pattern does not contain all quantified variables.
.\Benton2004.RHL.fst(125,2-127,38): (Warning) Pattern misses at least one bound variable: t#904720
.\Benton2004.RHL.fst(292,2-300,59): (Warning) Pattern misses at least one bound variable: p1#913017
.\Benton2004.RHL.fst(575,2-581,48): (Warning) Pattern misses at least one bound variable: phi'#923229
.\Benton2004.RHL.fst(606,2-614,102): (Warning) Pattern misses at least one bound variable: phi'#924175
.\Ex12a1.Cap.fst(21,0-21,26): (Warning) Top-level let-bindings must be total; this term may have effects
.\Ex12a2.Cap.fst(21,0-21,31): (Warning) Top-level let-bindings must be total; this term may have effects
.\Ex12a2.Cap.fst(42,0-42,33): (Warning) Top-level let-bindings must be total; this term may have effects
.\Mac.fst(70,0-70,35): (Warning) Top-level let-bindings must be total; this term may have effects
.\Benton2004.fst(542,2-550,59): (Warning) Pattern misses at least one bound variable: p1#730321
.\Benton2004.fst(594,2-600,48): (Warning) Pattern misses at least one bound variable: phi'#730908
.\Benton2004.fst(631,2-639,102): (Warning) Pattern misses at least one bound variable: phi'#731811
.\Benton2004.RHL.fst(125,2-127,38): (Warning) Pattern misses at least one bound variable: t#841371
.\Benton2004.RHL.fst(292,2-300,59): (Warning) Pattern misses at least one bound variable: p1#849668
.\Benton2004.RHL.fst(575,2-581,48): (Warning) Pattern misses at least one bound variable: phi'#859880
.\Benton2004.RHL.fst(606,2-614,102): (Warning) Pattern misses at least one bound variable: phi'#860826
WARNING: (10024,43): pattern does not contain all quantified variables.
WARNING: (9684,43): pattern does not contain all quantified variables.
WARNING: (9742,32): pattern does not contain all quantified variables.
WARNING: (10401,43): pattern does not contain all quantified variables.
WARNING: (89543,39): pattern does not contain all quantified variables.
WARNING: (90231,28): pattern does not contain all quantified variables.
WARNING: (90335,29): pattern does not contain all quantified variables.
WARNING: (90515,27): pattern does not contain all quantified variables.
WARNING: (93160,43): pattern does not contain all quantified variables.
WARNING: (94731,32): pattern does not contain all quantified variables.
WARNING: (95561,34): pattern does not contain all quantified variables.
WARNING: (95665,33): pattern does not contain all quantified variables.
WARNING: (95845,31): pattern does not contain all quantified variables.
WARNING: (96450,47): pattern does not contain all quantified variables.
WARNING: (9957,43): pattern does not contain all quantified variables.
.\Benton2004.RHL.Examples.fst(160,2-166,48): (Warning) Pattern misses at least one bound variable: phi'#901173
.\Benton2004.fst(542,2-550,59): (Warning) Pattern misses at least one bound variable: p1#730321
.\Benton2004.fst(594,2-600,48): (Warning) Pattern misses at least one bound variable: phi'#730908
.\Benton2004.fst(631,2-639,102): (Warning) Pattern misses at least one bound variable: phi'#731811
.\Benton2004.RHL.fst(125,2-127,38): (Warning) Pattern misses at least one bound variable: t#841371
.\Benton2004.RHL.fst(292,2-300,59): (Warning) Pattern misses at least one bound variable: p1#849668
.\Benton2004.RHL.fst(575,2-581,48): (Warning) Pattern misses at least one bound variable: phi'#859880
.\Benton2004.RHL.fst(606,2-614,102): (Warning) Pattern misses at least one bound variable: phi'#860826
.\Benton2004.RHL.Derived.fst(59,2-65,48): (Warning) Pattern misses at least one bound variable: phi'#872422
.\Ex12b.RPC.fst(15,0-15,53): (Warning) Top-level let-bindings must be total; this term may have effects
.\Ex12b.RPC.fst(29,0-29,62): (Warning) Top-level let-bindings must be total; this term may have effects
.\Ex12b.RPC.fst(58,0-58,63): (Warning) Top-level let-bindings must be total; this term may have effects
.\Ex12b.RPC.fst(74,0-75,16): (Warning) Top-level let-bindings must be total; this term may have effects
.\Ex12b.RPC.fst(148,0-148,17): (Warning) Top-level let-bindings must be total; this term may have effects
.\Ex01a.fst(58,0-58,48): (Warning) Top-level let-bindings must be total; this term may have effects
make[3]: [Makefile:68: Ex01a-ocaml] Error 2 (ignored)
.\Benton2004.fst(542,2-550,59): (Warning) Pattern misses at least one bound variable: p1#730321
.\Benton2004.fst(594,2-600,48): (Warning) Pattern misses at least one bound variable: phi'#730908
.\Benton2004.fst(631,2-639,102): (Warning) Pattern misses at least one bound variable: phi'#731811
.\Benton2004.RHL.fst(125,2-127,38): (Warning) Pattern misses at least one bound variable: t#841371
.\Benton2004.RHL.fst(292,2-300,59): (Warning) Pattern misses at least one bound variable: p1#849668
.\Benton2004.RHL.fst(575,2-581,48): (Warning) Pattern misses at least one bound variable: phi'#859880
.\Benton2004.RHL.fst(606,2-614,102): (Warning) Pattern misses at least one bound variable: phi'#860826
.\Benton2004.RHL.Derived.fst(59,2-65,48): (Warning) Pattern misses at least one bound variable: phi'#870410
WARNING: (10548,43): pattern does not contain all quantified variables.
WARNING: (89543,39): pattern does not contain all quantified variables.
WARNING: (90231,28): pattern does not contain all quantified variables.
WARNING: (90335,29): pattern does not contain all quantified variables.
WARNING: (90515,27): pattern does not contain all quantified variables.
WARNING: (93160,43): pattern does not contain all quantified variables.
WARNING: (94731,32): pattern does not contain all quantified variables.
WARNING: (95561,34): pattern does not contain all quantified variables.
WARNING: (95665,33): pattern does not contain all quantified variables.
WARNING: (95845,31): pattern does not contain all quantified variables.
WARNING: (96129,46): pattern does not contain all quantified variables.
