make[1]: warning: jobserver unavailable: using -j1.  Add '+' to parent make rule.
make[1]: warning: jobserver unavailable: using -j1.  Add '+' to parent make rule.
Warning: you are using the standard library and/or the %inline keyword. We
recommend switching on --infer in order to avoid obscure type error messages.
warning: CRLF will be replaced by LF in src/parser/parse.fsi.
The file will have its original line endings in your working directory.
6 shift/reduce conflicts.
File "src/basic/ml/FStar_Util.ml", line 47, characters 57-65:
Warning 40: st_mtime was selected from type BatUnix.stats.
It is not visible in the current scope, and will not 
be selected if the type becomes unknown.
File "src/basic/ml/FStar_Util.ml", line 659, characters 2-13:
Warning 10: this expression should have type unit.
File "src/basic/ml/FStar_Util.ml", line 47, characters 57-65:
Warning 40: st_mtime was selected from type BatUnix.stats.
It is not visible in the current scope, and will not 
be selected if the type becomes unknown.
File "src/basic/ml/FStar_Util.ml", line 659, characters 2-13:
Warning 10: this expression should have type unit.
make[3]: warning: jobserver unavailable: using -j1.  Add '+' to parent make rule.
.\u_boot_fsts\FStar.Syntax.Syntax.fst(397,0-397,33): (Warning) Annotation from val declaration overrides inline type annotation
.\u_boot_fsts\FStar.Syntax.Syntax.fst(446,0-446,48): (Warning) Annotation from val declaration overrides inline type annotation
.\u_boot_fsts\FStar.Syntax.Syntax.fst(447,0-447,76): (Warning) Annotation from val declaration overrides inline type annotation
.\u_boot_fsts\FStar.Syntax.Syntax.fst(498,0-500,38): (Warning) Annotation from val declaration overrides inline type annotation
.\u_boot_fsts\FStar.TypeChecker.Util.fst(70,0-72,32): (Warning) Annotation from val declaration overrides inline type annotation
.\u_boot_fsts\FStar.TypeChecker.Env.fst(278,0-282,35): (Warning) Annotation from val declaration overrides inline type annotation
.\u_boot_fsts\FStar.TypeChecker.Env.fst(704,0-706,39): (Warning) Annotation from val declaration overrides inline type annotation
warning: CRLF will be replaced by LF in src/parser/ml/parse.mly.
The file will have its original line endings in your working directory.
warning: CRLF will be replaced by LF in src/parser/parse.fsi.
The file will have its original line endings in your working directory.
File "src/ocaml-output/FStar_Options.ml", line 102, characters 6-22:
Error: Variable uu____220 must occur on both sides of this | pattern
make[3]: *** [Makefile:100: fstar.exe] Error 2
make[3]: Target 'all' not remade because of errors.
make[2]: *** [Makefile:241: boot-ocaml] Error 2
make[1]: *** [Makefile:238: fstar-ocaml] Error 2
make: *** [Makefile:251: utest] Error 2
