make[1]: warning: jobserver unavailable: using -j1.  Add '+' to parent make rule.
make[1]: warning: jobserver unavailable: using -j1.  Add '+' to parent make rule.
Warning: you are using the standard library and/or the %inline keyword. We
recommend switching on --infer in order to avoid obscure type error messages.
warning: CRLF will be replaced by LF in src/parser/parse.fsi.
The file will have its original line endings in your working directory.
6 shift/reduce conflicts.
File "src/basic/ml/FStar_Util.ml", line 47, characters 57-65:
Warning 40: st_mtime was selected from type BatUnix.stats.
It is not visible in the current scope, and will not 
be selected if the type becomes unknown.
File "src/basic/ml/FStar_Util.ml", line 47, characters 57-65:
Warning 40: st_mtime was selected from type BatUnix.stats.
It is not visible in the current scope, and will not 
be selected if the type becomes unknown.
make[3]: warning: jobserver unavailable: using -j1.  Add '+' to parent make rule.
Error: module not found in search path: fstar.list.tot
Unexpected error
FStar_Errors.Err("module not found in search path: fstar.list.tot\n")
Raised at file "src/batString.mlv", line 148, characters 12-21
Called from file "src/batReturn.ml", line 29, characters 6-29
Called from file "src/batString.mlv", line 335, characters 19-43

make[3]: *** [Makefile:173: u_extract_misc] Error 1
Error: module not found in search path: fstar.list.tot
Unexpected error
FStar_Errors.Err("module not found in search path: fstar.list.tot\n")
Raised at file "src/batString.mlv", line 148, characters 12-21
Called from file "src/batReturn.ml", line 29, characters 6-29
Called from file "src/batString.mlv", line 335, characters 19-43

Error: module not found in search path: fstar.list.tot
Unexpected error
FStar_Errors.Err("module not found in search path: fstar.list.tot\n")
Raised at file "src/batString.mlv", line 148, characters 12-21
Called from file "src/batReturn.ml", line 29, characters 6-29
Called from file "src/batString.mlv", line 335, characters 19-43

make[3]: *** [Makefile:181: u_extract_parser] Error 1
make[3]: *** [Makefile:178: u_extract_syntax] Error 1
Error: module not found in search path: fstar.list.tot
Unexpected error
FStar_Errors.Err("module not found in search path: fstar.list.tot\n")
Raised at file "src/batString.mlv", line 148, characters 12-21
Called from file "src/batReturn.ml", line 29, characters 6-29
Called from file "src/batString.mlv", line 335, characters 19-43

make[3]: *** [Makefile:184: u_extract_normalizer] Error 1
Error: module not found in search path: fstar.list.tot
Unexpected error
FStar_Errors.Err("module not found in search path: fstar.list.tot\n")
Raised at file "src/batString.mlv", line 148, characters 12-21
Called from file "src/batReturn.ml", line 29, characters 6-29
Called from file "src/batString.mlv", line 335, characters 19-43

Error: module not found in search path: fstar.list.tot
Unexpected error
FStar_Errors.Err("module not found in search path: fstar.list.tot\n")
Raised at file "src/batString.mlv", line 148, characters 12-21
Called from file "src/batReturn.ml", line 29, characters 6-29
Called from file "src/batString.mlv", line 335, characters 19-43

Error: module not found in search path: fstar.list.tot
Unexpected error
FStar_Errors.Err("module not found in search path: fstar.list.tot\n")
Raised at file "src/batString.mlv", line 148, characters 12-21
Called from file "src/batReturn.ml", line 29, characters 6-29
Called from file "src/batString.mlv", line 335, characters 19-43

make[3]: *** [Makefile:187: u_extract_rel] Error 1
make[3]: *** [Makefile:193: u_extract_dmff] Error 1
make[3]: *** [Makefile:216: u_extract_solver] Error 1
Error: module not found in search path: fstar.list.tot
Unexpected error
FStar_Errors.Err("module not found in search path: fstar.list.tot\n")
Raised at file "src/batString.mlv", line 148, characters 12-21
Called from file "src/batReturn.ml", line 29, characters 6-29
Called from file "src/batString.mlv", line 335, characters 19-43

Error: module not found in search path: fstar.list.tot
Unexpected error
FStar_Errors.Err("module not found in search path: fstar.list.tot\n")
Raised at file "src/batString.mlv", line 148, characters 12-21
Called from file "src/batReturn.ml", line 29, characters 6-29
Called from file "src/batString.mlv", line 335, characters 19-43

make[3]: *** [Makefile:204: u_extract_tosyntax] Error 1
make[3]: *** [Makefile:190: u_extract_util] Error 1
Error: module not found in search path: fstar.list.tot
Error: module not found in search path: fstar.list.tot
Unexpected error
FStar_Errors.Err("module not found in search path: fstar.list.tot\n")
Raised at file "src/batString.mlv", line 148, characters 12-21
Called from file "src/batReturn.ml", line 29, characters 6-29
Called from file "src/batString.mlv", line 335, characters 19-43

Unexpected error
FStar_Errors.Err("module not found in search path: fstar.list.tot\n")
Raised at file "src/batString.mlv", line 148, characters 12-21
Called from file "src/batReturn.ml", line 29, characters 6-29
Called from file "src/batString.mlv", line 335, characters 19-43

make[3]: *** [Makefile:199: u_extract_tc] Error 1
make[3]: *** [Makefile:213: u_extract_encode] Error 1
make[3]: Target 'u_extract_smtencoding' not remade because of errors.
Error: module not found in search path: fstar.list.tot
Unexpected error
FStar_Errors.Err("module not found in search path: fstar.list.tot\n")
Raised at file "src/batString.mlv", line 148, characters 12-21
Called from file "src/batReturn.ml", line 29, characters 6-29
Called from file "src/batString.mlv", line 335, characters 19-43

Error: module not found in search path: fstar.list.tot
Unexpected error
FStar_Errors.Err("module not found in search path: fstar.list.tot\n")
Raised at file "src/batString.mlv", line 148, characters 12-21
Called from file "src/batReturn.ml", line 29, characters 6-29
Called from file "src/batString.mlv", line 335, characters 19-43

make[3]: *** [Makefile:196: u_extract_tcterm] Error 1
make[3]: Target 'u_extract_typechecker' not remade because of errors.
make[3]: *** [Makefile:221: u_extract_fstar] Error 1
Error: module not found in search path: fstar.list.tot
Unexpected error
FStar_Errors.Err("module not found in search path: fstar.list.tot\n")
Raised at file "src/batString.mlv", line 148, characters 12-21
Called from file "src/batReturn.ml", line 29, characters 6-29
Called from file "src/batString.mlv", line 335, characters 19-43

make[3]: *** [Makefile:207: u_extract_extraction] Error 1
make[2]: *** [Makefile:229: ocaml] Error 2
make[1]: *** [Makefile:241: fstar-ocaml] Error 2
make: *** [Makefile:255: utest] Error 2
