--2017-05-01 22:45:50--  https://raw.githubusercontent.com/Z3Prover/z3/master/LICENSE.txt
Resolving raw.githubusercontent.com (raw.githubusercontent.com)... 151.101.52.133
Connecting to raw.githubusercontent.com (raw.githubusercontent.com)|151.101.52.133|:443... connected.
HTTP request sent, awaiting response... 200 OK
Length: 1096 (1.1K) [text/plain]
Saving to: 'fstar/LICENSE-z3.txt'

0K .                                                     100%  307M=0s

2017-05-01 22:45:50 (307 MB/s) - 'fstar/LICENSE-z3.txt' saved [1096/1096]

cp: cannot stat '../../bin/*z3*': No such file or directory
./TestMRef.fst(8,0-8,20): (Warning) Top-level let-bindings must be total; this term may have effects
./Mac.fst(70,0-70,35): (Warning) Top-level let-bindings must be total; this term may have effects
File "_none_", line 1:
Warning 58: no cmx file was found in path for module Big_int_Z, and its interface was not compiled with -opaque
File "_none_", line 1:
Warning 58: no cmx file was found in path for module Z, and its interface was not compiled with -opaque
File "_none_", line 1:
Warning 58: no cmx file was found in path for module Z, and its interface was not compiled with -opaque
File "_none_", line 1:
Warning 58: no cmx file was found in path for module Z, and its interface was not compiled with -opaque
File "_none_", line 1:
Warning 58: no cmx file was found in path for module Z, and its interface was not compiled with -opaque
File "_none_", line 1:
Warning 58: no cmx file was found in path for module Z, and its interface was not compiled with -opaque
File "_none_", line 1:
Warning 58: no cmx file was found in path for module Z, and its interface was not compiled with -opaque
File "_none_", line 1:
Warning 58: no cmx file was found in path for module Z, and its interface was not compiled with -opaque
File "FStar_String.ml", line 16, characters 16-32:
Warning 3: deprecated: String.lowercase
Use String.lowercase_ascii instead.
File "_none_", line 1:
Warning 58: no cmx file was found in path for module Z, and its interface was not compiled with -opaque
File "_none_", line 1:
Warning 58: no cmx file was found in path for module Z, and its interface was not compiled with -opaque
./hello.fst(5,0-5,37): (Warning) Top-level let-bindings must be total; this term may have effects
./hello.fst(5,0-5,37): (Warning) Top-level let-bindings must be total; this term may have effects
Cannot open assembly './out/hello.exe': No such file or directory.
make: *** [fs] Error 2
