make[2]: warning: jobserver unavailable: using -j1.  Add '+' to parent make rule.
make[4]: warning: jobserver unavailable: using -j1.  Add '+' to parent make rule.
./u_boot_fsts/FStar.Syntax.Syntax.fst(392,0-392,33): (Warning) Annotation from val declaration overrides inline type annotation
./u_boot_fsts/FStar.Syntax.Syntax.fst(441,0-441,48): (Warning) Annotation from val declaration overrides inline type annotation
./u_boot_fsts/FStar.Syntax.Syntax.fst(442,0-442,76): (Warning) Annotation from val declaration overrides inline type annotation
./u_boot_fsts/FStar.Syntax.Syntax.fst(493,0-495,38): (Warning) Annotation from val declaration overrides inline type annotation
./u_boot_fsts/FStar.TypeChecker.Util.fst(70,0-72,32): (Warning) Annotation from val declaration overrides inline type annotation
./u_boot_fsts/FStar.TypeChecker.Env.fst(303,0-307,35): (Warning) Annotation from val declaration overrides inline type annotation
./Encrypt_SymEnc.fst(29,0-29,18): (Warning) Top-level let-bindings must be total; this term may have effects
./MAC.fst(45,0-45,35): (Warning) Top-level let-bindings must be total; this term may have effects
WARNING: (4770,6): pattern does not contain all quantified variables.
./Ex01a.fst(67,0-67,48): (Warning) Top-level let-bindings must be total; this term may have effects
./Ex01a.fst(57,0-57,48): (Warning) Top-level let-bindings must be total; this term may have effects
./MAC.fst(45,0-45,35): (Warning) Top-level let-bindings must be total; this term may have effects
./RPC.fst(9,0-9,53): (Warning) Top-level let-bindings must be total; this term may have effects
./RPC.fst(23,0-23,39): (Warning) Top-level let-bindings must be total; this term may have effects
./RPC.fst(48,0-49,16): (Warning) Top-level let-bindings must be total; this term may have effects
./RPC.fst(116,0-116,17): (Warning) Top-level let-bindings must be total; this term may have effects
./MAC.fst(45,0-45,35): (Warning) Top-level let-bindings must be total; this term may have effects
./CntProtocol.fst(14,0-14,53): (Warning) Top-level let-bindings must be total; this term may have effects
./CntProtocol.fst(30,0-30,26): (Warning) Top-level let-bindings must be total; this term may have effects
./CntProtocol.fst(33,0-33,54): (Warning) Top-level let-bindings must be total; this term may have effects
./CntProtocol.fst(36,0-36,54): (Warning) Top-level let-bindings must be total; this term may have effects
./CntProtocol.fst(100,0-100,39): (Warning) Top-level let-bindings must be total; this term may have effects
./CntProtocol.fst(127,0-127,18): (Warning) Top-level let-bindings must be total; this term may have effects
./CntProtocol.fst(159,0-175,5): (Warning) Top-level let-bindings must be total; this term may have effects
./Ex10a.fst(26,0-26,19): (Warning) Top-level let-bindings must be total; this term may have effects
./Ex12a.Cap.fst(20,0-20,26): (Warning) Top-level let-bindings must be total; this term may have effects
./Ex10a.fst(26,0-26,19): (Warning) Top-level let-bindings must be total; this term may have effects
make[6]: warning: jobserver unavailable: using -j1.  Add '+' to parent make rule.
./ifcExample.fst(10,0-10,15): (Warning) Top-level let-bindings must be total; this term may have effects
./ifcExample.fst(11,0-11,15): (Warning) Top-level let-bindings must be total; this term may have effects
./ifcExample.fst(12,0-12,15): (Warning) Top-level let-bindings must be total; this term may have effects
./ifcExample.fst(13,0-13,17): (Warning) Top-level let-bindings must be total; this term may have effects
make[6]: warning: jobserver unavailable: using -j1.  Add '+' to parent make rule.
./Ex12a.Cap.fst(18,0-18,26): (Warning) Top-level let-bindings must be total; this term may have effects
./Ex01a.fst(67,0-67,48): (Warning) Top-level let-bindings must be total; this term may have effects
File "Ex01a.fst", line 36, characters 4-6:
Warning 26: unused variable v1.
File "Ex01a.fst", line 37, characters 4-6:
Warning 26: unused variable v2.
File "Ex01a.fst", line 60, characters 4-6:
Warning 26: unused variable v1.
File "Ex01a.fst", line 61, characters 4-6:
Warning 26: unused variable v2.
File "Ex01a.fst", line 62, characters 4-6:
Warning 26: unused variable v3.
Fatal error: exception Ex01a.InvalidRead
Raised at file "prims.ml", line 103, characters 20-21
Called from file "Ex01a.fst", line 62, characters 9-29
Called from file "Ex01a.fst", line 68, characters 0-21
make[4]: [Ex01a-ocaml] Error 2 (ignored)
./Ex12b.RPC.fst(8,0-8,53): (Warning) Top-level let-bindings must be total; this term may have effects
./Ex12b.RPC.fst(21,0-21,39): (Warning) Top-level let-bindings must be total; this term may have effects
./Ex12b.RPC.fst(53,0-54,16): (Warning) Top-level let-bindings must be total; this term may have effects
./Ex12b.RPC.fst(123,0-123,17): (Warning) Top-level let-bindings must be total; this term may have effects
make[6]: warning: jobserver unavailable: using -j1.  Add '+' to parent make rule.
make[6]: warning: jobserver unavailable: using -j1.  Add '+' to parent make rule.
./Ex01a.fst(57,0-57,48): (Warning) Top-level let-bindings must be total; this term may have effects
make[4]: [Ex01a-ocaml] Error 2 (ignored)
./TestMRef.fst(8,0-8,20): (Warning) Top-level let-bindings must be total; this term may have effects
./Mac.fst(69,0-69,35): (Warning) Top-level let-bindings must be total; this term may have effects
./Crypto.Test.fst(594,0-612,104): (Warning) Top-level let-bindings must be total; this term may have effects
