make[2]: warning: jobserver unavailable: using -j1.  Add '+' to parent make rule.
Warning: you are using the standard library and/or the %inline keyword. We
recommend switching on --infer in order to avoid obscure type error messages.
7 shift/reduce conflicts.
make[4]: warning: jobserver unavailable: using -j1.  Add '+' to parent make rule.
./u_boot_fsts/FStar.Syntax.Syntax.fst(398,0-398,33): (Warning) Annotation from val declaration overrides inline type annotation
./u_boot_fsts/FStar.Syntax.Syntax.fst(447,0-447,48): (Warning) Annotation from val declaration overrides inline type annotation
./u_boot_fsts/FStar.Syntax.Syntax.fst(448,0-448,76): (Warning) Annotation from val declaration overrides inline type annotation
./u_boot_fsts/FStar.Syntax.Syntax.fst(499,0-501,38): (Warning) Annotation from val declaration overrides inline type annotation
./u_boot_fsts/FStar.TypeChecker.Env.fst(280,0-284,35): (Warning) Annotation from val declaration overrides inline type annotation
./u_boot_fsts/FStar.TypeChecker.Util.fst(70,0-72,32): (Warning) Annotation from val declaration overrides inline type annotation
./u_boot_fsts/FStar.TypeChecker.Env.fst(717,0-719,39): (Warning) Annotation from val declaration overrides inline type annotation
./hello.fst(5,0-5,37): (Warning) Top-level let-bindings must be total; this term may have effects
<input>(2,14-2,15): (Error) Expected expression of type "int"; got expression ""hello"" of type "string"
<input>(2,14-2,15): (Error) Expected expression of type "int"; got expression ""hello"" of type "string"
<input>(2,14-2,15): (Error) Expected expression of type "int"; got expression ""hello"" of type "string"
./Encrypt_SymEnc.fst(29,0-29,18): (Warning) Top-level let-bindings must be total; this term may have effects
./MAC.fst(45,0-45,35): (Warning) Top-level let-bindings must be total; this term may have effects
WARNING: (4175,6): pattern does not contain all quantified variables.
./RPC.fst(9,0-9,53): (Warning) Top-level let-bindings must be total; this term may have effects
./RPC.fst(23,0-23,39): (Warning) Top-level let-bindings must be total; this term may have effects
./RPC.fst(48,0-49,16): (Warning) Top-level let-bindings must be total; this term may have effects
./RPC.fst(116,0-116,17): (Warning) Top-level let-bindings must be total; this term may have effects
./Ex01a.fst(68,0-68,48): (Warning) Top-level let-bindings must be total; this term may have effects
./Ex01a.fst(58,0-58,48): (Warning) Top-level let-bindings must be total; this term may have effects
./CntProtocol.fst(14,0-14,53): (Warning) Top-level let-bindings must be total; this term may have effects
./CntProtocol.fst(29,0-29,26): (Warning) Top-level let-bindings must be total; this term may have effects
./CntProtocol.fst(32,0-32,54): (Warning) Top-level let-bindings must be total; this term may have effects
./CntProtocol.fst(35,0-35,54): (Warning) Top-level let-bindings must be total; this term may have effects
./CntProtocol.fst(99,0-99,39): (Warning) Top-level let-bindings must be total; this term may have effects
./CntProtocol.fst(126,0-126,18): (Warning) Top-level let-bindings must be total; this term may have effects
./CntProtocol.fst(158,0-174,5): (Warning) Top-level let-bindings must be total; this term may have effects
./Ex10a.fst(27,0-27,19): (Warning) Top-level let-bindings must be total; this term may have effects
./Ex12a.Cap.fst(21,0-21,26): (Warning) Top-level let-bindings must be total; this term may have effects
./Ex10a.fst(27,0-27,19): (Warning) Top-level let-bindings must be total; this term may have effects
./Ex12a.Cap.fst(19,0-19,26): (Warning) Top-level let-bindings must be total; this term may have effects
./Ex12b.RPC.fst(8,0-8,53): (Warning) Top-level let-bindings must be total; this term may have effects
./Ex12b.RPC.fst(21,0-21,39): (Warning) Top-level let-bindings must be total; this term may have effects
./Ex12b.RPC.fst(53,0-54,16): (Warning) Top-level let-bindings must be total; this term may have effects
./Ex12b.RPC.fst(123,0-123,17): (Warning) Top-level let-bindings must be total; this term may have effects
make[6]: warning: jobserver unavailable: using -j1.  Add '+' to parent make rule.
make[6]: warning: jobserver unavailable: using -j1.  Add '+' to parent make rule.
File "_none_", line 1:
Warning 58: no cmx file was found in path for module Big_int_Z, and its interface was not compiled with -opaque
File "_none_", line 1:
Warning 58: no cmx file was found in path for module Z, and its interface was not compiled with -opaque
File "_none_", line 1:
Warning 58: no cmx file was found in path for module Z, and its interface was not compiled with -opaque
File "_none_", line 1:
Warning 58: no cmx file was found in path for module Z, and its interface was not compiled with -opaque
File "_none_", line 1:
Warning 58: no cmx file was found in path for module Z, and its interface was not compiled with -opaque
File "_none_", line 1:
Warning 58: no cmx file was found in path for module Z, and its interface was not compiled with -opaque
File "_none_", line 1:
Warning 58: no cmx file was found in path for module Z, and its interface was not compiled with -opaque
File "_none_", line 1:
Warning 58: no cmx file was found in path for module Z, and its interface was not compiled with -opaque
File "FStar_String.ml", line 16, characters 16-32:
Warning 3: deprecated: String.lowercase
Use String.lowercase_ascii instead.
File "_none_", line 1:
Warning 58: no cmx file was found in path for module Z, and its interface was not compiled with -opaque
File "_none_", line 1:
Warning 58: no cmx file was found in path for module Z, and its interface was not compiled with -opaque
./Ex01a.fst(58,0-58,48): (Warning) Top-level let-bindings must be total; this term may have effects
make[4]: [Ex01a-ocaml] Error 2 (ignored)
./Platform.Bytes.fst(15,32-18,29): (Warning) Pattern misses at least one bound variable: uu___#1090
WARNING: (6672,66): pattern does not contain any variable.
WARNING: (67708,66): pattern does not contain any variable.
WARNING: (6931,66): pattern does not contain any variable.
WARNING: (6594,66): pattern does not contain any variable.
./Platform.Bytes.fst(257,22-260,30): (Warning) Pattern misses at least one bound variable: i#40244
./Platform.Bytes.fst(257,156-260,30): (Warning) Pattern misses at least one bound variable: i#42374
WARNING: (6928,66): pattern does not contain any variable.
WARNING: (67708,66): pattern does not contain any variable.
WARNING: (71237,6): pattern does not contain all quantified variables.
WARNING: (67708,66): pattern does not contain any variable.
WARNING: (71237,6): pattern does not contain all quantified variables.
WARNING: (67708,66): pattern does not contain any variable.
WARNING: (71237,6): pattern does not contain all quantified variables.
Warning: Unable to open hints file: /home/everest/vsts-agent/_work/2/s/examples/micro-benchmarks/TestHeap.fst.hints; ran without hints
WARNING: (67708,66): pattern does not contain any variable.
WARNING: (71237,6): pattern does not contain all quantified variables.
WARNING: (67708,66): pattern does not contain any variable.
WARNING: (71237,6): pattern does not contain all quantified variables.
WARNING: (67708,66): pattern does not contain any variable.
WARNING: (71237,6): pattern does not contain all quantified variables.
WARNING: (67708,66): pattern does not contain any variable.
WARNING: (71237,6): pattern does not contain all quantified variables.
Warning: Unable to open hints file: /home/everest/vsts-agent/_work/2/s/examples/micro-benchmarks/TestMRef.fst.hints; ran without hints
./TestMRef.fst(8,0-8,20): (Warning) Top-level let-bindings must be total; this term may have effects
WARNING: (67708,66): pattern does not contain any variable.
WARNING: (71237,6): pattern does not contain all quantified variables.
WARNING: (67708,66): pattern does not contain any variable.
WARNING: (71237,6): pattern does not contain all quantified variables.
WARNING: (67708,66): pattern does not contain any variable.
WARNING: (71237,6): pattern does not contain all quantified variables.
./Platform.Bytes.fst(15,40-18,29): (Warning) Pattern misses at least one bound variable: uu___#79854
./Platform.Bytes.fst(257,156-260,30): (Warning) Pattern misses at least one bound variable: i#89301
./Mac.fst(70,0-70,35): (Warning) Top-level let-bindings must be total; this term may have effects
Warning: Unable to open hints file: /home/everest/vsts-agent/_work/2/s/examples/micro-benchmarks/TestGhost.fst.hints; ran without hints
unknown(0,0-0,0): (Warning) FStar.Struct: Unexpected output from Z3: (error "line 138962 column 43: unknown constant @x26")

./Crypto.Symmetric.Poly1305.Bigint.fst(190,0-197,7): (Error) Unknown assertion failed
Verified module: Crypto.Symmetric.Poly1305.Bigint (516537 milliseconds)
1 error was reported (see above)
make[1]: *** [Crypto.Symmetric.Poly1305.Bigint.fst-ver] Error 1
./Crypto.AEAD.MAC_Wrapper.Invariant.fst(116,3-121,51) : (Error) Too many arguments to function of type (p:Type -> Pure (unit)); got 2 arguments
Unexpected error
FStar_Errors.Error(_)
Raised at file "src/batReturn.ml" (inlined), line 25, characters 2-21
Called from file "src/batString.mlv", line 145, characters 30-54
Called from file "src/batReturn.ml", line 29, characters 6-29

make[1]: *** [Crypto.AEAD.MAC_Wrapper.Invariant.fst-ver] Error 1
./Crypto.AEAD.MAC_Wrapper.Invariant.fst(116,3-121,51) : (Error) Too many arguments to function of type (p:Type -> Pure (unit)); got 2 arguments
Unexpected error
FStar_Errors.Error(_)
Raised at file "src/batReturn.ml" (inlined), line 25, characters 2-21
Called from file "src/batString.mlv", line 145, characters 30-54
Called from file "src/batReturn.ml", line 29, characters 6-29

make[1]: *** [Crypto.AEAD.Encrypt.fst-ver] Error 1
./Crypto.AEAD.MAC_Wrapper.Invariant.fst(116,3-121,51) : (Error) Too many arguments to function of type (p:Type -> Pure (unit)); got 2 arguments
Unexpected error
FStar_Errors.Error(_)
Raised at file "src/batReturn.ml" (inlined), line 25, characters 2-21
Called from file "src/batString.mlv", line 145, characters 30-54
Called from file "src/batReturn.ml", line 29, characters 6-29

make[1]: *** [Crypto.Test.fst-ver] Error 1
make[1]: Target 'extra' not remade because of errors.
make: *** [ulong] Error 2
