make[1]: warning: jobserver unavailable: using -j1.  Add '+' to parent make rule.
make[1]: warning: jobserver unavailable: using -j1.  Add '+' to parent make rule.
warning: CRLF will be replaced by LF in src/parser/parse.fsi.
The file will have its original line endings in your working directory.
Warning: you are using the standard library and/or the %inline keyword. We
recommend switching on --infer in order to avoid obscure type error messages.
6 shift/reduce conflicts.
File "src/basic/ml/FStar_Util.ml", line 47, characters 57-65:
Warning 40: st_mtime was selected from type BatUnix.stats.
It is not visible in the current scope, and will not 
be selected if the type becomes unknown.
File "src/basic/ml/FStar_Util.ml", line 47, characters 57-65:
Warning 40: st_mtime was selected from type BatUnix.stats.
It is not visible in the current scope, and will not 
be selected if the type becomes unknown.
make[3]: warning: jobserver unavailable: using -j1.  Add '+' to parent make rule.
.\u_boot_fsts\FStar.Syntax.Syntax.fst(391,0-391,33): (Warning) Annotation from val declaration overrides inline type annotation
.\u_boot_fsts\FStar.Syntax.Syntax.fst(440,0-440,48): (Warning) Annotation from val declaration overrides inline type annotation
.\u_boot_fsts\FStar.Syntax.Syntax.fst(441,0-441,76): (Warning) Annotation from val declaration overrides inline type annotation
.\u_boot_fsts\FStar.Syntax.Syntax.fst(492,0-494,38): (Warning) Annotation from val declaration overrides inline type annotation
.\u_boot_fsts\FStar.TypeChecker.Env.fst(302,0-306,35): (Warning) Annotation from val declaration overrides inline type annotation
.\u_boot_fsts\FStar.TypeChecker.Util.fst(69,0-71,32): (Warning) Annotation from val declaration overrides inline type annotation
.\Ex01a.fst(67,0-67,48): (Warning) Top-level let-bindings must be total; this term may have effects
.\Ex01a.fst(57,0-57,48): (Warning) Top-level let-bindings must be total; this term may have effects
Warning: Unable to open hints file: C:\Build\Agent2\_work\1\s\examples\incl\Test.fst.hints; ran without hints
Warning: Unable to open hints file: C:\Build\Agent2\_work\1\s\examples\incl\Test.fst.hints; ran without hints
.\Encrypt_SymEnc.fst(29,0-29,18): (Warning) Top-level let-bindings must be total; this term may have effects
.\ifcExample.fst(10,0-10,15): (Warning) Top-level let-bindings must be total; this term may have effects
.\ifcExample.fst(11,0-11,15): (Warning) Top-level let-bindings must be total; this term may have effects
.\ifcExample.fst(12,0-12,15): (Warning) Top-level let-bindings must be total; this term may have effects
.\ifcExample.fst(13,0-13,17): (Warning) Top-level let-bindings must be total; this term may have effects
Warning: Unable to open hints file: C:\Build\Agent2\_work\1\s\examples\incl\Test.fst.hints; ran without hints
Warning: Unable to open hints file: C:\Build\Agent2\_work\1\s\examples\incl\Test.fst.hints; ran without hints
Warning: Unable to open hints file: C:\Build\Agent2\_work\1\s\examples\incl\Test.fst.hints; ran without hints
.\MAC.fst(45,0-45,35): (Warning) Top-level let-bindings must be total; this term may have effects
Warning: Unable to open hints file: C:\Build\Agent2\_work\1\s\examples\incl\Test.fst.hints; ran without hints
.\MRefHeap.fst(22,8-22,9) : (Error) Interface of MRefHeap violates its abstraction (add a 'private' qualifier to 'contains'?): Expected expression of type "(tuple2 nat (uu___:nat -> Tot (option (dtuple2 Type (fun a -> (tuple2 a@0 (r#239615:(relation a@0){(preorder r@0)})))))))"; got expression "h" of type "heap"
Unexpected error
FStar_Errors.Error(_)
Raised by primitive operation at file "src/batString.mlv", line 145, characters 30-54
Called from file "src/batReturn.ml", line 29, characters 6-29

.\MRefHeap.fst(24,4-24,21): (Error) Unknown assertion failed
1 error was reported (see above)
make[3]: *** [Makefile:11: MRefHeap.uver] Error 1
Warning: Unable to open hints file: C:\Build\Agent2\_work\1\s\examples\incl\Test.fst.hints; ran without hints
make[3]: Target 'uall' not remade because of errors.
make[2]: *** [Makefile:49: preorders.uall] Error 2
.\Ex10a.fst(26,0-26,19): (Warning) Top-level let-bindings must be total; this term may have effects
.\Ex12a.Cap.fst(20,0-20,26): (Warning) Top-level let-bindings must be total; this term may have effects
.\TestMRef.fst(8,0-8,20): (Warning) Top-level let-bindings must be total; this term may have effects
.\Ex10a.fst(26,0-26,19): (Warning) Top-level let-bindings must be total; this term may have effects
.\Ex12a.Cap.fst(18,0-18,26): (Warning) Top-level let-bindings must be total; this term may have effects
.\Ex12b.RPC.fst(8,0-8,53): (Warning) Top-level let-bindings must be total; this term may have effects
.\Ex12b.RPC.fst(21,0-21,39): (Warning) Top-level let-bindings must be total; this term may have effects
.\Ex12b.RPC.fst(53,0-54,16): (Warning) Top-level let-bindings must be total; this term may have effects
.\Ex12b.RPC.fst(123,0-123,17): (Warning) Top-level let-bindings must be total; this term may have effects
.\TestMRef.fst(8,0-8,20): (Warning) Top-level let-bindings must be total; this term may have effects
.\Mac.fst(69,0-69,35): (Warning) Top-level let-bindings must be total; this term may have effects
make[2]: Target 'uall' not remade because of errors.
make[1]: *** [Makefile:284: uexamples] Error 2
make[1]: Target 'uregressions' not remade because of errors.
make: *** [Makefile:261: utest] Error 2
