Warning: you are using the standard library and/or the %inline keyword. We
recommend switching on --infer in order to avoid obscure type error messages.
6 shift/reduce conflicts.
File "src/basic/ml/FStar_Util.ml", line 47, characters 57-65:
Warning 40: st_mtime was selected from type BatUnix.stats.
It is not visible in the current scope, and will not 
be selected if the type becomes unknown.
File "src/basic/ml/FStar_Util.ml", line 47, characters 57-65:
Warning 40: st_mtime was selected from type BatUnix.stats.
It is not visible in the current scope, and will not 
be selected if the type becomes unknown.
Warning: Unable to open hints file: C:\Build\Agent\_work\1\s\examples\low-level\crypto\Crypto.AEAD.BufferUtils.fst.hints; ran without hints
Warning: Unable to open hints file: C:\Build\Agent\_work\1\s\examples\low-level\crypto\Crypto.AEAD.Decrypt.fst.hints; ran without hints
Warning: Unable to open hints file: C:\Build\Agent\_work\1\s\examples\low-level\crypto\Crypto.AEAD.Wrappers.Encoding.fst.hints; ran without hints
.\Crypto.AEAD.Wrappers.Encoding.fst(81,51-114,7): (Error) Unknown assertion failed
Verified module: Crypto.AEAD.Wrappers.Encoding (162131 milliseconds)
1 error was reported (see above)
make[1]: *** [Makefile:64: Crypto.AEAD.Wrappers.Encoding.fst-ver] Error 1
make[1]: *** Waiting for unfinished jobs....
Warning: Unable to open hints file: C:\Build\Agent\_work\1\s\examples\low-level\crypto\Crypto.AEAD.PRF_MAC.fst.hints; ran without hints
Warning: Unable to open hints file: C:\Build\Agent\_work\1\s\examples\low-level\crypto\Crypto.AEAD.Wrappers.CMA.fst.hints; ran without hints
.\Crypto.AEAD.Wrappers.CMA.fst(69,8-69,11): (Error) assertion failed (see .\Crypto.Symmetric.UF1CMA.fst(417,17-418,66))
Verified module: Crypto.AEAD.Wrappers.CMA (250380 milliseconds)
1 error was reported (see above)
make[1]: *** [Makefile:64: Crypto.AEAD.Wrappers.CMA.fst-ver] Error 1
make: *** [Makefile:246: utest] Error 2
