make[2]: warning: jobserver unavailable: using -j1.  Add `+' to parent make rule.
make[2]: warning: jobserver unavailable: using -j1.  Add `+' to parent make rule.
6 shift/reduce conflicts.
./Ex01a.fst(67,3-67,3): (Warning) Top-level let-bindings must be total; this term may have effects
./Encrypt_SymEnc.fst(29,3-29,3): (Warning) Top-level let-bindings must be total; this term may have effects
./MAC.fst(45,3-45,3): (Warning) Top-level let-bindings must be total; this term may have effects
./ifcExample.fst(10,3-10,3): (Warning) Top-level let-bindings must be total; this term may have effects
./ifcExample.fst(11,3-11,3): (Warning) Top-level let-bindings must be total; this term may have effects
./ifcExample.fst(12,3-12,3): (Warning) Top-level let-bindings must be total; this term may have effects
./ifcExample.fst(13,3-13,3): (Warning) Top-level let-bindings must be total; this term may have effects
./Ex10a.fst(26,3-26,3): (Warning) Top-level let-bindings must be total; this term may have effects
./Ex10a.fst(26,3-26,3): (Warning) Top-level let-bindings must be total; this term may have effects
./Ex12a.Cap.fst(18,3-18,3): (Warning) Top-level let-bindings must be total; this term may have effects
./Ex12b.RPC.fst(8,3-8,3): (Warning) Top-level let-bindings must be total; this term may have effects
./Ex12b.RPC.fst(21,3-21,3): (Warning) Top-level let-bindings must be total; this term may have effects
./Ex12b.RPC.fst(53,3-53,3): (Warning) Top-level let-bindings must be total; this term may have effects
./Ex12b.RPC.fst(123,3-123,3): (Warning) Top-level let-bindings must be total; this term may have effects
./TestMRef.fst(8,3-8,3): (Warning) Top-level let-bindings must be total; this term may have effects
./Ex12a.Cap.fst(20,3-20,3): (Warning) Top-level let-bindings must be total; this term may have effects
./TestMRef.fst(8,3-8,3): (Warning) Top-level let-bindings must be total; this term may have effects
./Mac.fst(69,3-69,3): (Warning) Top-level let-bindings must be total; this term may have effects
Unexpected error; please file a bug report, ideally with a minimized version of the source program that triggered the error.
Unix.Unix_error(Unix.ENOMEM, "fork", "")
make[5]: *** [Crypto.AEAD.Invariant.fst-ver] Error 1
Unexpected error; please file a bug report, ideally with a minimized version of the source program that triggered the error.
Unix.Unix_error(Unix.ENOMEM, "fork", "")
Unexpected error; please file a bug report, ideally with a minimized version of the source program that triggered the error.
Unix.Unix_error(Unix.ENOMEM, "fork", "")
make[5]: *** [Crypto.AEAD.Decrypt.fst-ver] Error 1
make[5]: *** [Crypto.AEAD.EnxorDexor.fst-ver] Error 1
make[5]: Target `all' not remade because of errors.
make[4]: *** [uall] Error 2
make[3]: *** [low-level.uall] Error 2
make[3]: Target `uall' not remade because of errors.
make[2]: *** [uexamples] Error 2
make[2]: Target `uregressions' not remade because of errors.
make[1]: *** [utest] Error 2
make: *** [ulong] Error 2
