make[1]: warning: jobserver unavailable: using -j1.  Add '+' to parent make rule.
make[1]: warning: jobserver unavailable: using -j1.  Add '+' to parent make rule.
Warning: you are using the standard library and/or the %inline keyword. We
recommend switching on --infer in order to avoid obscure type error messages.
warning: CRLF will be replaced by LF in src/parser/parse.fsi.
The file will have its original line endings in your working directory.
File "src/basic/ml/FStar_Util.ml", line 47, characters 57-65:
Warning 40: st_mtime was selected from type BatUnix.stats.
It is not visible in the current scope, and will not 
be selected if the type becomes unknown.
File "src/basic/ml/FStar_Util.ml", line 660, characters 2-13:
Warning 10: this expression should have type unit.
File "src/basic/ml/FStar_Util.ml", line 47, characters 57-65:
Warning 40: st_mtime was selected from type BatUnix.stats.
It is not visible in the current scope, and will not 
be selected if the type becomes unknown.
File "src/basic/ml/FStar_Util.ml", line 660, characters 2-13:
Warning 10: this expression should have type unit.
make[3]: warning: jobserver unavailable: using -j1.  Add '+' to parent make rule.
.\u_boot_fsts\FStar.Syntax.Syntax.fst(396,0-396,33): (Warning) Annotation from val declaration overrides inline type annotation
.\u_boot_fsts\FStar.Syntax.Syntax.fst(446,0-446,48): (Warning) Annotation from val declaration overrides inline type annotation
.\u_boot_fsts\FStar.Syntax.Syntax.fst(447,0-447,76): (Warning) Annotation from val declaration overrides inline type annotation
.\u_boot_fsts\FStar.Syntax.Syntax.fst(498,0-500,38): (Warning) Annotation from val declaration overrides inline type annotation
.\u_boot_fsts\FStar.TypeChecker.Util.fst(70,0-72,32): (Warning) Annotation from val declaration overrides inline type annotation
.\u_boot_fsts\FStar.TypeChecker.Env.fst(280,0-284,35): (Warning) Annotation from val declaration overrides inline type annotation
.\u_boot_fsts\FStar.TypeChecker.Env.fst(718,0-720,39): (Warning) Annotation from val declaration overrides inline type annotation
warning: CRLF will be replaced by LF in src/parser/ml/parse.mly.
The file will have its original line endings in your working directory.
warning: CRLF will be replaced by LF in src/parser/parse.fsi.
The file will have its original line endings in your working directory.
.\hello.fst(5,0-5,37): (Warning) Top-level let-bindings must be total; this term may have effects
.\Ex01a.fst(68,0-68,48): (Warning) Top-level let-bindings must be total; this term may have effects
.\Ex01a.fst(58,0-58,48): (Warning) Top-level let-bindings must be total; this term may have effects
.\Platform.Bytes.fst(15,32-18,29): (Warning) Pattern misses at least one bound variable: uu___#1090
<input>(2,14-2,15): (Error) Expected expression of type "int"; got expression ""hello"" of type "string"
<input>(2,14-2,15): (Error) Expected expression of type "int"; got expression ""hello"" of type "string"
<input>(2,14-2,15): (Error) Expected expression of type "int"; got expression ""hello"" of type "string"
WARNING: (6997,46): pattern does not contain any variable.
WARNING: (73782,46): pattern does not contain any variable.
WARNING: (7213,46): pattern does not contain any variable.
WARNING: (6896,46): pattern does not contain any variable.
.\Encrypt_SymEnc.fst(29,0-29,18): (Warning) Top-level let-bindings must be total; this term may have effects
.\Platform.Bytes.fst(257,22-260,30): (Warning) Pattern misses at least one bound variable: i#40244
.\Platform.Bytes.fst(257,156-260,30): (Warning) Pattern misses at least one bound variable: i#42374
WARNING: (7202,46): pattern does not contain any variable.
WARNING: (73782,46): pattern does not contain any variable.
WARNING: (77658,43): pattern does not contain all quantified variables.
WARNING: (73782,46): pattern does not contain any variable.
WARNING: (77658,43): pattern does not contain all quantified variables.
WARNING: (73782,46): pattern does not contain any variable.
WARNING: (77658,43): pattern does not contain all quantified variables.
.\MAC.fst(45,0-45,35): (Warning) Top-level let-bindings must be total; this term may have effects
WARNING: (73782,46): pattern does not contain any variable.
WARNING: (77658,43): pattern does not contain all quantified variables.
WARNING: (73782,46): pattern does not contain any variable.
WARNING: (77658,43): pattern does not contain all quantified variables.
WARNING: (73782,46): pattern does not contain any variable.
WARNING: (77658,43): pattern does not contain all quantified variables.
WARNING: (73782,46): pattern does not contain any variable.
WARNING: (77658,43): pattern does not contain all quantified variables.
WARNING: (73782,46): pattern does not contain any variable.
WARNING: (77658,43): pattern does not contain all quantified variables.
WARNING: (73782,46): pattern does not contain any variable.
WARNING: (77658,43): pattern does not contain all quantified variables.
WARNING: (73782,46): pattern does not contain any variable.
WARNING: (77658,43): pattern does not contain all quantified variables.
C:\Build\Agent\_work\1\s\ulib\FStar.Modifies.fst(1258,2-1261,63): (Warning) Pattern misses at least one bound variable: root_type#536162
C:\Build\Agent\_work\1\s\ulib\FStar.Modifies.fst(1285,2-1293,129): (Warning) Pattern misses at least one bound variable: root_type#546002
.\Platform.Bytes.fst(15,40-18,29): (Warning) Pattern misses at least one bound variable: uu___#79854
.\Platform.Bytes.fst(257,156-260,30): (Warning) Pattern misses at least one bound variable: i#89301
WARNING: (4236,51): pattern does not contain all quantified variables.
.\RPC.fst(9,0-9,53): (Warning) Top-level let-bindings must be total; this term may have effects
.\RPC.fst(23,0-23,39): (Warning) Top-level let-bindings must be total; this term may have effects
.\RPC.fst(48,0-49,16): (Warning) Top-level let-bindings must be total; this term may have effects
.\RPC.fst(116,0-116,17): (Warning) Top-level let-bindings must be total; this term may have effects
C:\Build\Agent\_work\1\s\ulib\FStar.Modifies.fst(1258,2-1261,63): (Warning) Pattern misses at least one bound variable: root_type#536162
C:\Build\Agent\_work\1\s\ulib\FStar.Modifies.fst(1285,2-1293,129): (Warning) Pattern misses at least one bound variable: root_type#546002
.\CntProtocol.fst(14,0-14,53): (Warning) Top-level let-bindings must be total; this term may have effects
.\CntProtocol.fst(29,0-29,26): (Warning) Top-level let-bindings must be total; this term may have effects
.\CntProtocol.fst(32,0-32,54): (Warning) Top-level let-bindings must be total; this term may have effects
.\CntProtocol.fst(35,0-35,54): (Warning) Top-level let-bindings must be total; this term may have effects
.\CntProtocol.fst(99,0-99,39): (Warning) Top-level let-bindings must be total; this term may have effects
.\CntProtocol.fst(126,0-126,18): (Warning) Top-level let-bindings must be total; this term may have effects
.\CntProtocol.fst(158,0-174,5): (Warning) Top-level let-bindings must be total; this term may have effects
C:\Build\Agent\_work\1\s\ulib\FStar.Modifies.fst(413,2-416,37): (Warning) Pattern misses at least one bound variable: root_type#1213173
C:\Build\Agent\_work\1\s\ulib\FStar.Modifies.fst(427,2-430,82): (Warning) Pattern misses at least one bound variable: root_type#1213686
C:\Build\Agent\_work\1\s\ulib\FStar.Modifies.fst(471,2-474,36): (Warning) Pattern misses at least one bound variable: root_type#1216417
C:\Build\Agent\_work\1\s\ulib\FStar.Modifies.fst(584,2-589,83): (Warning) Pattern misses at least one bound variable: root_type#1219376
C:\Build\Agent\_work\1\s\ulib\FStar.Modifies.fst(787,2-790,41): (Warning) Pattern misses at least one bound variable: root_type#1227396
C:\Build\Agent\_work\1\s\ulib\FStar.Modifies.fst(1258,2-1261,63): (Warning) Pattern misses at least one bound variable: root_type#1252234
C:\Build\Agent\_work\1\s\ulib\FStar.Modifies.fst(1285,2-1293,129): (Warning) Pattern misses at least one bound variable: root_type#1253174
C:\Build\Agent\_work\1\s\ulib\FStar.Modifies.fst(1478,2-1481,77): (Warning) Pattern misses at least one bound variable: ls#1258542
C:\Build\Agent\_work\1\s\ulib\FStar.Modifies.fst(413,2-416,37): (Warning) Pattern misses at least one bound variable: root_type#1213173
C:\Build\Agent\_work\1\s\ulib\FStar.Modifies.fst(427,2-430,82): (Warning) Pattern misses at least one bound variable: root_type#1213686
C:\Build\Agent\_work\1\s\ulib\FStar.Modifies.fst(471,2-474,36): (Warning) Pattern misses at least one bound variable: root_type#1216417
C:\Build\Agent\_work\1\s\ulib\FStar.Modifies.fst(584,2-589,83): (Warning) Pattern misses at least one bound variable: root_type#1219376
C:\Build\Agent\_work\1\s\ulib\FStar.Modifies.fst(787,2-790,41): (Warning) Pattern misses at least one bound variable: root_type#1227396
C:\Build\Agent\_work\1\s\ulib\FStar.HyperStackNG.fst(208,2-211,25): (Warning) Pattern misses at least one bound variable: t#49157
C:\Build\Agent\_work\1\s\ulib\FStar.HyperStackNG.fst(323,2-326,90): (Warning) Pattern misses at least one bound variable: t#51641
C:\Build\Agent\_work\1\s\ulib\FStar.Modifies.fst(1258,2-1261,63): (Warning) Pattern misses at least one bound variable: root_type#1252234
C:\Build\Agent\_work\1\s\ulib\FStar.Modifies.fst(1285,2-1293,129): (Warning) Pattern misses at least one bound variable: root_type#1253174
C:\Build\Agent\_work\1\s\ulib\FStar.Modifies.fst(1478,2-1481,77): (Warning) Pattern misses at least one bound variable: ls#1258542
C:\Build\Agent\_work\1\s\ulib\FStar.HyperStackNG.fst(208,2-211,25): (Warning) Pattern misses at least one bound variable: t#49157
C:\Build\Agent\_work\1\s\ulib\FStar.HyperStackNG.fst(323,2-326,90): (Warning) Pattern misses at least one bound variable: t#51641
C:\Build\Agent\_work\1\s\ulib\FStar.Modifies.fst(1258,2-1261,63): (Warning) Pattern misses at least one bound variable: root_type#536162
C:\Build\Agent\_work\1\s\ulib\FStar.Modifies.fst(1285,2-1293,129): (Warning) Pattern misses at least one bound variable: root_type#546002
C:\Build\Agent\_work\1\s\ulib\FStar.BufferNG.fst(736,2-739,63): (Warning) Pattern misses at least one bound variable: i#108793
.\Ex10a.fst(27,0-27,19): (Warning) Top-level let-bindings must be total; this term may have effects
C:\Build\Agent\_work\1\s\ulib\FStar.Modifies.fst(1258,2-1261,63): (Warning) Pattern misses at least one bound variable: root_type#536162
C:\Build\Agent\_work\1\s\ulib\FStar.Modifies.fst(1285,2-1293,129): (Warning) Pattern misses at least one bound variable: root_type#546002
WARNING: (113383,41): pattern does not contain all quantified variables.
WARNING: (113480,42): pattern does not contain all quantified variables.
WARNING: (113557,46): pattern does not contain all quantified variables.
WARNING: (113946,41): pattern does not contain all quantified variables.
WARNING: (125066,47): pattern does not contain all quantified variables.
WARNING: (126544,37): pattern does not contain all quantified variables.
WARNING: (126676,41): pattern does not contain all quantified variables.
WARNING: (134561,53): pattern does not contain all quantified variables.
WARNING: (134658,59): pattern does not contain all quantified variables.
WARNING: (181889,70): pattern does not contain all quantified variables.
WARNING: (182366,48): pattern does not contain all quantified variables.
WARNING: (210895,42): pattern does not contain all quantified variables.
WARNING: (12103,42): pattern does not contain all quantified variables.
WARNING: (12785,47): pattern does not contain all quantified variables.
.\Ex12a.Cap.fst(21,0-21,26): (Warning) Top-level let-bindings must be total; this term may have effects
.\TestMRef.fst(8,0-8,20): (Warning) Top-level let-bindings must be total; this term may have effects
WARNING: (113383,41): pattern does not contain all quantified variables.
WARNING: (113480,42): pattern does not contain all quantified variables.
WARNING: (113557,46): pattern does not contain all quantified variables.
WARNING: (113946,41): pattern does not contain all quantified variables.
WARNING: (125066,47): pattern does not contain all quantified variables.
WARNING: (126544,37): pattern does not contain all quantified variables.
WARNING: (126676,41): pattern does not contain all quantified variables.
WARNING: (134561,53): pattern does not contain all quantified variables.
WARNING: (134658,59): pattern does not contain all quantified variables.
WARNING: (181889,70): pattern does not contain all quantified variables.
WARNING: (182366,48): pattern does not contain all quantified variables.
WARNING: (210895,42): pattern does not contain all quantified variables.
C:\Build\Agent\_work\1\s\ulib\FStar.Modifies.fst(1258,2-1261,63): (Warning) Pattern misses at least one bound variable: root_type#536162
C:\Build\Agent\_work\1\s\ulib\FStar.Modifies.fst(1285,2-1293,129): (Warning) Pattern misses at least one bound variable: root_type#546002
WARNING: (113383,41): pattern does not contain all quantified variables.
WARNING: (113480,42): pattern does not contain all quantified variables.
WARNING: (113557,46): pattern does not contain all quantified variables.
WARNING: (113946,41): pattern does not contain all quantified variables.
WARNING: (125066,47): pattern does not contain all quantified variables.
WARNING: (126544,37): pattern does not contain all quantified variables.
WARNING: (126676,41): pattern does not contain all quantified variables.
WARNING: (134561,53): pattern does not contain all quantified variables.
WARNING: (134658,59): pattern does not contain all quantified variables.
WARNING: (181889,70): pattern does not contain all quantified variables.
WARNING: (182366,48): pattern does not contain all quantified variables.
WARNING: (210895,42): pattern does not contain all quantified variables.
.\Mac.fst(70,0-70,35): (Warning) Top-level let-bindings must be total; this term may have effects
C:\Build\Agent\_work\1\s\ulib\FStar.Modifies.fst(413,2-416,37): (Warning) Pattern misses at least one bound variable: root_type#1213173
C:\Build\Agent\_work\1\s\ulib\FStar.Modifies.fst(427,2-430,82): (Warning) Pattern misses at least one bound variable: root_type#1213686
C:\Build\Agent\_work\1\s\ulib\FStar.Modifies.fst(471,2-474,36): (Warning) Pattern misses at least one bound variable: root_type#1216417
C:\Build\Agent\_work\1\s\ulib\FStar.Modifies.fst(584,2-589,83): (Warning) Pattern misses at least one bound variable: root_type#1219376
C:\Build\Agent\_work\1\s\ulib\FStar.Modifies.fst(787,2-790,41): (Warning) Pattern misses at least one bound variable: root_type#1227396
.\Ex10a.fst(27,0-27,19): (Warning) Top-level let-bindings must be total; this term may have effects
C:\Build\Agent\_work\1\s\ulib\FStar.Modifies.fst(1258,2-1261,63): (Warning) Pattern misses at least one bound variable: root_type#1252234
C:\Build\Agent\_work\1\s\ulib\FStar.Modifies.fst(1285,2-1293,129): (Warning) Pattern misses at least one bound variable: root_type#1253174
C:\Build\Agent\_work\1\s\ulib\FStar.Modifies.fst(1478,2-1481,77): (Warning) Pattern misses at least one bound variable: ls#1258542
C:\Build\Agent\_work\1\s\ulib\FStar.HyperStackNG.fst(208,2-211,25): (Warning) Pattern misses at least one bound variable: t#49157
C:\Build\Agent\_work\1\s\ulib\FStar.HyperStackNG.fst(323,2-326,90): (Warning) Pattern misses at least one bound variable: t#51641
C:\Build\Agent\_work\1\s\ulib\FStar.Modifies.fst(413,2-416,37): (Warning) Pattern misses at least one bound variable: root_type#1213173
C:\Build\Agent\_work\1\s\ulib\FStar.Modifies.fst(427,2-430,82): (Warning) Pattern misses at least one bound variable: root_type#1213686
C:\Build\Agent\_work\1\s\ulib\FStar.Modifies.fst(471,2-474,36): (Warning) Pattern misses at least one bound variable: root_type#1216417
C:\Build\Agent\_work\1\s\ulib\FStar.Modifies.fst(584,2-589,83): (Warning) Pattern misses at least one bound variable: root_type#1219376
C:\Build\Agent\_work\1\s\ulib\FStar.Modifies.fst(787,2-790,41): (Warning) Pattern misses at least one bound variable: root_type#1227396
C:\Build\Agent\_work\1\s\ulib\FStar.Modifies.fst(1258,2-1261,63): (Warning) Pattern misses at least one bound variable: root_type#1252234
C:\Build\Agent\_work\1\s\ulib\FStar.Modifies.fst(1285,2-1293,129): (Warning) Pattern misses at least one bound variable: root_type#1253174
C:\Build\Agent\_work\1\s\ulib\FStar.Modifies.fst(1478,2-1481,77): (Warning) Pattern misses at least one bound variable: ls#1258542
WARNING: (11799,42): pattern does not contain all quantified variables.
WARNING: (11876,46): pattern does not contain all quantified variables.
WARNING: (12542,47): pattern does not contain all quantified variables.
C:\Build\Agent\_work\1\s\ulib\FStar.Modifies.fst(1258,2-1261,63): (Warning) Pattern misses at least one bound variable: root_type#536162
C:\Build\Agent\_work\1\s\ulib\FStar.Modifies.fst(1285,2-1293,129): (Warning) Pattern misses at least one bound variable: root_type#546002
.\Ex12a.Cap.fst(19,0-19,26): (Warning) Top-level let-bindings must be total; this term may have effects
.\Ex12b.RPC.fst(8,0-8,53): (Warning) Top-level let-bindings must be total; this term may have effects
.\Ex12b.RPC.fst(21,0-21,39): (Warning) Top-level let-bindings must be total; this term may have effects
C:\Build\Agent\_work\1\s\ulib\FStar.HyperStackNG.fst(208,2-211,25): (Warning) Pattern misses at least one bound variable: t#49157
C:\Build\Agent\_work\1\s\ulib\FStar.HyperStackNG.fst(323,2-326,90): (Warning) Pattern misses at least one bound variable: t#51641
.\Ex12b.RPC.fst(53,0-54,16): (Warning) Top-level let-bindings must be total; this term may have effects
WARNING: (12068,47): pattern does not contain all quantified variables.
.\Ex12b.RPC.fst(123,0-123,17): (Warning) Top-level let-bindings must be total; this term may have effects
C:\Build\Agent\_work\1\s\ulib\FStar.Modifies.fst(413,2-416,37): (Warning) Pattern misses at least one bound variable: root_type#1213173
C:\Build\Agent\_work\1\s\ulib\FStar.Modifies.fst(427,2-430,82): (Warning) Pattern misses at least one bound variable: root_type#1213686
C:\Build\Agent\_work\1\s\ulib\FStar.Modifies.fst(471,2-474,36): (Warning) Pattern misses at least one bound variable: root_type#1216417
C:\Build\Agent\_work\1\s\ulib\FStar.Modifies.fst(584,2-589,83): (Warning) Pattern misses at least one bound variable: root_type#1219376
C:\Build\Agent\_work\1\s\ulib\FStar.Modifies.fst(787,2-790,41): (Warning) Pattern misses at least one bound variable: root_type#1227396
C:\Build\Agent\_work\1\s\ulib\FStar.Modifies.fst(1258,2-1261,63): (Warning) Pattern misses at least one bound variable: root_type#1252234
C:\Build\Agent\_work\1\s\ulib\FStar.Modifies.fst(1285,2-1293,129): (Warning) Pattern misses at least one bound variable: root_type#1253174
C:\Build\Agent\_work\1\s\ulib\FStar.Modifies.fst(1478,2-1481,77): (Warning) Pattern misses at least one bound variable: ls#1258542
C:\Build\Agent\_work\1\s\ulib\FStar.HyperStackNG.fst(208,2-211,25): (Warning) Pattern misses at least one bound variable: t#49157
C:\Build\Agent\_work\1\s\ulib\FStar.HyperStackNG.fst(323,2-326,90): (Warning) Pattern misses at least one bound variable: t#51641
C:\Build\Agent\_work\1\s\ulib\FStar.BufferNG.fst(736,2-739,63): (Warning) Pattern misses at least one bound variable: i#108793
WARNING: (9986,47): pattern does not contain all quantified variables.
make[5]: warning: jobserver unavailable: using -j1.  Add '+' to parent make rule.
WARNING: (113383,41): pattern does not contain all quantified variables.
WARNING: (113480,42): pattern does not contain all quantified variables.
WARNING: (113557,46): pattern does not contain all quantified variables.
WARNING: (113946,41): pattern does not contain all quantified variables.
WARNING: (125066,47): pattern does not contain all quantified variables.
WARNING: (126544,37): pattern does not contain all quantified variables.
WARNING: (126676,41): pattern does not contain all quantified variables.
WARNING: (134561,53): pattern does not contain all quantified variables.
WARNING: (134658,59): pattern does not contain all quantified variables.
WARNING: (181889,70): pattern does not contain all quantified variables.
WARNING: (182366,48): pattern does not contain all quantified variables.
WARNING: (210895,42): pattern does not contain all quantified variables.
make[5]: warning: jobserver unavailable: using -j1.  Add '+' to parent make rule.
WARNING: (11735,42): pattern does not contain all quantified variables.
WARNING: (12417,47): pattern does not contain all quantified variables.
C:\Build\Agent\_work\1\s\ulib\FStar.Modifies.fst(413,2-416,37): (Warning) Pattern misses at least one bound variable: root_type#1213173
C:\Build\Agent\_work\1\s\ulib\FStar.Modifies.fst(427,2-430,82): (Warning) Pattern misses at least one bound variable: root_type#1213686
C:\Build\Agent\_work\1\s\ulib\FStar.Modifies.fst(471,2-474,36): (Warning) Pattern misses at least one bound variable: root_type#1216417
C:\Build\Agent\_work\1\s\ulib\FStar.Modifies.fst(584,2-589,83): (Warning) Pattern misses at least one bound variable: root_type#1219376
C:\Build\Agent\_work\1\s\ulib\FStar.Modifies.fst(787,2-790,41): (Warning) Pattern misses at least one bound variable: root_type#1227396
C:\Build\Agent\_work\1\s\ulib\FStar.Modifies.fst(1258,2-1261,63): (Warning) Pattern misses at least one bound variable: root_type#1252234
C:\Build\Agent\_work\1\s\ulib\FStar.Modifies.fst(1285,2-1293,129): (Warning) Pattern misses at least one bound variable: root_type#1253174
C:\Build\Agent\_work\1\s\ulib\FStar.Modifies.fst(1478,2-1481,77): (Warning) Pattern misses at least one bound variable: ls#1258542
WARNING: (113383,41): pattern does not contain all quantified variables.
WARNING: (113480,42): pattern does not contain all quantified variables.
WARNING: (113557,46): pattern does not contain all quantified variables.
WARNING: (113946,41): pattern does not contain all quantified variables.
WARNING: (125066,47): pattern does not contain all quantified variables.
WARNING: (126544,37): pattern does not contain all quantified variables.
WARNING: (126676,41): pattern does not contain all quantified variables.
WARNING: (134561,53): pattern does not contain all quantified variables.
WARNING: (134658,59): pattern does not contain all quantified variables.
C:\Build\Agent\_work\1\s\ulib\FStar.HyperStackNG.fst(208,2-211,25): (Warning) Pattern misses at least one bound variable: t#49157
C:\Build\Agent\_work\1\s\ulib\FStar.HyperStackNG.fst(323,2-326,90): (Warning) Pattern misses at least one bound variable: t#51641
WARNING: (181889,70): pattern does not contain all quantified variables.
WARNING: (182366,48): pattern does not contain all quantified variables.
.\Ex01a.fst(58,0-58,48): (Warning) Top-level let-bindings must be total; this term may have effects
WARNING: (210895,42): pattern does not contain all quantified variables.
WARNING: (11735,42): pattern does not contain all quantified variables.
WARNING: (12417,47): pattern does not contain all quantified variables.
make[3]: [Makefile:66: Ex01a-ocaml] Error 2 (ignored)
WARNING: (89488,41): pattern does not contain all quantified variables.
WARNING: (89585,42): pattern does not contain all quantified variables.
WARNING: (89662,46): pattern does not contain all quantified variables.
WARNING: (90051,41): pattern does not contain all quantified variables.
WARNING: (101262,47): pattern does not contain all quantified variables.
WARNING: (89488,41): pattern does not contain all quantified variables.
WARNING: (89585,42): pattern does not contain all quantified variables.
WARNING: (89662,46): pattern does not contain all quantified variables.
WARNING: (90051,41): pattern does not contain all quantified variables.
WARNING: (101262,47): pattern does not contain all quantified variables.
WARNING: (89488,41): pattern does not contain all quantified variables.
WARNING: (89585,42): pattern does not contain all quantified variables.
WARNING: (89662,46): pattern does not contain all quantified variables.
WARNING: (90051,41): pattern does not contain all quantified variables.
WARNING: (101262,47): pattern does not contain all quantified variables.
WARNING: (89488,41): pattern does not contain all quantified variables.
WARNING: (89585,42): pattern does not contain all quantified variables.
WARNING: (89662,46): pattern does not contain all quantified variables.
WARNING: (90051,41): pattern does not contain all quantified variables.
WARNING: (101262,47): pattern does not contain all quantified variables.
WARNING: (89488,41): pattern does not contain all quantified variables.
WARNING: (89585,42): pattern does not contain all quantified variables.
WARNING: (89662,46): pattern does not contain all quantified variables.
WARNING: (90051,41): pattern does not contain all quantified variables.
WARNING: (101262,47): pattern does not contain all quantified variables.
WARNING: (7678,47): pattern does not contain all quantified variables.
WARNING: (89488,41): pattern does not contain all quantified variables.
WARNING: (89585,42): pattern does not contain all quantified variables.
WARNING: (89662,46): pattern does not contain all quantified variables.
WARNING: (90051,41): pattern does not contain all quantified variables.
WARNING: (101262,47): pattern does not contain all quantified variables.
WARNING: (6418,41): pattern does not contain all quantified variables.
WARNING: (6511,42): pattern does not contain all quantified variables.
WARNING: (6687,46): pattern does not contain all quantified variables.
WARNING: (7490,47): pattern does not contain all quantified variables.
.\FStar.Modifies.fst(1258,2-1261,63): (Warning) Pattern misses at least one bound variable: root_type#953636
.\FStar.Modifies.fst(1258,2-1261,63): (Warning) Pattern misses at least one bound variable: root_type#955813
WARNING: (7259,41): pattern does not contain all quantified variables.
WARNING: (89488,41): pattern does not contain all quantified variables.
WARNING: (89585,42): pattern does not contain all quantified variables.
WARNING: (89662,46): pattern does not contain all quantified variables.
WARNING: (90051,41): pattern does not contain all quantified variables.
WARNING: (101262,47): pattern does not contain all quantified variables.
.\FStar.Modifies.fst(1285,2-1293,129): (Warning) Pattern misses at least one bound variable: root_type#972864
.\FStar.Modifies.fst(1285,2-1293,129): (Warning) Pattern misses at least one bound variable: root_type#977404
WARNING: (7434,41): pattern does not contain all quantified variables.
WARNING: (8003,47): pattern does not contain all quantified variables.
WARNING: (89488,41): pattern does not contain all quantified variables.
WARNING: (89585,42): pattern does not contain all quantified variables.
WARNING: (89662,46): pattern does not contain all quantified variables.
WARNING: (90051,41): pattern does not contain all quantified variables.
WARNING: (101262,47): pattern does not contain all quantified variables.
WARNING: (102739,37): pattern does not contain all quantified variables.
WARNING: (89488,41): pattern does not contain all quantified variables.
WARNING: (89585,42): pattern does not contain all quantified variables.
WARNING: (89662,46): pattern does not contain all quantified variables.
WARNING: (90051,41): pattern does not contain all quantified variables.
WARNING: (101262,47): pattern does not contain all quantified variables.
WARNING: (102739,37): pattern does not contain all quantified variables.
WARNING: (102871,41): pattern does not contain all quantified variables.
WARNING: (89488,41): pattern does not contain all quantified variables.
WARNING: (89585,42): pattern does not contain all quantified variables.
WARNING: (89662,46): pattern does not contain all quantified variables.
WARNING: (90051,41): pattern does not contain all quantified variables.
WARNING: (101262,47): pattern does not contain all quantified variables.
WARNING: (102739,37): pattern does not contain all quantified variables.
WARNING: (102871,41): pattern does not contain all quantified variables.
WARNING: (89488,41): pattern does not contain all quantified variables.
WARNING: (89585,42): pattern does not contain all quantified variables.
WARNING: (89662,46): pattern does not contain all quantified variables.
WARNING: (90051,41): pattern does not contain all quantified variables.
WARNING: (101262,47): pattern does not contain all quantified variables.
WARNING: (102739,37): pattern does not contain all quantified variables.
WARNING: (102871,41): pattern does not contain all quantified variables.
WARNING: (110792,53): pattern does not contain all quantified variables.
WARNING: (110889,59): pattern does not contain all quantified variables.
WARNING: (89488,41): pattern does not contain all quantified variables.
WARNING: (89585,42): pattern does not contain all quantified variables.
WARNING: (89662,46): pattern does not contain all quantified variables.
WARNING: (90051,41): pattern does not contain all quantified variables.
WARNING: (101262,47): pattern does not contain all quantified variables.
WARNING: (102739,37): pattern does not contain all quantified variables.
WARNING: (102871,41): pattern does not contain all quantified variables.
WARNING: (110792,53): pattern does not contain all quantified variables.
WARNING: (110889,59): pattern does not contain all quantified variables.
WARNING: (89488,41): pattern does not contain all quantified variables.
WARNING: (89585,42): pattern does not contain all quantified variables.
WARNING: (89662,46): pattern does not contain all quantified variables.
WARNING: (90051,41): pattern does not contain all quantified variables.
WARNING: (101262,47): pattern does not contain all quantified variables.
WARNING: (102739,37): pattern does not contain all quantified variables.
WARNING: (102871,41): pattern does not contain all quantified variables.
WARNING: (110792,53): pattern does not contain all quantified variables.
WARNING: (110889,59): pattern does not contain all quantified variables.
WARNING: (138549,41): pattern does not contain all quantified variables.
WARNING: (138646,42): pattern does not contain all quantified variables.
WARNING: (138723,46): pattern does not contain all quantified variables.
WARNING: (139112,41): pattern does not contain all quantified variables.
WARNING: (89488,41): pattern does not contain all quantified variables.
WARNING: (89585,42): pattern does not contain all quantified variables.
WARNING: (89662,46): pattern does not contain all quantified variables.
WARNING: (90051,41): pattern does not contain all quantified variables.
WARNING: (150323,47): pattern does not contain all quantified variables.
WARNING: (101262,47): pattern does not contain all quantified variables.
WARNING: (102739,37): pattern does not contain all quantified variables.
WARNING: (102871,41): pattern does not contain all quantified variables.
WARNING: (110792,53): pattern does not contain all quantified variables.
WARNING: (110889,59): pattern does not contain all quantified variables.
WARNING: (9118,53): pattern does not contain all quantified variables.
WARNING: (138549,41): pattern does not contain all quantified variables.
WARNING: (138646,42): pattern does not contain all quantified variables.
WARNING: (138723,46): pattern does not contain all quantified variables.
WARNING: (139112,41): pattern does not contain all quantified variables.
WARNING: (150323,47): pattern does not contain all quantified variables.
WARNING: (89488,41): pattern does not contain all quantified variables.
WARNING: (89585,42): pattern does not contain all quantified variables.
WARNING: (89662,46): pattern does not contain all quantified variables.
WARNING: (90051,41): pattern does not contain all quantified variables.
WARNING: (101262,47): pattern does not contain all quantified variables.
WARNING: (102739,37): pattern does not contain all quantified variables.
WARNING: (102871,41): pattern does not contain all quantified variables.
WARNING: (110792,53): pattern does not contain all quantified variables.
WARNING: (110889,59): pattern does not contain all quantified variables.
WARNING: (89488,41): pattern does not contain all quantified variables.
WARNING: (89585,42): pattern does not contain all quantified variables.
WARNING: (89662,46): pattern does not contain all quantified variables.
WARNING: (90051,41): pattern does not contain all quantified variables.
WARNING: (101262,47): pattern does not contain all quantified variables.
WARNING: (102739,37): pattern does not contain all quantified variables.
WARNING: (102871,41): pattern does not contain all quantified variables.
WARNING: (110792,53): pattern does not contain all quantified variables.
WARNING: (110889,59): pattern does not contain all quantified variables.
WARNING: (89488,41): pattern does not contain all quantified variables.
WARNING: (89585,42): pattern does not contain all quantified variables.
WARNING: (89662,46): pattern does not contain all quantified variables.
WARNING: (90051,41): pattern does not contain all quantified variables.
WARNING: (101262,47): pattern does not contain all quantified variables.
WARNING: (102739,37): pattern does not contain all quantified variables.
WARNING: (102871,41): pattern does not contain all quantified variables.
WARNING: (110792,53): pattern does not contain all quantified variables.
WARNING: (110889,59): pattern does not contain all quantified variables.
WARNING: (138549,41): pattern does not contain all quantified variables.
WARNING: (138646,42): pattern does not contain all quantified variables.
WARNING: (138723,46): pattern does not contain all quantified variables.
WARNING: (139112,41): pattern does not contain all quantified variables.
WARNING: (150323,47): pattern does not contain all quantified variables.
WARNING: (138549,41): pattern does not contain all quantified variables.
WARNING: (138646,42): pattern does not contain all quantified variables.
WARNING: (138723,46): pattern does not contain all quantified variables.
WARNING: (139112,41): pattern does not contain all quantified variables.
WARNING: (150323,47): pattern does not contain all quantified variables.
WARNING: (138549,41): pattern does not contain all quantified variables.
WARNING: (138646,42): pattern does not contain all quantified variables.
WARNING: (138723,46): pattern does not contain all quantified variables.
WARNING: (139112,41): pattern does not contain all quantified variables.
WARNING: (150323,47): pattern does not contain all quantified variables.
WARNING: (89488,41): pattern does not contain all quantified variables.
WARNING: (89585,42): pattern does not contain all quantified variables.
WARNING: (89662,46): pattern does not contain all quantified variables.
WARNING: (90051,41): pattern does not contain all quantified variables.
WARNING: (101262,47): pattern does not contain all quantified variables.
WARNING: (102739,37): pattern does not contain all quantified variables.
WARNING: (102871,41): pattern does not contain all quantified variables.
WARNING: (110792,53): pattern does not contain all quantified variables.
WARNING: (110889,59): pattern does not contain all quantified variables.
WARNING: (12662,47): pattern does not contain all quantified variables.
WARNING: (138549,41): pattern does not contain all quantified variables.
WARNING: (138646,42): pattern does not contain all quantified variables.
WARNING: (138723,46): pattern does not contain all quantified variables.
WARNING: (139112,41): pattern does not contain all quantified variables.
WARNING: (150323,47): pattern does not contain all quantified variables.
WARNING: (6877,46): pattern does not contain all quantified variables.
WARNING: (89488,41): pattern does not contain all quantified variables.
WARNING: (89585,42): pattern does not contain all quantified variables.
WARNING: (89662,46): pattern does not contain all quantified variables.
WARNING: (90051,41): pattern does not contain all quantified variables.
WARNING: (101262,47): pattern does not contain all quantified variables.
WARNING: (102739,37): pattern does not contain all quantified variables.
WARNING: (102871,41): pattern does not contain all quantified variables.
WARNING: (110792,53): pattern does not contain all quantified variables.
WARNING: (110889,59): pattern does not contain all quantified variables.
WARNING: (11361,41): pattern does not contain all quantified variables.
WARNING: (11454,42): pattern does not contain all quantified variables.
WARNING: (11671,46): pattern does not contain all quantified variables.
WARNING: (12474,47): pattern does not contain all quantified variables.
.\FStar.Modifies.fst(1258,2-1261,63): (Warning) Pattern misses at least one bound variable: root_type#953636
.\FStar.Modifies.fst(1258,2-1261,63): (Warning) Pattern misses at least one bound variable: root_type#955813
WARNING: (12202,41): pattern does not contain all quantified variables.
WARNING: (138549,41): pattern does not contain all quantified variables.
WARNING: (138646,42): pattern does not contain all quantified variables.
WARNING: (138723,46): pattern does not contain all quantified variables.
WARNING: (139112,41): pattern does not contain all quantified variables.
WARNING: (150323,47): pattern does not contain all quantified variables.
WARNING: (89488,41): pattern does not contain all quantified variables.
WARNING: (89585,42): pattern does not contain all quantified variables.
WARNING: (89662,46): pattern does not contain all quantified variables.
WARNING: (90051,41): pattern does not contain all quantified variables.
WARNING: (101262,47): pattern does not contain all quantified variables.
WARNING: (102739,37): pattern does not contain all quantified variables.
WARNING: (102871,41): pattern does not contain all quantified variables.
WARNING: (110792,53): pattern does not contain all quantified variables.
WARNING: (110889,59): pattern does not contain all quantified variables.
.\FStar.Modifies.fst(1285,2-1293,129): (Warning) Pattern misses at least one bound variable: root_type#972864
.\FStar.Modifies.fst(1285,2-1293,129): (Warning) Pattern misses at least one bound variable: root_type#977404
WARNING: (12474,41): pattern does not contain all quantified variables.
WARNING: (13043,47): pattern does not contain all quantified variables.
.\FStar.Modifies.fst(413,2-416,37): (Warning) Pattern misses at least one bound variable: root_type#2060590
.\FStar.Modifies.fst(427,2-430,82): (Warning) Pattern misses at least one bound variable: root_type#2061103
.\FStar.Modifies.fst(471,2-474,36): (Warning) Pattern misses at least one bound variable: root_type#2063834
.\FStar.Modifies.fst(584,2-589,83): (Warning) Pattern misses at least one bound variable: root_type#2066793
.\FStar.Modifies.fst(787,2-790,41): (Warning) Pattern misses at least one bound variable: root_type#2076017
.\FStar.Modifies.fst(1258,2-1261,63): (Warning) Pattern misses at least one bound variable: root_type#2100855
.\FStar.Modifies.fst(1285,2-1293,129): (Warning) Pattern misses at least one bound variable: root_type#2101795
.\FStar.Modifies.fst(1478,2-1481,77): (Warning) Pattern misses at least one bound variable: ls#2107163
WARNING: (138549,41): pattern does not contain all quantified variables.
WARNING: (138646,42): pattern does not contain all quantified variables.
WARNING: (138723,46): pattern does not contain all quantified variables.
WARNING: (139112,41): pattern does not contain all quantified variables.
WARNING: (150323,47): pattern does not contain all quantified variables.
WARNING: (151800,37): pattern does not contain all quantified variables.
WARNING: (138549,41): pattern does not contain all quantified variables.
WARNING: (138646,42): pattern does not contain all quantified variables.
WARNING: (138723,46): pattern does not contain all quantified variables.
WARNING: (139112,41): pattern does not contain all quantified variables.
WARNING: (150323,47): pattern does not contain all quantified variables.
WARNING: (151800,37): pattern does not contain all quantified variables.
WARNING: (151932,41): pattern does not contain all quantified variables.
WARNING: (138549,41): pattern does not contain all quantified variables.
WARNING: (138646,42): pattern does not contain all quantified variables.
WARNING: (138723,46): pattern does not contain all quantified variables.
WARNING: (139112,41): pattern does not contain all quantified variables.
WARNING: (150323,47): pattern does not contain all quantified variables.
WARNING: (151800,37): pattern does not contain all quantified variables.
WARNING: (151932,41): pattern does not contain all quantified variables.
WARNING: (138549,41): pattern does not contain all quantified variables.
WARNING: (138646,42): pattern does not contain all quantified variables.
WARNING: (138723,46): pattern does not contain all quantified variables.
WARNING: (139112,41): pattern does not contain all quantified variables.
WARNING: (150323,47): pattern does not contain all quantified variables.
WARNING: (151800,37): pattern does not contain all quantified variables.
WARNING: (151932,41): pattern does not contain all quantified variables.
WARNING: (159853,53): pattern does not contain all quantified variables.
WARNING: (159950,59): pattern does not contain all quantified variables.
WARNING: (138549,41): pattern does not contain all quantified variables.
WARNING: (138646,42): pattern does not contain all quantified variables.
WARNING: (138723,46): pattern does not contain all quantified variables.
WARNING: (139112,41): pattern does not contain all quantified variables.
WARNING: (150323,47): pattern does not contain all quantified variables.
WARNING: (151800,37): pattern does not contain all quantified variables.
WARNING: (151932,41): pattern does not contain all quantified variables.
WARNING: (159853,53): pattern does not contain all quantified variables.
WARNING: (159950,59): pattern does not contain all quantified variables.
WARNING: (138549,41): pattern does not contain all quantified variables.
WARNING: (138646,42): pattern does not contain all quantified variables.
WARNING: (138723,46): pattern does not contain all quantified variables.
WARNING: (139112,41): pattern does not contain all quantified variables.
WARNING: (150323,47): pattern does not contain all quantified variables.
WARNING: (151800,37): pattern does not contain all quantified variables.
WARNING: (151932,41): pattern does not contain all quantified variables.
WARNING: (159853,53): pattern does not contain all quantified variables.
WARNING: (159950,59): pattern does not contain all quantified variables.
WARNING: (138549,41): pattern does not contain all quantified variables.
WARNING: (138646,42): pattern does not contain all quantified variables.
WARNING: (138723,46): pattern does not contain all quantified variables.
WARNING: (139112,41): pattern does not contain all quantified variables.
WARNING: (150323,47): pattern does not contain all quantified variables.
WARNING: (151800,37): pattern does not contain all quantified variables.
WARNING: (151932,41): pattern does not contain all quantified variables.
WARNING: (159853,53): pattern does not contain all quantified variables.
WARNING: (159950,59): pattern does not contain all quantified variables.
WARNING: (14061,53): pattern does not contain all quantified variables.
WARNING: (138549,41): pattern does not contain all quantified variables.
WARNING: (138646,42): pattern does not contain all quantified variables.
WARNING: (138723,46): pattern does not contain all quantified variables.
WARNING: (139112,41): pattern does not contain all quantified variables.
WARNING: (150323,47): pattern does not contain all quantified variables.
WARNING: (151800,37): pattern does not contain all quantified variables.
WARNING: (151932,41): pattern does not contain all quantified variables.
WARNING: (159853,53): pattern does not contain all quantified variables.
WARNING: (159950,59): pattern does not contain all quantified variables.
WARNING: (138549,41): pattern does not contain all quantified variables.
WARNING: (138646,42): pattern does not contain all quantified variables.
WARNING: (138723,46): pattern does not contain all quantified variables.
WARNING: (139112,41): pattern does not contain all quantified variables.
WARNING: (150323,47): pattern does not contain all quantified variables.
WARNING: (151800,37): pattern does not contain all quantified variables.
WARNING: (151932,41): pattern does not contain all quantified variables.
WARNING: (159853,53): pattern does not contain all quantified variables.
WARNING: (159950,59): pattern does not contain all quantified variables.
WARNING: (138549,41): pattern does not contain all quantified variables.
WARNING: (138646,42): pattern does not contain all quantified variables.
WARNING: (138723,46): pattern does not contain all quantified variables.
WARNING: (139112,41): pattern does not contain all quantified variables.
WARNING: (150323,47): pattern does not contain all quantified variables.
WARNING: (151800,37): pattern does not contain all quantified variables.
WARNING: (151932,41): pattern does not contain all quantified variables.
WARNING: (159853,53): pattern does not contain all quantified variables.
WARNING: (159950,59): pattern does not contain all quantified variables.
WARNING: (138549,41): pattern does not contain all quantified variables.
WARNING: (138646,42): pattern does not contain all quantified variables.
WARNING: (138723,46): pattern does not contain all quantified variables.
WARNING: (139112,41): pattern does not contain all quantified variables.
WARNING: (150323,47): pattern does not contain all quantified variables.
WARNING: (151800,37): pattern does not contain all quantified variables.
WARNING: (151932,41): pattern does not contain all quantified variables.
WARNING: (159853,53): pattern does not contain all quantified variables.
WARNING: (159950,59): pattern does not contain all quantified variables.
WARNING: (11820,46): pattern does not contain all quantified variables.
WARNING: (138549,41): pattern does not contain all quantified variables.
WARNING: (138646,42): pattern does not contain all quantified variables.
WARNING: (138723,46): pattern does not contain all quantified variables.
WARNING: (139112,41): pattern does not contain all quantified variables.
WARNING: (150323,47): pattern does not contain all quantified variables.
WARNING: (151800,37): pattern does not contain all quantified variables.
WARNING: (151932,41): pattern does not contain all quantified variables.
WARNING: (159853,53): pattern does not contain all quantified variables.
WARNING: (159950,59): pattern does not contain all quantified variables.
WARNING: (138549,41): pattern does not contain all quantified variables.
WARNING: (138646,42): pattern does not contain all quantified variables.
WARNING: (138723,46): pattern does not contain all quantified variables.
WARNING: (139112,41): pattern does not contain all quantified variables.
WARNING: (150323,47): pattern does not contain all quantified variables.
WARNING: (151800,37): pattern does not contain all quantified variables.
WARNING: (151932,41): pattern does not contain all quantified variables.
WARNING: (159853,53): pattern does not contain all quantified variables.
WARNING: (159950,59): pattern does not contain all quantified variables.
.\FStar.Modifies.fst(413,2-416,37): (Warning) Pattern misses at least one bound variable: root_type#2060590
.\FStar.Modifies.fst(427,2-430,82): (Warning) Pattern misses at least one bound variable: root_type#2061103
.\FStar.Modifies.fst(471,2-474,36): (Warning) Pattern misses at least one bound variable: root_type#2063834
.\FStar.Modifies.fst(584,2-589,83): (Warning) Pattern misses at least one bound variable: root_type#2066793
.\FStar.Modifies.fst(787,2-790,41): (Warning) Pattern misses at least one bound variable: root_type#2076017
.\FStar.Modifies.fst(1258,2-1261,63): (Warning) Pattern misses at least one bound variable: root_type#2100855
.\FStar.Modifies.fst(1285,2-1293,129): (Warning) Pattern misses at least one bound variable: root_type#2101795
.\FStar.Modifies.fst(1478,2-1481,77): (Warning) Pattern misses at least one bound variable: ls#2107163
WARNING: (12177,47): pattern does not contain all quantified variables.
WARNING: (12110,47): pattern does not contain all quantified variables.
WARNING: (13362,46): pattern does not contain all quantified variables.
WARNING: (12140,47): pattern does not contain all quantified variables.
WARNING: (12130,47): pattern does not contain all quantified variables.
WARNING: (12125,47): pattern does not contain all quantified variables.
WARNING: (16615,70): pattern does not contain all quantified variables.
.\FStar.HyperStackNG.fst(208,2-211,25): (Warning) Pattern misses at least one bound variable: t#92259
.\FStar.HyperStackNG.fst(323,2-326,90): (Warning) Pattern misses at least one bound variable: t#94743
WARNING: (138163,41): pattern does not contain all quantified variables.
WARNING: (138260,42): pattern does not contain all quantified variables.
WARNING: (138337,46): pattern does not contain all quantified variables.
WARNING: (138726,41): pattern does not contain all quantified variables.
WARNING: (149846,47): pattern does not contain all quantified variables.
WARNING: (151324,37): pattern does not contain all quantified variables.
WARNING: (151456,41): pattern does not contain all quantified variables.
WARNING: (159341,53): pattern does not contain all quantified variables.
WARNING: (159438,59): pattern does not contain all quantified variables.
WARNING: (182487,70): pattern does not contain all quantified variables.
WARNING: (182964,48): pattern does not contain all quantified variables.
WARNING: (138163,41): pattern does not contain all quantified variables.
WARNING: (138260,42): pattern does not contain all quantified variables.
WARNING: (138337,46): pattern does not contain all quantified variables.
WARNING: (138726,41): pattern does not contain all quantified variables.
WARNING: (149846,47): pattern does not contain all quantified variables.
WARNING: (151324,37): pattern does not contain all quantified variables.
WARNING: (151456,41): pattern does not contain all quantified variables.
WARNING: (159341,53): pattern does not contain all quantified variables.
WARNING: (159438,59): pattern does not contain all quantified variables.
WARNING: (182487,70): pattern does not contain all quantified variables.
WARNING: (182964,48): pattern does not contain all quantified variables.
WARNING: (138163,41): pattern does not contain all quantified variables.
WARNING: (138260,42): pattern does not contain all quantified variables.
WARNING: (138337,46): pattern does not contain all quantified variables.
WARNING: (138726,41): pattern does not contain all quantified variables.
WARNING: (149846,47): pattern does not contain all quantified variables.
WARNING: (151324,37): pattern does not contain all quantified variables.
WARNING: (151456,41): pattern does not contain all quantified variables.
WARNING: (159341,53): pattern does not contain all quantified variables.
WARNING: (159438,59): pattern does not contain all quantified variables.
WARNING: (182487,70): pattern does not contain all quantified variables.
WARNING: (182964,48): pattern does not contain all quantified variables.
WARNING: (138163,41): pattern does not contain all quantified variables.
WARNING: (138260,42): pattern does not contain all quantified variables.
WARNING: (138337,46): pattern does not contain all quantified variables.
WARNING: (138726,41): pattern does not contain all quantified variables.
WARNING: (149846,47): pattern does not contain all quantified variables.
WARNING: (151324,37): pattern does not contain all quantified variables.
WARNING: (151456,41): pattern does not contain all quantified variables.
WARNING: (159341,53): pattern does not contain all quantified variables.
WARNING: (159438,59): pattern does not contain all quantified variables.
WARNING: (182487,70): pattern does not contain all quantified variables.
WARNING: (182964,48): pattern does not contain all quantified variables.
WARNING: (138163,41): pattern does not contain all quantified variables.
WARNING: (138260,42): pattern does not contain all quantified variables.
WARNING: (138337,46): pattern does not contain all quantified variables.
WARNING: (138726,41): pattern does not contain all quantified variables.
WARNING: (149846,47): pattern does not contain all quantified variables.
WARNING: (151324,37): pattern does not contain all quantified variables.
WARNING: (151456,41): pattern does not contain all quantified variables.
WARNING: (159341,53): pattern does not contain all quantified variables.
WARNING: (159438,59): pattern does not contain all quantified variables.
WARNING: (182487,70): pattern does not contain all quantified variables.
WARNING: (182964,48): pattern does not contain all quantified variables.
WARNING: (138163,41): pattern does not contain all quantified variables.
WARNING: (138260,42): pattern does not contain all quantified variables.
WARNING: (138337,46): pattern does not contain all quantified variables.
WARNING: (138726,41): pattern does not contain all quantified variables.
WARNING: (149846,47): pattern does not contain all quantified variables.
WARNING: (151324,37): pattern does not contain all quantified variables.
WARNING: (151456,41): pattern does not contain all quantified variables.
WARNING: (159341,53): pattern does not contain all quantified variables.
WARNING: (159438,59): pattern does not contain all quantified variables.
WARNING: (182487,70): pattern does not contain all quantified variables.
WARNING: (182964,48): pattern does not contain all quantified variables.
WARNING: (138163,41): pattern does not contain all quantified variables.
WARNING: (138260,42): pattern does not contain all quantified variables.
WARNING: (138337,46): pattern does not contain all quantified variables.
WARNING: (138726,41): pattern does not contain all quantified variables.
WARNING: (149846,47): pattern does not contain all quantified variables.
WARNING: (151324,37): pattern does not contain all quantified variables.
WARNING: (151456,41): pattern does not contain all quantified variables.
WARNING: (159341,53): pattern does not contain all quantified variables.
WARNING: (159438,59): pattern does not contain all quantified variables.
WARNING: (182487,70): pattern does not contain all quantified variables.
WARNING: (182964,48): pattern does not contain all quantified variables.
WARNING: (138163,41): pattern does not contain all quantified variables.
WARNING: (138260,42): pattern does not contain all quantified variables.
WARNING: (138337,46): pattern does not contain all quantified variables.
WARNING: (138726,41): pattern does not contain all quantified variables.
WARNING: (149846,47): pattern does not contain all quantified variables.
WARNING: (151324,37): pattern does not contain all quantified variables.
WARNING: (151456,41): pattern does not contain all quantified variables.
WARNING: (159341,53): pattern does not contain all quantified variables.
WARNING: (159438,59): pattern does not contain all quantified variables.
WARNING: (182487,70): pattern does not contain all quantified variables.
WARNING: (182964,48): pattern does not contain all quantified variables.
WARNING: (138163,41): pattern does not contain all quantified variables.
WARNING: (138260,42): pattern does not contain all quantified variables.
WARNING: (138337,46): pattern does not contain all quantified variables.
WARNING: (138726,41): pattern does not contain all quantified variables.
WARNING: (149846,47): pattern does not contain all quantified variables.
WARNING: (151324,37): pattern does not contain all quantified variables.
WARNING: (151456,41): pattern does not contain all quantified variables.
WARNING: (159341,53): pattern does not contain all quantified variables.
WARNING: (159438,59): pattern does not contain all quantified variables.
WARNING: (182487,70): pattern does not contain all quantified variables.
WARNING: (182964,48): pattern does not contain all quantified variables.
WARNING: (12157,47): pattern does not contain all quantified variables.
WARNING: (138163,41): pattern does not contain all quantified variables.
WARNING: (138260,42): pattern does not contain all quantified variables.
WARNING: (138337,46): pattern does not contain all quantified variables.
WARNING: (138726,41): pattern does not contain all quantified variables.
WARNING: (149846,47): pattern does not contain all quantified variables.
WARNING: (151324,37): pattern does not contain all quantified variables.
WARNING: (151456,41): pattern does not contain all quantified variables.
WARNING: (159341,53): pattern does not contain all quantified variables.
WARNING: (159438,59): pattern does not contain all quantified variables.
WARNING: (182487,70): pattern does not contain all quantified variables.
WARNING: (182964,48): pattern does not contain all quantified variables.
WARNING: (12314,47): pattern does not contain all quantified variables.
WARNING: (12629,59): pattern does not contain all quantified variables.
WARNING: (12629,59): pattern does not contain all quantified variables.
WARNING: (12310,47): pattern does not contain all quantified variables.
WARNING: (138163,41): pattern does not contain all quantified variables.
WARNING: (138260,42): pattern does not contain all quantified variables.
WARNING: (138337,46): pattern does not contain all quantified variables.
WARNING: (138726,41): pattern does not contain all quantified variables.
WARNING: (149846,47): pattern does not contain all quantified variables.
WARNING: (151324,37): pattern does not contain all quantified variables.
WARNING: (151456,41): pattern does not contain all quantified variables.
WARNING: (159341,53): pattern does not contain all quantified variables.
WARNING: (159438,59): pattern does not contain all quantified variables.
WARNING: (182487,70): pattern does not contain all quantified variables.
WARNING: (182964,48): pattern does not contain all quantified variables.
WARNING: (138163,41): pattern does not contain all quantified variables.
WARNING: (138260,42): pattern does not contain all quantified variables.
WARNING: (138337,46): pattern does not contain all quantified variables.
WARNING: (138726,41): pattern does not contain all quantified variables.
WARNING: (149846,47): pattern does not contain all quantified variables.
WARNING: (151324,37): pattern does not contain all quantified variables.
WARNING: (151456,41): pattern does not contain all quantified variables.
WARNING: (159341,53): pattern does not contain all quantified variables.
WARNING: (159438,59): pattern does not contain all quantified variables.
WARNING: (182487,70): pattern does not contain all quantified variables.
WARNING: (182964,48): pattern does not contain all quantified variables.
WARNING: (12320,47): pattern does not contain all quantified variables.
WARNING: (138163,41): pattern does not contain all quantified variables.
WARNING: (138260,42): pattern does not contain all quantified variables.
WARNING: (138337,46): pattern does not contain all quantified variables.
WARNING: (138726,41): pattern does not contain all quantified variables.
WARNING: (149846,47): pattern does not contain all quantified variables.
WARNING: (151324,37): pattern does not contain all quantified variables.
WARNING: (151456,41): pattern does not contain all quantified variables.
WARNING: (159341,53): pattern does not contain all quantified variables.
WARNING: (159438,59): pattern does not contain all quantified variables.
WARNING: (182487,70): pattern does not contain all quantified variables.
WARNING: (182964,48): pattern does not contain all quantified variables.
WARNING: (138163,41): pattern does not contain all quantified variables.
WARNING: (138260,42): pattern does not contain all quantified variables.
WARNING: (138337,46): pattern does not contain all quantified variables.
WARNING: (138726,41): pattern does not contain all quantified variables.
WARNING: (149846,47): pattern does not contain all quantified variables.
WARNING: (151324,37): pattern does not contain all quantified variables.
WARNING: (151456,41): pattern does not contain all quantified variables.
WARNING: (159341,53): pattern does not contain all quantified variables.
WARNING: (159438,59): pattern does not contain all quantified variables.
WARNING: (182487,70): pattern does not contain all quantified variables.
WARNING: (182964,48): pattern does not contain all quantified variables.
WARNING: (12416,47): pattern does not contain all quantified variables.
WARNING: (138163,41): pattern does not contain all quantified variables.
WARNING: (138260,42): pattern does not contain all quantified variables.
WARNING: (138337,46): pattern does not contain all quantified variables.
WARNING: (138726,41): pattern does not contain all quantified variables.
WARNING: (149846,47): pattern does not contain all quantified variables.
WARNING: (151324,37): pattern does not contain all quantified variables.
WARNING: (151456,41): pattern does not contain all quantified variables.
WARNING: (159341,53): pattern does not contain all quantified variables.
WARNING: (159438,59): pattern does not contain all quantified variables.
WARNING: (182487,70): pattern does not contain all quantified variables.
WARNING: (182964,48): pattern does not contain all quantified variables.
.\FStar.BufferNG.fst(736,2-739,63): (Warning) Pattern misses at least one bound variable: i#182226
