make[1]: warning: jobserver unavailable: using -j1.  Add '+' to parent make rule.
make[1]: warning: jobserver unavailable: using -j1.  Add '+' to parent make rule.
Warning: you are using the standard library and/or the %inline keyword. We
recommend switching on --infer in order to avoid obscure type error messages.
warning: CRLF will be replaced by LF in src/parser/parse.fsi.
The file will have its original line endings in your working directory.
File "src/basic/ml/FStar_Util.ml", line 47, characters 57-65:
Warning 40: st_mtime was selected from type BatUnix.stats.
It is not visible in the current scope, and will not 
be selected if the type becomes unknown.
File "src/basic/ml/FStar_Util.ml", line 660, characters 2-13:
Warning 10: this expression should have type unit.
File "src/basic/ml/FStar_Util.ml", line 47, characters 57-65:
Warning 40: st_mtime was selected from type BatUnix.stats.
It is not visible in the current scope, and will not 
be selected if the type becomes unknown.
File "src/basic/ml/FStar_Util.ml", line 660, characters 2-13:
Warning 10: this expression should have type unit.
make[3]: warning: jobserver unavailable: using -j1.  Add '+' to parent make rule.
.\u_boot_fsts\FStar.Syntax.Syntax.fst(396,0-396,33): (Warning) Annotation from val declaration overrides inline type annotation
.\u_boot_fsts\FStar.Syntax.Syntax.fst(446,0-446,48): (Warning) Annotation from val declaration overrides inline type annotation
.\u_boot_fsts\FStar.Syntax.Syntax.fst(447,0-447,76): (Warning) Annotation from val declaration overrides inline type annotation
.\u_boot_fsts\FStar.Syntax.Syntax.fst(498,0-500,38): (Warning) Annotation from val declaration overrides inline type annotation
.\u_boot_fsts\FStar.TypeChecker.Util.fst(70,0-72,32): (Warning) Annotation from val declaration overrides inline type annotation
.\u_boot_fsts\FStar.TypeChecker.Env.fst(280,0-284,35): (Warning) Annotation from val declaration overrides inline type annotation
.\u_boot_fsts\FStar.TypeChecker.Env.fst(718,0-720,39): (Warning) Annotation from val declaration overrides inline type annotation
warning: CRLF will be replaced by LF in src/parser/ml/parse.mly.
The file will have its original line endings in your working directory.
warning: CRLF will be replaced by LF in src/parser/parse.fsi.
The file will have its original line endings in your working directory.
.\hello.fst(5,0-5,37): (Warning) Top-level let-bindings must be total; this term may have effects
.\Ex01a.fst(68,0-68,48): (Warning) Top-level let-bindings must be total; this term may have effects
.\Ex01a.fst(58,0-58,48): (Warning) Top-level let-bindings must be total; this term may have effects
.\Platform.Bytes.fst(15,32-18,29): (Warning) Pattern misses at least one bound variable: uu___#1090
<input>(2,14-2,15): (Error) Expected expression of type "int"; got expression ""hello"" of type "string"
<input>(2,14-2,15): (Error) Expected expression of type "int"; got expression ""hello"" of type "string"
<input>(2,14-2,15): (Error) Expected expression of type "int"; got expression ""hello"" of type "string"
WARNING: (6997,46): pattern does not contain any variable.
WARNING: (73782,46): pattern does not contain any variable.
WARNING: (7213,46): pattern does not contain any variable.
WARNING: (6896,46): pattern does not contain any variable.
.\Platform.Bytes.fst(257,22-260,30): (Warning) Pattern misses at least one bound variable: i#40244
.\Platform.Bytes.fst(257,156-260,30): (Warning) Pattern misses at least one bound variable: i#42374
WARNING: (7202,46): pattern does not contain any variable.
.\Encrypt_SymEnc.fst(29,0-29,18): (Warning) Top-level let-bindings must be total; this term may have effects
WARNING: (73782,46): pattern does not contain any variable.
WARNING: (77658,43): pattern does not contain all quantified variables.
WARNING: (73782,46): pattern does not contain any variable.
WARNING: (77658,43): pattern does not contain all quantified variables.
WARNING: (73782,46): pattern does not contain any variable.
WARNING: (77658,43): pattern does not contain all quantified variables.
WARNING: (73782,46): pattern does not contain any variable.
WARNING: (77658,43): pattern does not contain all quantified variables.
WARNING: (73782,46): pattern does not contain any variable.
WARNING: (77658,43): pattern does not contain all quantified variables.
C:\Build\Agent\_work\1\s\ulib\FStar.Modifies.fst(1322,2-1325,63): (Warning) Pattern misses at least one bound variable: root_type#550568
WARNING: (73782,46): pattern does not contain any variable.
C:\Build\Agent\_work\1\s\ulib\FStar.Modifies.fst(1349,3-1357,129): (Warning) Pattern misses at least one bound variable: root_type#560408
WARNING: (77658,43): pattern does not contain all quantified variables.
WARNING: (73782,46): pattern does not contain any variable.
WARNING: (77658,43): pattern does not contain all quantified variables.
WARNING: (73782,46): pattern does not contain any variable.
WARNING: (77658,43): pattern does not contain all quantified variables.
WARNING: (73782,46): pattern does not contain any variable.
WARNING: (77658,43): pattern does not contain all quantified variables.
WARNING: (73782,46): pattern does not contain any variable.
WARNING: (77658,43): pattern does not contain all quantified variables.
.\Platform.Bytes.fst(15,40-18,29): (Warning) Pattern misses at least one bound variable: uu___#79854
.\Platform.Bytes.fst(257,156-260,30): (Warning) Pattern misses at least one bound variable: i#89301
.\MAC.fst(45,0-45,35): (Warning) Top-level let-bindings must be total; this term may have effects
WARNING: (73386,51): pattern does not contain all quantified variables.
WARNING: (73386,51): pattern does not contain all quantified variables.
WARNING: (73386,51): pattern does not contain all quantified variables.
WARNING: (6692,51): pattern does not contain all quantified variables.
WARNING: (73386,51): pattern does not contain all quantified variables.
WARNING: (73386,51): pattern does not contain all quantified variables.
.\RPC.fst(9,0-9,53): (Warning) Top-level let-bindings must be total; this term may have effects
.\RPC.fst(23,0-23,39): (Warning) Top-level let-bindings must be total; this term may have effects
.\RPC.fst(48,0-49,16): (Warning) Top-level let-bindings must be total; this term may have effects
.\RPC.fst(116,0-116,17): (Warning) Top-level let-bindings must be total; this term may have effects
C:\Build\Agent\_work\1\s\ulib\FStar.Modifies.fst(437,2-440,37): (Warning) Pattern misses at least one bound variable: root_type#1290066
C:\Build\Agent\_work\1\s\ulib\FStar.Modifies.fst(452,2-455,82): (Warning) Pattern misses at least one bound variable: root_type#1290579
C:\Build\Agent\_work\1\s\ulib\FStar.Modifies.fst(498,2-501,36): (Warning) Pattern misses at least one bound variable: root_type#1293310
C:\Build\Agent\_work\1\s\ulib\FStar.Modifies.fst(615,2-620,83): (Warning) Pattern misses at least one bound variable: root_type#1296269
C:\Build\Agent\_work\1\s\ulib\FStar.Modifies.fst(847,2-850,41): (Warning) Pattern misses at least one bound variable: root_type#1306112
C:\Build\Agent\_work\1\s\ulib\FStar.Modifies.fst(1322,2-1325,63): (Warning) Pattern misses at least one bound variable: root_type#1330950
C:\Build\Agent\_work\1\s\ulib\FStar.Modifies.fst(1349,3-1357,129): (Warning) Pattern misses at least one bound variable: root_type#1331890
C:\Build\Agent\_work\1\s\ulib\FStar.Modifies.fst(1590,2-1593,77): (Warning) Pattern misses at least one bound variable: ls#1337853
C:\Build\Agent\_work\1\s\ulib\FStar.HyperStackNG.fst(214,2-217,25): (Warning) Pattern misses at least one bound variable: t#115826
C:\Build\Agent\_work\1\s\ulib\FStar.HyperStackNG.fst(329,2-332,90): (Warning) Pattern misses at least one bound variable: t#118310
.\TestMRef.fst(8,0-8,20): (Warning) Top-level let-bindings must be total; this term may have effects
.\CntProtocol.fst(14,0-14,53): (Warning) Top-level let-bindings must be total; this term may have effects
.\CntProtocol.fst(29,0-29,26): (Warning) Top-level let-bindings must be total; this term may have effects
.\CntProtocol.fst(32,0-32,54): (Warning) Top-level let-bindings must be total; this term may have effects
.\CntProtocol.fst(35,0-35,54): (Warning) Top-level let-bindings must be total; this term may have effects
.\CntProtocol.fst(99,0-99,39): (Warning) Top-level let-bindings must be total; this term may have effects
C:\Build\Agent\_work\1\s\ulib\FStar.BufferNG.fst(736,2-739,63): (Warning) Pattern misses at least one bound variable: i#109150
.\CntProtocol.fst(126,0-126,18): (Warning) Top-level let-bindings must be total; this term may have effects
C:\Build\Agent\_work\1\s\ulib\FStar.Modifies.fst(1322,2-1325,63): (Warning) Pattern misses at least one bound variable: root_type#550568
C:\Build\Agent\_work\1\s\ulib\FStar.Modifies.fst(1349,3-1357,129): (Warning) Pattern misses at least one bound variable: root_type#560408
.\CntProtocol.fst(158,0-174,5): (Warning) Top-level let-bindings must be total; this term may have effects
C:\Build\Agent\_work\1\s\ulib\FStar.Modifies.fst(1322,2-1325,63): (Warning) Pattern misses at least one bound variable: root_type#550568
C:\Build\Agent\_work\1\s\ulib\FStar.Modifies.fst(1349,3-1357,129): (Warning) Pattern misses at least one bound variable: root_type#560408
WARNING: (115554,41): pattern does not contain all quantified variables.
WARNING: (115651,42): pattern does not contain all quantified variables.
WARNING: (115728,46): pattern does not contain all quantified variables.
WARNING: (116117,41): pattern does not contain all quantified variables.
WARNING: (127012,47): pattern does not contain all quantified variables.
WARNING: (128490,37): pattern does not contain all quantified variables.
WARNING: (128622,41): pattern does not contain all quantified variables.
WARNING: (136881,53): pattern does not contain all quantified variables.
WARNING: (136978,59): pattern does not contain all quantified variables.
WARNING: (184759,70): pattern does not contain all quantified variables.
WARNING: (185236,48): pattern does not contain all quantified variables.
WARNING: (213863,42): pattern does not contain all quantified variables.
.\Ex10a.fst(27,0-27,19): (Warning) Top-level let-bindings must be total; this term may have effects
C:\Build\Agent\_work\1\s\ulib\FStar.Modifies.fst(1322,2-1325,63): (Warning) Pattern misses at least one bound variable: root_type#550568
C:\Build\Agent\_work\1\s\ulib\FStar.Modifies.fst(1349,3-1357,129): (Warning) Pattern misses at least one bound variable: root_type#560408
.\Mac.fst(70,0-70,35): (Warning) Top-level let-bindings must be total; this term may have effects
.\Ex10a.fst(27,0-27,19): (Warning) Top-level let-bindings must be total; this term may have effects
WARNING: (115554,41): pattern does not contain all quantified variables.
WARNING: (115651,42): pattern does not contain all quantified variables.
WARNING: (115728,46): pattern does not contain all quantified variables.
WARNING: (116117,41): pattern does not contain all quantified variables.
WARNING: (127012,47): pattern does not contain all quantified variables.
WARNING: (128490,37): pattern does not contain all quantified variables.
WARNING: (128622,41): pattern does not contain all quantified variables.
WARNING: (136881,53): pattern does not contain all quantified variables.
WARNING: (136978,59): pattern does not contain all quantified variables.
WARNING: (184759,70): pattern does not contain all quantified variables.
WARNING: (185236,48): pattern does not contain all quantified variables.
WARNING: (213863,42): pattern does not contain all quantified variables.
.\Ex12a.Cap.fst(21,0-21,26): (Warning) Top-level let-bindings must be total; this term may have effects
WARNING: (115554,41): pattern does not contain all quantified variables.
WARNING: (115651,42): pattern does not contain all quantified variables.
WARNING: (115728,46): pattern does not contain all quantified variables.
WARNING: (116117,41): pattern does not contain all quantified variables.
WARNING: (127012,47): pattern does not contain all quantified variables.
WARNING: (128490,37): pattern does not contain all quantified variables.
WARNING: (128622,41): pattern does not contain all quantified variables.
WARNING: (136881,53): pattern does not contain all quantified variables.
WARNING: (136978,59): pattern does not contain all quantified variables.
WARNING: (184759,70): pattern does not contain all quantified variables.
WARNING: (185236,48): pattern does not contain all quantified variables.
WARNING: (213863,42): pattern does not contain all quantified variables.
.\Ex12a.Cap.fst(19,0-19,26): (Warning) Top-level let-bindings must be total; this term may have effects
C:\Build\Agent\_work\1\s\ulib\FStar.Modifies.fst(437,2-440,37): (Warning) Pattern misses at least one bound variable: root_type#1290066
C:\Build\Agent\_work\1\s\ulib\FStar.Modifies.fst(452,2-455,82): (Warning) Pattern misses at least one bound variable: root_type#1290579
C:\Build\Agent\_work\1\s\ulib\FStar.Modifies.fst(498,2-501,36): (Warning) Pattern misses at least one bound variable: root_type#1293310
C:\Build\Agent\_work\1\s\ulib\FStar.Modifies.fst(615,2-620,83): (Warning) Pattern misses at least one bound variable: root_type#1296269
C:\Build\Agent\_work\1\s\ulib\FStar.Modifies.fst(847,2-850,41): (Warning) Pattern misses at least one bound variable: root_type#1306112
C:\Build\Agent\_work\1\s\ulib\FStar.Modifies.fst(1322,2-1325,63): (Warning) Pattern misses at least one bound variable: root_type#1330950
C:\Build\Agent\_work\1\s\ulib\FStar.Modifies.fst(1349,3-1357,129): (Warning) Pattern misses at least one bound variable: root_type#1331890
C:\Build\Agent\_work\1\s\ulib\FStar.Modifies.fst(1590,2-1593,77): (Warning) Pattern misses at least one bound variable: ls#1337853
.\Ex12b.RPC.fst(8,0-8,53): (Warning) Top-level let-bindings must be total; this term may have effects
.\Ex12b.RPC.fst(21,0-21,39): (Warning) Top-level let-bindings must be total; this term may have effects
.\Ex12b.RPC.fst(53,0-54,16): (Warning) Top-level let-bindings must be total; this term may have effects
.\Ex12b.RPC.fst(123,0-123,17): (Warning) Top-level let-bindings must be total; this term may have effects
C:\Build\Agent\_work\1\s\ulib\FStar.Modifies.fst(437,2-440,37): (Warning) Pattern misses at least one bound variable: root_type#1290066
C:\Build\Agent\_work\1\s\ulib\FStar.Modifies.fst(452,2-455,82): (Warning) Pattern misses at least one bound variable: root_type#1290579
C:\Build\Agent\_work\1\s\ulib\FStar.Modifies.fst(498,2-501,36): (Warning) Pattern misses at least one bound variable: root_type#1293310
C:\Build\Agent\_work\1\s\ulib\FStar.Modifies.fst(615,2-620,83): (Warning) Pattern misses at least one bound variable: root_type#1296269
C:\Build\Agent\_work\1\s\ulib\FStar.Modifies.fst(847,2-850,41): (Warning) Pattern misses at least one bound variable: root_type#1306112
C:\Build\Agent\_work\1\s\ulib\FStar.Modifies.fst(1322,2-1325,63): (Warning) Pattern misses at least one bound variable: root_type#1330950
C:\Build\Agent\_work\1\s\ulib\FStar.Modifies.fst(1349,3-1357,129): (Warning) Pattern misses at least one bound variable: root_type#1331890
C:\Build\Agent\_work\1\s\ulib\FStar.Modifies.fst(1590,2-1593,77): (Warning) Pattern misses at least one bound variable: ls#1337853
C:\Build\Agent\_work\1\s\ulib\FStar.HyperStackNG.fst(214,2-217,25): (Warning) Pattern misses at least one bound variable: t#115826
C:\Build\Agent\_work\1\s\ulib\FStar.HyperStackNG.fst(329,2-332,90): (Warning) Pattern misses at least one bound variable: t#118310
C:\Build\Agent\_work\1\s\ulib\FStar.HyperStackNG.fst(214,2-217,25): (Warning) Pattern misses at least one bound variable: t#115826
C:\Build\Agent\_work\1\s\ulib\FStar.HyperStackNG.fst(329,2-332,90): (Warning) Pattern misses at least one bound variable: t#118310
C:\Build\Agent\_work\1\s\ulib\FStar.Modifies.fst(437,2-440,37): (Warning) Pattern misses at least one bound variable: root_type#1290066
C:\Build\Agent\_work\1\s\ulib\FStar.Modifies.fst(452,2-455,82): (Warning) Pattern misses at least one bound variable: root_type#1290579
C:\Build\Agent\_work\1\s\ulib\FStar.Modifies.fst(498,2-501,36): (Warning) Pattern misses at least one bound variable: root_type#1293310
C:\Build\Agent\_work\1\s\ulib\FStar.Modifies.fst(615,2-620,83): (Warning) Pattern misses at least one bound variable: root_type#1296269
C:\Build\Agent\_work\1\s\ulib\FStar.Modifies.fst(847,2-850,41): (Warning) Pattern misses at least one bound variable: root_type#1306112
C:\Build\Agent\_work\1\s\ulib\FStar.Modifies.fst(1322,2-1325,63): (Warning) Pattern misses at least one bound variable: root_type#1330950
C:\Build\Agent\_work\1\s\ulib\FStar.Modifies.fst(1349,3-1357,129): (Warning) Pattern misses at least one bound variable: root_type#1331890
C:\Build\Agent\_work\1\s\ulib\FStar.Modifies.fst(1590,2-1593,77): (Warning) Pattern misses at least one bound variable: ls#1337853
C:\Build\Agent\_work\1\s\ulib\FStar.HyperStackNG.fst(214,2-217,25): (Warning) Pattern misses at least one bound variable: t#115826
C:\Build\Agent\_work\1\s\ulib\FStar.HyperStackNG.fst(329,2-332,90): (Warning) Pattern misses at least one bound variable: t#118310
make[5]: warning: jobserver unavailable: using -j1.  Add '+' to parent make rule.
C:\Build\Agent\_work\1\s\ulib\FStar.Modifies.fst(1322,2-1325,63): (Warning) Pattern misses at least one bound variable: root_type#550568
C:\Build\Agent\_work\1\s\ulib\FStar.Modifies.fst(1349,3-1357,129): (Warning) Pattern misses at least one bound variable: root_type#560408
C:\Build\Agent\_work\1\s\ulib\FStar.BufferNG.fst(736,2-739,63): (Warning) Pattern misses at least one bound variable: i#109150
WARNING: (10064,47): pattern does not contain all quantified variables.
make[5]: warning: jobserver unavailable: using -j1.  Add '+' to parent make rule.
C:\Build\Agent\_work\1\s\ulib\FStar.Modifies.fst(1322,2-1325,63): (Warning) Pattern misses at least one bound variable: root_type#550568
C:\Build\Agent\_work\1\s\ulib\FStar.Modifies.fst(1349,3-1357,129): (Warning) Pattern misses at least one bound variable: root_type#560408
WARNING: (115554,41): pattern does not contain all quantified variables.
WARNING: (115651,42): pattern does not contain all quantified variables.
WARNING: (115728,46): pattern does not contain all quantified variables.
WARNING: (116117,41): pattern does not contain all quantified variables.
WARNING: (127012,47): pattern does not contain all quantified variables.
WARNING: (128490,37): pattern does not contain all quantified variables.
WARNING: (128622,41): pattern does not contain all quantified variables.
WARNING: (136881,53): pattern does not contain all quantified variables.
WARNING: (136978,59): pattern does not contain all quantified variables.
WARNING: (184759,70): pattern does not contain all quantified variables.
WARNING: (185236,48): pattern does not contain all quantified variables.
WARNING: (213863,42): pattern does not contain all quantified variables.
WARNING: (12167,42): pattern does not contain all quantified variables.
WARNING: (12863,47): pattern does not contain all quantified variables.
.\Ex01a.fst(58,0-58,48): (Warning) Top-level let-bindings must be total; this term may have effects
WARNING: (12146,47): pattern does not contain all quantified variables.
make[3]: [Makefile:66: Ex01a-ocaml] Error 2 (ignored)
WARNING: (115554,41): pattern does not contain all quantified variables.
WARNING: (115651,42): pattern does not contain all quantified variables.
WARNING: (115728,46): pattern does not contain all quantified variables.
WARNING: (116117,41): pattern does not contain all quantified variables.
WARNING: (127012,47): pattern does not contain all quantified variables.
WARNING: (128490,37): pattern does not contain all quantified variables.
WARNING: (128622,41): pattern does not contain all quantified variables.
WARNING: (136881,53): pattern does not contain all quantified variables.
WARNING: (136978,59): pattern does not contain all quantified variables.
WARNING: (184759,70): pattern does not contain all quantified variables.
WARNING: (185236,48): pattern does not contain all quantified variables.
WARNING: (213863,42): pattern does not contain all quantified variables.
WARNING: (11863,42): pattern does not contain all quantified variables.
WARNING: (11940,46): pattern does not contain all quantified variables.
WARNING: (12620,47): pattern does not contain all quantified variables.
C:\Build\Agent\_work\1\s\ulib\FStar.Modifies.fst(437,2-440,37): (Warning) Pattern misses at least one bound variable: root_type#1290066
C:\Build\Agent\_work\1\s\ulib\FStar.Modifies.fst(452,2-455,82): (Warning) Pattern misses at least one bound variable: root_type#1290579
C:\Build\Agent\_work\1\s\ulib\FStar.Modifies.fst(498,2-501,36): (Warning) Pattern misses at least one bound variable: root_type#1293310
C:\Build\Agent\_work\1\s\ulib\FStar.Modifies.fst(615,2-620,83): (Warning) Pattern misses at least one bound variable: root_type#1296269
C:\Build\Agent\_work\1\s\ulib\FStar.Modifies.fst(847,2-850,41): (Warning) Pattern misses at least one bound variable: root_type#1306112
C:\Build\Agent\_work\1\s\ulib\FStar.Modifies.fst(1322,2-1325,63): (Warning) Pattern misses at least one bound variable: root_type#1330950
C:\Build\Agent\_work\1\s\ulib\FStar.Modifies.fst(1349,3-1357,129): (Warning) Pattern misses at least one bound variable: root_type#1331890
C:\Build\Agent\_work\1\s\ulib\FStar.Modifies.fst(1590,2-1593,77): (Warning) Pattern misses at least one bound variable: ls#1337853
C:\Build\Agent\_work\1\s\ulib\FStar.HyperStackNG.fst(214,2-217,25): (Warning) Pattern misses at least one bound variable: t#115826
C:\Build\Agent\_work\1\s\ulib\FStar.HyperStackNG.fst(329,2-332,90): (Warning) Pattern misses at least one bound variable: t#118310
C:\Build\Agent\_work\1\s\ulib\FStar.Modifies.fst(437,2-440,37): (Warning) Pattern misses at least one bound variable: root_type#1290066
C:\Build\Agent\_work\1\s\ulib\FStar.Modifies.fst(452,2-455,82): (Warning) Pattern misses at least one bound variable: root_type#1290579
C:\Build\Agent\_work\1\s\ulib\FStar.Modifies.fst(498,2-501,36): (Warning) Pattern misses at least one bound variable: root_type#1293310
C:\Build\Agent\_work\1\s\ulib\FStar.Modifies.fst(615,2-620,83): (Warning) Pattern misses at least one bound variable: root_type#1296269
C:\Build\Agent\_work\1\s\ulib\FStar.Modifies.fst(847,2-850,41): (Warning) Pattern misses at least one bound variable: root_type#1306112
C:\Build\Agent\_work\1\s\ulib\FStar.Modifies.fst(1322,2-1325,63): (Warning) Pattern misses at least one bound variable: root_type#1330950
C:\Build\Agent\_work\1\s\ulib\FStar.Modifies.fst(1349,3-1357,129): (Warning) Pattern misses at least one bound variable: root_type#1331890
C:\Build\Agent\_work\1\s\ulib\FStar.Modifies.fst(1590,2-1593,77): (Warning) Pattern misses at least one bound variable: ls#1337853
C:\Build\Agent\_work\1\s\ulib\FStar.HyperStackNG.fst(214,2-217,25): (Warning) Pattern misses at least one bound variable: t#115826
C:\Build\Agent\_work\1\s\ulib\FStar.HyperStackNG.fst(329,2-332,90): (Warning) Pattern misses at least one bound variable: t#118310
WARNING: (11799,42): pattern does not contain all quantified variables.
WARNING: (12495,47): pattern does not contain all quantified variables.
WARNING: (91659,41): pattern does not contain all quantified variables.
WARNING: (91756,42): pattern does not contain all quantified variables.
WARNING: (91833,46): pattern does not contain all quantified variables.
WARNING: (92222,41): pattern does not contain all quantified variables.
WARNING: (103449,47): pattern does not contain all quantified variables.
WARNING: (11799,42): pattern does not contain all quantified variables.
WARNING: (91659,41): pattern does not contain all quantified variables.
WARNING: (91756,42): pattern does not contain all quantified variables.
WARNING: (91833,46): pattern does not contain all quantified variables.
WARNING: (12495,47): pattern does not contain all quantified variables.
WARNING: (92222,41): pattern does not contain all quantified variables.
WARNING: (103449,47): pattern does not contain all quantified variables.
WARNING: (139473,41): pattern does not contain all quantified variables.
WARNING: (139570,42): pattern does not contain all quantified variables.
WARNING: (139647,46): pattern does not contain all quantified variables.
WARNING: (140036,41): pattern does not contain all quantified variables.
WARNING: (150931,47): pattern does not contain all quantified variables.
WARNING: (152409,37): pattern does not contain all quantified variables.
WARNING: (152541,41): pattern does not contain all quantified variables.
WARNING: (160800,53): pattern does not contain all quantified variables.
WARNING: (160897,59): pattern does not contain all quantified variables.
WARNING: (168684,70): pattern does not contain all quantified variables.
WARNING: (169161,48): pattern does not contain all quantified variables.
WARNING: (91659,41): pattern does not contain all quantified variables.
WARNING: (91756,42): pattern does not contain all quantified variables.
WARNING: (91833,46): pattern does not contain all quantified variables.
WARNING: (92222,41): pattern does not contain all quantified variables.
WARNING: (103449,47): pattern does not contain all quantified variables.
WARNING: (91659,41): pattern does not contain all quantified variables.
WARNING: (91756,42): pattern does not contain all quantified variables.
WARNING: (91833,46): pattern does not contain all quantified variables.
WARNING: (92222,41): pattern does not contain all quantified variables.
WARNING: (103449,47): pattern does not contain all quantified variables.
WARNING: (91659,41): pattern does not contain all quantified variables.
WARNING: (91756,42): pattern does not contain all quantified variables.
WARNING: (91833,46): pattern does not contain all quantified variables.
WARNING: (92222,41): pattern does not contain all quantified variables.
WARNING: (103449,47): pattern does not contain all quantified variables.
WARNING: (6926,46): pattern does not contain all quantified variables.
WARNING: (91659,41): pattern does not contain all quantified variables.
WARNING: (91756,42): pattern does not contain all quantified variables.
WARNING: (91833,46): pattern does not contain all quantified variables.
WARNING: (92222,41): pattern does not contain all quantified variables.
WARNING: (103449,47): pattern does not contain all quantified variables.
WARNING: (6472,41): pattern does not contain all quantified variables.
WARNING: (6565,42): pattern does not contain all quantified variables.
WARNING: (6741,46): pattern does not contain all quantified variables.
WARNING: (7560,47): pattern does not contain all quantified variables.
.\FStar.Modifies.fst(1322,2-1325,63): (Warning) Pattern misses at least one bound variable: root_type#980931
.\FStar.Modifies.fst(1322,2-1325,63): (Warning) Pattern misses at least one bound variable: root_type#983108
WARNING: (7418,41): pattern does not contain all quantified variables.
WARNING: (91659,41): pattern does not contain all quantified variables.
WARNING: (91756,42): pattern does not contain all quantified variables.
WARNING: (91833,46): pattern does not contain all quantified variables.
WARNING: (92222,41): pattern does not contain all quantified variables.
WARNING: (103449,47): pattern does not contain all quantified variables.
.\FStar.Modifies.fst(1349,3-1357,129): (Warning) Pattern misses at least one bound variable: root_type#1000231
.\FStar.Modifies.fst(1349,3-1357,129): (Warning) Pattern misses at least one bound variable: root_type#1004771
WARNING: (7399,41): pattern does not contain all quantified variables.
WARNING: (8005,47): pattern does not contain all quantified variables.
WARNING: (91659,41): pattern does not contain all quantified variables.
WARNING: (91756,42): pattern does not contain all quantified variables.
WARNING: (91833,46): pattern does not contain all quantified variables.
WARNING: (92222,41): pattern does not contain all quantified variables.
WARNING: (103449,47): pattern does not contain all quantified variables.
WARNING: (104926,37): pattern does not contain all quantified variables.
WARNING: (7555,41): pattern does not contain all quantified variables.
WARNING: (91659,41): pattern does not contain all quantified variables.
WARNING: (91756,42): pattern does not contain all quantified variables.
WARNING: (91833,46): pattern does not contain all quantified variables.
WARNING: (92222,41): pattern does not contain all quantified variables.
WARNING: (103449,47): pattern does not contain all quantified variables.
WARNING: (104926,37): pattern does not contain all quantified variables.
WARNING: (105058,41): pattern does not contain all quantified variables.
WARNING: (91659,41): pattern does not contain all quantified variables.
WARNING: (91756,42): pattern does not contain all quantified variables.
WARNING: (91833,46): pattern does not contain all quantified variables.
WARNING: (92222,41): pattern does not contain all quantified variables.
WARNING: (103449,47): pattern does not contain all quantified variables.
WARNING: (104926,37): pattern does not contain all quantified variables.
WARNING: (105058,41): pattern does not contain all quantified variables.
WARNING: (91659,41): pattern does not contain all quantified variables.
WARNING: (91756,42): pattern does not contain all quantified variables.
WARNING: (91833,46): pattern does not contain all quantified variables.
WARNING: (92222,41): pattern does not contain all quantified variables.
WARNING: (103449,47): pattern does not contain all quantified variables.
WARNING: (104926,37): pattern does not contain all quantified variables.
WARNING: (105058,41): pattern does not contain all quantified variables.
WARNING: (113353,53): pattern does not contain all quantified variables.
WARNING: (113450,59): pattern does not contain all quantified variables.
WARNING: (91659,41): pattern does not contain all quantified variables.
WARNING: (91756,42): pattern does not contain all quantified variables.
WARNING: (91833,46): pattern does not contain all quantified variables.
WARNING: (92222,41): pattern does not contain all quantified variables.
WARNING: (103449,47): pattern does not contain all quantified variables.
WARNING: (104926,37): pattern does not contain all quantified variables.
WARNING: (105058,41): pattern does not contain all quantified variables.
WARNING: (113353,53): pattern does not contain all quantified variables.
WARNING: (113450,59): pattern does not contain all quantified variables.
WARNING: (91659,41): pattern does not contain all quantified variables.
WARNING: (91756,42): pattern does not contain all quantified variables.
WARNING: (91833,46): pattern does not contain all quantified variables.
WARNING: (92222,41): pattern does not contain all quantified variables.
WARNING: (103449,47): pattern does not contain all quantified variables.
WARNING: (104926,37): pattern does not contain all quantified variables.
WARNING: (105058,41): pattern does not contain all quantified variables.
WARNING: (113353,53): pattern does not contain all quantified variables.
WARNING: (113450,59): pattern does not contain all quantified variables.
WARNING: (140720,41): pattern does not contain all quantified variables.
WARNING: (140817,42): pattern does not contain all quantified variables.
WARNING: (140894,46): pattern does not contain all quantified variables.
WARNING: (141283,41): pattern does not contain all quantified variables.
WARNING: (152510,47): pattern does not contain all quantified variables.
WARNING: (91659,41): pattern does not contain all quantified variables.
WARNING: (91756,42): pattern does not contain all quantified variables.
WARNING: (91833,46): pattern does not contain all quantified variables.
WARNING: (92222,41): pattern does not contain all quantified variables.
WARNING: (103449,47): pattern does not contain all quantified variables.
WARNING: (104926,37): pattern does not contain all quantified variables.
WARNING: (105058,41): pattern does not contain all quantified variables.
WARNING: (113353,53): pattern does not contain all quantified variables.
WARNING: (113450,59): pattern does not contain all quantified variables.
WARNING: (140720,41): pattern does not contain all quantified variables.
WARNING: (140817,42): pattern does not contain all quantified variables.
WARNING: (140894,46): pattern does not contain all quantified variables.
WARNING: (141283,41): pattern does not contain all quantified variables.
WARNING: (152510,47): pattern does not contain all quantified variables.
WARNING: (91659,41): pattern does not contain all quantified variables.
WARNING: (91756,42): pattern does not contain all quantified variables.
WARNING: (91833,46): pattern does not contain all quantified variables.
WARNING: (92222,41): pattern does not contain all quantified variables.
WARNING: (103449,47): pattern does not contain all quantified variables.
WARNING: (104926,37): pattern does not contain all quantified variables.
WARNING: (105058,41): pattern does not contain all quantified variables.
WARNING: (113353,53): pattern does not contain all quantified variables.
WARNING: (113450,59): pattern does not contain all quantified variables.
WARNING: (91659,41): pattern does not contain all quantified variables.
WARNING: (91756,42): pattern does not contain all quantified variables.
WARNING: (91833,46): pattern does not contain all quantified variables.
WARNING: (92222,41): pattern does not contain all quantified variables.
WARNING: (103449,47): pattern does not contain all quantified variables.
WARNING: (104926,37): pattern does not contain all quantified variables.
WARNING: (105058,41): pattern does not contain all quantified variables.
WARNING: (113353,53): pattern does not contain all quantified variables.
WARNING: (113450,59): pattern does not contain all quantified variables.
WARNING: (91659,41): pattern does not contain all quantified variables.
WARNING: (91756,42): pattern does not contain all quantified variables.
WARNING: (91833,46): pattern does not contain all quantified variables.
WARNING: (92222,41): pattern does not contain all quantified variables.
WARNING: (103449,47): pattern does not contain all quantified variables.
WARNING: (104926,37): pattern does not contain all quantified variables.
WARNING: (105058,41): pattern does not contain all quantified variables.
WARNING: (113353,53): pattern does not contain all quantified variables.
WARNING: (113450,59): pattern does not contain all quantified variables.
WARNING: (140720,41): pattern does not contain all quantified variables.
WARNING: (140817,42): pattern does not contain all quantified variables.
WARNING: (140894,46): pattern does not contain all quantified variables.
WARNING: (141283,41): pattern does not contain all quantified variables.
WARNING: (152510,47): pattern does not contain all quantified variables.
WARNING: (140720,41): pattern does not contain all quantified variables.
WARNING: (140817,42): pattern does not contain all quantified variables.
WARNING: (140894,46): pattern does not contain all quantified variables.
WARNING: (141283,41): pattern does not contain all quantified variables.
WARNING: (152510,47): pattern does not contain all quantified variables.
WARNING: (140720,41): pattern does not contain all quantified variables.
WARNING: (140817,42): pattern does not contain all quantified variables.
WARNING: (140894,46): pattern does not contain all quantified variables.
WARNING: (141283,41): pattern does not contain all quantified variables.
WARNING: (152510,47): pattern does not contain all quantified variables.
WARNING: (91659,41): pattern does not contain all quantified variables.
WARNING: (91756,42): pattern does not contain all quantified variables.
WARNING: (91833,46): pattern does not contain all quantified variables.
WARNING: (92222,41): pattern does not contain all quantified variables.
WARNING: (103449,47): pattern does not contain all quantified variables.
WARNING: (104926,37): pattern does not contain all quantified variables.
WARNING: (105058,41): pattern does not contain all quantified variables.
WARNING: (113353,53): pattern does not contain all quantified variables.
WARNING: (113450,59): pattern does not contain all quantified variables.
WARNING: (11910,46): pattern does not contain all quantified variables.
WARNING: (140720,41): pattern does not contain all quantified variables.
WARNING: (140817,42): pattern does not contain all quantified variables.
WARNING: (140894,46): pattern does not contain all quantified variables.
WARNING: (141283,41): pattern does not contain all quantified variables.
WARNING: (152510,47): pattern does not contain all quantified variables.
WARNING: (7152,46): pattern does not contain all quantified variables.
WARNING: (91659,41): pattern does not contain all quantified variables.
WARNING: (91756,42): pattern does not contain all quantified variables.
WARNING: (91833,46): pattern does not contain all quantified variables.
WARNING: (92222,41): pattern does not contain all quantified variables.
WARNING: (103449,47): pattern does not contain all quantified variables.
WARNING: (104926,37): pattern does not contain all quantified variables.
WARNING: (105058,41): pattern does not contain all quantified variables.
WARNING: (113353,53): pattern does not contain all quantified variables.
WARNING: (113450,59): pattern does not contain all quantified variables.
WARNING: (11415,41): pattern does not contain all quantified variables.
WARNING: (11508,42): pattern does not contain all quantified variables.
WARNING: (11725,46): pattern does not contain all quantified variables.
WARNING: (12544,47): pattern does not contain all quantified variables.
WARNING: (91659,41): pattern does not contain all quantified variables.
WARNING: (91756,42): pattern does not contain all quantified variables.
.\FStar.Modifies.fst(1322,2-1325,63): (Warning) Pattern misses at least one bound variable: root_type#980931
WARNING: (91833,46): pattern does not contain all quantified variables.
WARNING: (92222,41): pattern does not contain all quantified variables.
WARNING: (103449,47): pattern does not contain all quantified variables.
WARNING: (104926,37): pattern does not contain all quantified variables.
WARNING: (105058,41): pattern does not contain all quantified variables.
WARNING: (113353,53): pattern does not contain all quantified variables.
WARNING: (113450,59): pattern does not contain all quantified variables.
.\FStar.Modifies.fst(1322,2-1325,63): (Warning) Pattern misses at least one bound variable: root_type#983108
WARNING: (12417,41): pattern does not contain all quantified variables.
WARNING: (140720,41): pattern does not contain all quantified variables.
WARNING: (140817,42): pattern does not contain all quantified variables.
WARNING: (140894,46): pattern does not contain all quantified variables.
WARNING: (141283,41): pattern does not contain all quantified variables.
WARNING: (152510,47): pattern does not contain all quantified variables.
WARNING: (7613,47): pattern does not contain all quantified variables.
.\FStar.Modifies.fst(1349,3-1357,129): (Warning) Pattern misses at least one bound variable: root_type#1000231
.\FStar.Modifies.fst(1349,3-1357,129): (Warning) Pattern misses at least one bound variable: root_type#1004771
WARNING: (91659,41): pattern does not contain all quantified variables.
WARNING: (91756,42): pattern does not contain all quantified variables.
WARNING: (91833,46): pattern does not contain all quantified variables.
WARNING: (92222,41): pattern does not contain all quantified variables.
WARNING: (103449,47): pattern does not contain all quantified variables.
WARNING: (104926,37): pattern does not contain all quantified variables.
WARNING: (105058,41): pattern does not contain all quantified variables.
WARNING: (113353,53): pattern does not contain all quantified variables.
WARNING: (113450,59): pattern does not contain all quantified variables.
WARNING: (12439,41): pattern does not contain all quantified variables.
WARNING: (13045,47): pattern does not contain all quantified variables.
WARNING: (140720,41): pattern does not contain all quantified variables.
WARNING: (140817,42): pattern does not contain all quantified variables.
WARNING: (140894,46): pattern does not contain all quantified variables.
WARNING: (141283,41): pattern does not contain all quantified variables.
WARNING: (152510,47): pattern does not contain all quantified variables.
WARNING: (153987,37): pattern does not contain all quantified variables.
WARNING: (7497,47): pattern does not contain all quantified variables.
.\FStar.Modifies.fst(437,2-440,37): (Warning) Pattern misses at least one bound variable: root_type#2183110
.\FStar.Modifies.fst(452,2-455,82): (Warning) Pattern misses at least one bound variable: root_type#2183623
.\FStar.Modifies.fst(498,2-501,36): (Warning) Pattern misses at least one bound variable: root_type#2186354
.\FStar.Modifies.fst(615,2-620,83): (Warning) Pattern misses at least one bound variable: root_type#2189313
.\FStar.Modifies.fst(847,2-850,41): (Warning) Pattern misses at least one bound variable: root_type#2200360
.\FStar.Modifies.fst(1322,2-1325,63): (Warning) Pattern misses at least one bound variable: root_type#2225198
.\FStar.Modifies.fst(1349,3-1357,129): (Warning) Pattern misses at least one bound variable: root_type#2226138
.\FStar.Modifies.fst(1590,2-1593,77): (Warning) Pattern misses at least one bound variable: ls#2232101
WARNING: (12498,41): pattern does not contain all quantified variables.
WARNING: (140720,41): pattern does not contain all quantified variables.
WARNING: (140817,42): pattern does not contain all quantified variables.
WARNING: (140894,46): pattern does not contain all quantified variables.
WARNING: (141283,41): pattern does not contain all quantified variables.
WARNING: (152510,47): pattern does not contain all quantified variables.
WARNING: (153987,37): pattern does not contain all quantified variables.
WARNING: (154119,41): pattern does not contain all quantified variables.
WARNING: (140720,41): pattern does not contain all quantified variables.
WARNING: (140817,42): pattern does not contain all quantified variables.
WARNING: (140894,46): pattern does not contain all quantified variables.
WARNING: (141283,41): pattern does not contain all quantified variables.
WARNING: (152510,47): pattern does not contain all quantified variables.
WARNING: (153987,37): pattern does not contain all quantified variables.
WARNING: (154119,41): pattern does not contain all quantified variables.
WARNING: (140720,41): pattern does not contain all quantified variables.
WARNING: (140817,42): pattern does not contain all quantified variables.
WARNING: (140894,46): pattern does not contain all quantified variables.
WARNING: (141283,41): pattern does not contain all quantified variables.
WARNING: (152510,47): pattern does not contain all quantified variables.
WARNING: (153987,37): pattern does not contain all quantified variables.
WARNING: (154119,41): pattern does not contain all quantified variables.
WARNING: (162414,53): pattern does not contain all quantified variables.
WARNING: (162511,59): pattern does not contain all quantified variables.
WARNING: (140720,41): pattern does not contain all quantified variables.
WARNING: (140817,42): pattern does not contain all quantified variables.
WARNING: (140894,46): pattern does not contain all quantified variables.
WARNING: (141283,41): pattern does not contain all quantified variables.
WARNING: (152510,47): pattern does not contain all quantified variables.
WARNING: (153987,37): pattern does not contain all quantified variables.
WARNING: (154119,41): pattern does not contain all quantified variables.
WARNING: (162414,53): pattern does not contain all quantified variables.
WARNING: (162511,59): pattern does not contain all quantified variables.
WARNING: (140720,41): pattern does not contain all quantified variables.
WARNING: (140817,42): pattern does not contain all quantified variables.
WARNING: (140894,46): pattern does not contain all quantified variables.
WARNING: (141283,41): pattern does not contain all quantified variables.
WARNING: (152510,47): pattern does not contain all quantified variables.
WARNING: (153987,37): pattern does not contain all quantified variables.
WARNING: (154119,41): pattern does not contain all quantified variables.
WARNING: (162414,53): pattern does not contain all quantified variables.
WARNING: (162511,59): pattern does not contain all quantified variables.
WARNING: (140720,41): pattern does not contain all quantified variables.
WARNING: (140817,42): pattern does not contain all quantified variables.
WARNING: (140894,46): pattern does not contain all quantified variables.
WARNING: (141283,41): pattern does not contain all quantified variables.
WARNING: (152510,47): pattern does not contain all quantified variables.
WARNING: (153987,37): pattern does not contain all quantified variables.
WARNING: (154119,41): pattern does not contain all quantified variables.
WARNING: (162414,53): pattern does not contain all quantified variables.
WARNING: (162511,59): pattern does not contain all quantified variables.
WARNING: (140720,41): pattern does not contain all quantified variables.
WARNING: (140817,42): pattern does not contain all quantified variables.
WARNING: (140894,46): pattern does not contain all quantified variables.
WARNING: (141283,41): pattern does not contain all quantified variables.
WARNING: (152510,47): pattern does not contain all quantified variables.
WARNING: (153987,37): pattern does not contain all quantified variables.
WARNING: (154119,41): pattern does not contain all quantified variables.
WARNING: (162414,53): pattern does not contain all quantified variables.
WARNING: (162511,59): pattern does not contain all quantified variables.
WARNING: (140720,41): pattern does not contain all quantified variables.
WARNING: (140817,42): pattern does not contain all quantified variables.
WARNING: (140894,46): pattern does not contain all quantified variables.
WARNING: (141283,41): pattern does not contain all quantified variables.
WARNING: (152510,47): pattern does not contain all quantified variables.
WARNING: (153987,37): pattern does not contain all quantified variables.
WARNING: (154119,41): pattern does not contain all quantified variables.
WARNING: (162414,53): pattern does not contain all quantified variables.
WARNING: (162511,59): pattern does not contain all quantified variables.
WARNING: (140720,41): pattern does not contain all quantified variables.
WARNING: (140817,42): pattern does not contain all quantified variables.
WARNING: (140894,46): pattern does not contain all quantified variables.
WARNING: (141283,41): pattern does not contain all quantified variables.
WARNING: (152510,47): pattern does not contain all quantified variables.
WARNING: (153987,37): pattern does not contain all quantified variables.
WARNING: (154119,41): pattern does not contain all quantified variables.
WARNING: (162414,53): pattern does not contain all quantified variables.
WARNING: (162511,59): pattern does not contain all quantified variables.
WARNING: (140720,41): pattern does not contain all quantified variables.
WARNING: (140817,42): pattern does not contain all quantified variables.
WARNING: (140894,46): pattern does not contain all quantified variables.
WARNING: (141283,41): pattern does not contain all quantified variables.
WARNING: (152510,47): pattern does not contain all quantified variables.
WARNING: (153987,37): pattern does not contain all quantified variables.
WARNING: (154119,41): pattern does not contain all quantified variables.
WARNING: (162414,53): pattern does not contain all quantified variables.
WARNING: (162511,59): pattern does not contain all quantified variables.
WARNING: (12136,46): pattern does not contain all quantified variables.
WARNING: (140720,41): pattern does not contain all quantified variables.
WARNING: (140817,42): pattern does not contain all quantified variables.
WARNING: (140894,46): pattern does not contain all quantified variables.
WARNING: (141283,41): pattern does not contain all quantified variables.
WARNING: (152510,47): pattern does not contain all quantified variables.
WARNING: (153987,37): pattern does not contain all quantified variables.
WARNING: (154119,41): pattern does not contain all quantified variables.
WARNING: (162414,53): pattern does not contain all quantified variables.
WARNING: (162511,59): pattern does not contain all quantified variables.
WARNING: (140720,41): pattern does not contain all quantified variables.
WARNING: (140817,42): pattern does not contain all quantified variables.
WARNING: (140894,46): pattern does not contain all quantified variables.
WARNING: (141283,41): pattern does not contain all quantified variables.
WARNING: (152510,47): pattern does not contain all quantified variables.
WARNING: (153987,37): pattern does not contain all quantified variables.
WARNING: (154119,41): pattern does not contain all quantified variables.
WARNING: (162414,53): pattern does not contain all quantified variables.
WARNING: (162511,59): pattern does not contain all quantified variables.
WARNING: (12556,47): pattern does not contain all quantified variables.
WARNING: (140720,41): pattern does not contain all quantified variables.
WARNING: (140817,42): pattern does not contain all quantified variables.
WARNING: (140894,46): pattern does not contain all quantified variables.
WARNING: (141283,41): pattern does not contain all quantified variables.
WARNING: (152510,47): pattern does not contain all quantified variables.
WARNING: (153987,37): pattern does not contain all quantified variables.
WARNING: (154119,41): pattern does not contain all quantified variables.
WARNING: (162414,53): pattern does not contain all quantified variables.
WARNING: (162511,59): pattern does not contain all quantified variables.
WARNING: (12481,47): pattern does not contain all quantified variables.
.\FStar.Modifies.fst(437,2-440,37): (Warning) Pattern misses at least one bound variable: root_type#2183110
.\FStar.Modifies.fst(452,2-455,82): (Warning) Pattern misses at least one bound variable: root_type#2183623
.\FStar.Modifies.fst(498,2-501,36): (Warning) Pattern misses at least one bound variable: root_type#2186354
.\FStar.Modifies.fst(615,2-620,83): (Warning) Pattern misses at least one bound variable: root_type#2189313
.\FStar.Modifies.fst(847,2-850,41): (Warning) Pattern misses at least one bound variable: root_type#2200360
.\FStar.Modifies.fst(1322,2-1325,63): (Warning) Pattern misses at least one bound variable: root_type#2225198
.\FStar.Modifies.fst(1349,3-1357,129): (Warning) Pattern misses at least one bound variable: root_type#2226138
.\FStar.Modifies.fst(1590,2-1593,77): (Warning) Pattern misses at least one bound variable: ls#2232101
WARNING: (12247,47): pattern does not contain all quantified variables.
WARNING: (12180,47): pattern does not contain all quantified variables.
WARNING: (13420,46): pattern does not contain all quantified variables.
WARNING: (12210,47): pattern does not contain all quantified variables.
WARNING: (12200,47): pattern does not contain all quantified variables.
WARNING: (12195,47): pattern does not contain all quantified variables.
WARNING: (16759,70): pattern does not contain all quantified variables.
WARNING: (13762,41): pattern does not contain all quantified variables.
WARNING: (14136,41): pattern does not contain all quantified variables.
.\FStar.HyperStackNG.fst(214,2-217,25): (Warning) Pattern misses at least one bound variable: t#221055
.\FStar.HyperStackNG.fst(329,2-332,90): (Warning) Pattern misses at least one bound variable: t#223539
WARNING: (140334,41): pattern does not contain all quantified variables.
WARNING: (140431,42): pattern does not contain all quantified variables.
WARNING: (140508,46): pattern does not contain all quantified variables.
WARNING: (140897,41): pattern does not contain all quantified variables.
WARNING: (151792,47): pattern does not contain all quantified variables.
WARNING: (153270,37): pattern does not contain all quantified variables.
WARNING: (153402,41): pattern does not contain all quantified variables.
WARNING: (161661,53): pattern does not contain all quantified variables.
WARNING: (161758,59): pattern does not contain all quantified variables.
WARNING: (185357,70): pattern does not contain all quantified variables.
WARNING: (185834,48): pattern does not contain all quantified variables.
WARNING: (140334,41): pattern does not contain all quantified variables.
WARNING: (140431,42): pattern does not contain all quantified variables.
WARNING: (140508,46): pattern does not contain all quantified variables.
WARNING: (140897,41): pattern does not contain all quantified variables.
WARNING: (151792,47): pattern does not contain all quantified variables.
WARNING: (153270,37): pattern does not contain all quantified variables.
WARNING: (153402,41): pattern does not contain all quantified variables.
WARNING: (161661,53): pattern does not contain all quantified variables.
WARNING: (161758,59): pattern does not contain all quantified variables.
WARNING: (185357,70): pattern does not contain all quantified variables.
WARNING: (185834,48): pattern does not contain all quantified variables.
WARNING: (140334,41): pattern does not contain all quantified variables.
WARNING: (140431,42): pattern does not contain all quantified variables.
WARNING: (140508,46): pattern does not contain all quantified variables.
WARNING: (140897,41): pattern does not contain all quantified variables.
WARNING: (151792,47): pattern does not contain all quantified variables.
WARNING: (153270,37): pattern does not contain all quantified variables.
WARNING: (153402,41): pattern does not contain all quantified variables.
WARNING: (161661,53): pattern does not contain all quantified variables.
WARNING: (161758,59): pattern does not contain all quantified variables.
WARNING: (185357,70): pattern does not contain all quantified variables.
WARNING: (185834,48): pattern does not contain all quantified variables.
WARNING: (140334,41): pattern does not contain all quantified variables.
WARNING: (140431,42): pattern does not contain all quantified variables.
WARNING: (140508,46): pattern does not contain all quantified variables.
WARNING: (140897,41): pattern does not contain all quantified variables.
WARNING: (151792,47): pattern does not contain all quantified variables.
WARNING: (153270,37): pattern does not contain all quantified variables.
WARNING: (153402,41): pattern does not contain all quantified variables.
WARNING: (161661,53): pattern does not contain all quantified variables.
WARNING: (161758,59): pattern does not contain all quantified variables.
WARNING: (185357,70): pattern does not contain all quantified variables.
WARNING: (185834,48): pattern does not contain all quantified variables.
WARNING: (140334,41): pattern does not contain all quantified variables.
WARNING: (140431,42): pattern does not contain all quantified variables.
WARNING: (140508,46): pattern does not contain all quantified variables.
WARNING: (140897,41): pattern does not contain all quantified variables.
WARNING: (151792,47): pattern does not contain all quantified variables.
WARNING: (153270,37): pattern does not contain all quantified variables.
WARNING: (153402,41): pattern does not contain all quantified variables.
WARNING: (161661,53): pattern does not contain all quantified variables.
WARNING: (161758,59): pattern does not contain all quantified variables.
WARNING: (185357,70): pattern does not contain all quantified variables.
WARNING: (185834,48): pattern does not contain all quantified variables.
WARNING: (140334,41): pattern does not contain all quantified variables.
WARNING: (140431,42): pattern does not contain all quantified variables.
WARNING: (140508,46): pattern does not contain all quantified variables.
WARNING: (140897,41): pattern does not contain all quantified variables.
WARNING: (151792,47): pattern does not contain all quantified variables.
WARNING: (153270,37): pattern does not contain all quantified variables.
WARNING: (153402,41): pattern does not contain all quantified variables.
WARNING: (161661,53): pattern does not contain all quantified variables.
WARNING: (161758,59): pattern does not contain all quantified variables.
WARNING: (185357,70): pattern does not contain all quantified variables.
WARNING: (185834,48): pattern does not contain all quantified variables.
WARNING: (140334,41): pattern does not contain all quantified variables.
WARNING: (140431,42): pattern does not contain all quantified variables.
WARNING: (140508,46): pattern does not contain all quantified variables.
WARNING: (140897,41): pattern does not contain all quantified variables.
WARNING: (151792,47): pattern does not contain all quantified variables.
WARNING: (153270,37): pattern does not contain all quantified variables.
WARNING: (153402,41): pattern does not contain all quantified variables.
WARNING: (161661,53): pattern does not contain all quantified variables.
WARNING: (161758,59): pattern does not contain all quantified variables.
WARNING: (185357,70): pattern does not contain all quantified variables.
WARNING: (185834,48): pattern does not contain all quantified variables.
WARNING: (140334,41): pattern does not contain all quantified variables.
WARNING: (140431,42): pattern does not contain all quantified variables.
WARNING: (140508,46): pattern does not contain all quantified variables.
WARNING: (140897,41): pattern does not contain all quantified variables.
WARNING: (151792,47): pattern does not contain all quantified variables.
WARNING: (153270,37): pattern does not contain all quantified variables.
WARNING: (153402,41): pattern does not contain all quantified variables.
WARNING: (161661,53): pattern does not contain all quantified variables.
WARNING: (161758,59): pattern does not contain all quantified variables.
WARNING: (185357,70): pattern does not contain all quantified variables.
WARNING: (185834,48): pattern does not contain all quantified variables.
WARNING: (140334,41): pattern does not contain all quantified variables.
WARNING: (140431,42): pattern does not contain all quantified variables.
WARNING: (140508,46): pattern does not contain all quantified variables.
WARNING: (140897,41): pattern does not contain all quantified variables.
WARNING: (151792,47): pattern does not contain all quantified variables.
WARNING: (153270,37): pattern does not contain all quantified variables.
WARNING: (153402,41): pattern does not contain all quantified variables.
WARNING: (161661,53): pattern does not contain all quantified variables.
WARNING: (161758,59): pattern does not contain all quantified variables.
WARNING: (185357,70): pattern does not contain all quantified variables.
WARNING: (185834,48): pattern does not contain all quantified variables.
WARNING: (12233,47): pattern does not contain all quantified variables.
WARNING: (140334,41): pattern does not contain all quantified variables.
WARNING: (140431,42): pattern does not contain all quantified variables.
WARNING: (140508,46): pattern does not contain all quantified variables.
WARNING: (140897,41): pattern does not contain all quantified variables.
WARNING: (151792,47): pattern does not contain all quantified variables.
WARNING: (153270,37): pattern does not contain all quantified variables.
WARNING: (153402,41): pattern does not contain all quantified variables.
WARNING: (161661,53): pattern does not contain all quantified variables.
WARNING: (161758,59): pattern does not contain all quantified variables.
WARNING: (185357,70): pattern does not contain all quantified variables.
WARNING: (185834,48): pattern does not contain all quantified variables.
WARNING: (12390,47): pattern does not contain all quantified variables.
WARNING: (12726,59): pattern does not contain all quantified variables.
WARNING: (12726,59): pattern does not contain all quantified variables.
WARNING: (12490,47): pattern does not contain all quantified variables.
WARNING: (140334,41): pattern does not contain all quantified variables.
WARNING: (140431,42): pattern does not contain all quantified variables.
WARNING: (140508,46): pattern does not contain all quantified variables.
WARNING: (140897,41): pattern does not contain all quantified variables.
WARNING: (151792,47): pattern does not contain all quantified variables.
WARNING: (153270,37): pattern does not contain all quantified variables.
WARNING: (153402,41): pattern does not contain all quantified variables.
WARNING: (161661,53): pattern does not contain all quantified variables.
WARNING: (161758,59): pattern does not contain all quantified variables.
WARNING: (185357,70): pattern does not contain all quantified variables.
WARNING: (185834,48): pattern does not contain all quantified variables.
WARNING: (140334,41): pattern does not contain all quantified variables.
WARNING: (140431,42): pattern does not contain all quantified variables.
WARNING: (140508,46): pattern does not contain all quantified variables.
WARNING: (140897,41): pattern does not contain all quantified variables.
WARNING: (151792,47): pattern does not contain all quantified variables.
WARNING: (153270,37): pattern does not contain all quantified variables.
WARNING: (153402,41): pattern does not contain all quantified variables.
WARNING: (161661,53): pattern does not contain all quantified variables.
WARNING: (161758,59): pattern does not contain all quantified variables.
WARNING: (185357,70): pattern does not contain all quantified variables.
WARNING: (185834,48): pattern does not contain all quantified variables.
WARNING: (12405,47): pattern does not contain all quantified variables.
WARNING: (140334,41): pattern does not contain all quantified variables.
WARNING: (140431,42): pattern does not contain all quantified variables.
WARNING: (140508,46): pattern does not contain all quantified variables.
WARNING: (140897,41): pattern does not contain all quantified variables.
WARNING: (151792,47): pattern does not contain all quantified variables.
WARNING: (153270,37): pattern does not contain all quantified variables.
WARNING: (153402,41): pattern does not contain all quantified variables.
WARNING: (161661,53): pattern does not contain all quantified variables.
WARNING: (161758,59): pattern does not contain all quantified variables.
WARNING: (185357,70): pattern does not contain all quantified variables.
WARNING: (185834,48): pattern does not contain all quantified variables.
WARNING: (140334,41): pattern does not contain all quantified variables.
WARNING: (140431,42): pattern does not contain all quantified variables.
WARNING: (140508,46): pattern does not contain all quantified variables.
WARNING: (140897,41): pattern does not contain all quantified variables.
WARNING: (151792,47): pattern does not contain all quantified variables.
WARNING: (153270,37): pattern does not contain all quantified variables.
WARNING: (153402,41): pattern does not contain all quantified variables.
WARNING: (161661,53): pattern does not contain all quantified variables.
WARNING: (161758,59): pattern does not contain all quantified variables.
WARNING: (185357,70): pattern does not contain all quantified variables.
WARNING: (185834,48): pattern does not contain all quantified variables.
WARNING: (12492,47): pattern does not contain all quantified variables.
WARNING: (140334,41): pattern does not contain all quantified variables.
WARNING: (140431,42): pattern does not contain all quantified variables.
WARNING: (140508,46): pattern does not contain all quantified variables.
WARNING: (140897,41): pattern does not contain all quantified variables.
WARNING: (151792,47): pattern does not contain all quantified variables.
WARNING: (153270,37): pattern does not contain all quantified variables.
WARNING: (153402,41): pattern does not contain all quantified variables.
WARNING: (161661,53): pattern does not contain all quantified variables.
WARNING: (161758,59): pattern does not contain all quantified variables.
WARNING: (185357,70): pattern does not contain all quantified variables.
WARNING: (185834,48): pattern does not contain all quantified variables.
.\FStar.BufferNG.fst(736,2-739,63): (Warning) Pattern misses at least one bound variable: i#182767
