make[1]: warning: jobserver unavailable: using -j1.  Add '+' to parent make rule.
make[1]: warning: jobserver unavailable: using -j1.  Add '+' to parent make rule.
Warning: you are using the standard library and/or the %inline keyword. We
recommend switching on --infer in order to avoid obscure type error messages.
warning: CRLF will be replaced by LF in src/parser/parse.fsi.
The file will have its original line endings in your working directory.
File "src/basic/ml/FStar_Util.ml", line 47, characters 57-65:
Warning 40: st_mtime was selected from type BatUnix.stats.
It is not visible in the current scope, and will not 
be selected if the type becomes unknown.
File "src/basic/ml/FStar_Util.ml", line 47, characters 57-65:
Warning 40: st_mtime was selected from type BatUnix.stats.
It is not visible in the current scope, and will not 
be selected if the type becomes unknown.
make[3]: warning: jobserver unavailable: using -j1.  Add '+' to parent make rule.
Unexpected error
FStar_Errors.Error(_)
Raised at file "src/ocaml-output/bootlibs/MkPrims.ml", line 89, characters 22-23
Called from file "src/ocaml-output/FStar_TypeChecker_TcTerm.ml", line 5254, characters 30-125
Called from file "list.ml", line 84, characters 24-34
Called from file "src/ocaml-output/FStar_TypeChecker_TcTerm.ml", line 5164, characters 10-1023
Called from file "src/ocaml-output/FStar_TypeChecker_TcTerm.ml", line 4866, characters 37-69
Called from file "src/ocaml-output/FStar_TypeChecker_Tc.ml", line 3655, characters 20-1023
Called from file "src/ocaml-output/FStar_TypeChecker_Tc.ml", line 4037, characters 31-46
Called from file "src/basic/ml/FStar_Util.ml", line 572, characters 30-37
Called from file "src/ocaml-output/FStar_TypeChecker_Tc.ml", line 4083, characters 8-70
Called from file "src/ocaml-output/FStar_TypeChecker_Tc.ml", line 4171, characters 25-77
Called from file "src/ocaml-output/FStar_TypeChecker_Tc.ml", line 4438, characters 23-49
Called from file "src/basic/ml/FStar_Util.ml", line 44, characters 14-18
Called from file "src/ocaml-output/FStar_Universal.ml", line 287, characters 34-233
Called from file "list.ml", line 84, characters 24-34
Called from file "src/ocaml-output/bootlibs/FStar_All.ml", line 3, characters 21-24
Called from file "src/ocaml-output/FStar_Universal.ml", line 402, characters 18-66
Called from file "src/ocaml-output/FStar_Universal.ml", line 421, characters 31-72
Called from file "src/ocaml-output/FStar_Universal.ml", line 437, characters 24-71
Called from file "src/ocaml-output/FStar_Universal.ml", line 477, characters 27-69
Called from file "src/ocaml-output/FStar_Main.ml", line 204, characters 27-67
Called from file "src/ocaml-output/FStar_Main.ml", line 226, characters 6-11

C:\Build\Agent2\_work\1\s\ulib\FStar.List.Tot.Base.fst(55,0-57,26): (Error) From its type uu___864:list 'a -> Prims.Tot nat, the definition of `let rec length` expects a function with 2 arguments, but 1 argument was found
1 error was reported (see above)
make[3]: *** [Makefile:184: u_extract_tcterm] Error 1
Unexpected error
FStar_Errors.Error(_)
Raised at file "src/ocaml-output/bootlibs/MkPrims.ml", line 89, characters 22-23
Called from file "src/ocaml-output/FStar_TypeChecker_TcTerm.ml", line 5254, characters 30-125
Called from file "list.ml", line 84, characters 24-34
Called from file "src/ocaml-output/FStar_TypeChecker_TcTerm.ml", line 5164, characters 10-1023
Called from file "src/ocaml-output/FStar_TypeChecker_TcTerm.ml", line 4866, characters 37-69
Called from file "src/ocaml-output/FStar_TypeChecker_Tc.ml", line 3655, characters 20-1023
Called from file "src/ocaml-output/FStar_TypeChecker_Tc.ml", line 4037, characters 31-46
Called from file "src/basic/ml/FStar_Util.ml", line 572, characters 30-37
Called from file "src/ocaml-output/FStar_TypeChecker_Tc.ml", line 4083, characters 8-70
Called from file "src/ocaml-output/FStar_TypeChecker_Tc.ml", line 4171, characters 25-77
Called from file "src/ocaml-output/FStar_TypeChecker_Tc.ml", line 4438, characters 23-49
Called from file "src/basic/ml/FStar_Util.ml", line 44, characters 14-18
Called from file "src/ocaml-output/FStar_Universal.ml", line 287, characters 34-233
Called from file "list.ml", line 84, characters 24-34
Called from file "src/ocaml-output/bootlibs/FStar_All.ml", line 3, characters 21-24
Called from file "src/ocaml-output/FStar_Universal.ml", line 402, characters 18-66
Called from file "src/ocaml-output/FStar_Universal.ml", line 421, characters 31-72
Called from file "src/ocaml-output/FStar_Universal.ml", line 437, characters 24-71
Called from file "src/ocaml-output/FStar_Universal.ml", line 477, characters 27-69
Called from file "src/ocaml-output/FStar_Main.ml", line 204, characters 27-67
Called from file "src/ocaml-output/FStar_Main.ml", line 226, characters 6-11

C:\Build\Agent2\_work\1\s\ulib\FStar.List.Tot.Base.fst(55,0-57,26): (Error) From its type uu___864:list 'a -> Prims.Tot nat, the definition of `let rec length` expects a function with 2 arguments, but 1 argument was found
1 error was reported (see above)
make[3]: *** [Makefile:213: u_extract_solver] Error 1
Unexpected error
FStar_Errors.Error(_)
Raised at file "src/ocaml-output/bootlibs/MkPrims.ml", line 89, characters 22-23
Called from file "src/ocaml-output/FStar_TypeChecker_TcTerm.ml", line 5254, characters 30-125
Called from file "list.ml", line 84, characters 24-34
Called from file "src/ocaml-output/FStar_TypeChecker_TcTerm.ml", line 5164, characters 10-1023
Called from file "src/ocaml-output/FStar_TypeChecker_TcTerm.ml", line 4866, characters 37-69
Called from file "src/ocaml-output/FStar_TypeChecker_Tc.ml", line 3655, characters 20-1023
Called from file "src/ocaml-output/FStar_TypeChecker_Tc.ml", line 4037, characters 31-46
Called from file "src/basic/ml/FStar_Util.ml", line 572, characters 30-37
Called from file "src/ocaml-output/FStar_TypeChecker_Tc.ml", line 4083, characters 8-70
Called from file "src/ocaml-output/FStar_TypeChecker_Tc.ml", line 4171, characters 25-77
Called from file "src/ocaml-output/FStar_TypeChecker_Tc.ml", line 4438, characters 23-49
Called from file "src/basic/ml/FStar_Util.ml", line 44, characters 14-18
Called from file "src/ocaml-output/FStar_Universal.ml", line 287, characters 34-233
Called from file "list.ml", line 84, characters 24-34
Called from file "src/ocaml-output/bootlibs/FStar_All.ml", line 3, characters 21-24
Called from file "src/ocaml-output/FStar_Universal.ml", line 402, characters 18-66
Called from file "src/ocaml-output/FStar_Universal.ml", line 421, characters 31-72
Called from file "src/ocaml-output/FStar_Universal.ml", line 437, characters 24-71
Called from file "src/ocaml-output/FStar_Universal.ml", line 477, characters 27-69
Called from file "src/ocaml-output/FStar_Main.ml", line 204, characters 27-67
Called from file "src/ocaml-output/FStar_Main.ml", line 226, characters 6-11

C:\Build\Agent2\_work\1\s\ulib\FStar.List.Tot.Base.fst(55,0-57,26): (Error) From its type uu___864:list 'a -> Prims.Tot nat, the definition of `let rec length` expects a function with 2 arguments, but 1 argument was found
1 error was reported (see above)
make[3]: *** [Makefile:178: u_extract_util] Error 1
Unexpected error
FStar_Errors.Error(_)
Raised at file "src/ocaml-output/bootlibs/MkPrims.ml", line 89, characters 22-23
Called from file "src/ocaml-output/FStar_TypeChecker_TcTerm.ml", line 5254, characters 30-125
Called from file "list.ml", line 84, characters 24-34
Called from file "src/ocaml-output/FStar_TypeChecker_TcTerm.ml", line 5164, characters 10-1023
Called from file "src/ocaml-output/FStar_TypeChecker_TcTerm.ml", line 4866, characters 37-69
Called from file "src/ocaml-output/FStar_TypeChecker_Tc.ml", line 3655, characters 20-1023
Called from file "src/ocaml-output/FStar_TypeChecker_Tc.ml", line 4037, characters 31-46
Called from file "src/basic/ml/FStar_Util.ml", line 572, characters 30-37
Called from file "src/ocaml-output/FStar_TypeChecker_Tc.ml", line 4083, characters 8-70
Called from file "src/ocaml-output/FStar_TypeChecker_Tc.ml", line 4171, characters 25-77
Called from file "src/ocaml-output/FStar_TypeChecker_Tc.ml", line 4438, characters 23-49
Called from file "src/basic/ml/FStar_Util.ml", line 44, characters 14-18
Called from file "src/ocaml-output/FStar_Universal.ml", line 287, characters 34-233
Called from file "list.ml", line 84, characters 24-34
Called from file "src/ocaml-output/bootlibs/FStar_All.ml", line 3, characters 21-24
Called from file "src/ocaml-output/FStar_Universal.ml", line 402, characters 18-66
Called from file "src/ocaml-output/FStar_Universal.ml", line 421, characters 31-72
Called from file "src/ocaml-output/FStar_Universal.ml", line 437, characters 24-71
Called from file "src/ocaml-output/FStar_Universal.ml", line 477, characters 27-69
Called from file "src/ocaml-output/FStar_Main.ml", line 204, characters 27-67
Called from file "src/ocaml-output/FStar_Main.ml", line 226, characters 6-11

C:\Build\Agent2\_work\1\s\ulib\FStar.List.Tot.Base.fst(55,0-57,26): (Error) From its type uu___864:list 'a -> Prims.Tot nat, the definition of `let rec length` expects a function with 2 arguments, but 1 argument was found
1 error was reported (see above)
make[3]: *** [Makefile:187: u_extract_tcinductive] Error 1
Unexpected error
FStar_Errors.Error(_)
Raised at file "src/ocaml-output/bootlibs/MkPrims.ml", line 89, characters 22-23
Called from file "src/ocaml-output/FStar_TypeChecker_TcTerm.ml", line 5254, characters 30-125
Called from file "list.ml", line 84, characters 24-34
Called from file "src/ocaml-output/FStar_TypeChecker_TcTerm.ml", line 5164, characters 10-1023
Called from file "src/ocaml-output/FStar_TypeChecker_TcTerm.ml", line 4866, characters 37-69
Called from file "src/ocaml-output/FStar_TypeChecker_Tc.ml", line 3655, characters 20-1023
Called from file "src/ocaml-output/FStar_TypeChecker_Tc.ml", line 4037, characters 31-46
Called from file "src/basic/ml/FStar_Util.ml", line 572, characters 30-37
Called from file "src/ocaml-output/FStar_TypeChecker_Tc.ml", line 4083, characters 8-70
Called from file "src/ocaml-output/FStar_TypeChecker_Tc.ml", line 4171, characters 25-77
Called from file "src/ocaml-output/FStar_TypeChecker_Tc.ml", line 4438, characters 23-49
Called from file "src/basic/ml/FStar_Util.ml", line 44, characters 14-18
Called from file "src/ocaml-output/FStar_Universal.ml", line 287, characters 34-233
Called from file "list.ml", line 84, characters 24-34
Called from file "src/ocaml-output/bootlibs/FStar_All.ml", line 3, characters 21-24
Called from file "src/ocaml-output/FStar_Universal.ml", line 402, characters 18-66
Called from file "src/ocaml-output/FStar_Universal.ml", line 421, characters 31-72
Called from file "src/ocaml-output/FStar_Universal.ml", line 437, characters 24-71
Called from file "src/ocaml-output/FStar_Universal.ml", line 477, characters 27-69
Called from file "src/ocaml-output/FStar_Main.ml", line 204, characters 27-67
Called from file "src/ocaml-output/FStar_Main.ml", line 226, characters 6-11

C:\Build\Agent2\_work\1\s\ulib\FStar.List.Tot.Base.fst(55,0-57,26): (Error) From its type uu___864:list 'a -> Prims.Tot nat, the definition of `let rec length` expects a function with 2 arguments, but 1 argument was found
1 error was reported (see above)
Unexpected error
FStar_Errors.Error(_)
Raised at file "src/ocaml-output/bootlibs/MkPrims.ml", line 89, characters 22-23
Called from file "src/ocaml-output/FStar_TypeChecker_TcTerm.ml", line 5254, characters 30-125
Called from file "list.ml", line 84, characters 24-34
Called from file "src/ocaml-output/FStar_TypeChecker_TcTerm.ml", line 5164, characters 10-1023
Called from file "src/ocaml-output/FStar_TypeChecker_TcTerm.ml", line 4866, characters 37-69
Called from file "src/ocaml-output/FStar_TypeChecker_Tc.ml", line 3655, characters 20-1023
Called from file "src/ocaml-output/FStar_TypeChecker_Tc.ml", line 4037, characters 31-46
Called from file "src/basic/ml/FStar_Util.ml", line 572, characters 30-37
Called from file "src/ocaml-output/FStar_TypeChecker_Tc.ml", line 4083, characters 8-70
Called from file "src/ocaml-output/FStar_TypeChecker_Tc.ml", line 4171, characters 25-77
Called from file "src/ocaml-output/FStar_TypeChecker_Tc.ml", line 4438, characters 23-49
Called from file "src/basic/ml/FStar_Util.ml", line 44, characters 14-18
Called from file "src/ocaml-output/FStar_Universal.ml", line 287, characters 34-233
Called from file "list.ml", line 84, characters 24-34
Called from file "src/ocaml-output/bootlibs/FStar_All.ml", line 3, characters 21-24
Called from file "src/ocaml-output/FStar_Universal.ml", line 402, characters 18-66
Called from file "src/ocaml-output/FStar_Universal.ml", line 421, characters 31-72
Called from file "src/ocaml-output/FStar_Universal.ml", line 437, characters 24-71
Called from file "src/ocaml-output/FStar_Universal.ml", line 477, characters 27-69
Called from file "src/ocaml-output/FStar_Main.ml", line 204, characters 27-67
Called from file "src/ocaml-output/FStar_Main.ml", line 226, characters 6-11

C:\Build\Agent2\_work\1\s\ulib\FStar.List.Tot.Base.fst(55,0-57,26): (Error) From its type uu___864:list 'a -> Prims.Tot nat, the definition of `let rec length` expects a function with 2 arguments, but 1 argument was found
1 error was reported (see above)
make[3]: *** [Makefile:175: u_extract_rel] Error 1
make[3]: *** [Makefile:181: u_extract_dmff] Error 1
Unexpected error
FStar_Errors.Error(_)
Raised at file "src/ocaml-output/bootlibs/MkPrims.ml", line 89, characters 22-23
Called from file "src/ocaml-output/FStar_TypeChecker_TcTerm.ml", line 5254, characters 30-125
Called from file "list.ml", line 84, characters 24-34
Called from file "src/ocaml-output/FStar_TypeChecker_TcTerm.ml", line 5164, characters 10-1023
Called from file "src/ocaml-output/FStar_TypeChecker_TcTerm.ml", line 4866, characters 37-69
Called from file "src/ocaml-output/FStar_TypeChecker_Tc.ml", line 3655, characters 20-1023
Called from file "src/ocaml-output/FStar_TypeChecker_Tc.ml", line 4037, characters 31-46
Called from file "src/basic/ml/FStar_Util.ml", line 572, characters 30-37
Called from file "src/ocaml-output/FStar_TypeChecker_Tc.ml", line 4083, characters 8-70
Called from file "src/ocaml-output/FStar_TypeChecker_Tc.ml", line 4171, characters 25-77
Called from file "src/ocaml-output/FStar_TypeChecker_Tc.ml", line 4438, characters 23-49
Called from file "src/basic/ml/FStar_Util.ml", line 44, characters 14-18
Called from file "src/ocaml-output/FStar_Universal.ml", line 287, characters 34-233
Called from file "list.ml", line 84, characters 24-34
Called from file "src/ocaml-output/bootlibs/FStar_All.ml", line 3, characters 21-24
Called from file "src/ocaml-output/FStar_Universal.ml", line 402, characters 18-66
Called from file "src/ocaml-output/FStar_Universal.ml", line 421, characters 31-72
Called from file "src/ocaml-output/FStar_Universal.ml", line 437, characters 24-71
Called from file "src/ocaml-output/FStar_Universal.ml", line 477, characters 27-69
Called from file "src/ocaml-output/FStar_Main.ml", line 204, characters 27-67
Called from file "src/ocaml-output/FStar_Main.ml", line 226, characters 6-11

C:\Build\Agent2\_work\1\s\ulib\FStar.List.Tot.Base.fst(55,0-57,26): (Error) From its type uu___864:list 'a -> Prims.Tot nat, the definition of `let rec length` expects a function with 2 arguments, but 1 argument was found
1 error was reported (see above)
make[3]: *** [Makefile:161: u_extract_misc] Error 1
Unexpected error
FStar_Errors.Error(_)
Raised at file "src/ocaml-output/bootlibs/MkPrims.ml", line 89, characters 22-23
Called from file "src/ocaml-output/FStar_TypeChecker_TcTerm.ml", line 5254, characters 30-125
Called from file "list.ml", line 84, characters 24-34
Called from file "src/ocaml-output/FStar_TypeChecker_TcTerm.ml", line 5164, characters 10-1023
Called from file "src/ocaml-output/FStar_TypeChecker_TcTerm.ml", line 4866, characters 37-69
Called from file "src/ocaml-output/FStar_TypeChecker_Tc.ml", line 3655, characters 20-1023
Called from file "src/ocaml-output/FStar_TypeChecker_Tc.ml", line 4037, characters 31-46
Called from file "src/basic/ml/FStar_Util.ml", line 572, characters 30-37
Called from file "src/ocaml-output/FStar_TypeChecker_Tc.ml", line 4083, characters 8-70
Called from file "src/ocaml-output/FStar_TypeChecker_Tc.ml", line 4171, characters 25-77
Called from file "src/ocaml-output/FStar_TypeChecker_Tc.ml", line 4438, characters 23-49
Called from file "src/basic/ml/FStar_Util.ml", line 44, characters 14-18
Called from file "src/ocaml-output/FStar_Universal.ml", line 287, characters 34-233
Called from file "list.ml", line 84, characters 24-34
Called from file "src/ocaml-output/bootlibs/FStar_All.ml", line 3, characters 21-24
Called from file "src/ocaml-output/FStar_Universal.ml", line 402, characters 18-66
Called from file "src/ocaml-output/FStar_Universal.ml", line 421, characters 31-72
Called from file "src/ocaml-output/FStar_Universal.ml", line 437, characters 24-71
Called from file "src/ocaml-output/FStar_Universal.ml", line 477, characters 27-69
Called from file "src/ocaml-output/FStar_Main.ml", line 204, characters 27-67
Called from file "src/ocaml-output/FStar_Main.ml", line 226, characters 6-11

C:\Build\Agent2\_work\1\s\ulib\FStar.List.Tot.Base.fst(55,0-57,26): (Error) From its type uu___864:list 'a -> Prims.Tot nat, the definition of `let rec length` expects a function with 2 arguments, but 1 argument was found
1 error was reported (see above)
Unexpected error
FStar_Errors.Error(_)
Raised at file "src/ocaml-output/bootlibs/MkPrims.ml", line 89, characters 22-23
Called from file "src/ocaml-output/FStar_TypeChecker_TcTerm.ml", line 5254, characters 30-125
Called from file "list.ml", line 84, characters 24-34
Called from file "src/ocaml-output/FStar_TypeChecker_TcTerm.ml", line 5164, characters 10-1023
Called from file "src/ocaml-output/FStar_TypeChecker_TcTerm.ml", line 4866, characters 37-69
Called from file "src/ocaml-output/FStar_TypeChecker_Tc.ml", line 3655, characters 20-1023
Called from file "src/ocaml-output/FStar_TypeChecker_Tc.ml", line 4037, characters 31-46
Called from file "src/basic/ml/FStar_Util.ml", line 572, characters 30-37
Called from file "src/ocaml-output/FStar_TypeChecker_Tc.ml", line 4083, characters 8-70
Called from file "src/ocaml-output/FStar_TypeChecker_Tc.ml", line 4171, characters 25-77
Called from file "src/ocaml-output/FStar_TypeChecker_Tc.ml", line 4438, characters 23-49
Called from file "src/basic/ml/FStar_Util.ml", line 44, characters 14-18
Called from file "src/ocaml-output/FStar_Universal.ml", line 287, characters 34-233
Called from file "list.ml", line 84, characters 24-34
Called from file "src/ocaml-output/bootlibs/FStar_All.ml", line 3, characters 21-24
Called from file "src/ocaml-output/FStar_Universal.ml", line 402, characters 18-66
Called from file "src/ocaml-output/FStar_Universal.ml", line 421, characters 31-72
Called from file "src/ocaml-output/FStar_Universal.ml", line 437, characters 24-71
Called from file "src/ocaml-output/FStar_Universal.ml", line 477, characters 27-69
Called from file "src/ocaml-output/FStar_Main.ml", line 204, characters 27-67
Called from file "src/ocaml-output/FStar_Main.ml", line 226, characters 6-11

C:\Build\Agent2\_work\1\s\ulib\FStar.List.Tot.Base.fst(55,0-57,26): (Error) From its type uu___864:list 'a -> Prims.Tot nat, the definition of `let rec length` expects a function with 2 arguments, but 1 argument was found
1 error was reported (see above)
make[3]: *** [Makefile:210: u_extract_encode] Error 1
Unexpected error
FStar_Errors.Error(_)
Raised at file "src/ocaml-output/bootlibs/MkPrims.ml", line 89, characters 22-23
Called from file "src/ocaml-output/FStar_TypeChecker_TcTerm.ml", line 5254, characters 30-125
Called from file "list.ml", line 84, characters 24-34
Called from file "src/ocaml-output/FStar_TypeChecker_TcTerm.ml", line 5164, characters 10-1023
Called from file "src/ocaml-output/FStar_TypeChecker_TcTerm.ml", line 4866, characters 37-69
Called from file "src/ocaml-output/FStar_TypeChecker_Tc.ml", line 3655, characters 20-1023
Called from file "src/ocaml-output/FStar_TypeChecker_Tc.ml", line 4037, characters 31-46
Called from file "src/basic/ml/FStar_Util.ml", line 572, characters 30-37
Called from file "src/ocaml-output/FStar_TypeChecker_Tc.ml", line 4083, characters 8-70
Called from file "src/ocaml-output/FStar_TypeChecker_Tc.ml", line 4171, characters 25-77
Called from file "src/ocaml-output/FStar_TypeChecker_Tc.ml", line 4438, characters 23-49
Called from file "src/basic/ml/FStar_Util.ml", line 44, characters 14-18
Called from file "src/ocaml-output/FStar_Universal.ml", line 287, characters 34-233
Called from file "list.ml", line 84, characters 24-34
Called from file "src/ocaml-output/bootlibs/FStar_All.ml", line 3, characters 21-24
Called from file "src/ocaml-output/FStar_Universal.ml", line 402, characters 18-66
Called from file "src/ocaml-output/FStar_Universal.ml", line 421, characters 31-72
Called from file "src/ocaml-output/FStar_Universal.ml", line 437, characters 24-71
Called from file "src/ocaml-output/FStar_Universal.ml", line 477, characters 27-69
Called from file "src/ocaml-output/FStar_Main.ml", line 204, characters 27-67
Called from file "src/ocaml-output/FStar_Main.ml", line 226, characters 6-11

C:\Build\Agent2\_work\1\s\ulib\FStar.List.Tot.Base.fst(55,0-57,26): (Error) From its type uu___864:list 'a -> Prims.Tot nat, the definition of `let rec length` expects a function with 2 arguments, but 1 argument was found
make[3]: *** [Makefile:190: u_extract_tc] Error 1
1 error was reported (see above)
make[3]: *** [Makefile:204: u_extract_smtencoding_base] Error 1
Unexpected error
FStar_Errors.Error(_)
Raised at file "src/ocaml-output/bootlibs/MkPrims.ml", line 89, characters 22-23
Called from file "src/ocaml-output/FStar_TypeChecker_TcTerm.ml", line 5254, characters 30-125
Called from file "list.ml", line 84, characters 24-34
Called from file "src/ocaml-output/FStar_TypeChecker_TcTerm.ml", line 5164, characters 10-1023
Called from file "src/ocaml-output/FStar_TypeChecker_TcTerm.ml", line 4866, characters 37-69
Called from file "src/ocaml-output/FStar_TypeChecker_Tc.ml", line 3655, characters 20-1023
Called from file "src/ocaml-output/FStar_TypeChecker_Tc.ml", line 4037, characters 31-46
Called from file "src/basic/ml/FStar_Util.ml", line 572, characters 30-37
Called from file "src/ocaml-output/FStar_TypeChecker_Tc.ml", line 4083, characters 8-70
Called from file "src/ocaml-output/FStar_TypeChecker_Tc.ml", line 4171, characters 25-77
Called from file "src/ocaml-output/FStar_TypeChecker_Tc.ml", line 4438, characters 23-49
Called from file "src/basic/ml/FStar_Util.ml", line 44, characters 14-18
Called from file "src/ocaml-output/FStar_Universal.ml", line 287, characters 34-233
Called from file "list.ml", line 84, characters 24-34
Called from file "src/ocaml-output/bootlibs/FStar_All.ml", line 3, characters 21-24
Called from file "src/ocaml-output/FStar_Universal.ml", line 402, characters 18-66
Called from file "src/ocaml-output/FStar_Universal.ml", line 421, characters 31-72
Called from file "src/ocaml-output/FStar_Universal.ml", line 437, characters 24-71
Called from file "src/ocaml-output/FStar_Universal.ml", line 477, characters 27-69
Called from file "src/ocaml-output/FStar_Main.ml", line 204, characters 27-67
Called from file "src/ocaml-output/FStar_Main.ml", line 226, characters 6-11

C:\Build\Agent2\_work\1\s\ulib\FStar.List.Tot.Base.fst(55,0-57,26): (Error) From its type uu___864:list 'a -> Prims.Tot nat, the definition of `let rec length` expects a function with 2 arguments, but 1 argument was found
1 error was reported (see above)
Unexpected error
FStar_Errors.Error(_)
Raised at file "src/ocaml-output/bootlibs/MkPrims.ml", line 89, characters 22-23
Called from file "src/ocaml-output/FStar_TypeChecker_TcTerm.ml", line 5254, characters 30-125
Called from file "list.ml", line 84, characters 24-34
Called from file "src/ocaml-output/FStar_TypeChecker_TcTerm.ml", line 5164, characters 10-1023
Called from file "src/ocaml-output/FStar_TypeChecker_TcTerm.ml", line 4866, characters 37-69
Called from file "src/ocaml-output/FStar_TypeChecker_Tc.ml", line 3655, characters 20-1023
Called from file "src/ocaml-output/FStar_TypeChecker_Tc.ml", line 4037, characters 31-46
Called from file "src/basic/ml/FStar_Util.ml", line 572, characters 30-37
Called from file "src/ocaml-output/FStar_TypeChecker_Tc.ml", line 4083, characters 8-70
Called from file "src/ocaml-output/FStar_TypeChecker_Tc.ml", line 4171, characters 25-77
Called from file "src/ocaml-output/FStar_TypeChecker_Tc.ml", line 4438, characters 23-49
Called from file "src/basic/ml/FStar_Util.ml", line 44, characters 14-18
Called from file "src/ocaml-output/FStar_Universal.ml", line 287, characters 34-233
Called from file "list.ml", line 84, characters 24-34
Called from file "src/ocaml-output/bootlibs/FStar_All.ml", line 3, characters 21-24
Called from file "src/ocaml-output/FStar_Universal.ml", line 402, characters 18-66
Called from file "src/ocaml-output/FStar_Universal.ml", line 421, characters 31-72
Called from file "src/ocaml-output/FStar_Universal.ml", line 437, characters 24-71
Called from file "src/ocaml-output/FStar_Universal.ml", line 477, characters 27-69
Called from file "src/ocaml-output/FStar_Main.ml", line 204, characters 27-67
Called from file "src/ocaml-output/FStar_Main.ml", line 226, characters 6-11

C:\Build\Agent2\_work\1\s\ulib\FStar.List.Tot.Base.fst(55,0-57,26): (Error) From its type uu___864:list 'a -> Prims.Tot nat, the definition of `let rec length` expects a function with 2 arguments, but 1 argument was found
1 error was reported (see above)
Unexpected error
FStar_Errors.Error(_)
Raised at file "src/ocaml-output/bootlibs/MkPrims.ml", line 89, characters 22-23
Called from file "src/ocaml-output/FStar_TypeChecker_TcTerm.ml", line 5254, characters 30-125
Called from file "list.ml", line 84, characters 24-34
Called from file "src/ocaml-output/FStar_TypeChecker_TcTerm.ml", line 5164, characters 10-1023
Called from file "src/ocaml-output/FStar_TypeChecker_TcTerm.ml", line 4866, characters 37-69
Called from file "src/ocaml-output/FStar_TypeChecker_Tc.ml", line 3655, characters 20-1023
Called from file "src/ocaml-output/FStar_TypeChecker_Tc.ml", line 4037, characters 31-46
Called from file "src/basic/ml/FStar_Util.ml", line 572, characters 30-37
Called from file "src/ocaml-output/FStar_TypeChecker_Tc.ml", line 4083, characters 8-70
Called from file "src/ocaml-output/FStar_TypeChecker_Tc.ml", line 4171, characters 25-77
Called from file "src/ocaml-output/FStar_TypeChecker_Tc.ml", line 4438, characters 23-49
Called from file "src/basic/ml/FStar_Util.ml", line 44, characters 14-18
Called from file "src/ocaml-output/FStar_Universal.ml", line 287, characters 34-233
Called from file "list.ml", line 84, characters 24-34
Called from file "src/ocaml-output/bootlibs/FStar_All.ml", line 3, characters 21-24
Called from file "src/ocaml-output/FStar_Universal.ml", line 402, characters 18-66
Called from file "src/ocaml-output/FStar_Universal.ml", line 421, characters 31-72
Called from file "src/ocaml-output/FStar_Universal.ml", line 437, characters 24-71
Called from file "src/ocaml-output/FStar_Universal.ml", line 477, characters 27-69
Called from file "src/ocaml-output/FStar_Main.ml", line 204, characters 27-67
Called from file "src/ocaml-output/FStar_Main.ml", line 226, characters 6-11

C:\Build\Agent2\_work\1\s\ulib\FStar.List.Tot.Base.fst(55,0-57,26): (Error) From its type uu___864:list 'a -> Prims.Tot nat, the definition of `let rec length` expects a function with 2 arguments, but 1 argument was found
1 error was reported (see above)
make[3]: *** [Makefile:172: u_extract_normalizer] Error 1
make[3]: *** [Makefile:198: u_extract_extraction] Error 1
make[3]: *** [Makefile:169: u_extract_parser] Error 1
Unexpected error
FStar_Errors.Error(_)
Raised at file "src/ocaml-output/bootlibs/MkPrims.ml", line 89, characters 22-23
Called from file "src/ocaml-output/FStar_TypeChecker_TcTerm.ml", line 5254, characters 30-125
Called from file "list.ml", line 84, characters 24-34
Called from file "src/ocaml-output/FStar_TypeChecker_TcTerm.ml", line 5164, characters 10-1023
Called from file "src/ocaml-output/FStar_TypeChecker_TcTerm.ml", line 4866, characters 37-69
Called from file "src/ocaml-output/FStar_TypeChecker_Tc.ml", line 3655, characters 20-1023
Called from file "src/ocaml-output/FStar_TypeChecker_Tc.ml", line 4037, characters 31-46
Called from file "src/basic/ml/FStar_Util.ml", line 572, characters 30-37
Called from file "src/ocaml-output/FStar_TypeChecker_Tc.ml", line 4083, characters 8-70
Called from file "src/ocaml-output/FStar_TypeChecker_Tc.ml", line 4171, characters 25-77
Called from file "src/ocaml-output/FStar_TypeChecker_Tc.ml", line 4438, characters 23-49
Called from file "src/basic/ml/FStar_Util.ml", line 44, characters 14-18
Called from file "src/ocaml-output/FStar_Universal.ml", line 287, characters 34-233
Called from file "list.ml", line 84, characters 24-34
Called from file "src/ocaml-output/bootlibs/FStar_All.ml", line 3, characters 21-24
Called from file "src/ocaml-output/FStar_Universal.ml", line 402, characters 18-66
Called from file "src/ocaml-output/FStar_Universal.ml", line 421, characters 31-72
Called from file "src/ocaml-output/FStar_Universal.ml", line 437, characters 24-71
Called from file "src/ocaml-output/FStar_Universal.ml", line 477, characters 27-69
Called from file "src/ocaml-output/FStar_Main.ml", line 204, characters 27-67
Called from file "src/ocaml-output/FStar_Main.ml", line 226, characters 6-11

C:\Build\Agent2\_work\1\s\ulib\FStar.List.Tot.Base.fst(55,0-57,26): (Error) From its type uu___864:list 'a -> Prims.Tot nat, the definition of `let rec length` expects a function with 2 arguments, but 1 argument was found
1 error was reported (see above)
make[3]: *** [Makefile:195: u_extract_tosyntax] Error 1
Unexpected error
FStar_Errors.Error(_)
Raised at file "src/ocaml-output/bootlibs/MkPrims.ml", line 89, characters 22-23
Called from file "src/ocaml-output/FStar_TypeChecker_TcTerm.ml", line 5254, characters 30-125
Called from file "list.ml", line 84, characters 24-34
Called from file "src/ocaml-output/FStar_TypeChecker_TcTerm.ml", line 5164, characters 10-1023
Called from file "src/ocaml-output/FStar_TypeChecker_TcTerm.ml", line 4866, characters 37-69
Called from file "src/ocaml-output/FStar_TypeChecker_Tc.ml", line 3655, characters 20-1023
Called from file "src/ocaml-output/FStar_TypeChecker_Tc.ml", line 4037, characters 31-46
Called from file "src/basic/ml/FStar_Util.ml", line 572, characters 30-37
Called from file "src/ocaml-output/FStar_TypeChecker_Tc.ml", line 4083, characters 8-70
Called from file "src/ocaml-output/FStar_TypeChecker_Tc.ml", line 4171, characters 25-77
Called from file "src/ocaml-output/FStar_TypeChecker_Tc.ml", line 4438, characters 23-49
Called from file "src/basic/ml/FStar_Util.ml", line 44, characters 14-18
Called from file "src/ocaml-output/FStar_Universal.ml", line 287, characters 34-233
Called from file "list.ml", line 84, characters 24-34
Called from file "src/ocaml-output/bootlibs/FStar_All.ml", line 3, characters 21-24
Called from file "src/ocaml-output/FStar_Universal.ml", line 402, characters 18-66
Called from file "src/ocaml-output/FStar_Universal.ml", line 421, characters 31-72
Called from file "src/ocaml-output/FStar_Universal.ml", line 437, characters 24-71
Called from file "src/ocaml-output/FStar_Universal.ml", line 477, characters 27-69
Called from file "src/ocaml-output/FStar_Main.ml", line 204, characters 27-67
Called from file "src/ocaml-output/FStar_Main.ml", line 226, characters 6-11

C:\Build\Agent2\_work\1\s\ulib\FStar.List.Tot.Base.fst(55,0-57,26): (Error) From its type uu___864:list 'a -> Prims.Tot nat, the definition of `let rec length` expects a function with 2 arguments, but 1 argument was found
1 error was reported (see above)
make[3]: *** [Makefile:166: u_extract_syntax] Error 1
Unexpected error
FStar_Errors.Error(_)
Raised at file "src/ocaml-output/bootlibs/MkPrims.ml", line 89, characters 22-23
Called from file "src/ocaml-output/FStar_TypeChecker_TcTerm.ml", line 5254, characters 30-125
Called from file "list.ml", line 84, characters 24-34
Called from file "src/ocaml-output/FStar_TypeChecker_TcTerm.ml", line 5164, characters 10-1023
Called from file "src/ocaml-output/FStar_TypeChecker_TcTerm.ml", line 4866, characters 37-69
Called from file "src/ocaml-output/FStar_TypeChecker_Tc.ml", line 3655, characters 20-1023
Called from file "src/ocaml-output/FStar_TypeChecker_Tc.ml", line 4037, characters 31-46
Called from file "src/basic/ml/FStar_Util.ml", line 572, characters 30-37
Called from file "src/ocaml-output/FStar_TypeChecker_Tc.ml", line 4083, characters 8-70
Called from file "src/ocaml-output/FStar_TypeChecker_Tc.ml", line 4171, characters 25-77
Called from file "src/ocaml-output/FStar_TypeChecker_Tc.ml", line 4438, characters 23-49
Called from file "src/basic/ml/FStar_Util.ml", line 44, characters 14-18
Called from file "src/ocaml-output/FStar_Universal.ml", line 287, characters 34-233
Called from file "list.ml", line 84, characters 24-34
Called from file "src/ocaml-output/bootlibs/FStar_All.ml", line 3, characters 21-24
Called from file "src/ocaml-output/FStar_Universal.ml", line 402, characters 18-66
Called from file "src/ocaml-output/FStar_Universal.ml", line 421, characters 31-72
Called from file "src/ocaml-output/FStar_Universal.ml", line 437, characters 24-71
Called from file "src/ocaml-output/FStar_Universal.ml", line 477, characters 27-69
Called from file "src/ocaml-output/FStar_Main.ml", line 204, characters 27-67
Called from file "src/ocaml-output/FStar_Main.ml", line 226, characters 6-11

C:\Build\Agent2\_work\1\s\ulib\FStar.List.Tot.Base.fst(55,0-57,26): (Error) From its type uu___864:list 'a -> Prims.Tot nat, the definition of `let rec length` expects a function with 2 arguments, but 1 argument was found
1 error was reported (see above)
make[3]: *** [Makefile:201: u_extract_tactics] Error 1
Unexpected error
FStar_Errors.Error(_)
Raised at file "src/ocaml-output/bootlibs/MkPrims.ml", line 89, characters 22-23
Called from file "src/ocaml-output/FStar_TypeChecker_TcTerm.ml", line 5254, characters 30-125
Called from file "list.ml", line 84, characters 24-34
Called from file "src/ocaml-output/FStar_TypeChecker_TcTerm.ml", line 5164, characters 10-1023
Called from file "src/ocaml-output/FStar_TypeChecker_TcTerm.ml", line 4866, characters 37-69
Called from file "src/ocaml-output/FStar_TypeChecker_Tc.ml", line 3655, characters 20-1023
Called from file "src/ocaml-output/FStar_TypeChecker_Tc.ml", line 4037, characters 31-46
Called from file "src/basic/ml/FStar_Util.ml", line 572, characters 30-37
Called from file "src/ocaml-output/FStar_TypeChecker_Tc.ml", line 4083, characters 8-70
Called from file "src/ocaml-output/FStar_TypeChecker_Tc.ml", line 4171, characters 25-77
Called from file "src/ocaml-output/FStar_TypeChecker_Tc.ml", line 4438, characters 23-49
Called from file "src/basic/ml/FStar_Util.ml", line 44, characters 14-18
Called from file "src/ocaml-output/FStar_Universal.ml", line 287, characters 34-233
Called from file "list.ml", line 84, characters 24-34
Called from file "src/ocaml-output/bootlibs/FStar_All.ml", line 3, characters 21-24
Called from file "src/ocaml-output/FStar_Universal.ml", line 402, characters 18-66
Called from file "src/ocaml-output/FStar_Universal.ml", line 421, characters 31-72
Called from file "src/ocaml-output/FStar_Universal.ml", line 437, characters 24-71
Called from file "src/ocaml-output/FStar_Universal.ml", line 477, characters 27-69
Called from file "src/ocaml-output/FStar_Main.ml", line 204, characters 27-67
Called from file "src/ocaml-output/FStar_Main.ml", line 226, characters 6-11

C:\Build\Agent2\_work\1\s\ulib\FStar.List.Tot.Base.fst(55,0-57,26): (Error) From its type uu___864:list 'a -> Prims.Tot nat, the definition of `let rec length` expects a function with 2 arguments, but 1 argument was found
1 error was reported (see above)
make[3]: *** [Makefile:218: u_extract_fstar] Error 1
make[3]: Target 'u_extract_all' not remade because of errors.
make[2]: *** [Makefile:230: ocaml] Error 2
make[1]: *** [Makefile:240: fstar-ocaml] Error 2
make: *** [Makefile:255: utest] Error 2
