make[1]: warning: jobserver unavailable: using -j1.  Add '+' to parent make rule.
make[1]: warning: jobserver unavailable: using -j1.  Add '+' to parent make rule.
Warning: you are using the standard library and/or the %inline keyword. We
recommend switching on --infer in order to avoid obscure type error messages.
warning: CRLF will be replaced by LF in src/parser/parse.fsi.
The file will have its original line endings in your working directory.
6 shift/reduce conflicts.
File "src/basic/ml/FStar_Util.ml", line 47, characters 57-65:
Warning 40: st_mtime was selected from type BatUnix.stats.
It is not visible in the current scope, and will not 
be selected if the type becomes unknown.
File "src/basic/ml/FStar_Util.ml", line 47, characters 57-65:
Warning 40: st_mtime was selected from type BatUnix.stats.
It is not visible in the current scope, and will not 
be selected if the type becomes unknown.
make[3]: warning: jobserver unavailable: using -j1.  Add '+' to parent make rule.
.\u_boot_fsts\FStar.Syntax.Syntax.fst(397,0-397,33): (Warning) Annotation from val declaration overrides inline type annotation
.\u_boot_fsts\FStar.Syntax.Syntax.fst(446,0-446,48): (Warning) Annotation from val declaration overrides inline type annotation
.\u_boot_fsts\FStar.Syntax.Syntax.fst(447,0-447,76): (Warning) Annotation from val declaration overrides inline type annotation
.\u_boot_fsts\FStar.Syntax.Syntax.fst(498,0-500,38): (Warning) Annotation from val declaration overrides inline type annotation
.\u_boot_fsts\FStar.TypeChecker.Env.fst(274,0-278,35): (Warning) Annotation from val declaration overrides inline type annotation
.\u_boot_fsts\FStar.TypeChecker.Util.fst(70,0-72,32): (Warning) Annotation from val declaration overrides inline type annotation
warning: CRLF will be replaced by LF in src/parser/ml/parse.mly.
The file will have its original line endings in your working directory.
warning: CRLF will be replaced by LF in src/parser/parse.fsi.
The file will have its original line endings in your working directory.
warning: CRLF will be replaced by LF in src/u_ocaml-output/FStar_Const.ml.
The file will have its original line endings in your working directory.
warning: CRLF will be replaced by LF in src/u_ocaml-output/FStar_Dependencies.ml.
The file will have its original line endings in your working directory.
warning: CRLF will be replaced by LF in src/u_ocaml-output/FStar_Errors.ml.
The file will have its original line endings in your working directory.
warning: CRLF will be replaced by LF in src/u_ocaml-output/FStar_Extraction_Kremlin.ml.
The file will have its original line endings in your working directory.
warning: CRLF will be replaced by LF in src/u_ocaml-output/FStar_Extraction_ML_Code.ml.
The file will have its original line endings in your working directory.
warning: CRLF will be replaced by LF in src/u_ocaml-output/FStar_Extraction_ML_Modul.ml.
The file will have its original line endings in your working directory.
warning: CRLF will be replaced by LF in src/u_ocaml-output/FStar_Extraction_ML_Syntax.ml.
The file will have its original line endings in your working directory.
warning: CRLF will be replaced by LF in src/u_ocaml-output/FStar_Extraction_ML_Term.ml.
The file will have its original line endings in your working directory.
warning: CRLF will be replaced by LF in src/u_ocaml-output/FStar_Extraction_ML_UEnv.ml.
The file will have its original line endings in your working directory.
warning: CRLF will be replaced by LF in src/u_ocaml-output/FStar_Extraction_ML_Util.ml.
The file will have its original line endings in your working directory.
warning: CRLF will be replaced by LF in src/u_ocaml-output/FStar_Format.ml.
The file will have its original line endings in your working directory.
warning: CRLF will be replaced by LF in src/u_ocaml-output/FStar_Fsdoc_Generator.ml.
The file will have its original line endings in your working directory.
warning: CRLF will be replaced by LF in src/u_ocaml-output/FStar_Ident.ml.
The file will have its original line endings in your working directory.
warning: CRLF will be replaced by LF in src/u_ocaml-output/FStar_Indent.ml.
The file will have its original line endings in your working directory.
warning: CRLF will be replaced by LF in src/u_ocaml-output/FStar_Interactive.ml.
The file will have its original line endings in your working directory.
warning: CRLF will be replaced by LF in src/u_ocaml-output/FStar_Main.ml.
The file will have its original line endings in your working directory.
warning: CRLF will be replaced by LF in src/u_ocaml-output/FStar_Options.ml.
The file will have its original line endings in your working directory.
warning: CRLF will be replaced by LF in src/u_ocaml-output/FStar_Parser_AST.ml.
The file will have its original line endings in your working directory.
warning: CRLF will be replaced by LF in src/u_ocaml-output/FStar_Parser_Dep.ml.
The file will have its original line endings in your working directory.
warning: CRLF will be replaced by LF in src/u_ocaml-output/FStar_Parser_Driver.ml.
The file will have its original line endings in your working directory.
warning: CRLF will be replaced by LF in src/u_ocaml-output/FStar_Parser_Interleave.ml.
The file will have its original line endings in your working directory.
warning: CRLF will be replaced by LF in src/u_ocaml-output/FStar_Parser_Lexhelp.ml.
The file will have its original line endings in your working directory.
warning: CRLF will be replaced by LF in src/u_ocaml-output/FStar_Parser_ToDocument.ml.
The file will have its original line endings in your working directory.
warning: CRLF will be replaced by LF in src/u_ocaml-output/FStar_SMTEncoding_Encode.ml.
The file will have its original line endings in your working directory.
warning: CRLF will be replaced by LF in src/u_ocaml-output/FStar_SMTEncoding_ErrorReporting.ml.
The file will have its original line endings in your working directory.
warning: CRLF will be replaced by LF in src/u_ocaml-output/FStar_SMTEncoding_Solver.ml.
The file will have its original line endings in your working directory.
warning: CRLF will be replaced by LF in src/u_ocaml-output/FStar_SMTEncoding_SplitQueryCases.ml.
The file will have its original line endings in your working directory.
warning: CRLF will be replaced by LF in src/u_ocaml-output/FStar_SMTEncoding_Term.ml.
The file will have its original line endings in your working directory.
warning: CRLF will be replaced by LF in src/u_ocaml-output/FStar_SMTEncoding_Util.ml.
The file will have its original line endings in your working directory.
warning: CRLF will be replaced by LF in src/u_ocaml-output/FStar_SMTEncoding_Z3.ml.
The file will have its original line endings in your working directory.
warning: CRLF will be replaced by LF in src/u_ocaml-output/FStar_Syntax_Const.ml.
The file will have its original line endings in your working directory.
warning: CRLF will be replaced by LF in src/u_ocaml-output/FStar_Syntax_Free.ml.
The file will have its original line endings in your working directory.
warning: CRLF will be replaced by LF in src/u_ocaml-output/FStar_Syntax_InstFV.ml.
The file will have its original line endings in your working directory.
warning: CRLF will be replaced by LF in src/u_ocaml-output/FStar_Syntax_MutRecTy.ml.
The file will have its original line endings in your working directory.
warning: CRLF will be replaced by LF in src/u_ocaml-output/FStar_Syntax_Print.ml.
The file will have its original line endings in your working directory.
warning: CRLF will be replaced by LF in src/u_ocaml-output/FStar_Syntax_Subst.ml.
The file will have its original line endings in your working directory.
warning: CRLF will be replaced by LF in src/u_ocaml-output/FStar_Syntax_Syntax.ml.
The file will have its original line endings in your working directory.
warning: CRLF will be replaced by LF in src/u_ocaml-output/FStar_Syntax_Util.ml.
The file will have its original line endings in your working directory.
warning: CRLF will be replaced by LF in src/u_ocaml-output/FStar_ToSyntax_Env.ml.
The file will have its original line endings in your working directory.
warning: CRLF will be replaced by LF in src/u_ocaml-output/FStar_ToSyntax_ToSyntax.ml.
The file will have its original line endings in your working directory.
warning: CRLF will be replaced by LF in src/u_ocaml-output/FStar_TypeChecker_Common.ml.
The file will have its original line endings in your working directory.
warning: CRLF will be replaced by LF in src/u_ocaml-output/FStar_TypeChecker_DMFF.ml.
The file will have its original line endings in your working directory.
warning: CRLF will be replaced by LF in src/u_ocaml-output/FStar_TypeChecker_Env.ml.
The file will have its original line endings in your working directory.
warning: CRLF will be replaced by LF in src/u_ocaml-output/FStar_TypeChecker_Err.ml.
The file will have its original line endings in your working directory.
warning: CRLF will be replaced by LF in src/u_ocaml-output/FStar_TypeChecker_Normalize.ml.
The file will have its original line endings in your working directory.
warning: CRLF will be replaced by LF in src/u_ocaml-output/FStar_TypeChecker_Rel.ml.
The file will have its original line endings in your working directory.
warning: CRLF will be replaced by LF in src/u_ocaml-output/FStar_TypeChecker_Tc.ml.
The file will have its original line endings in your working directory.
warning: CRLF will be replaced by LF in src/u_ocaml-output/FStar_TypeChecker_TcInductive.ml.
The file will have its original line endings in your working directory.
warning: CRLF will be replaced by LF in src/u_ocaml-output/FStar_TypeChecker_TcTerm.ml.
The file will have its original line endings in your working directory.
warning: CRLF will be replaced by LF in src/u_ocaml-output/FStar_TypeChecker_Util.ml.
The file will have its original line endings in your working directory.
warning: CRLF will be replaced by LF in src/u_ocaml-output/FStar_Universal.ml.
The file will have its original line endings in your working directory.
.\hello.fst(5,0-5,37): (Warning) Top-level let-bindings must be total; this term may have effects
.\Ex01a.fst(68,0-68,48): (Warning) Top-level let-bindings must be total; this term may have effects
.\Ex01a.fst(58,0-58,48): (Warning) Top-level let-bindings must be total; this term may have effects
.\Platform.Bytes.fst(15,32-18,29): (Warning) Pattern misses at least one bound variable: uu___#1088
<input>(2,14-2,15): (Error) Expected expression of type "int"; got expression ""hello"" of type "string"
<input>(2,14-2,15): (Error) Expected expression of type "int"; got expression ""hello"" of type "string"
.\Encrypt_SymEnc.fst(29,0-29,18): (Warning) Top-level let-bindings must be total; this term may have effects
<input>(2,14-2,15): (Error) Expected expression of type "int"; got expression ""hello"" of type "string"
.\ifcExample.fst(10,0-10,15): (Warning) Top-level let-bindings must be total; this term may have effects
.\ifcExample.fst(11,0-11,15): (Warning) Top-level let-bindings must be total; this term may have effects
.\ifcExample.fst(12,0-12,15): (Warning) Top-level let-bindings must be total; this term may have effects
.\ifcExample.fst(13,0-13,17): (Warning) Top-level let-bindings must be total; this term may have effects
WARNING: (6328,66): pattern does not contain any variable.
WARNING: (67995,66): pattern does not contain any variable.
WARNING: (6590,66): pattern does not contain any variable.
WARNING: (6250,66): pattern does not contain any variable.
.\Platform.Bytes.fst(257,22-260,30): (Warning) Pattern misses at least one bound variable: i#40911
.\Platform.Bytes.fst(257,156-260,30): (Warning) Pattern misses at least one bound variable: i#43023
WARNING: (6586,66): pattern does not contain any variable.
WARNING: (67995,66): pattern does not contain any variable.
WARNING: (71548,6): pattern does not contain all quantified variables.
WARNING: (67995,66): pattern does not contain any variable.
WARNING: (71548,6): pattern does not contain all quantified variables.
WARNING: (67995,66): pattern does not contain any variable.
WARNING: (71548,6): pattern does not contain all quantified variables.
WARNING: (67995,66): pattern does not contain any variable.
WARNING: (71548,6): pattern does not contain all quantified variables.
.\MAC.fst(45,0-45,35): (Warning) Top-level let-bindings must be total; this term may have effects
WARNING: (67995,66): pattern does not contain any variable.
WARNING: (71548,6): pattern does not contain all quantified variables.
WARNING: (67995,66): pattern does not contain any variable.
WARNING: (71548,6): pattern does not contain all quantified variables.
WARNING: (67995,66): pattern does not contain any variable.
WARNING: (71548,6): pattern does not contain all quantified variables.
WARNING: (67995,66): pattern does not contain any variable.
WARNING: (71548,6): pattern does not contain all quantified variables.
WARNING: (67995,66): pattern does not contain any variable.
WARNING: (71548,6): pattern does not contain all quantified variables.
WARNING: (67995,66): pattern does not contain any variable.
WARNING: (71548,6): pattern does not contain all quantified variables.
.\Platform.Bytes.fst(15,40-18,29): (Warning) Pattern misses at least one bound variable: uu___#80615
.\Platform.Bytes.fst(257,156-260,30): (Warning) Pattern misses at least one bound variable: i#90062
WARNING: (4121,6): pattern does not contain all quantified variables.
.\RPC.fst(9,0-9,53): (Warning) Top-level let-bindings must be total; this term may have effects
.\RPC.fst(23,0-23,39): (Warning) Top-level let-bindings must be total; this term may have effects
.\RPC.fst(48,0-49,16): (Warning) Top-level let-bindings must be total; this term may have effects
.\RPC.fst(116,0-116,17): (Warning) Top-level let-bindings must be total; this term may have effects
.\CntProtocol.fst(14,0-14,53): (Warning) Top-level let-bindings must be total; this term may have effects
.\CntProtocol.fst(29,0-29,26): (Warning) Top-level let-bindings must be total; this term may have effects
.\CntProtocol.fst(32,0-32,54): (Warning) Top-level let-bindings must be total; this term may have effects
.\CntProtocol.fst(35,0-35,54): (Warning) Top-level let-bindings must be total; this term may have effects
.\CntProtocol.fst(99,0-99,39): (Warning) Top-level let-bindings must be total; this term may have effects
.\CntProtocol.fst(126,0-126,18): (Warning) Top-level let-bindings must be total; this term may have effects
.\CntProtocol.fst(158,0-174,5): (Warning) Top-level let-bindings must be total; this term may have effects
.\TestMRef.fst(8,0-8,20): (Warning) Top-level let-bindings must be total; this term may have effects
.\Ex10a.fst(27,0-27,19): (Warning) Top-level let-bindings must be total; this term may have effects
.\Mac.fst(70,0-70,35): (Warning) Top-level let-bindings must be total; this term may have effects
.\Ex12a.Cap.fst(21,0-21,26): (Warning) Top-level let-bindings must be total; this term may have effects
.\Ex10a.fst(27,0-27,19): (Warning) Top-level let-bindings must be total; this term may have effects
.\Ex12a.Cap.fst(19,0-19,26): (Warning) Top-level let-bindings must be total; this term may have effects
.\Ex12b.RPC.fst(8,0-8,53): (Warning) Top-level let-bindings must be total; this term may have effects
.\Ex12b.RPC.fst(21,0-21,39): (Warning) Top-level let-bindings must be total; this term may have effects
.\Ex12b.RPC.fst(53,0-54,16): (Warning) Top-level let-bindings must be total; this term may have effects
.\Ex12b.RPC.fst(123,0-123,17): (Warning) Top-level let-bindings must be total; this term may have effects
make[5]: warning: jobserver unavailable: using -j1.  Add '+' to parent make rule.
make[5]: warning: jobserver unavailable: using -j1.  Add '+' to parent make rule.
.\Ex01a.fst(58,0-58,48): (Warning) Top-level let-bindings must be total; this term may have effects
make[3]: [Makefile:66: Ex01a-ocaml] Error 2 (ignored)
