make[1]: warning: jobserver unavailable: using -j1.  Add '+' to parent make rule.
make[1]: warning: jobserver unavailable: using -j1.  Add '+' to parent make rule.
Warning: you are using the standard library and/or the %inline keyword. We
recommend switching on --infer in order to avoid obscure type error messages.
warning: CRLF will be replaced by LF in src/parser/parse.fsi.
The file will have its original line endings in your working directory.
6 shift/reduce conflicts.
File "src/basic/ml/FStar_Util.ml", line 47, characters 57-65:
Warning 40: st_mtime was selected from type BatUnix.stats.
It is not visible in the current scope, and will not 
be selected if the type becomes unknown.
File "src/basic/ml/FStar_Util.ml", line 47, characters 57-65:
Warning 40: st_mtime was selected from type BatUnix.stats.
It is not visible in the current scope, and will not 
be selected if the type becomes unknown.
make[3]: warning: jobserver unavailable: using -j1.  Add '+' to parent make rule.
.\u_boot_fsts\FStar.Syntax.Syntax.fst(397,0-397,33): (Warning) Annotation from val declaration overrides inline type annotation
.\u_boot_fsts\FStar.Syntax.Syntax.fst(446,0-446,48): (Warning) Annotation from val declaration overrides inline type annotation
.\u_boot_fsts\FStar.Syntax.Syntax.fst(447,0-447,76): (Warning) Annotation from val declaration overrides inline type annotation
.\u_boot_fsts\FStar.Syntax.Syntax.fst(498,0-500,38): (Warning) Annotation from val declaration overrides inline type annotation
.\u_boot_fsts\FStar.TypeChecker.Util.fst(70,0-72,32): (Warning) Annotation from val declaration overrides inline type annotation
.\u_boot_fsts\FStar.SMTEncoding.Solver.fst(287,72-287,79) : (Error) Identifier not found: [Printf.sprintf]
Module Printf does not belong to the list of modules in scope, namely FStar.SMTEncoding.Encode, FStar.SMTEncoding.ErrorReporting, FStar.SMTEncoding.Z3, FStar.TypeChecker.Util, FStar.Option, FStar.TypeChecker.Err, FStar.Syntax.Print, FStar.SMTEncoding.SplitQueryCases, FStar.SMTEncoding.Util, FStar.SMTEncoding.Term, FStar.TypeChecker.Normalize, FStar.TypeChecker.Env, FStar.TypeChecker.Common, FStar.Syntax.Util, FStar.Syntax.Subst, FStar.Syntax.Const, FStar.Syntax.InstFV, FStar.Errors, FStar.Options, FStar.Getopt, FStar.Syntax.Syntax, FStar.Const, FStar.Ident, FStar.Range, FStar.String, FStar.List, FStar.Util, FStar.BaseTypes, FStar.Char, FStar.Float, FStar.UInt8, FStar.Int8, FStar.UInt16, FStar.Int32, FStar.Int64, FStar.UInt64, FStar.Unionfind, FStar.All, FStar.ST, FStar.Heap, FStar.TSet, FStar.PredicateExtensionality, FStar.PropositionalExtensionality, FStar.FunctionalExtensionality, FStar.Int16, FStar.Int, FStar.UInt32, FStar.UInt, FStar.BitVector, FStar.Math.Lemmas, FStar.Math.Lib, FStar.Seq, FStar.Seq.Properties, FStar.Seq.Base, FStar.List.Tot, FStar.List.Tot.Properties, FStar.List.Tot.Base, FStar.Classical, FStar.StrongExcludedMiddle, FStar.Squash, FStar.Mul, Prims
Unexpected error
FStar_Errors.Error(_)
Raised by primitive operation at file "src/batString.mlv", line 145, characters 30-54
Called from file "src/batReturn.ml", line 29, characters 6-29

make[3]: *** [Makefile:199: u_extract_solver] Error 1
.\u_boot_fsts\FStar.TypeChecker.Env.fst(274,0-278,35): (Warning) Annotation from val declaration overrides inline type annotation
make[3]: Target 'u_extract_smtencoding' not remade because of errors.
make[2]: *** [Makefile:218: ocaml] Error 2
make[1]: *** [Makefile:230: fstar-ocaml] Error 2
make: *** [Makefile:244: utest] Error 2
