make[1]: warning: jobserver unavailable: using -j1.  Add '+' to parent make rule.
make[1]: warning: jobserver unavailable: using -j1.  Add '+' to parent make rule.
Warning: you are using the standard library and/or the %inline keyword. We
recommend switching on --infer in order to avoid obscure type error messages.
warning: CRLF will be replaced by LF in src/parser/parse.fsi.
The file will have its original line endings in your working directory.
File "src/basic/ml/FStar_Util.ml", line 47, characters 57-65:
Warning 40: st_mtime was selected from type BatUnix.stats.
It is not visible in the current scope, and will not 
be selected if the type becomes unknown.
File "src/basic/ml/FStar_Util.ml", line 660, characters 2-13:
Warning 10: this expression should have type unit.
File "src/basic/ml/FStar_Util.ml", line 47, characters 57-65:
Warning 40: st_mtime was selected from type BatUnix.stats.
It is not visible in the current scope, and will not 
be selected if the type becomes unknown.
File "src/basic/ml/FStar_Util.ml", line 660, characters 2-13:
Warning 10: this expression should have type unit.
make[3]: warning: jobserver unavailable: using -j1.  Add '+' to parent make rule.
.\u_boot_fsts\FStar.Syntax.Syntax.fst(396,0-396,33): (Warning) Annotation from val declaration overrides inline type annotation
.\u_boot_fsts\FStar.Syntax.Syntax.fst(446,0-446,48): (Warning) Annotation from val declaration overrides inline type annotation
.\u_boot_fsts\FStar.Syntax.Syntax.fst(447,0-447,76): (Warning) Annotation from val declaration overrides inline type annotation
.\u_boot_fsts\FStar.Syntax.Syntax.fst(498,0-500,38): (Warning) Annotation from val declaration overrides inline type annotation
.\u_boot_fsts\FStar.TypeChecker.Util.fst(70,0-72,32): (Warning) Annotation from val declaration overrides inline type annotation
.\u_boot_fsts\FStar.TypeChecker.Env.fst(280,0-284,35): (Warning) Annotation from val declaration overrides inline type annotation
.\u_boot_fsts\FStar.TypeChecker.Env.fst(718,0-720,39): (Warning) Annotation from val declaration overrides inline type annotation
warning: CRLF will be replaced by LF in src/parser/ml/parse.mly.
The file will have its original line endings in your working directory.
warning: CRLF will be replaced by LF in src/parser/parse.fsi.
The file will have its original line endings in your working directory.
.\hello.fst(5,0-5,37): (Warning) Top-level let-bindings must be total; this term may have effects
.\Ex01a.fst(68,0-68,48): (Warning) Top-level let-bindings must be total; this term may have effects
.\Ex01a.fst(58,0-58,48): (Warning) Top-level let-bindings must be total; this term may have effects
.\Platform.Bytes.fst(15,32-18,29): (Warning) Pattern misses at least one bound variable: uu___#1090
<input>(2,14-2,15): (Error) Expected expression of type "int"; got expression ""hello"" of type "string"
<input>(2,14-2,15): (Error) Expected expression of type "int"; got expression ""hello"" of type "string"
<input>(2,14-2,15): (Error) Expected expression of type "int"; got expression ""hello"" of type "string"
WARNING: (6997,46): pattern does not contain any variable.
WARNING: (73782,46): pattern does not contain any variable.
WARNING: (7213,46): pattern does not contain any variable.
WARNING: (6896,46): pattern does not contain any variable.
.\Platform.Bytes.fst(257,22-260,30): (Warning) Pattern misses at least one bound variable: i#40244
.\Platform.Bytes.fst(257,156-260,30): (Warning) Pattern misses at least one bound variable: i#42374
WARNING: (7202,46): pattern does not contain any variable.
WARNING: (73782,46): pattern does not contain any variable.
.\Encrypt_SymEnc.fst(29,0-29,18): (Warning) Top-level let-bindings must be total; this term may have effects
WARNING: (77658,43): pattern does not contain all quantified variables.
WARNING: (73782,46): pattern does not contain any variable.
WARNING: (77658,43): pattern does not contain all quantified variables.
WARNING: (73782,46): pattern does not contain any variable.
WARNING: (77658,43): pattern does not contain all quantified variables.
WARNING: (73782,46): pattern does not contain any variable.
WARNING: (77658,43): pattern does not contain all quantified variables.
WARNING: (73782,46): pattern does not contain any variable.
WARNING: (77658,43): pattern does not contain all quantified variables.
WARNING: (73782,46): pattern does not contain any variable.
WARNING: (77658,43): pattern does not contain all quantified variables.
WARNING: (73782,46): pattern does not contain any variable.
WARNING: (77658,43): pattern does not contain all quantified variables.
WARNING: (73782,46): pattern does not contain any variable.
WARNING: (77658,43): pattern does not contain all quantified variables.
WARNING: (73782,46): pattern does not contain any variable.
WARNING: (77658,43): pattern does not contain all quantified variables.
C:\Build\Agent\_work\1\s\ulib\FStar.Modifies.fst(1317,3-1324,81): (Warning) Pattern misses at least one bound variable: root_type#546929
WARNING: (73782,46): pattern does not contain any variable.
WARNING: (77658,43): pattern does not contain all quantified variables.
.\Platform.Bytes.fst(15,40-18,29): (Warning) Pattern misses at least one bound variable: uu___#79854
.\Platform.Bytes.fst(257,156-260,30): (Warning) Pattern misses at least one bound variable: i#89301
WARNING: (73386,51): pattern does not contain all quantified variables.
WARNING: (73386,51): pattern does not contain all quantified variables.
WARNING: (73386,51): pattern does not contain all quantified variables.
WARNING: (6692,51): pattern does not contain all quantified variables.
WARNING: (73386,51): pattern does not contain all quantified variables.
WARNING: (73386,51): pattern does not contain all quantified variables.
.\MAC.fst(45,0-45,35): (Warning) Top-level let-bindings must be total; this term may have effects
.\TestMRef.fst(8,0-8,20): (Warning) Top-level let-bindings must be total; this term may have effects
C:\Build\Agent\_work\1\s\ulib\FStar.Modifies.fst(434,2-437,37): (Warning) Pattern misses at least one bound variable: root_type#1290892
C:\Build\Agent\_work\1\s\ulib\FStar.Modifies.fst(449,2-452,82): (Warning) Pattern misses at least one bound variable: root_type#1291405
C:\Build\Agent\_work\1\s\ulib\FStar.Modifies.fst(495,2-498,36): (Warning) Pattern misses at least one bound variable: root_type#1294136
C:\Build\Agent\_work\1\s\ulib\FStar.Modifies.fst(609,2-614,83): (Warning) Pattern misses at least one bound variable: root_type#1296458
C:\Build\Agent\_work\1\s\ulib\FStar.Modifies.fst(841,2-844,41): (Warning) Pattern misses at least one bound variable: root_type#1306301
C:\Build\Agent\_work\1\s\ulib\FStar.Modifies.fst(1317,3-1324,81): (Warning) Pattern misses at least one bound variable: root_type#1330941
C:\Build\Agent\_work\1\s\ulib\FStar.Modifies.fst(1598,2-1601,77): (Warning) Pattern misses at least one bound variable: ls#1336810
.\Ex10a.fst(27,0-27,19): (Warning) Top-level let-bindings must be total; this term may have effects
.\Mac.fst(70,0-70,35): (Warning) Top-level let-bindings must be total; this term may have effects
.\RPC.fst(9,0-9,53): (Warning) Top-level let-bindings must be total; this term may have effects
.\RPC.fst(23,0-23,39): (Warning) Top-level let-bindings must be total; this term may have effects
C:\Build\Agent\_work\1\s\ulib\FStar.Modifies.fst(1317,3-1324,81): (Warning) Pattern misses at least one bound variable: root_type#546929
.\RPC.fst(48,0-49,16): (Warning) Top-level let-bindings must be total; this term may have effects
.\RPC.fst(116,0-116,17): (Warning) Top-level let-bindings must be total; this term may have effects
.\Ex10a.fst(27,0-27,19): (Warning) Top-level let-bindings must be total; this term may have effects
C:\Build\Agent\_work\1\s\ulib\FStar.HyperStackNG.fst(214,2-217,25): (Warning) Pattern misses at least one bound variable: t#115792
C:\Build\Agent\_work\1\s\ulib\FStar.HyperStackNG.fst(329,2-332,90): (Warning) Pattern misses at least one bound variable: t#118276
.\Ex12a.Cap.fst(21,0-21,26): (Warning) Top-level let-bindings must be total; this term may have effects
.\CntProtocol.fst(14,0-14,53): (Warning) Top-level let-bindings must be total; this term may have effects
.\CntProtocol.fst(29,0-29,26): (Warning) Top-level let-bindings must be total; this term may have effects
.\CntProtocol.fst(32,0-32,54): (Warning) Top-level let-bindings must be total; this term may have effects
.\CntProtocol.fst(35,0-35,54): (Warning) Top-level let-bindings must be total; this term may have effects
.\CntProtocol.fst(99,0-99,39): (Warning) Top-level let-bindings must be total; this term may have effects
C:\Build\Agent\_work\1\s\ulib\FStar.BufferNG.fst(736,2-739,63): (Warning) Pattern misses at least one bound variable: i#109150
.\CntProtocol.fst(126,0-126,18): (Warning) Top-level let-bindings must be total; this term may have effects
.\CntProtocol.fst(158,0-174,5): (Warning) Top-level let-bindings must be total; this term may have effects
WARNING: (115523,41): pattern does not contain all quantified variables.
WARNING: (115620,42): pattern does not contain all quantified variables.
WARNING: (115697,46): pattern does not contain all quantified variables.
WARNING: (116046,41): pattern does not contain all quantified variables.
WARNING: (126941,47): pattern does not contain all quantified variables.
WARNING: (128391,45): pattern does not contain all quantified variables.
WARNING: (136706,53): pattern does not contain all quantified variables.
WARNING: (136803,59): pattern does not contain all quantified variables.
WARNING: (184584,70): pattern does not contain all quantified variables.
WARNING: (185061,48): pattern does not contain all quantified variables.
WARNING: (213688,42): pattern does not contain all quantified variables.
.\Ex12a.Cap.fst(19,0-19,26): (Warning) Top-level let-bindings must be total; this term may have effects
.\Ex12b.RPC.fst(8,0-8,53): (Warning) Top-level let-bindings must be total; this term may have effects
.\Ex12b.RPC.fst(21,0-21,39): (Warning) Top-level let-bindings must be total; this term may have effects
.\Ex12b.RPC.fst(53,0-54,16): (Warning) Top-level let-bindings must be total; this term may have effects
.\Ex12b.RPC.fst(123,0-123,17): (Warning) Top-level let-bindings must be total; this term may have effects
WARNING: (115523,41): pattern does not contain all quantified variables.
WARNING: (115620,42): pattern does not contain all quantified variables.
WARNING: (115697,46): pattern does not contain all quantified variables.
WARNING: (116046,41): pattern does not contain all quantified variables.
WARNING: (126941,47): pattern does not contain all quantified variables.
WARNING: (128391,45): pattern does not contain all quantified variables.
WARNING: (136706,53): pattern does not contain all quantified variables.
WARNING: (136803,59): pattern does not contain all quantified variables.
WARNING: (184584,70): pattern does not contain all quantified variables.
WARNING: (185061,48): pattern does not contain all quantified variables.
C:\Build\Agent\_work\1\s\ulib\FStar.Modifies.fst(434,2-437,37): (Warning) Pattern misses at least one bound variable: root_type#1290892
C:\Build\Agent\_work\1\s\ulib\FStar.Modifies.fst(449,2-452,82): (Warning) Pattern misses at least one bound variable: root_type#1291405
WARNING: (213688,42): pattern does not contain all quantified variables.
C:\Build\Agent\_work\1\s\ulib\FStar.Modifies.fst(495,2-498,36): (Warning) Pattern misses at least one bound variable: root_type#1294136
C:\Build\Agent\_work\1\s\ulib\FStar.Modifies.fst(609,2-614,83): (Warning) Pattern misses at least one bound variable: root_type#1296458
C:\Build\Agent\_work\1\s\ulib\FStar.Modifies.fst(841,2-844,41): (Warning) Pattern misses at least one bound variable: root_type#1306301
C:\Build\Agent\_work\1\s\ulib\FStar.Modifies.fst(1317,3-1324,81): (Warning) Pattern misses at least one bound variable: root_type#1330941
C:\Build\Agent\_work\1\s\ulib\FStar.Modifies.fst(1598,2-1601,77): (Warning) Pattern misses at least one bound variable: ls#1336810
C:\Build\Agent\_work\1\s\ulib\FStar.HyperStackNG.fst(214,2-217,25): (Warning) Pattern misses at least one bound variable: t#115792
C:\Build\Agent\_work\1\s\ulib\FStar.HyperStackNG.fst(329,2-332,90): (Warning) Pattern misses at least one bound variable: t#118276
WARNING: (115523,41): pattern does not contain all quantified variables.
WARNING: (115620,42): pattern does not contain all quantified variables.
WARNING: (115697,46): pattern does not contain all quantified variables.
WARNING: (116046,41): pattern does not contain all quantified variables.
WARNING: (126941,47): pattern does not contain all quantified variables.
WARNING: (128391,45): pattern does not contain all quantified variables.
WARNING: (136706,53): pattern does not contain all quantified variables.
WARNING: (136803,59): pattern does not contain all quantified variables.
WARNING: (184584,70): pattern does not contain all quantified variables.
WARNING: (185061,48): pattern does not contain all quantified variables.
WARNING: (213688,42): pattern does not contain all quantified variables.
make[5]: warning: jobserver unavailable: using -j1.  Add '+' to parent make rule.
C:\Build\Agent\_work\1\s\ulib\FStar.Modifies.fst(1317,3-1324,81): (Warning) Pattern misses at least one bound variable: root_type#546929
C:\Build\Agent\_work\1\s\ulib\FStar.Modifies.fst(1317,3-1324,81): (Warning) Pattern misses at least one bound variable: root_type#546929
C:\Build\Agent\_work\1\s\ulib\FStar.Modifies.fst(1317,3-1324,81): (Warning) Pattern misses at least one bound variable: root_type#546929
WARNING: (12167,42): pattern does not contain all quantified variables.
WARNING: (12863,47): pattern does not contain all quantified variables.
make[5]: warning: jobserver unavailable: using -j1.  Add '+' to parent make rule.
.\Ex01a.fst(58,0-58,48): (Warning) Top-level let-bindings must be total; this term may have effects
C:\Build\Agent\_work\1\s\ulib\FStar.Modifies.fst(1317,3-1324,81): (Warning) Pattern misses at least one bound variable: root_type#546929
make[3]: [Makefile:66: Ex01a-ocaml] Error 2 (ignored)
WARNING: (91628,41): pattern does not contain all quantified variables.
WARNING: (91725,42): pattern does not contain all quantified variables.
WARNING: (91802,46): pattern does not contain all quantified variables.
C:\Build\Agent\_work\1\s\ulib\FStar.Modifies.fst(434,2-437,37): (Warning) Pattern misses at least one bound variable: root_type#1290892
C:\Build\Agent\_work\1\s\ulib\FStar.Modifies.fst(449,2-452,82): (Warning) Pattern misses at least one bound variable: root_type#1291405
C:\Build\Agent\_work\1\s\ulib\FStar.Modifies.fst(495,2-498,36): (Warning) Pattern misses at least one bound variable: root_type#1294136
C:\Build\Agent\_work\1\s\ulib\FStar.Modifies.fst(609,2-614,83): (Warning) Pattern misses at least one bound variable: root_type#1296458
C:\Build\Agent\_work\1\s\ulib\FStar.Modifies.fst(841,2-844,41): (Warning) Pattern misses at least one bound variable: root_type#1306301
C:\Build\Agent\_work\1\s\ulib\FStar.Modifies.fst(1317,3-1324,81): (Warning) Pattern misses at least one bound variable: root_type#1330941
C:\Build\Agent\_work\1\s\ulib\FStar.Modifies.fst(1598,2-1601,77): (Warning) Pattern misses at least one bound variable: ls#1336810
C:\Build\Agent\_work\1\s\ulib\FStar.Modifies.fst(434,2-437,37): (Warning) Pattern misses at least one bound variable: root_type#1290892
C:\Build\Agent\_work\1\s\ulib\FStar.Modifies.fst(449,2-452,82): (Warning) Pattern misses at least one bound variable: root_type#1291405
C:\Build\Agent\_work\1\s\ulib\FStar.Modifies.fst(495,2-498,36): (Warning) Pattern misses at least one bound variable: root_type#1294136
C:\Build\Agent\_work\1\s\ulib\FStar.Modifies.fst(609,2-614,83): (Warning) Pattern misses at least one bound variable: root_type#1296458
C:\Build\Agent\_work\1\s\ulib\FStar.Modifies.fst(841,2-844,41): (Warning) Pattern misses at least one bound variable: root_type#1306301
C:\Build\Agent\_work\1\s\ulib\FStar.Modifies.fst(1317,3-1324,81): (Warning) Pattern misses at least one bound variable: root_type#1330941
C:\Build\Agent\_work\1\s\ulib\FStar.Modifies.fst(1598,2-1601,77): (Warning) Pattern misses at least one bound variable: ls#1336810
WARNING: (11863,42): pattern does not contain all quantified variables.
WARNING: (11940,46): pattern does not contain all quantified variables.
WARNING: (12620,47): pattern does not contain all quantified variables.
C:\Build\Agent\_work\1\s\ulib\FStar.Modifies.fst(434,2-437,37): (Warning) Pattern misses at least one bound variable: root_type#1290892
C:\Build\Agent\_work\1\s\ulib\FStar.Modifies.fst(449,2-452,82): (Warning) Pattern misses at least one bound variable: root_type#1291405
C:\Build\Agent\_work\1\s\ulib\FStar.Modifies.fst(495,2-498,36): (Warning) Pattern misses at least one bound variable: root_type#1294136
C:\Build\Agent\_work\1\s\ulib\FStar.Modifies.fst(609,2-614,83): (Warning) Pattern misses at least one bound variable: root_type#1296458
C:\Build\Agent\_work\1\s\ulib\FStar.Modifies.fst(841,2-844,41): (Warning) Pattern misses at least one bound variable: root_type#1306301
C:\Build\Agent\_work\1\s\ulib\FStar.Modifies.fst(1317,3-1324,81): (Warning) Pattern misses at least one bound variable: root_type#1330941
C:\Build\Agent\_work\1\s\ulib\FStar.Modifies.fst(1598,2-1601,77): (Warning) Pattern misses at least one bound variable: ls#1336810
C:\Build\Agent\_work\1\s\ulib\FStar.HyperStackNG.fst(214,2-217,25): (Warning) Pattern misses at least one bound variable: t#115792
C:\Build\Agent\_work\1\s\ulib\FStar.HyperStackNG.fst(329,2-332,90): (Warning) Pattern misses at least one bound variable: t#118276
C:\Build\Agent\_work\1\s\ulib\FStar.HyperStackNG.fst(214,2-217,25): (Warning) Pattern misses at least one bound variable: t#115792
C:\Build\Agent\_work\1\s\ulib\FStar.HyperStackNG.fst(329,2-332,90): (Warning) Pattern misses at least one bound variable: t#118276
C:\Build\Agent\_work\1\s\ulib\FStar.HyperStackNG.fst(214,2-217,25): (Warning) Pattern misses at least one bound variable: t#115792
C:\Build\Agent\_work\1\s\ulib\FStar.HyperStackNG.fst(329,2-332,90): (Warning) Pattern misses at least one bound variable: t#118276
C:\Build\Agent\_work\1\s\ulib\FStar.Modifies.fst(434,2-437,37): (Warning) Pattern misses at least one bound variable: root_type#1290892
C:\Build\Agent\_work\1\s\ulib\FStar.Modifies.fst(449,2-452,82): (Warning) Pattern misses at least one bound variable: root_type#1291405
C:\Build\Agent\_work\1\s\ulib\FStar.Modifies.fst(495,2-498,36): (Warning) Pattern misses at least one bound variable: root_type#1294136
C:\Build\Agent\_work\1\s\ulib\FStar.Modifies.fst(609,2-614,83): (Warning) Pattern misses at least one bound variable: root_type#1296458
C:\Build\Agent\_work\1\s\ulib\FStar.Modifies.fst(841,2-844,41): (Warning) Pattern misses at least one bound variable: root_type#1306301
C:\Build\Agent\_work\1\s\ulib\FStar.Modifies.fst(1317,3-1324,81): (Warning) Pattern misses at least one bound variable: root_type#1330941
C:\Build\Agent\_work\1\s\ulib\FStar.Modifies.fst(1598,2-1601,77): (Warning) Pattern misses at least one bound variable: ls#1336810
C:\Build\Agent\_work\1\s\ulib\FStar.HyperStackNG.fst(214,2-217,25): (Warning) Pattern misses at least one bound variable: t#115792
C:\Build\Agent\_work\1\s\ulib\FStar.HyperStackNG.fst(329,2-332,90): (Warning) Pattern misses at least one bound variable: t#118276
C:\Build\Agent\_work\1\s\ulib\FStar.BufferNG.fst(736,2-739,63): (Warning) Pattern misses at least one bound variable: i#109150
WARNING: (91628,41): pattern does not contain all quantified variables.
WARNING: (91725,42): pattern does not contain all quantified variables.
WARNING: (91802,46): pattern does not contain all quantified variables.
WARNING: (92151,41): pattern does not contain all quantified variables.
WARNING: (103378,47): pattern does not contain all quantified variables.
WARNING: (10064,47): pattern does not contain all quantified variables.
WARNING: (12146,47): pattern does not contain all quantified variables.
WARNING: (11799,42): pattern does not contain all quantified variables.
WARNING: (12495,47): pattern does not contain all quantified variables.
WARNING: (115523,41): pattern does not contain all quantified variables.
WARNING: (115620,42): pattern does not contain all quantified variables.
WARNING: (115697,46): pattern does not contain all quantified variables.
WARNING: (116046,41): pattern does not contain all quantified variables.
WARNING: (126941,47): pattern does not contain all quantified variables.
WARNING: (128391,45): pattern does not contain all quantified variables.
WARNING: (136706,53): pattern does not contain all quantified variables.
WARNING: (136803,59): pattern does not contain all quantified variables.
WARNING: (184584,70): pattern does not contain all quantified variables.
WARNING: (185061,48): pattern does not contain all quantified variables.
WARNING: (213688,42): pattern does not contain all quantified variables.
WARNING: (91628,41): pattern does not contain all quantified variables.
WARNING: (91725,42): pattern does not contain all quantified variables.
WARNING: (91802,46): pattern does not contain all quantified variables.
WARNING: (92151,41): pattern does not contain all quantified variables.
WARNING: (103378,47): pattern does not contain all quantified variables.
WARNING: (11799,42): pattern does not contain all quantified variables.
WARNING: (12495,47): pattern does not contain all quantified variables.
WARNING: (115523,41): pattern does not contain all quantified variables.
WARNING: (115620,42): pattern does not contain all quantified variables.
WARNING: (115697,46): pattern does not contain all quantified variables.
WARNING: (116046,41): pattern does not contain all quantified variables.
WARNING: (126941,47): pattern does not contain all quantified variables.
WARNING: (128391,45): pattern does not contain all quantified variables.
WARNING: (136706,53): pattern does not contain all quantified variables.
WARNING: (136803,59): pattern does not contain all quantified variables.
WARNING: (184584,70): pattern does not contain all quantified variables.
WARNING: (185061,48): pattern does not contain all quantified variables.
WARNING: (213688,42): pattern does not contain all quantified variables.
WARNING: (91628,41): pattern does not contain all quantified variables.
WARNING: (91725,42): pattern does not contain all quantified variables.
WARNING: (91802,46): pattern does not contain all quantified variables.
WARNING: (92151,41): pattern does not contain all quantified variables.
WARNING: (103378,47): pattern does not contain all quantified variables.
WARNING: (139442,41): pattern does not contain all quantified variables.
WARNING: (139539,42): pattern does not contain all quantified variables.
WARNING: (139616,46): pattern does not contain all quantified variables.
WARNING: (139965,41): pattern does not contain all quantified variables.
WARNING: (150860,47): pattern does not contain all quantified variables.
WARNING: (152310,45): pattern does not contain all quantified variables.
WARNING: (160625,53): pattern does not contain all quantified variables.
WARNING: (160722,59): pattern does not contain all quantified variables.
WARNING: (168509,70): pattern does not contain all quantified variables.
WARNING: (168986,48): pattern does not contain all quantified variables.
WARNING: (91628,41): pattern does not contain all quantified variables.
WARNING: (91725,42): pattern does not contain all quantified variables.
WARNING: (91802,46): pattern does not contain all quantified variables.
WARNING: (92151,41): pattern does not contain all quantified variables.
WARNING: (103378,47): pattern does not contain all quantified variables.
WARNING: (91628,41): pattern does not contain all quantified variables.
WARNING: (91725,42): pattern does not contain all quantified variables.
WARNING: (91802,46): pattern does not contain all quantified variables.
WARNING: (92151,41): pattern does not contain all quantified variables.
WARNING: (103378,47): pattern does not contain all quantified variables.
WARNING: (6926,46): pattern does not contain all quantified variables.
WARNING: (91628,41): pattern does not contain all quantified variables.
WARNING: (91725,42): pattern does not contain all quantified variables.
WARNING: (91802,46): pattern does not contain all quantified variables.
WARNING: (92151,41): pattern does not contain all quantified variables.
WARNING: (103378,47): pattern does not contain all quantified variables.
WARNING: (6472,41): pattern does not contain all quantified variables.
WARNING: (6565,42): pattern does not contain all quantified variables.
WARNING: (6741,46): pattern does not contain all quantified variables.
WARNING: (7560,47): pattern does not contain all quantified variables.
WARNING: (91628,41): pattern does not contain all quantified variables.
WARNING: (91725,42): pattern does not contain all quantified variables.
WARNING: (91802,46): pattern does not contain all quantified variables.
WARNING: (92151,41): pattern does not contain all quantified variables.
WARNING: (103378,47): pattern does not contain all quantified variables.
.\FStar.Modifies.fst(1317,3-1324,81): (Warning) Pattern misses at least one bound variable: root_type#975825
.\FStar.Modifies.fst(1317,3-1324,81): (Warning) Pattern misses at least one bound variable: root_type#979311
WARNING: (91628,41): pattern does not contain all quantified variables.
WARNING: (91725,42): pattern does not contain all quantified variables.
WARNING: (91802,46): pattern does not contain all quantified variables.
WARNING: (92151,41): pattern does not contain all quantified variables.
WARNING: (103378,47): pattern does not contain all quantified variables.
WARNING: (104827,45): pattern does not contain all quantified variables.
WARNING: (140689,41): pattern does not contain all quantified variables.
WARNING: (140786,42): pattern does not contain all quantified variables.
WARNING: (140863,46): pattern does not contain all quantified variables.
WARNING: (91628,41): pattern does not contain all quantified variables.
WARNING: (91725,42): pattern does not contain all quantified variables.
WARNING: (91802,46): pattern does not contain all quantified variables.
WARNING: (92151,41): pattern does not contain all quantified variables.
WARNING: (103378,47): pattern does not contain all quantified variables.
WARNING: (104827,45): pattern does not contain all quantified variables.
WARNING: (91628,41): pattern does not contain all quantified variables.
WARNING: (91725,42): pattern does not contain all quantified variables.
WARNING: (91802,46): pattern does not contain all quantified variables.
WARNING: (92151,41): pattern does not contain all quantified variables.
WARNING: (103378,47): pattern does not contain all quantified variables.
WARNING: (104827,45): pattern does not contain all quantified variables.
WARNING: (91628,41): pattern does not contain all quantified variables.
WARNING: (91725,42): pattern does not contain all quantified variables.
WARNING: (91802,46): pattern does not contain all quantified variables.
WARNING: (92151,41): pattern does not contain all quantified variables.
WARNING: (103378,47): pattern does not contain all quantified variables.
WARNING: (104827,45): pattern does not contain all quantified variables.
WARNING: (113178,53): pattern does not contain all quantified variables.
WARNING: (113275,59): pattern does not contain all quantified variables.
WARNING: (91628,41): pattern does not contain all quantified variables.
WARNING: (91725,42): pattern does not contain all quantified variables.
WARNING: (91802,46): pattern does not contain all quantified variables.
WARNING: (92151,41): pattern does not contain all quantified variables.
WARNING: (103378,47): pattern does not contain all quantified variables.
WARNING: (104827,45): pattern does not contain all quantified variables.
WARNING: (113178,53): pattern does not contain all quantified variables.
WARNING: (113275,59): pattern does not contain all quantified variables.
WARNING: (91628,41): pattern does not contain all quantified variables.
WARNING: (91725,42): pattern does not contain all quantified variables.
WARNING: (91802,46): pattern does not contain all quantified variables.
WARNING: (92151,41): pattern does not contain all quantified variables.
WARNING: (103378,47): pattern does not contain all quantified variables.
WARNING: (104827,45): pattern does not contain all quantified variables.
WARNING: (113178,53): pattern does not contain all quantified variables.
WARNING: (113275,59): pattern does not contain all quantified variables.
WARNING: (91628,41): pattern does not contain all quantified variables.
WARNING: (91725,42): pattern does not contain all quantified variables.
WARNING: (91802,46): pattern does not contain all quantified variables.
WARNING: (92151,41): pattern does not contain all quantified variables.
WARNING: (103378,47): pattern does not contain all quantified variables.
WARNING: (104827,45): pattern does not contain all quantified variables.
WARNING: (113178,53): pattern does not contain all quantified variables.
WARNING: (113275,59): pattern does not contain all quantified variables.
WARNING: (91628,41): pattern does not contain all quantified variables.
WARNING: (91725,42): pattern does not contain all quantified variables.
WARNING: (91802,46): pattern does not contain all quantified variables.
WARNING: (92151,41): pattern does not contain all quantified variables.
WARNING: (103378,47): pattern does not contain all quantified variables.
WARNING: (104827,45): pattern does not contain all quantified variables.
WARNING: (113178,53): pattern does not contain all quantified variables.
WARNING: (113275,59): pattern does not contain all quantified variables.
WARNING: (140689,41): pattern does not contain all quantified variables.
WARNING: (140786,42): pattern does not contain all quantified variables.
WARNING: (140863,46): pattern does not contain all quantified variables.
WARNING: (141212,41): pattern does not contain all quantified variables.
WARNING: (152439,47): pattern does not contain all quantified variables.
WARNING: (140689,41): pattern does not contain all quantified variables.
WARNING: (140786,42): pattern does not contain all quantified variables.
WARNING: (140863,46): pattern does not contain all quantified variables.
WARNING: (141212,41): pattern does not contain all quantified variables.
WARNING: (152439,47): pattern does not contain all quantified variables.
WARNING: (91628,41): pattern does not contain all quantified variables.
WARNING: (91725,42): pattern does not contain all quantified variables.
WARNING: (91802,46): pattern does not contain all quantified variables.
WARNING: (92151,41): pattern does not contain all quantified variables.
WARNING: (103378,47): pattern does not contain all quantified variables.
WARNING: (104827,45): pattern does not contain all quantified variables.
WARNING: (113178,53): pattern does not contain all quantified variables.
WARNING: (113275,59): pattern does not contain all quantified variables.
WARNING: (91628,41): pattern does not contain all quantified variables.
WARNING: (91725,42): pattern does not contain all quantified variables.
WARNING: (91802,46): pattern does not contain all quantified variables.
WARNING: (92151,41): pattern does not contain all quantified variables.
WARNING: (103378,47): pattern does not contain all quantified variables.
WARNING: (104827,45): pattern does not contain all quantified variables.
WARNING: (113178,53): pattern does not contain all quantified variables.
WARNING: (113275,59): pattern does not contain all quantified variables.
WARNING: (140689,41): pattern does not contain all quantified variables.
WARNING: (140786,42): pattern does not contain all quantified variables.
WARNING: (140863,46): pattern does not contain all quantified variables.
WARNING: (141212,41): pattern does not contain all quantified variables.
WARNING: (152439,47): pattern does not contain all quantified variables.
WARNING: (140689,41): pattern does not contain all quantified variables.
WARNING: (140786,42): pattern does not contain all quantified variables.
WARNING: (140863,46): pattern does not contain all quantified variables.
WARNING: (141212,41): pattern does not contain all quantified variables.
WARNING: (152439,47): pattern does not contain all quantified variables.
WARNING: (91628,41): pattern does not contain all quantified variables.
WARNING: (91725,42): pattern does not contain all quantified variables.
WARNING: (91802,46): pattern does not contain all quantified variables.
WARNING: (92151,41): pattern does not contain all quantified variables.
WARNING: (103378,47): pattern does not contain all quantified variables.
WARNING: (104827,45): pattern does not contain all quantified variables.
WARNING: (113178,53): pattern does not contain all quantified variables.
WARNING: (113275,59): pattern does not contain all quantified variables.
WARNING: (140689,41): pattern does not contain all quantified variables.
WARNING: (140786,42): pattern does not contain all quantified variables.
WARNING: (140863,46): pattern does not contain all quantified variables.
WARNING: (141212,41): pattern does not contain all quantified variables.
WARNING: (152439,47): pattern does not contain all quantified variables.
WARNING: (7152,46): pattern does not contain all quantified variables.
WARNING: (91628,41): pattern does not contain all quantified variables.
WARNING: (91725,42): pattern does not contain all quantified variables.
WARNING: (91802,46): pattern does not contain all quantified variables.
WARNING: (92151,41): pattern does not contain all quantified variables.
WARNING: (103378,47): pattern does not contain all quantified variables.
WARNING: (104827,45): pattern does not contain all quantified variables.
WARNING: (113178,53): pattern does not contain all quantified variables.
WARNING: (113275,59): pattern does not contain all quantified variables.
WARNING: (11910,46): pattern does not contain all quantified variables.
WARNING: (140689,41): pattern does not contain all quantified variables.
WARNING: (140786,42): pattern does not contain all quantified variables.
WARNING: (140863,46): pattern does not contain all quantified variables.
WARNING: (141212,41): pattern does not contain all quantified variables.
WARNING: (152439,47): pattern does not contain all quantified variables.
WARNING: (91628,41): pattern does not contain all quantified variables.
WARNING: (91725,42): pattern does not contain all quantified variables.
WARNING: (91802,46): pattern does not contain all quantified variables.
WARNING: (92151,41): pattern does not contain all quantified variables.
WARNING: (103378,47): pattern does not contain all quantified variables.
WARNING: (104827,45): pattern does not contain all quantified variables.
WARNING: (113178,53): pattern does not contain all quantified variables.
WARNING: (113275,59): pattern does not contain all quantified variables.
WARNING: (11415,41): pattern does not contain all quantified variables.
WARNING: (11508,42): pattern does not contain all quantified variables.
WARNING: (7613,47): pattern does not contain all quantified variables.
WARNING: (11725,46): pattern does not contain all quantified variables.
WARNING: (12544,47): pattern does not contain all quantified variables.
WARNING: (91628,41): pattern does not contain all quantified variables.
WARNING: (91725,42): pattern does not contain all quantified variables.
WARNING: (91802,46): pattern does not contain all quantified variables.
WARNING: (92151,41): pattern does not contain all quantified variables.
WARNING: (103378,47): pattern does not contain all quantified variables.
WARNING: (104827,45): pattern does not contain all quantified variables.
WARNING: (113178,53): pattern does not contain all quantified variables.
WARNING: (113275,59): pattern does not contain all quantified variables.
WARNING: (140689,41): pattern does not contain all quantified variables.
WARNING: (140786,42): pattern does not contain all quantified variables.
WARNING: (140863,46): pattern does not contain all quantified variables.
WARNING: (141212,41): pattern does not contain all quantified variables.
WARNING: (152439,47): pattern does not contain all quantified variables.
WARNING: (7497,47): pattern does not contain all quantified variables.
.\FStar.Modifies.fst(1317,3-1324,81): (Warning) Pattern misses at least one bound variable: root_type#975825
.\FStar.Modifies.fst(1317,3-1324,81): (Warning) Pattern misses at least one bound variable: root_type#979311
.\FStar.Modifies.fst(434,2-437,37): (Warning) Pattern misses at least one bound variable: root_type#2179650
.\FStar.Modifies.fst(449,2-452,82): (Warning) Pattern misses at least one bound variable: root_type#2180163
.\FStar.Modifies.fst(495,2-498,36): (Warning) Pattern misses at least one bound variable: root_type#2182894
.\FStar.Modifies.fst(609,2-614,83): (Warning) Pattern misses at least one bound variable: root_type#2185216
.\FStar.Modifies.fst(841,2-844,41): (Warning) Pattern misses at least one bound variable: root_type#2196263
.\FStar.Modifies.fst(1317,3-1324,81): (Warning) Pattern misses at least one bound variable: root_type#2220903
.\FStar.Modifies.fst(1598,2-1601,77): (Warning) Pattern misses at least one bound variable: ls#2226772
WARNING: (140689,41): pattern does not contain all quantified variables.
WARNING: (140786,42): pattern does not contain all quantified variables.
WARNING: (140863,46): pattern does not contain all quantified variables.
WARNING: (141212,41): pattern does not contain all quantified variables.
WARNING: (152439,47): pattern does not contain all quantified variables.
WARNING: (153888,45): pattern does not contain all quantified variables.
WARNING: (140689,41): pattern does not contain all quantified variables.
WARNING: (140786,42): pattern does not contain all quantified variables.
WARNING: (140863,46): pattern does not contain all quantified variables.
WARNING: (141212,41): pattern does not contain all quantified variables.
WARNING: (152439,47): pattern does not contain all quantified variables.
WARNING: (153888,45): pattern does not contain all quantified variables.
WARNING: (140689,41): pattern does not contain all quantified variables.
WARNING: (140786,42): pattern does not contain all quantified variables.
WARNING: (140863,46): pattern does not contain all quantified variables.
WARNING: (141212,41): pattern does not contain all quantified variables.
WARNING: (152439,47): pattern does not contain all quantified variables.
WARNING: (153888,45): pattern does not contain all quantified variables.
WARNING: (140689,41): pattern does not contain all quantified variables.
WARNING: (140786,42): pattern does not contain all quantified variables.
WARNING: (140863,46): pattern does not contain all quantified variables.
WARNING: (141212,41): pattern does not contain all quantified variables.
WARNING: (152439,47): pattern does not contain all quantified variables.
WARNING: (153888,45): pattern does not contain all quantified variables.
WARNING: (162239,53): pattern does not contain all quantified variables.
WARNING: (162336,59): pattern does not contain all quantified variables.
WARNING: (140689,41): pattern does not contain all quantified variables.
WARNING: (140786,42): pattern does not contain all quantified variables.
WARNING: (140863,46): pattern does not contain all quantified variables.
WARNING: (141212,41): pattern does not contain all quantified variables.
WARNING: (152439,47): pattern does not contain all quantified variables.
WARNING: (153888,45): pattern does not contain all quantified variables.
WARNING: (162239,53): pattern does not contain all quantified variables.
WARNING: (162336,59): pattern does not contain all quantified variables.
WARNING: (140689,41): pattern does not contain all quantified variables.
WARNING: (140786,42): pattern does not contain all quantified variables.
WARNING: (140863,46): pattern does not contain all quantified variables.
WARNING: (141212,41): pattern does not contain all quantified variables.
WARNING: (152439,47): pattern does not contain all quantified variables.
WARNING: (153888,45): pattern does not contain all quantified variables.
WARNING: (162239,53): pattern does not contain all quantified variables.
WARNING: (162336,59): pattern does not contain all quantified variables.
WARNING: (140689,41): pattern does not contain all quantified variables.
WARNING: (140786,42): pattern does not contain all quantified variables.
WARNING: (140863,46): pattern does not contain all quantified variables.
WARNING: (141212,41): pattern does not contain all quantified variables.
WARNING: (152439,47): pattern does not contain all quantified variables.
WARNING: (153888,45): pattern does not contain all quantified variables.
WARNING: (162239,53): pattern does not contain all quantified variables.
WARNING: (162336,59): pattern does not contain all quantified variables.
WARNING: (140689,41): pattern does not contain all quantified variables.
WARNING: (140786,42): pattern does not contain all quantified variables.
WARNING: (140863,46): pattern does not contain all quantified variables.
WARNING: (141212,41): pattern does not contain all quantified variables.
WARNING: (152439,47): pattern does not contain all quantified variables.
WARNING: (153888,45): pattern does not contain all quantified variables.
WARNING: (162239,53): pattern does not contain all quantified variables.
WARNING: (162336,59): pattern does not contain all quantified variables.
WARNING: (140689,41): pattern does not contain all quantified variables.
WARNING: (140786,42): pattern does not contain all quantified variables.
WARNING: (140863,46): pattern does not contain all quantified variables.
WARNING: (141212,41): pattern does not contain all quantified variables.
WARNING: (152439,47): pattern does not contain all quantified variables.
WARNING: (153888,45): pattern does not contain all quantified variables.
WARNING: (162239,53): pattern does not contain all quantified variables.
WARNING: (162336,59): pattern does not contain all quantified variables.
WARNING: (140689,41): pattern does not contain all quantified variables.
WARNING: (140786,42): pattern does not contain all quantified variables.
WARNING: (140863,46): pattern does not contain all quantified variables.
WARNING: (141212,41): pattern does not contain all quantified variables.
WARNING: (152439,47): pattern does not contain all quantified variables.
WARNING: (153888,45): pattern does not contain all quantified variables.
WARNING: (162239,53): pattern does not contain all quantified variables.
WARNING: (162336,59): pattern does not contain all quantified variables.
WARNING: (140689,41): pattern does not contain all quantified variables.
WARNING: (140786,42): pattern does not contain all quantified variables.
WARNING: (140863,46): pattern does not contain all quantified variables.
WARNING: (141212,41): pattern does not contain all quantified variables.
WARNING: (152439,47): pattern does not contain all quantified variables.
WARNING: (153888,45): pattern does not contain all quantified variables.
WARNING: (162239,53): pattern does not contain all quantified variables.
WARNING: (162336,59): pattern does not contain all quantified variables.
WARNING: (12136,46): pattern does not contain all quantified variables.
WARNING: (140689,41): pattern does not contain all quantified variables.
WARNING: (140786,42): pattern does not contain all quantified variables.
WARNING: (140863,46): pattern does not contain all quantified variables.
WARNING: (141212,41): pattern does not contain all quantified variables.
WARNING: (152439,47): pattern does not contain all quantified variables.
WARNING: (153888,45): pattern does not contain all quantified variables.
WARNING: (162239,53): pattern does not contain all quantified variables.
WARNING: (162336,59): pattern does not contain all quantified variables.
WARNING: (140689,41): pattern does not contain all quantified variables.
WARNING: (140786,42): pattern does not contain all quantified variables.
WARNING: (140863,46): pattern does not contain all quantified variables.
WARNING: (141212,41): pattern does not contain all quantified variables.
WARNING: (152439,47): pattern does not contain all quantified variables.
WARNING: (153888,45): pattern does not contain all quantified variables.
WARNING: (162239,53): pattern does not contain all quantified variables.
WARNING: (162336,59): pattern does not contain all quantified variables.
WARNING: (12556,47): pattern does not contain all quantified variables.
WARNING: (140689,41): pattern does not contain all quantified variables.
WARNING: (140786,42): pattern does not contain all quantified variables.
WARNING: (140863,46): pattern does not contain all quantified variables.
WARNING: (141212,41): pattern does not contain all quantified variables.
WARNING: (152439,47): pattern does not contain all quantified variables.
WARNING: (153888,45): pattern does not contain all quantified variables.
WARNING: (162239,53): pattern does not contain all quantified variables.
WARNING: (162336,59): pattern does not contain all quantified variables.
WARNING: (12481,47): pattern does not contain all quantified variables.
.\FStar.Modifies.fst(434,2-437,37): (Warning) Pattern misses at least one bound variable: root_type#2179650
.\FStar.Modifies.fst(449,2-452,82): (Warning) Pattern misses at least one bound variable: root_type#2180163
.\FStar.Modifies.fst(495,2-498,36): (Warning) Pattern misses at least one bound variable: root_type#2182894
.\FStar.Modifies.fst(609,2-614,83): (Warning) Pattern misses at least one bound variable: root_type#2185216
.\FStar.Modifies.fst(841,2-844,41): (Warning) Pattern misses at least one bound variable: root_type#2196263
.\FStar.Modifies.fst(1317,3-1324,81): (Warning) Pattern misses at least one bound variable: root_type#2220903
.\FStar.Modifies.fst(1598,2-1601,77): (Warning) Pattern misses at least one bound variable: ls#2226772
WARNING: (12247,47): pattern does not contain all quantified variables.
WARNING: (12180,47): pattern does not contain all quantified variables.
WARNING: (13420,46): pattern does not contain all quantified variables.
WARNING: (12210,47): pattern does not contain all quantified variables.
WARNING: (12200,47): pattern does not contain all quantified variables.
WARNING: (12195,47): pattern does not contain all quantified variables.
WARNING: (16760,70): pattern does not contain all quantified variables.
WARNING: (13762,41): pattern does not contain all quantified variables.
WARNING: (14136,41): pattern does not contain all quantified variables.
.\FStar.HyperStackNG.fst(214,2-217,25): (Warning) Pattern misses at least one bound variable: t#220946
.\FStar.HyperStackNG.fst(329,2-332,90): (Warning) Pattern misses at least one bound variable: t#223430
WARNING: (140303,41): pattern does not contain all quantified variables.
WARNING: (140400,42): pattern does not contain all quantified variables.
WARNING: (140477,46): pattern does not contain all quantified variables.
WARNING: (140826,41): pattern does not contain all quantified variables.
WARNING: (151721,47): pattern does not contain all quantified variables.
WARNING: (153171,45): pattern does not contain all quantified variables.
WARNING: (161486,53): pattern does not contain all quantified variables.
WARNING: (161583,59): pattern does not contain all quantified variables.
WARNING: (185182,70): pattern does not contain all quantified variables.
WARNING: (185659,48): pattern does not contain all quantified variables.
WARNING: (140303,41): pattern does not contain all quantified variables.
WARNING: (140400,42): pattern does not contain all quantified variables.
WARNING: (140477,46): pattern does not contain all quantified variables.
WARNING: (140826,41): pattern does not contain all quantified variables.
WARNING: (151721,47): pattern does not contain all quantified variables.
WARNING: (153171,45): pattern does not contain all quantified variables.
WARNING: (161486,53): pattern does not contain all quantified variables.
WARNING: (161583,59): pattern does not contain all quantified variables.
WARNING: (185182,70): pattern does not contain all quantified variables.
WARNING: (185659,48): pattern does not contain all quantified variables.
WARNING: (140303,41): pattern does not contain all quantified variables.
WARNING: (140400,42): pattern does not contain all quantified variables.
WARNING: (140477,46): pattern does not contain all quantified variables.
WARNING: (140826,41): pattern does not contain all quantified variables.
WARNING: (151721,47): pattern does not contain all quantified variables.
WARNING: (153171,45): pattern does not contain all quantified variables.
WARNING: (161486,53): pattern does not contain all quantified variables.
WARNING: (161583,59): pattern does not contain all quantified variables.
WARNING: (185182,70): pattern does not contain all quantified variables.
WARNING: (185659,48): pattern does not contain all quantified variables.
WARNING: (140303,41): pattern does not contain all quantified variables.
WARNING: (140400,42): pattern does not contain all quantified variables.
WARNING: (140477,46): pattern does not contain all quantified variables.
WARNING: (140826,41): pattern does not contain all quantified variables.
WARNING: (151721,47): pattern does not contain all quantified variables.
WARNING: (153171,45): pattern does not contain all quantified variables.
WARNING: (161486,53): pattern does not contain all quantified variables.
WARNING: (161583,59): pattern does not contain all quantified variables.
WARNING: (185182,70): pattern does not contain all quantified variables.
WARNING: (185659,48): pattern does not contain all quantified variables.
WARNING: (140303,41): pattern does not contain all quantified variables.
WARNING: (140400,42): pattern does not contain all quantified variables.
WARNING: (140477,46): pattern does not contain all quantified variables.
WARNING: (140826,41): pattern does not contain all quantified variables.
WARNING: (151721,47): pattern does not contain all quantified variables.
WARNING: (153171,45): pattern does not contain all quantified variables.
WARNING: (161486,53): pattern does not contain all quantified variables.
WARNING: (161583,59): pattern does not contain all quantified variables.
WARNING: (185182,70): pattern does not contain all quantified variables.
WARNING: (185659,48): pattern does not contain all quantified variables.
WARNING: (140303,41): pattern does not contain all quantified variables.
WARNING: (140400,42): pattern does not contain all quantified variables.
WARNING: (140477,46): pattern does not contain all quantified variables.
WARNING: (140826,41): pattern does not contain all quantified variables.
WARNING: (151721,47): pattern does not contain all quantified variables.
WARNING: (153171,45): pattern does not contain all quantified variables.
WARNING: (161486,53): pattern does not contain all quantified variables.
WARNING: (161583,59): pattern does not contain all quantified variables.
WARNING: (185182,70): pattern does not contain all quantified variables.
WARNING: (185659,48): pattern does not contain all quantified variables.
WARNING: (140303,41): pattern does not contain all quantified variables.
WARNING: (140400,42): pattern does not contain all quantified variables.
WARNING: (140477,46): pattern does not contain all quantified variables.
WARNING: (140826,41): pattern does not contain all quantified variables.
WARNING: (151721,47): pattern does not contain all quantified variables.
WARNING: (153171,45): pattern does not contain all quantified variables.
WARNING: (161486,53): pattern does not contain all quantified variables.
WARNING: (161583,59): pattern does not contain all quantified variables.
WARNING: (185182,70): pattern does not contain all quantified variables.
WARNING: (185659,48): pattern does not contain all quantified variables.
WARNING: (140303,41): pattern does not contain all quantified variables.
WARNING: (140400,42): pattern does not contain all quantified variables.
WARNING: (140477,46): pattern does not contain all quantified variables.
WARNING: (140826,41): pattern does not contain all quantified variables.
WARNING: (151721,47): pattern does not contain all quantified variables.
WARNING: (153171,45): pattern does not contain all quantified variables.
WARNING: (161486,53): pattern does not contain all quantified variables.
WARNING: (161583,59): pattern does not contain all quantified variables.
WARNING: (185182,70): pattern does not contain all quantified variables.
WARNING: (185659,48): pattern does not contain all quantified variables.
WARNING: (140303,41): pattern does not contain all quantified variables.
WARNING: (140400,42): pattern does not contain all quantified variables.
WARNING: (140477,46): pattern does not contain all quantified variables.
WARNING: (140826,41): pattern does not contain all quantified variables.
WARNING: (151721,47): pattern does not contain all quantified variables.
WARNING: (153171,45): pattern does not contain all quantified variables.
WARNING: (161486,53): pattern does not contain all quantified variables.
WARNING: (161583,59): pattern does not contain all quantified variables.
WARNING: (185182,70): pattern does not contain all quantified variables.
WARNING: (185659,48): pattern does not contain all quantified variables.
WARNING: (12233,47): pattern does not contain all quantified variables.
WARNING: (140303,41): pattern does not contain all quantified variables.
WARNING: (140400,42): pattern does not contain all quantified variables.
WARNING: (140477,46): pattern does not contain all quantified variables.
WARNING: (140826,41): pattern does not contain all quantified variables.
WARNING: (151721,47): pattern does not contain all quantified variables.
WARNING: (153171,45): pattern does not contain all quantified variables.
WARNING: (161486,53): pattern does not contain all quantified variables.
WARNING: (161583,59): pattern does not contain all quantified variables.
WARNING: (185182,70): pattern does not contain all quantified variables.
WARNING: (185659,48): pattern does not contain all quantified variables.
WARNING: (12390,47): pattern does not contain all quantified variables.
WARNING: (12727,59): pattern does not contain all quantified variables.
WARNING: (12727,59): pattern does not contain all quantified variables.
WARNING: (12490,47): pattern does not contain all quantified variables.
WARNING: (140303,41): pattern does not contain all quantified variables.
WARNING: (140400,42): pattern does not contain all quantified variables.
WARNING: (140477,46): pattern does not contain all quantified variables.
WARNING: (140826,41): pattern does not contain all quantified variables.
WARNING: (151721,47): pattern does not contain all quantified variables.
WARNING: (153171,45): pattern does not contain all quantified variables.
WARNING: (161486,53): pattern does not contain all quantified variables.
WARNING: (161583,59): pattern does not contain all quantified variables.
WARNING: (185182,70): pattern does not contain all quantified variables.
WARNING: (185659,48): pattern does not contain all quantified variables.
WARNING: (140303,41): pattern does not contain all quantified variables.
WARNING: (140400,42): pattern does not contain all quantified variables.
WARNING: (140477,46): pattern does not contain all quantified variables.
WARNING: (140826,41): pattern does not contain all quantified variables.
WARNING: (151721,47): pattern does not contain all quantified variables.
WARNING: (153171,45): pattern does not contain all quantified variables.
WARNING: (161486,53): pattern does not contain all quantified variables.
WARNING: (161583,59): pattern does not contain all quantified variables.
WARNING: (185182,70): pattern does not contain all quantified variables.
WARNING: (185659,48): pattern does not contain all quantified variables.
WARNING: (12405,47): pattern does not contain all quantified variables.
WARNING: (140303,41): pattern does not contain all quantified variables.
WARNING: (140400,42): pattern does not contain all quantified variables.
WARNING: (140477,46): pattern does not contain all quantified variables.
WARNING: (140826,41): pattern does not contain all quantified variables.
WARNING: (151721,47): pattern does not contain all quantified variables.
WARNING: (153171,45): pattern does not contain all quantified variables.
WARNING: (161486,53): pattern does not contain all quantified variables.
WARNING: (161583,59): pattern does not contain all quantified variables.
WARNING: (185182,70): pattern does not contain all quantified variables.
WARNING: (185659,48): pattern does not contain all quantified variables.
WARNING: (140303,41): pattern does not contain all quantified variables.
WARNING: (140400,42): pattern does not contain all quantified variables.
WARNING: (140477,46): pattern does not contain all quantified variables.
WARNING: (140826,41): pattern does not contain all quantified variables.
WARNING: (151721,47): pattern does not contain all quantified variables.
WARNING: (153171,45): pattern does not contain all quantified variables.
WARNING: (161486,53): pattern does not contain all quantified variables.
WARNING: (161583,59): pattern does not contain all quantified variables.
WARNING: (185182,70): pattern does not contain all quantified variables.
WARNING: (185659,48): pattern does not contain all quantified variables.
WARNING: (12492,47): pattern does not contain all quantified variables.
WARNING: (140303,41): pattern does not contain all quantified variables.
WARNING: (140400,42): pattern does not contain all quantified variables.
WARNING: (140477,46): pattern does not contain all quantified variables.
WARNING: (140826,41): pattern does not contain all quantified variables.
WARNING: (151721,47): pattern does not contain all quantified variables.
WARNING: (153171,45): pattern does not contain all quantified variables.
WARNING: (161486,53): pattern does not contain all quantified variables.
WARNING: (161583,59): pattern does not contain all quantified variables.
WARNING: (185182,70): pattern does not contain all quantified variables.
WARNING: (185659,48): pattern does not contain all quantified variables.
.\FStar.BufferNG.fst(736,2-739,63): (Warning) Pattern misses at least one bound variable: i#182767
WARNING: (140303,41): pattern does not contain all quantified variables.
WARNING: (140400,42): pattern does not contain all quantified variables.
WARNING: (140477,46): pattern does not contain all quantified variables.
WARNING: (140826,41): pattern does not contain all quantified variables.
WARNING: (151721,47): pattern does not contain all quantified variables.
WARNING: (153171,45): pattern does not contain all quantified variables.
WARNING: (161486,53): pattern does not contain all quantified variables.
WARNING: (161583,59): pattern does not contain all quantified variables.
WARNING: (185182,70): pattern does not contain all quantified variables.
WARNING: (185659,48): pattern does not contain all quantified variables.
WARNING: (214286,42): pattern does not contain all quantified variables.
Warning: Unable to open hints file: C:\Build\Agent\_work\1\s\ulib\hyperstack\FStar.STNG.fst.hints; ran without hints
