warning: CRLF will be replaced by LF in src/parser/ml/parse.mly.
The file will have its original line endings in your working directory.
warning: CRLF will be replaced by LF in src/parser/parse.fsi.
The file will have its original line endings in your working directory.
C:\cygwin\home\darrenge\FStar\src\u_boot_fsts\FStar.All.fst(9,9-9,9) : (Error) Syntax error: Parsing.Parse_error
Unexpected error
FStar_Errors.Error(_)
Raised by primitive operation at file "src/batString.mlv", line 145, characters 30-54
Called from file "src/batReturn.ml", line 29, characters 6-29

make[4]: *** [Makefile:148: u_extract_misc] Error 1
C:\cygwin\home\darrenge\FStar\src\u_boot_fsts\FStar.All.fst(9,9-9,9) : (Error) Syntax error: Parsing.Parse_error
Unexpected error
FStar_Errors.Error(_)
Raised by primitive operation at file "src/batString.mlv", line 145, characters 30-54
Called from file "src/batReturn.ml", line 29, characters 6-29

make[4]: *** [Makefile:153: u_extract_syntax] Error 1
C:\cygwin\home\darrenge\FStar\src\u_boot_fsts\FStar.All.fst(9,9-9,9) : (Error) Syntax error: Parsing.Parse_error
Unexpected error
FStar_Errors.Error(_)
Raised by primitive operation at file "src/batString.mlv", line 145, characters 30-54
Called from file "src/batReturn.ml", line 29, characters 6-29

make[4]: *** [Makefile:156: u_extract_parser] Error 1
C:\cygwin\home\darrenge\FStar\src\u_boot_fsts\FStar.All.fst(9,9-9,9) : (Error) Syntax error: Parsing.Parse_error
Unexpected error
FStar_Errors.Error(_)
Raised by primitive operation at file "src/batString.mlv", line 145, characters 30-54
Called from file "src/batReturn.ml", line 29, characters 6-29

make[4]: *** [Makefile:159: u_extract_normalizer] Error 1
C:\cygwin\home\darrenge\FStar\src\u_boot_fsts\FStar.All.fst(9,9-9,9) : (Error) Syntax error: Parsing.Parse_error
Unexpected error
FStar_Errors.Error(_)
Raised by primitive operation at file "src/batString.mlv", line 145, characters 30-54
Called from file "src/batReturn.ml", line 29, characters 6-29

make[4]: *** [Makefile:162: u_extract_rel] Error 1
C:\cygwin\home\darrenge\FStar\src\u_boot_fsts\FStar.All.fst(9,9-9,9) : (Error) Syntax error: Parsing.Parse_error
Unexpected error
FStar_Errors.Error(_)
Raised by primitive operation at file "src/batString.mlv", line 145, characters 30-54
Called from file "src/batReturn.ml", line 29, characters 6-29

make[4]: *** [Makefile:165: u_extract_util] Error 1
C:\cygwin\home\darrenge\FStar\src\u_boot_fsts\FStar.All.fst(9,9-9,9) : (Error) Syntax error: Parsing.Parse_error
Unexpected error
FStar_Errors.Error(_)
Raised by primitive operation at file "src/batString.mlv", line 145, characters 30-54
Called from file "src/batReturn.ml", line 29, characters 6-29

make[4]: *** [Makefile:168: u_extract_dmff] Error 1
C:\cygwin\home\darrenge\FStar\src\u_boot_fsts\FStar.All.fst(9,9-9,9) : (Error) Syntax error: Parsing.Parse_error
Unexpected error
FStar_Errors.Error(_)
Raised by primitive operation at file "src/batString.mlv", line 145, characters 30-54
Called from file "src/batReturn.ml", line 29, characters 6-29

make[4]: *** [Makefile:171: u_extract_tcterm] Error 1
C:\cygwin\home\darrenge\FStar\src\u_boot_fsts\FStar.All.fst(9,9-9,9) : (Error) Syntax error: Parsing.Parse_error
Unexpected error
FStar_Errors.Error(_)
Raised by primitive operation at file "src/batString.mlv", line 145, characters 30-54
Called from file "src/batReturn.ml", line 29, characters 6-29

make[4]: *** [Makefile:174: u_extract_tcinductive] Error 1
C:\cygwin\home\darrenge\FStar\src\u_boot_fsts\FStar.All.fst(9,9-9,9) : (Error) Syntax error: Parsing.Parse_error
Unexpected error
FStar_Errors.Error(_)
Raised by primitive operation at file "src/batString.mlv", line 145, characters 30-54
Called from file "src/batReturn.ml", line 29, characters 6-29

make[4]: *** [Makefile:177: u_extract_tc] Error 1
make[4]: Target 'u_extract_typechecker' not remade because of errors.
C:\cygwin\home\darrenge\FStar\src\u_boot_fsts\FStar.All.fst(9,9-9,9) : (Error) Syntax error: Parsing.Parse_error
Unexpected error
FStar_Errors.Error(_)
Raised by primitive operation at file "src/batString.mlv", line 145, characters 30-54
Called from file "src/batReturn.ml", line 29, characters 6-29

make[4]: *** [Makefile:182: u_extract_tosyntax] Error 1
C:\cygwin\home\darrenge\FStar\src\u_boot_fsts\FStar.All.fst(9,9-9,9) : (Error) Syntax error: Parsing.Parse_error
Unexpected error
FStar_Errors.Error(_)
Raised by primitive operation at file "src/batString.mlv", line 145, characters 30-54
Called from file "src/batReturn.ml", line 29, characters 6-29

make[4]: *** [Makefile:188: u_extract_smtencoding_base] Error 1
C:\cygwin\home\darrenge\FStar\src\u_boot_fsts\FStar.All.fst(9,9-9,9) : (Error) Syntax error: Parsing.Parse_error
Unexpected error
FStar_Errors.Error(_)
Raised by primitive operation at file "src/batString.mlv", line 145, characters 30-54
Called from file "src/batReturn.ml", line 29, characters 6-29

make[4]: *** [Makefile:194: u_extract_encode] Error 1
C:\cygwin\home\darrenge\FStar\src\u_boot_fsts\FStar.All.fst(9,9-9,9) : (Error) Syntax error: Parsing.Parse_error
Unexpected error
FStar_Errors.Error(_)
Raised by primitive operation at file "src/batString.mlv", line 145, characters 30-54
Called from file "src/batReturn.ml", line 29, characters 6-29

make[4]: *** [Makefile:197: u_extract_solver] Error 1
make[4]: Target 'u_extract_smtencoding' not remade because of errors.
C:\cygwin\home\darrenge\FStar\src\u_boot_fsts\FStar.All.fst(9,9-9,9) : (Error) Syntax error: Parsing.Parse_error
Unexpected error
FStar_Errors.Error(_)
Raised by primitive operation at file "src/batString.mlv", line 145, characters 30-54
Called from file "src/batReturn.ml", line 29, characters 6-29

make[4]: *** [Makefile:185: u_extract_extraction] Error 1
C:\cygwin\home\darrenge\FStar\src\u_boot_fsts\FStar.All.fst(9,9-9,9) : (Error) Syntax error: Parsing.Parse_error
Unexpected error
FStar_Errors.Error(_)
Raised by primitive operation at file "src/batString.mlv", line 145, characters 30-54
Called from file "src/batReturn.ml", line 29, characters 6-29

make[4]: *** [Makefile:202: u_extract_fstar] Error 1
make[3]: *** [Makefile:222: ocaml] Error 2
make[2]: *** [Makefile:234: fstar-ocaml] Error 2
make[1]: *** [Makefile:248: utest] Error 2
make: *** [Makefile:271: ulong] Error 2
