make[1]: warning: jobserver unavailable: using -j1.  Add '+' to parent make rule.
make[1]: warning: jobserver unavailable: using -j1.  Add '+' to parent make rule.
Warning: you are using the standard library and/or the %inline keyword. We
recommend switching on --infer in order to avoid obscure type error messages.
warning: CRLF will be replaced by LF in doc/slides/popl2015/intro-tiny-fstar.mdk.
The file will have its original line endings in your working directory.
warning: CRLF will be replaced by LF in doc/slides/popl2015/overview-presentation.mdk.
The file will have its original line endings in your working directory.
warning: CRLF will be replaced by LF in src/parser/parse.fsi.
The file will have its original line endings in your working directory.
File "src/basic/ml/FStar_Util.ml", line 47, characters 57-65:
Warning 40: st_mtime was selected from type BatUnix.stats.
It is not visible in the current scope, and will not 
be selected if the type becomes unknown.
File "src/basic/ml/FStar_Util.ml", line 47, characters 57-65:
Warning 40: st_mtime was selected from type BatUnix.stats.
It is not visible in the current scope, and will not 
be selected if the type becomes unknown.
make[3]: warning: jobserver unavailable: using -j1.  Add '+' to parent make rule.
.\u_boot_fsts\FStar.TypeChecker.Util.fst(70,0-72,32): (Warning) Annotation from val declaration overrides inline type annotation
.\u_boot_fsts\FStar.Syntax.Syntax.fst(394,0-394,33): (Warning) Annotation from val declaration overrides inline type annotation
.\u_boot_fsts\FStar.Syntax.Syntax.fst(445,0-445,48): (Warning) Annotation from val declaration overrides inline type annotation
.\u_boot_fsts\FStar.Syntax.Syntax.fst(446,0-446,76): (Warning) Annotation from val declaration overrides inline type annotation
.\u_boot_fsts\FStar.Syntax.Syntax.fst(497,0-499,38): (Warning) Annotation from val declaration overrides inline type annotation
.\u_boot_fsts\FStar.TypeChecker.Env.fst(280,0-284,35): (Warning) Annotation from val declaration overrides inline type annotation
.\u_boot_fsts\FStar.TypeChecker.Env.fst(718,0-720,39): (Warning) Annotation from val declaration overrides inline type annotation
warning: CRLF will be replaced by LF in doc/slides/popl2015/intro-tiny-fstar.mdk.
The file will have its original line endings in your working directory.
warning: CRLF will be replaced by LF in doc/slides/popl2015/overview-presentation.mdk.
The file will have its original line endings in your working directory.
warning: CRLF will be replaced by LF in src/parser/ml/parse.mly.
The file will have its original line endings in your working directory.
warning: CRLF will be replaced by LF in src/parser/parse.fsi.
The file will have its original line endings in your working directory.
warning: CRLF will be replaced by LF in src/parser/parse.fsy.
The file will have its original line endings in your working directory.
.\hello.fst(5,0-5,37): (Warning) Top-level let-bindings must be total; this term may have effects
.\Ex01a.fst(68,0-68,48): (Warning) Top-level let-bindings must be total; this term may have effects
.\Ex01a.fst(58,0-58,48): (Warning) Top-level let-bindings must be total; this term may have effects
make[2]: *** [Makefile:47: search.cons-snoc.out.check] Error 1
make[2]: Target 'default' not remade because of errors.
make[1]: *** [Makefile:262: interactive-test] Error 2
.\Encrypt_SymEnc.fst(29,0-29,18): (Warning) Top-level let-bindings must be total; this term may have effects
.\MAC.fst(45,0-45,35): (Warning) Top-level let-bindings must be total; this term may have effects
.\Platform.Bytes.fst(15,32-18,29): (Warning) Pattern misses at least one bound variable: uu___#1001282
.\RPC.fst(9,0-9,53): (Warning) Top-level let-bindings must be total; this term may have effects
.\RPC.fst(23,0-23,39): (Warning) Top-level let-bindings must be total; this term may have effects
.\Ex10a.fst(27,0-27,22): (Warning) Top-level let-bindings must be total; this term may have effects
.\RPC.fst(48,0-49,16): (Warning) Top-level let-bindings must be total; this term may have effects
WARNING: (7988,51): pattern does not contain all quantified variables.
WARNING: (7988,51): pattern does not contain all quantified variables.
.\RPC.fst(116,0-116,17): (Warning) Top-level let-bindings must be total; this term may have effects
WARNING: (7943,46): pattern does not contain any variable.
WARNING: (8125,46): pattern does not contain any variable.
WARNING: (7842,46): pattern does not contain any variable.
.\Platform.Bytes.fst(257,22-260,30): (Warning) Pattern misses at least one bound variable: i#1038088
.\Platform.Bytes.fst(261,8-261,24): (Warning) Pattern misses at least one bound variable: i#1040145 (see also .\Platform.Bytes.fst(257,156-260,30))
WARNING: (8148,46): pattern does not contain any variable.
.\CntProtocol.fst(14,0-14,53): (Warning) Top-level let-bindings must be total; this term may have effects
.\CntProtocol.fst(29,0-29,26): (Warning) Top-level let-bindings must be total; this term may have effects
.\CntProtocol.fst(32,0-32,54): (Warning) Top-level let-bindings must be total; this term may have effects
.\CntProtocol.fst(35,0-35,54): (Warning) Top-level let-bindings must be total; this term may have effects
WARNING: (81655,46): pattern does not contain any variable.
WARNING: (85534,43): pattern does not contain all quantified variables.
.\CntProtocol.fst(99,0-99,39): (Warning) Top-level let-bindings must be total; this term may have effects
.\Ex12a.Cap.fst(21,0-21,26): (Warning) Top-level let-bindings must be total; this term may have effects
.\CntProtocol.fst(126,0-126,18): (Warning) Top-level let-bindings must be total; this term may have effects
WARNING: (81655,46): pattern does not contain any variable.
WARNING: (85534,43): pattern does not contain all quantified variables.
WARNING: (81655,46): pattern does not contain any variable.
WARNING: (85534,43): pattern does not contain all quantified variables.
.\CntProtocol.fst(172,0-188,5): (Warning) Top-level let-bindings must be total; this term may have effects
WARNING: (81655,46): pattern does not contain any variable.
WARNING: (85534,43): pattern does not contain all quantified variables.
WARNING: (81655,46): pattern does not contain any variable.
WARNING: (85534,43): pattern does not contain all quantified variables.
WARNING: (81655,46): pattern does not contain any variable.
WARNING: (85534,43): pattern does not contain all quantified variables.
WARNING: (81655,46): pattern does not contain any variable.
WARNING: (85534,43): pattern does not contain all quantified variables.
WARNING: (81655,46): pattern does not contain any variable.
WARNING: (85534,43): pattern does not contain all quantified variables.
WARNING: (81655,46): pattern does not contain any variable.
WARNING: (85534,43): pattern does not contain all quantified variables.
.\Platform.Bytes.fst(15,40-18,29): (Warning) Pattern misses at least one bound variable: uu___#1075653
.\Platform.Bytes.fst(261,8-261,24): (Warning) Pattern misses at least one bound variable: i#1084041 (see also .\Platform.Bytes.fst(257,156-260,30))
.\TestMRef.fst(8,0-8,20): (Warning) Top-level let-bindings must be total; this term may have effects
.\FirstProofs.fst(17,0-19,38): (Error) Unknown assertion failed
Verified module: FirstProofs (6498 milliseconds)
1 error was reported (see above)
make[3]: *** [../Makefile.include:15: FirstProofs.uver] Error 1
.\Ex10a.fst(27,0-27,22): (Warning) Top-level let-bindings must be total; this term may have effects
.\Mac.fst(70,0-70,35): (Warning) Top-level let-bindings must be total; this term may have effects
.\HyE.HCCA2.fst(0,0-0,0): (Warning) HyE.HCCA2: Unexpected output from Z3: (error "line 188038 column 0: unknown constant Tm_arrow_be7ac0e7f825af9a08f8642eacc6ec68")

.\HyE.HCCA2.fst(0,0-0,0): (Warning) HyE.HCCA2: Unexpected output from Z3: (error "line 188122 column 0: unknown constant Tm_arrow_be7ac0e7f825af9a08f8642eacc6ec68")

.\HyE.HCCA2.fst(0,0-0,0): (Warning) HyE.HCCA2: Unexpected output from Z3: (error "line 188228 column 0: unknown constant Tm_arrow_be7ac0e7f825af9a08f8642eacc6ec68")

.\HyE.HCCA2.fst(0,0-0,0): (Warning) HyE.HCCA2: Unexpected output from Z3: (error "line 188278 column 0: unknown constant Tm_arrow_be7ac0e7f825af9a08f8642eacc6ec68")

.\HyE.HCCA2.fst(0,0-0,0): (Warning) HyE.HCCA2: Unexpected output from Z3: (error "line 188401 column 0: unknown constant Tm_arrow_be7ac0e7f825af9a08f8642eacc6ec68")

.\HyE.HCCA2.fst(0,0-0,0): (Warning) HyE.HCCA2: Unexpected output from Z3: (error "line 192508 column 0: unknown constant Tm_arrow_be7ac0e7f825af9a08f8642eacc6ec68")

.\HyE.HCCA2.fst(0,0-0,0): (Warning) HyE.HCCA2: Unexpected output from Z3: (error "line 192585 column 0: unknown constant Tm_arrow_be7ac0e7f825af9a08f8642eacc6ec68")

.\HyE.HCCA2.fst(0,0-0,0): (Warning) HyE.HCCA2: Unexpected output from Z3: (error "line 192615 column 0: unknown constant Tm_arrow_be7ac0e7f825af9a08f8642eacc6ec68")

.\HyE.HCCA2.fst(0,0-0,0): (Warning) HyE.HCCA2: Unexpected output from Z3: (error "line 188038 column 0: unknown constant Tm_arrow_be7ac0e7f825af9a08f8642eacc6ec68")

.\HyE.HCCA2.fst(0,0-0,0): (Warning) HyE.HCCA2: Unexpected output from Z3: (error "line 188122 column 0: unknown constant Tm_arrow_be7ac0e7f825af9a08f8642eacc6ec68")

.\HyE.HCCA2.fst(0,0-0,0): (Warning) HyE.HCCA2: Unexpected output from Z3: (error "line 188228 column 0: unknown constant Tm_arrow_be7ac0e7f825af9a08f8642eacc6ec68")

.\HyE.HCCA2.fst(0,0-0,0): (Warning) HyE.HCCA2: Unexpected output from Z3: (error "line 188278 column 0: unknown constant Tm_arrow_be7ac0e7f825af9a08f8642eacc6ec68")

.\HyE.HCCA2.fst(0,0-0,0): (Warning) HyE.HCCA2: Unexpected output from Z3: (error "line 188401 column 0: unknown constant Tm_arrow_be7ac0e7f825af9a08f8642eacc6ec68")

.\HyE.HCCA2.fst(0,0-0,0): (Warning) HyE.HCCA2: Unexpected output from Z3: (error "line 192508 column 0: unknown constant Tm_arrow_be7ac0e7f825af9a08f8642eacc6ec68")

.\HyE.HCCA2.fst(0,0-0,0): (Warning) HyE.HCCA2: Unexpected output from Z3: (error "line 192585 column 0: unknown constant Tm_arrow_be7ac0e7f825af9a08f8642eacc6ec68")

.\HyE.HCCA2.fst(0,0-0,0): (Warning) HyE.HCCA2: Unexpected output from Z3: (error "line 192615 column 0: unknown constant Tm_arrow_be7ac0e7f825af9a08f8642eacc6ec68")

.\Ex12a.Cap.fst(19,0-19,26): (Warning) Top-level let-bindings must be total; this term may have effects
.\Ex12b.RPC.fst(8,0-8,53): (Warning) Top-level let-bindings must be total; this term may have effects
.\Ex12b.RPC.fst(21,0-21,39): (Warning) Top-level let-bindings must be total; this term may have effects
.\Ex12b.RPC.fst(53,0-54,16): (Warning) Top-level let-bindings must be total; this term may have effects
make[5]: warning: jobserver unavailable: using -j1.  Add '+' to parent make rule.
.\Ex12b.RPC.fst(123,0-123,17): (Warning) Top-level let-bindings must be total; this term may have effects
make[5]: warning: jobserver unavailable: using -j1.  Add '+' to parent make rule.
File "extracted/FStar_Pervasives.ml", line 22, characters 35-66:
Warning 8: this pattern-matching is not exhaustive.
Here is an example of a value that is not matched:
(E _|Err _)
File "extracted/FStar_Pervasives.ml", line 25, characters 35-66:
Warning 8: this pattern-matching is not exhaustive.
Here is an example of a value that is not matched:
(V _|Err _)
File "extracted/FStar_Pervasives.ml", line 28, characters 39-76:
Warning 8: this pattern-matching is not exhaustive.
Here is an example of a value that is not matched:
(V _|E _)
File "extracted/FStar_Pervasives.ml", line 66, characters 37-70:
Warning 8: this pattern-matching is not exhaustive.
Here is an example of a value that is not matched:
Inr _
File "extracted/FStar_Pervasives.ml", line 69, characters 37-70:
Warning 8: this pattern-matching is not exhaustive.
Here is an example of a value that is not matched:
Inl _
make[3]: Target 'all' not remade because of errors.
make[2]: *** [Makefile:36: micro-benchmarks.all] Error 2
.\Ex01a.fst(58,0-58,48): (Warning) Top-level let-bindings must be total; this term may have effects
make[3]: [Makefile:66: Ex01a-ocaml] Error 2 (ignored)
make[2]: Target 'all' not remade because of errors.
make[1]: *** [Makefile:275: uexamples] Error 2
.\FStar.Map.fst(0,0-0,0): (Warning) FStar.Monotonic.RRef: Unexpected output from Z3: (error "line 9023 column 0: unknown constant Tm_arrow_be7ac0e7f825af9a08f8642eacc6ec68")

.\FStar.Map.fst(0,0-0,0): (Warning) FStar.Monotonic.RRef: Unexpected output from Z3: (error "line 98796 column 0: unknown constant Tm_arrow_be7ac0e7f825af9a08f8642eacc6ec68")

.\FStar.Map.fst(0,0-0,0): (Warning) FStar.Monotonic.RRef: Unexpected output from Z3: (error "line 98880 column 0: unknown constant Tm_arrow_be7ac0e7f825af9a08f8642eacc6ec68")

.\FStar.Map.fst(0,0-0,0): (Warning) FStar.Monotonic.RRef: Unexpected output from Z3: (error "line 98986 column 0: unknown constant Tm_arrow_be7ac0e7f825af9a08f8642eacc6ec68")

.\FStar.Map.fst(0,0-0,0): (Warning) FStar.Monotonic.RRef: Unexpected output from Z3: (error "line 99036 column 0: unknown constant Tm_arrow_be7ac0e7f825af9a08f8642eacc6ec68")

.\FStar.Map.fst(0,0-0,0): (Warning) FStar.Monotonic.RRef: Unexpected output from Z3: (error "line 99087 column 0: unknown constant Tm_arrow_be7ac0e7f825af9a08f8642eacc6ec68")

.\FStar.Map.fst(0,0-0,0): (Warning) FStar.Monotonic.RRef: Unexpected output from Z3: (error "line 99343 column 0: unknown constant Tm_arrow_be7ac0e7f825af9a08f8642eacc6ec68")

.\FStar.Map.fst(0,0-0,0): (Warning) FStar.Monotonic.RRef: Unexpected output from Z3: (error "line 99599 column 0: unknown constant Tm_arrow_be7ac0e7f825af9a08f8642eacc6ec68")

.\FStar.Map.fst(0,0-0,0): (Warning) FStar.Monotonic.RRef: Unexpected output from Z3: (error "line 99855 column 0: unknown constant Tm_arrow_be7ac0e7f825af9a08f8642eacc6ec68")

.\FStar.Map.fst(0,0-0,0): (Warning) FStar.Monotonic.RRef: Unexpected output from Z3: (error "line 100111 column 0: unknown constant Tm_arrow_be7ac0e7f825af9a08f8642eacc6ec68")

.\FStar.Map.fst(0,0-0,0): (Warning) FStar.Monotonic.Seq: Unexpected output from Z3: (error "line 10914 column 0: unknown constant Tm_arrow_be7ac0e7f825af9a08f8642eacc6ec68")

.\FStar.Map.fst(0,0-0,0): (Warning) FStar.Monotonic.Seq: Unexpected output from Z3: (error "line 98774 column 0: unknown constant Tm_arrow_be7ac0e7f825af9a08f8642eacc6ec68")

.\FStar.Map.fst(0,0-0,0): (Warning) FStar.Monotonic.Seq: Unexpected output from Z3: (error "line 98858 column 0: unknown constant Tm_arrow_be7ac0e7f825af9a08f8642eacc6ec68")

.\FStar.Map.fst(0,0-0,0): (Warning) FStar.Monotonic.Seq: Unexpected output from Z3: (error "line 98964 column 0: unknown constant Tm_arrow_be7ac0e7f825af9a08f8642eacc6ec68")

.\FStar.Map.fst(0,0-0,0): (Warning) FStar.Monotonic.Seq: Unexpected output from Z3: (error "line 99014 column 0: unknown constant Tm_arrow_be7ac0e7f825af9a08f8642eacc6ec68")

.\FStar.Map.fst(0,0-0,0): (Warning) FStar.Monotonic.Seq: Unexpected output from Z3: (error "line 99137 column 0: unknown constant Tm_arrow_be7ac0e7f825af9a08f8642eacc6ec68")

.\FStar.Map.fst(0,0-0,0): (Warning) FStar.Monotonic.Seq: Unexpected output from Z3: (error "line 111772 column 0: unknown constant Tm_arrow_be7ac0e7f825af9a08f8642eacc6ec68")

.\FStar.Map.fst(0,0-0,0): (Warning) FStar.Monotonic.Seq: Unexpected output from Z3: (error "line 111800 column 0: unknown constant Tm_arrow_be7ac0e7f825af9a08f8642eacc6ec68")

.\FStar.Map.fst(0,0-0,0): (Warning) FStar.Monotonic.Seq: Unexpected output from Z3: (error "line 112348 column 0: unknown constant Tm_arrow_be7ac0e7f825af9a08f8642eacc6ec68")

.\FStar.Map.fst(0,0-0,0): (Warning) FStar.Monotonic.Seq: Unexpected output from Z3: (error "line 113110 column 0: unknown constant Tm_arrow_be7ac0e7f825af9a08f8642eacc6ec68")

.\FStar.Map.fst(0,0-0,0): (Warning) FStar.Monotonic.Seq: Unexpected output from Z3: (error "line 113872 column 0: unknown constant Tm_arrow_be7ac0e7f825af9a08f8642eacc6ec68")

.\FStar.Map.fst(0,0-0,0): (Warning) FStar.Monotonic.Seq: Unexpected output from Z3: (error "line 114634 column 0: unknown constant Tm_arrow_be7ac0e7f825af9a08f8642eacc6ec68")

.\FStar.Map.fst(0,0-0,0): (Warning) FStar.Monotonic.Seq: Unexpected output from Z3: (error "line 115396 column 0: unknown constant Tm_arrow_be7ac0e7f825af9a08f8642eacc6ec68")

.\FStar.Map.fst(0,0-0,0): (Warning) FStar.Monotonic.Seq: Unexpected output from Z3: (error "line 10873 column 0: unknown constant Tm_arrow_be7ac0e7f825af9a08f8642eacc6ec68")

.\FStar.Map.fst(0,0-0,0): (Warning) FStar.Monotonic.Seq: Unexpected output from Z3: (error "line 98774 column 0: unknown constant Tm_arrow_be7ac0e7f825af9a08f8642eacc6ec68")

.\FStar.Map.fst(0,0-0,0): (Warning) FStar.Monotonic.Seq: Unexpected output from Z3: (error "line 98858 column 0: unknown constant Tm_arrow_be7ac0e7f825af9a08f8642eacc6ec68")

.\FStar.Map.fst(0,0-0,0): (Warning) FStar.Monotonic.Seq: Unexpected output from Z3: (error "line 98964 column 0: unknown constant Tm_arrow_be7ac0e7f825af9a08f8642eacc6ec68")

.\FStar.Map.fst(0,0-0,0): (Warning) FStar.Monotonic.Seq: Unexpected output from Z3: (error "line 99014 column 0: unknown constant Tm_arrow_be7ac0e7f825af9a08f8642eacc6ec68")

.\FStar.Map.fst(0,0-0,0): (Warning) FStar.Monotonic.Seq: Unexpected output from Z3: (error "line 99137 column 0: unknown constant Tm_arrow_be7ac0e7f825af9a08f8642eacc6ec68")

.\FStar.Map.fst(0,0-0,0): (Warning) FStar.Monotonic.Seq: Unexpected output from Z3: (error "line 111695 column 0: unknown constant Tm_arrow_be7ac0e7f825af9a08f8642eacc6ec68")

.\FStar.Map.fst(0,0-0,0): (Warning) FStar.Monotonic.Seq: Unexpected output from Z3: (error "line 111724 column 0: unknown constant Tm_arrow_be7ac0e7f825af9a08f8642eacc6ec68")

.\FStar.Map.fst(0,0-0,0): (Warning) FStar.Monotonic.Seq: Unexpected output from Z3: (error "line 112086 column 0: unknown constant Tm_arrow_be7ac0e7f825af9a08f8642eacc6ec68")

.\FStar.Map.fst(0,0-0,0): (Warning) FStar.Monotonic.Seq: Unexpected output from Z3: (error "line 112728 column 0: unknown constant Tm_arrow_be7ac0e7f825af9a08f8642eacc6ec68")

.\FStar.Map.fst(0,0-0,0): (Warning) FStar.Monotonic.Seq: Unexpected output from Z3: (error "line 113370 column 0: unknown constant Tm_arrow_be7ac0e7f825af9a08f8642eacc6ec68")

.\FStar.Map.fst(0,0-0,0): (Warning) FStar.Monotonic.Seq: Unexpected output from Z3: (error "line 114012 column 0: unknown constant Tm_arrow_be7ac0e7f825af9a08f8642eacc6ec68")

.\FStar.Map.fst(0,0-0,0): (Warning) FStar.Monotonic.Seq: Unexpected output from Z3: (error "line 114654 column 0: unknown constant Tm_arrow_be7ac0e7f825af9a08f8642eacc6ec68")

.\FStar.Map.fst(0,0-0,0): (Warning) FStar.Monotonic.Seq: Unexpected output from Z3: (error "line 12095 column 0: unknown constant Tm_arrow_be7ac0e7f825af9a08f8642eacc6ec68")

.\FStar.Map.fst(0,0-0,0): (Warning) FStar.Monotonic.Seq: Unexpected output from Z3: (error "line 98774 column 0: unknown constant Tm_arrow_be7ac0e7f825af9a08f8642eacc6ec68")

.\FStar.Map.fst(0,0-0,0): (Warning) FStar.Monotonic.Seq: Unexpected output from Z3: (error "line 98858 column 0: unknown constant Tm_arrow_be7ac0e7f825af9a08f8642eacc6ec68")

.\FStar.Map.fst(0,0-0,0): (Warning) FStar.Monotonic.Seq: Unexpected output from Z3: (error "line 98964 column 0: unknown constant Tm_arrow_be7ac0e7f825af9a08f8642eacc6ec68")

.\FStar.Map.fst(0,0-0,0): (Warning) FStar.Monotonic.Seq: Unexpected output from Z3: (error "line 99014 column 0: unknown constant Tm_arrow_be7ac0e7f825af9a08f8642eacc6ec68")

.\FStar.Map.fst(0,0-0,0): (Warning) FStar.Monotonic.Seq: Unexpected output from Z3: (error "line 99137 column 0: unknown constant Tm_arrow_be7ac0e7f825af9a08f8642eacc6ec68")

.\FStar.Map.fst(0,0-0,0): (Warning) FStar.Monotonic.Seq: Unexpected output from Z3: (error "line 113797 column 0: unknown constant Tm_arrow_be7ac0e7f825af9a08f8642eacc6ec68")

.\FStar.Map.fst(0,0-0,0): (Warning) FStar.Monotonic.Seq: Unexpected output from Z3: (error "line 113874 column 0: unknown constant Tm_arrow_be7ac0e7f825af9a08f8642eacc6ec68")

.\FStar.Map.fst(0,0-0,0): (Warning) FStar.Monotonic.Seq: Unexpected output from Z3: (error "line 113904 column 0: unknown constant Tm_arrow_be7ac0e7f825af9a08f8642eacc6ec68")

.\FStar.Map.fst(0,0-0,0): (Warning) FStar.Monotonic.Seq: Unexpected output from Z3: (error "line 114876 column 0: unknown constant Tm_arrow_be7ac0e7f825af9a08f8642eacc6ec68")

.\FStar.Map.fst(0,0-0,0): (Warning) FStar.Monotonic.Seq: Unexpected output from Z3: (error "line 116126 column 0: unknown constant Tm_arrow_be7ac0e7f825af9a08f8642eacc6ec68")

.\FStar.Map.fst(0,0-0,0): (Warning) FStar.Monotonic.Seq: Unexpected output from Z3: (error "line 117376 column 0: unknown constant Tm_arrow_be7ac0e7f825af9a08f8642eacc6ec68")

.\FStar.Map.fst(0,0-0,0): (Warning) FStar.Monotonic.Seq: Unexpected output from Z3: (error "line 118626 column 0: unknown constant Tm_arrow_be7ac0e7f825af9a08f8642eacc6ec68")

.\FStar.Map.fst(0,0-0,0): (Warning) FStar.Monotonic.Seq: Unexpected output from Z3: (error "line 119876 column 0: unknown constant Tm_arrow_be7ac0e7f825af9a08f8642eacc6ec68")

.\FStar.Monotonic.RRef.fst(118,0-118,29): (Error) Unknown assertion failed
.\FStar.Monotonic.Seq.fst(177,0-183,56): (Error) Unknown assertion failed
.\FStar.Monotonic.Seq.fst(188,0-191,58): (Error) Unknown assertion failed
.\FStar.Monotonic.Seq.fst(460,0-477,15): (Error) Unknown assertion failed
Verified module: FStar.Map (3958 milliseconds)
Verified module: FStar.HyperStack (13495 milliseconds)
Verified module: FStar.ST (13132 milliseconds)
Verified module: FStar.All (43 milliseconds)
Verified module: FStar.Monotonic.RRef (2873 milliseconds)
Verified module: FStar.Monotonic.Seq (18037 milliseconds)
4 errors were reported (see above)
make[2]: *** [Makefile:57: m_rref] Error 1
make[2]: Target 'all' not remade because of errors.
make[1]: *** [Makefile:272: ulib] Error 2
make[1]: Target 'uregressions' not remade because of errors.
make: *** [Makefile:256: utest] Error 2
