dos2unix: converting file parser/parse.fsi to Unix format...
Warning: you are using the standard library and/or the %inline keyword. We
recommend switching on --infer in order to avoid obscure type error messages.
dos2unix: converting file parse.mly to Unix format...
File "src/basic/ml/FStar_Util.ml", line 47, characters 57-65:
Warning 40: st_mtime was selected from type BatUnix.stats.
It is not visible in the current scope, and will not 
be selected if the type becomes unknown.
File "src/basic/ml/FStar_Util.ml", line 47, characters 57-65:
Warning 40: st_mtime was selected from type BatUnix.stats.
It is not visible in the current scope, and will not 
be selected if the type becomes unknown.
Unexpected error
FStar_Errors.Error(_)
Raised at file "src/ocaml-output/FStar_Parser_Driver.ml", line 44, characters 38-67
Called from file "src/ocaml-output/FStar_Parser_Dep.ml", line 621, characters 30-69
Called from file "list.ml", line 73, characters 12-15
Called from file "list.ml", line 73, characters 12-15
Called from file "list.ml", line 73, characters 12-15
Called from file "src/ocaml-output/FStar_Parser_Dep.ml", line 724, characters 6-62
Called from file "src/ocaml-output/FStar_Dependencies.ml", line 12, characters 24-66
Called from file "src/ocaml-output/FStar_Main.ml", line 205, characters 27-116
Called from file "src/ocaml-output/FStar_Main.ml", line 230, characters 6-11

C:\Build\Agent2\_work\1\s\src\u_boot_fsts\FStar.Options.fsti(45,18-45,18): (Error) Syntax error: Parsing.Parse_error
1 error was reported (see above)
make[3]: *** [Makefile:179: u_extract_rel] Error 1
Unexpected error
FStar_Errors.Error(_)
Raised at file "src/ocaml-output/FStar_Parser_Driver.ml", line 44, characters 38-67
Called from file "src/ocaml-output/FStar_Parser_Dep.ml", line 621, characters 30-69
Called from file "list.ml", line 73, characters 12-15
Called from file "list.ml", line 73, characters 12-15
Called from file "list.ml", line 73, characters 12-15
Called from file "src/ocaml-output/FStar_Parser_Dep.ml", line 724, characters 6-62
Called from file "src/ocaml-output/FStar_Dependencies.ml", line 12, characters 24-66
Called from file "src/ocaml-output/FStar_Main.ml", line 205, characters 27-116
Called from file "src/ocaml-output/FStar_Main.ml", line 230, characters 6-11

C:\Build\Agent2\_work\1\s\src\u_boot_fsts\FStar.Options.fsti(45,18-45,18): (Error) Syntax error: Parsing.Parse_error
1 error was reported (see above)
make[3]: *** [Makefile:217: u_extract_solver] Error 1
Unexpected error
FStar_Errors.Error(_)
Raised at file "src/ocaml-output/FStar_Parser_Driver.ml", line 44, characters 38-67
Called from file "src/ocaml-output/FStar_Parser_Dep.ml", line 621, characters 30-69
Called from file "list.ml", line 73, characters 12-15
Called from file "list.ml", line 73, characters 12-15
Called from file "src/ocaml-output/FStar_Parser_Dep.ml", line 724, characters 6-62
Called from file "src/ocaml-output/FStar_Dependencies.ml", line 12, characters 24-66
Called from file "src/ocaml-output/FStar_Main.ml", line 205, characters 27-116
Called from file "src/ocaml-output/FStar_Main.ml", line 230, characters 6-11

C:\Build\Agent2\_work\1\s\src\u_boot_fsts\FStar.Options.fsti(45,18-45,18): (Error) Syntax error: Parsing.Parse_error
1 error was reported (see above)
make[3]: *** [Makefile:185: u_extract_dmff] Error 1
Unexpected error
FStar_Errors.Error(_)
Raised at file "src/ocaml-output/FStar_Parser_Driver.ml", line 44, characters 38-67
Called from file "src/ocaml-output/FStar_Parser_Dep.ml", line 621, characters 30-69
Called from file "list.ml", line 73, characters 12-15
Called from file "list.ml", line 73, characters 12-15
Called from file "src/ocaml-output/FStar_Parser_Dep.ml", line 724, characters 6-62
Called from file "src/ocaml-output/FStar_Dependencies.ml", line 12, characters 24-66
Called from file "src/ocaml-output/FStar_Main.ml", line 205, characters 27-116
Called from file "src/ocaml-output/FStar_Main.ml", line 230, characters 6-11

C:\Build\Agent2\_work\1\s\src\u_boot_fsts\FStar.Options.fsti(45,18-45,18): (Error) Syntax error: Parsing.Parse_error
1 error was reported (see above)
make[3]: *** [Makefile:182: u_extract_util] Error 1
Unexpected error
FStar_Errors.Error(_)
Raised at file "src/ocaml-output/FStar_Parser_Driver.ml", line 44, characters 38-67
Called from file "src/ocaml-output/FStar_Parser_Dep.ml", line 621, characters 30-69
Called from file "list.ml", line 73, characters 12-15
Called from file "list.ml", line 73, characters 12-15
Called from file "list.ml", line 73, characters 12-15
Called from file "src/ocaml-output/FStar_Parser_Dep.ml", line 724, characters 6-62
Called from file "src/ocaml-output/FStar_Dependencies.ml", line 12, characters 24-66
Called from file "src/ocaml-output/FStar_Main.ml", line 205, characters 27-116
Called from file "src/ocaml-output/FStar_Main.ml", line 230, characters 6-11

C:\Build\Agent2\_work\1\s\src\u_boot_fsts\FStar.Options.fsti(45,18-45,18): (Error) Syntax error: Parsing.Parse_error
1 error was reported (see above)
make[3]: *** [Makefile:188: u_extract_tcterm] Error 1
Unexpected error
FStar_Errors.Error(_)
Raised at file "src/ocaml-output/FStar_Parser_Driver.ml", line 44, characters 38-67
Called from file "src/ocaml-output/FStar_Parser_Dep.ml", line 621, characters 30-69
Called from file "list.ml", line 73, characters 12-15
Called from file "list.ml", line 73, characters 12-15
Called from file "list.ml", line 73, characters 12-15
Called from file "list.ml", line 73, characters 12-15
Called from file "src/ocaml-output/FStar_Parser_Dep.ml", line 724, characters 6-62
Called from file "src/ocaml-output/FStar_Dependencies.ml", line 12, characters 24-66
Called from file "src/ocaml-output/FStar_Main.ml", line 205, characters 27-116
Called from file "src/ocaml-output/FStar_Main.ml", line 230, characters 6-11

C:\Build\Agent2\_work\1\s\src\u_boot_fsts\FStar.Options.fsti(45,18-45,18): (Error) Syntax error: Parsing.Parse_error
1 error was reported (see above)
make[3]: *** [Makefile:194: u_extract_tc] Error 1
Unexpected error
FStar_Errors.Error(_)
Raised at file "src/ocaml-output/FStar_Parser_Driver.ml", line 44, characters 38-67
Called from file "src/ocaml-output/FStar_Parser_Dep.ml", line 621, characters 30-69
Called from file "list.ml", line 73, characters 12-15
Called from file "list.ml", line 73, characters 12-15
Called from file "src/ocaml-output/FStar_Parser_Dep.ml", line 724, characters 6-62
Called from file "src/ocaml-output/FStar_Dependencies.ml", line 12, characters 24-66
Called from file "src/ocaml-output/FStar_Main.ml", line 205, characters 27-116
Called from file "src/ocaml-output/FStar_Main.ml", line 230, characters 6-11

C:\Build\Agent2\_work\1\s\src\u_boot_fsts\FStar.Options.fsti(45,18-45,18): (Error) Syntax error: Parsing.Parse_error
1 error was reported (see above)
make[3]: *** [Makefile:208: u_extract_smtencoding_base] Error 1
Unexpected error
FStar_Errors.Error(_)
Raised at file "src/ocaml-output/FStar_Parser_Driver.ml", line 44, characters 38-67
Called from file "src/ocaml-output/FStar_Parser_Dep.ml", line 621, characters 30-69
Called from file "list.ml", line 73, characters 12-15
Called from file "list.ml", line 73, characters 12-15
Called from file "src/ocaml-output/FStar_Parser_Dep.ml", line 724, characters 6-62
Called from file "src/ocaml-output/FStar_Dependencies.ml", line 12, characters 24-66
Called from file "src/ocaml-output/FStar_Main.ml", line 205, characters 27-116
Called from file "src/ocaml-output/FStar_Main.ml", line 230, characters 6-11

C:\Build\Agent2\_work\1\s\src\u_boot_fsts\FStar.Options.fsti(45,18-45,18): (Error) Syntax error: Parsing.Parse_error
1 error was reported (see above)
make[3]: *** [Makefile:191: u_extract_tcinductive] Error 1
Unexpected error
FStar_Errors.Error(_)
Raised at file "src/ocaml-output/FStar_Parser_Driver.ml", line 44, characters 38-67
Called from file "src/ocaml-output/FStar_Parser_Dep.ml", line 621, characters 30-69
Called from file "list.ml", line 73, characters 12-15
Called from file "list.ml", line 73, characters 12-15
Called from file "list.ml", line 73, characters 12-15
Called from file "list.ml", line 73, characters 12-15
Called from file "src/ocaml-output/FStar_Parser_Dep.ml", line 724, characters 6-62
Called from file "src/ocaml-output/FStar_Dependencies.ml", line 12, characters 24-66
Called from file "src/ocaml-output/FStar_Main.ml", line 205, characters 27-116
Called from file "src/ocaml-output/FStar_Main.ml", line 230, characters 6-11

C:\Build\Agent2\_work\1\s\src\u_boot_fsts\FStar.Options.fsti(45,18-45,18): (Error) Syntax error: Parsing.Parse_error
1 error was reported (see above)
make[3]: *** [Makefile:222: u_extract_fstar] Error 1
Unexpected error
FStar_Errors.Error(_)
Raised at file "src/ocaml-output/FStar_Parser_Driver.ml", line 44, characters 38-67
Called from file "src/ocaml-output/FStar_Parser_Dep.ml", line 621, characters 30-69
Called from file "list.ml", line 73, characters 12-15
Called from file "src/ocaml-output/FStar_Parser_Dep.ml", line 724, characters 6-62
Called from file "src/ocaml-output/FStar_Dependencies.ml", line 12, characters 24-66
Called from file "src/ocaml-output/FStar_Main.ml", line 205, characters 27-116
Called from file "src/ocaml-output/FStar_Main.ml", line 230, characters 6-11

C:\Build\Agent2\_work\1\s\src\u_boot_fsts\FStar.Options.fsti(45,18-45,18): (Error) Syntax error: Parsing.Parse_error
1 error was reported (see above)
make[3]: *** [Makefile:165: u_extract_misc] Error 1
Unexpected error
FStar_Errors.Error(_)
Raised at file "src/ocaml-output/FStar_Parser_Driver.ml", line 44, characters 38-67
Called from file "src/ocaml-output/FStar_Parser_Dep.ml", line 621, characters 30-69
Called from file "list.ml", line 73, characters 12-15
Called from file "list.ml", line 73, characters 12-15
Called from file "src/ocaml-output/FStar_Parser_Dep.ml", line 724, characters 6-62
Called from file "src/ocaml-output/FStar_Dependencies.ml", line 12, characters 24-66
Called from file "src/ocaml-output/FStar_Main.ml", line 205, characters 27-116
Called from file "src/ocaml-output/FStar_Main.ml", line 230, characters 6-11

C:\Build\Agent2\_work\1\s\src\u_boot_fsts\FStar.Options.fsti(45,18-45,18): (Error) Syntax error: Parsing.Parse_error
1 error was reported (see above)
make[3]: *** [Makefile:199: u_extract_tosyntax] Error 1
Unexpected error
FStar_Errors.Error(_)
Raised at file "src/ocaml-output/FStar_Parser_Driver.ml", line 44, characters 38-67
Called from file "src/ocaml-output/FStar_Parser_Dep.ml", line 621, characters 30-69
Called from file "list.ml", line 73, characters 12-15
Called from file "list.ml", line 73, characters 12-15
Called from file "list.ml", line 73, characters 12-15
Called from file "src/ocaml-output/FStar_Parser_Dep.ml", line 724, characters 6-62
Called from file "src/ocaml-output/FStar_Dependencies.ml", line 12, characters 24-66
Called from file "src/ocaml-output/FStar_Main.ml", line 205, characters 27-116
Called from file "src/ocaml-output/FStar_Main.ml", line 230, characters 6-11

C:\Build\Agent2\_work\1\s\src\u_boot_fsts\FStar.Options.fsti(45,18-45,18): (Error) Syntax error: Parsing.Parse_error
1 error was reported (see above)
make[3]: *** [Makefile:214: u_extract_encode] Error 1
Unexpected error
FStar_Errors.Error(_)
Raised at file "src/ocaml-output/FStar_Parser_Driver.ml", line 44, characters 38-67
Called from file "src/ocaml-output/FStar_Parser_Dep.ml", line 621, characters 30-69
Called from file "list.ml", line 73, characters 12-15
Called from file "list.ml", line 73, characters 12-15
Called from file "list.ml", line 73, characters 12-15
Called from file "src/ocaml-output/FStar_Parser_Dep.ml", line 724, characters 6-62
Called from file "src/ocaml-output/FStar_Dependencies.ml", line 12, characters 24-66
Called from file "src/ocaml-output/FStar_Main.ml", line 205, characters 27-116
Called from file "src/ocaml-output/FStar_Main.ml", line 230, characters 6-11

C:\Build\Agent2\_work\1\s\src\u_boot_fsts\FStar.Options.fsti(45,18-45,18): (Error) Syntax error: Parsing.Parse_error
1 error was reported (see above)
make[3]: *** [Makefile:176: u_extract_normalizer] Error 1
Unexpected error
FStar_Errors.Error(_)
Raised at file "src/ocaml-output/FStar_Parser_Driver.ml", line 44, characters 38-67
Called from file "src/ocaml-output/FStar_Parser_Dep.ml", line 621, characters 30-69
Called from file "list.ml", line 73, characters 12-15
Called from file "list.ml", line 73, characters 12-15
Called from file "list.ml", line 73, characters 12-15
Called from file "src/ocaml-output/FStar_Parser_Dep.ml", line 724, characters 6-62
Called from file "src/ocaml-output/FStar_Dependencies.ml", line 12, characters 24-66
Called from file "src/ocaml-output/FStar_Main.ml", line 205, characters 27-116
Called from file "src/ocaml-output/FStar_Main.ml", line 230, characters 6-11

C:\Build\Agent2\_work\1\s\src\u_boot_fsts\FStar.Options.fsti(45,18-45,18): (Error) Syntax error: Parsing.Parse_error
1 error was reported (see above)
make[3]: *** [Makefile:173: u_extract_parser] Error 1
Unexpected error
FStar_Errors.Error(_)
Raised at file "src/ocaml-output/FStar_Parser_Driver.ml", line 44, characters 38-67
Called from file "src/ocaml-output/FStar_Parser_Dep.ml", line 621, characters 30-69
Called from file "list.ml", line 73, characters 12-15
Called from file "list.ml", line 73, characters 12-15
Called from file "list.ml", line 73, characters 12-15
Called from file "list.ml", line 73, characters 12-15
Called from file "list.ml", line 73, characters 12-15
Called from file "src/ocaml-output/FStar_Parser_Dep.ml", line 724, characters 6-62
Called from file "src/ocaml-output/FStar_Dependencies.ml", line 12, characters 24-66
Called from file "src/ocaml-output/FStar_Main.ml", line 205, characters 27-116
Called from file "src/ocaml-output/FStar_Main.ml", line 230, characters 6-11

C:\Build\Agent2\_work\1\s\src\u_boot_fsts\FStar.Options.fsti(45,18-45,18): (Error) Syntax error: Parsing.Parse_error
1 error was reported (see above)
make[3]: *** [Makefile:205: u_extract_tactics] Error 1
Unexpected error
FStar_Errors.Error(_)
Raised at file "src/ocaml-output/FStar_Parser_Driver.ml", line 44, characters 38-67
Called from file "src/ocaml-output/FStar_Parser_Dep.ml", line 621, characters 30-69
Called from file "list.ml", line 73, characters 12-15
Called from file "list.ml", line 73, characters 12-15
Called from file "src/ocaml-output/FStar_Parser_Dep.ml", line 724, characters 6-62
Called from file "src/ocaml-output/FStar_Dependencies.ml", line 12, characters 24-66
Called from file "src/ocaml-output/FStar_Main.ml", line 205, characters 27-116
Called from file "src/ocaml-output/FStar_Main.ml", line 230, characters 6-11

C:\Build\Agent2\_work\1\s\src\u_boot_fsts\FStar.Options.fsti(45,18-45,18): (Error) Syntax error: Parsing.Parse_error
1 error was reported (see above)
make[3]: *** [Makefile:202: u_extract_extraction] Error 1
Unexpected error
FStar_Errors.Error(_)
Raised at file "src/ocaml-output/FStar_Parser_Driver.ml", line 44, characters 38-67
Called from file "src/ocaml-output/FStar_Parser_Dep.ml", line 621, characters 30-69
Called from file "list.ml", line 73, characters 12-15
Called from file "list.ml", line 73, characters 12-15
Called from file "src/ocaml-output/FStar_Parser_Dep.ml", line 724, characters 6-62
Called from file "src/ocaml-output/FStar_Dependencies.ml", line 12, characters 24-66
Called from file "src/ocaml-output/FStar_Main.ml", line 205, characters 27-116
Called from file "src/ocaml-output/FStar_Main.ml", line 230, characters 6-11

C:\Build\Agent2\_work\1\s\src\u_boot_fsts\FStar.Options.fsti(45,18-45,18): (Error) Syntax error: Parsing.Parse_error
1 error was reported (see above)
make[3]: *** [Makefile:170: u_extract_syntax] Error 1
make[3]: Target 'u_extract_all' not remade because of errors.
make[2]: *** [Makefile:234: ocaml] Error 2
make[1]: *** [Makefile:244: fstar-ocaml] Error 2
make: *** [Makefile:259: utest] Error 2
