make[1]: warning: jobserver unavailable: using -j1.  Add '+' to parent make rule.
make[1]: warning: jobserver unavailable: using -j1.  Add '+' to parent make rule.
Warning: you are using the standard library and/or the %inline keyword. We
recommend switching on --infer in order to avoid obscure type error messages.
warning: CRLF will be replaced by LF in src/parser/parse.fsi.
The file will have its original line endings in your working directory.
File "src/basic/ml/FStar_Util.ml", line 47, characters 57-65:
Warning 40: st_mtime was selected from type BatUnix.stats.
It is not visible in the current scope, and will not 
be selected if the type becomes unknown.
File "src/basic/ml/FStar_Util.ml", line 660, characters 2-13:
Warning 10: this expression should have type unit.
File "src/basic/ml/FStar_Util.ml", line 47, characters 57-65:
Warning 40: st_mtime was selected from type BatUnix.stats.
It is not visible in the current scope, and will not 
be selected if the type becomes unknown.
File "src/basic/ml/FStar_Util.ml", line 660, characters 2-13:
Warning 10: this expression should have type unit.
make[3]: warning: jobserver unavailable: using -j1.  Add '+' to parent make rule.
.\u_boot_fsts\FStar.Syntax.Syntax.fst(396,0-396,33): (Warning) Annotation from val declaration overrides inline type annotation
.\u_boot_fsts\FStar.Syntax.Syntax.fst(446,0-446,48): (Warning) Annotation from val declaration overrides inline type annotation
.\u_boot_fsts\FStar.Syntax.Syntax.fst(447,0-447,76): (Warning) Annotation from val declaration overrides inline type annotation
.\u_boot_fsts\FStar.Syntax.Syntax.fst(498,0-500,38): (Warning) Annotation from val declaration overrides inline type annotation
.\u_boot_fsts\FStar.TypeChecker.Env.fst(280,0-284,35): (Warning) Annotation from val declaration overrides inline type annotation
.\u_boot_fsts\FStar.TypeChecker.Util.fst(70,0-72,32): (Warning) Annotation from val declaration overrides inline type annotation
.\u_boot_fsts\FStar.TypeChecker.Env.fst(718,0-720,39): (Warning) Annotation from val declaration overrides inline type annotation
warning: CRLF will be replaced by LF in src/parser/ml/parse.mly.
The file will have its original line endings in your working directory.
warning: CRLF will be replaced by LF in src/parser/parse.fsi.
The file will have its original line endings in your working directory.
.\hello.fst(5,0-5,37): (Warning) Top-level let-bindings must be total; this term may have effects
.\Ex01a.fst(68,0-68,48): (Warning) Top-level let-bindings must be total; this term may have effects
.\Ex01a.fst(58,0-58,48): (Warning) Top-level let-bindings must be total; this term may have effects
.\Platform.Bytes.fst(15,32-18,29): (Warning) Pattern misses at least one bound variable: uu___#1090
<input>(2,14-2,15): (Error) Expected expression of type "int"; got expression ""hello"" of type "string"
<input>(2,14-2,15): (Error) Expected expression of type "int"; got expression ""hello"" of type "string"
<input>(2,14-2,15): (Error) Expected expression of type "int"; got expression ""hello"" of type "string"
WARNING: (7028,46): pattern does not contain any variable.
WARNING: (74311,46): pattern does not contain any variable.
WARNING: (7244,46): pattern does not contain any variable.
WARNING: (6927,46): pattern does not contain any variable.
.\Platform.Bytes.fst(257,22-260,30): (Warning) Pattern misses at least one bound variable: i#40244
.\Platform.Bytes.fst(257,156-260,30): (Warning) Pattern misses at least one bound variable: i#42374
WARNING: (7233,46): pattern does not contain any variable.
.\Encrypt_SymEnc.fst(29,0-29,18): (Warning) Top-level let-bindings must be total; this term may have effects
WARNING: (74311,46): pattern does not contain any variable.
WARNING: (78187,43): pattern does not contain all quantified variables.
WARNING: (74311,46): pattern does not contain any variable.
WARNING: (78187,43): pattern does not contain all quantified variables.
WARNING: (74311,46): pattern does not contain any variable.
WARNING: (78187,43): pattern does not contain all quantified variables.
WARNING: (74311,46): pattern does not contain any variable.
WARNING: (78187,43): pattern does not contain all quantified variables.
.\MAC.fst(45,0-45,35): (Warning) Top-level let-bindings must be total; this term may have effects
WARNING: (74311,46): pattern does not contain any variable.
WARNING: (78187,43): pattern does not contain all quantified variables.
WARNING: (74311,46): pattern does not contain any variable.
WARNING: (78187,43): pattern does not contain all quantified variables.
WARNING: (74311,46): pattern does not contain any variable.
WARNING: (78187,43): pattern does not contain all quantified variables.
C:\Build\Agent\_work\1\s\ulib\FStar.Modifies.fst(1317,3-1324,81): (Warning) Pattern misses at least one bound variable: root_type#546929
WARNING: (74311,46): pattern does not contain any variable.
WARNING: (78187,43): pattern does not contain all quantified variables.
WARNING: (74311,46): pattern does not contain any variable.
WARNING: (78187,43): pattern does not contain all quantified variables.
WARNING: (74311,46): pattern does not contain any variable.
WARNING: (78187,43): pattern does not contain all quantified variables.
WARNING: (73915,51): pattern does not contain all quantified variables.
.\Platform.Bytes.fst(15,40-18,29): (Warning) Pattern misses at least one bound variable: uu___#79854
.\Platform.Bytes.fst(257,156-260,30): (Warning) Pattern misses at least one bound variable: i#89301
WARNING: (73915,51): pattern does not contain all quantified variables.
WARNING: (73915,51): pattern does not contain all quantified variables.
WARNING: (6723,51): pattern does not contain all quantified variables.
WARNING: (73915,51): pattern does not contain all quantified variables.
WARNING: (73915,51): pattern does not contain all quantified variables.
.\Ex10a.fst(27,0-27,19): (Warning) Top-level let-bindings must be total; this term may have effects
C:\Build\Agent\_work\1\s\ulib\FStar.Modifies.fst(1317,3-1324,81): (Warning) Pattern misses at least one bound variable: root_type#546929
.\RPC.fst(9,0-9,53): (Warning) Top-level let-bindings must be total; this term may have effects
.\RPC.fst(23,0-23,39): (Warning) Top-level let-bindings must be total; this term may have effects
.\RPC.fst(48,0-49,16): (Warning) Top-level let-bindings must be total; this term may have effects
.\RPC.fst(116,0-116,17): (Warning) Top-level let-bindings must be total; this term may have effects
.\Ex12a.Cap.fst(19,0-19,26): (Warning) Top-level let-bindings must be total; this term may have effects
.\TestMRef.fst(8,0-8,20): (Warning) Top-level let-bindings must be total; this term may have effects
.\Ex12b.RPC.fst(8,0-8,53): (Warning) Top-level let-bindings must be total; this term may have effects
.\Ex12b.RPC.fst(21,0-21,39): (Warning) Top-level let-bindings must be total; this term may have effects
.\Ex12b.RPC.fst(53,0-54,16): (Warning) Top-level let-bindings must be total; this term may have effects
.\Ex12b.RPC.fst(123,0-123,17): (Warning) Top-level let-bindings must be total; this term may have effects
.\CntProtocol.fst(14,0-14,53): (Warning) Top-level let-bindings must be total; this term may have effects
.\CntProtocol.fst(29,0-29,26): (Warning) Top-level let-bindings must be total; this term may have effects
.\CntProtocol.fst(32,0-32,54): (Warning) Top-level let-bindings must be total; this term may have effects
.\CntProtocol.fst(35,0-35,54): (Warning) Top-level let-bindings must be total; this term may have effects
.\CntProtocol.fst(99,0-99,39): (Warning) Top-level let-bindings must be total; this term may have effects
.\CntProtocol.fst(126,0-126,18): (Warning) Top-level let-bindings must be total; this term may have effects
C:\Build\Agent\_work\1\s\ulib\FStar.Modifies.fst(434,2-437,37): (Warning) Pattern misses at least one bound variable: root_type#1290924
C:\Build\Agent\_work\1\s\ulib\FStar.Modifies.fst(449,2-452,82): (Warning) Pattern misses at least one bound variable: root_type#1291437
C:\Build\Agent\_work\1\s\ulib\FStar.Modifies.fst(495,2-498,36): (Warning) Pattern misses at least one bound variable: root_type#1294168
C:\Build\Agent\_work\1\s\ulib\FStar.Modifies.fst(609,2-614,83): (Warning) Pattern misses at least one bound variable: root_type#1296490
C:\Build\Agent\_work\1\s\ulib\FStar.Modifies.fst(841,2-844,41): (Warning) Pattern misses at least one bound variable: root_type#1306333
.\CntProtocol.fst(158,0-174,5): (Warning) Top-level let-bindings must be total; this term may have effects
C:\Build\Agent\_work\1\s\ulib\FStar.Modifies.fst(1317,3-1324,81): (Warning) Pattern misses at least one bound variable: root_type#1330973
C:\Build\Agent\_work\1\s\ulib\FStar.Modifies.fst(1598,2-1601,77): (Warning) Pattern misses at least one bound variable: ls#1336849
.\Mac.fst(70,0-70,35): (Warning) Top-level let-bindings must be total; this term may have effects
C:\Build\Agent\_work\1\s\ulib\FStar.HyperStackNG.fst(222,2-225,25): (Warning) Pattern misses at least one bound variable: t#97504
C:\Build\Agent\_work\1\s\ulib\FStar.HyperStackNG.fst(337,2-340,90): (Warning) Pattern misses at least one bound variable: t#99988
C:\Build\Agent\_work\1\s\ulib\FStar.Modifies.fst(434,2-437,37): (Warning) Pattern misses at least one bound variable: root_type#1290924
C:\Build\Agent\_work\1\s\ulib\FStar.Modifies.fst(449,2-452,82): (Warning) Pattern misses at least one bound variable: root_type#1291437
C:\Build\Agent\_work\1\s\ulib\FStar.Modifies.fst(495,2-498,36): (Warning) Pattern misses at least one bound variable: root_type#1294168
C:\Build\Agent\_work\1\s\ulib\FStar.Modifies.fst(609,2-614,83): (Warning) Pattern misses at least one bound variable: root_type#1296490
C:\Build\Agent\_work\1\s\ulib\FStar.Modifies.fst(841,2-844,41): (Warning) Pattern misses at least one bound variable: root_type#1306333
C:\Build\Agent\_work\1\s\ulib\FStar.Modifies.fst(1317,3-1324,81): (Warning) Pattern misses at least one bound variable: root_type#1330973
C:\Build\Agent\_work\1\s\ulib\FStar.Modifies.fst(1598,2-1601,77): (Warning) Pattern misses at least one bound variable: ls#1336849
make[5]: warning: jobserver unavailable: using -j1.  Add '+' to parent make rule.
C:\Build\Agent\_work\1\s\ulib\FStar.HyperStackNG.fst(222,2-225,25): (Warning) Pattern misses at least one bound variable: t#97504
C:\Build\Agent\_work\1\s\ulib\FStar.HyperStackNG.fst(337,2-340,90): (Warning) Pattern misses at least one bound variable: t#99988
make[5]: warning: jobserver unavailable: using -j1.  Add '+' to parent make rule.
C:\Build\Agent\_work\1\s\ulib\FStar.BufferNG.fst(736,2-739,63): (Warning) Pattern misses at least one bound variable: i#119551
.\Ex01a.fst(58,0-58,48): (Warning) Top-level let-bindings must be total; this term may have effects
WARNING: (116052,41): pattern does not contain all quantified variables.
WARNING: (116149,42): pattern does not contain all quantified variables.
WARNING: (116226,46): pattern does not contain all quantified variables.
WARNING: (116575,41): pattern does not contain all quantified variables.
WARNING: (127470,47): pattern does not contain all quantified variables.
WARNING: (128920,45): pattern does not contain all quantified variables.
WARNING: (137176,53): pattern does not contain all quantified variables.
WARNING: (137273,59): pattern does not contain all quantified variables.
WARNING: (180552,70): pattern does not contain all quantified variables.
WARNING: (181029,48): pattern does not contain all quantified variables.
WARNING: (214278,42): pattern does not contain all quantified variables.
make[3]: [Makefile:66: Ex01a-ocaml] Error 2 (ignored)
WARNING: (12198,42): pattern does not contain all quantified variables.
WARNING: (12894,47): pattern does not contain all quantified variables.
WARNING: (116052,41): pattern does not contain all quantified variables.
WARNING: (116149,42): pattern does not contain all quantified variables.
WARNING: (116226,46): pattern does not contain all quantified variables.
WARNING: (116575,41): pattern does not contain all quantified variables.
WARNING: (127470,47): pattern does not contain all quantified variables.
WARNING: (128920,45): pattern does not contain all quantified variables.
WARNING: (137176,53): pattern does not contain all quantified variables.
WARNING: (137273,59): pattern does not contain all quantified variables.
WARNING: (180552,70): pattern does not contain all quantified variables.
WARNING: (181029,48): pattern does not contain all quantified variables.
WARNING: (214278,42): pattern does not contain all quantified variables.
WARNING: (116052,41): pattern does not contain all quantified variables.
WARNING: (116149,42): pattern does not contain all quantified variables.
WARNING: (116226,46): pattern does not contain all quantified variables.
WARNING: (116575,41): pattern does not contain all quantified variables.
WARNING: (127470,47): pattern does not contain all quantified variables.
WARNING: (128920,45): pattern does not contain all quantified variables.
WARNING: (137176,53): pattern does not contain all quantified variables.
WARNING: (137273,59): pattern does not contain all quantified variables.
WARNING: (180552,70): pattern does not contain all quantified variables.
WARNING: (181029,48): pattern does not contain all quantified variables.
WARNING: (214278,42): pattern does not contain all quantified variables.
C:\Build\Agent\_work\1\s\ulib\FStar.Modifies.fst(1317,3-1324,81): (Warning) Pattern misses at least one bound variable: root_type#546929
.\Ex10a.fst(27,0-27,19): (Warning) Top-level let-bindings must be total; this term may have effects
WARNING: (11894,42): pattern does not contain all quantified variables.
WARNING: (11971,46): pattern does not contain all quantified variables.
WARNING: (12651,47): pattern does not contain all quantified variables.
C:\Build\Agent\_work\1\s\ulib\FStar.Modifies.fst(1317,3-1324,81): (Warning) Pattern misses at least one bound variable: root_type#546929
.\Ex12a.Cap.fst(21,0-21,26): (Warning) Top-level let-bindings must be total; this term may have effects
C:\Build\Agent\_work\1\s\ulib\FStar.Modifies.fst(1317,3-1324,81): (Warning) Pattern misses at least one bound variable: root_type#546929
C:\Build\Agent\_work\1\s\ulib\FStar.Modifies.fst(1317,3-1324,81): (Warning) Pattern misses at least one bound variable: root_type#546929
C:\Build\Agent\_work\1\s\ulib\FStar.Modifies.fst(434,2-437,37): (Warning) Pattern misses at least one bound variable: root_type#1290924
C:\Build\Agent\_work\1\s\ulib\FStar.Modifies.fst(449,2-452,82): (Warning) Pattern misses at least one bound variable: root_type#1291437
C:\Build\Agent\_work\1\s\ulib\FStar.Modifies.fst(495,2-498,36): (Warning) Pattern misses at least one bound variable: root_type#1294168
C:\Build\Agent\_work\1\s\ulib\FStar.Modifies.fst(609,2-614,83): (Warning) Pattern misses at least one bound variable: root_type#1296490
C:\Build\Agent\_work\1\s\ulib\FStar.Modifies.fst(841,2-844,41): (Warning) Pattern misses at least one bound variable: root_type#1306333
C:\Build\Agent\_work\1\s\ulib\FStar.Modifies.fst(1317,3-1324,81): (Warning) Pattern misses at least one bound variable: root_type#1330973
C:\Build\Agent\_work\1\s\ulib\FStar.Modifies.fst(1598,2-1601,77): (Warning) Pattern misses at least one bound variable: ls#1336849
C:\Build\Agent\_work\1\s\ulib\FStar.HyperStackNG.fst(222,2-225,25): (Warning) Pattern misses at least one bound variable: t#97504
C:\Build\Agent\_work\1\s\ulib\FStar.HyperStackNG.fst(337,2-340,90): (Warning) Pattern misses at least one bound variable: t#99988
WARNING: (92192,41): pattern does not contain all quantified variables.
WARNING: (92289,42): pattern does not contain all quantified variables.
WARNING: (92366,46): pattern does not contain all quantified variables.
C:\Build\Agent\_work\1\s\ulib\FStar.Modifies.fst(434,2-437,37): (Warning) Pattern misses at least one bound variable: root_type#1290924
C:\Build\Agent\_work\1\s\ulib\FStar.Modifies.fst(449,2-452,82): (Warning) Pattern misses at least one bound variable: root_type#1291437
C:\Build\Agent\_work\1\s\ulib\FStar.Modifies.fst(495,2-498,36): (Warning) Pattern misses at least one bound variable: root_type#1294168
C:\Build\Agent\_work\1\s\ulib\FStar.Modifies.fst(609,2-614,83): (Warning) Pattern misses at least one bound variable: root_type#1296490
C:\Build\Agent\_work\1\s\ulib\FStar.Modifies.fst(841,2-844,41): (Warning) Pattern misses at least one bound variable: root_type#1306333
C:\Build\Agent\_work\1\s\ulib\FStar.Modifies.fst(1317,3-1324,81): (Warning) Pattern misses at least one bound variable: root_type#1330973
C:\Build\Agent\_work\1\s\ulib\FStar.Modifies.fst(1598,2-1601,77): (Warning) Pattern misses at least one bound variable: ls#1336849
C:\Build\Agent\_work\1\s\ulib\FStar.Modifies.fst(434,2-437,37): (Warning) Pattern misses at least one bound variable: root_type#1290924
C:\Build\Agent\_work\1\s\ulib\FStar.Modifies.fst(449,2-452,82): (Warning) Pattern misses at least one bound variable: root_type#1291437
C:\Build\Agent\_work\1\s\ulib\FStar.Modifies.fst(495,2-498,36): (Warning) Pattern misses at least one bound variable: root_type#1294168
C:\Build\Agent\_work\1\s\ulib\FStar.Modifies.fst(609,2-614,83): (Warning) Pattern misses at least one bound variable: root_type#1296490
C:\Build\Agent\_work\1\s\ulib\FStar.Modifies.fst(841,2-844,41): (Warning) Pattern misses at least one bound variable: root_type#1306333
C:\Build\Agent\_work\1\s\ulib\FStar.Modifies.fst(1317,3-1324,81): (Warning) Pattern misses at least one bound variable: root_type#1330973
C:\Build\Agent\_work\1\s\ulib\FStar.Modifies.fst(1598,2-1601,77): (Warning) Pattern misses at least one bound variable: ls#1336849
C:\Build\Agent\_work\1\s\ulib\FStar.HyperStackNG.fst(222,2-225,25): (Warning) Pattern misses at least one bound variable: t#97504
C:\Build\Agent\_work\1\s\ulib\FStar.HyperStackNG.fst(337,2-340,90): (Warning) Pattern misses at least one bound variable: t#99988
WARNING: (12177,47): pattern does not contain all quantified variables.
WARNING: (139971,41): pattern does not contain all quantified variables.
WARNING: (140068,42): pattern does not contain all quantified variables.
WARNING: (140145,46): pattern does not contain all quantified variables.
WARNING: (140494,41): pattern does not contain all quantified variables.
WARNING: (151389,47): pattern does not contain all quantified variables.
WARNING: (152839,45): pattern does not contain all quantified variables.
WARNING: (161095,53): pattern does not contain all quantified variables.
WARNING: (161192,59): pattern does not contain all quantified variables.
WARNING: (168987,70): pattern does not contain all quantified variables.
WARNING: (169464,48): pattern does not contain all quantified variables.
C:\Build\Agent\_work\1\s\ulib\FStar.HyperStackNG.fst(222,2-225,25): (Warning) Pattern misses at least one bound variable: t#97504
C:\Build\Agent\_work\1\s\ulib\FStar.HyperStackNG.fst(337,2-340,90): (Warning) Pattern misses at least one bound variable: t#99988
C:\Build\Agent\_work\1\s\ulib\FStar.Modifies.fst(434,2-437,37): (Warning) Pattern misses at least one bound variable: root_type#1290924
C:\Build\Agent\_work\1\s\ulib\FStar.Modifies.fst(449,2-452,82): (Warning) Pattern misses at least one bound variable: root_type#1291437
C:\Build\Agent\_work\1\s\ulib\FStar.Modifies.fst(495,2-498,36): (Warning) Pattern misses at least one bound variable: root_type#1294168
C:\Build\Agent\_work\1\s\ulib\FStar.Modifies.fst(609,2-614,83): (Warning) Pattern misses at least one bound variable: root_type#1296490
C:\Build\Agent\_work\1\s\ulib\FStar.Modifies.fst(841,2-844,41): (Warning) Pattern misses at least one bound variable: root_type#1306333
C:\Build\Agent\_work\1\s\ulib\FStar.Modifies.fst(1317,3-1324,81): (Warning) Pattern misses at least one bound variable: root_type#1330973
C:\Build\Agent\_work\1\s\ulib\FStar.Modifies.fst(1598,2-1601,77): (Warning) Pattern misses at least one bound variable: ls#1336849
C:\Build\Agent\_work\1\s\ulib\FStar.HyperStackNG.fst(222,2-225,25): (Warning) Pattern misses at least one bound variable: t#97504
C:\Build\Agent\_work\1\s\ulib\FStar.HyperStackNG.fst(337,2-340,90): (Warning) Pattern misses at least one bound variable: t#99988
WARNING: (92192,41): pattern does not contain all quantified variables.
WARNING: (92289,42): pattern does not contain all quantified variables.
WARNING: (92366,46): pattern does not contain all quantified variables.
WARNING: (92715,41): pattern does not contain all quantified variables.
WARNING: (103942,47): pattern does not contain all quantified variables.
WARNING: (92192,41): pattern does not contain all quantified variables.
WARNING: (92289,42): pattern does not contain all quantified variables.
WARNING: (92366,46): pattern does not contain all quantified variables.
WARNING: (92715,41): pattern does not contain all quantified variables.
WARNING: (103942,47): pattern does not contain all quantified variables.
C:\Build\Agent\_work\1\s\ulib\FStar.BufferNG.fst(736,2-739,63): (Warning) Pattern misses at least one bound variable: i#119551
WARNING: (10095,47): pattern does not contain all quantified variables.
WARNING: (11830,42): pattern does not contain all quantified variables.
WARNING: (12526,47): pattern does not contain all quantified variables.
WARNING: (116052,41): pattern does not contain all quantified variables.
WARNING: (116149,42): pattern does not contain all quantified variables.
WARNING: (116226,46): pattern does not contain all quantified variables.
WARNING: (116575,41): pattern does not contain all quantified variables.
WARNING: (127470,47): pattern does not contain all quantified variables.
WARNING: (128920,45): pattern does not contain all quantified variables.
WARNING: (137176,53): pattern does not contain all quantified variables.
WARNING: (137273,59): pattern does not contain all quantified variables.
WARNING: (180552,70): pattern does not contain all quantified variables.
WARNING: (181029,48): pattern does not contain all quantified variables.
WARNING: (214278,42): pattern does not contain all quantified variables.
WARNING: (11830,42): pattern does not contain all quantified variables.
WARNING: (12526,47): pattern does not contain all quantified variables.
WARNING: (116052,41): pattern does not contain all quantified variables.
WARNING: (116149,42): pattern does not contain all quantified variables.
WARNING: (116226,46): pattern does not contain all quantified variables.
WARNING: (116575,41): pattern does not contain all quantified variables.
WARNING: (127470,47): pattern does not contain all quantified variables.
WARNING: (128920,45): pattern does not contain all quantified variables.
WARNING: (137176,53): pattern does not contain all quantified variables.
WARNING: (137273,59): pattern does not contain all quantified variables.
WARNING: (180552,70): pattern does not contain all quantified variables.
WARNING: (181029,48): pattern does not contain all quantified variables.
WARNING: (214278,42): pattern does not contain all quantified variables.
WARNING: (92192,41): pattern does not contain all quantified variables.
WARNING: (92289,42): pattern does not contain all quantified variables.
WARNING: (92366,46): pattern does not contain all quantified variables.
WARNING: (92715,41): pattern does not contain all quantified variables.
WARNING: (103942,47): pattern does not contain all quantified variables.
WARNING: (92192,41): pattern does not contain all quantified variables.
WARNING: (92289,42): pattern does not contain all quantified variables.
WARNING: (92366,46): pattern does not contain all quantified variables.
WARNING: (92715,41): pattern does not contain all quantified variables.
WARNING: (103942,47): pattern does not contain all quantified variables.
WARNING: (92192,41): pattern does not contain all quantified variables.
WARNING: (92289,42): pattern does not contain all quantified variables.
WARNING: (92366,46): pattern does not contain all quantified variables.
WARNING: (92715,41): pattern does not contain all quantified variables.
WARNING: (103942,47): pattern does not contain all quantified variables.
WARNING: (6958,46): pattern does not contain all quantified variables.
WARNING: (92192,41): pattern does not contain all quantified variables.
WARNING: (92289,42): pattern does not contain all quantified variables.
WARNING: (92366,46): pattern does not contain all quantified variables.
WARNING: (92715,41): pattern does not contain all quantified variables.
WARNING: (103942,47): pattern does not contain all quantified variables.
WARNING: (6504,41): pattern does not contain all quantified variables.
WARNING: (6597,42): pattern does not contain all quantified variables.
WARNING: (6773,46): pattern does not contain all quantified variables.
WARNING: (7592,47): pattern does not contain all quantified variables.
WARNING: (92192,41): pattern does not contain all quantified variables.
WARNING: (92289,42): pattern does not contain all quantified variables.
WARNING: (92366,46): pattern does not contain all quantified variables.
WARNING: (92715,41): pattern does not contain all quantified variables.
WARNING: (103942,47): pattern does not contain all quantified variables.
WARNING: (141218,41): pattern does not contain all quantified variables.
WARNING: (141315,42): pattern does not contain all quantified variables.
WARNING: (141392,46): pattern does not contain all quantified variables.
.\FStar.Modifies.fst(1317,3-1324,81): (Warning) Pattern misses at least one bound variable: root_type#975785
.\FStar.Modifies.fst(1317,3-1324,81): (Warning) Pattern misses at least one bound variable: root_type#979275
WARNING: (92192,41): pattern does not contain all quantified variables.
WARNING: (92289,42): pattern does not contain all quantified variables.
WARNING: (92366,46): pattern does not contain all quantified variables.
WARNING: (92715,41): pattern does not contain all quantified variables.
WARNING: (103942,47): pattern does not contain all quantified variables.
WARNING: (105391,45): pattern does not contain all quantified variables.
WARNING: (92192,41): pattern does not contain all quantified variables.
WARNING: (92289,42): pattern does not contain all quantified variables.
WARNING: (92366,46): pattern does not contain all quantified variables.
WARNING: (92715,41): pattern does not contain all quantified variables.
WARNING: (103942,47): pattern does not contain all quantified variables.
WARNING: (105391,45): pattern does not contain all quantified variables.
WARNING: (92192,41): pattern does not contain all quantified variables.
WARNING: (92289,42): pattern does not contain all quantified variables.
WARNING: (92366,46): pattern does not contain all quantified variables.
WARNING: (92715,41): pattern does not contain all quantified variables.
WARNING: (103942,47): pattern does not contain all quantified variables.
WARNING: (105391,45): pattern does not contain all quantified variables.
WARNING: (92192,41): pattern does not contain all quantified variables.
WARNING: (92289,42): pattern does not contain all quantified variables.
WARNING: (92366,46): pattern does not contain all quantified variables.
WARNING: (92715,41): pattern does not contain all quantified variables.
WARNING: (103942,47): pattern does not contain all quantified variables.
WARNING: (105391,45): pattern does not contain all quantified variables.
WARNING: (113683,53): pattern does not contain all quantified variables.
WARNING: (113780,59): pattern does not contain all quantified variables.
WARNING: (92192,41): pattern does not contain all quantified variables.
WARNING: (92289,42): pattern does not contain all quantified variables.
WARNING: (92366,46): pattern does not contain all quantified variables.
WARNING: (92715,41): pattern does not contain all quantified variables.
WARNING: (103942,47): pattern does not contain all quantified variables.
WARNING: (105391,45): pattern does not contain all quantified variables.
WARNING: (113683,53): pattern does not contain all quantified variables.
WARNING: (113780,59): pattern does not contain all quantified variables.
WARNING: (92192,41): pattern does not contain all quantified variables.
WARNING: (92289,42): pattern does not contain all quantified variables.
WARNING: (92366,46): pattern does not contain all quantified variables.
WARNING: (92715,41): pattern does not contain all quantified variables.
WARNING: (103942,47): pattern does not contain all quantified variables.
WARNING: (105391,45): pattern does not contain all quantified variables.
WARNING: (113683,53): pattern does not contain all quantified variables.
WARNING: (113780,59): pattern does not contain all quantified variables.
WARNING: (92192,41): pattern does not contain all quantified variables.
WARNING: (92289,42): pattern does not contain all quantified variables.
WARNING: (92366,46): pattern does not contain all quantified variables.
WARNING: (92715,41): pattern does not contain all quantified variables.
WARNING: (103942,47): pattern does not contain all quantified variables.
WARNING: (105391,45): pattern does not contain all quantified variables.
WARNING: (113683,53): pattern does not contain all quantified variables.
WARNING: (113780,59): pattern does not contain all quantified variables.
WARNING: (141218,41): pattern does not contain all quantified variables.
WARNING: (141315,42): pattern does not contain all quantified variables.
WARNING: (141392,46): pattern does not contain all quantified variables.
WARNING: (141741,41): pattern does not contain all quantified variables.
WARNING: (152968,47): pattern does not contain all quantified variables.
WARNING: (92192,41): pattern does not contain all quantified variables.
WARNING: (92289,42): pattern does not contain all quantified variables.
WARNING: (92366,46): pattern does not contain all quantified variables.
WARNING: (92715,41): pattern does not contain all quantified variables.
WARNING: (103942,47): pattern does not contain all quantified variables.
WARNING: (105391,45): pattern does not contain all quantified variables.
WARNING: (113683,53): pattern does not contain all quantified variables.
WARNING: (113780,59): pattern does not contain all quantified variables.
WARNING: (141218,41): pattern does not contain all quantified variables.
WARNING: (141315,42): pattern does not contain all quantified variables.
WARNING: (141392,46): pattern does not contain all quantified variables.
WARNING: (141741,41): pattern does not contain all quantified variables.
WARNING: (152968,47): pattern does not contain all quantified variables.
WARNING: (92192,41): pattern does not contain all quantified variables.
WARNING: (92289,42): pattern does not contain all quantified variables.
WARNING: (92366,46): pattern does not contain all quantified variables.
WARNING: (92715,41): pattern does not contain all quantified variables.
WARNING: (103942,47): pattern does not contain all quantified variables.
WARNING: (105391,45): pattern does not contain all quantified variables.
WARNING: (113683,53): pattern does not contain all quantified variables.
WARNING: (113780,59): pattern does not contain all quantified variables.
WARNING: (92192,41): pattern does not contain all quantified variables.
WARNING: (92289,42): pattern does not contain all quantified variables.
WARNING: (92366,46): pattern does not contain all quantified variables.
WARNING: (92715,41): pattern does not contain all quantified variables.
WARNING: (103942,47): pattern does not contain all quantified variables.
WARNING: (105391,45): pattern does not contain all quantified variables.
WARNING: (113683,53): pattern does not contain all quantified variables.
WARNING: (113780,59): pattern does not contain all quantified variables.
WARNING: (141218,41): pattern does not contain all quantified variables.
WARNING: (141315,42): pattern does not contain all quantified variables.
WARNING: (141392,46): pattern does not contain all quantified variables.
WARNING: (141741,41): pattern does not contain all quantified variables.
WARNING: (152968,47): pattern does not contain all quantified variables.
WARNING: (141218,41): pattern does not contain all quantified variables.
WARNING: (141315,42): pattern does not contain all quantified variables.
WARNING: (141392,46): pattern does not contain all quantified variables.
WARNING: (141741,41): pattern does not contain all quantified variables.
WARNING: (152968,47): pattern does not contain all quantified variables.
WARNING: (141218,41): pattern does not contain all quantified variables.
WARNING: (141315,42): pattern does not contain all quantified variables.
WARNING: (141392,46): pattern does not contain all quantified variables.
WARNING: (141741,41): pattern does not contain all quantified variables.
WARNING: (152968,47): pattern does not contain all quantified variables.
WARNING: (92192,41): pattern does not contain all quantified variables.
WARNING: (92289,42): pattern does not contain all quantified variables.
WARNING: (92366,46): pattern does not contain all quantified variables.
WARNING: (92715,41): pattern does not contain all quantified variables.
WARNING: (103942,47): pattern does not contain all quantified variables.
WARNING: (105391,45): pattern does not contain all quantified variables.
WARNING: (113683,53): pattern does not contain all quantified variables.
WARNING: (113780,59): pattern does not contain all quantified variables.
WARNING: (11941,46): pattern does not contain all quantified variables.
WARNING: (141218,41): pattern does not contain all quantified variables.
WARNING: (141315,42): pattern does not contain all quantified variables.
WARNING: (141392,46): pattern does not contain all quantified variables.
WARNING: (141741,41): pattern does not contain all quantified variables.
WARNING: (152968,47): pattern does not contain all quantified variables.
WARNING: (7184,46): pattern does not contain all quantified variables.
WARNING: (92192,41): pattern does not contain all quantified variables.
WARNING: (92289,42): pattern does not contain all quantified variables.
WARNING: (92366,46): pattern does not contain all quantified variables.
WARNING: (92715,41): pattern does not contain all quantified variables.
WARNING: (103942,47): pattern does not contain all quantified variables.
WARNING: (105391,45): pattern does not contain all quantified variables.
WARNING: (113683,53): pattern does not contain all quantified variables.
WARNING: (113780,59): pattern does not contain all quantified variables.
WARNING: (11446,41): pattern does not contain all quantified variables.
WARNING: (11539,42): pattern does not contain all quantified variables.
WARNING: (11756,46): pattern does not contain all quantified variables.
WARNING: (12575,47): pattern does not contain all quantified variables.
WARNING: (92192,41): pattern does not contain all quantified variables.
WARNING: (92289,42): pattern does not contain all quantified variables.
WARNING: (92366,46): pattern does not contain all quantified variables.
WARNING: (92715,41): pattern does not contain all quantified variables.
WARNING: (103942,47): pattern does not contain all quantified variables.
WARNING: (105391,45): pattern does not contain all quantified variables.
WARNING: (113683,53): pattern does not contain all quantified variables.
WARNING: (113780,59): pattern does not contain all quantified variables.
WARNING: (141218,41): pattern does not contain all quantified variables.
WARNING: (141315,42): pattern does not contain all quantified variables.
WARNING: (141392,46): pattern does not contain all quantified variables.
WARNING: (141741,41): pattern does not contain all quantified variables.
WARNING: (152968,47): pattern does not contain all quantified variables.
.\FStar.Modifies.fst(1317,3-1324,81): (Warning) Pattern misses at least one bound variable: root_type#975785
.\FStar.Modifies.fst(1317,3-1324,81): (Warning) Pattern misses at least one bound variable: root_type#979275
WARNING: (7645,47): pattern does not contain all quantified variables.
WARNING: (92192,41): pattern does not contain all quantified variables.
WARNING: (92289,42): pattern does not contain all quantified variables.
WARNING: (92366,46): pattern does not contain all quantified variables.
WARNING: (92715,41): pattern does not contain all quantified variables.
WARNING: (103942,47): pattern does not contain all quantified variables.
WARNING: (105391,45): pattern does not contain all quantified variables.
WARNING: (113683,53): pattern does not contain all quantified variables.
WARNING: (113780,59): pattern does not contain all quantified variables.
WARNING: (7529,47): pattern does not contain all quantified variables.
.\FStar.Modifies.fst(434,2-437,37): (Warning) Pattern misses at least one bound variable: root_type#2179727
.\FStar.Modifies.fst(449,2-452,82): (Warning) Pattern misses at least one bound variable: root_type#2180240
.\FStar.Modifies.fst(495,2-498,36): (Warning) Pattern misses at least one bound variable: root_type#2182971
.\FStar.Modifies.fst(609,2-614,83): (Warning) Pattern misses at least one bound variable: root_type#2185293
.\FStar.Modifies.fst(841,2-844,41): (Warning) Pattern misses at least one bound variable: root_type#2196340
.\FStar.Modifies.fst(1317,3-1324,81): (Warning) Pattern misses at least one bound variable: root_type#2220980
.\FStar.Modifies.fst(1598,2-1601,77): (Warning) Pattern misses at least one bound variable: ls#2226856
WARNING: (141218,41): pattern does not contain all quantified variables.
WARNING: (141315,42): pattern does not contain all quantified variables.
WARNING: (141392,46): pattern does not contain all quantified variables.
WARNING: (141741,41): pattern does not contain all quantified variables.
WARNING: (152968,47): pattern does not contain all quantified variables.
WARNING: (154417,45): pattern does not contain all quantified variables.
WARNING: (141218,41): pattern does not contain all quantified variables.
WARNING: (141315,42): pattern does not contain all quantified variables.
WARNING: (141392,46): pattern does not contain all quantified variables.
WARNING: (141741,41): pattern does not contain all quantified variables.
WARNING: (152968,47): pattern does not contain all quantified variables.
WARNING: (154417,45): pattern does not contain all quantified variables.
WARNING: (141218,41): pattern does not contain all quantified variables.
WARNING: (141315,42): pattern does not contain all quantified variables.
WARNING: (141392,46): pattern does not contain all quantified variables.
WARNING: (141741,41): pattern does not contain all quantified variables.
WARNING: (152968,47): pattern does not contain all quantified variables.
WARNING: (154417,45): pattern does not contain all quantified variables.
WARNING: (141218,41): pattern does not contain all quantified variables.
WARNING: (141315,42): pattern does not contain all quantified variables.
WARNING: (141392,46): pattern does not contain all quantified variables.
WARNING: (141741,41): pattern does not contain all quantified variables.
WARNING: (152968,47): pattern does not contain all quantified variables.
WARNING: (154417,45): pattern does not contain all quantified variables.
WARNING: (162709,53): pattern does not contain all quantified variables.
WARNING: (162806,59): pattern does not contain all quantified variables.
WARNING: (141218,41): pattern does not contain all quantified variables.
WARNING: (141315,42): pattern does not contain all quantified variables.
WARNING: (141392,46): pattern does not contain all quantified variables.
WARNING: (141741,41): pattern does not contain all quantified variables.
WARNING: (152968,47): pattern does not contain all quantified variables.
WARNING: (154417,45): pattern does not contain all quantified variables.
WARNING: (162709,53): pattern does not contain all quantified variables.
WARNING: (162806,59): pattern does not contain all quantified variables.
WARNING: (141218,41): pattern does not contain all quantified variables.
WARNING: (141315,42): pattern does not contain all quantified variables.
WARNING: (141392,46): pattern does not contain all quantified variables.
WARNING: (141741,41): pattern does not contain all quantified variables.
WARNING: (152968,47): pattern does not contain all quantified variables.
WARNING: (154417,45): pattern does not contain all quantified variables.
WARNING: (162709,53): pattern does not contain all quantified variables.
WARNING: (162806,59): pattern does not contain all quantified variables.
WARNING: (141218,41): pattern does not contain all quantified variables.
WARNING: (141315,42): pattern does not contain all quantified variables.
WARNING: (141392,46): pattern does not contain all quantified variables.
WARNING: (141741,41): pattern does not contain all quantified variables.
WARNING: (152968,47): pattern does not contain all quantified variables.
WARNING: (154417,45): pattern does not contain all quantified variables.
WARNING: (162709,53): pattern does not contain all quantified variables.
WARNING: (162806,59): pattern does not contain all quantified variables.
WARNING: (141218,41): pattern does not contain all quantified variables.
WARNING: (141315,42): pattern does not contain all quantified variables.
WARNING: (141392,46): pattern does not contain all quantified variables.
WARNING: (141741,41): pattern does not contain all quantified variables.
WARNING: (152968,47): pattern does not contain all quantified variables.
WARNING: (154417,45): pattern does not contain all quantified variables.
WARNING: (162709,53): pattern does not contain all quantified variables.
WARNING: (162806,59): pattern does not contain all quantified variables.
WARNING: (141218,41): pattern does not contain all quantified variables.
WARNING: (141315,42): pattern does not contain all quantified variables.
WARNING: (141392,46): pattern does not contain all quantified variables.
WARNING: (141741,41): pattern does not contain all quantified variables.
WARNING: (152968,47): pattern does not contain all quantified variables.
WARNING: (154417,45): pattern does not contain all quantified variables.
WARNING: (162709,53): pattern does not contain all quantified variables.
WARNING: (162806,59): pattern does not contain all quantified variables.
WARNING: (141218,41): pattern does not contain all quantified variables.
WARNING: (141315,42): pattern does not contain all quantified variables.
WARNING: (141392,46): pattern does not contain all quantified variables.
WARNING: (141741,41): pattern does not contain all quantified variables.
WARNING: (152968,47): pattern does not contain all quantified variables.
WARNING: (154417,45): pattern does not contain all quantified variables.
WARNING: (162709,53): pattern does not contain all quantified variables.
WARNING: (162806,59): pattern does not contain all quantified variables.
WARNING: (141218,41): pattern does not contain all quantified variables.
WARNING: (141315,42): pattern does not contain all quantified variables.
WARNING: (141392,46): pattern does not contain all quantified variables.
WARNING: (141741,41): pattern does not contain all quantified variables.
WARNING: (152968,47): pattern does not contain all quantified variables.
WARNING: (154417,45): pattern does not contain all quantified variables.
WARNING: (162709,53): pattern does not contain all quantified variables.
WARNING: (162806,59): pattern does not contain all quantified variables.
WARNING: (12167,46): pattern does not contain all quantified variables.
WARNING: (141218,41): pattern does not contain all quantified variables.
WARNING: (141315,42): pattern does not contain all quantified variables.
WARNING: (141392,46): pattern does not contain all quantified variables.
WARNING: (141741,41): pattern does not contain all quantified variables.
WARNING: (152968,47): pattern does not contain all quantified variables.
WARNING: (154417,45): pattern does not contain all quantified variables.
WARNING: (162709,53): pattern does not contain all quantified variables.
WARNING: (162806,59): pattern does not contain all quantified variables.
WARNING: (141218,41): pattern does not contain all quantified variables.
WARNING: (141315,42): pattern does not contain all quantified variables.
WARNING: (141392,46): pattern does not contain all quantified variables.
WARNING: (141741,41): pattern does not contain all quantified variables.
WARNING: (152968,47): pattern does not contain all quantified variables.
WARNING: (154417,45): pattern does not contain all quantified variables.
WARNING: (162709,53): pattern does not contain all quantified variables.
WARNING: (162806,59): pattern does not contain all quantified variables.
WARNING: (12587,47): pattern does not contain all quantified variables.
WARNING: (141218,41): pattern does not contain all quantified variables.
WARNING: (141315,42): pattern does not contain all quantified variables.
WARNING: (141392,46): pattern does not contain all quantified variables.
WARNING: (141741,41): pattern does not contain all quantified variables.
WARNING: (152968,47): pattern does not contain all quantified variables.
WARNING: (154417,45): pattern does not contain all quantified variables.
WARNING: (162709,53): pattern does not contain all quantified variables.
WARNING: (162806,59): pattern does not contain all quantified variables.
WARNING: (12512,47): pattern does not contain all quantified variables.
.\FStar.Modifies.fst(434,2-437,37): (Warning) Pattern misses at least one bound variable: root_type#2179727
.\FStar.Modifies.fst(449,2-452,82): (Warning) Pattern misses at least one bound variable: root_type#2180240
.\FStar.Modifies.fst(495,2-498,36): (Warning) Pattern misses at least one bound variable: root_type#2182971
.\FStar.Modifies.fst(609,2-614,83): (Warning) Pattern misses at least one bound variable: root_type#2185293
.\FStar.Modifies.fst(841,2-844,41): (Warning) Pattern misses at least one bound variable: root_type#2196340
.\FStar.Modifies.fst(1317,3-1324,81): (Warning) Pattern misses at least one bound variable: root_type#2220980
.\FStar.Modifies.fst(1598,2-1601,77): (Warning) Pattern misses at least one bound variable: ls#2226856
WARNING: (140832,41): pattern does not contain all quantified variables.
WARNING: (140929,42): pattern does not contain all quantified variables.
WARNING: (141006,46): pattern does not contain all quantified variables.
WARNING: (141355,41): pattern does not contain all quantified variables.
WARNING: (152250,47): pattern does not contain all quantified variables.
WARNING: (153700,45): pattern does not contain all quantified variables.
WARNING: (161956,53): pattern does not contain all quantified variables.
WARNING: (162053,59): pattern does not contain all quantified variables.
WARNING: (12278,47): pattern does not contain all quantified variables.
WARNING: (12211,47): pattern does not contain all quantified variables.
WARNING: (13451,46): pattern does not contain all quantified variables.
WARNING: (12241,47): pattern does not contain all quantified variables.
WARNING: (12231,47): pattern does not contain all quantified variables.
WARNING: (12226,47): pattern does not contain all quantified variables.
WARNING: (140832,41): pattern does not contain all quantified variables.
WARNING: (140929,42): pattern does not contain all quantified variables.
WARNING: (141006,46): pattern does not contain all quantified variables.
WARNING: (141355,41): pattern does not contain all quantified variables.
WARNING: (152250,47): pattern does not contain all quantified variables.
WARNING: (153700,45): pattern does not contain all quantified variables.
WARNING: (161956,53): pattern does not contain all quantified variables.
WARNING: (162053,59): pattern does not contain all quantified variables.
WARNING: (185663,70): pattern does not contain all quantified variables.
WARNING: (186140,48): pattern does not contain all quantified variables.
WARNING: (13793,41): pattern does not contain all quantified variables.
WARNING: (14167,41): pattern does not contain all quantified variables.
.\FStar.HyperStackNG.fst(222,2-225,25): (Warning) Pattern misses at least one bound variable: t#188571
.\FStar.HyperStackNG.fst(337,2-340,90): (Warning) Pattern misses at least one bound variable: t#191055
WARNING: (140832,41): pattern does not contain all quantified variables.
WARNING: (140929,42): pattern does not contain all quantified variables.
WARNING: (141006,46): pattern does not contain all quantified variables.
WARNING: (141355,41): pattern does not contain all quantified variables.
WARNING: (152250,47): pattern does not contain all quantified variables.
WARNING: (153700,45): pattern does not contain all quantified variables.
WARNING: (161956,53): pattern does not contain all quantified variables.
WARNING: (162053,59): pattern does not contain all quantified variables.
WARNING: (185660,70): pattern does not contain all quantified variables.
WARNING: (186137,48): pattern does not contain all quantified variables.
WARNING: (140832,41): pattern does not contain all quantified variables.
WARNING: (140929,42): pattern does not contain all quantified variables.
WARNING: (141006,46): pattern does not contain all quantified variables.
WARNING: (141355,41): pattern does not contain all quantified variables.
WARNING: (152250,47): pattern does not contain all quantified variables.
WARNING: (153700,45): pattern does not contain all quantified variables.
WARNING: (161956,53): pattern does not contain all quantified variables.
WARNING: (162053,59): pattern does not contain all quantified variables.
WARNING: (185660,70): pattern does not contain all quantified variables.
WARNING: (186137,48): pattern does not contain all quantified variables.
WARNING: (140832,41): pattern does not contain all quantified variables.
WARNING: (140929,42): pattern does not contain all quantified variables.
WARNING: (141006,46): pattern does not contain all quantified variables.
WARNING: (141355,41): pattern does not contain all quantified variables.
WARNING: (152250,47): pattern does not contain all quantified variables.
WARNING: (153700,45): pattern does not contain all quantified variables.
WARNING: (161956,53): pattern does not contain all quantified variables.
WARNING: (162053,59): pattern does not contain all quantified variables.
WARNING: (185660,70): pattern does not contain all quantified variables.
WARNING: (186137,48): pattern does not contain all quantified variables.
WARNING: (140832,41): pattern does not contain all quantified variables.
WARNING: (140929,42): pattern does not contain all quantified variables.
WARNING: (141006,46): pattern does not contain all quantified variables.
WARNING: (141355,41): pattern does not contain all quantified variables.
WARNING: (152250,47): pattern does not contain all quantified variables.
WARNING: (153700,45): pattern does not contain all quantified variables.
WARNING: (161956,53): pattern does not contain all quantified variables.
WARNING: (162053,59): pattern does not contain all quantified variables.
WARNING: (185660,70): pattern does not contain all quantified variables.
WARNING: (186137,48): pattern does not contain all quantified variables.
WARNING: (140832,41): pattern does not contain all quantified variables.
WARNING: (140929,42): pattern does not contain all quantified variables.
WARNING: (141006,46): pattern does not contain all quantified variables.
WARNING: (141355,41): pattern does not contain all quantified variables.
WARNING: (152250,47): pattern does not contain all quantified variables.
WARNING: (153700,45): pattern does not contain all quantified variables.
WARNING: (161956,53): pattern does not contain all quantified variables.
WARNING: (162053,59): pattern does not contain all quantified variables.
WARNING: (185660,70): pattern does not contain all quantified variables.
WARNING: (186137,48): pattern does not contain all quantified variables.
WARNING: (140832,41): pattern does not contain all quantified variables.
WARNING: (140929,42): pattern does not contain all quantified variables.
WARNING: (141006,46): pattern does not contain all quantified variables.
WARNING: (141355,41): pattern does not contain all quantified variables.
WARNING: (152250,47): pattern does not contain all quantified variables.
WARNING: (153700,45): pattern does not contain all quantified variables.
WARNING: (161956,53): pattern does not contain all quantified variables.
WARNING: (162053,59): pattern does not contain all quantified variables.
WARNING: (185660,70): pattern does not contain all quantified variables.
WARNING: (186137,48): pattern does not contain all quantified variables.
WARNING: (140832,41): pattern does not contain all quantified variables.
WARNING: (140929,42): pattern does not contain all quantified variables.
WARNING: (141006,46): pattern does not contain all quantified variables.
WARNING: (141355,41): pattern does not contain all quantified variables.
WARNING: (152250,47): pattern does not contain all quantified variables.
WARNING: (153700,45): pattern does not contain all quantified variables.
WARNING: (161956,53): pattern does not contain all quantified variables.
WARNING: (162053,59): pattern does not contain all quantified variables.
WARNING: (185660,70): pattern does not contain all quantified variables.
WARNING: (186137,48): pattern does not contain all quantified variables.
WARNING: (140832,41): pattern does not contain all quantified variables.
WARNING: (140929,42): pattern does not contain all quantified variables.
WARNING: (141006,46): pattern does not contain all quantified variables.
WARNING: (141355,41): pattern does not contain all quantified variables.
WARNING: (152250,47): pattern does not contain all quantified variables.
WARNING: (153700,45): pattern does not contain all quantified variables.
WARNING: (161956,53): pattern does not contain all quantified variables.
WARNING: (162053,59): pattern does not contain all quantified variables.
WARNING: (185660,70): pattern does not contain all quantified variables.
WARNING: (186137,48): pattern does not contain all quantified variables.
WARNING: (140832,41): pattern does not contain all quantified variables.
WARNING: (140929,42): pattern does not contain all quantified variables.
WARNING: (141006,46): pattern does not contain all quantified variables.
WARNING: (141355,41): pattern does not contain all quantified variables.
WARNING: (152250,47): pattern does not contain all quantified variables.
WARNING: (153700,45): pattern does not contain all quantified variables.
WARNING: (161956,53): pattern does not contain all quantified variables.
WARNING: (162053,59): pattern does not contain all quantified variables.
WARNING: (185660,70): pattern does not contain all quantified variables.
WARNING: (186137,48): pattern does not contain all quantified variables.
WARNING: (140832,41): pattern does not contain all quantified variables.
WARNING: (140929,42): pattern does not contain all quantified variables.
WARNING: (141006,46): pattern does not contain all quantified variables.
WARNING: (141355,41): pattern does not contain all quantified variables.
WARNING: (152250,47): pattern does not contain all quantified variables.
WARNING: (153700,45): pattern does not contain all quantified variables.
WARNING: (161956,53): pattern does not contain all quantified variables.
WARNING: (162053,59): pattern does not contain all quantified variables.
WARNING: (185660,70): pattern does not contain all quantified variables.
WARNING: (186137,48): pattern does not contain all quantified variables.
WARNING: (12264,47): pattern does not contain all quantified variables.
WARNING: (140832,41): pattern does not contain all quantified variables.
WARNING: (140929,42): pattern does not contain all quantified variables.
WARNING: (141006,46): pattern does not contain all quantified variables.
WARNING: (141355,41): pattern does not contain all quantified variables.
WARNING: (152250,47): pattern does not contain all quantified variables.
WARNING: (153700,45): pattern does not contain all quantified variables.
WARNING: (161956,53): pattern does not contain all quantified variables.
WARNING: (162053,59): pattern does not contain all quantified variables.
WARNING: (185660,70): pattern does not contain all quantified variables.
WARNING: (186137,48): pattern does not contain all quantified variables.
WARNING: (140832,41): pattern does not contain all quantified variables.
WARNING: (140929,42): pattern does not contain all quantified variables.
WARNING: (141006,46): pattern does not contain all quantified variables.
WARNING: (141355,41): pattern does not contain all quantified variables.
WARNING: (152250,47): pattern does not contain all quantified variables.
WARNING: (153700,45): pattern does not contain all quantified variables.
WARNING: (161956,53): pattern does not contain all quantified variables.
WARNING: (162053,59): pattern does not contain all quantified variables.
WARNING: (185660,70): pattern does not contain all quantified variables.
WARNING: (186137,48): pattern does not contain all quantified variables.
WARNING: (12421,47): pattern does not contain all quantified variables.
WARNING: (12757,59): pattern does not contain all quantified variables.
WARNING: (12757,59): pattern does not contain all quantified variables.
WARNING: (140832,41): pattern does not contain all quantified variables.
WARNING: (140929,42): pattern does not contain all quantified variables.
WARNING: (141006,46): pattern does not contain all quantified variables.
WARNING: (141355,41): pattern does not contain all quantified variables.
WARNING: (152250,47): pattern does not contain all quantified variables.
WARNING: (153700,45): pattern does not contain all quantified variables.
WARNING: (161956,53): pattern does not contain all quantified variables.
WARNING: (162053,59): pattern does not contain all quantified variables.
WARNING: (185660,70): pattern does not contain all quantified variables.
WARNING: (186137,48): pattern does not contain all quantified variables.
WARNING: (12521,47): pattern does not contain all quantified variables.
WARNING: (140832,41): pattern does not contain all quantified variables.
WARNING: (140929,42): pattern does not contain all quantified variables.
WARNING: (141006,46): pattern does not contain all quantified variables.
WARNING: (141355,41): pattern does not contain all quantified variables.
WARNING: (152250,47): pattern does not contain all quantified variables.
WARNING: (153700,45): pattern does not contain all quantified variables.
WARNING: (161956,53): pattern does not contain all quantified variables.
WARNING: (162053,59): pattern does not contain all quantified variables.
WARNING: (185660,70): pattern does not contain all quantified variables.
WARNING: (186137,48): pattern does not contain all quantified variables.
WARNING: (140832,41): pattern does not contain all quantified variables.
WARNING: (140929,42): pattern does not contain all quantified variables.
WARNING: (141006,46): pattern does not contain all quantified variables.
WARNING: (141355,41): pattern does not contain all quantified variables.
WARNING: (152250,47): pattern does not contain all quantified variables.
WARNING: (153700,45): pattern does not contain all quantified variables.
WARNING: (161956,53): pattern does not contain all quantified variables.
WARNING: (162053,59): pattern does not contain all quantified variables.
WARNING: (185660,70): pattern does not contain all quantified variables.
WARNING: (186137,48): pattern does not contain all quantified variables.
WARNING: (12436,47): pattern does not contain all quantified variables.
WARNING: (140832,41): pattern does not contain all quantified variables.
WARNING: (140929,42): pattern does not contain all quantified variables.
WARNING: (141006,46): pattern does not contain all quantified variables.
WARNING: (141355,41): pattern does not contain all quantified variables.
WARNING: (152250,47): pattern does not contain all quantified variables.
WARNING: (153700,45): pattern does not contain all quantified variables.
WARNING: (161956,53): pattern does not contain all quantified variables.
WARNING: (162053,59): pattern does not contain all quantified variables.
WARNING: (185660,70): pattern does not contain all quantified variables.
WARNING: (186137,48): pattern does not contain all quantified variables.
WARNING: (140832,41): pattern does not contain all quantified variables.
WARNING: (140929,42): pattern does not contain all quantified variables.
WARNING: (141006,46): pattern does not contain all quantified variables.
WARNING: (141355,41): pattern does not contain all quantified variables.
WARNING: (152250,47): pattern does not contain all quantified variables.
WARNING: (153700,45): pattern does not contain all quantified variables.
WARNING: (161956,53): pattern does not contain all quantified variables.
WARNING: (162053,59): pattern does not contain all quantified variables.
WARNING: (185660,70): pattern does not contain all quantified variables.
WARNING: (186137,48): pattern does not contain all quantified variables.
WARNING: (12523,47): pattern does not contain all quantified variables.
WARNING: (140832,41): pattern does not contain all quantified variables.
WARNING: (140929,42): pattern does not contain all quantified variables.
WARNING: (141006,46): pattern does not contain all quantified variables.
WARNING: (141355,41): pattern does not contain all quantified variables.
WARNING: (152250,47): pattern does not contain all quantified variables.
WARNING: (153700,45): pattern does not contain all quantified variables.
WARNING: (161956,53): pattern does not contain all quantified variables.
WARNING: (162053,59): pattern does not contain all quantified variables.
WARNING: (185660,70): pattern does not contain all quantified variables.
WARNING: (186137,48): pattern does not contain all quantified variables.
WARNING: (140832,41): pattern does not contain all quantified variables.
WARNING: (140929,42): pattern does not contain all quantified variables.
WARNING: (141006,46): pattern does not contain all quantified variables.
WARNING: (141355,41): pattern does not contain all quantified variables.
WARNING: (152250,47): pattern does not contain all quantified variables.
WARNING: (153700,45): pattern does not contain all quantified variables.
WARNING: (161956,53): pattern does not contain all quantified variables.
WARNING: (162053,59): pattern does not contain all quantified variables.
WARNING: (185660,70): pattern does not contain all quantified variables.
WARNING: (186137,48): pattern does not contain all quantified variables.
WARNING: (215222,42): pattern does not contain all quantified variables.
Warning: Unable to open hints file: C:\Build\Agent\_work\1\s\ulib\hyperstack\FStar.STNG.fst.hints; ran without hints
.\FStar.BufferNG.fst(736,2-739,63): (Warning) Pattern misses at least one bound variable: i#199832
