dos2unix: converting file parser/parse.fsi to Unix format...
Warning: you are using the standard library and/or the %inline keyword. We
recommend switching on --infer in order to avoid obscure type error messages.
dos2unix: converting file parse.mly to Unix format...
File "src/basic/ml/FStar_Util.ml", line 49, characters 57-65:
Warning 40: st_mtime was selected from type BatUnix.stats.
It is not visible in the current scope, and will not 
be selected if the type becomes unknown.
File "src/basic/ml/FStar_Util.ml", line 49, characters 57-65:
Warning 40: st_mtime was selected from type BatUnix.stats.
It is not visible in the current scope, and will not 
be selected if the type becomes unknown.
.\u_boot_fsts\FStar.TypeChecker.Util.fst(71,0-73,32): (Warning) Annotation from val declaration overrides inline type annotation
.\u_boot_fsts\FStar.Syntax.Syntax.fst(394,0-394,33): (Warning) Annotation from val declaration overrides inline type annotation
.\u_boot_fsts\FStar.Syntax.Syntax.fst(445,0-445,48): (Warning) Annotation from val declaration overrides inline type annotation
.\u_boot_fsts\FStar.Syntax.Syntax.fst(446,0-446,76): (Warning) Annotation from val declaration overrides inline type annotation
.\u_boot_fsts\FStar.Syntax.Syntax.fst(496,0-498,38): (Warning) Annotation from val declaration overrides inline type annotation
.\u_boot_fsts\FStar.TypeChecker.Env.fst(282,0-286,35): (Warning) Annotation from val declaration overrides inline type annotation
.\u_boot_fsts\FStar.TypeChecker.Env.fst(716,0-718,39): (Warning) Annotation from val declaration overrides inline type annotation
.\Ex01a.fst(68,0-68,48): (Warning) Top-level let-bindings must be total; this term may have effects
.\Ex01a.fst(58,0-58,48): (Warning) Top-level let-bindings must be total; this term may have effects
.\Encrypt_SymEnc.fst(30,0-30,18): (Warning) Top-level let-bindings must be total; this term may have effects
WARNING: (6886,51): pattern does not contain all quantified variables.
WARNING: (6886,51): pattern does not contain all quantified variables.
.\MAC.fst(45,0-45,35): (Warning) Top-level let-bindings must be total; this term may have effects
File "ulib/ml/extracted/FStar_IndefiniteDescription.ml", line 7, characters 31-33:
Warning 20: this argument will not be used by the function.
File "ulib/ml/extracted/FStar_Tactics.ml", line 353, characters 45-46:
Warning 20: this argument will not be used by the function.
File "ulib/ml/extracted/FStar_Util.ml", line 2, characters 40-41:
Warning 20: this argument will not be used by the function.
File "ulib/ml/extracted/FStar_Util.ml", line 2, characters 42-43:
Warning 20: this argument will not be used by the function.
File "ulib/ml/extracted/FStar_Util.ml", line 3, characters 64-65:
Warning 20: this argument will not be used by the function.
File "ulib/ml/extracted/FStar_Util.ml", line 5, characters 37-38:
Warning 20: this argument will not be used by the function.
File "ulib/ml/extracted/FStar_Util.ml", line 5, characters 62-63:
Warning 20: this argument will not be used by the function.
.\Platform.Bytes.fst(15,32-18,29): (Warning) Pattern misses at least one bound variable: uu___#419079
WARNING: (6837,46): pattern does not contain any variable.
WARNING: (7020,46): pattern does not contain any variable.
WARNING: (6736,46): pattern does not contain any variable.
.\Platform.Bytes.fst(257,22-260,30): (Warning) Pattern misses at least one bound variable: i#455873
.\Platform.Bytes.fst(261,8-261,24): (Warning) Pattern misses at least one bound variable: i#457872 (see also .\Platform.Bytes.fst(257,156-260,30))
WARNING: (7042,46): pattern does not contain any variable.
WARNING: (65142,46): pattern does not contain any variable.
WARNING: (69038,43): pattern does not contain all quantified variables.
WARNING: (65142,46): pattern does not contain any variable.
WARNING: (69038,43): pattern does not contain all quantified variables.
WARNING: (65142,46): pattern does not contain any variable.
WARNING: (69038,43): pattern does not contain all quantified variables.
WARNING: (65142,46): pattern does not contain any variable.
WARNING: (69038,43): pattern does not contain all quantified variables.
WARNING: (65142,46): pattern does not contain any variable.
WARNING: (69038,43): pattern does not contain all quantified variables.
WARNING: (65142,46): pattern does not contain any variable.
WARNING: (69038,43): pattern does not contain all quantified variables.
WARNING: (65142,46): pattern does not contain any variable.
WARNING: (69038,43): pattern does not contain all quantified variables.
WARNING: (65142,46): pattern does not contain any variable.
WARNING: (69038,43): pattern does not contain all quantified variables.
WARNING: (65142,46): pattern does not contain any variable.
WARNING: (69038,43): pattern does not contain all quantified variables.
.\Platform.Bytes.fst(15,40-18,29): (Warning) Pattern misses at least one bound variable: uu___#492597
.\Platform.Bytes.fst(261,8-261,24): (Warning) Pattern misses at least one bound variable: i#500984 (see also .\Platform.Bytes.fst(257,156-260,30))
.\Ex10a.fst(28,0-28,22): (Warning) Top-level let-bindings must be total; this term may have effects
.\RPC.fst(9,0-9,53): (Warning) Top-level let-bindings must be total; this term may have effects
.\RPC.fst(23,0-23,39): (Warning) Top-level let-bindings must be total; this term may have effects
.\RPC.fst(48,0-49,16): (Warning) Top-level let-bindings must be total; this term may have effects
.\RPC.fst(116,0-116,17): (Warning) Top-level let-bindings must be total; this term may have effects
.\Ex10a.fst(28,0-28,22): (Warning) Top-level let-bindings must be total; this term may have effects
.\TestMRef.fst(8,0-8,20): (Warning) Top-level let-bindings must be total; this term may have effects
File "ulib/ml/extracted/FStar_IndefiniteDescription.ml", line 7, characters 31-33:
Warning 20: this argument will not be used by the function.
File "ulib/ml/extracted/FStar_Tactics.ml", line 353, characters 45-46:
Warning 20: this argument will not be used by the function.
File "ulib/ml/extracted/FStar_Util.ml", line 2, characters 40-41:
Warning 20: this argument will not be used by the function.
File "ulib/ml/extracted/FStar_Util.ml", line 2, characters 42-43:
Warning 20: this argument will not be used by the function.
File "ulib/ml/extracted/FStar_Util.ml", line 3, characters 64-65:
Warning 20: this argument will not be used by the function.
File "ulib/ml/extracted/FStar_Util.ml", line 5, characters 37-38:
Warning 20: this argument will not be used by the function.
File "ulib/ml/extracted/FStar_Util.ml", line 5, characters 62-63:
Warning 20: this argument will not be used by the function.
.\CntProtocol.fst(14,0-14,53): (Warning) Top-level let-bindings must be total; this term may have effects
.\CntProtocol.fst(29,0-29,26): (Warning) Top-level let-bindings must be total; this term may have effects
.\CntProtocol.fst(32,0-32,54): (Warning) Top-level let-bindings must be total; this term may have effects
.\CntProtocol.fst(35,0-35,54): (Warning) Top-level let-bindings must be total; this term may have effects
.\CntProtocol.fst(99,0-99,39): (Warning) Top-level let-bindings must be total; this term may have effects
.\CntProtocol.fst(126,0-126,18): (Warning) Top-level let-bindings must be total; this term may have effects
.\CntProtocol.fst(172,0-188,5): (Warning) Top-level let-bindings must be total; this term may have effects
.\hello.fst(5,0-5,37): (Warning) Top-level let-bindings must be total; this term may have effects
Warning: Unable to open hints file: C:\Build\Agent1\_work\2\s\doc\tutorial\code\solutions\Ex12b1.Format.fst.hints; ran without hints
.\Ex12a1.Cap.fst(20,0-20,26): (Warning) Top-level let-bindings must be total; this term may have effects
Warning: the module declaration "module Ex12a.Cap" found in file Ex12a1.Cap.fst does not match its filename. Dependencies will be incorrect.
Warning: Unable to open hints file: C:\Build\Agent1\_work\2\s\doc\tutorial\code\exercises\Ex12a1.Cap.fst.hints; ran without hints
.\Ex12a1.Cap.fst(22,0-22,26): (Warning) Top-level let-bindings must be total; this term may have effects
Warning: Unable to open hints file: C:\Build\Agent1\_work\2\s\doc\tutorial\code\solutions\Ex12a2.Cap.fst.hints; ran without hints
.\Ex12a2.Cap.fst(21,0-21,31): (Warning) Top-level let-bindings must be total; this term may have effects
.\Ex12a2.Cap.fst(42,0-42,33): (Warning) Top-level let-bindings must be total; this term may have effects
.\Mac.fst(70,0-70,35): (Warning) Top-level let-bindings must be total; this term may have effects
Warning: Unable to open hints file: C:\Build\Agent1\_work\2\s\doc\tutorial\code\solutions\Ex12b2.Format.fst.hints; ran without hints
Warning: Unable to open hints file: C:\Build\Agent1\_work\2\s\doc\tutorial\code\exercises\Ex12b1.Format.fst.hints; ran without hints
Warning: Unable to open hints file: C:\Build\Agent1\_work\2\s\doc\tutorial\code\solutions\EtM.Plain.fst.hints; ran without hints
Warning: Unable to open hints file: C:\Build\Agent1\_work\2\s\doc\tutorial\code\exercises\Ex12b2.Format.fst.hints; ran without hints
.\Ex01a.fst(58,0-58,48): (Warning) Top-level let-bindings must be total; this term may have effects
make[3]: [Makefile:68: Ex01a-ocaml] Error 2 (ignored)
Warning: Unable to open hints file: C:\Build\Agent1\_work\2\s\doc\tutorial\code\exercises\Ex12c.Format.fst.hints; ran without hints
Warning: Unable to open hints file: C:\Build\Agent1\_work\2\s\doc\tutorial\code\solutions\EtM.CPA.fst.hints; ran without hints
Warning: Unable to open hints file: C:\Build\Agent1\_work\2\s\doc\tutorial\code\solutions\EtM.MAC.fst.hints; ran without hints
.\Ex12b.RPC.fst(15,0-15,53): (Warning) Top-level let-bindings must be total; this term may have effects
.\Ex12b.RPC.fst(29,0-29,62): (Warning) Top-level let-bindings must be total; this term may have effects
.\Ex12b.RPC.fst(60,0-60,63): (Warning) Top-level let-bindings must be total; this term may have effects
.\Ex12b.RPC.fst(76,0-77,16): (Warning) Top-level let-bindings must be total; this term may have effects
.\Ex12b.RPC.fst(150,0-150,17): (Warning) Top-level let-bindings must be total; this term may have effects
Warning: Unable to open hints file: C:\Build\Agent1\_work\2\s\doc\tutorial\code\solutions\EtM.AE.fst.hints; ran without hints
