make[1]: warning: jobserver unavailable: using -j1.  Add '+' to parent make rule.
make[1]: warning: jobserver unavailable: using -j1.  Add '+' to parent make rule.
Warning: you are using the standard library and/or the %inline keyword. We
recommend switching on --infer in order to avoid obscure type error messages.
warning: CRLF will be replaced by LF in src/parser/parse.fsi.
The file will have its original line endings in your working directory.
6 shift/reduce conflicts.
File "src/basic/ml/FStar_Util.ml", line 47, characters 57-65:
Warning 40: st_mtime was selected from type BatUnix.stats.
It is not visible in the current scope, and will not 
be selected if the type becomes unknown.
File "src/basic/ml/FStar_Util.ml", line 47, characters 57-65:
Warning 40: st_mtime was selected from type BatUnix.stats.
It is not visible in the current scope, and will not 
be selected if the type becomes unknown.
grep: parser/env.fs: No such file or directory
grep: parser/tosyntax.fs: No such file or directory
make[3]: *** No rule to make target 'boot_fsts/FStar.TypeChecker.Errors.fst', needed by 'extract_ocaml'.
make[3]: *** No rule to make target 'boot_fsts/FStar.Parser.Env.fst', needed by 'extract_ocaml'.
make[3]: *** No rule to make target 'boot_fsts/FStar.Parser.ToSyntax.fst', needed by 'extract_ocaml'.
make[3]: Target 'extract_ocaml' not remade because of errors.
make[2]: *** [Makefile:291: ocaml] Error 2
make[1]: *** [Makefile:285: fstar-ocaml] Error 2
make: *** [Makefile:351: utest] Error 2
