/bin/sh: /cygdrive/c/Binaries/z3-4.5.0-x64-win/bin: Is a directory
--2017-06-26 14:48:27--  https://raw.githubusercontent.com/Z3Prover/z3/master/LICENSE.txt
Resolving raw.githubusercontent.com... 151.101.48.133
Connecting to raw.githubusercontent.com|151.101.48.133|:443... connected.
HTTP request sent, awaiting response... 200 OK
Length: 1096 (1.1K) [text/plain]
Saving to: ‘fstar/LICENSE-z3.txt’

0K .                                                     100% 9.01M=0s

2017-06-26 14:48:27 (9.01 MB/s) - ‘fstar/LICENSE-z3.txt’ saved [1096/1096]

cp: -r not specified; omitting directory '/bin'
cp: -r not specified; omitting directory '/cygdrive'
cp: -r not specified; omitting directory '/dev'
cp: -r not specified; omitting directory '/etc'
cp: -r not specified; omitting directory '/home'
cp: -r not specified; omitting directory '/lib'
cp: -r not specified; omitting directory '/proc'
cp: -r not specified; omitting directory '/sbin'
cp: -r not specified; omitting directory '/tmp'
cp: -r not specified; omitting directory '/usr'
cp: -r not specified; omitting directory '/var'
make: *** [Makefile:212: package] Error 1
