dos2unix: converting file parser/parse.fsi to Unix format...
Warning: you are using the standard library and/or the %inline keyword. We
recommend switching on --infer in order to avoid obscure type error messages.
dos2unix: converting file parse.mly to Unix format...
File "src/basic/ml/FStar_Util.ml", line 49, characters 57-65:
Warning 40: st_mtime was selected from type BatUnix.stats.
It is not visible in the current scope, and will not 
be selected if the type becomes unknown.
File "src/tactics/ml/FStar_Reflection_Syntax.ml", line 12, characters 27-33:
Warning 40: C_Unit was selected from type FStar_Reflection_Data.vconst.
It is not visible in the current scope, and will not 
be selected if the type becomes unknown.
File "src/tactics/ml/FStar_Reflection_Syntax.ml", line 15, characters 27-32:
Warning 40: C_Int was selected from type FStar_Reflection_Data.vconst.
It is not visible in the current scope, and will not 
be selected if the type becomes unknown.
File "src/tactics/ml/FStar_Reflection_Syntax.ml", line 17, characters 43-48:
Warning 40: C_Int was selected from type FStar_Reflection_Data.vconst.
It is not visible in the current scope, and will not 
be selected if the type becomes unknown.
File "src/tactics/ml/FStar_Reflection_Syntax.ml", line 20, characters 27-33:
Warning 40: C_True was selected from type FStar_Reflection_Data.vconst.
It is not visible in the current scope, and will not 
be selected if the type becomes unknown.
File "src/tactics/ml/FStar_Reflection_Syntax.ml", line 23, characters 27-34:
Warning 40: C_False was selected from type FStar_Reflection_Data.vconst.
It is not visible in the current scope, and will not 
be selected if the type becomes unknown.
File "src/tactics/ml/FStar_Reflection_Syntax.ml", line 36, characters 27-33:
Warning 40: Tv_Var was selected from type FStar_Reflection_Data.term_view.
It is not visible in the current scope, and will not 
be selected if the type becomes unknown.
File "src/tactics/ml/FStar_Reflection_Syntax.ml", line 38, characters 43-49:
Warning 40: Tv_Var was selected from type FStar_Reflection_Data.term_view.
It is not visible in the current scope, and will not 
be selected if the type becomes unknown.
File "src/tactics/ml/FStar_Reflection_Syntax.ml", line 41, characters 27-34:
Warning 40: Tv_FVar was selected from type FStar_Reflection_Data.term_view.
It is not visible in the current scope, and will not 
be selected if the type becomes unknown.
File "src/tactics/ml/FStar_Reflection_Syntax.ml", line 43, characters 43-50:
Warning 40: Tv_FVar was selected from type FStar_Reflection_Data.term_view.
It is not visible in the current scope, and will not 
be selected if the type becomes unknown.
File "src/tactics/ml/FStar_Reflection_Syntax.ml", line 46, characters 27-33:
Warning 40: Tv_App was selected from type FStar_Reflection_Data.term_view.
It is not visible in the current scope, and will not 
be selected if the type becomes unknown.
File "src/tactics/ml/FStar_Reflection_Syntax.ml", line 48, characters 43-49:
Warning 40: Tv_App was selected from type FStar_Reflection_Data.term_view.
It is not visible in the current scope, and will not 
be selected if the type becomes unknown.
File "src/tactics/ml/FStar_Reflection_Syntax.ml", line 50, characters 43-49:
Warning 40: Tv_App was selected from type FStar_Reflection_Data.term_view.
It is not visible in the current scope, and will not 
be selected if the type becomes unknown.
File "src/tactics/ml/FStar_Reflection_Syntax.ml", line 53, characters 27-33:
Warning 40: Tv_Abs was selected from type FStar_Reflection_Data.term_view.
It is not visible in the current scope, and will not 
be selected if the type becomes unknown.
File "src/tactics/ml/FStar_Reflection_Syntax.ml", line 55, characters 43-49:
Warning 40: Tv_Abs was selected from type FStar_Reflection_Data.term_view.
It is not visible in the current scope, and will not 
be selected if the type becomes unknown.
File "src/tactics/ml/FStar_Reflection_Syntax.ml", line 57, characters 43-49:
Warning 40: Tv_Abs was selected from type FStar_Reflection_Data.term_view.
It is not visible in the current scope, and will not 
be selected if the type becomes unknown.
File "src/tactics/ml/FStar_Reflection_Syntax.ml", line 60, characters 27-35:
Warning 40: Tv_Arrow was selected from type FStar_Reflection_Data.term_view.
It is not visible in the current scope, and will not 
be selected if the type becomes unknown.
File "src/tactics/ml/FStar_Reflection_Syntax.ml", line 62, characters 43-51:
Warning 40: Tv_Arrow was selected from type FStar_Reflection_Data.term_view.
It is not visible in the current scope, and will not 
be selected if the type becomes unknown.
File "src/tactics/ml/FStar_Reflection_Syntax.ml", line 64, characters 43-51:
Warning 40: Tv_Arrow was selected from type FStar_Reflection_Data.term_view.
It is not visible in the current scope, and will not 
be selected if the type becomes unknown.
File "src/tactics/ml/FStar_Reflection_Syntax.ml", line 67, characters 27-34:
Warning 40: Tv_Type was selected from type FStar_Reflection_Data.term_view.
It is not visible in the current scope, and will not 
be selected if the type becomes unknown.
File "src/tactics/ml/FStar_Reflection_Syntax.ml", line 71, characters 27-36:
Warning 40: Tv_Refine was selected from type FStar_Reflection_Data.term_view.
It is not visible in the current scope, and will not 
be selected if the type becomes unknown.
File "src/tactics/ml/FStar_Reflection_Syntax.ml", line 73, characters 43-52:
Warning 40: Tv_Refine was selected from type FStar_Reflection_Data.term_view.
It is not visible in the current scope, and will not 
be selected if the type becomes unknown.
File "src/tactics/ml/FStar_Reflection_Syntax.ml", line 75, characters 43-52:
Warning 40: Tv_Refine was selected from type FStar_Reflection_Data.term_view.
It is not visible in the current scope, and will not 
be selected if the type becomes unknown.
File "src/tactics/ml/FStar_Reflection_Syntax.ml", line 78, characters 27-35:
Warning 40: Tv_Const was selected from type FStar_Reflection_Data.term_view.
It is not visible in the current scope, and will not 
be selected if the type becomes unknown.
File "src/tactics/ml/FStar_Reflection_Syntax.ml", line 80, characters 43-51:
Warning 40: Tv_Const was selected from type FStar_Reflection_Data.term_view.
It is not visible in the current scope, and will not 
be selected if the type becomes unknown.
File "src/tactics/ml/FStar_Reflection_Syntax.ml", line 83, characters 27-37:
Warning 40: Tv_Unknown was selected from type FStar_Reflection_Data.term_view.
It is not visible in the current scope, and will not 
be selected if the type becomes unknown.
File "src/tactics/ml/FStar_Reflection_Syntax.ml", line 197, characters 8-14:
Warning 40: Tv_App was selected from type FStar_Reflection_Data.term_view.
It is not visible in the current scope, and will not 
be selected if the type becomes unknown.
File "src/tactics/ml/FStar_Reflection_Syntax.ml", line 209, characters 57-63:
Warning 40: Tv_App was selected from type FStar_Reflection_Data.term_view.
It is not visible in the current scope, and will not 
be selected if the type becomes unknown.
File "src/tactics/ml/FStar_Reflection_Syntax.ml", line 246, characters 9-15:
Warning 40: C_Unit was selected from type FStar_Reflection_Data.vconst.
It is not visible in the current scope, and will not 
be selected if the type becomes unknown.
File "src/tactics/ml/FStar_Reflection_Syntax.ml", line 246, characters 17-23:
Warning 40: C_Unit was selected from type FStar_Reflection_Data.vconst.
It is not visible in the current scope, and will not 
be selected if the type becomes unknown.
File "src/tactics/ml/FStar_Reflection_Syntax.ml", line 247, characters 9-14:
Warning 40: C_Int was selected from type FStar_Reflection_Data.vconst.
It is not visible in the current scope, and will not 
be selected if the type becomes unknown.
File "src/tactics/ml/FStar_Reflection_Syntax.ml", line 247, characters 17-22:
Warning 40: C_Int was selected from type FStar_Reflection_Data.vconst.
It is not visible in the current scope, and will not 
be selected if the type becomes unknown.
File "src/tactics/ml/FStar_Reflection_Syntax.ml", line 248, characters 9-15:
Warning 40: C_True was selected from type FStar_Reflection_Data.vconst.
It is not visible in the current scope, and will not 
be selected if the type becomes unknown.
File "src/tactics/ml/FStar_Reflection_Syntax.ml", line 248, characters 17-23:
Warning 40: C_True was selected from type FStar_Reflection_Data.vconst.
It is not visible in the current scope, and will not 
be selected if the type becomes unknown.
File "src/tactics/ml/FStar_Reflection_Syntax.ml", line 249, characters 9-16:
Warning 40: C_False was selected from type FStar_Reflection_Data.vconst.
It is not visible in the current scope, and will not 
be selected if the type becomes unknown.
File "src/tactics/ml/FStar_Reflection_Syntax.ml", line 249, characters 18-25:
Warning 40: C_False was selected from type FStar_Reflection_Data.vconst.
It is not visible in the current scope, and will not 
be selected if the type becomes unknown.
File "src/tactics/ml/FStar_Reflection_Syntax.ml", line 250, characters 9-15:
Warning 40: C_Unit was selected from type FStar_Reflection_Data.vconst.
It is not visible in the current scope, and will not 
be selected if the type becomes unknown.
File "src/tactics/ml/FStar_Reflection_Syntax.ml", line 251, characters 19-25:
Warning 40: C_Unit was selected from type FStar_Reflection_Data.vconst.
It is not visible in the current scope, and will not 
be selected if the type becomes unknown.
File "src/tactics/ml/FStar_Reflection_Syntax.ml", line 252, characters 9-14:
Warning 40: C_Int was selected from type FStar_Reflection_Data.vconst.
It is not visible in the current scope, and will not 
be selected if the type becomes unknown.
File "src/tactics/ml/FStar_Reflection_Syntax.ml", line 253, characters 19-24:
Warning 40: C_Int was selected from type FStar_Reflection_Data.vconst.
It is not visible in the current scope, and will not 
be selected if the type becomes unknown.
File "src/tactics/ml/FStar_Reflection_Syntax.ml", line 254, characters 9-15:
Warning 40: C_True was selected from type FStar_Reflection_Data.vconst.
It is not visible in the current scope, and will not 
be selected if the type becomes unknown.
File "src/tactics/ml/FStar_Reflection_Syntax.ml", line 255, characters 19-25:
Warning 40: C_True was selected from type FStar_Reflection_Data.vconst.
It is not visible in the current scope, and will not 
be selected if the type becomes unknown.
File "src/tactics/ml/FStar_Reflection_Syntax.ml", line 256, characters 9-16:
Warning 40: C_False was selected from type FStar_Reflection_Data.vconst.
It is not visible in the current scope, and will not 
be selected if the type becomes unknown.
File "src/tactics/ml/FStar_Reflection_Syntax.ml", line 257, characters 19-26:
Warning 40: C_False was selected from type FStar_Reflection_Data.vconst.
It is not visible in the current scope, and will not 
be selected if the type becomes unknown.
File "src/tactics/ml/FStar_Reflection_Syntax.ml", line 265, characters 9-15:
Warning 40: Tv_Var was selected from type FStar_Reflection_Data.term_view.
It is not visible in the current scope, and will not 
be selected if the type becomes unknown.
File "src/tactics/ml/FStar_Reflection_Syntax.ml", line 265, characters 19-25:
Warning 40: Tv_Var was selected from type FStar_Reflection_Data.term_view.
It is not visible in the current scope, and will not 
be selected if the type becomes unknown.
File "src/tactics/ml/FStar_Reflection_Syntax.ml", line 266, characters 9-16:
Warning 40: Tv_FVar was selected from type FStar_Reflection_Data.term_view.
It is not visible in the current scope, and will not 
be selected if the type becomes unknown.
File "src/tactics/ml/FStar_Reflection_Syntax.ml", line 266, characters 20-27:
Warning 40: Tv_FVar was selected from type FStar_Reflection_Data.term_view.
It is not visible in the current scope, and will not 
be selected if the type becomes unknown.
File "src/tactics/ml/FStar_Reflection_Syntax.ml", line 267, characters 9-15:
Warning 40: Tv_App was selected from type FStar_Reflection_Data.term_view.
It is not visible in the current scope, and will not 
be selected if the type becomes unknown.
File "src/tactics/ml/FStar_Reflection_Syntax.ml", line 267, characters 24-30:
Warning 40: Tv_App was selected from type FStar_Reflection_Data.term_view.
It is not visible in the current scope, and will not 
be selected if the type becomes unknown.
File "src/tactics/ml/FStar_Reflection_Syntax.ml", line 270, characters 9-15:
Warning 40: Tv_Abs was selected from type FStar_Reflection_Data.term_view.
It is not visible in the current scope, and will not 
be selected if the type becomes unknown.
File "src/tactics/ml/FStar_Reflection_Syntax.ml", line 270, characters 24-30:
Warning 40: Tv_Abs was selected from type FStar_Reflection_Data.term_view.
It is not visible in the current scope, and will not 
be selected if the type becomes unknown.
File "src/tactics/ml/FStar_Reflection_Syntax.ml", line 273, characters 9-17:
Warning 40: Tv_Arrow was selected from type FStar_Reflection_Data.term_view.
It is not visible in the current scope, and will not 
be selected if the type becomes unknown.
File "src/tactics/ml/FStar_Reflection_Syntax.ml", line 273, characters 26-34:
Warning 40: Tv_Arrow was selected from type FStar_Reflection_Data.term_view.
It is not visible in the current scope, and will not 
be selected if the type becomes unknown.
File "src/tactics/ml/FStar_Reflection_Syntax.ml", line 276, characters 9-18:
Warning 40: Tv_Refine was selected from type FStar_Reflection_Data.term_view.
It is not visible in the current scope, and will not 
be selected if the type becomes unknown.
File "src/tactics/ml/FStar_Reflection_Syntax.ml", line 276, characters 27-36:
Warning 40: Tv_Refine was selected from type FStar_Reflection_Data.term_view.
It is not visible in the current scope, and will not 
be selected if the type becomes unknown.
File "src/tactics/ml/FStar_Reflection_Syntax.ml", line 279, characters 9-16:
Warning 40: Tv_Type was selected from type FStar_Reflection_Data.term_view.
It is not visible in the current scope, and will not 
be selected if the type becomes unknown.
File "src/tactics/ml/FStar_Reflection_Syntax.ml", line 279, characters 20-27:
Warning 40: Tv_Type was selected from type FStar_Reflection_Data.term_view.
It is not visible in the current scope, and will not 
be selected if the type becomes unknown.
File "src/tactics/ml/FStar_Reflection_Syntax.ml", line 280, characters 9-17:
Warning 40: Tv_Const was selected from type FStar_Reflection_Data.term_view.
It is not visible in the current scope, and will not 
be selected if the type becomes unknown.
File "src/tactics/ml/FStar_Reflection_Syntax.ml", line 280, characters 21-29:
Warning 40: Tv_Const was selected from type FStar_Reflection_Data.term_view.
It is not visible in the current scope, and will not 
be selected if the type becomes unknown.
File "src/tactics/ml/FStar_Reflection_Syntax.ml", line 281, characters 9-19:
Warning 40: Tv_Unknown was selected from type FStar_Reflection_Data.term_view.
It is not visible in the current scope, and will not 
be selected if the type becomes unknown.
File "src/tactics/ml/FStar_Reflection_Syntax.ml", line 281, characters 21-31:
Warning 40: Tv_Unknown was selected from type FStar_Reflection_Data.term_view.
It is not visible in the current scope, and will not 
be selected if the type becomes unknown.
File "src/tactics/ml/FStar_Reflection_Syntax.ml", line 282, characters 9-15:
Warning 40: Tv_Var was selected from type FStar_Reflection_Data.term_view.
It is not visible in the current scope, and will not 
be selected if the type becomes unknown.
File "src/tactics/ml/FStar_Reflection_Syntax.ml", line 283, characters 19-25:
Warning 40: Tv_Var was selected from type FStar_Reflection_Data.term_view.
It is not visible in the current scope, and will not 
be selected if the type becomes unknown.
File "src/tactics/ml/FStar_Reflection_Syntax.ml", line 284, characters 9-16:
Warning 40: Tv_FVar was selected from type FStar_Reflection_Data.term_view.
It is not visible in the current scope, and will not 
be selected if the type becomes unknown.
File "src/tactics/ml/FStar_Reflection_Syntax.ml", line 285, characters 19-26:
Warning 40: Tv_FVar was selected from type FStar_Reflection_Data.term_view.
It is not visible in the current scope, and will not 
be selected if the type becomes unknown.
File "src/tactics/ml/FStar_Reflection_Syntax.ml", line 286, characters 9-15:
Warning 40: Tv_App was selected from type FStar_Reflection_Data.term_view.
It is not visible in the current scope, and will not 
be selected if the type becomes unknown.
File "src/tactics/ml/FStar_Reflection_Syntax.ml", line 287, characters 19-25:
Warning 40: Tv_App was selected from type FStar_Reflection_Data.term_view.
It is not visible in the current scope, and will not 
be selected if the type becomes unknown.
File "src/tactics/ml/FStar_Reflection_Syntax.ml", line 288, characters 9-15:
Warning 40: Tv_Abs was selected from type FStar_Reflection_Data.term_view.
It is not visible in the current scope, and will not 
be selected if the type becomes unknown.
File "src/tactics/ml/FStar_Reflection_Syntax.ml", line 289, characters 19-25:
Warning 40: Tv_Abs was selected from type FStar_Reflection_Data.term_view.
It is not visible in the current scope, and will not 
be selected if the type becomes unknown.
File "src/tactics/ml/FStar_Reflection_Syntax.ml", line 290, characters 9-17:
Warning 40: Tv_Arrow was selected from type FStar_Reflection_Data.term_view.
It is not visible in the current scope, and will not 
be selected if the type becomes unknown.
File "src/tactics/ml/FStar_Reflection_Syntax.ml", line 291, characters 19-27:
Warning 40: Tv_Arrow was selected from type FStar_Reflection_Data.term_view.
It is not visible in the current scope, and will not 
be selected if the type becomes unknown.
File "src/tactics/ml/FStar_Reflection_Syntax.ml", line 292, characters 9-16:
Warning 40: Tv_Type was selected from type FStar_Reflection_Data.term_view.
It is not visible in the current scope, and will not 
be selected if the type becomes unknown.
File "src/tactics/ml/FStar_Reflection_Syntax.ml", line 293, characters 19-26:
Warning 40: Tv_Type was selected from type FStar_Reflection_Data.term_view.
It is not visible in the current scope, and will not 
be selected if the type becomes unknown.
File "src/tactics/ml/FStar_Reflection_Syntax.ml", line 294, characters 9-18:
Warning 40: Tv_Refine was selected from type FStar_Reflection_Data.term_view.
It is not visible in the current scope, and will not 
be selected if the type becomes unknown.
File "src/tactics/ml/FStar_Reflection_Syntax.ml", line 295, characters 19-28:
Warning 40: Tv_Refine was selected from type FStar_Reflection_Data.term_view.
It is not visible in the current scope, and will not 
be selected if the type becomes unknown.
File "src/tactics/ml/FStar_Reflection_Syntax.ml", line 296, characters 9-17:
Warning 40: Tv_Const was selected from type FStar_Reflection_Data.term_view.
It is not visible in the current scope, and will not 
be selected if the type becomes unknown.
File "src/tactics/ml/FStar_Reflection_Syntax.ml", line 297, characters 19-27:
Warning 40: Tv_Const was selected from type FStar_Reflection_Data.term_view.
It is not visible in the current scope, and will not 
be selected if the type becomes unknown.
File "src/tactics/ml/FStar_Reflection_Syntax.ml", line 298, characters 9-19:
Warning 40: Tv_Unknown was selected from type FStar_Reflection_Data.term_view.
It is not visible in the current scope, and will not 
be selected if the type becomes unknown.
File "src/tactics/ml/FStar_Reflection_Syntax.ml", line 299, characters 19-29:
Warning 40: Tv_Unknown was selected from type FStar_Reflection_Data.term_view.
It is not visible in the current scope, and will not 
be selected if the type becomes unknown.
File "src/tactics/ml/FStar_Tactics_Builtins.ml", line 67, characters 46-47:
Warning 20: this argument will not be used by the function.
File "src/basic/ml/FStar_Util.ml", line 49, characters 57-65:
Warning 40: st_mtime was selected from type BatUnix.stats.
It is not visible in the current scope, and will not 
be selected if the type becomes unknown.
File "src/tactics/ml/FStar_Reflection_Syntax.ml", line 12, characters 27-33:
Warning 40: C_Unit was selected from type FStar_Reflection_Data.vconst.
It is not visible in the current scope, and will not 
be selected if the type becomes unknown.
File "src/tactics/ml/FStar_Reflection_Syntax.ml", line 15, characters 27-32:
Warning 40: C_Int was selected from type FStar_Reflection_Data.vconst.
It is not visible in the current scope, and will not 
be selected if the type becomes unknown.
File "src/tactics/ml/FStar_Reflection_Syntax.ml", line 17, characters 43-48:
Warning 40: C_Int was selected from type FStar_Reflection_Data.vconst.
It is not visible in the current scope, and will not 
be selected if the type becomes unknown.
File "src/tactics/ml/FStar_Reflection_Syntax.ml", line 20, characters 27-33:
Warning 40: C_True was selected from type FStar_Reflection_Data.vconst.
It is not visible in the current scope, and will not 
be selected if the type becomes unknown.
File "src/tactics/ml/FStar_Reflection_Syntax.ml", line 23, characters 27-34:
Warning 40: C_False was selected from type FStar_Reflection_Data.vconst.
It is not visible in the current scope, and will not 
be selected if the type becomes unknown.
File "src/tactics/ml/FStar_Reflection_Syntax.ml", line 36, characters 27-33:
Warning 40: Tv_Var was selected from type FStar_Reflection_Data.term_view.
It is not visible in the current scope, and will not 
be selected if the type becomes unknown.
File "src/tactics/ml/FStar_Reflection_Syntax.ml", line 38, characters 43-49:
Warning 40: Tv_Var was selected from type FStar_Reflection_Data.term_view.
It is not visible in the current scope, and will not 
be selected if the type becomes unknown.
File "src/tactics/ml/FStar_Reflection_Syntax.ml", line 41, characters 27-34:
Warning 40: Tv_FVar was selected from type FStar_Reflection_Data.term_view.
It is not visible in the current scope, and will not 
be selected if the type becomes unknown.
File "src/tactics/ml/FStar_Reflection_Syntax.ml", line 43, characters 43-50:
Warning 40: Tv_FVar was selected from type FStar_Reflection_Data.term_view.
It is not visible in the current scope, and will not 
be selected if the type becomes unknown.
File "src/tactics/ml/FStar_Reflection_Syntax.ml", line 46, characters 27-33:
Warning 40: Tv_App was selected from type FStar_Reflection_Data.term_view.
It is not visible in the current scope, and will not 
be selected if the type becomes unknown.
File "src/tactics/ml/FStar_Reflection_Syntax.ml", line 48, characters 43-49:
Warning 40: Tv_App was selected from type FStar_Reflection_Data.term_view.
It is not visible in the current scope, and will not 
be selected if the type becomes unknown.
File "src/tactics/ml/FStar_Reflection_Syntax.ml", line 50, characters 43-49:
Warning 40: Tv_App was selected from type FStar_Reflection_Data.term_view.
It is not visible in the current scope, and will not 
be selected if the type becomes unknown.
File "src/tactics/ml/FStar_Reflection_Syntax.ml", line 53, characters 27-33:
Warning 40: Tv_Abs was selected from type FStar_Reflection_Data.term_view.
It is not visible in the current scope, and will not 
be selected if the type becomes unknown.
File "src/tactics/ml/FStar_Reflection_Syntax.ml", line 55, characters 43-49:
Warning 40: Tv_Abs was selected from type FStar_Reflection_Data.term_view.
It is not visible in the current scope, and will not 
be selected if the type becomes unknown.
File "src/tactics/ml/FStar_Reflection_Syntax.ml", line 57, characters 43-49:
Warning 40: Tv_Abs was selected from type FStar_Reflection_Data.term_view.
It is not visible in the current scope, and will not 
be selected if the type becomes unknown.
File "src/tactics/ml/FStar_Reflection_Syntax.ml", line 60, characters 27-35:
Warning 40: Tv_Arrow was selected from type FStar_Reflection_Data.term_view.
It is not visible in the current scope, and will not 
be selected if the type becomes unknown.
File "src/tactics/ml/FStar_Reflection_Syntax.ml", line 62, characters 43-51:
Warning 40: Tv_Arrow was selected from type FStar_Reflection_Data.term_view.
It is not visible in the current scope, and will not 
be selected if the type becomes unknown.
File "src/tactics/ml/FStar_Reflection_Syntax.ml", line 64, characters 43-51:
Warning 40: Tv_Arrow was selected from type FStar_Reflection_Data.term_view.
It is not visible in the current scope, and will not 
be selected if the type becomes unknown.
File "src/tactics/ml/FStar_Reflection_Syntax.ml", line 67, characters 27-34:
Warning 40: Tv_Type was selected from type FStar_Reflection_Data.term_view.
It is not visible in the current scope, and will not 
be selected if the type becomes unknown.
File "src/tactics/ml/FStar_Reflection_Syntax.ml", line 71, characters 27-36:
Warning 40: Tv_Refine was selected from type FStar_Reflection_Data.term_view.
It is not visible in the current scope, and will not 
be selected if the type becomes unknown.
File "src/tactics/ml/FStar_Reflection_Syntax.ml", line 73, characters 43-52:
Warning 40: Tv_Refine was selected from type FStar_Reflection_Data.term_view.
It is not visible in the current scope, and will not 
be selected if the type becomes unknown.
File "src/tactics/ml/FStar_Reflection_Syntax.ml", line 75, characters 43-52:
Warning 40: Tv_Refine was selected from type FStar_Reflection_Data.term_view.
It is not visible in the current scope, and will not 
be selected if the type becomes unknown.
File "src/tactics/ml/FStar_Reflection_Syntax.ml", line 78, characters 27-35:
Warning 40: Tv_Const was selected from type FStar_Reflection_Data.term_view.
It is not visible in the current scope, and will not 
be selected if the type becomes unknown.
File "src/tactics/ml/FStar_Reflection_Syntax.ml", line 80, characters 43-51:
Warning 40: Tv_Const was selected from type FStar_Reflection_Data.term_view.
It is not visible in the current scope, and will not 
be selected if the type becomes unknown.
File "src/tactics/ml/FStar_Reflection_Syntax.ml", line 83, characters 27-37:
Warning 40: Tv_Unknown was selected from type FStar_Reflection_Data.term_view.
It is not visible in the current scope, and will not 
be selected if the type becomes unknown.
File "src/tactics/ml/FStar_Reflection_Syntax.ml", line 197, characters 8-14:
Warning 40: Tv_App was selected from type FStar_Reflection_Data.term_view.
It is not visible in the current scope, and will not 
be selected if the type becomes unknown.
File "src/tactics/ml/FStar_Reflection_Syntax.ml", line 209, characters 57-63:
Warning 40: Tv_App was selected from type FStar_Reflection_Data.term_view.
It is not visible in the current scope, and will not 
be selected if the type becomes unknown.
File "src/tactics/ml/FStar_Reflection_Syntax.ml", line 246, characters 9-15:
Warning 40: C_Unit was selected from type FStar_Reflection_Data.vconst.
It is not visible in the current scope, and will not 
be selected if the type becomes unknown.
File "src/tactics/ml/FStar_Reflection_Syntax.ml", line 246, characters 17-23:
Warning 40: C_Unit was selected from type FStar_Reflection_Data.vconst.
It is not visible in the current scope, and will not 
be selected if the type becomes unknown.
File "src/tactics/ml/FStar_Reflection_Syntax.ml", line 247, characters 9-14:
Warning 40: C_Int was selected from type FStar_Reflection_Data.vconst.
It is not visible in the current scope, and will not 
be selected if the type becomes unknown.
File "src/tactics/ml/FStar_Reflection_Syntax.ml", line 247, characters 17-22:
Warning 40: C_Int was selected from type FStar_Reflection_Data.vconst.
It is not visible in the current scope, and will not 
be selected if the type becomes unknown.
File "src/tactics/ml/FStar_Reflection_Syntax.ml", line 248, characters 9-15:
Warning 40: C_True was selected from type FStar_Reflection_Data.vconst.
It is not visible in the current scope, and will not 
be selected if the type becomes unknown.
File "src/tactics/ml/FStar_Reflection_Syntax.ml", line 248, characters 17-23:
Warning 40: C_True was selected from type FStar_Reflection_Data.vconst.
It is not visible in the current scope, and will not 
be selected if the type becomes unknown.
File "src/tactics/ml/FStar_Reflection_Syntax.ml", line 249, characters 9-16:
Warning 40: C_False was selected from type FStar_Reflection_Data.vconst.
It is not visible in the current scope, and will not 
be selected if the type becomes unknown.
File "src/tactics/ml/FStar_Reflection_Syntax.ml", line 249, characters 18-25:
Warning 40: C_False was selected from type FStar_Reflection_Data.vconst.
It is not visible in the current scope, and will not 
be selected if the type becomes unknown.
File "src/tactics/ml/FStar_Reflection_Syntax.ml", line 250, characters 9-15:
Warning 40: C_Unit was selected from type FStar_Reflection_Data.vconst.
It is not visible in the current scope, and will not 
be selected if the type becomes unknown.
File "src/tactics/ml/FStar_Reflection_Syntax.ml", line 251, characters 19-25:
Warning 40: C_Unit was selected from type FStar_Reflection_Data.vconst.
It is not visible in the current scope, and will not 
be selected if the type becomes unknown.
File "src/tactics/ml/FStar_Reflection_Syntax.ml", line 252, characters 9-14:
Warning 40: C_Int was selected from type FStar_Reflection_Data.vconst.
It is not visible in the current scope, and will not 
be selected if the type becomes unknown.
File "src/tactics/ml/FStar_Reflection_Syntax.ml", line 253, characters 19-24:
Warning 40: C_Int was selected from type FStar_Reflection_Data.vconst.
It is not visible in the current scope, and will not 
be selected if the type becomes unknown.
File "src/tactics/ml/FStar_Reflection_Syntax.ml", line 254, characters 9-15:
Warning 40: C_True was selected from type FStar_Reflection_Data.vconst.
It is not visible in the current scope, and will not 
be selected if the type becomes unknown.
File "src/tactics/ml/FStar_Reflection_Syntax.ml", line 255, characters 19-25:
Warning 40: C_True was selected from type FStar_Reflection_Data.vconst.
It is not visible in the current scope, and will not 
be selected if the type becomes unknown.
File "src/tactics/ml/FStar_Reflection_Syntax.ml", line 256, characters 9-16:
Warning 40: C_False was selected from type FStar_Reflection_Data.vconst.
It is not visible in the current scope, and will not 
be selected if the type becomes unknown.
File "src/tactics/ml/FStar_Reflection_Syntax.ml", line 257, characters 19-26:
Warning 40: C_False was selected from type FStar_Reflection_Data.vconst.
It is not visible in the current scope, and will not 
be selected if the type becomes unknown.
File "src/tactics/ml/FStar_Reflection_Syntax.ml", line 265, characters 9-15:
Warning 40: Tv_Var was selected from type FStar_Reflection_Data.term_view.
It is not visible in the current scope, and will not 
be selected if the type becomes unknown.
File "src/tactics/ml/FStar_Reflection_Syntax.ml", line 265, characters 19-25:
Warning 40: Tv_Var was selected from type FStar_Reflection_Data.term_view.
It is not visible in the current scope, and will not 
be selected if the type becomes unknown.
File "src/tactics/ml/FStar_Reflection_Syntax.ml", line 266, characters 9-16:
Warning 40: Tv_FVar was selected from type FStar_Reflection_Data.term_view.
It is not visible in the current scope, and will not 
be selected if the type becomes unknown.
File "src/tactics/ml/FStar_Reflection_Syntax.ml", line 266, characters 20-27:
Warning 40: Tv_FVar was selected from type FStar_Reflection_Data.term_view.
It is not visible in the current scope, and will not 
be selected if the type becomes unknown.
File "src/tactics/ml/FStar_Reflection_Syntax.ml", line 267, characters 9-15:
Warning 40: Tv_App was selected from type FStar_Reflection_Data.term_view.
It is not visible in the current scope, and will not 
be selected if the type becomes unknown.
File "src/tactics/ml/FStar_Reflection_Syntax.ml", line 267, characters 24-30:
Warning 40: Tv_App was selected from type FStar_Reflection_Data.term_view.
It is not visible in the current scope, and will not 
be selected if the type becomes unknown.
File "src/tactics/ml/FStar_Reflection_Syntax.ml", line 270, characters 9-15:
Warning 40: Tv_Abs was selected from type FStar_Reflection_Data.term_view.
It is not visible in the current scope, and will not 
be selected if the type becomes unknown.
File "src/tactics/ml/FStar_Reflection_Syntax.ml", line 270, characters 24-30:
Warning 40: Tv_Abs was selected from type FStar_Reflection_Data.term_view.
It is not visible in the current scope, and will not 
be selected if the type becomes unknown.
File "src/tactics/ml/FStar_Reflection_Syntax.ml", line 273, characters 9-17:
Warning 40: Tv_Arrow was selected from type FStar_Reflection_Data.term_view.
It is not visible in the current scope, and will not 
be selected if the type becomes unknown.
File "src/tactics/ml/FStar_Reflection_Syntax.ml", line 273, characters 26-34:
Warning 40: Tv_Arrow was selected from type FStar_Reflection_Data.term_view.
It is not visible in the current scope, and will not 
be selected if the type becomes unknown.
File "src/tactics/ml/FStar_Reflection_Syntax.ml", line 276, characters 9-18:
Warning 40: Tv_Refine was selected from type FStar_Reflection_Data.term_view.
It is not visible in the current scope, and will not 
be selected if the type becomes unknown.
File "src/tactics/ml/FStar_Reflection_Syntax.ml", line 276, characters 27-36:
Warning 40: Tv_Refine was selected from type FStar_Reflection_Data.term_view.
It is not visible in the current scope, and will not 
be selected if the type becomes unknown.
File "src/tactics/ml/FStar_Reflection_Syntax.ml", line 279, characters 9-16:
Warning 40: Tv_Type was selected from type FStar_Reflection_Data.term_view.
It is not visible in the current scope, and will not 
be selected if the type becomes unknown.
File "src/tactics/ml/FStar_Reflection_Syntax.ml", line 279, characters 20-27:
Warning 40: Tv_Type was selected from type FStar_Reflection_Data.term_view.
It is not visible in the current scope, and will not 
be selected if the type becomes unknown.
File "src/tactics/ml/FStar_Reflection_Syntax.ml", line 280, characters 9-17:
Warning 40: Tv_Const was selected from type FStar_Reflection_Data.term_view.
It is not visible in the current scope, and will not 
be selected if the type becomes unknown.
File "src/tactics/ml/FStar_Reflection_Syntax.ml", line 280, characters 21-29:
Warning 40: Tv_Const was selected from type FStar_Reflection_Data.term_view.
It is not visible in the current scope, and will not 
be selected if the type becomes unknown.
File "src/tactics/ml/FStar_Reflection_Syntax.ml", line 281, characters 9-19:
Warning 40: Tv_Unknown was selected from type FStar_Reflection_Data.term_view.
It is not visible in the current scope, and will not 
be selected if the type becomes unknown.
File "src/tactics/ml/FStar_Reflection_Syntax.ml", line 281, characters 21-31:
Warning 40: Tv_Unknown was selected from type FStar_Reflection_Data.term_view.
It is not visible in the current scope, and will not 
be selected if the type becomes unknown.
File "src/tactics/ml/FStar_Reflection_Syntax.ml", line 282, characters 9-15:
Warning 40: Tv_Var was selected from type FStar_Reflection_Data.term_view.
It is not visible in the current scope, and will not 
be selected if the type becomes unknown.
File "src/tactics/ml/FStar_Reflection_Syntax.ml", line 283, characters 19-25:
Warning 40: Tv_Var was selected from type FStar_Reflection_Data.term_view.
It is not visible in the current scope, and will not 
be selected if the type becomes unknown.
File "src/tactics/ml/FStar_Reflection_Syntax.ml", line 284, characters 9-16:
Warning 40: Tv_FVar was selected from type FStar_Reflection_Data.term_view.
It is not visible in the current scope, and will not 
be selected if the type becomes unknown.
File "src/tactics/ml/FStar_Reflection_Syntax.ml", line 285, characters 19-26:
Warning 40: Tv_FVar was selected from type FStar_Reflection_Data.term_view.
It is not visible in the current scope, and will not 
be selected if the type becomes unknown.
File "src/tactics/ml/FStar_Reflection_Syntax.ml", line 286, characters 9-15:
Warning 40: Tv_App was selected from type FStar_Reflection_Data.term_view.
It is not visible in the current scope, and will not 
be selected if the type becomes unknown.
File "src/tactics/ml/FStar_Reflection_Syntax.ml", line 287, characters 19-25:
Warning 40: Tv_App was selected from type FStar_Reflection_Data.term_view.
It is not visible in the current scope, and will not 
be selected if the type becomes unknown.
File "src/tactics/ml/FStar_Reflection_Syntax.ml", line 288, characters 9-15:
Warning 40: Tv_Abs was selected from type FStar_Reflection_Data.term_view.
It is not visible in the current scope, and will not 
be selected if the type becomes unknown.
File "src/tactics/ml/FStar_Reflection_Syntax.ml", line 289, characters 19-25:
Warning 40: Tv_Abs was selected from type FStar_Reflection_Data.term_view.
It is not visible in the current scope, and will not 
be selected if the type becomes unknown.
File "src/tactics/ml/FStar_Reflection_Syntax.ml", line 290, characters 9-17:
Warning 40: Tv_Arrow was selected from type FStar_Reflection_Data.term_view.
It is not visible in the current scope, and will not 
be selected if the type becomes unknown.
File "src/tactics/ml/FStar_Reflection_Syntax.ml", line 291, characters 19-27:
Warning 40: Tv_Arrow was selected from type FStar_Reflection_Data.term_view.
It is not visible in the current scope, and will not 
be selected if the type becomes unknown.
File "src/tactics/ml/FStar_Reflection_Syntax.ml", line 292, characters 9-16:
Warning 40: Tv_Type was selected from type FStar_Reflection_Data.term_view.
It is not visible in the current scope, and will not 
be selected if the type becomes unknown.
File "src/tactics/ml/FStar_Reflection_Syntax.ml", line 293, characters 19-26:
Warning 40: Tv_Type was selected from type FStar_Reflection_Data.term_view.
It is not visible in the current scope, and will not 
be selected if the type becomes unknown.
File "src/tactics/ml/FStar_Reflection_Syntax.ml", line 294, characters 9-18:
Warning 40: Tv_Refine was selected from type FStar_Reflection_Data.term_view.
It is not visible in the current scope, and will not 
be selected if the type becomes unknown.
File "src/tactics/ml/FStar_Reflection_Syntax.ml", line 295, characters 19-28:
Warning 40: Tv_Refine was selected from type FStar_Reflection_Data.term_view.
It is not visible in the current scope, and will not 
be selected if the type becomes unknown.
File "src/tactics/ml/FStar_Reflection_Syntax.ml", line 296, characters 9-17:
Warning 40: Tv_Const was selected from type FStar_Reflection_Data.term_view.
It is not visible in the current scope, and will not 
be selected if the type becomes unknown.
File "src/tactics/ml/FStar_Reflection_Syntax.ml", line 297, characters 19-27:
Warning 40: Tv_Const was selected from type FStar_Reflection_Data.term_view.
It is not visible in the current scope, and will not 
be selected if the type becomes unknown.
File "src/tactics/ml/FStar_Reflection_Syntax.ml", line 298, characters 9-19:
Warning 40: Tv_Unknown was selected from type FStar_Reflection_Data.term_view.
It is not visible in the current scope, and will not 
be selected if the type becomes unknown.
File "src/tactics/ml/FStar_Reflection_Syntax.ml", line 299, characters 19-29:
Warning 40: Tv_Unknown was selected from type FStar_Reflection_Data.term_view.
It is not visible in the current scope, and will not 
be selected if the type becomes unknown.
File "src/tactics/ml/FStar_Tactics_Builtins.ml", line 67, characters 46-47:
Warning 20: this argument will not be used by the function.
.\u_boot_fsts\FStar.TypeChecker.Util.fst(71,0-73,32): (Warning) Annotation from val declaration overrides inline type annotation
.\u_boot_fsts\FStar.Syntax.Syntax.fst(463,0-463,48): (Warning) Annotation from val declaration overrides inline type annotation
.\u_boot_fsts\FStar.Syntax.Syntax.fst(464,0-464,76): (Warning) Annotation from val declaration overrides inline type annotation
.\u_boot_fsts\FStar.Syntax.Syntax.fst(514,0-516,38): (Warning) Annotation from val declaration overrides inline type annotation
.\u_boot_fsts\FStar.TypeChecker.Env.fst(303,0-307,35): (Warning) Annotation from val declaration overrides inline type annotation
.\u_boot_fsts\FStar.TypeChecker.Env.fst(738,0-740,39): (Warning) Annotation from val declaration overrides inline type annotation
.\Ex01a.fst(68,0-68,48): (Warning) Top-level let-bindings must be total; this term may have effects
.\Ex01a.fst(58,0-58,48): (Warning) Top-level let-bindings must be total; this term may have effects
.\Benton2004.fst(542,2-550,59): (Warning) Pattern misses at least one bound variable: p1#749229
.\Benton2004.fst(594,2-600,48): (Warning) Pattern misses at least one bound variable: phi'#749816
.\Benton2004.fst(631,2-639,102): (Warning) Pattern misses at least one bound variable: phi'#750719
.\Benton2004.DDCC.fst(474,2-482,59): (Warning) Pattern misses at least one bound variable: p1#874808
.\Benton2004.DDCC.fst(638,2-644,48): (Warning) Pattern misses at least one bound variable: phi'#877496
.\Benton2004.DDCC.fst(669,2-677,102): (Warning) Pattern misses at least one bound variable: phi'#878399
.\Benton2004.DDCC.fst(768,2-774,56): (Warning) Pattern misses at least one bound variable: v#881554
WARNING: (90686,39): pattern does not contain all quantified variables.
WARNING: (91374,28): pattern does not contain all quantified variables.
WARNING: (91478,29): pattern does not contain all quantified variables.
WARNING: (91658,27): pattern does not contain all quantified variables.
WARNING: (95777,44): pattern does not contain all quantified variables.
WARNING: (96069,33): pattern does not contain all quantified variables.
WARNING: (96566,33): pattern does not contain all quantified variables.
WARNING: (96818,34): pattern does not contain all quantified variables.
WARNING: (96998,32): pattern does not contain all quantified variables.
WARNING: (97318,32): pattern does not contain all quantified variables.
WARNING: (10372,44): pattern does not contain all quantified variables.
WARNING: (10532,33): pattern does not contain all quantified variables.
.\Encrypt_SymEnc.fst(30,0-30,18): (Warning) Top-level let-bindings must be total; this term may have effects
.\Benton2004.fst(542,2-550,59): (Warning) Pattern misses at least one bound variable: p1#749229
.\Benton2004.fst(594,2-600,48): (Warning) Pattern misses at least one bound variable: phi'#749816
.\Benton2004.fst(631,2-639,102): (Warning) Pattern misses at least one bound variable: phi'#750719
.\Benton2004.DDCC.fst(474,2-482,59): (Warning) Pattern misses at least one bound variable: p1#874808
.\Benton2004.DDCC.fst(638,2-644,48): (Warning) Pattern misses at least one bound variable: phi'#877496
.\Benton2004.DDCC.fst(669,2-677,102): (Warning) Pattern misses at least one bound variable: phi'#878399
.\Benton2004.DDCC.fst(768,2-774,56): (Warning) Pattern misses at least one bound variable: v#881554
WARNING: (90686,39): pattern does not contain all quantified variables.
WARNING: (91374,28): pattern does not contain all quantified variables.
WARNING: (91478,29): pattern does not contain all quantified variables.
WARNING: (91658,27): pattern does not contain all quantified variables.
WARNING: (95777,44): pattern does not contain all quantified variables.
WARNING: (96069,33): pattern does not contain all quantified variables.
WARNING: (96566,33): pattern does not contain all quantified variables.
WARNING: (96818,34): pattern does not contain all quantified variables.
WARNING: (96998,32): pattern does not contain all quantified variables.
WARNING: (97318,32): pattern does not contain all quantified variables.
WARNING: (90686,39): pattern does not contain all quantified variables.
WARNING: (91374,28): pattern does not contain all quantified variables.
WARNING: (91478,29): pattern does not contain all quantified variables.
WARNING: (91658,27): pattern does not contain all quantified variables.
WARNING: (95777,44): pattern does not contain all quantified variables.
WARNING: (96069,33): pattern does not contain all quantified variables.
WARNING: (96566,33): pattern does not contain all quantified variables.
WARNING: (96818,34): pattern does not contain all quantified variables.
WARNING: (96998,32): pattern does not contain all quantified variables.
WARNING: (97318,32): pattern does not contain all quantified variables.
WARNING: (90686,39): pattern does not contain all quantified variables.
WARNING: (91374,28): pattern does not contain all quantified variables.
WARNING: (91478,29): pattern does not contain all quantified variables.
WARNING: (91658,27): pattern does not contain all quantified variables.
WARNING: (95777,44): pattern does not contain all quantified variables.
WARNING: (96069,33): pattern does not contain all quantified variables.
WARNING: (96566,33): pattern does not contain all quantified variables.
WARNING: (96818,34): pattern does not contain all quantified variables.
WARNING: (96998,32): pattern does not contain all quantified variables.
WARNING: (97318,32): pattern does not contain all quantified variables.
WARNING: (90686,39): pattern does not contain all quantified variables.
WARNING: (91374,28): pattern does not contain all quantified variables.
WARNING: (91478,29): pattern does not contain all quantified variables.
WARNING: (91658,27): pattern does not contain all quantified variables.
WARNING: (95777,44): pattern does not contain all quantified variables.
WARNING: (96069,33): pattern does not contain all quantified variables.
WARNING: (96566,33): pattern does not contain all quantified variables.
WARNING: (96818,34): pattern does not contain all quantified variables.
WARNING: (96998,32): pattern does not contain all quantified variables.
WARNING: (97318,32): pattern does not contain all quantified variables.
WARNING: (9538,33): pattern does not contain all quantified variables.
WARNING: (90686,39): pattern does not contain all quantified variables.
WARNING: (91374,28): pattern does not contain all quantified variables.
WARNING: (91478,29): pattern does not contain all quantified variables.
WARNING: (91658,27): pattern does not contain all quantified variables.
WARNING: (95777,44): pattern does not contain all quantified variables.
WARNING: (96069,33): pattern does not contain all quantified variables.
WARNING: (96566,33): pattern does not contain all quantified variables.
WARNING: (96818,34): pattern does not contain all quantified variables.
WARNING: (96998,32): pattern does not contain all quantified variables.
WARNING: (97318,32): pattern does not contain all quantified variables.
WARNING: (9494,44): pattern does not contain all quantified variables.
.\Benton2004.SmithVolpano.fst(201,2-204,35): (Warning) Pattern misses at least one bound variable: t#915728
Warning: Unable to open hints file: C:\Build\Agent1\_work\2\s\ulib\FStar.Tactics.Simplifier.fst.hints; ran without hints
.\MAC.fst(45,0-45,35): (Warning) Top-level let-bindings must be total; this term may have effects
WARNING: (66667,51): pattern does not contain all quantified variables.
WARNING: (66667,51): pattern does not contain all quantified variables.
WARNING: (66667,51): pattern does not contain all quantified variables.
WARNING: (7023,51): pattern does not contain all quantified variables.
WARNING: (7023,51): pattern does not contain all quantified variables.
.\Ex10a.fst(28,0-28,22): (Warning) Top-level let-bindings must be total; this term may have effects
WARNING: (91098,39): pattern does not contain all quantified variables.
WARNING: (91098,39): pattern does not contain all quantified variables.
WARNING: (91098,39): pattern does not contain all quantified variables.
WARNING: (91098,39): pattern does not contain all quantified variables.
WARNING: (91098,39): pattern does not contain all quantified variables.
WARNING: (91787,28): pattern does not contain all quantified variables.
WARNING: (9391,28): pattern does not contain all quantified variables.
WARNING: (91098,39): pattern does not contain all quantified variables.
WARNING: (91787,28): pattern does not contain all quantified variables.
WARNING: (91098,39): pattern does not contain all quantified variables.
WARNING: (91787,28): pattern does not contain all quantified variables.
WARNING: (91891,29): pattern does not contain all quantified variables.
WARNING: (91098,39): pattern does not contain all quantified variables.
WARNING: (91787,28): pattern does not contain all quantified variables.
WARNING: (91891,29): pattern does not contain all quantified variables.
WARNING: (9411,28): pattern does not contain all quantified variables.
WARNING: (91098,39): pattern does not contain all quantified variables.
WARNING: (91787,28): pattern does not contain all quantified variables.
WARNING: (91891,29): pattern does not contain all quantified variables.
WARNING: (91098,39): pattern does not contain all quantified variables.
WARNING: (91787,28): pattern does not contain all quantified variables.
WARNING: (91891,29): pattern does not contain all quantified variables.
WARNING: (92071,27): pattern does not contain all quantified variables.
WARNING: (91098,39): pattern does not contain all quantified variables.
WARNING: (91787,28): pattern does not contain all quantified variables.
WARNING: (91891,29): pattern does not contain all quantified variables.
WARNING: (92071,27): pattern does not contain all quantified variables.
WARNING: (91098,39): pattern does not contain all quantified variables.
WARNING: (91787,28): pattern does not contain all quantified variables.
WARNING: (91891,29): pattern does not contain all quantified variables.
WARNING: (92071,27): pattern does not contain all quantified variables.
WARNING: (91098,39): pattern does not contain all quantified variables.
WARNING: (91787,28): pattern does not contain all quantified variables.
WARNING: (91891,29): pattern does not contain all quantified variables.
WARNING: (92071,27): pattern does not contain all quantified variables.
WARNING: (91098,39): pattern does not contain all quantified variables.
WARNING: (91787,28): pattern does not contain all quantified variables.
WARNING: (91891,29): pattern does not contain all quantified variables.
WARNING: (92071,27): pattern does not contain all quantified variables.
WARNING: (91098,39): pattern does not contain all quantified variables.
WARNING: (91787,28): pattern does not contain all quantified variables.
WARNING: (91891,29): pattern does not contain all quantified variables.
WARNING: (92071,27): pattern does not contain all quantified variables.
.\Benton2004.fst(542,2-550,59): (Warning) Pattern misses at least one bound variable: p1#818347
.\Benton2004.fst(594,2-600,48): (Warning) Pattern misses at least one bound variable: phi'#818934
.\Benton2004.fst(631,2-639,102): (Warning) Pattern misses at least one bound variable: phi'#819837
.\Benton2004.fst(140,0-144,3): (Error) Unknown assertion failed
Verified module: Benton2004 (51205 milliseconds)
1 error was reported (see above)
make[3]: *** [../Makefile.include:16: Benton2004.uver] Error 1
.\Benton2004.fst(542,2-550,59): (Warning) Pattern misses at least one bound variable: p1#749229
.\Benton2004.fst(594,2-600,48): (Warning) Pattern misses at least one bound variable: phi'#749816
.\Benton2004.fst(631,2-639,102): (Warning) Pattern misses at least one bound variable: phi'#750719
WARNING: (90686,39): pattern does not contain all quantified variables.
WARNING: (91374,28): pattern does not contain all quantified variables.
WARNING: (91478,29): pattern does not contain all quantified variables.
WARNING: (91658,27): pattern does not contain all quantified variables.
WARNING: (95834,44): pattern does not contain all quantified variables.
WARNING: (96126,33): pattern does not contain all quantified variables.
WARNING: (90686,39): pattern does not contain all quantified variables.
WARNING: (91374,28): pattern does not contain all quantified variables.
WARNING: (91478,29): pattern does not contain all quantified variables.
WARNING: (91658,27): pattern does not contain all quantified variables.
WARNING: (95834,44): pattern does not contain all quantified variables.
WARNING: (96126,33): pattern does not contain all quantified variables.
WARNING: (96623,33): pattern does not contain all quantified variables.
WARNING: (90686,39): pattern does not contain all quantified variables.
WARNING: (91374,28): pattern does not contain all quantified variables.
WARNING: (91478,29): pattern does not contain all quantified variables.
WARNING: (91658,27): pattern does not contain all quantified variables.
WARNING: (95834,44): pattern does not contain all quantified variables.
WARNING: (96126,33): pattern does not contain all quantified variables.
WARNING: (96623,33): pattern does not contain all quantified variables.
WARNING: (90686,39): pattern does not contain all quantified variables.
WARNING: (91374,28): pattern does not contain all quantified variables.
WARNING: (91478,29): pattern does not contain all quantified variables.
WARNING: (91658,27): pattern does not contain all quantified variables.
WARNING: (95834,44): pattern does not contain all quantified variables.
WARNING: (96126,33): pattern does not contain all quantified variables.
WARNING: (96623,33): pattern does not contain all quantified variables.
WARNING: (90686,39): pattern does not contain all quantified variables.
WARNING: (91374,28): pattern does not contain all quantified variables.
WARNING: (91478,29): pattern does not contain all quantified variables.
WARNING: (91658,27): pattern does not contain all quantified variables.
WARNING: (95834,44): pattern does not contain all quantified variables.
WARNING: (96126,33): pattern does not contain all quantified variables.
WARNING: (96623,33): pattern does not contain all quantified variables.
WARNING: (96876,34): pattern does not contain all quantified variables.
WARNING: (97056,32): pattern does not contain all quantified variables.
WARNING: (90686,39): pattern does not contain all quantified variables.
WARNING: (91374,28): pattern does not contain all quantified variables.
WARNING: (91478,29): pattern does not contain all quantified variables.
WARNING: (91658,27): pattern does not contain all quantified variables.
WARNING: (95834,44): pattern does not contain all quantified variables.
WARNING: (96126,33): pattern does not contain all quantified variables.
WARNING: (96623,33): pattern does not contain all quantified variables.
WARNING: (96876,34): pattern does not contain all quantified variables.
WARNING: (97056,32): pattern does not contain all quantified variables.
WARNING: (90686,39): pattern does not contain all quantified variables.
WARNING: (91374,28): pattern does not contain all quantified variables.
WARNING: (91478,29): pattern does not contain all quantified variables.
WARNING: (91658,27): pattern does not contain all quantified variables.
WARNING: (95834,44): pattern does not contain all quantified variables.
WARNING: (96126,33): pattern does not contain all quantified variables.
WARNING: (96623,33): pattern does not contain all quantified variables.
WARNING: (96876,34): pattern does not contain all quantified variables.
WARNING: (97056,32): pattern does not contain all quantified variables.
WARNING: (90686,39): pattern does not contain all quantified variables.
WARNING: (91374,28): pattern does not contain all quantified variables.
WARNING: (91478,29): pattern does not contain all quantified variables.
WARNING: (91658,27): pattern does not contain all quantified variables.
WARNING: (95834,44): pattern does not contain all quantified variables.
WARNING: (96126,33): pattern does not contain all quantified variables.
WARNING: (96623,33): pattern does not contain all quantified variables.
WARNING: (96876,34): pattern does not contain all quantified variables.
WARNING: (97056,32): pattern does not contain all quantified variables.
WARNING: (97376,32): pattern does not contain all quantified variables.
WARNING: (90686,39): pattern does not contain all quantified variables.
WARNING: (91374,28): pattern does not contain all quantified variables.
WARNING: (91478,29): pattern does not contain all quantified variables.
WARNING: (91658,27): pattern does not contain all quantified variables.
WARNING: (95834,44): pattern does not contain all quantified variables.
WARNING: (96126,33): pattern does not contain all quantified variables.
WARNING: (96623,33): pattern does not contain all quantified variables.
WARNING: (96876,34): pattern does not contain all quantified variables.
WARNING: (97056,32): pattern does not contain all quantified variables.
WARNING: (97376,32): pattern does not contain all quantified variables.
.\Benton2004.DDCC.fst(474,2-482,59): (Warning) Pattern misses at least one bound variable: p1#924543
.\Benton2004.DDCC.fst(638,2-644,48): (Warning) Pattern misses at least one bound variable: phi'#927231
.\Benton2004.DDCC.fst(669,2-677,102): (Warning) Pattern misses at least one bound variable: phi'#928134
.\Benton2004.DDCC.fst(768,2-774,56): (Warning) Pattern misses at least one bound variable: v#931289
.\Benton2004.fst(542,2-550,59): (Warning) Pattern misses at least one bound variable: p1#749229
.\Benton2004.fst(594,2-600,48): (Warning) Pattern misses at least one bound variable: phi'#749816
.\Benton2004.fst(631,2-639,102): (Warning) Pattern misses at least one bound variable: phi'#750719
.\Benton2004.RHL.fst(125,2-127,38): (Warning) Pattern misses at least one bound variable: t#864974
.\Benton2004.RHL.fst(292,2-300,59): (Warning) Pattern misses at least one bound variable: p1#873303
.\Benton2004.RHL.fst(575,2-581,48): (Warning) Pattern misses at least one bound variable: phi'#884187
.\Benton2004.RHL.fst(606,2-614,102): (Warning) Pattern misses at least one bound variable: phi'#885133
WARNING: (10068,43): pattern does not contain all quantified variables.
WARNING: (9728,43): pattern does not contain all quantified variables.
WARNING: (9786,32): pattern does not contain all quantified variables.
WARNING: (10517,43): pattern does not contain all quantified variables.
WARNING: (90686,39): pattern does not contain all quantified variables.
WARNING: (91374,28): pattern does not contain all quantified variables.
WARNING: (91478,29): pattern does not contain all quantified variables.
WARNING: (91658,27): pattern does not contain all quantified variables.
WARNING: (94303,43): pattern does not contain all quantified variables.
WARNING: (95874,32): pattern does not contain all quantified variables.
WARNING: (96704,34): pattern does not contain all quantified variables.
WARNING: (96808,33): pattern does not contain all quantified variables.
WARNING: (96988,31): pattern does not contain all quantified variables.
WARNING: (97593,47): pattern does not contain all quantified variables.
WARNING: (10001,43): pattern does not contain all quantified variables.
.\Benton2004.RHL.Examples.fst(160,2-166,48): (Warning) Pattern misses at least one bound variable: phi'#925856
File "src/basic/ml/FStar_Util.ml", line 49, characters 57-65:
Warning 40: st_mtime was selected from type BatUnix.stats.
It is not visible in the current scope, and will not 
be selected if the type becomes unknown.
File "ulib/ml/FStar_Tactics_Builtins.ml", line 67, characters 46-47:
Warning 20: this argument will not be used by the function.
File "ulib/ml/extracted/FStar_IndefiniteDescription.ml", line 7, characters 31-33:
Warning 20: this argument will not be used by the function.
.\Benton2004.fst(542,2-550,59): (Warning) Pattern misses at least one bound variable: p1#749229
.\Benton2004.fst(594,2-600,48): (Warning) Pattern misses at least one bound variable: phi'#749816
.\Benton2004.fst(631,2-639,102): (Warning) Pattern misses at least one bound variable: phi'#750719
.\Benton2004.RHL.fst(125,2-127,38): (Warning) Pattern misses at least one bound variable: t#864974
.\Benton2004.RHL.fst(292,2-300,59): (Warning) Pattern misses at least one bound variable: p1#873303
.\Benton2004.RHL.fst(575,2-581,48): (Warning) Pattern misses at least one bound variable: phi'#884187
.\Benton2004.RHL.fst(606,2-614,102): (Warning) Pattern misses at least one bound variable: phi'#885133
.\Benton2004.RHL.Derived.fst(59,2-65,48): (Warning) Pattern misses at least one bound variable: phi'#896845
.\Ex12a1.Cap.fst(23,0-23,26): (Warning) Top-level let-bindings must be total; this term may have effects
File "src/basic/ml/FStar_Util.ml", line 49, characters 57-65:
Warning 40: st_mtime was selected from type BatUnix.stats.
It is not visible in the current scope, and will not 
be selected if the type becomes unknown.
File "ulib/ml/FStar_Tactics_Builtins.ml", line 67, characters 46-47:
Warning 20: this argument will not be used by the function.
File "ulib/ml/extracted/FStar_IndefiniteDescription.ml", line 7, characters 31-33:
Warning 20: this argument will not be used by the function.
.\hello.fst(5,0-5,37): (Warning) Top-level let-bindings must be total; this term may have effects
.\RPC.fst(9,0-9,53): (Warning) Top-level let-bindings must be total; this term may have effects
.\RPC.fst(23,0-23,39): (Warning) Top-level let-bindings must be total; this term may have effects
.\RPC.fst(48,0-49,16): (Warning) Top-level let-bindings must be total; this term may have effects
.\RPC.fst(116,0-116,17): (Warning) Top-level let-bindings must be total; this term may have effects
jsonparser.pos\Test.fst(0,0-0,0): (Warning) Test: Unexpected output from Z3: (error "line 139468 column 95: Wrong number of arguments (1) passed to function (declare-fun JSONParser.Spec.object_as_type.fuel_instrumented

jsonparser.pos\Test.fst(0,0-0,0): (Warning) Test: Unexpected output from Z3: (Fuel Term Term Term Term)

jsonparser.pos\Test.fst(0,0-0,0): (Warning) Test: Unexpected output from Z3: Term)")

jsonparser.pos\Test.fst(0,0-0,0): (Warning) Test: Unexpected output from Z3: (error "line 139491 column 82: Wrong number of arguments (1) passed to function (declare-fun JSONParser.Spec.object_as_type.fuel_instrumented

jsonparser.pos\Test.fst(0,0-0,0): (Warning) Test: Unexpected output from Z3: (Fuel Term Term Term Term)

jsonparser.pos\Test.fst(0,0-0,0): (Warning) Test: Unexpected output from Z3: Term)")

jsonparser.pos\Test.fst(0,0-0,0): (Warning) Test: Unexpected output from Z3: (error "line 140861 column 47: Wrong number of arguments (1) passed to function (declare-fun JSONParser.Spec.gprint.fuel_instrumented (Fuel Term Term) Term)")

jsonparser.pos\Test.fst(0,0-0,0): (Warning) Test: Unexpected output from Z3: (error "line 144035 column 47: Wrong number of arguments (1) passed to function (declare-fun JSONParser.Spec.gparse.fuel_instrumented

jsonparser.pos\Test.fst(0,0-0,0): (Warning) Test: Unexpected output from Z3: (Fuel Term Term Term)

jsonparser.pos\Test.fst(0,0-0,0): (Warning) Test: Unexpected output from Z3: Term)")

jsonparser.pos\Test.fst(0,0-0,0): (Warning) Test: Unexpected output from Z3: (error "line 139468 column 95: Wrong number of arguments (1) passed to function (declare-fun JSONParser.Spec.object_as_type.fuel_instrumented

jsonparser.pos\Test.fst(0,0-0,0): (Warning) Test: Unexpected output from Z3: (Fuel Term Term Term Term)

jsonparser.pos\Test.fst(0,0-0,0): (Warning) Test: Unexpected output from Z3: Term)")

jsonparser.pos\Test.fst(0,0-0,0): (Warning) Test: Unexpected output from Z3: (error "line 139491 column 82: Wrong number of arguments (1) passed to function (declare-fun JSONParser.Spec.object_as_type.fuel_instrumented

jsonparser.pos\Test.fst(0,0-0,0): (Warning) Test: Unexpected output from Z3: (Fuel Term Term Term Term)

jsonparser.pos\Test.fst(0,0-0,0): (Warning) Test: Unexpected output from Z3: Term)")

jsonparser.pos\Test.fst(0,0-0,0): (Warning) Test: Unexpected output from Z3: (error "line 140861 column 47: Wrong number of arguments (1) passed to function (declare-fun JSONParser.Spec.gprint.fuel_instrumented (Fuel Term Term) Term)")

jsonparser.pos\Test.fst(0,0-0,0): (Warning) Test: Unexpected output from Z3: (error "line 144035 column 47: Wrong number of arguments (1) passed to function (declare-fun JSONParser.Spec.gparse.fuel_instrumented

jsonparser.pos\Test.fst(0,0-0,0): (Warning) Test: Unexpected output from Z3: (Fuel Term Term Term)

jsonparser.pos\Test.fst(0,0-0,0): (Warning) Test: Unexpected output from Z3: Term)")

jsonparser.pos\Test.fst(0,0-0,0): (Warning) Test: Unexpected output from Z3: (error "line 139468 column 95: Wrong number of arguments (1) passed to function (declare-fun JSONParser.Spec.object_as_type.fuel_instrumented

jsonparser.pos\Test.fst(0,0-0,0): (Warning) Test: Unexpected output from Z3: (Fuel Term Term Term Term)

jsonparser.pos\Test.fst(0,0-0,0): (Warning) Test: Unexpected output from Z3: Term)")

jsonparser.pos\Test.fst(0,0-0,0): (Warning) Test: Unexpected output from Z3: (error "line 139491 column 82: Wrong number of arguments (1) passed to function (declare-fun JSONParser.Spec.object_as_type.fuel_instrumented

jsonparser.pos\Test.fst(0,0-0,0): (Warning) Test: Unexpected output from Z3: (Fuel Term Term Term Term)

jsonparser.pos\Test.fst(0,0-0,0): (Warning) Test: Unexpected output from Z3: Term)")

jsonparser.pos\Test.fst(0,0-0,0): (Warning) Test: Unexpected output from Z3: (error "line 140861 column 47: Wrong number of arguments (1) passed to function (declare-fun JSONParser.Spec.gprint.fuel_instrumented (Fuel Term Term) Term)")

jsonparser.pos\Test.fst(0,0-0,0): (Warning) Test: Unexpected output from Z3: (error "line 144035 column 47: Wrong number of arguments (1) passed to function (declare-fun JSONParser.Spec.gparse.fuel_instrumented

jsonparser.pos\Test.fst(0,0-0,0): (Warning) Test: Unexpected output from Z3: (Fuel Term Term Term)

jsonparser.pos\Test.fst(0,0-0,0): (Warning) Test: Unexpected output from Z3: Term)")

jsonparser.pos\Test.fst(0,0-0,0): (Warning) Test: Unexpected output from Z3: (error "line 139468 column 95: Wrong number of arguments (1) passed to function (declare-fun JSONParser.Spec.object_as_type.fuel_instrumented

jsonparser.pos\Test.fst(0,0-0,0): (Warning) Test: Unexpected output from Z3: (Fuel Term Term Term Term)

jsonparser.pos\Test.fst(0,0-0,0): (Warning) Test: Unexpected output from Z3: Term)")

jsonparser.pos\Test.fst(0,0-0,0): (Warning) Test: Unexpected output from Z3: (error "line 139491 column 82: Wrong number of arguments (1) passed to function (declare-fun JSONParser.Spec.object_as_type.fuel_instrumented

jsonparser.pos\Test.fst(0,0-0,0): (Warning) Test: Unexpected output from Z3: (Fuel Term Term Term Term)

jsonparser.pos\Test.fst(0,0-0,0): (Warning) Test: Unexpected output from Z3: Term)")

jsonparser.pos\Test.fst(0,0-0,0): (Warning) Test: Unexpected output from Z3: (error "line 140861 column 47: Wrong number of arguments (1) passed to function (declare-fun JSONParser.Spec.gprint.fuel_instrumented (Fuel Term Term) Term)")

jsonparser.pos\Test.fst(0,0-0,0): (Warning) Test: Unexpected output from Z3: (error "line 144035 column 47: Wrong number of arguments (1) passed to function (declare-fun JSONParser.Spec.gparse.fuel_instrumented

jsonparser.pos\Test.fst(0,0-0,0): (Warning) Test: Unexpected output from Z3: (Fuel Term Term Term)

jsonparser.pos\Test.fst(0,0-0,0): (Warning) Test: Unexpected output from Z3: Term)")

jsonparser.pos\Test.fst(0,0-0,0): (Warning) Test: Unexpected output from Z3: (error "line 139468 column 95: Wrong number of arguments (1) passed to function (declare-fun JSONParser.Spec.object_as_type.fuel_instrumented

jsonparser.pos\Test.fst(0,0-0,0): (Warning) Test: Unexpected output from Z3: (Fuel Term Term Term Term)

jsonparser.pos\Test.fst(0,0-0,0): (Warning) Test: Unexpected output from Z3: Term)")

jsonparser.pos\Test.fst(0,0-0,0): (Warning) Test: Unexpected output from Z3: (error "line 139491 column 82: Wrong number of arguments (1) passed to function (declare-fun JSONParser.Spec.object_as_type.fuel_instrumented

jsonparser.pos\Test.fst(0,0-0,0): (Warning) Test: Unexpected output from Z3: (Fuel Term Term Term Term)

jsonparser.pos\Test.fst(0,0-0,0): (Warning) Test: Unexpected output from Z3: Term)")

jsonparser.pos\Test.fst(0,0-0,0): (Warning) Test: Unexpected output from Z3: (error "line 140861 column 47: Wrong number of arguments (1) passed to function (declare-fun JSONParser.Spec.gprint.fuel_instrumented (Fuel Term Term) Term)")

jsonparser.pos\Test.fst(0,0-0,0): (Warning) Test: Unexpected output from Z3: (error "line 144035 column 47: Wrong number of arguments (1) passed to function (declare-fun JSONParser.Spec.gparse.fuel_instrumented

jsonparser.pos\Test.fst(0,0-0,0): (Warning) Test: Unexpected output from Z3: (Fuel Term Term Term)

jsonparser.pos\Test.fst(0,0-0,0): (Warning) Test: Unexpected output from Z3: Term)")

.\Ex10a.fst(28,0-28,22): (Warning) Top-level let-bindings must be total; this term may have effects
.\Benton2004.fst(542,2-550,59): (Warning) Pattern misses at least one bound variable: p1#749229
.\Benton2004.fst(594,2-600,48): (Warning) Pattern misses at least one bound variable: phi'#749816
.\Benton2004.fst(631,2-639,102): (Warning) Pattern misses at least one bound variable: phi'#750719
.\Benton2004.RHL.fst(125,2-127,38): (Warning) Pattern misses at least one bound variable: t#864974
.\Benton2004.RHL.fst(292,2-300,59): (Warning) Pattern misses at least one bound variable: p1#873303
.\Benton2004.RHL.fst(575,2-581,48): (Warning) Pattern misses at least one bound variable: phi'#884187
.\Benton2004.RHL.fst(606,2-614,102): (Warning) Pattern misses at least one bound variable: phi'#885133
.\Benton2004.RHL.Derived.fst(59,2-65,48): (Warning) Pattern misses at least one bound variable: phi'#894766
WARNING: (10617,43): pattern does not contain all quantified variables.
WARNING: (90686,39): pattern does not contain all quantified variables.
WARNING: (91374,28): pattern does not contain all quantified variables.
WARNING: (91478,29): pattern does not contain all quantified variables.
WARNING: (91658,27): pattern does not contain all quantified variables.
WARNING: (94303,43): pattern does not contain all quantified variables.
WARNING: (95874,32): pattern does not contain all quantified variables.
WARNING: (96704,34): pattern does not contain all quantified variables.
WARNING: (96808,33): pattern does not contain all quantified variables.
WARNING: (96988,31): pattern does not contain all quantified variables.
WARNING: (97272,46): pattern does not contain all quantified variables.
.\Platform.Bytes.fst(15,32-18,29): (Warning) Pattern misses at least one bound variable: uu___#432986
WARNING: (67161,46): pattern does not contain any variable.
WARNING: (67161,46): pattern does not contain any variable.
WARNING: (67161,46): pattern does not contain any variable.
WARNING: (67161,46): pattern does not contain any variable.
WARNING: (67161,46): pattern does not contain any variable.
WARNING: (67161,46): pattern does not contain any variable.
WARNING: (67161,46): pattern does not contain any variable.
WARNING: (67161,46): pattern does not contain any variable.
WARNING: (67161,46): pattern does not contain any variable.
WARNING: (67161,46): pattern does not contain any variable.
WARNING: (67161,46): pattern does not contain any variable.
WARNING: (67161,46): pattern does not contain any variable.
WARNING: (67161,46): pattern does not contain any variable.
WARNING: (67161,46): pattern does not contain any variable.
WARNING: (67161,46): pattern does not contain any variable.
WARNING: (67161,46): pattern does not contain any variable.
WARNING: (67161,46): pattern does not contain any variable.
WARNING: (67161,46): pattern does not contain any variable.
WARNING: (67161,46): pattern does not contain any variable.
WARNING: (67161,46): pattern does not contain any variable.
WARNING: (67161,46): pattern does not contain any variable.
WARNING: (67161,46): pattern does not contain any variable.
WARNING: (67161,46): pattern does not contain any variable.
WARNING: (67161,46): pattern does not contain any variable.
WARNING: (67161,46): pattern does not contain any variable.
WARNING: (67161,46): pattern does not contain any variable.
WARNING: (6954,46): pattern does not contain any variable.
WARNING: (67161,46): pattern does not contain any variable.
WARNING: (67161,46): pattern does not contain any variable.
WARNING: (67161,46): pattern does not contain any variable.
WARNING: (67161,46): pattern does not contain any variable.
WARNING: (7113,46): pattern does not contain any variable.
WARNING: (67161,46): pattern does not contain any variable.
WARNING: (67161,46): pattern does not contain any variable.
WARNING: (6873,46): pattern does not contain any variable.
WARNING: (67161,46): pattern does not contain any variable.
WARNING: (67161,46): pattern does not contain any variable.
WARNING: (67161,46): pattern does not contain any variable.
WARNING: (67161,46): pattern does not contain any variable.
WARNING: (67161,46): pattern does not contain any variable.
WARNING: (67161,46): pattern does not contain any variable.
.\Platform.Bytes.fst(257,22-260,30): (Warning) Pattern misses at least one bound variable: i#470014
WARNING: (67161,46): pattern does not contain any variable.
WARNING: (67161,46): pattern does not contain any variable.
WARNING: (67161,46): pattern does not contain any variable.
.\Platform.Bytes.fst(261,8-261,24): (Warning) Pattern misses at least one bound variable: i#471927 (see also .\Platform.Bytes.fst(257,156-260,30))
WARNING: (7101,46): pattern does not contain any variable.
WARNING: (67161,46): pattern does not contain any variable.
WARNING: (67161,46): pattern does not contain any variable.
WARNING: (71518,43): pattern does not contain all quantified variables.
WARNING: (67161,46): pattern does not contain any variable.
WARNING: (71518,43): pattern does not contain all quantified variables.
WARNING: (67161,46): pattern does not contain any variable.
WARNING: (71518,43): pattern does not contain all quantified variables.
WARNING: (67161,46): pattern does not contain any variable.
WARNING: (71518,43): pattern does not contain all quantified variables.
WARNING: (67161,46): pattern does not contain any variable.
WARNING: (71518,43): pattern does not contain all quantified variables.
WARNING: (67161,46): pattern does not contain any variable.
WARNING: (71518,43): pattern does not contain all quantified variables.
WARNING: (67161,46): pattern does not contain any variable.
WARNING: (71518,43): pattern does not contain all quantified variables.
WARNING: (67161,46): pattern does not contain any variable.
WARNING: (71518,43): pattern does not contain all quantified variables.
WARNING: (67161,46): pattern does not contain any variable.
WARNING: (71518,43): pattern does not contain all quantified variables.
WARNING: (67161,46): pattern does not contain any variable.
WARNING: (71518,43): pattern does not contain all quantified variables.
WARNING: (67161,46): pattern does not contain any variable.
WARNING: (71518,43): pattern does not contain all quantified variables.
WARNING: (67161,46): pattern does not contain any variable.
WARNING: (71518,43): pattern does not contain all quantified variables.
WARNING: (67161,46): pattern does not contain any variable.
WARNING: (71518,43): pattern does not contain all quantified variables.
WARNING: (67161,46): pattern does not contain any variable.
WARNING: (71518,43): pattern does not contain all quantified variables.
WARNING: (67161,46): pattern does not contain any variable.
WARNING: (71518,43): pattern does not contain all quantified variables.
WARNING: (67161,46): pattern does not contain any variable.
WARNING: (71518,43): pattern does not contain all quantified variables.
WARNING: (67161,46): pattern does not contain any variable.
WARNING: (71518,43): pattern does not contain all quantified variables.
WARNING: (67161,46): pattern does not contain any variable.
WARNING: (71518,43): pattern does not contain all quantified variables.
WARNING: (67161,46): pattern does not contain any variable.
WARNING: (71518,43): pattern does not contain all quantified variables.
WARNING: (67161,46): pattern does not contain any variable.
WARNING: (71518,43): pattern does not contain all quantified variables.
WARNING: (67161,46): pattern does not contain any variable.
WARNING: (71518,43): pattern does not contain all quantified variables.
WARNING: (67161,46): pattern does not contain any variable.
WARNING: (71518,43): pattern does not contain all quantified variables.
WARNING: (67161,46): pattern does not contain any variable.
WARNING: (71518,43): pattern does not contain all quantified variables.
WARNING: (67161,46): pattern does not contain any variable.
WARNING: (71518,43): pattern does not contain all quantified variables.
WARNING: (67161,46): pattern does not contain any variable.
WARNING: (71518,43): pattern does not contain all quantified variables.
WARNING: (67161,46): pattern does not contain any variable.
WARNING: (71518,43): pattern does not contain all quantified variables.
WARNING: (67161,46): pattern does not contain any variable.
WARNING: (71518,43): pattern does not contain all quantified variables.
WARNING: (67161,46): pattern does not contain any variable.
WARNING: (71518,43): pattern does not contain all quantified variables.
WARNING: (67161,46): pattern does not contain any variable.
WARNING: (71518,43): pattern does not contain all quantified variables.
WARNING: (67161,46): pattern does not contain any variable.
WARNING: (71518,43): pattern does not contain all quantified variables.
WARNING: (67161,46): pattern does not contain any variable.
WARNING: (71518,43): pattern does not contain all quantified variables.
WARNING: (67161,46): pattern does not contain any variable.
WARNING: (71518,43): pattern does not contain all quantified variables.
WARNING: (67161,46): pattern does not contain any variable.
WARNING: (71518,43): pattern does not contain all quantified variables.
WARNING: (67161,46): pattern does not contain any variable.
WARNING: (71518,43): pattern does not contain all quantified variables.
.\Platform.Bytes.fst(15,40-18,29): (Warning) Pattern misses at least one bound variable: uu___#508034
.\Platform.Bytes.fst(261,8-261,24): (Warning) Pattern misses at least one bound variable: i#516485 (see also .\Platform.Bytes.fst(257,156-260,30))
.\TestMRef.fst(8,0-8,20): (Warning) Top-level let-bindings must be total; this term may have effects
.\Ex12a1.Cap.fst(21,0-21,26): (Warning) Top-level let-bindings must be total; this term may have effects
.\Ex12a2.Cap.fst(21,0-21,31): (Warning) Top-level let-bindings must be total; this term may have effects
.\Ex12a2.Cap.fst(42,0-42,33): (Warning) Top-level let-bindings must be total; this term may have effects
.\CntProtocol.fst(14,0-14,53): (Warning) Top-level let-bindings must be total; this term may have effects
.\CntProtocol.fst(29,0-29,26): (Warning) Top-level let-bindings must be total; this term may have effects
.\CntProtocol.fst(32,0-32,54): (Warning) Top-level let-bindings must be total; this term may have effects
.\CntProtocol.fst(35,0-35,54): (Warning) Top-level let-bindings must be total; this term may have effects
.\CntProtocol.fst(99,0-99,39): (Warning) Top-level let-bindings must be total; this term may have effects
.\CntProtocol.fst(126,0-126,18): (Warning) Top-level let-bindings must be total; this term may have effects
.\CntProtocol.fst(172,0-188,5): (Warning) Top-level let-bindings must be total; this term may have effects
Warning: Unable to open hints file: C:\Build\Agent1\_work\2\s\examples\tactics\Printers.fst.hints; ran without hints
.\Mac.fst(70,0-70,35): (Warning) Top-level let-bindings must be total; this term may have effects
Warning: Unable to open hints file: C:\Build\Agent1\_work\2\s\ulib\FStar.Tactics.BV.fst.hints; ran without hints
Warning: Unable to open hints file: C:\Build\Agent1\_work\2\s\examples\tactics\Setopts.fst.hints; ran without hints
Warning: Unable to open hints file: C:\Build\Agent1\_work\2\s\ulib\FStar.BV.fst.hints; ran without hints
.\Ex12b.RPC.fst(15,0-15,53): (Warning) Top-level let-bindings must be total; this term may have effects
.\Ex12b.RPC.fst(29,0-29,38): (Warning) Top-level let-bindings must be total; this term may have effects
.\Ex12b.RPC.fst(61,8-61,53): (Warning) Top-level let-bindings must be total; this term may have effects
.\Ex12b.RPC.fst(90,0-91,16): (Warning) Top-level let-bindings must be total; this term may have effects
.\Ex12b.RPC.fst(170,0-170,17): (Warning) Top-level let-bindings must be total; this term may have effects
.\Ex01a.fst(58,0-58,48): (Warning) Top-level let-bindings must be total; this term may have effects
make[3]: [Makefile:68: Ex01a-ocaml] Error 2 (ignored)
Warning: Unable to open hints file: C:\Build\Agent1\_work\2\s\ulib\FStar.Tactics.Sequences.fst.hints; ran without hints
.\Ex11a.fst(231,0-234,16): (Error) Unknown assertion failed
Verified module: Ex11a (203321 milliseconds)
1 error was reported (see above)
make[3]: *** [Makefile:48: verify-Ex11a.fst] Error 1
make[3]: Target 'all' not remade because of errors.
make[2]: *** [Makefile:35: ../doc/tutorial/code/solutions.all] Error 2
Warning: Unable to open hints file: C:\Build\Agent1\_work\2\s\ulib\FStar.Dyn.fsti.hints; ran without hints
Warning: Unable to open hints file: C:\Build\Agent1\_work\2\s\ulib\FStar.Reflection.Types.fsti.hints; ran without hints
Warning: Unable to open hints file: C:\Build\Agent1\_work\2\s\ulib\FStar.Tactics.Types.fsti.hints; ran without hints
Warning: Unable to open hints file: C:\Build\Agent1\_work\2\s\ulib\FStar.BV.fsti.hints; ran without hints
.\FStar.UInt128.fst(368,0-372,21): (Error) Unknown assertion failed
.\FStar.UInt128.fst(574,0-587,18): (Error) Unknown assertion failed
.\FStar.UInt128.fst(591,0-596,4): (Error) Unknown assertion failed
.\FStar.UInt128.fst(1029,0-1030,54): (Error) Unknown assertion failed
Verified module: FStar.UInt128 (981518 milliseconds)
4 errors were reported (see above)
make[2]: *** [Makefile:16: FStar.UInt128.fst-ver] Error 1
make[2]: Target 'all' not remade because of errors.
make[1]: *** [Makefile:285: ulib] Error 2
.\Benton2004.fst(542,2-550,59): (Warning) Pattern misses at least one bound variable: p1#749229
.\Benton2004.fst(594,2-600,48): (Warning) Pattern misses at least one bound variable: phi'#749816
.\Benton2004.fst(631,2-639,102): (Warning) Pattern misses at least one bound variable: phi'#750719
WARNING: (90686,39): pattern does not contain all quantified variables.
WARNING: (91374,28): pattern does not contain all quantified variables.
WARNING: (91478,29): pattern does not contain all quantified variables.
WARNING: (91658,27): pattern does not contain all quantified variables.
WARNING: (90686,39): pattern does not contain all quantified variables.
WARNING: (91374,28): pattern does not contain all quantified variables.
WARNING: (91478,29): pattern does not contain all quantified variables.
WARNING: (91658,27): pattern does not contain all quantified variables.
WARNING: (94323,43): pattern does not contain all quantified variables.
WARNING: (90686,39): pattern does not contain all quantified variables.
WARNING: (91374,28): pattern does not contain all quantified variables.
WARNING: (91478,29): pattern does not contain all quantified variables.
WARNING: (91658,27): pattern does not contain all quantified variables.
WARNING: (94323,43): pattern does not contain all quantified variables.
WARNING: (90686,39): pattern does not contain all quantified variables.
WARNING: (91374,28): pattern does not contain all quantified variables.
WARNING: (91478,29): pattern does not contain all quantified variables.
WARNING: (91658,27): pattern does not contain all quantified variables.
WARNING: (94323,43): pattern does not contain all quantified variables.
WARNING: (95895,32): pattern does not contain all quantified variables.
WARNING: (90686,39): pattern does not contain all quantified variables.
WARNING: (91374,28): pattern does not contain all quantified variables.
WARNING: (91478,29): pattern does not contain all quantified variables.
WARNING: (91658,27): pattern does not contain all quantified variables.
WARNING: (94323,43): pattern does not contain all quantified variables.
WARNING: (95895,32): pattern does not contain all quantified variables.
WARNING: (90686,39): pattern does not contain all quantified variables.
WARNING: (91374,28): pattern does not contain all quantified variables.
WARNING: (91478,29): pattern does not contain all quantified variables.
WARNING: (91658,27): pattern does not contain all quantified variables.
WARNING: (94323,43): pattern does not contain all quantified variables.
WARNING: (95895,32): pattern does not contain all quantified variables.
WARNING: (90686,39): pattern does not contain all quantified variables.
WARNING: (91374,28): pattern does not contain all quantified variables.
WARNING: (91478,29): pattern does not contain all quantified variables.
WARNING: (91658,27): pattern does not contain all quantified variables.
WARNING: (94323,43): pattern does not contain all quantified variables.
WARNING: (95895,32): pattern does not contain all quantified variables.
WARNING: (90686,39): pattern does not contain all quantified variables.
WARNING: (91374,28): pattern does not contain all quantified variables.
WARNING: (91478,29): pattern does not contain all quantified variables.
WARNING: (91658,27): pattern does not contain all quantified variables.
WARNING: (94323,43): pattern does not contain all quantified variables.
WARNING: (95895,32): pattern does not contain all quantified variables.
WARNING: (90686,39): pattern does not contain all quantified variables.
WARNING: (91374,28): pattern does not contain all quantified variables.
WARNING: (91478,29): pattern does not contain all quantified variables.
WARNING: (91658,27): pattern does not contain all quantified variables.
WARNING: (94323,43): pattern does not contain all quantified variables.
WARNING: (95895,32): pattern does not contain all quantified variables.
WARNING: (90686,39): pattern does not contain all quantified variables.
WARNING: (91374,28): pattern does not contain all quantified variables.
WARNING: (91478,29): pattern does not contain all quantified variables.
WARNING: (91658,27): pattern does not contain all quantified variables.
WARNING: (94323,43): pattern does not contain all quantified variables.
WARNING: (95895,32): pattern does not contain all quantified variables.
WARNING: (90686,39): pattern does not contain all quantified variables.
WARNING: (91374,28): pattern does not contain all quantified variables.
WARNING: (91478,29): pattern does not contain all quantified variables.
WARNING: (91658,27): pattern does not contain all quantified variables.
WARNING: (94323,43): pattern does not contain all quantified variables.
WARNING: (95895,32): pattern does not contain all quantified variables.
WARNING: (90686,39): pattern does not contain all quantified variables.
WARNING: (91374,28): pattern does not contain all quantified variables.
WARNING: (91478,29): pattern does not contain all quantified variables.
WARNING: (91658,27): pattern does not contain all quantified variables.
WARNING: (94323,43): pattern does not contain all quantified variables.
WARNING: (95895,32): pattern does not contain all quantified variables.
WARNING: (90686,39): pattern does not contain all quantified variables.
WARNING: (91374,28): pattern does not contain all quantified variables.
WARNING: (91478,29): pattern does not contain all quantified variables.
WARNING: (91658,27): pattern does not contain all quantified variables.
WARNING: (94323,43): pattern does not contain all quantified variables.
WARNING: (95895,32): pattern does not contain all quantified variables.
WARNING: (90686,39): pattern does not contain all quantified variables.
WARNING: (91374,28): pattern does not contain all quantified variables.
WARNING: (91478,29): pattern does not contain all quantified variables.
WARNING: (91658,27): pattern does not contain all quantified variables.
WARNING: (94323,43): pattern does not contain all quantified variables.
WARNING: (95895,32): pattern does not contain all quantified variables.
WARNING: (90686,39): pattern does not contain all quantified variables.
WARNING: (91374,28): pattern does not contain all quantified variables.
WARNING: (91478,29): pattern does not contain all quantified variables.
WARNING: (91658,27): pattern does not contain all quantified variables.
WARNING: (94323,43): pattern does not contain all quantified variables.
WARNING: (95895,32): pattern does not contain all quantified variables.
WARNING: (90686,39): pattern does not contain all quantified variables.
WARNING: (91374,28): pattern does not contain all quantified variables.
WARNING: (91478,29): pattern does not contain all quantified variables.
WARNING: (91658,27): pattern does not contain all quantified variables.
WARNING: (94323,43): pattern does not contain all quantified variables.
WARNING: (95895,32): pattern does not contain all quantified variables.
WARNING: (90686,39): pattern does not contain all quantified variables.
WARNING: (91374,28): pattern does not contain all quantified variables.
WARNING: (91478,29): pattern does not contain all quantified variables.
WARNING: (91658,27): pattern does not contain all quantified variables.
WARNING: (94323,43): pattern does not contain all quantified variables.
WARNING: (95895,32): pattern does not contain all quantified variables.
WARNING: (96725,34): pattern does not contain all quantified variables.
WARNING: (96829,33): pattern does not contain all quantified variables.
WARNING: (97009,31): pattern does not contain all quantified variables.
WARNING: (90686,39): pattern does not contain all quantified variables.
WARNING: (91374,28): pattern does not contain all quantified variables.
WARNING: (91478,29): pattern does not contain all quantified variables.
WARNING: (91658,27): pattern does not contain all quantified variables.
WARNING: (94323,43): pattern does not contain all quantified variables.
WARNING: (95895,32): pattern does not contain all quantified variables.
WARNING: (96725,34): pattern does not contain all quantified variables.
WARNING: (96829,33): pattern does not contain all quantified variables.
WARNING: (97009,31): pattern does not contain all quantified variables.
WARNING: (90686,39): pattern does not contain all quantified variables.
WARNING: (91374,28): pattern does not contain all quantified variables.
WARNING: (91478,29): pattern does not contain all quantified variables.
WARNING: (91658,27): pattern does not contain all quantified variables.
WARNING: (94323,43): pattern does not contain all quantified variables.
WARNING: (95895,32): pattern does not contain all quantified variables.
WARNING: (96725,34): pattern does not contain all quantified variables.
WARNING: (96829,33): pattern does not contain all quantified variables.
WARNING: (97009,31): pattern does not contain all quantified variables.
WARNING: (90686,39): pattern does not contain all quantified variables.
WARNING: (91374,28): pattern does not contain all quantified variables.
WARNING: (91478,29): pattern does not contain all quantified variables.
WARNING: (91658,27): pattern does not contain all quantified variables.
WARNING: (94323,43): pattern does not contain all quantified variables.
WARNING: (95895,32): pattern does not contain all quantified variables.
WARNING: (96725,34): pattern does not contain all quantified variables.
WARNING: (96829,33): pattern does not contain all quantified variables.
WARNING: (97009,31): pattern does not contain all quantified variables.
.\Benton2004.RHL.fst(125,2-127,38): (Warning) Pattern misses at least one bound variable: t#935025
.\Benton2004.RHL.fst(292,2-300,59): (Warning) Pattern misses at least one bound variable: p1#943354
.\Benton2004.RHL.fst(575,2-581,48): (Warning) Pattern misses at least one bound variable: phi'#954238
.\Benton2004.RHL.fst(606,2-614,102): (Warning) Pattern misses at least one bound variable: phi'#955184
make[3]: Target 'all' not remade because of errors.
make[2]: *** [Makefile:35: rel.all] Error 2
make[2]: Target 'all' not remade because of errors.
make[1]: *** [Makefile:288: uexamples] Error 2
make[1]: Target 'uregressions' not remade because of errors.
make: *** [Makefile:265: utest] Error 2
