make[1]: warning: jobserver unavailable: using -j1.  Add '+' to parent make rule.
make[1]: warning: jobserver unavailable: using -j1.  Add '+' to parent make rule.
Warning: you are using the standard library and/or the %inline keyword. We
recommend switching on --infer in order to avoid obscure type error messages.
warning: CRLF will be replaced by LF in src/parser/parse.fsi.
The file will have its original line endings in your working directory.
File "src/basic/ml/FStar_Util.ml", line 47, characters 57-65:
Warning 40: st_mtime was selected from type BatUnix.stats.
It is not visible in the current scope, and will not 
be selected if the type becomes unknown.
File "src/basic/ml/FStar_Util.ml", line 47, characters 57-65:
Warning 40: st_mtime was selected from type BatUnix.stats.
It is not visible in the current scope, and will not 
be selected if the type becomes unknown.
make[3]: warning: jobserver unavailable: using -j1.  Add '+' to parent make rule.
.\u_boot_fsts\FStar.Syntax.Syntax.fst(394,0-394,33): (Warning) Annotation from val declaration overrides inline type annotation
.\u_boot_fsts\FStar.Syntax.Syntax.fst(445,0-445,48): (Warning) Annotation from val declaration overrides inline type annotation
.\u_boot_fsts\FStar.Syntax.Syntax.fst(446,0-446,76): (Warning) Annotation from val declaration overrides inline type annotation
.\u_boot_fsts\FStar.Syntax.Syntax.fst(497,0-499,38): (Warning) Annotation from val declaration overrides inline type annotation
.\u_boot_fsts\FStar.TypeChecker.Util.fst(70,0-72,32): (Warning) Annotation from val declaration overrides inline type annotation
.\u_boot_fsts\FStar.TypeChecker.Env.fst(296,0-300,35): (Warning) Annotation from val declaration overrides inline type annotation
.\u_boot_fsts\FStar.TypeChecker.Env.fst(734,0-736,39): (Warning) Annotation from val declaration overrides inline type annotation
warning: CRLF will be replaced by LF in src/parser/ml/parse.mly.
The file will have its original line endings in your working directory.
warning: CRLF will be replaced by LF in src/parser/parse.fsi.
The file will have its original line endings in your working directory.
warning: CRLF will be replaced by LF in src/parser/parse.fsy.
The file will have its original line endings in your working directory.
make[3]: warning: jobserver unavailable: using -j1.  Add '+' to parent make rule.
make[3]: warning: jobserver unavailable: using -j1.  Add '+' to parent make rule.
File "extracted/FStar_Pervasives.ml", line 22, characters 35-66:
Warning 8: this pattern-matching is not exhaustive.
Here is an example of a value that is not matched:
(E _|Err _)
File "extracted/FStar_Pervasives.ml", line 25, characters 35-66:
Warning 8: this pattern-matching is not exhaustive.
Here is an example of a value that is not matched:
(V _|Err _)
File "extracted/FStar_Pervasives.ml", line 28, characters 39-76:
Warning 8: this pattern-matching is not exhaustive.
Here is an example of a value that is not matched:
(V _|E _)
File "extracted/FStar_Pervasives.ml", line 66, characters 37-70:
Warning 8: this pattern-matching is not exhaustive.
Here is an example of a value that is not matched:
Inr _
File "extracted/FStar_Pervasives.ml", line 69, characters 37-70:
Warning 8: this pattern-matching is not exhaustive.
Here is an example of a value that is not matched:
Inl _
.\hello.fst(5,0-5,37): (Warning) Top-level let-bindings must be total; this term may have effects
.\Ex01a.fst(68,0-68,48): (Warning) Top-level let-bindings must be total; this term may have effects
.\Ex01a.fst(58,0-58,48): (Warning) Top-level let-bindings must be total; this term may have effects
.\Encrypt_SymEnc.fst(29,0-29,18): (Warning) Top-level let-bindings must be total; this term may have effects
WARNING: (7993,51): pattern does not contain all quantified variables.
WARNING: (7993,51): pattern does not contain all quantified variables.
.\Platform.Bytes.fst(15,32-18,29): (Warning) Pattern misses at least one bound variable: uu___#1001296
.\MAC.fst(45,0-45,35): (Warning) Top-level let-bindings must be total; this term may have effects
WARNING: (7944,46): pattern does not contain any variable.
WARNING: (8127,46): pattern does not contain any variable.
WARNING: (7843,46): pattern does not contain any variable.
.\Platform.Bytes.fst(257,22-260,30): (Warning) Pattern misses at least one bound variable: i#1038102
.\Platform.Bytes.fst(261,8-261,24): (Warning) Pattern misses at least one bound variable: i#1040159 (see also .\Platform.Bytes.fst(257,156-260,30))
WARNING: (8149,46): pattern does not contain any variable.
WARNING: (81714,46): pattern does not contain any variable.
WARNING: (85610,43): pattern does not contain all quantified variables.
Unexpected error
Failure("Not a protected embedded term (2): Prims.None")
Raised at file "pervasives.ml", line 30, characters 22-33
Called from file "src/ocaml-output/FStar_Reflection_Interpreter.ml", line 6, characters 38-42
Called from file "src/ocaml-output/FStar_TypeChecker_Normalize.ml", line 1368, characters 28-117
Called from file "src/ocaml-output/FStar_TypeChecker_Normalize.ml", line 3258, characters 31-52
Called from file "src/ocaml-output/FStar_TypeChecker_Normalize.ml", line 2136, characters 30-49
Called from file "src/ocaml-output/FStar_TypeChecker_Normalize.ml", line 2136, characters 30-49
Called from file "src/ocaml-output/FStar_TypeChecker_Normalize.ml", line 2136, characters 30-49
Called from file "src/ocaml-output/FStar_TypeChecker_Normalize.ml", line 2136, characters 30-49
Called from file "src/ocaml-output/FStar_Tactics_Interpreter.ml", line 404, characters 14-168
Called from file "src/ocaml-output/FStar_Tactics_Basic.ml", line 44, characters 42-46
Called from file "src/ocaml-output/FStar_Tactics_Interpreter.ml", line 467, characters 17-60
Called from file "src/ocaml-output/FStar_Tactics_Interpreter.ml", line 569, characters 29-35
Called from file "src/ocaml-output/FStar_Tactics_Interpreter.ml", line 533, characters 49-63
Called from file "src/ocaml-output/FStar_Tactics_Interpreter.ml", line 528, characters 21-575
Called from file "src/ocaml-output/FStar_Tactics_Interpreter.ml", line 516, characters 16-39
Called from file "src/ocaml-output/FStar_Tactics_Interpreter.ml", line 548, characters 36-55
Called from file "src/ocaml-output/FStar_Tactics_Interpreter.ml", line 533, characters 49-63
Called from file "src/batList.mlv", line 502, characters 12-26
Called from file "src/ocaml-output/FStar_Tactics_Interpreter.ml", line 528, characters 21-575
Called from file "src/ocaml-output/FStar_Tactics_Interpreter.ml", line 516, characters 16-39
Called from file "src/ocaml-output/FStar_Tactics_Interpreter.ml", line 548, characters 36-55
Called from file "src/ocaml-output/FStar_Tactics_Interpreter.ml", line 533, characters 49-63
Called from file "src/batList.mlv", line 502, characters 12-26
Called from file "src/ocaml-output/FStar_Tactics_Interpreter.ml", line 528, characters 21-575
Called from file "src/ocaml-output/FStar_Tactics_Interpreter.ml", line 533, characters 49-63
Called from file "src/batList.mlv", line 502, characters 12-26
Called from file "src/ocaml-output/FStar_Tactics_Interpreter.ml", line 528, characters 21-575
Called from file "src/ocaml-output/FStar_Tactics_Interpreter.ml", line 589, characters 24-58
Called from file "src/ocaml-output/FStar_TypeChecker_Rel.ml", line 6297, characters 31-139
Called from file "src/ocaml-output/FStar_TypeChecker_Rel.ml", line 6344, characters 24-56
Called from file "src/ocaml-output/FStar_TypeChecker_Rel.ml", line 6504, characters 28-50
Called from file "src/ocaml-output/FStar_TypeChecker_Util.ml", line 3645, characters 10-58
Called from file "src/ocaml-output/FStar_TypeChecker_TcTerm.ml", line 4528, characters 26-77
Called from file "src/ocaml-output/FStar_TypeChecker_Tc.ml", line 3710, characters 20-1023
Called from file "src/ocaml-output/FStar_TypeChecker_Tc.ml", line 4157, characters 31-46
Called from file "src/basic/ml/FStar_Util.ml", line 572, characters 30-37
Called from file "src/ocaml-output/FStar_TypeChecker_Tc.ml", line 4203, characters 8-70
Called from file "src/ocaml-output/FStar_TypeChecker_Tc.ml", line 4293, characters 25-77
Called from file "src/ocaml-output/FStar_TypeChecker_Tc.ml", line 4562, characters 23-49
Called from file "src/basic/ml/FStar_Util.ml", line 44, characters 14-18
Called from file "src/ocaml-output/FStar_Universal.ml", line 287, characters 34-233
Called from file "list.ml", line 84, characters 24-34
Called from file "ulib/ml/FStar_All.ml", line 3, characters 21-24
Called from file "src/ocaml-output/FStar_SMTEncoding_Solver.ml", line 104, characters 16-20
Called from file "src/ocaml-output/FStar_Universal.ml", line 357, characters 32-71
Called from file "src/ocaml-output/FStar_Universal.ml", line 376, characters 31-72
Called from file "src/ocaml-output/FStar_Universal.ml", line 392, characters 24-71
Called from file "src/ocaml-output/FStar_Universal.ml", line 432, characters 26-68
Called from file "src/ocaml-output/FStar_Main.ml", line 204, characters 27-67
Called from file "src/ocaml-output/FStar_Main.ml", line 226, characters 6-11

make[3]: *** [../Makefile.include:15: UserTactics.uver] Error 1
WARNING: (81714,46): pattern does not contain any variable.
WARNING: (85610,43): pattern does not contain all quantified variables.
WARNING: (81714,46): pattern does not contain any variable.
WARNING: (85610,43): pattern does not contain all quantified variables.
WARNING: (81714,46): pattern does not contain any variable.
WARNING: (85610,43): pattern does not contain all quantified variables.
WARNING: (81714,46): pattern does not contain any variable.
WARNING: (85610,43): pattern does not contain all quantified variables.
WARNING: (81714,46): pattern does not contain any variable.
WARNING: (85610,43): pattern does not contain all quantified variables.
WARNING: (81714,46): pattern does not contain any variable.
WARNING: (85610,43): pattern does not contain all quantified variables.
WARNING: (81714,46): pattern does not contain any variable.
WARNING: (85610,43): pattern does not contain all quantified variables.
WARNING: (81714,46): pattern does not contain any variable.
WARNING: (85610,43): pattern does not contain all quantified variables.
.\RPC.fst(9,0-9,53): (Warning) Top-level let-bindings must be total; this term may have effects
.\RPC.fst(23,0-23,39): (Warning) Top-level let-bindings must be total; this term may have effects
.\Platform.Bytes.fst(15,40-18,29): (Warning) Pattern misses at least one bound variable: uu___#1075671
.\Platform.Bytes.fst(261,8-261,24): (Warning) Pattern misses at least one bound variable: i#1084059 (see also .\Platform.Bytes.fst(257,156-260,30))
.\RPC.fst(48,0-49,16): (Warning) Top-level let-bindings must be total; this term may have effects
.\RPC.fst(116,0-116,17): (Warning) Top-level let-bindings must be total; this term may have effects
.\Ex10a.fst(27,0-27,22): (Warning) Top-level let-bindings must be total; this term may have effects
.\CntProtocol.fst(14,0-14,53): (Warning) Top-level let-bindings must be total; this term may have effects
.\CntProtocol.fst(29,0-29,26): (Warning) Top-level let-bindings must be total; this term may have effects
.\CntProtocol.fst(32,0-32,54): (Warning) Top-level let-bindings must be total; this term may have effects
.\CntProtocol.fst(35,0-35,54): (Warning) Top-level let-bindings must be total; this term may have effects
.\CntProtocol.fst(99,0-99,39): (Warning) Top-level let-bindings must be total; this term may have effects
.\CntProtocol.fst(126,0-126,18): (Warning) Top-level let-bindings must be total; this term may have effects
.\CntProtocol.fst(172,0-188,5): (Warning) Top-level let-bindings must be total; this term may have effects
.\Ex12b.RPC.fst(8,0-8,53): (Warning) Top-level let-bindings must be total; this term may have effects
.\Ex12b.RPC.fst(21,0-21,39): (Warning) Top-level let-bindings must be total; this term may have effects
.\Ex10a.fst(27,0-27,22): (Warning) Top-level let-bindings must be total; this term may have effects
.\Ex12b.RPC.fst(53,0-54,16): (Warning) Top-level let-bindings must be total; this term may have effects
.\Ex12b.RPC.fst(123,0-123,17): (Warning) Top-level let-bindings must be total; this term may have effects
.\Ex12a.Cap.fst(19,0-19,26): (Warning) Top-level let-bindings must be total; this term may have effects
.\TestMRef.fst(8,0-8,20): (Warning) Top-level let-bindings must be total; this term may have effects
.\Ex12a.Cap.fst(21,0-21,26): (Warning) Top-level let-bindings must be total; this term may have effects
make[5]: warning: jobserver unavailable: using -j1.  Add '+' to parent make rule.
make[5]: warning: jobserver unavailable: using -j1.  Add '+' to parent make rule.
File "extracted/FStar_Pervasives.ml", line 22, characters 35-66:
Warning 8: this pattern-matching is not exhaustive.
Here is an example of a value that is not matched:
(E _|Err _)
File "extracted/FStar_Pervasives.ml", line 25, characters 35-66:
Warning 8: this pattern-matching is not exhaustive.
Here is an example of a value that is not matched:
(V _|Err _)
File "extracted/FStar_Pervasives.ml", line 28, characters 39-76:
Warning 8: this pattern-matching is not exhaustive.
Here is an example of a value that is not matched:
(V _|E _)
File "extracted/FStar_Pervasives.ml", line 66, characters 37-70:
Warning 8: this pattern-matching is not exhaustive.
Here is an example of a value that is not matched:
Inr _
File "extracted/FStar_Pervasives.ml", line 69, characters 37-70:
Warning 8: this pattern-matching is not exhaustive.
Here is an example of a value that is not matched:
Inl _
.\Mac.fst(70,0-70,35): (Warning) Top-level let-bindings must be total; this term may have effects
.\Ex01a.fst(58,0-58,48): (Warning) Top-level let-bindings must be total; this term may have effects
make[3]: [Makefile:66: Ex01a-ocaml] Error 2 (ignored)
Warning: Unable to open hints file: C:\Build\Agent2\_work\1\s\ulib\FStar.Reflection.fst.hints; ran without hints
Warning: Unable to open hints file: C:\Build\Agent2\_work\1\s\ulib\FStar.Reflection.Syntax.Lemmas.fst.hints; ran without hints
Warning: Unable to open hints file: C:\Build\Agent2\_work\1\s\ulib\FStar.Reflection.Arith.fst.hints; ran without hints
.\FStar.Math.Lib.fst(100,0-103,30): (Error) Unknown assertion failed
Verified module: FStar.Math.Lib (23511 milliseconds)
1 error was reported (see above)
make[2]: *** [Makefile:28: FStar.Math.Lib.fst-ver] Error 1
Warning: Unable to open hints file: C:\Build\Agent2\_work\1\s\ulib\FStar.Tactics.Arith.fst.hints; ran without hints
Warning: Unable to open hints file: C:\Build\Agent2\_work\1\s\examples\tactics\Arith.fst.hints; ran without hints
Warning: Unable to open hints file: C:\Build\Agent2\_work\1\s\ulib\FStar.Ghost.fsti.hints; ran without hints
Warning: Unable to open hints file: C:\Build\Agent2\_work\1\s\ulib\FStar.Reflection.Syntax.fst.hints; ran without hints
Warning: Unable to open hints file: C:\Build\Agent2\_work\1\s\ulib\FStar.Reflection.Formula.fst.hints; ran without hints
make[2]: Target 'all' not remade because of errors.
make[1]: *** [Makefile:276: ulib] Error 2
Warning: Unable to open hints file: C:\Build\Agent2\_work\1\s\examples\tactics\Canon.fst.hints; ran without hints
make[3]: Target 'all' not remade because of errors.
make[2]: *** [Makefile:35: tactics.all] Error 2
make[2]: Target 'all' not remade because of errors.
make[1]: *** [Makefile:279: uexamples] Error 2
make[1]: Target 'uregressions' not remade because of errors.
make: *** [Makefile:260: utest] Error 2
