make[2]: warning: jobserver unavailable: using -j1.  Add '+' to parent make rule.
Warning: you are using the standard library and/or the %inline keyword. We
recommend switching on --infer in order to avoid obscure type error messages.
6 shift/reduce conflicts.
make[4]: warning: jobserver unavailable: using -j1.  Add '+' to parent make rule.
../bin/fstar-any.sh: line 11: file: command not found
../bin/fstar-any.sh: line 11: file: command not found
../bin/fstar-any.sh: line 11: file: command not found
../bin/fstar-any.sh: line 11: file: command not found
../bin/fstar-any.sh: line 11: file: command not found
../bin/fstar-any.sh: line 11: file: command not found
./u_boot_fsts/FStar.Syntax.Syntax.fst(397,0-397,33): (Warning) Annotation from val declaration overrides inline type annotation
./u_boot_fsts/FStar.Syntax.Syntax.fst(446,0-446,48): (Warning) Annotation from val declaration overrides inline type annotation
./u_boot_fsts/FStar.Syntax.Syntax.fst(447,0-447,76): (Warning) Annotation from val declaration overrides inline type annotation
./u_boot_fsts/FStar.Syntax.Syntax.fst(498,0-500,38): (Warning) Annotation from val declaration overrides inline type annotation
../bin/fstar-any.sh: line 11: file: command not found
./u_boot_fsts/FStar.TypeChecker.Util.fst(70,0-72,32): (Warning) Annotation from val declaration overrides inline type annotation
./u_boot_fsts/FStar.TypeChecker.Env.fst(278,0-282,35): (Warning) Annotation from val declaration overrides inline type annotation
./u_boot_fsts/FStar.TypeChecker.Env.fst(715,0-717,39): (Warning) Annotation from val declaration overrides inline type annotation
../bin/fstar-any.sh: line 11: file: command not found
../bin/fstar-any.sh: line 11: file: command not found
../bin/fstar-any.sh: line 11: file: command not found
../bin/fstar-any.sh: line 11: file: command not found
../bin/fstar-any.sh: line 11: file: command not found
../bin/fstar-any.sh: line 11: file: command not found
../bin/fstar-any.sh: line 11: file: command not found
../bin/fstar-any.sh: line 11: file: command not found
../bin/fstar-any.sh: line 11: file: command not found
../../../bin/fstar-any.sh: line 11: file: command not found
../../../bin/fstar-any.sh: line 11: file: command not found
./hello.fst(5,0-5,37): (Warning) Top-level let-bindings must be total; this term may have effects
../../../bin/fstar-any.sh: line 11: file: command not found
<input>(2,14-2,15): (Error) Expected expression of type "int"; got expression ""hello"" of type "string"
<input>(2,14-2,15): (Error) Expected expression of type "int"; got expression ""hello"" of type "string"
../../../bin/fstar-any.sh: line 11: file: command not found
<input>(2,14-2,15): (Error) Expected expression of type "int"; got expression ""hello"" of type "string"
./Encrypt_SymEnc.fst(29,0-29,18): (Warning) Top-level let-bindings must be total; this term may have effects
./MAC.fst(45,0-45,35): (Warning) Top-level let-bindings must be total; this term may have effects
./Ex01a.fst(68,0-68,48): (Warning) Top-level let-bindings must be total; this term may have effects
./Ex01a.fst(58,0-58,48): (Warning) Top-level let-bindings must be total; this term may have effects
WARNING: (4171,6): pattern does not contain all quantified variables.
./RPC.fst(9,0-9,53): (Warning) Top-level let-bindings must be total; this term may have effects
./RPC.fst(23,0-23,39): (Warning) Top-level let-bindings must be total; this term may have effects
./RPC.fst(48,0-49,16): (Warning) Top-level let-bindings must be total; this term may have effects
./RPC.fst(116,0-116,17): (Warning) Top-level let-bindings must be total; this term may have effects
./CntProtocol.fst(14,0-14,53): (Warning) Top-level let-bindings must be total; this term may have effects
./CntProtocol.fst(29,0-29,26): (Warning) Top-level let-bindings must be total; this term may have effects
./CntProtocol.fst(32,0-32,54): (Warning) Top-level let-bindings must be total; this term may have effects
./CntProtocol.fst(35,0-35,54): (Warning) Top-level let-bindings must be total; this term may have effects
./CntProtocol.fst(99,0-99,39): (Warning) Top-level let-bindings must be total; this term may have effects
./CntProtocol.fst(126,0-126,18): (Warning) Top-level let-bindings must be total; this term may have effects
./CntProtocol.fst(158,0-174,5): (Warning) Top-level let-bindings must be total; this term may have effects
./Ex10a.fst(27,0-27,19): (Warning) Top-level let-bindings must be total; this term may have effects
./Ex12a.Cap.fst(21,0-21,26): (Warning) Top-level let-bindings must be total; this term may have effects
./Ex10a.fst(27,0-27,19): (Warning) Top-level let-bindings must be total; this term may have effects
./Ex12a.Cap.fst(19,0-19,26): (Warning) Top-level let-bindings must be total; this term may have effects
./Ex12b.RPC.fst(8,0-8,53): (Warning) Top-level let-bindings must be total; this term may have effects
./Ex12b.RPC.fst(21,0-21,39): (Warning) Top-level let-bindings must be total; this term may have effects
./Ex12b.RPC.fst(53,0-54,16): (Warning) Top-level let-bindings must be total; this term may have effects
./Ex12b.RPC.fst(123,0-123,17): (Warning) Top-level let-bindings must be total; this term may have effects
make[6]: warning: jobserver unavailable: using -j1.  Add '+' to parent make rule.
make[6]: warning: jobserver unavailable: using -j1.  Add '+' to parent make rule.
File "_none_", line 1:
Warning 58: no cmx file was found in path for module Big_int_Z, and its interface was not compiled with -opaque
File "_none_", line 1:
Warning 58: no cmx file was found in path for module Z, and its interface was not compiled with -opaque
File "_none_", line 1:
Warning 58: no cmx file was found in path for module Z, and its interface was not compiled with -opaque
File "_none_", line 1:
Warning 58: no cmx file was found in path for module Z, and its interface was not compiled with -opaque
File "_none_", line 1:
Warning 58: no cmx file was found in path for module Z, and its interface was not compiled with -opaque
File "_none_", line 1:
Warning 58: no cmx file was found in path for module Z, and its interface was not compiled with -opaque
File "_none_", line 1:
Warning 58: no cmx file was found in path for module Z, and its interface was not compiled with -opaque
File "_none_", line 1:
Warning 58: no cmx file was found in path for module Z, and its interface was not compiled with -opaque
File "FStar_String.ml", line 16, characters 16-32:
Warning 3: deprecated: String.lowercase
Use String.lowercase_ascii instead.
File "_none_", line 1:
Warning 58: no cmx file was found in path for module Z, and its interface was not compiled with -opaque
File "_none_", line 1:
Warning 58: no cmx file was found in path for module Z, and its interface was not compiled with -opaque
./Ex01a.fst(58,0-58,48): (Warning) Top-level let-bindings must be total; this term may have effects
make[4]: [Ex01a-ocaml] Error 2 (ignored)
./Platform.Bytes.fst(15,32-18,29): (Warning) Pattern misses at least one bound variable: uu___#1090
WARNING: (6642,66): pattern does not contain any variable.
WARNING: (67169,66): pattern does not contain any variable.
WARNING: (6904,66): pattern does not contain any variable.
WARNING: (6564,66): pattern does not contain any variable.
./Platform.Bytes.fst(257,22-260,30): (Warning) Pattern misses at least one bound variable: i#40303
./Platform.Bytes.fst(257,156-260,30): (Warning) Pattern misses at least one bound variable: i#42433
WARNING: (6900,66): pattern does not contain any variable.
WARNING: (67169,66): pattern does not contain any variable.
WARNING: (70698,6): pattern does not contain all quantified variables.
WARNING: (67169,66): pattern does not contain any variable.
WARNING: (70698,6): pattern does not contain all quantified variables.
WARNING: (67169,66): pattern does not contain any variable.
WARNING: (70698,6): pattern does not contain all quantified variables.
WARNING: (67169,66): pattern does not contain any variable.
WARNING: (70698,6): pattern does not contain all quantified variables.
WARNING: (67169,66): pattern does not contain any variable.
WARNING: (70698,6): pattern does not contain all quantified variables.
WARNING: (67169,66): pattern does not contain any variable.
WARNING: (70698,6): pattern does not contain all quantified variables.
WARNING: (67169,66): pattern does not contain any variable.
WARNING: (70698,6): pattern does not contain all quantified variables.
WARNING: (67169,66): pattern does not contain any variable.
WARNING: (70698,6): pattern does not contain all quantified variables.
WARNING: (67169,66): pattern does not contain any variable.
WARNING: (70698,6): pattern does not contain all quantified variables.
WARNING: (67169,66): pattern does not contain any variable.
WARNING: (70698,6): pattern does not contain all quantified variables.
./Platform.Bytes.fst(15,40-18,29): (Warning) Pattern misses at least one bound variable: uu___#79931
./Platform.Bytes.fst(257,156-260,30): (Warning) Pattern misses at least one bound variable: i#89378
./TestMRef.fst(8,0-8,20): (Warning) Top-level let-bindings must be total; this term may have effects
./Mac.fst(70,0-70,35): (Warning) Top-level let-bindings must be total; this term may have effects
unknown(0,0-0,0): (Warning) FStar.Struct: Unexpected output from Z3: (error "line 138447 column 43: unknown constant @x26")

./Crypto.Test.fst(594,0-612,104): (Warning) Top-level let-bindings must be total; this term may have effects
