make[1]: warning: jobserver unavailable: using -j1.  Add '+' to parent make rule.
make[1]: warning: jobserver unavailable: using -j1.  Add '+' to parent make rule.
Warning: you are using the standard library and/or the %inline keyword. We
recommend switching on --infer in order to avoid obscure type error messages.
warning: CRLF will be replaced by LF in src/parser/parse.fsi.
The file will have its original line endings in your working directory.
File "src/basic/ml/FStar_Util.ml", line 47, characters 57-65:
Warning 40: st_mtime was selected from type BatUnix.stats.
It is not visible in the current scope, and will not 
be selected if the type becomes unknown.
File "src/basic/ml/FStar_Util.ml", line 47, characters 57-65:
Warning 40: st_mtime was selected from type BatUnix.stats.
It is not visible in the current scope, and will not 
be selected if the type becomes unknown.
make[3]: warning: jobserver unavailable: using -j1.  Add '+' to parent make rule.
Unexpected error
FStar_Errors.Error(_)
Raised at file "src/ocaml-output/FStar_TypeChecker_Env.ml", line 1023, characters 16-26
Called from file "src/ocaml-output/FStar_TypeChecker_TcTerm.ml", line 1978, characters 12-118
Called from file "src/ocaml-output/FStar_TypeChecker_TcTerm.ml", line 1446, characters 30-58
Called from file "src/ocaml-output/FStar_TypeChecker_TcTerm.ml", line 5712, characters 23-51
Called from file "src/ocaml-output/FStar_TypeChecker_TcTerm.ml", line 2255, characters 12-69
Called from file "src/ocaml-output/FStar_TypeChecker_TcTerm.ml", line 2046, characters 42-57
Called from file "src/ocaml-output/FStar_TypeChecker_TcTerm.ml", line 5442, characters 21-1023
Called from file "src/ocaml-output/FStar_TypeChecker_TcTerm.ml", line 4548, characters 27-59
Called from file "src/ocaml-output/FStar_TypeChecker_Tc.ml", line 3699, characters 20-1023
Called from file "src/ocaml-output/FStar_TypeChecker_Tc.ml", line 4093, characters 31-46
Called from file "src/basic/ml/FStar_Util.ml", line 572, characters 30-37
Called from file "src/ocaml-output/FStar_TypeChecker_Tc.ml", line 4139, characters 8-70
Called from file "src/ocaml-output/FStar_TypeChecker_Tc.ml", line 4227, characters 25-77
Called from file "src/ocaml-output/FStar_TypeChecker_Tc.ml", line 4493, characters 23-49
Called from file "src/basic/ml/FStar_Util.ml", line 44, characters 14-18
Called from file "src/ocaml-output/FStar_Universal.ml", line 287, characters 34-233
Called from file "list.ml", line 84, characters 24-34
Called from file "ulib/ml/FStar_All.ml", line 3, characters 21-24
Called from file "src/ocaml-output/FStar_Universal.ml", line 357, characters 32-71
Called from file "src/ocaml-output/FStar_Universal.ml", line 376, characters 31-72
Called from file "src/ocaml-output/FStar_Universal.ml", line 392, characters 24-71
Called from file "src/ocaml-output/FStar_Universal.ml", line 432, characters 26-68
Called from file "src/ocaml-output/FStar_Main.ml", line 208, characters 27-67
Called from file "src/ocaml-output/FStar_Main.ml", line 230, characters 6-11

C:\Build\Agent1\_work\2\s\ulib\FStar.Heap.fst(165,26-165,30): (Error) Name "FStar.All.ML" not found
1 error was reported (see above)
make[3]: *** [Makefile:187: u_extract_tcinductive] Error 1
Unexpected error
FStar_Errors.Error(_)
Raised at file "src/ocaml-output/FStar_TypeChecker_Env.ml", line 1023, characters 16-26
Called from file "src/ocaml-output/FStar_TypeChecker_TcTerm.ml", line 1978, characters 12-118
Called from file "src/ocaml-output/FStar_TypeChecker_TcTerm.ml", line 1446, characters 30-58
Called from file "src/ocaml-output/FStar_TypeChecker_TcTerm.ml", line 5712, characters 23-51
Called from file "src/ocaml-output/FStar_TypeChecker_TcTerm.ml", line 2255, characters 12-69
Called from file "src/ocaml-output/FStar_TypeChecker_TcTerm.ml", line 2046, characters 42-57
Called from file "src/ocaml-output/FStar_TypeChecker_TcTerm.ml", line 5442, characters 21-1023
Called from file "src/ocaml-output/FStar_TypeChecker_TcTerm.ml", line 4548, characters 27-59
Called from file "src/ocaml-output/FStar_TypeChecker_Tc.ml", line 3699, characters 20-1023
Called from file "src/ocaml-output/FStar_TypeChecker_Tc.ml", line 4093, characters 31-46
Called from file "src/basic/ml/FStar_Util.ml", line 572, characters 30-37
Called from file "src/ocaml-output/FStar_TypeChecker_Tc.ml", line 4139, characters 8-70
Called from file "src/ocaml-output/FStar_TypeChecker_Tc.ml", line 4227, characters 25-77
Called from file "src/ocaml-output/FStar_TypeChecker_Tc.ml", line 4493, characters 23-49
Called from file "src/basic/ml/FStar_Util.ml", line 44, characters 14-18
Called from file "src/ocaml-output/FStar_Universal.ml", line 287, characters 34-233
Called from file "list.ml", line 84, characters 24-34
Called from file "ulib/ml/FStar_All.ml", line 3, characters 21-24
Called from file "src/ocaml-output/FStar_Universal.ml", line 357, characters 32-71
Called from file "src/ocaml-output/FStar_Universal.ml", line 376, characters 31-72
Called from file "src/ocaml-output/FStar_Universal.ml", line 392, characters 24-71
Called from file "src/ocaml-output/FStar_Universal.ml", line 432, characters 26-68
Called from file "src/ocaml-output/FStar_Main.ml", line 208, characters 27-67
Called from file "src/ocaml-output/FStar_Main.ml", line 230, characters 6-11

C:\Build\Agent1\_work\2\s\ulib\FStar.Heap.fst(165,26-165,30): (Error) Name "FStar.All.ML" not found
1 error was reported (see above)
make[3]: *** [Makefile:195: u_extract_tosyntax] Error 1
Unexpected error
FStar_Errors.Error(_)
Raised at file "src/ocaml-output/FStar_TypeChecker_Env.ml", line 1023, characters 16-26
Called from file "src/ocaml-output/FStar_TypeChecker_TcTerm.ml", line 1978, characters 12-118
Called from file "src/ocaml-output/FStar_TypeChecker_TcTerm.ml", line 1446, characters 30-58
Called from file "src/ocaml-output/FStar_TypeChecker_TcTerm.ml", line 5712, characters 23-51
Called from file "src/ocaml-output/FStar_TypeChecker_TcTerm.ml", line 2255, characters 12-69
Called from file "src/ocaml-output/FStar_TypeChecker_TcTerm.ml", line 2046, characters 42-57
Called from file "src/ocaml-output/FStar_TypeChecker_TcTerm.ml", line 5442, characters 21-1023
Called from file "src/ocaml-output/FStar_TypeChecker_TcTerm.ml", line 4548, characters 27-59
Called from file "src/ocaml-output/FStar_TypeChecker_Tc.ml", line 3699, characters 20-1023
Called from file "src/ocaml-output/FStar_TypeChecker_Tc.ml", line 4093, characters 31-46
Called from file "src/basic/ml/FStar_Util.ml", line 572, characters 30-37
Called from file "src/ocaml-output/FStar_TypeChecker_Tc.ml", line 4139, characters 8-70
Called from file "src/ocaml-output/FStar_TypeChecker_Tc.ml", line 4227, characters 25-77
Called from file "src/ocaml-output/FStar_TypeChecker_Tc.ml", line 4493, characters 23-49
Called from file "src/basic/ml/FStar_Util.ml", line 44, characters 14-18
Called from file "src/ocaml-output/FStar_Universal.ml", line 287, characters 34-233
Called from file "list.ml", line 84, characters 24-34
Called from file "ulib/ml/FStar_All.ml", line 3, characters 21-24
Called from file "src/ocaml-output/FStar_Universal.ml", line 357, characters 32-71
Called from file "src/ocaml-output/FStar_Universal.ml", line 376, characters 31-72
Called from file "src/ocaml-output/FStar_Universal.ml", line 392, characters 24-71
Called from file "src/ocaml-output/FStar_Universal.ml", line 432, characters 26-68
Called from file "src/ocaml-output/FStar_Main.ml", line 208, characters 27-67
Called from file "src/ocaml-output/FStar_Main.ml", line 230, characters 6-11

C:\Build\Agent1\_work\2\s\ulib\FStar.Heap.fst(165,26-165,30): (Error) Name "FStar.All.ML" not found
1 error was reported (see above)
make[3]: *** [Makefile:204: u_extract_smtencoding_base] Error 1
Unexpected error
FStar_Errors.Error(_)
Raised at file "src/ocaml-output/FStar_TypeChecker_Env.ml", line 1023, characters 16-26
Called from file "src/ocaml-output/FStar_TypeChecker_TcTerm.ml", line 1978, characters 12-118
Called from file "src/ocaml-output/FStar_TypeChecker_TcTerm.ml", line 1446, characters 30-58
Called from file "src/ocaml-output/FStar_TypeChecker_TcTerm.ml", line 5712, characters 23-51
Called from file "src/ocaml-output/FStar_TypeChecker_TcTerm.ml", line 2255, characters 12-69
Called from file "src/ocaml-output/FStar_TypeChecker_TcTerm.ml", line 2046, characters 42-57
Called from file "src/ocaml-output/FStar_TypeChecker_TcTerm.ml", line 5442, characters 21-1023
Called from file "src/ocaml-output/FStar_TypeChecker_TcTerm.ml", line 4548, characters 27-59
Called from file "src/ocaml-output/FStar_TypeChecker_Tc.ml", line 3699, characters 20-1023
Called from file "src/ocaml-output/FStar_TypeChecker_Tc.ml", line 4093, characters 31-46
Called from file "src/basic/ml/FStar_Util.ml", line 572, characters 30-37
Called from file "src/ocaml-output/FStar_TypeChecker_Tc.ml", line 4139, characters 8-70
Called from file "src/ocaml-output/FStar_TypeChecker_Tc.ml", line 4227, characters 25-77
Called from file "src/ocaml-output/FStar_TypeChecker_Tc.ml", line 4493, characters 23-49
Called from file "src/basic/ml/FStar_Util.ml", line 44, characters 14-18
Called from file "src/ocaml-output/FStar_Universal.ml", line 287, characters 34-233
Called from file "list.ml", line 84, characters 24-34
Called from file "ulib/ml/FStar_All.ml", line 3, characters 21-24
Called from file "src/ocaml-output/FStar_Universal.ml", line 357, characters 32-71
Called from file "src/ocaml-output/FStar_Universal.ml", line 376, characters 31-72
Called from file "src/ocaml-output/FStar_Universal.ml", line 392, characters 24-71
Called from file "src/ocaml-output/FStar_Universal.ml", line 432, characters 26-68
Called from file "src/ocaml-output/FStar_Main.ml", line 208, characters 27-67
Called from file "src/ocaml-output/FStar_Main.ml", line 230, characters 6-11

C:\Build\Agent1\_work\2\s\ulib\FStar.Heap.fst(165,26-165,30): (Error) Name "FStar.All.ML" not found
1 error was reported (see above)
make[3]: *** [Makefile:166: u_extract_syntax] Error 1
Unexpected error
FStar_Errors.Error(_)
Raised at file "src/ocaml-output/FStar_TypeChecker_Env.ml", line 1023, characters 16-26
Called from file "src/ocaml-output/FStar_TypeChecker_TcTerm.ml", line 1978, characters 12-118
Called from file "src/ocaml-output/FStar_TypeChecker_TcTerm.ml", line 1446, characters 30-58
Called from file "src/ocaml-output/FStar_TypeChecker_TcTerm.ml", line 5712, characters 23-51
Called from file "src/ocaml-output/FStar_TypeChecker_TcTerm.ml", line 2255, characters 12-69
Called from file "src/ocaml-output/FStar_TypeChecker_TcTerm.ml", line 2046, characters 42-57
Called from file "src/ocaml-output/FStar_TypeChecker_TcTerm.ml", line 5442, characters 21-1023
Called from file "src/ocaml-output/FStar_TypeChecker_TcTerm.ml", line 4548, characters 27-59
Called from file "src/ocaml-output/FStar_TypeChecker_Tc.ml", line 3699, characters 20-1023
Called from file "src/ocaml-output/FStar_TypeChecker_Tc.ml", line 4093, characters 31-46
Called from file "src/basic/ml/FStar_Util.ml", line 572, characters 30-37
Called from file "src/ocaml-output/FStar_TypeChecker_Tc.ml", line 4139, characters 8-70
Called from file "src/ocaml-output/FStar_TypeChecker_Tc.ml", line 4227, characters 25-77
Called from file "src/ocaml-output/FStar_TypeChecker_Tc.ml", line 4493, characters 23-49
Called from file "src/basic/ml/FStar_Util.ml", line 44, characters 14-18
Called from file "src/ocaml-output/FStar_Universal.ml", line 287, characters 34-233
Called from file "list.ml", line 84, characters 24-34
Called from file "ulib/ml/FStar_All.ml", line 3, characters 21-24
Called from file "src/ocaml-output/FStar_Universal.ml", line 357, characters 32-71
Called from file "src/ocaml-output/FStar_Universal.ml", line 376, characters 31-72
Called from file "src/ocaml-output/FStar_Universal.ml", line 392, characters 24-71
Called from file "src/ocaml-output/FStar_Universal.ml", line 432, characters 26-68
Called from file "src/ocaml-output/FStar_Main.ml", line 208, characters 27-67
Called from file "src/ocaml-output/FStar_Main.ml", line 230, characters 6-11

C:\Build\Agent1\_work\2\s\ulib\FStar.Heap.fst(165,26-165,30): (Error) Name "FStar.All.ML" not found
1 error was reported (see above)
make[3]: *** [Makefile:175: u_extract_rel] Error 1
Unexpected error
FStar_Errors.Error(_)
Raised at file "src/ocaml-output/FStar_TypeChecker_Env.ml", line 1023, characters 16-26
Called from file "src/ocaml-output/FStar_TypeChecker_TcTerm.ml", line 1978, characters 12-118
Called from file "src/ocaml-output/FStar_TypeChecker_TcTerm.ml", line 1446, characters 30-58
Called from file "src/ocaml-output/FStar_TypeChecker_TcTerm.ml", line 5712, characters 23-51
Called from file "src/ocaml-output/FStar_TypeChecker_TcTerm.ml", line 2255, characters 12-69
Called from file "src/ocaml-output/FStar_TypeChecker_TcTerm.ml", line 2046, characters 42-57
Called from file "src/ocaml-output/FStar_TypeChecker_TcTerm.ml", line 5442, characters 21-1023
Called from file "src/ocaml-output/FStar_TypeChecker_TcTerm.ml", line 4548, characters 27-59
Called from file "src/ocaml-output/FStar_TypeChecker_Tc.ml", line 3699, characters 20-1023
Called from file "src/ocaml-output/FStar_TypeChecker_Tc.ml", line 4093, characters 31-46
Called from file "src/basic/ml/FStar_Util.ml", line 572, characters 30-37
Called from file "src/ocaml-output/FStar_TypeChecker_Tc.ml", line 4139, characters 8-70
Called from file "src/ocaml-output/FStar_TypeChecker_Tc.ml", line 4227, characters 25-77
Called from file "src/ocaml-output/FStar_TypeChecker_Tc.ml", line 4493, characters 23-49
Called from file "src/basic/ml/FStar_Util.ml", line 44, characters 14-18
Called from file "src/ocaml-output/FStar_Universal.ml", line 287, characters 34-233
Called from file "list.ml", line 84, characters 24-34
Called from file "ulib/ml/FStar_All.ml", line 3, characters 21-24
Called from file "src/ocaml-output/FStar_Universal.ml", line 357, characters 32-71
Called from file "src/ocaml-output/FStar_Universal.ml", line 376, characters 31-72
Called from file "src/ocaml-output/FStar_Universal.ml", line 392, characters 24-71
Called from file "src/ocaml-output/FStar_Universal.ml", line 432, characters 26-68
Called from file "src/ocaml-output/FStar_Main.ml", line 208, characters 27-67
Called from file "src/ocaml-output/FStar_Main.ml", line 230, characters 6-11

C:\Build\Agent1\_work\2\s\ulib\FStar.Heap.fst(165,26-165,30): (Error) Name "FStar.All.ML" not found
1 error was reported (see above)
make[3]: *** [Makefile:178: u_extract_util] Error 1
Unexpected error
FStar_Errors.Error(_)
Raised at file "src/ocaml-output/FStar_TypeChecker_Env.ml", line 1023, characters 16-26
Called from file "src/ocaml-output/FStar_TypeChecker_TcTerm.ml", line 1978, characters 12-118
Called from file "src/ocaml-output/FStar_TypeChecker_TcTerm.ml", line 1446, characters 30-58
Called from file "src/ocaml-output/FStar_TypeChecker_TcTerm.ml", line 5712, characters 23-51
Called from file "src/ocaml-output/FStar_TypeChecker_TcTerm.ml", line 2255, characters 12-69
Called from file "src/ocaml-output/FStar_TypeChecker_TcTerm.ml", line 2046, characters 42-57
Called from file "src/ocaml-output/FStar_TypeChecker_TcTerm.ml", line 5442, characters 21-1023
Called from file "src/ocaml-output/FStar_TypeChecker_TcTerm.ml", line 4548, characters 27-59
Called from file "src/ocaml-output/FStar_TypeChecker_Tc.ml", line 3699, characters 20-1023
Called from file "src/ocaml-output/FStar_TypeChecker_Tc.ml", line 4093, characters 31-46
Called from file "src/basic/ml/FStar_Util.ml", line 572, characters 30-37
Called from file "src/ocaml-output/FStar_TypeChecker_Tc.ml", line 4139, characters 8-70
Called from file "src/ocaml-output/FStar_TypeChecker_Tc.ml", line 4227, characters 25-77
Called from file "src/ocaml-output/FStar_TypeChecker_Tc.ml", line 4493, characters 23-49
Called from file "src/basic/ml/FStar_Util.ml", line 44, characters 14-18
Called from file "src/ocaml-output/FStar_Universal.ml", line 287, characters 34-233
Called from file "list.ml", line 84, characters 24-34
Called from file "ulib/ml/FStar_All.ml", line 3, characters 21-24
Called from file "src/ocaml-output/FStar_Universal.ml", line 357, characters 32-71
Called from file "src/ocaml-output/FStar_Universal.ml", line 376, characters 31-72
Called from file "src/ocaml-output/FStar_Universal.ml", line 392, characters 24-71
Called from file "src/ocaml-output/FStar_Universal.ml", line 432, characters 26-68
Called from file "src/ocaml-output/FStar_Main.ml", line 208, characters 27-67
Called from file "src/ocaml-output/FStar_Main.ml", line 230, characters 6-11

C:\Build\Agent1\_work\2\s\ulib\FStar.Heap.fst(165,26-165,30): (Error) Name "FStar.All.ML" not found
1 error was reported (see above)
make[3]: *** [Makefile:181: u_extract_dmff] Error 1
Unexpected error
FStar_Errors.Error(_)
Raised at file "src/ocaml-output/FStar_TypeChecker_Env.ml", line 1023, characters 16-26
Called from file "src/ocaml-output/FStar_TypeChecker_TcTerm.ml", line 1978, characters 12-118
Called from file "src/ocaml-output/FStar_TypeChecker_TcTerm.ml", line 1446, characters 30-58
Called from file "src/ocaml-output/FStar_TypeChecker_TcTerm.ml", line 5712, characters 23-51
Called from file "src/ocaml-output/FStar_TypeChecker_TcTerm.ml", line 2255, characters 12-69
Called from file "src/ocaml-output/FStar_TypeChecker_TcTerm.ml", line 2046, characters 42-57
Called from file "src/ocaml-output/FStar_TypeChecker_TcTerm.ml", line 5442, characters 21-1023
Called from file "src/ocaml-output/FStar_TypeChecker_TcTerm.ml", line 4548, characters 27-59
Called from file "src/ocaml-output/FStar_TypeChecker_Tc.ml", line 3699, characters 20-1023
Called from file "src/ocaml-output/FStar_TypeChecker_Tc.ml", line 4093, characters 31-46
Called from file "src/basic/ml/FStar_Util.ml", line 572, characters 30-37
Called from file "src/ocaml-output/FStar_TypeChecker_Tc.ml", line 4139, characters 8-70
Called from file "src/ocaml-output/FStar_TypeChecker_Tc.ml", line 4227, characters 25-77
Called from file "src/ocaml-output/FStar_TypeChecker_Tc.ml", line 4493, characters 23-49
Called from file "src/basic/ml/FStar_Util.ml", line 44, characters 14-18
Called from file "src/ocaml-output/FStar_Universal.ml", line 287, characters 34-233
Called from file "list.ml", line 84, characters 24-34
Called from file "ulib/ml/FStar_All.ml", line 3, characters 21-24
Called from file "src/ocaml-output/FStar_Universal.ml", line 357, characters 32-71
Called from file "src/ocaml-output/FStar_Universal.ml", line 376, characters 31-72
Called from file "src/ocaml-output/FStar_Universal.ml", line 392, characters 24-71
Called from file "src/ocaml-output/FStar_Universal.ml", line 432, characters 26-68
Called from file "src/ocaml-output/FStar_Main.ml", line 208, characters 27-67
Called from file "src/ocaml-output/FStar_Main.ml", line 230, characters 6-11

C:\Build\Agent1\_work\2\s\ulib\FStar.Heap.fst(165,26-165,30): (Error) Name "FStar.All.ML" not found
1 error was reported (see above)
make[3]: *** [Makefile:190: u_extract_tc] Error 1
Unexpected error
FStar_Errors.Error(_)
Raised at file "src/ocaml-output/FStar_TypeChecker_Env.ml", line 1023, characters 16-26
Called from file "src/ocaml-output/FStar_TypeChecker_TcTerm.ml", line 1978, characters 12-118
Called from file "src/ocaml-output/FStar_TypeChecker_TcTerm.ml", line 1446, characters 30-58
Called from file "src/ocaml-output/FStar_TypeChecker_TcTerm.ml", line 5712, characters 23-51
Called from file "src/ocaml-output/FStar_TypeChecker_TcTerm.ml", line 2255, characters 12-69
Called from file "src/ocaml-output/FStar_TypeChecker_TcTerm.ml", line 2046, characters 42-57
Called from file "src/ocaml-output/FStar_TypeChecker_TcTerm.ml", line 5442, characters 21-1023
Called from file "src/ocaml-output/FStar_TypeChecker_TcTerm.ml", line 4548, characters 27-59
Called from file "src/ocaml-output/FStar_TypeChecker_Tc.ml", line 3699, characters 20-1023
Called from file "src/ocaml-output/FStar_TypeChecker_Tc.ml", line 4093, characters 31-46
Called from file "src/basic/ml/FStar_Util.ml", line 572, characters 30-37
Called from file "src/ocaml-output/FStar_TypeChecker_Tc.ml", line 4139, characters 8-70
Called from file "src/ocaml-output/FStar_TypeChecker_Tc.ml", line 4227, characters 25-77
Called from file "src/ocaml-output/FStar_TypeChecker_Tc.ml", line 4493, characters 23-49
Called from file "src/basic/ml/FStar_Util.ml", line 44, characters 14-18
Called from file "src/ocaml-output/FStar_Universal.ml", line 287, characters 34-233
Called from file "list.ml", line 84, characters 24-34
Called from file "ulib/ml/FStar_All.ml", line 3, characters 21-24
Called from file "src/ocaml-output/FStar_Universal.ml", line 357, characters 32-71
Called from file "src/ocaml-output/FStar_Universal.ml", line 376, characters 31-72
Called from file "src/ocaml-output/FStar_Universal.ml", line 392, characters 24-71
Called from file "src/ocaml-output/FStar_Universal.ml", line 432, characters 26-68
Called from file "src/ocaml-output/FStar_Main.ml", line 208, characters 27-67
Called from file "src/ocaml-output/FStar_Main.ml", line 230, characters 6-11

C:\Build\Agent1\_work\2\s\ulib\FStar.Heap.fst(165,26-165,30): (Error) Name "FStar.All.ML" not found
1 error was reported (see above)
make[3]: *** [Makefile:184: u_extract_tcterm] Error 1
Unexpected error
FStar_Errors.Error(_)
Raised at file "src/ocaml-output/FStar_TypeChecker_Env.ml", line 1023, characters 16-26
Called from file "src/ocaml-output/FStar_TypeChecker_TcTerm.ml", line 1978, characters 12-118
Called from file "src/ocaml-output/FStar_TypeChecker_TcTerm.ml", line 1446, characters 30-58
Called from file "src/ocaml-output/FStar_TypeChecker_TcTerm.ml", line 5712, characters 23-51
Called from file "src/ocaml-output/FStar_TypeChecker_TcTerm.ml", line 2255, characters 12-69
Called from file "src/ocaml-output/FStar_TypeChecker_TcTerm.ml", line 2046, characters 42-57
Called from file "src/ocaml-output/FStar_TypeChecker_TcTerm.ml", line 5442, characters 21-1023
Called from file "src/ocaml-output/FStar_TypeChecker_TcTerm.ml", line 4548, characters 27-59
Called from file "src/ocaml-output/FStar_TypeChecker_Tc.ml", line 3699, characters 20-1023
Called from file "src/ocaml-output/FStar_TypeChecker_Tc.ml", line 4093, characters 31-46
Called from file "src/basic/ml/FStar_Util.ml", line 572, characters 30-37
Called from file "src/ocaml-output/FStar_TypeChecker_Tc.ml", line 4139, characters 8-70
Called from file "src/ocaml-output/FStar_TypeChecker_Tc.ml", line 4227, characters 25-77
Called from file "src/ocaml-output/FStar_TypeChecker_Tc.ml", line 4493, characters 23-49
Called from file "src/basic/ml/FStar_Util.ml", line 44, characters 14-18
Called from file "src/ocaml-output/FStar_Universal.ml", line 287, characters 34-233
Called from file "list.ml", line 84, characters 24-34
Called from file "ulib/ml/FStar_All.ml", line 3, characters 21-24
Called from file "src/ocaml-output/FStar_Universal.ml", line 357, characters 32-71
Called from file "src/ocaml-output/FStar_Universal.ml", line 376, characters 31-72
Called from file "src/ocaml-output/FStar_Universal.ml", line 392, characters 24-71
Called from file "src/ocaml-output/FStar_Universal.ml", line 432, characters 26-68
Called from file "src/ocaml-output/FStar_Main.ml", line 208, characters 27-67
Called from file "src/ocaml-output/FStar_Main.ml", line 230, characters 6-11

C:\Build\Agent1\_work\2\s\ulib\FStar.Heap.fst(165,26-165,30): (Error) Name "FStar.All.ML" not found
1 error was reported (see above)
Unexpected error
FStar_Errors.Error(_)
Raised at file "src/ocaml-output/FStar_TypeChecker_Env.ml", line 1023, characters 16-26
Called from file "src/ocaml-output/FStar_TypeChecker_TcTerm.ml", line 1978, characters 12-118
Called from file "src/ocaml-output/FStar_TypeChecker_TcTerm.ml", line 1446, characters 30-58
Called from file "src/ocaml-output/FStar_TypeChecker_TcTerm.ml", line 5712, characters 23-51
Called from file "src/ocaml-output/FStar_TypeChecker_TcTerm.ml", line 2255, characters 12-69
Called from file "src/ocaml-output/FStar_TypeChecker_TcTerm.ml", line 2046, characters 42-57
Called from file "src/ocaml-output/FStar_TypeChecker_TcTerm.ml", line 5442, characters 21-1023
Called from file "src/ocaml-output/FStar_TypeChecker_TcTerm.ml", line 4548, characters 27-59
Called from file "src/ocaml-output/FStar_TypeChecker_Tc.ml", line 3699, characters 20-1023
Called from file "src/ocaml-output/FStar_TypeChecker_Tc.ml", line 4093, characters 31-46
Called from file "src/basic/ml/FStar_Util.ml", line 572, characters 30-37
Called from file "src/ocaml-output/FStar_TypeChecker_Tc.ml", line 4139, characters 8-70
Called from file "src/ocaml-output/FStar_TypeChecker_Tc.ml", line 4227, characters 25-77
Called from file "src/ocaml-output/FStar_TypeChecker_Tc.ml", line 4493, characters 23-49
Called from file "src/basic/ml/FStar_Util.ml", line 44, characters 14-18
Called from file "src/ocaml-output/FStar_Universal.ml", line 287, characters 34-233
Called from file "list.ml", line 84, characters 24-34
Called from file "ulib/ml/FStar_All.ml", line 3, characters 21-24
Called from file "src/ocaml-output/FStar_Universal.ml", line 357, characters 32-71
Called from file "src/ocaml-output/FStar_Universal.ml", line 376, characters 31-72
Called from file "src/ocaml-output/FStar_Universal.ml", line 392, characters 24-71
Called from file "src/ocaml-output/FStar_Universal.ml", line 432, characters 26-68
Called from file "src/ocaml-output/FStar_Main.ml", line 208, characters 27-67
Called from file "src/ocaml-output/FStar_Main.ml", line 230, characters 6-11

C:\Build\Agent1\_work\2\s\ulib\FStar.Heap.fst(165,26-165,30): (Error) Name "FStar.All.ML" not found
1 error was reported (see above)
make[3]: *** [Makefile:161: u_extract_misc] Error 1
make[3]: *** [Makefile:213: u_extract_solver] Error 1
Unexpected error
FStar_Errors.Error(_)
Raised at file "src/ocaml-output/FStar_TypeChecker_Env.ml", line 1023, characters 16-26
Called from file "src/ocaml-output/FStar_TypeChecker_TcTerm.ml", line 1978, characters 12-118
Called from file "src/ocaml-output/FStar_TypeChecker_TcTerm.ml", line 1446, characters 30-58
Called from file "src/ocaml-output/FStar_TypeChecker_TcTerm.ml", line 5712, characters 23-51
Called from file "src/ocaml-output/FStar_TypeChecker_TcTerm.ml", line 2255, characters 12-69
Called from file "src/ocaml-output/FStar_TypeChecker_TcTerm.ml", line 2046, characters 42-57
Called from file "src/ocaml-output/FStar_TypeChecker_TcTerm.ml", line 5442, characters 21-1023
Called from file "src/ocaml-output/FStar_TypeChecker_TcTerm.ml", line 4548, characters 27-59
Called from file "src/ocaml-output/FStar_TypeChecker_Tc.ml", line 3699, characters 20-1023
Called from file "src/ocaml-output/FStar_TypeChecker_Tc.ml", line 4093, characters 31-46
Called from file "src/basic/ml/FStar_Util.ml", line 572, characters 30-37
Called from file "src/ocaml-output/FStar_TypeChecker_Tc.ml", line 4139, characters 8-70
Called from file "src/ocaml-output/FStar_TypeChecker_Tc.ml", line 4227, characters 25-77
Called from file "src/ocaml-output/FStar_TypeChecker_Tc.ml", line 4493, characters 23-49
Called from file "src/basic/ml/FStar_Util.ml", line 44, characters 14-18
Called from file "src/ocaml-output/FStar_Universal.ml", line 287, characters 34-233
Called from file "list.ml", line 84, characters 24-34
Called from file "ulib/ml/FStar_All.ml", line 3, characters 21-24
Called from file "src/ocaml-output/FStar_Universal.ml", line 357, characters 32-71
Called from file "src/ocaml-output/FStar_Universal.ml", line 376, characters 31-72
Called from file "src/ocaml-output/FStar_Universal.ml", line 392, characters 24-71
Called from file "src/ocaml-output/FStar_Universal.ml", line 432, characters 26-68
Called from file "src/ocaml-output/FStar_Main.ml", line 208, characters 27-67
Called from file "src/ocaml-output/FStar_Main.ml", line 230, characters 6-11

C:\Build\Agent1\_work\2\s\ulib\FStar.Heap.fst(165,26-165,30): (Error) Name "FStar.All.ML" not found
1 error was reported (see above)
make[3]: *** [Makefile:169: u_extract_parser] Error 1
Unexpected error
FStar_Errors.Error(_)
Raised at file "src/ocaml-output/FStar_TypeChecker_Env.ml", line 1023, characters 16-26
Called from file "src/ocaml-output/FStar_TypeChecker_TcTerm.ml", line 1978, characters 12-118
Called from file "src/ocaml-output/FStar_TypeChecker_TcTerm.ml", line 1446, characters 30-58
Called from file "src/ocaml-output/FStar_TypeChecker_TcTerm.ml", line 5712, characters 23-51
Called from file "src/ocaml-output/FStar_TypeChecker_TcTerm.ml", line 2255, characters 12-69
Called from file "src/ocaml-output/FStar_TypeChecker_TcTerm.ml", line 2046, characters 42-57
Called from file "src/ocaml-output/FStar_TypeChecker_TcTerm.ml", line 5442, characters 21-1023
Called from file "src/ocaml-output/FStar_TypeChecker_TcTerm.ml", line 4548, characters 27-59
Called from file "src/ocaml-output/FStar_TypeChecker_Tc.ml", line 3699, characters 20-1023
Called from file "src/ocaml-output/FStar_TypeChecker_Tc.ml", line 4093, characters 31-46
Called from file "src/basic/ml/FStar_Util.ml", line 572, characters 30-37
Called from file "src/ocaml-output/FStar_TypeChecker_Tc.ml", line 4139, characters 8-70
Called from file "src/ocaml-output/FStar_TypeChecker_Tc.ml", line 4227, characters 25-77
Called from file "src/ocaml-output/FStar_TypeChecker_Tc.ml", line 4493, characters 23-49
Called from file "src/basic/ml/FStar_Util.ml", line 44, characters 14-18
Called from file "src/ocaml-output/FStar_Universal.ml", line 287, characters 34-233
Called from file "list.ml", line 84, characters 24-34
Called from file "ulib/ml/FStar_All.ml", line 3, characters 21-24
Called from file "src/ocaml-output/FStar_Universal.ml", line 357, characters 32-71
Called from file "src/ocaml-output/FStar_Universal.ml", line 376, characters 31-72
Called from file "src/ocaml-output/FStar_Universal.ml", line 392, characters 24-71
Called from file "src/ocaml-output/FStar_Universal.ml", line 432, characters 26-68
Called from file "src/ocaml-output/FStar_Main.ml", line 208, characters 27-67
Called from file "src/ocaml-output/FStar_Main.ml", line 230, characters 6-11

C:\Build\Agent1\_work\2\s\ulib\FStar.Heap.fst(165,26-165,30): (Error) Name "FStar.All.ML" not found
1 error was reported (see above)
make[3]: *** [Makefile:172: u_extract_normalizer] Error 1
Unexpected error
FStar_Errors.Error(_)
Raised at file "src/ocaml-output/FStar_TypeChecker_Env.ml", line 1023, characters 16-26
Called from file "src/ocaml-output/FStar_TypeChecker_TcTerm.ml", line 1978, characters 12-118
Called from file "src/ocaml-output/FStar_TypeChecker_TcTerm.ml", line 1446, characters 30-58
Called from file "src/ocaml-output/FStar_TypeChecker_TcTerm.ml", line 5712, characters 23-51
Called from file "src/ocaml-output/FStar_TypeChecker_TcTerm.ml", line 2255, characters 12-69
Called from file "src/ocaml-output/FStar_TypeChecker_TcTerm.ml", line 2046, characters 42-57
Called from file "src/ocaml-output/FStar_TypeChecker_TcTerm.ml", line 5442, characters 21-1023
Called from file "src/ocaml-output/FStar_TypeChecker_TcTerm.ml", line 4548, characters 27-59
Called from file "src/ocaml-output/FStar_TypeChecker_Tc.ml", line 3699, characters 20-1023
Called from file "src/ocaml-output/FStar_TypeChecker_Tc.ml", line 4093, characters 31-46
Called from file "src/basic/ml/FStar_Util.ml", line 572, characters 30-37
Called from file "src/ocaml-output/FStar_TypeChecker_Tc.ml", line 4139, characters 8-70
Called from file "src/ocaml-output/FStar_TypeChecker_Tc.ml", line 4227, characters 25-77
Called from file "src/ocaml-output/FStar_TypeChecker_Tc.ml", line 4493, characters 23-49
Called from file "src/basic/ml/FStar_Util.ml", line 44, characters 14-18
Called from file "src/ocaml-output/FStar_Universal.ml", line 287, characters 34-233
Called from file "list.ml", line 84, characters 24-34
Called from file "ulib/ml/FStar_All.ml", line 3, characters 21-24
Called from file "src/ocaml-output/FStar_Universal.ml", line 357, characters 32-71
Called from file "src/ocaml-output/FStar_Universal.ml", line 376, characters 31-72
Called from file "src/ocaml-output/FStar_Universal.ml", line 392, characters 24-71
Called from file "src/ocaml-output/FStar_Universal.ml", line 432, characters 26-68
Called from file "src/ocaml-output/FStar_Main.ml", line 208, characters 27-67
Called from file "src/ocaml-output/FStar_Main.ml", line 230, characters 6-11

C:\Build\Agent1\_work\2\s\ulib\FStar.Heap.fst(165,26-165,30): (Error) Name "FStar.All.ML" not found
1 error was reported (see above)
make[3]: *** [Makefile:210: u_extract_encode] Error 1
Unexpected error
FStar_Errors.Error(_)
Raised at file "src/ocaml-output/FStar_TypeChecker_Env.ml", line 1023, characters 16-26
Called from file "src/ocaml-output/FStar_TypeChecker_TcTerm.ml", line 1978, characters 12-118
Called from file "src/ocaml-output/FStar_TypeChecker_TcTerm.ml", line 1446, characters 30-58
Called from file "src/ocaml-output/FStar_TypeChecker_TcTerm.ml", line 5712, characters 23-51
Called from file "src/ocaml-output/FStar_TypeChecker_TcTerm.ml", line 2255, characters 12-69
Called from file "src/ocaml-output/FStar_TypeChecker_TcTerm.ml", line 2046, characters 42-57
Called from file "src/ocaml-output/FStar_TypeChecker_TcTerm.ml", line 5442, characters 21-1023
Called from file "src/ocaml-output/FStar_TypeChecker_TcTerm.ml", line 4548, characters 27-59
Called from file "src/ocaml-output/FStar_TypeChecker_Tc.ml", line 3699, characters 20-1023
Called from file "src/ocaml-output/FStar_TypeChecker_Tc.ml", line 4093, characters 31-46
Called from file "src/basic/ml/FStar_Util.ml", line 572, characters 30-37
Called from file "src/ocaml-output/FStar_TypeChecker_Tc.ml", line 4139, characters 8-70
Called from file "src/ocaml-output/FStar_TypeChecker_Tc.ml", line 4227, characters 25-77
Called from file "src/ocaml-output/FStar_TypeChecker_Tc.ml", line 4493, characters 23-49
Called from file "src/basic/ml/FStar_Util.ml", line 44, characters 14-18
Called from file "src/ocaml-output/FStar_Universal.ml", line 287, characters 34-233
Called from file "list.ml", line 84, characters 24-34
Called from file "ulib/ml/FStar_All.ml", line 3, characters 21-24
Called from file "src/ocaml-output/FStar_Universal.ml", line 357, characters 32-71
Called from file "src/ocaml-output/FStar_Universal.ml", line 376, characters 31-72
Called from file "src/ocaml-output/FStar_Universal.ml", line 392, characters 24-71
Called from file "src/ocaml-output/FStar_Universal.ml", line 432, characters 26-68
Called from file "src/ocaml-output/FStar_Main.ml", line 208, characters 27-67
Called from file "src/ocaml-output/FStar_Main.ml", line 230, characters 6-11

C:\Build\Agent1\_work\2\s\ulib\FStar.Heap.fst(165,26-165,30): (Error) Name "FStar.All.ML" not found
1 error was reported (see above)
make[3]: *** [Makefile:201: u_extract_tactics] Error 1
Unexpected error
FStar_Errors.Error(_)
Raised at file "src/ocaml-output/FStar_TypeChecker_Env.ml", line 1023, characters 16-26
Called from file "src/ocaml-output/FStar_TypeChecker_TcTerm.ml", line 1978, characters 12-118
Called from file "src/ocaml-output/FStar_TypeChecker_TcTerm.ml", line 1446, characters 30-58
Called from file "src/ocaml-output/FStar_TypeChecker_TcTerm.ml", line 5712, characters 23-51
Called from file "src/ocaml-output/FStar_TypeChecker_TcTerm.ml", line 2255, characters 12-69
Called from file "src/ocaml-output/FStar_TypeChecker_TcTerm.ml", line 2046, characters 42-57
Called from file "src/ocaml-output/FStar_TypeChecker_TcTerm.ml", line 5442, characters 21-1023
Called from file "src/ocaml-output/FStar_TypeChecker_TcTerm.ml", line 4548, characters 27-59
Called from file "src/ocaml-output/FStar_TypeChecker_Tc.ml", line 3699, characters 20-1023
Called from file "src/ocaml-output/FStar_TypeChecker_Tc.ml", line 4093, characters 31-46
Called from file "src/basic/ml/FStar_Util.ml", line 572, characters 30-37
Called from file "src/ocaml-output/FStar_TypeChecker_Tc.ml", line 4139, characters 8-70
Called from file "src/ocaml-output/FStar_TypeChecker_Tc.ml", line 4227, characters 25-77
Called from file "src/ocaml-output/FStar_TypeChecker_Tc.ml", line 4493, characters 23-49
Called from file "src/basic/ml/FStar_Util.ml", line 44, characters 14-18
Called from file "src/ocaml-output/FStar_Universal.ml", line 287, characters 34-233
Called from file "list.ml", line 84, characters 24-34
Called from file "ulib/ml/FStar_All.ml", line 3, characters 21-24
Called from file "src/ocaml-output/FStar_Universal.ml", line 357, characters 32-71
Called from file "src/ocaml-output/FStar_Universal.ml", line 376, characters 31-72
Called from file "src/ocaml-output/FStar_Universal.ml", line 392, characters 24-71
Called from file "src/ocaml-output/FStar_Universal.ml", line 432, characters 26-68
Called from file "src/ocaml-output/FStar_Main.ml", line 208, characters 27-67
Called from file "src/ocaml-output/FStar_Main.ml", line 230, characters 6-11

C:\Build\Agent1\_work\2\s\ulib\FStar.Heap.fst(165,26-165,30): (Error) Name "FStar.All.ML" not found
1 error was reported (see above)
Unexpected error
FStar_Errors.Error(_)
Raised at file "src/ocaml-output/FStar_TypeChecker_Env.ml", line 1023, characters 16-26
Called from file "src/ocaml-output/FStar_TypeChecker_TcTerm.ml", line 1978, characters 12-118
Called from file "src/ocaml-output/FStar_TypeChecker_TcTerm.ml", line 1446, characters 30-58
Called from file "src/ocaml-output/FStar_TypeChecker_TcTerm.ml", line 5712, characters 23-51
Called from file "src/ocaml-output/FStar_TypeChecker_TcTerm.ml", line 2255, characters 12-69
Called from file "src/ocaml-output/FStar_TypeChecker_TcTerm.ml", line 2046, characters 42-57
Called from file "src/ocaml-output/FStar_TypeChecker_TcTerm.ml", line 5442, characters 21-1023
Called from file "src/ocaml-output/FStar_TypeChecker_TcTerm.ml", line 4548, characters 27-59
Called from file "src/ocaml-output/FStar_TypeChecker_Tc.ml", line 3699, characters 20-1023
Called from file "src/ocaml-output/FStar_TypeChecker_Tc.ml", line 4093, characters 31-46
Called from file "src/basic/ml/FStar_Util.ml", line 572, characters 30-37
Called from file "src/ocaml-output/FStar_TypeChecker_Tc.ml", line 4139, characters 8-70
Called from file "src/ocaml-output/FStar_TypeChecker_Tc.ml", line 4227, characters 25-77
Called from file "src/ocaml-output/FStar_TypeChecker_Tc.ml", line 4493, characters 23-49
Called from file "src/basic/ml/FStar_Util.ml", line 44, characters 14-18
Called from file "src/ocaml-output/FStar_Universal.ml", line 287, characters 34-233
Called from file "list.ml", line 84, characters 24-34
Called from file "ulib/ml/FStar_All.ml", line 3, characters 21-24
Called from file "src/ocaml-output/FStar_Universal.ml", line 357, characters 32-71
Called from file "src/ocaml-output/FStar_Universal.ml", line 376, characters 31-72
Called from file "src/ocaml-output/FStar_Universal.ml", line 392, characters 24-71
Called from file "src/ocaml-output/FStar_Universal.ml", line 432, characters 26-68
Called from file "src/ocaml-output/FStar_Main.ml", line 208, characters 27-67
Called from file "src/ocaml-output/FStar_Main.ml", line 230, characters 6-11

C:\Build\Agent1\_work\2\s\ulib\FStar.Heap.fst(165,26-165,30): (Error) Name "FStar.All.ML" not found
1 error was reported (see above)
make[3]: *** [Makefile:218: u_extract_fstar] Error 1
make[3]: *** [Makefile:198: u_extract_extraction] Error 1
make[3]: Target 'u_extract_all' not remade because of errors.
make[2]: *** [Makefile:230: ocaml] Error 2
make[1]: *** [Makefile:240: fstar-ocaml] Error 2
make: *** [Makefile:255: utest] Error 2
