dos2unix: converting file parser/parse.fsi to Unix format...
Warning: you are using the standard library and/or the %inline keyword. We
recommend switching on --infer in order to avoid obscure type error messages.
dos2unix: converting file parse.mly to Unix format...
File "src/basic/ml/FStar_Util.ml", line 49, characters 57-65:
Warning 40: st_mtime was selected from type BatUnix.stats.
It is not visible in the current scope, and will not 
be selected if the type becomes unknown.
File "src/basic/ml/FStar_Util.ml", line 49, characters 57-65:
Warning 40: st_mtime was selected from type BatUnix.stats.
It is not visible in the current scope, and will not 
be selected if the type becomes unknown.
.\u_boot_fsts\FStar.Syntax.Syntax.fst(394,0-394,33): (Warning) Annotation from val declaration overrides inline type annotation
.\u_boot_fsts\FStar.Syntax.Syntax.fst(445,0-445,48): (Warning) Annotation from val declaration overrides inline type annotation
.\u_boot_fsts\FStar.Syntax.Syntax.fst(446,0-446,76): (Warning) Annotation from val declaration overrides inline type annotation
.\u_boot_fsts\FStar.Syntax.Syntax.fst(496,0-498,38): (Warning) Annotation from val declaration overrides inline type annotation
.\u_boot_fsts\FStar.TypeChecker.Util.fst(71,0-73,32): (Warning) Annotation from val declaration overrides inline type annotation
.\u_boot_fsts\FStar.TypeChecker.Env.fst(282,0-286,35): (Warning) Annotation from val declaration overrides inline type annotation
.\u_boot_fsts\FStar.TypeChecker.Env.fst(716,0-718,39): (Warning) Annotation from val declaration overrides inline type annotation
.\Ex01a.fst(68,0-68,48): (Warning) Top-level let-bindings must be total; this term may have effects
.\Ex01a.fst(58,0-58,48): (Warning) Top-level let-bindings must be total; this term may have effects
.\Encrypt_SymEnc.fst(30,0-30,18): (Warning) Top-level let-bindings must be total; this term may have effects
WARNING: (6886,51): pattern does not contain all quantified variables.
WARNING: (6886,51): pattern does not contain all quantified variables.
.\MAC.fst(45,0-45,35): (Warning) Top-level let-bindings must be total; this term may have effects
File "ulib/ml/extracted/FStar_IndefiniteDescription.ml", line 7, characters 31-33:
Warning 20: this argument will not be used by the function.
File "ulib/ml/extracted/FStar_Tactics.ml", line 353, characters 45-46:
Warning 20: this argument will not be used by the function.
File "ulib/ml/extracted/FStar_Util.ml", line 2, characters 40-41:
Warning 20: this argument will not be used by the function.
File "ulib/ml/extracted/FStar_Util.ml", line 2, characters 42-43:
Warning 20: this argument will not be used by the function.
File "ulib/ml/extracted/FStar_Util.ml", line 3, characters 64-65:
Warning 20: this argument will not be used by the function.
File "ulib/ml/extracted/FStar_Util.ml", line 5, characters 37-38:
Warning 20: this argument will not be used by the function.
File "ulib/ml/extracted/FStar_Util.ml", line 5, characters 62-63:
Warning 20: this argument will not be used by the function.
.\Platform.Bytes.fst(15,32-18,29): (Warning) Pattern misses at least one bound variable: uu___#419079
WARNING: (6837,46): pattern does not contain any variable.
WARNING: (7020,46): pattern does not contain any variable.
WARNING: (6736,46): pattern does not contain any variable.
.\Platform.Bytes.fst(257,22-260,30): (Warning) Pattern misses at least one bound variable: i#455873
.\Platform.Bytes.fst(261,8-261,24): (Warning) Pattern misses at least one bound variable: i#457872 (see also .\Platform.Bytes.fst(257,156-260,30))
WARNING: (7042,46): pattern does not contain any variable.
WARNING: (65142,46): pattern does not contain any variable.
WARNING: (69038,43): pattern does not contain all quantified variables.
WARNING: (65142,46): pattern does not contain any variable.
WARNING: (69038,43): pattern does not contain all quantified variables.
WARNING: (65142,46): pattern does not contain any variable.
WARNING: (69038,43): pattern does not contain all quantified variables.
WARNING: (65142,46): pattern does not contain any variable.
WARNING: (69038,43): pattern does not contain all quantified variables.
WARNING: (65142,46): pattern does not contain any variable.
WARNING: (69038,43): pattern does not contain all quantified variables.
WARNING: (65142,46): pattern does not contain any variable.
WARNING: (69038,43): pattern does not contain all quantified variables.
WARNING: (65142,46): pattern does not contain any variable.
WARNING: (69038,43): pattern does not contain all quantified variables.
WARNING: (65142,46): pattern does not contain any variable.
WARNING: (69038,43): pattern does not contain all quantified variables.
WARNING: (65142,46): pattern does not contain any variable.
WARNING: (69038,43): pattern does not contain all quantified variables.
.\Platform.Bytes.fst(15,40-18,29): (Warning) Pattern misses at least one bound variable: uu___#492597
.\Platform.Bytes.fst(261,8-261,24): (Warning) Pattern misses at least one bound variable: i#500984 (see also .\Platform.Bytes.fst(257,156-260,30))
.\Ex10a.fst(28,0-28,22): (Warning) Top-level let-bindings must be total; this term may have effects
.\RPC.fst(9,0-9,53): (Warning) Top-level let-bindings must be total; this term may have effects
.\RPC.fst(23,0-23,39): (Warning) Top-level let-bindings must be total; this term may have effects
.\RPC.fst(48,0-49,16): (Warning) Top-level let-bindings must be total; this term may have effects
.\RPC.fst(116,0-116,17): (Warning) Top-level let-bindings must be total; this term may have effects
.\Ex10a.fst(28,0-28,22): (Warning) Top-level let-bindings must be total; this term may have effects
File "ulib/ml/extracted/FStar_IndefiniteDescription.ml", line 7, characters 31-33:
Warning 20: this argument will not be used by the function.
File "ulib/ml/extracted/FStar_Tactics.ml", line 353, characters 45-46:
Warning 20: this argument will not be used by the function.
File "ulib/ml/extracted/FStar_Util.ml", line 2, characters 40-41:
Warning 20: this argument will not be used by the function.
File "ulib/ml/extracted/FStar_Util.ml", line 2, characters 42-43:
Warning 20: this argument will not be used by the function.
File "ulib/ml/extracted/FStar_Util.ml", line 3, characters 64-65:
Warning 20: this argument will not be used by the function.
File "ulib/ml/extracted/FStar_Util.ml", line 5, characters 37-38:
Warning 20: this argument will not be used by the function.
File "ulib/ml/extracted/FStar_Util.ml", line 5, characters 62-63:
Warning 20: this argument will not be used by the function.
.\CntProtocol.fst(14,0-14,53): (Warning) Top-level let-bindings must be total; this term may have effects
.\CntProtocol.fst(29,0-29,26): (Warning) Top-level let-bindings must be total; this term may have effects
.\CntProtocol.fst(32,0-32,54): (Warning) Top-level let-bindings must be total; this term may have effects
.\CntProtocol.fst(35,0-35,54): (Warning) Top-level let-bindings must be total; this term may have effects
.\CntProtocol.fst(99,0-99,39): (Warning) Top-level let-bindings must be total; this term may have effects
.\CntProtocol.fst(126,0-126,18): (Warning) Top-level let-bindings must be total; this term may have effects
.\CntProtocol.fst(172,0-188,5): (Warning) Top-level let-bindings must be total; this term may have effects
.\hello.fst(5,0-5,37): (Warning) Top-level let-bindings must be total; this term may have effects
.\Ex12a1.Cap.fst(21,0-21,26): (Warning) Top-level let-bindings must be total; this term may have effects
Unexpected error
FStar_Errors.Error(_)
Raised at file "src/ocaml-output/FStar_TypeChecker_Util.ml", line 3703, characters 20-30
Called from file "src/ocaml-output/FStar_TypeChecker_TcTerm.ml", line 329, characters 24-77
Called from file "src/ocaml-output/FStar_TypeChecker_TcTerm.ml", line 3545, characters 47-61
Called from file "src/ocaml-output/FStar_TypeChecker_TcTerm.ml", line 1512, characters 22-108
Called from file "src/ocaml-output/FStar_TypeChecker_TcTerm.ml", line 3545, characters 47-61
Called from file "src/ocaml-output/FStar_TypeChecker_TcTerm.ml", line 1512, characters 22-108
Called from file "src/ocaml-output/FStar_TypeChecker_TcTerm.ml", line 951, characters 18-40
Called from file "src/ocaml-output/FStar_TypeChecker_TcTerm.ml", line 954, characters 38-53
Called from file "src/ocaml-output/FStar_TypeChecker_TcTerm.ml", line 4882, characters 22-44
Called from file "src/ocaml-output/FStar_TypeChecker_TcTerm.ml", line 954, characters 38-53
Called from file "src/ocaml-output/FStar_TypeChecker_TcTerm.ml", line 2888, characters 22-1023
Called from file "src/ocaml-output/FStar_TypeChecker_TcTerm.ml", line 5587, characters 21-1023
Called from file "src/ocaml-output/FStar_TypeChecker_TcTerm.ml", line 4685, characters 27-59
Called from file "src/ocaml-output/FStar_TypeChecker_Tc.ml", line 3771, characters 20-1023
Called from file "src/ocaml-output/FStar_TypeChecker_Tc.ml", line 4170, characters 31-46
Called from file "src/basic/ml/FStar_Util.ml", line 574, characters 30-37
Called from file "src/ocaml-output/FStar_TypeChecker_Tc.ml", line 4216, characters 8-70
Called from file "src/ocaml-output/FStar_TypeChecker_Tc.ml", line 4304, characters 25-77
Called from file "src/ocaml-output/FStar_TypeChecker_Tc.ml", line 4574, characters 23-49
Called from file "src/basic/ml/FStar_Util.ml", line 46, characters 14-18
Called from file "src/ocaml-output/FStar_Universal.ml", line 302, characters 34-233
Called from file "list.ml", line 84, characters 24-34
Called from file "ulib/ml/FStar_All.ml", line 3, characters 21-24
Called from file "src/ocaml-output/FStar_SMTEncoding_Solver.ml", line 115, characters 16-20
Called from file "src/ocaml-output/FStar_Universal.ml", line 383, characters 18-101
Called from file "src/ocaml-output/FStar_Universal.ml", line 407, characters 31-72
Called from file "src/ocaml-output/FStar_Universal.ml", line 424, characters 24-71
Called from file "src/ocaml-output/FStar_Universal.ml", line 465, characters 26-68
Called from file "src/ocaml-output/FStar_Main.ml", line 213, characters 27-67
Called from file "src/ocaml-output/FStar_Main.ml", line 236, characters 6-11

.\Ex12a1.Cap.fst(31,25-31,26): (Error) Expected expression of type "Ex12.SHA1.key"; got expression "Ex12a1.Cap.k" of type "Ex12.MAC.pkey Ex12a1.Cap.capRead"
1 error was reported (see above)
make[3]: *** [Makefile:48: verify-Ex12a1.Cap.fst] Error 1
.\Ex12a2.Cap.fst(21,0-21,31): (Warning) Top-level let-bindings must be total; this term may have effects
.\Ex12a2.Cap.fst(42,0-42,33): (Warning) Top-level let-bindings must be total; this term may have effects
Warning: the module declaration "module Ex12a.Cap" found in file Ex12a1.Cap.fst does not match its filename. Dependencies will be incorrect.
.\Ex12a1.Cap.fst(29,0-29,26): (Warning) Top-level let-bindings must be total; this term may have effects
.\TestMRef.fst(8,0-8,20): (Warning) Top-level let-bindings must be total; this term may have effects
.\Ex12b.RPC.fst(15,0-15,53): (Warning) Top-level let-bindings must be total; this term may have effects
.\Ex12b.RPC.fst(29,0-29,62): (Warning) Top-level let-bindings must be total; this term may have effects
.\Ex12b.RPC.fst(58,0-58,63): (Warning) Top-level let-bindings must be total; this term may have effects
.\Ex12b.RPC.fst(74,0-75,16): (Warning) Top-level let-bindings must be total; this term may have effects
.\Ex12b.RPC.fst(148,0-148,17): (Warning) Top-level let-bindings must be total; this term may have effects
.\Mac.fst(70,0-70,35): (Warning) Top-level let-bindings must be total; this term may have effects
.\Ex01a.fst(58,0-58,48): (Warning) Top-level let-bindings must be total; this term may have effects
make[3]: [Makefile:68: Ex01a-ocaml] Error 2 (ignored)
.\EtM.AE.fst(96,4-96,11): (Error) Expected type "FStar.Monotonic.RRef.m_rref (Key?.region k)
(FStar.Seq.Base.seq (EtM.CPA.msg * EtM.AE.cipher))
FStar.Monotonic.Seq.grows"; but "Key?.log k" has type "EtM.AE.log_t (Key?.region k)" (see also .\EtM.AE.fst(90,53-90,58))
Verified module: EtM.AE (5038 milliseconds)
1 error was reported (see above)
make[3]: *** [Makefile:48: verify-EtM.AE.fst] Error 1
make[3]: Target 'all' not remade because of errors.
make[2]: *** [Makefile:35: ../doc/tutorial/code/solutions.all] Error 2
make[2]: Target 'all' not remade because of errors.
make[1]: *** [Makefile:283: uexamples] Error 2
make[1]: Target 'uregressions' not remade because of errors.
make: *** [Makefile:260: utest] Error 2
