make[1]: warning: jobserver unavailable: using -j1.  Add '+' to parent make rule.
make[1]: warning: jobserver unavailable: using -j1.  Add '+' to parent make rule.
Warning: you are using the standard library and/or the %inline keyword. We
recommend switching on --infer in order to avoid obscure type error messages.
warning: CRLF will be replaced by LF in src/parser/parse.fsi.
The file will have its original line endings in your working directory.
7 shift/reduce conflicts.
File "src/basic/ml/FStar_Util.ml", line 47, characters 57-65:
Warning 40: st_mtime was selected from type BatUnix.stats.
It is not visible in the current scope, and will not 
be selected if the type becomes unknown.
File "src/basic/ml/FStar_Util.ml", line 659, characters 2-13:
Warning 10: this expression should have type unit.
File "src/basic/ml/FStar_Util.ml", line 47, characters 57-65:
Warning 40: st_mtime was selected from type BatUnix.stats.
It is not visible in the current scope, and will not 
be selected if the type becomes unknown.
File "src/basic/ml/FStar_Util.ml", line 659, characters 2-13:
Warning 10: this expression should have type unit.
make[3]: warning: jobserver unavailable: using -j1.  Add '+' to parent make rule.
