Warning: you are using the standard library and/or the %inline keyword. We
recommend switching on --infer in order to avoid obscure type error messages.
6 shift/reduce conflicts.
File "src/basic/ml/FStar_Util.ml", line 47, characters 57-65:
Warning 40: st_mtime was selected from type BatUnix.stats.
It is not visible in the current scope, and will not 
be selected if the type becomes unknown.
File "src/basic/ml/FStar_Util.ml", line 47, characters 57-65:
Warning 40: st_mtime was selected from type BatUnix.stats.
It is not visible in the current scope, and will not 
be selected if the type becomes unknown.
.\Crypto.AEAD.PRF_MAC.fst(578,23-578,34): (Error) Expected type "(prf_table (?688014 i rw aadlen plainlen aead_st nonce aad plain cipher h0 h1 aead_entries_0 table_0 dom_0) (?688013 i rw aadlen plainlen aead_st nonce aad plain cipher h0 h1 aead_entries_0 table_0 dom_0))"; but "(__proj__AEADState__item__prf aead_st)" has type "(prf#7663:(state i){(l_and (eq2 (__proj__State__item__rgn prf@0) (__proj__AEADState__item__log_region aead_st)) (l_imp (b2t (safeMac i)) (l_not (op_Equals_Equals_Equals (aead_log_as_ref (__proj__AEADState__item__log aead_st)) (itable i prf@0)))))})"
.\Crypto.AEAD.PRF_MAC.fst(578,5-578,22): (Error) Failed to resolve implicit argument of type 'region' introduced in (?688014 i rw aadlen plainlen aead_st nonce aad plain cipher h0 h1 aead_entries_0 table_0 dom_0) because Instantiating implicit argument in application
.\Crypto.AEAD.PRF_MAC.fst(604,27-604,38): (Error) Expected type "(prf_table (?688637 i rw aadlen plainlen aead_st nonce aad plain cipher h0 h1 aead_entries_1 table_1 dom_0) (?688636 i rw aadlen plainlen aead_st nonce aad plain cipher h0 h1 aead_entries_1 table_1 dom_0))"; but "(__proj__AEADState__item__prf aead_st)" has type "(prf#7663:(state i){(l_and (eq2 (__proj__State__item__rgn prf@0) (__proj__AEADState__item__log_region aead_st)) (l_imp (b2t (safeMac i)) (l_not (op_Equals_Equals_Equals (aead_log_as_ref (__proj__AEADState__item__log aead_st)) (itable i prf@0)))))})"
.\Crypto.AEAD.PRF_MAC.fst(578,23-578,34): (Error) Expected type "(prf_table (?688014 i rw aadlen plainlen aead_st nonce aad plain cipher h0 h1 aead_entries_0 table_0 dom_0) (?688013 i rw aadlen plainlen aead_st nonce aad plain cipher h0 h1 aead_entries_0 table_0 dom_0))"; but "(__proj__AEADState__item__prf aead_st)" has type "(prf#7663:(state i){(l_and (eq2 (__proj__State__item__rgn prf@0) (__proj__AEADState__item__log_region aead_st)) (l_imp (b2t (safeMac i)) (l_not (op_Equals_Equals_Equals (aead_log_as_ref (__proj__AEADState__item__log aead_st)) (itable i prf@0)))))})"
.\Crypto.AEAD.PRF_MAC.fst(604,9-604,26): (Error) Failed to resolve implicit argument of type 'region' introduced in (?688637 i rw aadlen plainlen aead_st nonce aad plain cipher h0 h1 aead_entries_1 table_1 dom_0) because Instantiating implicit argument in application
.\Crypto.AEAD.PRF_MAC.fst(578,5-578,22): (Error) Failed to resolve implicit argument of type 'region' introduced in (?688014 i rw aadlen plainlen aead_st nonce aad plain cipher h0 h1 aead_entries_0 table_0 dom_0) because Instantiating implicit argument in application
.\Crypto.AEAD.PRF_MAC.fst(604,27-604,38): (Error) Expected type "(prf_table (?688637 i rw aadlen plainlen aead_st nonce aad plain cipher h0 h1 aead_entries_1 table_1 dom_0) (?688636 i rw aadlen plainlen aead_st nonce aad plain cipher h0 h1 aead_entries_1 table_1 dom_0))"; but "(__proj__AEADState__item__prf aead_st)" has type "(prf#7663:(state i){(l_and (eq2 (__proj__State__item__rgn prf@0) (__proj__AEADState__item__log_region aead_st)) (l_imp (b2t (safeMac i)) (l_not (op_Equals_Equals_Equals (aead_log_as_ref (__proj__AEADState__item__log aead_st)) (itable i prf@0)))))})"
.\Crypto.AEAD.PRF_MAC.fst(604,9-604,26): (Error) Failed to resolve implicit argument of type 'region' introduced in (?688637 i rw aadlen plainlen aead_st nonce aad plain cipher h0 h1 aead_entries_1 table_1 dom_0) because Instantiating implicit argument in application
.\Crypto.AEAD.PRF_MAC.fst(578,23-578,34): (Error) Expected type "(prf_table (?688014 i rw aadlen plainlen aead_st nonce aad plain cipher h0 h1 aead_entries_0 table_0 dom_0) (?688013 i rw aadlen plainlen aead_st nonce aad plain cipher h0 h1 aead_entries_0 table_0 dom_0))"; but "(__proj__AEADState__item__prf aead_st)" has type "(prf#7663:(state i){(l_and (eq2 (__proj__State__item__rgn prf@0) (__proj__AEADState__item__log_region aead_st)) (l_imp (b2t (safeMac i)) (l_not (op_Equals_Equals_Equals (aead_log_as_ref (__proj__AEADState__item__log aead_st)) (itable i prf@0)))))})"
.\Crypto.AEAD.PRF_MAC.fst(578,5-578,22): (Error) Failed to resolve implicit argument of type 'region' introduced in (?688014 i rw aadlen plainlen aead_st nonce aad plain cipher h0 h1 aead_entries_0 table_0 dom_0) because Instantiating implicit argument in application
.\Crypto.AEAD.PRF_MAC.fst(604,27-604,38): (Error) Expected type "(prf_table (?688637 i rw aadlen plainlen aead_st nonce aad plain cipher h0 h1 aead_entries_1 table_1 dom_0) (?688636 i rw aadlen plainlen aead_st nonce aad plain cipher h0 h1 aead_entries_1 table_1 dom_0))"; but "(__proj__AEADState__item__prf aead_st)" has type "(prf#7663:(state i){(l_and (eq2 (__proj__State__item__rgn prf@0) (__proj__AEADState__item__log_region aead_st)) (l_imp (b2t (safeMac i)) (l_not (op_Equals_Equals_Equals (aead_log_as_ref (__proj__AEADState__item__log aead_st)) (itable i prf@0)))))})"
.\Crypto.AEAD.PRF_MAC.fst(604,9-604,26): (Error) Failed to resolve implicit argument of type 'region' introduced in (?688637 i rw aadlen plainlen aead_st nonce aad plain cipher h0 h1 aead_entries_1 table_1 dom_0) because Instantiating implicit argument in application
Verified module: Crypto.AEAD.Decrypt (16854 milliseconds)
4 errors were reported (see above)
make[1]: *** [Makefile:64: Crypto.AEAD.Decrypt.fst-ver] Error 1
make[1]: *** Waiting for unfinished jobs....
Warning: Unable to open hints file: C:\Build\Agent\_work\1\s\examples\low-level\crypto\Crypto.AEAD.Wrappers.Encoding.fst.hints; ran without hints
Verified module: Crypto.AEAD.Wrappers.Encoding (78295 milliseconds)
4 errors were reported (see above)
make[1]: *** [Makefile:64: Crypto.AEAD.Wrappers.Encoding.fst-ver] Error 1
Warning: Unable to open hints file: C:\Build\Agent\_work\1\s\examples\low-level\crypto\Crypto.AEAD.Wrappers.CMA.fst.hints; ran without hints
Verified module: Crypto.AEAD.Wrappers.CMA (259227 milliseconds)
4 errors were reported (see above)
make[1]: *** [Makefile:64: Crypto.AEAD.Wrappers.CMA.fst-ver] Error 1
Warning: Unable to open hints file: C:\Build\Agent\_work\1\s\examples\low-level\crypto\Crypto.AEAD.PRF_MAC.fst.hints; ran without hints
.\Crypto.AEAD.PRF_MAC.fst(578,23-578,34): (Error) Expected type "(prf_table (?750704 i rw aadlen plainlen aead_st nonce aad plain cipher h0 h1 aead_entries_0 table_0 dom_0) (?750703 i rw aadlen plainlen aead_st nonce aad plain cipher h0 h1 aead_entries_0 table_0 dom_0))"; but "(__proj__AEADState__item__prf aead_st)" has type "(prf#7663:(state i){(l_and (eq2 (__proj__State__item__rgn prf@0) (__proj__AEADState__item__log_region aead_st)) (l_imp (b2t (safeMac i)) (l_not (op_Equals_Equals_Equals (aead_log_as_ref (__proj__AEADState__item__log aead_st)) (itable i prf@0)))))})"
.\Crypto.AEAD.PRF_MAC.fst(578,5-578,22): (Error) Failed to resolve implicit argument of type 'region' introduced in (?750704 i rw aadlen plainlen aead_st nonce aad plain cipher h0 h1 aead_entries_0 table_0 dom_0) because Instantiating implicit argument in application
.\Crypto.AEAD.PRF_MAC.fst(604,27-604,38): (Error) Expected type "(prf_table (?754255 i rw aadlen plainlen aead_st nonce aad plain cipher h0 h1 aead_entries_1 table_1 dom_0) (?754254 i rw aadlen plainlen aead_st nonce aad plain cipher h0 h1 aead_entries_1 table_1 dom_0))"; but "(__proj__AEADState__item__prf aead_st)" has type "(prf#7663:(state i){(l_and (eq2 (__proj__State__item__rgn prf@0) (__proj__AEADState__item__log_region aead_st)) (l_imp (b2t (safeMac i)) (l_not (op_Equals_Equals_Equals (aead_log_as_ref (__proj__AEADState__item__log aead_st)) (itable i prf@0)))))})"
.\Crypto.AEAD.PRF_MAC.fst(604,9-604,26): (Error) Failed to resolve implicit argument of type 'region' introduced in (?754255 i rw aadlen plainlen aead_st nonce aad plain cipher h0 h1 aead_entries_1 table_1 dom_0) because Instantiating implicit argument in application
Verified module: Crypto.AEAD.PRF_MAC (415247 milliseconds)
4 errors were reported (see above)
make[1]: *** [Makefile:64: Crypto.AEAD.PRF_MAC.fst-ver] Error 1
make: *** [Makefile:246: utest] Error 2
