../src/gmake/fstar.mk:22: warning: overriding recipe for target '/cygdrive/c/Build/Agent1/_work/2/s/tmp'
gmake/fstar.mk:22: warning: ignoring old recipe for target '/cygdrive/c/Build/Agent1/_work/2/s/tmp'
../src/gmake/fstar.mk:31: warning: overriding recipe for target 'CVERCONFIG'
gmake/fstar.mk:31: warning: ignoring old recipe for target 'CVERCONFIG'
../src/gmake/fstar.mk:22: warning: overriding recipe for target '/cygdrive/c/Build/Agent1/_work/2/s/tmp'
gmake/fstar.mk:22: warning: ignoring old recipe for target '/cygdrive/c/Build/Agent1/_work/2/s/tmp'
../src/gmake/fstar.mk:31: warning: overriding recipe for target 'CVERCONFIG'
gmake/fstar.mk:31: warning: ignoring old recipe for target 'CVERCONFIG'
dos2unix: converting file parser/parse.fsi to Unix format...
../src/gmake/fstar.mk:22: warning: overriding recipe for target '/cygdrive/c/Build/Agent1/_work/2/s/tmp'
gmake/fstar.mk:22: warning: ignoring old recipe for target '/cygdrive/c/Build/Agent1/_work/2/s/tmp'
../src/gmake/fstar.mk:31: warning: overriding recipe for target 'CVERCONFIG'
gmake/fstar.mk:31: warning: ignoring old recipe for target 'CVERCONFIG'
Warning: you are using the standard library and/or the %inline keyword. We
recommend switching on --infer in order to avoid obscure type error messages.
dos2unix: converting file parse.mly to Unix format...
File "src/basic/ml/FStar_Util.ml", line 47, characters 57-65:
Warning 40: st_mtime was selected from type BatUnix.stats.
It is not visible in the current scope, and will not 
be selected if the type becomes unknown.
File "src/basic/ml/FStar_Util.ml", line 47, characters 57-65:
Warning 40: st_mtime was selected from type BatUnix.stats.
It is not visible in the current scope, and will not 
be selected if the type becomes unknown.
../src/gmake/fstar.mk:22: warning: overriding recipe for target '/cygdrive/c/Build/Agent1/_work/2/s/tmp'
gmake/fstar.mk:22: warning: ignoring old recipe for target '/cygdrive/c/Build/Agent1/_work/2/s/tmp'
../src/gmake/fstar.mk:31: warning: overriding recipe for target 'CVERCONFIG'
gmake/fstar.mk:31: warning: ignoring old recipe for target 'CVERCONFIG'
../src/gmake/fstar.mk:22: warning: overriding recipe for target '/cygdrive/c/Build/Agent1/_work/2/s/tmp'
gmake/fstar.mk:22: warning: ignoring old recipe for target '/cygdrive/c/Build/Agent1/_work/2/s/tmp'
../src/gmake/fstar.mk:31: warning: overriding recipe for target 'CVERCONFIG'
gmake/fstar.mk:31: warning: ignoring old recipe for target 'CVERCONFIG'
../src/gmake/fstar.mk:22: warning: overriding recipe for target '/cygdrive/c/Build/Agent1/_work/2/s/tmp'
gmake/fstar.mk:22: warning: ignoring old recipe for target '/cygdrive/c/Build/Agent1/_work/2/s/tmp'
../src/gmake/fstar.mk:31: warning: overriding recipe for target 'CVERCONFIG'
gmake/fstar.mk:31: warning: ignoring old recipe for target 'CVERCONFIG'
../src/gmake/fstar.mk:22: warning: overriding recipe for target '/cygdrive/c/Build/Agent1/_work/2/s/tmp'
gmake/fstar.mk:22: warning: ignoring old recipe for target '/cygdrive/c/Build/Agent1/_work/2/s/tmp'
../src/gmake/fstar.mk:31: warning: overriding recipe for target 'CVERCONFIG'
gmake/fstar.mk:31: warning: ignoring old recipe for target 'CVERCONFIG'
../src/gmake/fstar.mk:22: warning: overriding recipe for target '/cygdrive/c/Build/Agent1/_work/2/s/tmp'
gmake/fstar.mk:22: warning: ignoring old recipe for target '/cygdrive/c/Build/Agent1/_work/2/s/tmp'
../src/gmake/fstar.mk:31: warning: overriding recipe for target 'CVERCONFIG'
gmake/fstar.mk:31: warning: ignoring old recipe for target 'CVERCONFIG'
.\u_boot_fsts\FStar.Syntax.Syntax.fst(394,0-394,33): (Warning) Annotation from val declaration overrides inline type annotation
.\u_boot_fsts\FStar.Syntax.Syntax.fst(445,0-445,48): (Warning) Annotation from val declaration overrides inline type annotation
.\u_boot_fsts\FStar.Syntax.Syntax.fst(446,0-446,76): (Warning) Annotation from val declaration overrides inline type annotation
.\u_boot_fsts\FStar.Syntax.Syntax.fst(496,0-498,38): (Warning) Annotation from val declaration overrides inline type annotation
.\u_boot_fsts\FStar.TypeChecker.Util.fst(71,0-73,32): (Warning) Annotation from val declaration overrides inline type annotation
.\u_boot_fsts\FStar.TypeChecker.Env.fst(282,0-286,35): (Warning) Annotation from val declaration overrides inline type annotation
.\u_boot_fsts\FStar.TypeChecker.Env.fst(716,0-718,39): (Warning) Annotation from val declaration overrides inline type annotation
../src/gmake/fstar.mk:22: warning: overriding recipe for target '/cygdrive/c/Build/Agent1/_work/2/s/tmp'
gmake/fstar.mk:22: warning: ignoring old recipe for target '/cygdrive/c/Build/Agent1/_work/2/s/tmp'
../src/gmake/fstar.mk:31: warning: overriding recipe for target 'CVERCONFIG'
gmake/fstar.mk:31: warning: ignoring old recipe for target 'CVERCONFIG'
.\hello.fst(5,0-5,37): (Warning) Top-level let-bindings must be total; this term may have effects
File "out/Hello.ml", line 1, characters 5-10:
Error: Unbound module Prims
make[1]: *** [Makefile:14: ocaml] Error 2
make: *** [Makefile:262: utest] Error 2
