make[1]: warning: jobserver unavailable: using -j1.  Add '+' to parent make rule.
Warning: you are using the standard library and/or the %inline keyword. We
recommend switching on --infer in order to avoid obscure type error messages.
make[3]: warning: jobserver unavailable: using -j1.  Add '+' to parent make rule.
./u_boot_fsts/FStar.Syntax.Syntax.fst(394,0-394,33): (Warning) Annotation from val declaration overrides inline type annotation
./u_boot_fsts/FStar.Syntax.Syntax.fst(445,0-445,48): (Warning) Annotation from val declaration overrides inline type annotation
./u_boot_fsts/FStar.Syntax.Syntax.fst(446,0-446,76): (Warning) Annotation from val declaration overrides inline type annotation
./u_boot_fsts/FStar.Syntax.Syntax.fst(497,0-499,38): (Warning) Annotation from val declaration overrides inline type annotation
./u_boot_fsts/FStar.TypeChecker.Util.fst(70,0-72,32): (Warning) Annotation from val declaration overrides inline type annotation
./u_boot_fsts/FStar.TypeChecker.Env.fst(280,0-284,35): (Warning) Annotation from val declaration overrides inline type annotation
./u_boot_fsts/FStar.TypeChecker.Env.fst(718,0-720,39): (Warning) Annotation from val declaration overrides inline type annotation
./hello.fst(5,0-5,37): (Warning) Top-level let-bindings must be total; this term may have effects
./Encrypt_SymEnc.fst(29,0-29,18): (Warning) Top-level let-bindings must be total; this term may have effects
./Ex01a.fst(68,0-68,48): (Warning) Top-level let-bindings must be total; this term may have effects
./MAC.fst(45,0-45,35): (Warning) Top-level let-bindings must be total; this term may have effects
./Ex01a.fst(58,0-58,48): (Warning) Top-level let-bindings must be total; this term may have effects
WARNING: (7822,51): pattern does not contain all quantified variables.
WARNING: (7822,51): pattern does not contain all quantified variables.
./RPC.fst(9,0-9,53): (Warning) Top-level let-bindings must be total; this term may have effects
./RPC.fst(23,0-23,39): (Warning) Top-level let-bindings must be total; this term may have effects
./RPC.fst(48,0-49,16): (Warning) Top-level let-bindings must be total; this term may have effects
./RPC.fst(116,0-116,17): (Warning) Top-level let-bindings must be total; this term may have effects
./CntProtocol.fst(14,0-14,53): (Warning) Top-level let-bindings must be total; this term may have effects
./CntProtocol.fst(29,0-29,26): (Warning) Top-level let-bindings must be total; this term may have effects
./CntProtocol.fst(32,0-32,54): (Warning) Top-level let-bindings must be total; this term may have effects
./CntProtocol.fst(35,0-35,54): (Warning) Top-level let-bindings must be total; this term may have effects
./CntProtocol.fst(99,0-99,39): (Warning) Top-level let-bindings must be total; this term may have effects
./CntProtocol.fst(126,0-126,18): (Warning) Top-level let-bindings must be total; this term may have effects
./CntProtocol.fst(172,0-188,5): (Warning) Top-level let-bindings must be total; this term may have effects
./Ex10a.fst(27,0-27,22): (Warning) Top-level let-bindings must be total; this term may have effects
./Ex10a.fst(27,0-27,22): (Warning) Top-level let-bindings must be total; this term may have effects
./Ex12a.Cap.fst(21,0-21,26): (Warning) Top-level let-bindings must be total; this term may have effects
./Ex12a.Cap.fst(19,0-19,26): (Warning) Top-level let-bindings must be total; this term may have effects
./Ex12b.RPC.fst(8,0-8,53): (Warning) Top-level let-bindings must be total; this term may have effects
./Ex12b.RPC.fst(21,0-21,39): (Warning) Top-level let-bindings must be total; this term may have effects
./Ex12b.RPC.fst(53,0-54,16): (Warning) Top-level let-bindings must be total; this term may have effects
./Ex12b.RPC.fst(123,0-123,17): (Warning) Top-level let-bindings must be total; this term may have effects
make[5]: warning: jobserver unavailable: using -j1.  Add '+' to parent make rule.
make[5]: warning: jobserver unavailable: using -j1.  Add '+' to parent make rule.
File "_none_", line 1:
Warning 58: no cmx file was found in path for module Big_int_Z, and its interface was not compiled with -opaque
File "_none_", line 1:
Warning 58: no cmx file was found in path for module Z, and its interface was not compiled with -opaque
File "extracted/FStar_Pervasives.ml", line 10, characters 37-70:
Warning 8: this pattern-matching is not exhaustive.
Here is an example of a case that is not matched:
Inr _
File "extracted/FStar_Pervasives.ml", line 13, characters 37-70:
Warning 8: this pattern-matching is not exhaustive.
Here is an example of a case that is not matched:
Inl _
File "_none_", line 1:
Warning 58: no cmx file was found in path for module Z, and its interface was not compiled with -opaque
File "_none_", line 1:
Warning 58: no cmx file was found in path for module Z, and its interface was not compiled with -opaque
File "_none_", line 1:
Warning 58: no cmx file was found in path for module Z, and its interface was not compiled with -opaque
File "_none_", line 1:
Warning 58: no cmx file was found in path for module Z, and its interface was not compiled with -opaque
File "_none_", line 1:
Warning 58: no cmx file was found in path for module Z, and its interface was not compiled with -opaque
File "_none_", line 1:
Warning 58: no cmx file was found in path for module Z, and its interface was not compiled with -opaque
File "FStar_String.ml", line 16, characters 16-32:
Warning 3: deprecated: String.lowercase
Use String.lowercase_ascii instead.
File "_none_", line 1:
Warning 58: no cmx file was found in path for module Z, and its interface was not compiled with -opaque
File "_none_", line 1:
Warning 58: no cmx file was found in path for module Z, and its interface was not compiled with -opaque
./Ex01a.fst(58,0-58,48): (Warning) Top-level let-bindings must be total; this term may have effects
make[3]: [Ex01a-ocaml] Error 2 (ignored)
./Platform.Bytes.fst(15,32-18,29): (Warning) Pattern misses at least one bound variable: uu___#995833
WARNING: (7777,46): pattern does not contain any variable.
WARNING: (7959,46): pattern does not contain any variable.
WARNING: (7676,46): pattern does not contain any variable.
./Platform.Bytes.fst(257,22-260,30): (Warning) Pattern misses at least one bound variable: i#1032639
./Platform.Bytes.fst(261,8-261,24): (Warning) Pattern misses at least one bound variable: i#1034696 (see also ./Platform.Bytes.fst(257,156-260,30))
WARNING: (7982,46): pattern does not contain any variable.
WARNING: (76228,46): pattern does not contain any variable.
WARNING: (80107,43): pattern does not contain all quantified variables.
WARNING: (76228,46): pattern does not contain any variable.
WARNING: (80107,43): pattern does not contain all quantified variables.
WARNING: (76228,46): pattern does not contain any variable.
WARNING: (80107,43): pattern does not contain all quantified variables.
WARNING: (76228,46): pattern does not contain any variable.
WARNING: (80107,43): pattern does not contain all quantified variables.
WARNING: (76228,46): pattern does not contain any variable.
WARNING: (80107,43): pattern does not contain all quantified variables.
WARNING: (76228,46): pattern does not contain any variable.
WARNING: (80107,43): pattern does not contain all quantified variables.
WARNING: (76228,46): pattern does not contain any variable.
WARNING: (80107,43): pattern does not contain all quantified variables.
WARNING: (76228,46): pattern does not contain any variable.
WARNING: (80107,43): pattern does not contain all quantified variables.
WARNING: (76228,46): pattern does not contain any variable.
WARNING: (80107,43): pattern does not contain all quantified variables.
./Platform.Bytes.fst(15,40-18,29): (Warning) Pattern misses at least one bound variable: uu___#1070204
./Platform.Bytes.fst(261,8-261,24): (Warning) Pattern misses at least one bound variable: i#1078592 (see also ./Platform.Bytes.fst(257,156-260,30))
./TestMRef.fst(8,0-8,20): (Warning) Top-level let-bindings must be total; this term may have effects
./Mac.fst(70,0-70,35): (Warning) Top-level let-bindings must be total; this term may have effects
