dos2unix: converting file parser/parse.fsi to Unix format...
Warning: you are using the standard library and/or the %inline keyword. We
recommend switching on --infer in order to avoid obscure type error messages.
dos2unix: converting file parse.mly to Unix format...
File "src/basic/ml/FStar_Util.ml", line 49, characters 57-65:
Warning 40: st_mtime was selected from type BatUnix.stats.
It is not visible in the current scope, and will not 
be selected if the type becomes unknown.
File "src/ocaml-output/FStar_Syntax_Resugar.ml", line 1072, characters 53-57:
Warning 20: this argument will not be used by the function.
File "src/basic/ml/FStar_Util.ml", line 49, characters 57-65:
Warning 40: st_mtime was selected from type BatUnix.stats.
It is not visible in the current scope, and will not 
be selected if the type becomes unknown.
File "src/ocaml-output/FStar_Syntax_Resugar.ml", line 1072, characters 53-57:
Warning 20: this argument will not be used by the function.
.\u_boot_fsts\FStar.TypeChecker.Util.fst(71,0-73,32): (Warning) Annotation from val declaration overrides inline type annotation
.\u_boot_fsts\FStar.Syntax.Syntax.fst(394,0-394,33): (Warning) Annotation from val declaration overrides inline type annotation
.\u_boot_fsts\FStar.Syntax.Syntax.fst(445,0-445,48): (Warning) Annotation from val declaration overrides inline type annotation
.\u_boot_fsts\FStar.Syntax.Syntax.fst(446,0-446,76): (Warning) Annotation from val declaration overrides inline type annotation
.\u_boot_fsts\FStar.Syntax.Syntax.fst(496,0-498,38): (Warning) Annotation from val declaration overrides inline type annotation
.\u_boot_fsts\FStar.TypeChecker.Env.fst(282,0-286,35): (Warning) Annotation from val declaration overrides inline type annotation
.\u_boot_fsts\FStar.TypeChecker.Env.fst(716,0-718,39): (Warning) Annotation from val declaration overrides inline type annotation
.\Encrypt_SymEnc.fst(30,0-30,18): (Warning) Top-level let-bindings must be total; this term may have effects
WARNING: (90158,39): pattern does not contain all quantified variables.
WARNING: (9474,28): pattern does not contain all quantified variables.
WARNING: (9534,28): pattern does not contain all quantified variables.
.\Benton2004.fst(542,2-550,59): (Warning) Pattern misses at least one bound variable: p1#791780
.\Benton2004.fst(594,2-600,48): (Warning) Pattern misses at least one bound variable: phi'#792367
.\Benton2004.fst(631,2-639,102): (Warning) Pattern misses at least one bound variable: phi'#793270
.\Benton2004.fst(542,2-550,59): (Warning) Pattern misses at least one bound variable: p1#731999
.\Benton2004.fst(594,2-600,48): (Warning) Pattern misses at least one bound variable: phi'#732586
.\Benton2004.fst(631,2-639,102): (Warning) Pattern misses at least one bound variable: phi'#733489
.\Benton2004.DDCC.fst(474,2-482,59): (Warning) Pattern misses at least one bound variable: p1#854384
.\Benton2004.DDCC.fst(638,2-644,48): (Warning) Pattern misses at least one bound variable: phi'#856904
.\Benton2004.DDCC.fst(669,2-677,102): (Warning) Pattern misses at least one bound variable: phi'#857807
.\Benton2004.DDCC.fst(768,2-774,56): (Warning) Pattern misses at least one bound variable: v#860962
WARNING: (89783,39): pattern does not contain all quantified variables.
WARNING: (90471,28): pattern does not contain all quantified variables.
WARNING: (90575,29): pattern does not contain all quantified variables.
WARNING: (90755,27): pattern does not contain all quantified variables.
WARNING: (94625,44): pattern does not contain all quantified variables.
WARNING: (94917,33): pattern does not contain all quantified variables.
WARNING: (95414,33): pattern does not contain all quantified variables.
WARNING: (95666,34): pattern does not contain all quantified variables.
WARNING: (95846,32): pattern does not contain all quantified variables.
WARNING: (96166,32): pattern does not contain all quantified variables.
WARNING: (10371,44): pattern does not contain all quantified variables.
WARNING: (10531,33): pattern does not contain all quantified variables.
.\Benton2004.fst(542,2-550,59): (Warning) Pattern misses at least one bound variable: p1#731999
.\Benton2004.fst(594,2-600,48): (Warning) Pattern misses at least one bound variable: phi'#732586
.\Benton2004.fst(631,2-639,102): (Warning) Pattern misses at least one bound variable: phi'#733489
.\Benton2004.DDCC.fst(474,2-482,59): (Warning) Pattern misses at least one bound variable: p1#900782
.\Benton2004.DDCC.fst(638,2-644,48): (Warning) Pattern misses at least one bound variable: phi'#903302
.\Benton2004.DDCC.fst(669,2-677,102): (Warning) Pattern misses at least one bound variable: phi'#904205
.\Benton2004.DDCC.fst(768,2-774,56): (Warning) Pattern misses at least one bound variable: v#907360
.\Benton2004.fst(542,2-550,59): (Warning) Pattern misses at least one bound variable: p1#731999
.\Benton2004.fst(594,2-600,48): (Warning) Pattern misses at least one bound variable: phi'#732586
.\Benton2004.fst(631,2-639,102): (Warning) Pattern misses at least one bound variable: phi'#733489
.\Benton2004.DDCC.fst(474,2-482,59): (Warning) Pattern misses at least one bound variable: p1#854384
.\Benton2004.DDCC.fst(638,2-644,48): (Warning) Pattern misses at least one bound variable: phi'#856904
.\Benton2004.DDCC.fst(669,2-677,102): (Warning) Pattern misses at least one bound variable: phi'#857807
.\Benton2004.DDCC.fst(768,2-774,56): (Warning) Pattern misses at least one bound variable: v#860962
WARNING: (9537,33): pattern does not contain all quantified variables.
WARNING: (89783,39): pattern does not contain all quantified variables.
WARNING: (90471,28): pattern does not contain all quantified variables.
WARNING: (90575,29): pattern does not contain all quantified variables.
WARNING: (90755,27): pattern does not contain all quantified variables.
WARNING: (94625,44): pattern does not contain all quantified variables.
WARNING: (94917,33): pattern does not contain all quantified variables.
WARNING: (95414,33): pattern does not contain all quantified variables.
WARNING: (95666,34): pattern does not contain all quantified variables.
WARNING: (95846,32): pattern does not contain all quantified variables.
WARNING: (96166,32): pattern does not contain all quantified variables.
WARNING: (9493,44): pattern does not contain all quantified variables.
.\Benton2004.SmithVolpano.fst(201,2-204,35): (Warning) Pattern misses at least one bound variable: t#894665
WARNING: (6930,51): pattern does not contain all quantified variables.
WARNING: (6930,51): pattern does not contain all quantified variables.
.\MAC.fst(45,0-45,35): (Warning) Top-level let-bindings must be total; this term may have effects
.\Benton2004.fst(542,2-550,59): (Warning) Pattern misses at least one bound variable: p1#731999
.\Benton2004.fst(594,2-600,48): (Warning) Pattern misses at least one bound variable: phi'#732586
.\Benton2004.fst(631,2-639,102): (Warning) Pattern misses at least one bound variable: phi'#733489
.\Benton2004.RHL.fst(125,2-127,38): (Warning) Pattern misses at least one bound variable: t#843049
.\Benton2004.RHL.fst(292,2-300,59): (Warning) Pattern misses at least one bound variable: p1#851346
.\Benton2004.RHL.fst(575,2-581,48): (Warning) Pattern misses at least one bound variable: phi'#861558
.\Benton2004.RHL.fst(606,2-614,102): (Warning) Pattern misses at least one bound variable: phi'#862504
.\Benton2004.RHL.Derived.fst(59,2-65,48): (Warning) Pattern misses at least one bound variable: phi'#874100
.\Platform.Bytes.fst(15,32-18,29): (Warning) Pattern misses at least one bound variable: uu___#420765
WARNING: (6881,46): pattern does not contain any variable.
WARNING: (7064,46): pattern does not contain any variable.
WARNING: (6780,46): pattern does not contain any variable.
.\Platform.Bytes.fst(257,22-260,30): (Warning) Pattern misses at least one bound variable: i#457559
.\Platform.Bytes.fst(261,8-261,24): (Warning) Pattern misses at least one bound variable: i#459558 (see also .\Platform.Bytes.fst(257,156-260,30))
WARNING: (7086,46): pattern does not contain any variable.
WARNING: (65393,46): pattern does not contain any variable.
WARNING: (69289,43): pattern does not contain all quantified variables.
WARNING: (65393,46): pattern does not contain any variable.
WARNING: (69289,43): pattern does not contain all quantified variables.
WARNING: (65393,46): pattern does not contain any variable.
WARNING: (69289,43): pattern does not contain all quantified variables.
WARNING: (65393,46): pattern does not contain any variable.
WARNING: (69289,43): pattern does not contain all quantified variables.
WARNING: (65393,46): pattern does not contain any variable.
WARNING: (69289,43): pattern does not contain all quantified variables.
WARNING: (65393,46): pattern does not contain any variable.
WARNING: (69289,43): pattern does not contain all quantified variables.
WARNING: (65393,46): pattern does not contain any variable.
WARNING: (69289,43): pattern does not contain all quantified variables.
WARNING: (65393,46): pattern does not contain any variable.
WARNING: (69289,43): pattern does not contain all quantified variables.
WARNING: (65393,46): pattern does not contain any variable.
WARNING: (69289,43): pattern does not contain all quantified variables.
.\Platform.Bytes.fst(15,40-18,29): (Warning) Pattern misses at least one bound variable: uu___#494283
.\Platform.Bytes.fst(261,8-261,24): (Warning) Pattern misses at least one bound variable: i#502670 (see also .\Platform.Bytes.fst(257,156-260,30))
.\Benton2004.fst(542,2-550,59): (Warning) Pattern misses at least one bound variable: p1#731999
.\Benton2004.fst(594,2-600,48): (Warning) Pattern misses at least one bound variable: phi'#732586
.\Benton2004.fst(631,2-639,102): (Warning) Pattern misses at least one bound variable: phi'#733489
.\Benton2004.RHL.fst(125,2-127,38): (Warning) Pattern misses at least one bound variable: t#843049
.\Benton2004.RHL.fst(292,2-300,59): (Warning) Pattern misses at least one bound variable: p1#851346
.\Benton2004.RHL.fst(575,2-581,48): (Warning) Pattern misses at least one bound variable: phi'#861558
.\Benton2004.RHL.fst(606,2-614,102): (Warning) Pattern misses at least one bound variable: phi'#862504
WARNING: (10067,43): pattern does not contain all quantified variables.
WARNING: (9727,43): pattern does not contain all quantified variables.
WARNING: (9785,32): pattern does not contain all quantified variables.
WARNING: (10516,43): pattern does not contain all quantified variables.
WARNING: (89783,39): pattern does not contain all quantified variables.
WARNING: (90471,28): pattern does not contain all quantified variables.
WARNING: (90575,29): pattern does not contain all quantified variables.
WARNING: (90755,27): pattern does not contain all quantified variables.
WARNING: (93400,43): pattern does not contain all quantified variables.
WARNING: (94971,32): pattern does not contain all quantified variables.
WARNING: (95801,34): pattern does not contain all quantified variables.
WARNING: (95905,33): pattern does not contain all quantified variables.
WARNING: (96085,31): pattern does not contain all quantified variables.
WARNING: (96690,47): pattern does not contain all quantified variables.
WARNING: (10000,43): pattern does not contain all quantified variables.
.\Benton2004.RHL.Examples.fst(160,2-166,48): (Warning) Pattern misses at least one bound variable: phi'#902851
.\Benton2004.fst(542,2-550,59): (Warning) Pattern misses at least one bound variable: p1#731999
.\Benton2004.fst(594,2-600,48): (Warning) Pattern misses at least one bound variable: phi'#732586
.\Benton2004.fst(631,2-639,102): (Warning) Pattern misses at least one bound variable: phi'#733489
WARNING: (89783,39): pattern does not contain all quantified variables.
WARNING: (90471,28): pattern does not contain all quantified variables.
WARNING: (90575,29): pattern does not contain all quantified variables.
WARNING: (90755,27): pattern does not contain all quantified variables.
WARNING: (93420,43): pattern does not contain all quantified variables.
WARNING: (94992,32): pattern does not contain all quantified variables.
WARNING: (89783,39): pattern does not contain all quantified variables.
WARNING: (90471,28): pattern does not contain all quantified variables.
WARNING: (90575,29): pattern does not contain all quantified variables.
WARNING: (90755,27): pattern does not contain all quantified variables.
WARNING: (93420,43): pattern does not contain all quantified variables.
WARNING: (94992,32): pattern does not contain all quantified variables.
WARNING: (89783,39): pattern does not contain all quantified variables.
WARNING: (90471,28): pattern does not contain all quantified variables.
WARNING: (90575,29): pattern does not contain all quantified variables.
WARNING: (90755,27): pattern does not contain all quantified variables.
WARNING: (93420,43): pattern does not contain all quantified variables.
WARNING: (94992,32): pattern does not contain all quantified variables.
WARNING: (89783,39): pattern does not contain all quantified variables.
WARNING: (90471,28): pattern does not contain all quantified variables.
WARNING: (90575,29): pattern does not contain all quantified variables.
WARNING: (90755,27): pattern does not contain all quantified variables.
WARNING: (93420,43): pattern does not contain all quantified variables.
WARNING: (94992,32): pattern does not contain all quantified variables.
WARNING: (89783,39): pattern does not contain all quantified variables.
WARNING: (90471,28): pattern does not contain all quantified variables.
WARNING: (90575,29): pattern does not contain all quantified variables.
WARNING: (90755,27): pattern does not contain all quantified variables.
WARNING: (93420,43): pattern does not contain all quantified variables.
WARNING: (94992,32): pattern does not contain all quantified variables.
WARNING: (89783,39): pattern does not contain all quantified variables.
WARNING: (90471,28): pattern does not contain all quantified variables.
WARNING: (90575,29): pattern does not contain all quantified variables.
WARNING: (90755,27): pattern does not contain all quantified variables.
WARNING: (93420,43): pattern does not contain all quantified variables.
WARNING: (94992,32): pattern does not contain all quantified variables.
.\Benton2004.RHL.fst(125,2-127,38): (Warning) Pattern misses at least one bound variable: t#906398
.\Benton2004.RHL.fst(292,2-300,59): (Warning) Pattern misses at least one bound variable: p1#914695
.\Benton2004.RHL.fst(575,2-581,48): (Warning) Pattern misses at least one bound variable: phi'#924907
.\Benton2004.RHL.fst(606,2-614,102): (Warning) Pattern misses at least one bound variable: phi'#925853
File "ulib/ml/extracted/FStar_Classical.ml", line 4, characters 48-51:
Warning 20: this argument will not be used by the function.
File "ulib/ml/extracted/FStar_Classical.ml", line 7, characters 66-69:
Warning 20: this argument will not be used by the function.
File "ulib/ml/extracted/FStar_Classical.ml", line 7, characters 70-73:
Warning 20: this argument will not be used by the function.
File "ulib/ml/extracted/FStar_Classical.ml", line 9, characters 61-64:
Warning 20: this argument will not be used by the function.
File "ulib/ml/extracted/FStar_Seq_Base.ml", line 45, characters 42-46:
Warning 20: this argument will not be used by the function.
File "ulib/ml/extracted/FStar_StrongExcludedMiddle.ml", line 6, characters 6-9:
Warning 20: this argument will not be used by the function.
File "ulib/ml/extracted/FStar_UInt128.ml", line 36, characters 8-12:
Warning 20: this argument will not be used by the function.
File "ulib/ml/extracted/FStar_UInt128.ml", line 36, characters 13-17:
Warning 20: this argument will not be used by the function.
File "ulib/ml/extracted/FStar_HyperHeap.ml", line 55, characters 6-10:
Warning 20: this argument will not be used by the function.
File "ulib/ml/extracted/FStar_HyperHeap.ml", line 89, characters 73-77:
Warning 20: this argument will not be used by the function.
File "ulib/ml/extracted/FStar_HyperHeap.ml", line 90, characters 10-14:
Warning 20: this argument will not be used by the function.
File "ulib/ml/extracted/FStar_HyperHeap.ml", line 90, characters 15-19:
Warning 20: this argument will not be used by the function.
File "ulib/ml/extracted/FStar_Bytes.ml", line 6, characters 72-76:
Warning 20: this argument will not be used by the function.
File "ulib/ml/extracted/FStar_Bytes.ml", line 11, characters 8-12:
Warning 20: this argument will not be used by the function.
File "ulib/ml/extracted/FStar_Bytes.ml", line 11, characters 13-17:
Warning 20: this argument will not be used by the function.
File "ulib/ml/extracted/FStar_Bytes.ml", line 16, characters 8-12:
Warning 20: this argument will not be used by the function.
File "ulib/ml/extracted/FStar_Bytes.ml", line 16, characters 13-17:
Warning 20: this argument will not be used by the function.
File "ulib/ml/extracted/FStar_Bytes.ml", line 19, characters 72-76:
Warning 20: this argument will not be used by the function.
File "ulib/ml/extracted/FStar_Bytes.ml", line 26, characters 10-14:
Warning 20: this argument will not be used by the function.
File "ulib/ml/extracted/FStar_Bytes.ml", line 26, characters 15-19:
Warning 20: this argument will not be used by the function.
File "ulib/ml/extracted/FStar_Bytes.ml", line 26, characters 20-24:
Warning 20: this argument will not be used by the function.
File "ulib/ml/extracted/FStar_Bytes.ml", line 34, characters 10-14:
Warning 20: this argument will not be used by the function.
File "ulib/ml/extracted/FStar_Bytes.ml", line 34, characters 15-19:
Warning 20: this argument will not be used by the function.
File "ulib/ml/extracted/FStar_Bytes.ml", line 34, characters 20-24:
Warning 20: this argument will not be used by the function.
File "ulib/ml/extracted/FStar_Bytes.ml", line 39, characters 67-71:
Warning 20: this argument will not be used by the function.
File "ulib/ml/extracted/FStar_Bytes.ml", line 44, characters 6-10:
Warning 20: this argument will not be used by the function.
File "ulib/ml/extracted/FStar_Bytes.ml", line 49, characters 67-71:
Warning 20: this argument will not be used by the function.
File "ulib/ml/extracted/FStar_Bytes.ml", line 54, characters 6-10:
Warning 20: this argument will not be used by the function.
File "ulib/ml/extracted/FStar_Bytes.ml", line 60, characters 70-74:
Warning 20: this argument will not be used by the function.
File "ulib/ml/extracted/FStar_Bytes.ml", line 61, characters 8-12:
Warning 20: this argument will not be used by the function.
File "ulib/ml/extracted/FStar_Int.ml", line 92, characters 10-14:
Warning 20: this argument will not be used by the function.
File "ulib/ml/extracted/FStar_Int.ml", line 92, characters 15-19:
Warning 20: this argument will not be used by the function.
File "ulib/ml/extracted/FStar_Int.ml", line 92, characters 20-24:
Warning 20: this argument will not be used by the function.
File "ulib/ml/extracted/FStar_Int.ml", line 102, characters 10-14:
Warning 20: this argument will not be used by the function.
File "ulib/ml/extracted/FStar_Int.ml", line 102, characters 15-19:
Warning 20: this argument will not be used by the function.
File "ulib/ml/extracted/FStar_Int.ml", line 102, characters 20-24:
Warning 20: this argument will not be used by the function.
File "ulib/ml/extracted/FStar_Int.ml", line 112, characters 10-14:
Warning 20: this argument will not be used by the function.
File "ulib/ml/extracted/FStar_Int.ml", line 112, characters 15-19:
Warning 20: this argument will not be used by the function.
File "ulib/ml/extracted/FStar_Int.ml", line 112, characters 20-24:
Warning 20: this argument will not be used by the function.
File "ulib/ml/extracted/FStar_Int.ml", line 118, characters 8-12:
Warning 20: this argument will not be used by the function.
File "ulib/ml/extracted/FStar_Int.ml", line 118, characters 13-17:
Warning 20: this argument will not be used by the function.
File "ulib/ml/extracted/FStar_Int.ml", line 139, characters 10-14:
Warning 20: this argument will not be used by the function.
File "ulib/ml/extracted/FStar_Int.ml", line 139, characters 15-19:
Warning 20: this argument will not be used by the function.
File "ulib/ml/extracted/FStar_Int.ml", line 139, characters 20-24:
Warning 20: this argument will not be used by the function.
File "ulib/ml/extracted/FStar_Int128.ml", line 74, characters 6-10:
Warning 20: this argument will not be used by the function.
File "ulib/ml/extracted/FStar_Int128.ml", line 78, characters 6-10:
Warning 20: this argument will not be used by the function.
File "ulib/ml/extracted/FStar_Int31.ml", line 74, characters 6-10:
Warning 20: this argument will not be used by the function.
File "ulib/ml/extracted/FStar_Int31.ml", line 78, characters 6-10:
Warning 20: this argument will not be used by the function.
File "ulib/ml/extracted/FStar_UInt31.ml", line 59, characters 8-12:
Warning 20: this argument will not be used by the function.
File "ulib/ml/extracted/FStar_UInt31.ml", line 59, characters 13-17:
Warning 20: this argument will not be used by the function.
File "ulib/ml/extracted/FStar_UInt31.ml", line 64, characters 72-76:
Warning 20: this argument will not be used by the function.
File "ulib/ml/extracted/FStar_UInt31.ml", line 65, characters 8-12:
Warning 20: this argument will not be used by the function.
File "ulib/ml/extracted/FStar_UInt31.ml", line 91, characters 6-10:
Warning 20: this argument will not be used by the function.
File "ulib/ml/extracted/FStar_UInt31.ml", line 95, characters 6-10:
Warning 20: this argument will not be used by the function.
File "ulib/ml/extracted/FStar_Monotonic_RRef.ml", line 46, characters 6-10:
Warning 20: this argument will not be used by the function.
File "ulib/ml/extracted/FStar_Seq_Properties.ml", line 419, characters 40-44:
Warning 20: this argument will not be used by the function.
File "ulib/ml/extracted/FStar_OrdSet.ml", line 174, characters 10-14:
Warning 20: this argument will not be used by the function.
File "ulib/ml/extracted/FStar_OrdSet.ml", line 174, characters 15-19:
Warning 20: this argument will not be used by the function.
File "ulib/ml/extracted/FStar_OrdSet.ml", line 174, characters 20-24:
Warning 20: this argument will not be used by the function.
File "ulib/ml/extracted/FStar_Algebra_Monoid.ml", line 39, characters 66-69:
Warning 20: this argument will not be used by the function.
File "ulib/ml/extracted/FStar_Algebra_Monoid.ml", line 39, characters 70-73:
Warning 20: this argument will not be used by the function.
File "ulib/ml/extracted/FStar_Algebra_Monoid.ml", line 43, characters 66-69:
Warning 20: this argument will not be used by the function.
File "ulib/ml/extracted/FStar_Algebra_Monoid.ml", line 43, characters 70-73:
Warning 20: this argument will not be used by the function.
File "ulib/ml/extracted/FStar_Algebra_Monoid.ml", line 101, characters 52-55:
Warning 20: this argument will not be used by the function.
File "ulib/ml/extracted/FStar_Algebra_Monoid.ml", line 107, characters 52-55:
Warning 20: this argument will not be used by the function.
File "ulib/ml/extracted/FStar_Array.ml", line 11, characters 8-12:
Warning 20: this argument will not be used by the function.
File "ulib/ml/extracted/FStar_Array.ml", line 11, characters 13-17:
Warning 20: this argument will not be used by the function.
File "ulib/ml/extracted/FStar_Array.ml", line 18, characters 8-12:
Warning 20: this argument will not be used by the function.
File "ulib/ml/extracted/FStar_Array.ml", line 18, characters 13-17:
Warning 20: this argument will not be used by the function.
File "ulib/ml/extracted/FStar_Axiomatic_Array.ml", line 8, characters 68-72:
Warning 20: this argument will not be used by the function.
File "ulib/ml/extracted/FStar_Axiomatic_Array.ml", line 8, characters 73-77:
Warning 20: this argument will not be used by the function.
File "ulib/ml/extracted/FStar_Axiomatic_Array.ml", line 16, characters 73-77:
Warning 20: this argument will not be used by the function.
File "ulib/ml/extracted/FStar_Axiomatic_Array.ml", line 17, characters 10-14:
Warning 20: this argument will not be used by the function.
File "ulib/ml/extracted/FStar_Axiomatic_Array.ml", line 17, characters 15-19:
Warning 20: this argument will not be used by the function.
File "ulib/ml/extracted/FStar_Axiomatic_Array.ml", line 20, characters 70-74:
Warning 20: this argument will not be used by the function.
File "ulib/ml/extracted/FStar_Axiomatic_Array.ml", line 26, characters 69-73:
Warning 20: this argument will not be used by the function.
File "ulib/ml/extracted/FStar_Axiomatic_Array.ml", line 27, characters 8-12:
Warning 20: this argument will not be used by the function.
File "ulib/ml/extracted/FStar_Axiomatic_Array.ml", line 30, characters 73-77:
Warning 20: this argument will not be used by the function.
File "ulib/ml/extracted/FStar_Axiomatic_Array.ml", line 38, characters 73-77:
Warning 20: this argument will not be used by the function.
File "ulib/ml/extracted/FStar_Axiomatic_Array.ml", line 39, characters 10-14:
Warning 20: this argument will not be used by the function.
File "ulib/ml/extracted/FStar_Axiomatic_Array.ml", line 39, characters 15-19:
Warning 20: this argument will not be used by the function.
File "ulib/ml/extracted/FStar_Axiomatic_Array.ml", line 45, characters 70-74:
Warning 20: this argument will not be used by the function.
File "ulib/ml/extracted/FStar_Axiomatic_Array.ml", line 46, characters 8-12:
Warning 20: this argument will not be used by the function.
File "ulib/ml/extracted/FStar_Axiomatic_Array.ml", line 50, characters 6-10:
Warning 20: this argument will not be used by the function.
File "ulib/ml/extracted/FStar_Crypto.ml", line 6, characters 71-75:
Warning 20: this argument will not be used by the function.
File "ulib/ml/extracted/FStar_Crypto.ml", line 12, characters 6-10:
Warning 20: this argument will not be used by the function.
File "ulib/ml/extracted/FStar_Crypto.ml", line 18, characters 72-76:
Warning 20: this argument will not be used by the function.
File "ulib/ml/extracted/FStar_Crypto.ml", line 19, characters 8-12:
Warning 20: this argument will not be used by the function.
File "ulib/ml/extracted/FStar_Crypto.ml", line 28, characters 68-72:
Warning 20: this argument will not be used by the function.
File "ulib/ml/extracted/FStar_Crypto.ml", line 28, characters 73-77:
Warning 20: this argument will not be used by the function.
File "ulib/ml/extracted/FStar_Crypto.ml", line 29, characters 10-14:
Warning 20: this argument will not be used by the function.
File "ulib/ml/extracted/FStar_Crypto.ml", line 37, characters 73-77:
Warning 20: this argument will not be used by the function.
File "ulib/ml/extracted/FStar_Crypto.ml", line 44, characters 8-12:
Warning 20: this argument will not be used by the function.
File "ulib/ml/extracted/FStar_Crypto.ml", line 44, characters 13-17:
Warning 20: this argument will not be used by the function.
File "ulib/ml/extracted/FStar_Crypto.ml", line 50, characters 8-12:
Warning 20: this argument will not be used by the function.
File "ulib/ml/extracted/FStar_Crypto.ml", line 50, characters 13-17:
Warning 20: this argument will not be used by the function.
File "ulib/ml/extracted/FStar_Crypto.ml", line 54, characters 73-77:
Warning 20: this argument will not be used by the function.
File "ulib/ml/extracted/FStar_Crypto.ml", line 64, characters 71-75:
Warning 20: this argument will not be used by the function.
File "ulib/ml/extracted/FStar_Crypto.ml", line 65, characters 10-14:
Warning 20: this argument will not be used by the function.
File "ulib/ml/extracted/FStar_Crypto.ml", line 65, characters 15-19:
Warning 20: this argument will not be used by the function.
File "ulib/ml/extracted/FStar_Crypto.ml", line 75, characters 10-14:
Warning 20: this argument will not be used by the function.
File "ulib/ml/extracted/FStar_Crypto.ml", line 75, characters 15-19:
Warning 20: this argument will not be used by the function.
File "ulib/ml/extracted/FStar_Crypto.ml", line 75, characters 20-24:
Warning 20: this argument will not be used by the function.
File "ulib/ml/extracted/FStar_Crypto.ml", line 83, characters 6-10:
Warning 20: this argument will not be used by the function.
File "ulib/ml/extracted/FStar_Crypto.ml", line 87, characters 6-10:
Warning 20: this argument will not be used by the function.
File "ulib/ml/extracted/FStar_Crypto.ml", line 94, characters 65-69:
Warning 20: this argument will not be used by the function.
File "ulib/ml/extracted/FStar_Crypto.ml", line 94, characters 70-74:
Warning 20: this argument will not be used by the function.
File "ulib/ml/extracted/FStar_Crypto.ml", line 101, characters 65-69:
Warning 20: this argument will not be used by the function.
File "ulib/ml/extracted/FStar_Crypto.ml", line 101, characters 70-74:
Warning 20: this argument will not be used by the function.
File "ulib/ml/extracted/FStar_Crypto.ml", line 108, characters 72-76:
Warning 20: this argument will not be used by the function.
File "ulib/ml/extracted/FStar_Crypto.ml", line 109, characters 8-12:
Warning 20: this argument will not be used by the function.
File "ulib/ml/extracted/FStar_Crypto.ml", line 118, characters 67-71:
Warning 20: this argument will not be used by the function.
File "ulib/ml/extracted/FStar_Crypto.ml", line 118, characters 72-76:
Warning 20: this argument will not be used by the function.
File "ulib/ml/extracted/FStar_Crypto.ml", line 119, characters 10-14:
Warning 20: this argument will not be used by the function.
File "ulib/ml/extracted/FStar_DependentMap.ml", line 36, characters 8-12:
Warning 20: this argument will not be used by the function.
File "ulib/ml/extracted/FStar_DependentMap.ml", line 36, characters 13-17:
Warning 20: this argument will not be used by the function.
File "ulib/ml/extracted/FStar_ErasedLogic.ml", line 7, characters 6-10:
Warning 20: this argument will not be used by the function.
File "ulib/ml/extracted/FStar_ErasedLogic.ml", line 13, characters 8-12:
Warning 20: this argument will not be used by the function.
File "ulib/ml/extracted/FStar_ErasedLogic.ml", line 13, characters 13-17:
Warning 20: this argument will not be used by the function.
File "ulib/ml/extracted/FStar_ErasedLogic.ml", line 15, characters 52-56:
Warning 20: this argument will not be used by the function.
File "ulib/ml/extracted/FStar_IndefiniteDescription.ml", line 6, characters 66-70:
Warning 20: this argument will not be used by the function.
File "ulib/ml/extracted/FStar_Integers.ml", line 55, characters 72-76:
Warning 20: this argument will not be used by the function.
File "ulib/ml/extracted/FStar_Integers.ml", line 56, characters 10-14:
Warning 20: this argument will not be used by the function.
File "ulib/ml/extracted/FStar_Integers.ml", line 56, characters 15-19:
Warning 20: this argument will not be used by the function.
File "ulib/ml/extracted/FStar_Integers.ml", line 578, characters 68-72:
Warning 20: this argument will not be used by the function.
File "ulib/ml/extracted/FStar_Integers.ml", line 578, characters 73-77:
Warning 20: this argument will not be used by the function.
File "ulib/ml/extracted/FStar_Integers.ml", line 580, characters 68-72:
Warning 20: this argument will not be used by the function.
File "ulib/ml/extracted/FStar_Integers.ml", line 580, characters 73-77:
Warning 20: this argument will not be used by the function.
File "ulib/ml/extracted/FStar_Integers.ml", line 585, characters 60-64:
Warning 20: this argument will not be used by the function.
File "ulib/ml/extracted/FStar_Integers.ml", line 585, characters 65-69:
Warning 20: this argument will not be used by the function.
File "ulib/ml/extracted/FStar_Integers.ml", line 590, characters 60-64:
Warning 20: this argument will not be used by the function.
File "ulib/ml/extracted/FStar_Integers.ml", line 590, characters 65-69:
Warning 20: this argument will not be used by the function.
File "ulib/ml/extracted/FStar_Integers.ml", line 596, characters 8-12:
Warning 20: this argument will not be used by the function.
File "ulib/ml/extracted/FStar_Integers.ml", line 596, characters 13-17:
Warning 20: this argument will not be used by the function.
File "ulib/ml/extracted/FStar_MarkovsPrinciple.ml", line 5, characters 6-10:
Warning 20: this argument will not be used by the function.
File "ulib/ml/extracted/FStar_MarkovsPrinciple.ml", line 10, characters 6-10:
Warning 20: this argument will not be used by the function.
File "ulib/ml/extracted/FStar_Monotonic_Seq.ml", line 173, characters 8-12:
Warning 20: this argument will not be used by the function.
File "ulib/ml/extracted/FStar_Monotonic_Seq.ml", line 173, characters 13-17:
Warning 20: this argument will not be used by the function.
File "ulib/ml/extracted/FStar_Monotonic_Seq.ml", line 230, characters 8-12:
Warning 20: this argument will not be used by the function.
File "ulib/ml/extracted/FStar_Monotonic_Seq.ml", line 230, characters 13-17:
Warning 20: this argument will not be used by the function.
File "ulib/ml/extracted/FStar_MRef.ml", line 30, characters 6-10:
Warning 20: this argument will not be used by the function.
File "ulib/ml/extracted/FStar_PropositionalExtensionality.ml", line 4, characters 71-74:
Warning 20: this argument will not be used by the function.
File "ulib/ml/extracted/FStar_SquashEffect.ml", line 8, characters 6-10:
Warning 20: this argument will not be used by the function.
File "ulib/ml/extracted/FStar_SquashEffect.ml", line 14, characters 6-10:
Warning 20: this argument will not be used by the function.
File "ulib/ml/extracted/FStar_SquashEffect.ml", line 25, characters 38-42:
Warning 20: this argument will not be used by the function.
File "ulib/ml/extracted/FStar_SquashEffect.ml", line 25, characters 43-47:
Warning 20: this argument will not be used by the function.
File "ulib/ml/extracted/FStar_SquashEffect.ml", line 30, characters 72-76:
Warning 20: this argument will not be used by the function.
File "ulib/ml/extracted/FStar_SquashEffect.ml", line 44, characters 8-12:
Warning 20: this argument will not be used by the function.
File "ulib/ml/extracted/FStar_SquashEffect.ml", line 44, characters 13-17:
Warning 20: this argument will not be used by the function.
File "ulib/ml/extracted/FStar_SquashProperties.ml", line 59, characters 43-47:
Warning 20: this argument will not be used by the function.
File "ulib/ml/extracted/FStar_SquashProperties.ml", line 65, characters 69-73:
Warning 20: this argument will not be used by the function.
File "ulib/ml/extracted/FStar_Tactics.ml", line 174, characters 72-76:
Warning 20: this argument will not be used by the function.
File "ulib/ml/extracted/FStar_Tactics.ml", line 179, characters 6-10:
Warning 20: this argument will not be used by the function.
File "ulib/ml/extracted/FStar_Tactics.ml", line 187, characters 8-12:
Warning 20: this argument will not be used by the function.
File "ulib/ml/extracted/FStar_Tactics.ml", line 187, characters 13-17:
Warning 20: this argument will not be used by the function.
File "ulib/ml/extracted/FStar_Tactics.ml", line 193, characters 72-76:
Warning 20: this argument will not be used by the function.
File "ulib/ml/extracted/FStar_Tactics.ml", line 451, characters 6-10:
Warning 20: this argument will not be used by the function.
File "ulib/ml/extracted/FStar_Tactics.ml", line 458, characters 6-10:
Warning 20: this argument will not be used by the function.
File "ulib/ml/extracted/FStar_Tactics.ml", line 467, characters 8-12:
Warning 20: this argument will not be used by the function.
File "ulib/ml/extracted/FStar_Tactics.ml", line 467, characters 13-17:
Warning 20: this argument will not be used by the function.
File "ulib/ml/extracted/FStar_Tactics.ml", line 474, characters 6-10:
Warning 20: this argument will not be used by the function.
File "ulib/ml/extracted/FStar_Tactics.ml", line 481, characters 6-10:
Warning 20: this argument will not be used by the function.
File "ulib/ml/extracted/FStar_Tactics.ml", line 487, characters 6-10:
Warning 20: this argument will not be used by the function.
File "ulib/ml/extracted/FStar_Tactics.ml", line 498, characters 6-10:
Warning 20: this argument will not be used by the function.
File "ulib/ml/extracted/FStar_Tactics.ml", line 505, characters 6-10:
Warning 20: this argument will not be used by the function.
File "ulib/ml/extracted/FStar_Tactics.ml", line 555, characters 6-10:
Warning 20: this argument will not be used by the function.
File "ulib/ml/extracted/FStar_Tactics.ml", line 567, characters 6-10:
Warning 20: this argument will not be used by the function.
File "ulib/ml/extracted/FStar_Tactics.ml", line 573, characters 6-10:
Warning 20: this argument will not be used by the function.
File "ulib/ml/extracted/FStar_Tactics.ml", line 581, characters 70-74:
Warning 20: this argument will not be used by the function.
File "ulib/ml/extracted/FStar_Tactics.ml", line 582, characters 8-12:
Warning 20: this argument will not be used by the function.
File "ulib/ml/extracted/FStar_Tactics.ml", line 589, characters 6-10:
Warning 20: this argument will not be used by the function.
File "ulib/ml/extracted/FStar_Tactics.ml", line 595, characters 6-10:
Warning 20: this argument will not be used by the function.
File "ulib/ml/extracted/FStar_Tactics.ml", line 606, characters 6-10:
Warning 20: this argument will not be used by the function.
File "ulib/ml/extracted/FStar_Tactics.ml", line 612, characters 6-10:
Warning 20: this argument will not be used by the function.
File "ulib/ml/extracted/FStar_Tactics.ml", line 621, characters 8-12:
Warning 20: this argument will not be used by the function.
File "ulib/ml/extracted/FStar_Tactics.ml", line 621, characters 13-17:
Warning 20: this argument will not be used by the function.
File "ulib/ml/extracted/FStar_Tactics.ml", line 633, characters 65-69:
Warning 20: this argument will not be used by the function.
File "ulib/ml/extracted/FStar_TSet.ml", line 26, characters 69-72:
Warning 20: this argument will not be used by the function.
File "ulib/ml/extracted/FStar_WellFounded.ml", line 21, characters 8-12:
Warning 20: this argument will not be used by the function.
File "ulib/ml/extracted/FStar_WellFounded.ml", line 21, characters 13-17:
Warning 20: this argument will not be used by the function.
.\RPC.fst(9,0-9,53): (Warning) Top-level let-bindings must be total; this term may have effects
.\RPC.fst(23,0-23,39): (Warning) Top-level let-bindings must be total; this term may have effects
.\RPC.fst(48,0-49,16): (Warning) Top-level let-bindings must be total; this term may have effects
.\RPC.fst(116,0-116,17): (Warning) Top-level let-bindings must be total; this term may have effects
.\CntProtocol.fst(14,0-14,53): (Warning) Top-level let-bindings must be total; this term may have effects
.\CntProtocol.fst(29,0-29,26): (Warning) Top-level let-bindings must be total; this term may have effects
.\CntProtocol.fst(32,0-32,54): (Warning) Top-level let-bindings must be total; this term may have effects
.\CntProtocol.fst(35,0-35,54): (Warning) Top-level let-bindings must be total; this term may have effects
.\CntProtocol.fst(99,0-99,39): (Warning) Top-level let-bindings must be total; this term may have effects
.\CntProtocol.fst(126,0-126,18): (Warning) Top-level let-bindings must be total; this term may have effects
.\CntProtocol.fst(172,0-188,5): (Warning) Top-level let-bindings must be total; this term may have effects
File "ulib/ml/extracted/FStar_Classical.ml", line 4, characters 48-51:
Warning 20: this argument will not be used by the function.
File "ulib/ml/extracted/FStar_Classical.ml", line 7, characters 66-69:
Warning 20: this argument will not be used by the function.
File "ulib/ml/extracted/FStar_Classical.ml", line 7, characters 70-73:
Warning 20: this argument will not be used by the function.
File "ulib/ml/extracted/FStar_Classical.ml", line 9, characters 61-64:
Warning 20: this argument will not be used by the function.
File "ulib/ml/extracted/FStar_Seq_Base.ml", line 45, characters 42-46:
Warning 20: this argument will not be used by the function.
File "ulib/ml/extracted/FStar_StrongExcludedMiddle.ml", line 6, characters 6-9:
Warning 20: this argument will not be used by the function.
File "ulib/ml/extracted/FStar_UInt128.ml", line 36, characters 8-12:
Warning 20: this argument will not be used by the function.
File "ulib/ml/extracted/FStar_UInt128.ml", line 36, characters 13-17:
Warning 20: this argument will not be used by the function.
File "ulib/ml/extracted/FStar_HyperHeap.ml", line 55, characters 6-10:
Warning 20: this argument will not be used by the function.
File "ulib/ml/extracted/FStar_HyperHeap.ml", line 89, characters 73-77:
Warning 20: this argument will not be used by the function.
File "ulib/ml/extracted/FStar_HyperHeap.ml", line 90, characters 10-14:
Warning 20: this argument will not be used by the function.
File "ulib/ml/extracted/FStar_HyperHeap.ml", line 90, characters 15-19:
Warning 20: this argument will not be used by the function.
File "ulib/ml/extracted/FStar_Bytes.ml", line 6, characters 72-76:
Warning 20: this argument will not be used by the function.
File "ulib/ml/extracted/FStar_Bytes.ml", line 11, characters 8-12:
Warning 20: this argument will not be used by the function.
File "ulib/ml/extracted/FStar_Bytes.ml", line 11, characters 13-17:
Warning 20: this argument will not be used by the function.
File "ulib/ml/extracted/FStar_Bytes.ml", line 16, characters 8-12:
Warning 20: this argument will not be used by the function.
File "ulib/ml/extracted/FStar_Bytes.ml", line 16, characters 13-17:
Warning 20: this argument will not be used by the function.
File "ulib/ml/extracted/FStar_Bytes.ml", line 19, characters 72-76:
Warning 20: this argument will not be used by the function.
File "ulib/ml/extracted/FStar_Bytes.ml", line 26, characters 10-14:
Warning 20: this argument will not be used by the function.
File "ulib/ml/extracted/FStar_Bytes.ml", line 26, characters 15-19:
Warning 20: this argument will not be used by the function.
File "ulib/ml/extracted/FStar_Bytes.ml", line 26, characters 20-24:
Warning 20: this argument will not be used by the function.
File "ulib/ml/extracted/FStar_Bytes.ml", line 34, characters 10-14:
Warning 20: this argument will not be used by the function.
File "ulib/ml/extracted/FStar_Bytes.ml", line 34, characters 15-19:
Warning 20: this argument will not be used by the function.
File "ulib/ml/extracted/FStar_Bytes.ml", line 34, characters 20-24:
Warning 20: this argument will not be used by the function.
File "ulib/ml/extracted/FStar_Bytes.ml", line 39, characters 67-71:
Warning 20: this argument will not be used by the function.
File "ulib/ml/extracted/FStar_Bytes.ml", line 44, characters 6-10:
Warning 20: this argument will not be used by the function.
File "ulib/ml/extracted/FStar_Bytes.ml", line 49, characters 67-71:
Warning 20: this argument will not be used by the function.
File "ulib/ml/extracted/FStar_Bytes.ml", line 54, characters 6-10:
Warning 20: this argument will not be used by the function.
File "ulib/ml/extracted/FStar_Bytes.ml", line 60, characters 70-74:
Warning 20: this argument will not be used by the function.
File "ulib/ml/extracted/FStar_Bytes.ml", line 61, characters 8-12:
Warning 20: this argument will not be used by the function.
File "ulib/ml/extracted/FStar_Int.ml", line 92, characters 10-14:
Warning 20: this argument will not be used by the function.
File "ulib/ml/extracted/FStar_Int.ml", line 92, characters 15-19:
Warning 20: this argument will not be used by the function.
File "ulib/ml/extracted/FStar_Int.ml", line 92, characters 20-24:
Warning 20: this argument will not be used by the function.
File "ulib/ml/extracted/FStar_Int.ml", line 102, characters 10-14:
Warning 20: this argument will not be used by the function.
File "ulib/ml/extracted/FStar_Int.ml", line 102, characters 15-19:
Warning 20: this argument will not be used by the function.
File "ulib/ml/extracted/FStar_Int.ml", line 102, characters 20-24:
Warning 20: this argument will not be used by the function.
File "ulib/ml/extracted/FStar_Int.ml", line 112, characters 10-14:
Warning 20: this argument will not be used by the function.
File "ulib/ml/extracted/FStar_Int.ml", line 112, characters 15-19:
Warning 20: this argument will not be used by the function.
File "ulib/ml/extracted/FStar_Int.ml", line 112, characters 20-24:
Warning 20: this argument will not be used by the function.
File "ulib/ml/extracted/FStar_Int.ml", line 118, characters 8-12:
Warning 20: this argument will not be used by the function.
File "ulib/ml/extracted/FStar_Int.ml", line 118, characters 13-17:
Warning 20: this argument will not be used by the function.
File "ulib/ml/extracted/FStar_Int.ml", line 139, characters 10-14:
Warning 20: this argument will not be used by the function.
File "ulib/ml/extracted/FStar_Int.ml", line 139, characters 15-19:
Warning 20: this argument will not be used by the function.
File "ulib/ml/extracted/FStar_Int.ml", line 139, characters 20-24:
Warning 20: this argument will not be used by the function.
File "ulib/ml/extracted/FStar_Int128.ml", line 74, characters 6-10:
Warning 20: this argument will not be used by the function.
File "ulib/ml/extracted/FStar_Int128.ml", line 78, characters 6-10:
Warning 20: this argument will not be used by the function.
File "ulib/ml/extracted/FStar_Int31.ml", line 74, characters 6-10:
Warning 20: this argument will not be used by the function.
File "ulib/ml/extracted/FStar_Int31.ml", line 78, characters 6-10:
Warning 20: this argument will not be used by the function.
File "ulib/ml/extracted/FStar_UInt31.ml", line 59, characters 8-12:
Warning 20: this argument will not be used by the function.
File "ulib/ml/extracted/FStar_UInt31.ml", line 59, characters 13-17:
Warning 20: this argument will not be used by the function.
File "ulib/ml/extracted/FStar_UInt31.ml", line 64, characters 72-76:
Warning 20: this argument will not be used by the function.
File "ulib/ml/extracted/FStar_UInt31.ml", line 65, characters 8-12:
Warning 20: this argument will not be used by the function.
File "ulib/ml/extracted/FStar_UInt31.ml", line 91, characters 6-10:
Warning 20: this argument will not be used by the function.
File "ulib/ml/extracted/FStar_UInt31.ml", line 95, characters 6-10:
Warning 20: this argument will not be used by the function.
File "ulib/ml/extracted/FStar_Monotonic_RRef.ml", line 46, characters 6-10:
Warning 20: this argument will not be used by the function.
File "ulib/ml/extracted/FStar_Seq_Properties.ml", line 419, characters 40-44:
Warning 20: this argument will not be used by the function.
File "ulib/ml/extracted/FStar_OrdSet.ml", line 174, characters 10-14:
Warning 20: this argument will not be used by the function.
File "ulib/ml/extracted/FStar_OrdSet.ml", line 174, characters 15-19:
Warning 20: this argument will not be used by the function.
File "ulib/ml/extracted/FStar_OrdSet.ml", line 174, characters 20-24:
Warning 20: this argument will not be used by the function.
File "ulib/ml/extracted/FStar_Algebra_Monoid.ml", line 39, characters 66-69:
Warning 20: this argument will not be used by the function.
File "ulib/ml/extracted/FStar_Algebra_Monoid.ml", line 39, characters 70-73:
Warning 20: this argument will not be used by the function.
File "ulib/ml/extracted/FStar_Algebra_Monoid.ml", line 43, characters 66-69:
Warning 20: this argument will not be used by the function.
File "ulib/ml/extracted/FStar_Algebra_Monoid.ml", line 43, characters 70-73:
Warning 20: this argument will not be used by the function.
File "ulib/ml/extracted/FStar_Algebra_Monoid.ml", line 101, characters 52-55:
Warning 20: this argument will not be used by the function.
File "ulib/ml/extracted/FStar_Algebra_Monoid.ml", line 107, characters 52-55:
Warning 20: this argument will not be used by the function.
File "ulib/ml/extracted/FStar_Array.ml", line 11, characters 8-12:
Warning 20: this argument will not be used by the function.
File "ulib/ml/extracted/FStar_Array.ml", line 11, characters 13-17:
Warning 20: this argument will not be used by the function.
File "ulib/ml/extracted/FStar_Array.ml", line 18, characters 8-12:
Warning 20: this argument will not be used by the function.
File "ulib/ml/extracted/FStar_Array.ml", line 18, characters 13-17:
Warning 20: this argument will not be used by the function.
File "ulib/ml/extracted/FStar_Axiomatic_Array.ml", line 8, characters 68-72:
Warning 20: this argument will not be used by the function.
File "ulib/ml/extracted/FStar_Axiomatic_Array.ml", line 8, characters 73-77:
Warning 20: this argument will not be used by the function.
File "ulib/ml/extracted/FStar_Axiomatic_Array.ml", line 16, characters 73-77:
Warning 20: this argument will not be used by the function.
File "ulib/ml/extracted/FStar_Axiomatic_Array.ml", line 17, characters 10-14:
Warning 20: this argument will not be used by the function.
File "ulib/ml/extracted/FStar_Axiomatic_Array.ml", line 17, characters 15-19:
Warning 20: this argument will not be used by the function.
File "ulib/ml/extracted/FStar_Axiomatic_Array.ml", line 20, characters 70-74:
Warning 20: this argument will not be used by the function.
File "ulib/ml/extracted/FStar_Axiomatic_Array.ml", line 26, characters 69-73:
Warning 20: this argument will not be used by the function.
File "ulib/ml/extracted/FStar_Axiomatic_Array.ml", line 27, characters 8-12:
Warning 20: this argument will not be used by the function.
File "ulib/ml/extracted/FStar_Axiomatic_Array.ml", line 30, characters 73-77:
Warning 20: this argument will not be used by the function.
File "ulib/ml/extracted/FStar_Axiomatic_Array.ml", line 38, characters 73-77:
Warning 20: this argument will not be used by the function.
File "ulib/ml/extracted/FStar_Axiomatic_Array.ml", line 39, characters 10-14:
Warning 20: this argument will not be used by the function.
File "ulib/ml/extracted/FStar_Axiomatic_Array.ml", line 39, characters 15-19:
Warning 20: this argument will not be used by the function.
File "ulib/ml/extracted/FStar_Axiomatic_Array.ml", line 45, characters 70-74:
Warning 20: this argument will not be used by the function.
File "ulib/ml/extracted/FStar_Axiomatic_Array.ml", line 46, characters 8-12:
Warning 20: this argument will not be used by the function.
File "ulib/ml/extracted/FStar_Axiomatic_Array.ml", line 50, characters 6-10:
Warning 20: this argument will not be used by the function.
File "ulib/ml/extracted/FStar_Crypto.ml", line 6, characters 71-75:
Warning 20: this argument will not be used by the function.
File "ulib/ml/extracted/FStar_Crypto.ml", line 12, characters 6-10:
Warning 20: this argument will not be used by the function.
File "ulib/ml/extracted/FStar_Crypto.ml", line 18, characters 72-76:
Warning 20: this argument will not be used by the function.
File "ulib/ml/extracted/FStar_Crypto.ml", line 19, characters 8-12:
Warning 20: this argument will not be used by the function.
File "ulib/ml/extracted/FStar_Crypto.ml", line 28, characters 68-72:
Warning 20: this argument will not be used by the function.
File "ulib/ml/extracted/FStar_Crypto.ml", line 28, characters 73-77:
Warning 20: this argument will not be used by the function.
File "ulib/ml/extracted/FStar_Crypto.ml", line 29, characters 10-14:
Warning 20: this argument will not be used by the function.
File "ulib/ml/extracted/FStar_Crypto.ml", line 37, characters 73-77:
Warning 20: this argument will not be used by the function.
File "ulib/ml/extracted/FStar_Crypto.ml", line 44, characters 8-12:
Warning 20: this argument will not be used by the function.
File "ulib/ml/extracted/FStar_Crypto.ml", line 44, characters 13-17:
Warning 20: this argument will not be used by the function.
File "ulib/ml/extracted/FStar_Crypto.ml", line 50, characters 8-12:
Warning 20: this argument will not be used by the function.
File "ulib/ml/extracted/FStar_Crypto.ml", line 50, characters 13-17:
Warning 20: this argument will not be used by the function.
File "ulib/ml/extracted/FStar_Crypto.ml", line 54, characters 73-77:
Warning 20: this argument will not be used by the function.
File "ulib/ml/extracted/FStar_Crypto.ml", line 64, characters 71-75:
Warning 20: this argument will not be used by the function.
File "ulib/ml/extracted/FStar_Crypto.ml", line 65, characters 10-14:
Warning 20: this argument will not be used by the function.
File "ulib/ml/extracted/FStar_Crypto.ml", line 65, characters 15-19:
Warning 20: this argument will not be used by the function.
File "ulib/ml/extracted/FStar_Crypto.ml", line 75, characters 10-14:
Warning 20: this argument will not be used by the function.
File "ulib/ml/extracted/FStar_Crypto.ml", line 75, characters 15-19:
Warning 20: this argument will not be used by the function.
File "ulib/ml/extracted/FStar_Crypto.ml", line 75, characters 20-24:
Warning 20: this argument will not be used by the function.
File "ulib/ml/extracted/FStar_Crypto.ml", line 83, characters 6-10:
Warning 20: this argument will not be used by the function.
File "ulib/ml/extracted/FStar_Crypto.ml", line 87, characters 6-10:
Warning 20: this argument will not be used by the function.
File "ulib/ml/extracted/FStar_Crypto.ml", line 94, characters 65-69:
Warning 20: this argument will not be used by the function.
File "ulib/ml/extracted/FStar_Crypto.ml", line 94, characters 70-74:
Warning 20: this argument will not be used by the function.
File "ulib/ml/extracted/FStar_Crypto.ml", line 101, characters 65-69:
Warning 20: this argument will not be used by the function.
File "ulib/ml/extracted/FStar_Crypto.ml", line 101, characters 70-74:
Warning 20: this argument will not be used by the function.
File "ulib/ml/extracted/FStar_Crypto.ml", line 108, characters 72-76:
Warning 20: this argument will not be used by the function.
File "ulib/ml/extracted/FStar_Crypto.ml", line 109, characters 8-12:
Warning 20: this argument will not be used by the function.
File "ulib/ml/extracted/FStar_Crypto.ml", line 118, characters 67-71:
Warning 20: this argument will not be used by the function.
File "ulib/ml/extracted/FStar_Crypto.ml", line 118, characters 72-76:
Warning 20: this argument will not be used by the function.
File "ulib/ml/extracted/FStar_Crypto.ml", line 119, characters 10-14:
Warning 20: this argument will not be used by the function.
File "ulib/ml/extracted/FStar_DependentMap.ml", line 36, characters 8-12:
Warning 20: this argument will not be used by the function.
File "ulib/ml/extracted/FStar_DependentMap.ml", line 36, characters 13-17:
Warning 20: this argument will not be used by the function.
File "ulib/ml/extracted/FStar_ErasedLogic.ml", line 7, characters 6-10:
Warning 20: this argument will not be used by the function.
File "ulib/ml/extracted/FStar_ErasedLogic.ml", line 13, characters 8-12:
Warning 20: this argument will not be used by the function.
File "ulib/ml/extracted/FStar_ErasedLogic.ml", line 13, characters 13-17:
Warning 20: this argument will not be used by the function.
File "ulib/ml/extracted/FStar_ErasedLogic.ml", line 15, characters 52-56:
Warning 20: this argument will not be used by the function.
File "ulib/ml/extracted/FStar_IndefiniteDescription.ml", line 6, characters 66-70:
Warning 20: this argument will not be used by the function.
File "ulib/ml/extracted/FStar_Integers.ml", line 55, characters 72-76:
Warning 20: this argument will not be used by the function.
File "ulib/ml/extracted/FStar_Integers.ml", line 56, characters 10-14:
Warning 20: this argument will not be used by the function.
File "ulib/ml/extracted/FStar_Integers.ml", line 56, characters 15-19:
Warning 20: this argument will not be used by the function.
File "ulib/ml/extracted/FStar_Integers.ml", line 578, characters 68-72:
Warning 20: this argument will not be used by the function.
File "ulib/ml/extracted/FStar_Integers.ml", line 578, characters 73-77:
Warning 20: this argument will not be used by the function.
File "ulib/ml/extracted/FStar_Integers.ml", line 580, characters 68-72:
Warning 20: this argument will not be used by the function.
File "ulib/ml/extracted/FStar_Integers.ml", line 580, characters 73-77:
Warning 20: this argument will not be used by the function.
File "ulib/ml/extracted/FStar_Integers.ml", line 585, characters 60-64:
Warning 20: this argument will not be used by the function.
File "ulib/ml/extracted/FStar_Integers.ml", line 585, characters 65-69:
Warning 20: this argument will not be used by the function.
File "ulib/ml/extracted/FStar_Integers.ml", line 590, characters 60-64:
Warning 20: this argument will not be used by the function.
File "ulib/ml/extracted/FStar_Integers.ml", line 590, characters 65-69:
Warning 20: this argument will not be used by the function.
File "ulib/ml/extracted/FStar_Integers.ml", line 596, characters 8-12:
Warning 20: this argument will not be used by the function.
File "ulib/ml/extracted/FStar_Integers.ml", line 596, characters 13-17:
Warning 20: this argument will not be used by the function.
File "ulib/ml/extracted/FStar_MarkovsPrinciple.ml", line 5, characters 6-10:
Warning 20: this argument will not be used by the function.
File "ulib/ml/extracted/FStar_MarkovsPrinciple.ml", line 10, characters 6-10:
Warning 20: this argument will not be used by the function.
File "ulib/ml/extracted/FStar_Monotonic_Seq.ml", line 173, characters 8-12:
Warning 20: this argument will not be used by the function.
File "ulib/ml/extracted/FStar_Monotonic_Seq.ml", line 173, characters 13-17:
Warning 20: this argument will not be used by the function.
File "ulib/ml/extracted/FStar_Monotonic_Seq.ml", line 230, characters 8-12:
Warning 20: this argument will not be used by the function.
File "ulib/ml/extracted/FStar_Monotonic_Seq.ml", line 230, characters 13-17:
Warning 20: this argument will not be used by the function.
File "ulib/ml/extracted/FStar_MRef.ml", line 30, characters 6-10:
Warning 20: this argument will not be used by the function.
File "ulib/ml/extracted/FStar_PropositionalExtensionality.ml", line 4, characters 71-74:
Warning 20: this argument will not be used by the function.
File "ulib/ml/extracted/FStar_SquashEffect.ml", line 8, characters 6-10:
Warning 20: this argument will not be used by the function.
File "ulib/ml/extracted/FStar_SquashEffect.ml", line 14, characters 6-10:
Warning 20: this argument will not be used by the function.
File "ulib/ml/extracted/FStar_SquashEffect.ml", line 25, characters 38-42:
Warning 20: this argument will not be used by the function.
File "ulib/ml/extracted/FStar_SquashEffect.ml", line 25, characters 43-47:
Warning 20: this argument will not be used by the function.
File "ulib/ml/extracted/FStar_SquashEffect.ml", line 30, characters 72-76:
Warning 20: this argument will not be used by the function.
File "ulib/ml/extracted/FStar_SquashEffect.ml", line 44, characters 8-12:
Warning 20: this argument will not be used by the function.
File "ulib/ml/extracted/FStar_SquashEffect.ml", line 44, characters 13-17:
Warning 20: this argument will not be used by the function.
File "ulib/ml/extracted/FStar_SquashProperties.ml", line 59, characters 43-47:
Warning 20: this argument will not be used by the function.
File "ulib/ml/extracted/FStar_SquashProperties.ml", line 65, characters 69-73:
Warning 20: this argument will not be used by the function.
File "ulib/ml/extracted/FStar_Tactics.ml", line 174, characters 72-76:
Warning 20: this argument will not be used by the function.
File "ulib/ml/extracted/FStar_Tactics.ml", line 179, characters 6-10:
Warning 20: this argument will not be used by the function.
File "ulib/ml/extracted/FStar_Tactics.ml", line 187, characters 8-12:
Warning 20: this argument will not be used by the function.
File "ulib/ml/extracted/FStar_Tactics.ml", line 187, characters 13-17:
Warning 20: this argument will not be used by the function.
File "ulib/ml/extracted/FStar_Tactics.ml", line 193, characters 72-76:
Warning 20: this argument will not be used by the function.
File "ulib/ml/extracted/FStar_Tactics.ml", line 451, characters 6-10:
Warning 20: this argument will not be used by the function.
File "ulib/ml/extracted/FStar_Tactics.ml", line 458, characters 6-10:
Warning 20: this argument will not be used by the function.
File "ulib/ml/extracted/FStar_Tactics.ml", line 467, characters 8-12:
Warning 20: this argument will not be used by the function.
File "ulib/ml/extracted/FStar_Tactics.ml", line 467, characters 13-17:
Warning 20: this argument will not be used by the function.
File "ulib/ml/extracted/FStar_Tactics.ml", line 474, characters 6-10:
Warning 20: this argument will not be used by the function.
File "ulib/ml/extracted/FStar_Tactics.ml", line 481, characters 6-10:
Warning 20: this argument will not be used by the function.
File "ulib/ml/extracted/FStar_Tactics.ml", line 487, characters 6-10:
Warning 20: this argument will not be used by the function.
File "ulib/ml/extracted/FStar_Tactics.ml", line 498, characters 6-10:
Warning 20: this argument will not be used by the function.
File "ulib/ml/extracted/FStar_Tactics.ml", line 505, characters 6-10:
Warning 20: this argument will not be used by the function.
File "ulib/ml/extracted/FStar_Tactics.ml", line 555, characters 6-10:
Warning 20: this argument will not be used by the function.
File "ulib/ml/extracted/FStar_Tactics.ml", line 567, characters 6-10:
Warning 20: this argument will not be used by the function.
File "ulib/ml/extracted/FStar_Tactics.ml", line 573, characters 6-10:
Warning 20: this argument will not be used by the function.
File "ulib/ml/extracted/FStar_Tactics.ml", line 581, characters 70-74:
Warning 20: this argument will not be used by the function.
File "ulib/ml/extracted/FStar_Tactics.ml", line 582, characters 8-12:
Warning 20: this argument will not be used by the function.
File "ulib/ml/extracted/FStar_Tactics.ml", line 589, characters 6-10:
Warning 20: this argument will not be used by the function.
File "ulib/ml/extracted/FStar_Tactics.ml", line 595, characters 6-10:
Warning 20: this argument will not be used by the function.
File "ulib/ml/extracted/FStar_Tactics.ml", line 606, characters 6-10:
Warning 20: this argument will not be used by the function.
File "ulib/ml/extracted/FStar_Tactics.ml", line 612, characters 6-10:
Warning 20: this argument will not be used by the function.
File "ulib/ml/extracted/FStar_Tactics.ml", line 621, characters 8-12:
Warning 20: this argument will not be used by the function.
File "ulib/ml/extracted/FStar_Tactics.ml", line 621, characters 13-17:
Warning 20: this argument will not be used by the function.
File "ulib/ml/extracted/FStar_Tactics.ml", line 633, characters 65-69:
Warning 20: this argument will not be used by the function.
File "ulib/ml/extracted/FStar_TSet.ml", line 26, characters 69-72:
Warning 20: this argument will not be used by the function.
File "ulib/ml/extracted/FStar_WellFounded.ml", line 21, characters 8-12:
Warning 20: this argument will not be used by the function.
File "ulib/ml/extracted/FStar_WellFounded.ml", line 21, characters 13-17:
Warning 20: this argument will not be used by the function.
.\hello.fst(5,0-5,37): (Warning) Top-level let-bindings must be total; this term may have effects
.\TestMRef.fst(8,0-8,20): (Warning) Top-level let-bindings must be total; this term may have effects
.\Mac.fst(70,0-70,35): (Warning) Top-level let-bindings must be total; this term may have effects
.\Benton2004.fst(542,2-550,59): (Warning) Pattern misses at least one bound variable: p1#731999
.\Benton2004.fst(594,2-600,48): (Warning) Pattern misses at least one bound variable: phi'#732586
.\Benton2004.fst(631,2-639,102): (Warning) Pattern misses at least one bound variable: phi'#733489
.\Benton2004.RHL.fst(125,2-127,38): (Warning) Pattern misses at least one bound variable: t#843049
.\Benton2004.RHL.fst(292,2-300,59): (Warning) Pattern misses at least one bound variable: p1#851346
.\Benton2004.RHL.fst(575,2-581,48): (Warning) Pattern misses at least one bound variable: phi'#861558
.\Benton2004.RHL.fst(606,2-614,102): (Warning) Pattern misses at least one bound variable: phi'#862504
.\Benton2004.RHL.Derived.fst(59,2-65,48): (Warning) Pattern misses at least one bound variable: phi'#872088
WARNING: (10616,43): pattern does not contain all quantified variables.
WARNING: (89783,39): pattern does not contain all quantified variables.
WARNING: (90471,28): pattern does not contain all quantified variables.
WARNING: (90575,29): pattern does not contain all quantified variables.
WARNING: (90755,27): pattern does not contain all quantified variables.
WARNING: (93400,43): pattern does not contain all quantified variables.
WARNING: (94971,32): pattern does not contain all quantified variables.
WARNING: (95801,34): pattern does not contain all quantified variables.
WARNING: (95905,33): pattern does not contain all quantified variables.
WARNING: (96085,31): pattern does not contain all quantified variables.
WARNING: (96369,46): pattern does not contain all quantified variables.
make[3]: warning: jobserver unavailable: using -j1.  Add '+' to parent make rule.
.\Ex01a.fst(68,0-68,48): (Warning) Top-level let-bindings must be total; this term may have effects
.\Ex10a.fst(28,0-28,22): (Warning) Top-level let-bindings must be total; this term may have effects
.\Ex12a1.Cap.fst(23,0-23,26): (Warning) Top-level let-bindings must be total; this term may have effects
make[3]: warning: jobserver unavailable: using -j1.  Add '+' to parent make rule.
.\Ex01a.fst(58,0-58,48): (Warning) Top-level let-bindings must be total; this term may have effects
.\Ex10a.fst(28,0-28,22): (Warning) Top-level let-bindings must be total; this term may have effects
.\Ex12a1.Cap.fst(21,0-21,26): (Warning) Top-level let-bindings must be total; this term may have effects
.\Ex12a2.Cap.fst(21,0-21,31): (Warning) Top-level let-bindings must be total; this term may have effects
.\Ex12a2.Cap.fst(42,0-42,33): (Warning) Top-level let-bindings must be total; this term may have effects
.\Ex12b.RPC.fst(15,0-15,53): (Warning) Top-level let-bindings must be total; this term may have effects
.\Ex12b.RPC.fst(29,0-29,38): (Warning) Top-level let-bindings must be total; this term may have effects
.\Ex12b.RPC.fst(61,8-61,53): (Warning) Top-level let-bindings must be total; this term may have effects
.\Ex12b.RPC.fst(90,0-91,16): (Warning) Top-level let-bindings must be total; this term may have effects
.\Ex12b.RPC.fst(170,0-170,17): (Warning) Top-level let-bindings must be total; this term may have effects
.\Ex01a.fst(58,0-58,48): (Warning) Top-level let-bindings must be total; this term may have effects
make[3]: [Makefile:68: Ex01a-ocaml] Error 2 (ignored)
