dos2unix: converting file parser/parse.fsi to Unix format...
Warning: you are using the standard library and/or the %inline keyword. We
recommend switching on --infer in order to avoid obscure type error messages.
dos2unix: converting file parse.mly to Unix format...
File "src/basic/ml/FStar_Util.ml", line 49, characters 57-65:
Warning 40: st_mtime was selected from type BatUnix.stats.
It is not visible in the current scope, and will not 
be selected if the type becomes unknown.
File "src/tactics/ml/FStar_Reflection_Syntax.ml", line 12, characters 27-33:
Warning 40: C_Unit was selected from type FStar_Reflection_Data.vconst.
It is not visible in the current scope, and will not 
be selected if the type becomes unknown.
File "src/tactics/ml/FStar_Reflection_Syntax.ml", line 15, characters 27-32:
Warning 40: C_Int was selected from type FStar_Reflection_Data.vconst.
It is not visible in the current scope, and will not 
be selected if the type becomes unknown.
File "src/tactics/ml/FStar_Reflection_Syntax.ml", line 17, characters 43-48:
Warning 40: C_Int was selected from type FStar_Reflection_Data.vconst.
It is not visible in the current scope, and will not 
be selected if the type becomes unknown.
File "src/tactics/ml/FStar_Reflection_Syntax.ml", line 20, characters 27-33:
Warning 40: C_True was selected from type FStar_Reflection_Data.vconst.
It is not visible in the current scope, and will not 
be selected if the type becomes unknown.
File "src/tactics/ml/FStar_Reflection_Syntax.ml", line 23, characters 27-34:
Warning 40: C_False was selected from type FStar_Reflection_Data.vconst.
It is not visible in the current scope, and will not 
be selected if the type becomes unknown.
File "src/tactics/ml/FStar_Reflection_Syntax.ml", line 36, characters 27-33:
Warning 40: Tv_Var was selected from type FStar_Reflection_Data.term_view.
It is not visible in the current scope, and will not 
be selected if the type becomes unknown.
File "src/tactics/ml/FStar_Reflection_Syntax.ml", line 38, characters 43-49:
Warning 40: Tv_Var was selected from type FStar_Reflection_Data.term_view.
It is not visible in the current scope, and will not 
be selected if the type becomes unknown.
File "src/tactics/ml/FStar_Reflection_Syntax.ml", line 41, characters 27-34:
Warning 40: Tv_FVar was selected from type FStar_Reflection_Data.term_view.
It is not visible in the current scope, and will not 
be selected if the type becomes unknown.
File "src/tactics/ml/FStar_Reflection_Syntax.ml", line 43, characters 43-50:
Warning 40: Tv_FVar was selected from type FStar_Reflection_Data.term_view.
It is not visible in the current scope, and will not 
be selected if the type becomes unknown.
File "src/tactics/ml/FStar_Reflection_Syntax.ml", line 46, characters 27-33:
Warning 40: Tv_App was selected from type FStar_Reflection_Data.term_view.
It is not visible in the current scope, and will not 
be selected if the type becomes unknown.
File "src/tactics/ml/FStar_Reflection_Syntax.ml", line 48, characters 43-49:
Warning 40: Tv_App was selected from type FStar_Reflection_Data.term_view.
It is not visible in the current scope, and will not 
be selected if the type becomes unknown.
File "src/tactics/ml/FStar_Reflection_Syntax.ml", line 50, characters 43-49:
Warning 40: Tv_App was selected from type FStar_Reflection_Data.term_view.
It is not visible in the current scope, and will not 
be selected if the type becomes unknown.
File "src/tactics/ml/FStar_Reflection_Syntax.ml", line 53, characters 27-33:
Warning 40: Tv_Abs was selected from type FStar_Reflection_Data.term_view.
It is not visible in the current scope, and will not 
be selected if the type becomes unknown.
File "src/tactics/ml/FStar_Reflection_Syntax.ml", line 55, characters 43-49:
Warning 40: Tv_Abs was selected from type FStar_Reflection_Data.term_view.
It is not visible in the current scope, and will not 
be selected if the type becomes unknown.
File "src/tactics/ml/FStar_Reflection_Syntax.ml", line 57, characters 43-49:
Warning 40: Tv_Abs was selected from type FStar_Reflection_Data.term_view.
It is not visible in the current scope, and will not 
be selected if the type becomes unknown.
File "src/tactics/ml/FStar_Reflection_Syntax.ml", line 60, characters 27-35:
Warning 40: Tv_Arrow was selected from type FStar_Reflection_Data.term_view.
It is not visible in the current scope, and will not 
be selected if the type becomes unknown.
File "src/tactics/ml/FStar_Reflection_Syntax.ml", line 62, characters 43-51:
Warning 40: Tv_Arrow was selected from type FStar_Reflection_Data.term_view.
It is not visible in the current scope, and will not 
be selected if the type becomes unknown.
File "src/tactics/ml/FStar_Reflection_Syntax.ml", line 64, characters 43-51:
Warning 40: Tv_Arrow was selected from type FStar_Reflection_Data.term_view.
It is not visible in the current scope, and will not 
be selected if the type becomes unknown.
File "src/tactics/ml/FStar_Reflection_Syntax.ml", line 67, characters 27-34:
Warning 40: Tv_Type was selected from type FStar_Reflection_Data.term_view.
It is not visible in the current scope, and will not 
be selected if the type becomes unknown.
File "src/tactics/ml/FStar_Reflection_Syntax.ml", line 71, characters 27-36:
Warning 40: Tv_Refine was selected from type FStar_Reflection_Data.term_view.
It is not visible in the current scope, and will not 
be selected if the type becomes unknown.
File "src/tactics/ml/FStar_Reflection_Syntax.ml", line 73, characters 43-52:
Warning 40: Tv_Refine was selected from type FStar_Reflection_Data.term_view.
It is not visible in the current scope, and will not 
be selected if the type becomes unknown.
File "src/tactics/ml/FStar_Reflection_Syntax.ml", line 75, characters 43-52:
Warning 40: Tv_Refine was selected from type FStar_Reflection_Data.term_view.
It is not visible in the current scope, and will not 
be selected if the type becomes unknown.
File "src/tactics/ml/FStar_Reflection_Syntax.ml", line 78, characters 27-35:
Warning 40: Tv_Const was selected from type FStar_Reflection_Data.term_view.
It is not visible in the current scope, and will not 
be selected if the type becomes unknown.
File "src/tactics/ml/FStar_Reflection_Syntax.ml", line 80, characters 43-51:
Warning 40: Tv_Const was selected from type FStar_Reflection_Data.term_view.
It is not visible in the current scope, and will not 
be selected if the type becomes unknown.
File "src/tactics/ml/FStar_Reflection_Syntax.ml", line 83, characters 27-37:
Warning 40: Tv_Unknown was selected from type FStar_Reflection_Data.term_view.
It is not visible in the current scope, and will not 
be selected if the type becomes unknown.
File "src/tactics/ml/FStar_Reflection_Syntax.ml", line 197, characters 8-14:
Warning 40: Tv_App was selected from type FStar_Reflection_Data.term_view.
It is not visible in the current scope, and will not 
be selected if the type becomes unknown.
File "src/tactics/ml/FStar_Reflection_Syntax.ml", line 209, characters 57-63:
Warning 40: Tv_App was selected from type FStar_Reflection_Data.term_view.
It is not visible in the current scope, and will not 
be selected if the type becomes unknown.
File "src/tactics/ml/FStar_Reflection_Syntax.ml", line 246, characters 9-15:
Warning 40: C_Unit was selected from type FStar_Reflection_Data.vconst.
It is not visible in the current scope, and will not 
be selected if the type becomes unknown.
File "src/tactics/ml/FStar_Reflection_Syntax.ml", line 246, characters 17-23:
Warning 40: C_Unit was selected from type FStar_Reflection_Data.vconst.
It is not visible in the current scope, and will not 
be selected if the type becomes unknown.
File "src/tactics/ml/FStar_Reflection_Syntax.ml", line 247, characters 9-14:
Warning 40: C_Int was selected from type FStar_Reflection_Data.vconst.
It is not visible in the current scope, and will not 
be selected if the type becomes unknown.
File "src/tactics/ml/FStar_Reflection_Syntax.ml", line 247, characters 17-22:
Warning 40: C_Int was selected from type FStar_Reflection_Data.vconst.
It is not visible in the current scope, and will not 
be selected if the type becomes unknown.
File "src/tactics/ml/FStar_Reflection_Syntax.ml", line 248, characters 9-15:
Warning 40: C_True was selected from type FStar_Reflection_Data.vconst.
It is not visible in the current scope, and will not 
be selected if the type becomes unknown.
File "src/tactics/ml/FStar_Reflection_Syntax.ml", line 248, characters 17-23:
Warning 40: C_True was selected from type FStar_Reflection_Data.vconst.
It is not visible in the current scope, and will not 
be selected if the type becomes unknown.
File "src/tactics/ml/FStar_Reflection_Syntax.ml", line 249, characters 9-16:
Warning 40: C_False was selected from type FStar_Reflection_Data.vconst.
It is not visible in the current scope, and will not 
be selected if the type becomes unknown.
File "src/tactics/ml/FStar_Reflection_Syntax.ml", line 249, characters 18-25:
Warning 40: C_False was selected from type FStar_Reflection_Data.vconst.
It is not visible in the current scope, and will not 
be selected if the type becomes unknown.
File "src/tactics/ml/FStar_Reflection_Syntax.ml", line 250, characters 9-15:
Warning 40: C_Unit was selected from type FStar_Reflection_Data.vconst.
It is not visible in the current scope, and will not 
be selected if the type becomes unknown.
File "src/tactics/ml/FStar_Reflection_Syntax.ml", line 251, characters 19-25:
Warning 40: C_Unit was selected from type FStar_Reflection_Data.vconst.
It is not visible in the current scope, and will not 
be selected if the type becomes unknown.
File "src/tactics/ml/FStar_Reflection_Syntax.ml", line 252, characters 9-14:
Warning 40: C_Int was selected from type FStar_Reflection_Data.vconst.
It is not visible in the current scope, and will not 
be selected if the type becomes unknown.
File "src/tactics/ml/FStar_Reflection_Syntax.ml", line 253, characters 19-24:
Warning 40: C_Int was selected from type FStar_Reflection_Data.vconst.
It is not visible in the current scope, and will not 
be selected if the type becomes unknown.
File "src/tactics/ml/FStar_Reflection_Syntax.ml", line 254, characters 9-15:
Warning 40: C_True was selected from type FStar_Reflection_Data.vconst.
It is not visible in the current scope, and will not 
be selected if the type becomes unknown.
File "src/tactics/ml/FStar_Reflection_Syntax.ml", line 255, characters 19-25:
Warning 40: C_True was selected from type FStar_Reflection_Data.vconst.
It is not visible in the current scope, and will not 
be selected if the type becomes unknown.
File "src/tactics/ml/FStar_Reflection_Syntax.ml", line 256, characters 9-16:
Warning 40: C_False was selected from type FStar_Reflection_Data.vconst.
It is not visible in the current scope, and will not 
be selected if the type becomes unknown.
File "src/tactics/ml/FStar_Reflection_Syntax.ml", line 257, characters 19-26:
Warning 40: C_False was selected from type FStar_Reflection_Data.vconst.
It is not visible in the current scope, and will not 
be selected if the type becomes unknown.
File "src/tactics/ml/FStar_Reflection_Syntax.ml", line 265, characters 9-15:
Warning 40: Tv_Var was selected from type FStar_Reflection_Data.term_view.
It is not visible in the current scope, and will not 
be selected if the type becomes unknown.
File "src/tactics/ml/FStar_Reflection_Syntax.ml", line 265, characters 19-25:
Warning 40: Tv_Var was selected from type FStar_Reflection_Data.term_view.
It is not visible in the current scope, and will not 
be selected if the type becomes unknown.
File "src/tactics/ml/FStar_Reflection_Syntax.ml", line 266, characters 9-16:
Warning 40: Tv_FVar was selected from type FStar_Reflection_Data.term_view.
It is not visible in the current scope, and will not 
be selected if the type becomes unknown.
File "src/tactics/ml/FStar_Reflection_Syntax.ml", line 266, characters 20-27:
Warning 40: Tv_FVar was selected from type FStar_Reflection_Data.term_view.
It is not visible in the current scope, and will not 
be selected if the type becomes unknown.
File "src/tactics/ml/FStar_Reflection_Syntax.ml", line 267, characters 9-15:
Warning 40: Tv_App was selected from type FStar_Reflection_Data.term_view.
It is not visible in the current scope, and will not 
be selected if the type becomes unknown.
File "src/tactics/ml/FStar_Reflection_Syntax.ml", line 267, characters 24-30:
Warning 40: Tv_App was selected from type FStar_Reflection_Data.term_view.
It is not visible in the current scope, and will not 
be selected if the type becomes unknown.
File "src/tactics/ml/FStar_Reflection_Syntax.ml", line 270, characters 9-15:
Warning 40: Tv_Abs was selected from type FStar_Reflection_Data.term_view.
It is not visible in the current scope, and will not 
be selected if the type becomes unknown.
File "src/tactics/ml/FStar_Reflection_Syntax.ml", line 270, characters 24-30:
Warning 40: Tv_Abs was selected from type FStar_Reflection_Data.term_view.
It is not visible in the current scope, and will not 
be selected if the type becomes unknown.
File "src/tactics/ml/FStar_Reflection_Syntax.ml", line 273, characters 9-17:
Warning 40: Tv_Arrow was selected from type FStar_Reflection_Data.term_view.
It is not visible in the current scope, and will not 
be selected if the type becomes unknown.
File "src/tactics/ml/FStar_Reflection_Syntax.ml", line 273, characters 26-34:
Warning 40: Tv_Arrow was selected from type FStar_Reflection_Data.term_view.
It is not visible in the current scope, and will not 
be selected if the type becomes unknown.
File "src/tactics/ml/FStar_Reflection_Syntax.ml", line 276, characters 9-18:
Warning 40: Tv_Refine was selected from type FStar_Reflection_Data.term_view.
It is not visible in the current scope, and will not 
be selected if the type becomes unknown.
File "src/tactics/ml/FStar_Reflection_Syntax.ml", line 276, characters 27-36:
Warning 40: Tv_Refine was selected from type FStar_Reflection_Data.term_view.
It is not visible in the current scope, and will not 
be selected if the type becomes unknown.
File "src/tactics/ml/FStar_Reflection_Syntax.ml", line 279, characters 9-16:
Warning 40: Tv_Type was selected from type FStar_Reflection_Data.term_view.
It is not visible in the current scope, and will not 
be selected if the type becomes unknown.
File "src/tactics/ml/FStar_Reflection_Syntax.ml", line 279, characters 20-27:
Warning 40: Tv_Type was selected from type FStar_Reflection_Data.term_view.
It is not visible in the current scope, and will not 
be selected if the type becomes unknown.
File "src/tactics/ml/FStar_Reflection_Syntax.ml", line 280, characters 9-17:
Warning 40: Tv_Const was selected from type FStar_Reflection_Data.term_view.
It is not visible in the current scope, and will not 
be selected if the type becomes unknown.
File "src/tactics/ml/FStar_Reflection_Syntax.ml", line 280, characters 21-29:
Warning 40: Tv_Const was selected from type FStar_Reflection_Data.term_view.
It is not visible in the current scope, and will not 
be selected if the type becomes unknown.
File "src/tactics/ml/FStar_Reflection_Syntax.ml", line 281, characters 9-19:
Warning 40: Tv_Unknown was selected from type FStar_Reflection_Data.term_view.
It is not visible in the current scope, and will not 
be selected if the type becomes unknown.
File "src/tactics/ml/FStar_Reflection_Syntax.ml", line 281, characters 21-31:
Warning 40: Tv_Unknown was selected from type FStar_Reflection_Data.term_view.
It is not visible in the current scope, and will not 
be selected if the type becomes unknown.
File "src/tactics/ml/FStar_Reflection_Syntax.ml", line 282, characters 9-15:
Warning 40: Tv_Var was selected from type FStar_Reflection_Data.term_view.
It is not visible in the current scope, and will not 
be selected if the type becomes unknown.
File "src/tactics/ml/FStar_Reflection_Syntax.ml", line 283, characters 19-25:
Warning 40: Tv_Var was selected from type FStar_Reflection_Data.term_view.
It is not visible in the current scope, and will not 
be selected if the type becomes unknown.
File "src/tactics/ml/FStar_Reflection_Syntax.ml", line 284, characters 9-16:
Warning 40: Tv_FVar was selected from type FStar_Reflection_Data.term_view.
It is not visible in the current scope, and will not 
be selected if the type becomes unknown.
File "src/tactics/ml/FStar_Reflection_Syntax.ml", line 285, characters 19-26:
Warning 40: Tv_FVar was selected from type FStar_Reflection_Data.term_view.
It is not visible in the current scope, and will not 
be selected if the type becomes unknown.
File "src/tactics/ml/FStar_Reflection_Syntax.ml", line 286, characters 9-15:
Warning 40: Tv_App was selected from type FStar_Reflection_Data.term_view.
It is not visible in the current scope, and will not 
be selected if the type becomes unknown.
File "src/tactics/ml/FStar_Reflection_Syntax.ml", line 287, characters 19-25:
Warning 40: Tv_App was selected from type FStar_Reflection_Data.term_view.
It is not visible in the current scope, and will not 
be selected if the type becomes unknown.
File "src/tactics/ml/FStar_Reflection_Syntax.ml", line 288, characters 9-15:
Warning 40: Tv_Abs was selected from type FStar_Reflection_Data.term_view.
It is not visible in the current scope, and will not 
be selected if the type becomes unknown.
File "src/tactics/ml/FStar_Reflection_Syntax.ml", line 289, characters 19-25:
Warning 40: Tv_Abs was selected from type FStar_Reflection_Data.term_view.
It is not visible in the current scope, and will not 
be selected if the type becomes unknown.
File "src/tactics/ml/FStar_Reflection_Syntax.ml", line 290, characters 9-17:
Warning 40: Tv_Arrow was selected from type FStar_Reflection_Data.term_view.
It is not visible in the current scope, and will not 
be selected if the type becomes unknown.
File "src/tactics/ml/FStar_Reflection_Syntax.ml", line 291, characters 19-27:
Warning 40: Tv_Arrow was selected from type FStar_Reflection_Data.term_view.
It is not visible in the current scope, and will not 
be selected if the type becomes unknown.
File "src/tactics/ml/FStar_Reflection_Syntax.ml", line 292, characters 9-16:
Warning 40: Tv_Type was selected from type FStar_Reflection_Data.term_view.
It is not visible in the current scope, and will not 
be selected if the type becomes unknown.
File "src/tactics/ml/FStar_Reflection_Syntax.ml", line 293, characters 19-26:
Warning 40: Tv_Type was selected from type FStar_Reflection_Data.term_view.
It is not visible in the current scope, and will not 
be selected if the type becomes unknown.
File "src/tactics/ml/FStar_Reflection_Syntax.ml", line 294, characters 9-18:
Warning 40: Tv_Refine was selected from type FStar_Reflection_Data.term_view.
It is not visible in the current scope, and will not 
be selected if the type becomes unknown.
File "src/tactics/ml/FStar_Reflection_Syntax.ml", line 295, characters 19-28:
Warning 40: Tv_Refine was selected from type FStar_Reflection_Data.term_view.
It is not visible in the current scope, and will not 
be selected if the type becomes unknown.
File "src/tactics/ml/FStar_Reflection_Syntax.ml", line 296, characters 9-17:
Warning 40: Tv_Const was selected from type FStar_Reflection_Data.term_view.
It is not visible in the current scope, and will not 
be selected if the type becomes unknown.
File "src/tactics/ml/FStar_Reflection_Syntax.ml", line 297, characters 19-27:
Warning 40: Tv_Const was selected from type FStar_Reflection_Data.term_view.
It is not visible in the current scope, and will not 
be selected if the type becomes unknown.
File "src/tactics/ml/FStar_Reflection_Syntax.ml", line 298, characters 9-19:
Warning 40: Tv_Unknown was selected from type FStar_Reflection_Data.term_view.
It is not visible in the current scope, and will not 
be selected if the type becomes unknown.
File "src/tactics/ml/FStar_Reflection_Syntax.ml", line 299, characters 19-29:
Warning 40: Tv_Unknown was selected from type FStar_Reflection_Data.term_view.
It is not visible in the current scope, and will not 
be selected if the type becomes unknown.
File "src/tactics/ml/FStar_Tactics_Builtins.ml", line 67, characters 46-47:
Warning 20: this argument will not be used by the function.
File "src/basic/ml/FStar_Util.ml", line 49, characters 57-65:
Warning 40: st_mtime was selected from type BatUnix.stats.
It is not visible in the current scope, and will not 
be selected if the type becomes unknown.
File "src/tactics/ml/FStar_Reflection_Syntax.ml", line 12, characters 27-33:
Warning 40: C_Unit was selected from type FStar_Reflection_Data.vconst.
It is not visible in the current scope, and will not 
be selected if the type becomes unknown.
File "src/tactics/ml/FStar_Reflection_Syntax.ml", line 15, characters 27-32:
Warning 40: C_Int was selected from type FStar_Reflection_Data.vconst.
It is not visible in the current scope, and will not 
be selected if the type becomes unknown.
File "src/tactics/ml/FStar_Reflection_Syntax.ml", line 17, characters 43-48:
Warning 40: C_Int was selected from type FStar_Reflection_Data.vconst.
It is not visible in the current scope, and will not 
be selected if the type becomes unknown.
File "src/tactics/ml/FStar_Reflection_Syntax.ml", line 20, characters 27-33:
Warning 40: C_True was selected from type FStar_Reflection_Data.vconst.
It is not visible in the current scope, and will not 
be selected if the type becomes unknown.
File "src/tactics/ml/FStar_Reflection_Syntax.ml", line 23, characters 27-34:
Warning 40: C_False was selected from type FStar_Reflection_Data.vconst.
It is not visible in the current scope, and will not 
be selected if the type becomes unknown.
File "src/tactics/ml/FStar_Reflection_Syntax.ml", line 36, characters 27-33:
Warning 40: Tv_Var was selected from type FStar_Reflection_Data.term_view.
It is not visible in the current scope, and will not 
be selected if the type becomes unknown.
File "src/tactics/ml/FStar_Reflection_Syntax.ml", line 38, characters 43-49:
Warning 40: Tv_Var was selected from type FStar_Reflection_Data.term_view.
It is not visible in the current scope, and will not 
be selected if the type becomes unknown.
File "src/tactics/ml/FStar_Reflection_Syntax.ml", line 41, characters 27-34:
Warning 40: Tv_FVar was selected from type FStar_Reflection_Data.term_view.
It is not visible in the current scope, and will not 
be selected if the type becomes unknown.
File "src/tactics/ml/FStar_Reflection_Syntax.ml", line 43, characters 43-50:
Warning 40: Tv_FVar was selected from type FStar_Reflection_Data.term_view.
It is not visible in the current scope, and will not 
be selected if the type becomes unknown.
File "src/tactics/ml/FStar_Reflection_Syntax.ml", line 46, characters 27-33:
Warning 40: Tv_App was selected from type FStar_Reflection_Data.term_view.
It is not visible in the current scope, and will not 
be selected if the type becomes unknown.
File "src/tactics/ml/FStar_Reflection_Syntax.ml", line 48, characters 43-49:
Warning 40: Tv_App was selected from type FStar_Reflection_Data.term_view.
It is not visible in the current scope, and will not 
be selected if the type becomes unknown.
File "src/tactics/ml/FStar_Reflection_Syntax.ml", line 50, characters 43-49:
Warning 40: Tv_App was selected from type FStar_Reflection_Data.term_view.
It is not visible in the current scope, and will not 
be selected if the type becomes unknown.
File "src/tactics/ml/FStar_Reflection_Syntax.ml", line 53, characters 27-33:
Warning 40: Tv_Abs was selected from type FStar_Reflection_Data.term_view.
It is not visible in the current scope, and will not 
be selected if the type becomes unknown.
File "src/tactics/ml/FStar_Reflection_Syntax.ml", line 55, characters 43-49:
Warning 40: Tv_Abs was selected from type FStar_Reflection_Data.term_view.
It is not visible in the current scope, and will not 
be selected if the type becomes unknown.
File "src/tactics/ml/FStar_Reflection_Syntax.ml", line 57, characters 43-49:
Warning 40: Tv_Abs was selected from type FStar_Reflection_Data.term_view.
It is not visible in the current scope, and will not 
be selected if the type becomes unknown.
File "src/tactics/ml/FStar_Reflection_Syntax.ml", line 60, characters 27-35:
Warning 40: Tv_Arrow was selected from type FStar_Reflection_Data.term_view.
It is not visible in the current scope, and will not 
be selected if the type becomes unknown.
File "src/tactics/ml/FStar_Reflection_Syntax.ml", line 62, characters 43-51:
Warning 40: Tv_Arrow was selected from type FStar_Reflection_Data.term_view.
It is not visible in the current scope, and will not 
be selected if the type becomes unknown.
File "src/tactics/ml/FStar_Reflection_Syntax.ml", line 64, characters 43-51:
Warning 40: Tv_Arrow was selected from type FStar_Reflection_Data.term_view.
It is not visible in the current scope, and will not 
be selected if the type becomes unknown.
File "src/tactics/ml/FStar_Reflection_Syntax.ml", line 67, characters 27-34:
Warning 40: Tv_Type was selected from type FStar_Reflection_Data.term_view.
It is not visible in the current scope, and will not 
be selected if the type becomes unknown.
File "src/tactics/ml/FStar_Reflection_Syntax.ml", line 71, characters 27-36:
Warning 40: Tv_Refine was selected from type FStar_Reflection_Data.term_view.
It is not visible in the current scope, and will not 
be selected if the type becomes unknown.
File "src/tactics/ml/FStar_Reflection_Syntax.ml", line 73, characters 43-52:
Warning 40: Tv_Refine was selected from type FStar_Reflection_Data.term_view.
It is not visible in the current scope, and will not 
be selected if the type becomes unknown.
File "src/tactics/ml/FStar_Reflection_Syntax.ml", line 75, characters 43-52:
Warning 40: Tv_Refine was selected from type FStar_Reflection_Data.term_view.
It is not visible in the current scope, and will not 
be selected if the type becomes unknown.
File "src/tactics/ml/FStar_Reflection_Syntax.ml", line 78, characters 27-35:
Warning 40: Tv_Const was selected from type FStar_Reflection_Data.term_view.
It is not visible in the current scope, and will not 
be selected if the type becomes unknown.
File "src/tactics/ml/FStar_Reflection_Syntax.ml", line 80, characters 43-51:
Warning 40: Tv_Const was selected from type FStar_Reflection_Data.term_view.
It is not visible in the current scope, and will not 
be selected if the type becomes unknown.
File "src/tactics/ml/FStar_Reflection_Syntax.ml", line 83, characters 27-37:
Warning 40: Tv_Unknown was selected from type FStar_Reflection_Data.term_view.
It is not visible in the current scope, and will not 
be selected if the type becomes unknown.
File "src/tactics/ml/FStar_Reflection_Syntax.ml", line 197, characters 8-14:
Warning 40: Tv_App was selected from type FStar_Reflection_Data.term_view.
It is not visible in the current scope, and will not 
be selected if the type becomes unknown.
File "src/tactics/ml/FStar_Reflection_Syntax.ml", line 209, characters 57-63:
Warning 40: Tv_App was selected from type FStar_Reflection_Data.term_view.
It is not visible in the current scope, and will not 
be selected if the type becomes unknown.
File "src/tactics/ml/FStar_Reflection_Syntax.ml", line 246, characters 9-15:
Warning 40: C_Unit was selected from type FStar_Reflection_Data.vconst.
It is not visible in the current scope, and will not 
be selected if the type becomes unknown.
File "src/tactics/ml/FStar_Reflection_Syntax.ml", line 246, characters 17-23:
Warning 40: C_Unit was selected from type FStar_Reflection_Data.vconst.
It is not visible in the current scope, and will not 
be selected if the type becomes unknown.
File "src/tactics/ml/FStar_Reflection_Syntax.ml", line 247, characters 9-14:
Warning 40: C_Int was selected from type FStar_Reflection_Data.vconst.
It is not visible in the current scope, and will not 
be selected if the type becomes unknown.
File "src/tactics/ml/FStar_Reflection_Syntax.ml", line 247, characters 17-22:
Warning 40: C_Int was selected from type FStar_Reflection_Data.vconst.
It is not visible in the current scope, and will not 
be selected if the type becomes unknown.
File "src/tactics/ml/FStar_Reflection_Syntax.ml", line 248, characters 9-15:
Warning 40: C_True was selected from type FStar_Reflection_Data.vconst.
It is not visible in the current scope, and will not 
be selected if the type becomes unknown.
File "src/tactics/ml/FStar_Reflection_Syntax.ml", line 248, characters 17-23:
Warning 40: C_True was selected from type FStar_Reflection_Data.vconst.
It is not visible in the current scope, and will not 
be selected if the type becomes unknown.
File "src/tactics/ml/FStar_Reflection_Syntax.ml", line 249, characters 9-16:
Warning 40: C_False was selected from type FStar_Reflection_Data.vconst.
It is not visible in the current scope, and will not 
be selected if the type becomes unknown.
File "src/tactics/ml/FStar_Reflection_Syntax.ml", line 249, characters 18-25:
Warning 40: C_False was selected from type FStar_Reflection_Data.vconst.
It is not visible in the current scope, and will not 
be selected if the type becomes unknown.
File "src/tactics/ml/FStar_Reflection_Syntax.ml", line 250, characters 9-15:
Warning 40: C_Unit was selected from type FStar_Reflection_Data.vconst.
It is not visible in the current scope, and will not 
be selected if the type becomes unknown.
File "src/tactics/ml/FStar_Reflection_Syntax.ml", line 251, characters 19-25:
Warning 40: C_Unit was selected from type FStar_Reflection_Data.vconst.
It is not visible in the current scope, and will not 
be selected if the type becomes unknown.
File "src/tactics/ml/FStar_Reflection_Syntax.ml", line 252, characters 9-14:
Warning 40: C_Int was selected from type FStar_Reflection_Data.vconst.
It is not visible in the current scope, and will not 
be selected if the type becomes unknown.
File "src/tactics/ml/FStar_Reflection_Syntax.ml", line 253, characters 19-24:
Warning 40: C_Int was selected from type FStar_Reflection_Data.vconst.
It is not visible in the current scope, and will not 
be selected if the type becomes unknown.
File "src/tactics/ml/FStar_Reflection_Syntax.ml", line 254, characters 9-15:
Warning 40: C_True was selected from type FStar_Reflection_Data.vconst.
It is not visible in the current scope, and will not 
be selected if the type becomes unknown.
File "src/tactics/ml/FStar_Reflection_Syntax.ml", line 255, characters 19-25:
Warning 40: C_True was selected from type FStar_Reflection_Data.vconst.
It is not visible in the current scope, and will not 
be selected if the type becomes unknown.
File "src/tactics/ml/FStar_Reflection_Syntax.ml", line 256, characters 9-16:
Warning 40: C_False was selected from type FStar_Reflection_Data.vconst.
It is not visible in the current scope, and will not 
be selected if the type becomes unknown.
File "src/tactics/ml/FStar_Reflection_Syntax.ml", line 257, characters 19-26:
Warning 40: C_False was selected from type FStar_Reflection_Data.vconst.
It is not visible in the current scope, and will not 
be selected if the type becomes unknown.
File "src/tactics/ml/FStar_Reflection_Syntax.ml", line 265, characters 9-15:
Warning 40: Tv_Var was selected from type FStar_Reflection_Data.term_view.
It is not visible in the current scope, and will not 
be selected if the type becomes unknown.
File "src/tactics/ml/FStar_Reflection_Syntax.ml", line 265, characters 19-25:
Warning 40: Tv_Var was selected from type FStar_Reflection_Data.term_view.
It is not visible in the current scope, and will not 
be selected if the type becomes unknown.
File "src/tactics/ml/FStar_Reflection_Syntax.ml", line 266, characters 9-16:
Warning 40: Tv_FVar was selected from type FStar_Reflection_Data.term_view.
It is not visible in the current scope, and will not 
be selected if the type becomes unknown.
File "src/tactics/ml/FStar_Reflection_Syntax.ml", line 266, characters 20-27:
Warning 40: Tv_FVar was selected from type FStar_Reflection_Data.term_view.
It is not visible in the current scope, and will not 
be selected if the type becomes unknown.
File "src/tactics/ml/FStar_Reflection_Syntax.ml", line 267, characters 9-15:
Warning 40: Tv_App was selected from type FStar_Reflection_Data.term_view.
It is not visible in the current scope, and will not 
be selected if the type becomes unknown.
File "src/tactics/ml/FStar_Reflection_Syntax.ml", line 267, characters 24-30:
Warning 40: Tv_App was selected from type FStar_Reflection_Data.term_view.
It is not visible in the current scope, and will not 
be selected if the type becomes unknown.
File "src/tactics/ml/FStar_Reflection_Syntax.ml", line 270, characters 9-15:
Warning 40: Tv_Abs was selected from type FStar_Reflection_Data.term_view.
It is not visible in the current scope, and will not 
be selected if the type becomes unknown.
File "src/tactics/ml/FStar_Reflection_Syntax.ml", line 270, characters 24-30:
Warning 40: Tv_Abs was selected from type FStar_Reflection_Data.term_view.
It is not visible in the current scope, and will not 
be selected if the type becomes unknown.
File "src/tactics/ml/FStar_Reflection_Syntax.ml", line 273, characters 9-17:
Warning 40: Tv_Arrow was selected from type FStar_Reflection_Data.term_view.
It is not visible in the current scope, and will not 
be selected if the type becomes unknown.
File "src/tactics/ml/FStar_Reflection_Syntax.ml", line 273, characters 26-34:
Warning 40: Tv_Arrow was selected from type FStar_Reflection_Data.term_view.
It is not visible in the current scope, and will not 
be selected if the type becomes unknown.
File "src/tactics/ml/FStar_Reflection_Syntax.ml", line 276, characters 9-18:
Warning 40: Tv_Refine was selected from type FStar_Reflection_Data.term_view.
It is not visible in the current scope, and will not 
be selected if the type becomes unknown.
File "src/tactics/ml/FStar_Reflection_Syntax.ml", line 276, characters 27-36:
Warning 40: Tv_Refine was selected from type FStar_Reflection_Data.term_view.
It is not visible in the current scope, and will not 
be selected if the type becomes unknown.
File "src/tactics/ml/FStar_Reflection_Syntax.ml", line 279, characters 9-16:
Warning 40: Tv_Type was selected from type FStar_Reflection_Data.term_view.
It is not visible in the current scope, and will not 
be selected if the type becomes unknown.
File "src/tactics/ml/FStar_Reflection_Syntax.ml", line 279, characters 20-27:
Warning 40: Tv_Type was selected from type FStar_Reflection_Data.term_view.
It is not visible in the current scope, and will not 
be selected if the type becomes unknown.
File "src/tactics/ml/FStar_Reflection_Syntax.ml", line 280, characters 9-17:
Warning 40: Tv_Const was selected from type FStar_Reflection_Data.term_view.
It is not visible in the current scope, and will not 
be selected if the type becomes unknown.
File "src/tactics/ml/FStar_Reflection_Syntax.ml", line 280, characters 21-29:
Warning 40: Tv_Const was selected from type FStar_Reflection_Data.term_view.
It is not visible in the current scope, and will not 
be selected if the type becomes unknown.
File "src/tactics/ml/FStar_Reflection_Syntax.ml", line 281, characters 9-19:
Warning 40: Tv_Unknown was selected from type FStar_Reflection_Data.term_view.
It is not visible in the current scope, and will not 
be selected if the type becomes unknown.
File "src/tactics/ml/FStar_Reflection_Syntax.ml", line 281, characters 21-31:
Warning 40: Tv_Unknown was selected from type FStar_Reflection_Data.term_view.
It is not visible in the current scope, and will not 
be selected if the type becomes unknown.
File "src/tactics/ml/FStar_Reflection_Syntax.ml", line 282, characters 9-15:
Warning 40: Tv_Var was selected from type FStar_Reflection_Data.term_view.
It is not visible in the current scope, and will not 
be selected if the type becomes unknown.
File "src/tactics/ml/FStar_Reflection_Syntax.ml", line 283, characters 19-25:
Warning 40: Tv_Var was selected from type FStar_Reflection_Data.term_view.
It is not visible in the current scope, and will not 
be selected if the type becomes unknown.
File "src/tactics/ml/FStar_Reflection_Syntax.ml", line 284, characters 9-16:
Warning 40: Tv_FVar was selected from type FStar_Reflection_Data.term_view.
It is not visible in the current scope, and will not 
be selected if the type becomes unknown.
File "src/tactics/ml/FStar_Reflection_Syntax.ml", line 285, characters 19-26:
Warning 40: Tv_FVar was selected from type FStar_Reflection_Data.term_view.
It is not visible in the current scope, and will not 
be selected if the type becomes unknown.
File "src/tactics/ml/FStar_Reflection_Syntax.ml", line 286, characters 9-15:
Warning 40: Tv_App was selected from type FStar_Reflection_Data.term_view.
It is not visible in the current scope, and will not 
be selected if the type becomes unknown.
File "src/tactics/ml/FStar_Reflection_Syntax.ml", line 287, characters 19-25:
Warning 40: Tv_App was selected from type FStar_Reflection_Data.term_view.
It is not visible in the current scope, and will not 
be selected if the type becomes unknown.
File "src/tactics/ml/FStar_Reflection_Syntax.ml", line 288, characters 9-15:
Warning 40: Tv_Abs was selected from type FStar_Reflection_Data.term_view.
It is not visible in the current scope, and will not 
be selected if the type becomes unknown.
File "src/tactics/ml/FStar_Reflection_Syntax.ml", line 289, characters 19-25:
Warning 40: Tv_Abs was selected from type FStar_Reflection_Data.term_view.
It is not visible in the current scope, and will not 
be selected if the type becomes unknown.
File "src/tactics/ml/FStar_Reflection_Syntax.ml", line 290, characters 9-17:
Warning 40: Tv_Arrow was selected from type FStar_Reflection_Data.term_view.
It is not visible in the current scope, and will not 
be selected if the type becomes unknown.
File "src/tactics/ml/FStar_Reflection_Syntax.ml", line 291, characters 19-27:
Warning 40: Tv_Arrow was selected from type FStar_Reflection_Data.term_view.
It is not visible in the current scope, and will not 
be selected if the type becomes unknown.
File "src/tactics/ml/FStar_Reflection_Syntax.ml", line 292, characters 9-16:
Warning 40: Tv_Type was selected from type FStar_Reflection_Data.term_view.
It is not visible in the current scope, and will not 
be selected if the type becomes unknown.
File "src/tactics/ml/FStar_Reflection_Syntax.ml", line 293, characters 19-26:
Warning 40: Tv_Type was selected from type FStar_Reflection_Data.term_view.
It is not visible in the current scope, and will not 
be selected if the type becomes unknown.
File "src/tactics/ml/FStar_Reflection_Syntax.ml", line 294, characters 9-18:
Warning 40: Tv_Refine was selected from type FStar_Reflection_Data.term_view.
It is not visible in the current scope, and will not 
be selected if the type becomes unknown.
File "src/tactics/ml/FStar_Reflection_Syntax.ml", line 295, characters 19-28:
Warning 40: Tv_Refine was selected from type FStar_Reflection_Data.term_view.
It is not visible in the current scope, and will not 
be selected if the type becomes unknown.
File "src/tactics/ml/FStar_Reflection_Syntax.ml", line 296, characters 9-17:
Warning 40: Tv_Const was selected from type FStar_Reflection_Data.term_view.
It is not visible in the current scope, and will not 
be selected if the type becomes unknown.
File "src/tactics/ml/FStar_Reflection_Syntax.ml", line 297, characters 19-27:
Warning 40: Tv_Const was selected from type FStar_Reflection_Data.term_view.
It is not visible in the current scope, and will not 
be selected if the type becomes unknown.
File "src/tactics/ml/FStar_Reflection_Syntax.ml", line 298, characters 9-19:
Warning 40: Tv_Unknown was selected from type FStar_Reflection_Data.term_view.
It is not visible in the current scope, and will not 
be selected if the type becomes unknown.
File "src/tactics/ml/FStar_Reflection_Syntax.ml", line 299, characters 19-29:
Warning 40: Tv_Unknown was selected from type FStar_Reflection_Data.term_view.
It is not visible in the current scope, and will not 
be selected if the type becomes unknown.
File "src/tactics/ml/FStar_Tactics_Builtins.ml", line 67, characters 46-47:
Warning 20: this argument will not be used by the function.
.\u_boot_fsts\FStar.TypeChecker.Util.fst(71,0-73,32): (Warning) Annotation from val declaration overrides inline type annotation
.\u_boot_fsts\FStar.Syntax.Syntax.fst(442,0-442,48): (Warning) Annotation from val declaration overrides inline type annotation
.\u_boot_fsts\FStar.Syntax.Syntax.fst(443,0-443,76): (Warning) Annotation from val declaration overrides inline type annotation
.\u_boot_fsts\FStar.Syntax.Syntax.fst(493,0-495,38): (Warning) Annotation from val declaration overrides inline type annotation
.\u_boot_fsts\FStar.TypeChecker.Env.fst(303,0-307,35): (Warning) Annotation from val declaration overrides inline type annotation
.\u_boot_fsts\FStar.TypeChecker.Env.fst(738,0-740,39): (Warning) Annotation from val declaration overrides inline type annotation
File "src/tactics/ml/FStar_Reflection_Syntax.ml", line 12, characters 27-33:
Warning 40: C_Unit was selected from type FStar_Reflection_Data.vconst.
It is not visible in the current scope, and will not 
be selected if the type becomes unknown.
File "src/tactics/ml/FStar_Reflection_Syntax.ml", line 15, characters 27-32:
Warning 40: C_Int was selected from type FStar_Reflection_Data.vconst.
It is not visible in the current scope, and will not 
be selected if the type becomes unknown.
File "src/tactics/ml/FStar_Reflection_Syntax.ml", line 17, characters 43-48:
Warning 40: C_Int was selected from type FStar_Reflection_Data.vconst.
It is not visible in the current scope, and will not 
be selected if the type becomes unknown.
File "src/tactics/ml/FStar_Reflection_Syntax.ml", line 20, characters 27-33:
Warning 40: C_True was selected from type FStar_Reflection_Data.vconst.
It is not visible in the current scope, and will not 
be selected if the type becomes unknown.
File "src/tactics/ml/FStar_Reflection_Syntax.ml", line 23, characters 27-34:
Warning 40: C_False was selected from type FStar_Reflection_Data.vconst.
It is not visible in the current scope, and will not 
be selected if the type becomes unknown.
File "src/tactics/ml/FStar_Reflection_Syntax.ml", line 36, characters 27-33:
Warning 40: Tv_Var was selected from type FStar_Reflection_Data.term_view.
It is not visible in the current scope, and will not 
be selected if the type becomes unknown.
File "src/tactics/ml/FStar_Reflection_Syntax.ml", line 38, characters 43-49:
Warning 40: Tv_Var was selected from type FStar_Reflection_Data.term_view.
It is not visible in the current scope, and will not 
be selected if the type becomes unknown.
File "src/tactics/ml/FStar_Reflection_Syntax.ml", line 41, characters 27-34:
Warning 40: Tv_FVar was selected from type FStar_Reflection_Data.term_view.
It is not visible in the current scope, and will not 
be selected if the type becomes unknown.
File "src/tactics/ml/FStar_Reflection_Syntax.ml", line 43, characters 43-50:
Warning 40: Tv_FVar was selected from type FStar_Reflection_Data.term_view.
It is not visible in the current scope, and will not 
be selected if the type becomes unknown.
File "src/tactics/ml/FStar_Reflection_Syntax.ml", line 46, characters 27-33:
Warning 40: Tv_App was selected from type FStar_Reflection_Data.term_view.
It is not visible in the current scope, and will not 
be selected if the type becomes unknown.
File "src/tactics/ml/FStar_Reflection_Syntax.ml", line 48, characters 43-49:
Warning 40: Tv_App was selected from type FStar_Reflection_Data.term_view.
It is not visible in the current scope, and will not 
be selected if the type becomes unknown.
File "src/tactics/ml/FStar_Reflection_Syntax.ml", line 50, characters 43-49:
Warning 40: Tv_App was selected from type FStar_Reflection_Data.term_view.
It is not visible in the current scope, and will not 
be selected if the type becomes unknown.
File "src/tactics/ml/FStar_Reflection_Syntax.ml", line 53, characters 27-33:
Warning 40: Tv_Abs was selected from type FStar_Reflection_Data.term_view.
It is not visible in the current scope, and will not 
be selected if the type becomes unknown.
File "src/tactics/ml/FStar_Reflection_Syntax.ml", line 55, characters 43-49:
Warning 40: Tv_Abs was selected from type FStar_Reflection_Data.term_view.
It is not visible in the current scope, and will not 
be selected if the type becomes unknown.
File "src/tactics/ml/FStar_Reflection_Syntax.ml", line 57, characters 43-49:
Warning 40: Tv_Abs was selected from type FStar_Reflection_Data.term_view.
It is not visible in the current scope, and will not 
be selected if the type becomes unknown.
File "src/tactics/ml/FStar_Reflection_Syntax.ml", line 60, characters 27-35:
Warning 40: Tv_Arrow was selected from type FStar_Reflection_Data.term_view.
It is not visible in the current scope, and will not 
be selected if the type becomes unknown.
File "src/tactics/ml/FStar_Reflection_Syntax.ml", line 62, characters 43-51:
Warning 40: Tv_Arrow was selected from type FStar_Reflection_Data.term_view.
It is not visible in the current scope, and will not 
be selected if the type becomes unknown.
File "src/tactics/ml/FStar_Reflection_Syntax.ml", line 64, characters 43-51:
Warning 40: Tv_Arrow was selected from type FStar_Reflection_Data.term_view.
It is not visible in the current scope, and will not 
be selected if the type becomes unknown.
File "src/tactics/ml/FStar_Reflection_Syntax.ml", line 67, characters 27-34:
Warning 40: Tv_Type was selected from type FStar_Reflection_Data.term_view.
It is not visible in the current scope, and will not 
be selected if the type becomes unknown.
File "src/tactics/ml/FStar_Reflection_Syntax.ml", line 71, characters 27-36:
Warning 40: Tv_Refine was selected from type FStar_Reflection_Data.term_view.
It is not visible in the current scope, and will not 
be selected if the type becomes unknown.
File "src/tactics/ml/FStar_Reflection_Syntax.ml", line 73, characters 43-52:
Warning 40: Tv_Refine was selected from type FStar_Reflection_Data.term_view.
It is not visible in the current scope, and will not 
be selected if the type becomes unknown.
File "src/tactics/ml/FStar_Reflection_Syntax.ml", line 75, characters 43-52:
Warning 40: Tv_Refine was selected from type FStar_Reflection_Data.term_view.
It is not visible in the current scope, and will not 
be selected if the type becomes unknown.
File "src/tactics/ml/FStar_Reflection_Syntax.ml", line 78, characters 27-35:
Warning 40: Tv_Const was selected from type FStar_Reflection_Data.term_view.
It is not visible in the current scope, and will not 
be selected if the type becomes unknown.
File "src/tactics/ml/FStar_Reflection_Syntax.ml", line 80, characters 43-51:
Warning 40: Tv_Const was selected from type FStar_Reflection_Data.term_view.
It is not visible in the current scope, and will not 
be selected if the type becomes unknown.
File "src/tactics/ml/FStar_Reflection_Syntax.ml", line 83, characters 27-37:
Warning 40: Tv_Unknown was selected from type FStar_Reflection_Data.term_view.
It is not visible in the current scope, and will not 
be selected if the type becomes unknown.
File "src/tactics/ml/FStar_Reflection_Syntax.ml", line 197, characters 8-14:
Warning 40: Tv_App was selected from type FStar_Reflection_Data.term_view.
It is not visible in the current scope, and will not 
be selected if the type becomes unknown.
File "src/tactics/ml/FStar_Reflection_Syntax.ml", line 209, characters 57-63:
Warning 40: Tv_App was selected from type FStar_Reflection_Data.term_view.
It is not visible in the current scope, and will not 
be selected if the type becomes unknown.
File "src/tactics/ml/FStar_Reflection_Syntax.ml", line 246, characters 9-15:
Warning 40: C_Unit was selected from type FStar_Reflection_Data.vconst.
It is not visible in the current scope, and will not 
be selected if the type becomes unknown.
File "src/tactics/ml/FStar_Reflection_Syntax.ml", line 246, characters 17-23:
Warning 40: C_Unit was selected from type FStar_Reflection_Data.vconst.
It is not visible in the current scope, and will not 
be selected if the type becomes unknown.
File "src/tactics/ml/FStar_Reflection_Syntax.ml", line 247, characters 9-14:
Warning 40: C_Int was selected from type FStar_Reflection_Data.vconst.
It is not visible in the current scope, and will not 
be selected if the type becomes unknown.
File "src/tactics/ml/FStar_Reflection_Syntax.ml", line 247, characters 17-22:
Warning 40: C_Int was selected from type FStar_Reflection_Data.vconst.
It is not visible in the current scope, and will not 
be selected if the type becomes unknown.
File "src/tactics/ml/FStar_Reflection_Syntax.ml", line 248, characters 9-15:
Warning 40: C_True was selected from type FStar_Reflection_Data.vconst.
It is not visible in the current scope, and will not 
be selected if the type becomes unknown.
File "src/tactics/ml/FStar_Reflection_Syntax.ml", line 248, characters 17-23:
Warning 40: C_True was selected from type FStar_Reflection_Data.vconst.
It is not visible in the current scope, and will not 
be selected if the type becomes unknown.
File "src/tactics/ml/FStar_Reflection_Syntax.ml", line 249, characters 9-16:
Warning 40: C_False was selected from type FStar_Reflection_Data.vconst.
It is not visible in the current scope, and will not 
be selected if the type becomes unknown.
File "src/tactics/ml/FStar_Reflection_Syntax.ml", line 249, characters 18-25:
Warning 40: C_False was selected from type FStar_Reflection_Data.vconst.
It is not visible in the current scope, and will not 
be selected if the type becomes unknown.
File "src/tactics/ml/FStar_Reflection_Syntax.ml", line 250, characters 9-15:
Warning 40: C_Unit was selected from type FStar_Reflection_Data.vconst.
It is not visible in the current scope, and will not 
be selected if the type becomes unknown.
File "src/tactics/ml/FStar_Reflection_Syntax.ml", line 251, characters 19-25:
Warning 40: C_Unit was selected from type FStar_Reflection_Data.vconst.
It is not visible in the current scope, and will not 
be selected if the type becomes unknown.
File "src/tactics/ml/FStar_Reflection_Syntax.ml", line 252, characters 9-14:
Warning 40: C_Int was selected from type FStar_Reflection_Data.vconst.
It is not visible in the current scope, and will not 
be selected if the type becomes unknown.
File "src/tactics/ml/FStar_Reflection_Syntax.ml", line 253, characters 19-24:
Warning 40: C_Int was selected from type FStar_Reflection_Data.vconst.
It is not visible in the current scope, and will not 
be selected if the type becomes unknown.
File "src/tactics/ml/FStar_Reflection_Syntax.ml", line 254, characters 9-15:
Warning 40: C_True was selected from type FStar_Reflection_Data.vconst.
It is not visible in the current scope, and will not 
be selected if the type becomes unknown.
File "src/tactics/ml/FStar_Reflection_Syntax.ml", line 255, characters 19-25:
Warning 40: C_True was selected from type FStar_Reflection_Data.vconst.
It is not visible in the current scope, and will not 
be selected if the type becomes unknown.
File "src/tactics/ml/FStar_Reflection_Syntax.ml", line 256, characters 9-16:
Warning 40: C_False was selected from type FStar_Reflection_Data.vconst.
It is not visible in the current scope, and will not 
be selected if the type becomes unknown.
File "src/tactics/ml/FStar_Reflection_Syntax.ml", line 257, characters 19-26:
Warning 40: C_False was selected from type FStar_Reflection_Data.vconst.
It is not visible in the current scope, and will not 
be selected if the type becomes unknown.
File "src/tactics/ml/FStar_Reflection_Syntax.ml", line 265, characters 9-15:
Warning 40: Tv_Var was selected from type FStar_Reflection_Data.term_view.
It is not visible in the current scope, and will not 
be selected if the type becomes unknown.
File "src/tactics/ml/FStar_Reflection_Syntax.ml", line 265, characters 19-25:
Warning 40: Tv_Var was selected from type FStar_Reflection_Data.term_view.
It is not visible in the current scope, and will not 
be selected if the type becomes unknown.
File "src/tactics/ml/FStar_Reflection_Syntax.ml", line 266, characters 9-16:
Warning 40: Tv_FVar was selected from type FStar_Reflection_Data.term_view.
It is not visible in the current scope, and will not 
be selected if the type becomes unknown.
File "src/tactics/ml/FStar_Reflection_Syntax.ml", line 266, characters 20-27:
Warning 40: Tv_FVar was selected from type FStar_Reflection_Data.term_view.
It is not visible in the current scope, and will not 
be selected if the type becomes unknown.
File "src/tactics/ml/FStar_Reflection_Syntax.ml", line 267, characters 9-15:
Warning 40: Tv_App was selected from type FStar_Reflection_Data.term_view.
It is not visible in the current scope, and will not 
be selected if the type becomes unknown.
File "src/tactics/ml/FStar_Reflection_Syntax.ml", line 267, characters 24-30:
Warning 40: Tv_App was selected from type FStar_Reflection_Data.term_view.
It is not visible in the current scope, and will not 
be selected if the type becomes unknown.
File "src/tactics/ml/FStar_Reflection_Syntax.ml", line 270, characters 9-15:
Warning 40: Tv_Abs was selected from type FStar_Reflection_Data.term_view.
It is not visible in the current scope, and will not 
be selected if the type becomes unknown.
File "src/tactics/ml/FStar_Reflection_Syntax.ml", line 270, characters 24-30:
Warning 40: Tv_Abs was selected from type FStar_Reflection_Data.term_view.
It is not visible in the current scope, and will not 
be selected if the type becomes unknown.
File "src/tactics/ml/FStar_Reflection_Syntax.ml", line 273, characters 9-17:
Warning 40: Tv_Arrow was selected from type FStar_Reflection_Data.term_view.
It is not visible in the current scope, and will not 
be selected if the type becomes unknown.
File "src/tactics/ml/FStar_Reflection_Syntax.ml", line 273, characters 26-34:
Warning 40: Tv_Arrow was selected from type FStar_Reflection_Data.term_view.
It is not visible in the current scope, and will not 
be selected if the type becomes unknown.
File "src/tactics/ml/FStar_Reflection_Syntax.ml", line 276, characters 9-18:
Warning 40: Tv_Refine was selected from type FStar_Reflection_Data.term_view.
It is not visible in the current scope, and will not 
be selected if the type becomes unknown.
File "src/tactics/ml/FStar_Reflection_Syntax.ml", line 276, characters 27-36:
Warning 40: Tv_Refine was selected from type FStar_Reflection_Data.term_view.
It is not visible in the current scope, and will not 
be selected if the type becomes unknown.
File "src/tactics/ml/FStar_Reflection_Syntax.ml", line 279, characters 9-16:
Warning 40: Tv_Type was selected from type FStar_Reflection_Data.term_view.
It is not visible in the current scope, and will not 
be selected if the type becomes unknown.
File "src/tactics/ml/FStar_Reflection_Syntax.ml", line 279, characters 20-27:
Warning 40: Tv_Type was selected from type FStar_Reflection_Data.term_view.
It is not visible in the current scope, and will not 
be selected if the type becomes unknown.
File "src/tactics/ml/FStar_Reflection_Syntax.ml", line 280, characters 9-17:
Warning 40: Tv_Const was selected from type FStar_Reflection_Data.term_view.
It is not visible in the current scope, and will not 
be selected if the type becomes unknown.
File "src/tactics/ml/FStar_Reflection_Syntax.ml", line 280, characters 21-29:
Warning 40: Tv_Const was selected from type FStar_Reflection_Data.term_view.
It is not visible in the current scope, and will not 
be selected if the type becomes unknown.
File "src/tactics/ml/FStar_Reflection_Syntax.ml", line 281, characters 9-19:
Warning 40: Tv_Unknown was selected from type FStar_Reflection_Data.term_view.
It is not visible in the current scope, and will not 
be selected if the type becomes unknown.
File "src/tactics/ml/FStar_Reflection_Syntax.ml", line 281, characters 21-31:
Warning 40: Tv_Unknown was selected from type FStar_Reflection_Data.term_view.
It is not visible in the current scope, and will not 
be selected if the type becomes unknown.
File "src/tactics/ml/FStar_Reflection_Syntax.ml", line 282, characters 9-15:
Warning 40: Tv_Var was selected from type FStar_Reflection_Data.term_view.
It is not visible in the current scope, and will not 
be selected if the type becomes unknown.
File "src/tactics/ml/FStar_Reflection_Syntax.ml", line 283, characters 19-25:
Warning 40: Tv_Var was selected from type FStar_Reflection_Data.term_view.
It is not visible in the current scope, and will not 
be selected if the type becomes unknown.
File "src/tactics/ml/FStar_Reflection_Syntax.ml", line 284, characters 9-16:
Warning 40: Tv_FVar was selected from type FStar_Reflection_Data.term_view.
It is not visible in the current scope, and will not 
be selected if the type becomes unknown.
File "src/tactics/ml/FStar_Reflection_Syntax.ml", line 285, characters 19-26:
Warning 40: Tv_FVar was selected from type FStar_Reflection_Data.term_view.
It is not visible in the current scope, and will not 
be selected if the type becomes unknown.
File "src/tactics/ml/FStar_Reflection_Syntax.ml", line 286, characters 9-15:
Warning 40: Tv_App was selected from type FStar_Reflection_Data.term_view.
It is not visible in the current scope, and will not 
be selected if the type becomes unknown.
File "src/tactics/ml/FStar_Reflection_Syntax.ml", line 287, characters 19-25:
Warning 40: Tv_App was selected from type FStar_Reflection_Data.term_view.
It is not visible in the current scope, and will not 
be selected if the type becomes unknown.
File "src/tactics/ml/FStar_Reflection_Syntax.ml", line 288, characters 9-15:
Warning 40: Tv_Abs was selected from type FStar_Reflection_Data.term_view.
It is not visible in the current scope, and will not 
be selected if the type becomes unknown.
File "src/tactics/ml/FStar_Reflection_Syntax.ml", line 289, characters 19-25:
Warning 40: Tv_Abs was selected from type FStar_Reflection_Data.term_view.
It is not visible in the current scope, and will not 
be selected if the type becomes unknown.
File "src/tactics/ml/FStar_Reflection_Syntax.ml", line 290, characters 9-17:
Warning 40: Tv_Arrow was selected from type FStar_Reflection_Data.term_view.
It is not visible in the current scope, and will not 
be selected if the type becomes unknown.
File "src/tactics/ml/FStar_Reflection_Syntax.ml", line 291, characters 19-27:
Warning 40: Tv_Arrow was selected from type FStar_Reflection_Data.term_view.
It is not visible in the current scope, and will not 
be selected if the type becomes unknown.
File "src/tactics/ml/FStar_Reflection_Syntax.ml", line 292, characters 9-16:
Warning 40: Tv_Type was selected from type FStar_Reflection_Data.term_view.
It is not visible in the current scope, and will not 
be selected if the type becomes unknown.
File "src/tactics/ml/FStar_Reflection_Syntax.ml", line 293, characters 19-26:
Warning 40: Tv_Type was selected from type FStar_Reflection_Data.term_view.
It is not visible in the current scope, and will not 
be selected if the type becomes unknown.
File "src/tactics/ml/FStar_Reflection_Syntax.ml", line 294, characters 9-18:
Warning 40: Tv_Refine was selected from type FStar_Reflection_Data.term_view.
It is not visible in the current scope, and will not 
be selected if the type becomes unknown.
File "src/tactics/ml/FStar_Reflection_Syntax.ml", line 295, characters 19-28:
Warning 40: Tv_Refine was selected from type FStar_Reflection_Data.term_view.
It is not visible in the current scope, and will not 
be selected if the type becomes unknown.
File "src/tactics/ml/FStar_Reflection_Syntax.ml", line 296, characters 9-17:
Warning 40: Tv_Const was selected from type FStar_Reflection_Data.term_view.
It is not visible in the current scope, and will not 
be selected if the type becomes unknown.
File "src/tactics/ml/FStar_Reflection_Syntax.ml", line 297, characters 19-27:
Warning 40: Tv_Const was selected from type FStar_Reflection_Data.term_view.
It is not visible in the current scope, and will not 
be selected if the type becomes unknown.
File "src/tactics/ml/FStar_Reflection_Syntax.ml", line 298, characters 9-19:
Warning 40: Tv_Unknown was selected from type FStar_Reflection_Data.term_view.
It is not visible in the current scope, and will not 
be selected if the type becomes unknown.
File "src/tactics/ml/FStar_Reflection_Syntax.ml", line 299, characters 19-29:
Warning 40: Tv_Unknown was selected from type FStar_Reflection_Data.term_view.
It is not visible in the current scope, and will not 
be selected if the type becomes unknown.
File "src/tactics/ml/FStar_Tactics_Builtins.ml", line 67, characters 46-47:
Warning 20: this argument will not be used by the function.
File "src/tactics/ml/FStar_Reflection_Syntax.ml", line 12, characters 27-33:
Warning 40: C_Unit was selected from type FStar_Reflection_Data.vconst.
It is not visible in the current scope, and will not 
be selected if the type becomes unknown.
File "src/tactics/ml/FStar_Reflection_Syntax.ml", line 15, characters 27-32:
Warning 40: C_Int was selected from type FStar_Reflection_Data.vconst.
It is not visible in the current scope, and will not 
be selected if the type becomes unknown.
File "src/tactics/ml/FStar_Reflection_Syntax.ml", line 17, characters 43-48:
Warning 40: C_Int was selected from type FStar_Reflection_Data.vconst.
It is not visible in the current scope, and will not 
be selected if the type becomes unknown.
File "src/tactics/ml/FStar_Reflection_Syntax.ml", line 20, characters 27-33:
Warning 40: C_True was selected from type FStar_Reflection_Data.vconst.
It is not visible in the current scope, and will not 
be selected if the type becomes unknown.
File "src/tactics/ml/FStar_Reflection_Syntax.ml", line 23, characters 27-34:
Warning 40: C_False was selected from type FStar_Reflection_Data.vconst.
It is not visible in the current scope, and will not 
be selected if the type becomes unknown.
File "src/tactics/ml/FStar_Reflection_Syntax.ml", line 36, characters 27-33:
Warning 40: Tv_Var was selected from type FStar_Reflection_Data.term_view.
It is not visible in the current scope, and will not 
be selected if the type becomes unknown.
File "src/tactics/ml/FStar_Reflection_Syntax.ml", line 38, characters 43-49:
Warning 40: Tv_Var was selected from type FStar_Reflection_Data.term_view.
It is not visible in the current scope, and will not 
be selected if the type becomes unknown.
File "src/tactics/ml/FStar_Reflection_Syntax.ml", line 41, characters 27-34:
Warning 40: Tv_FVar was selected from type FStar_Reflection_Data.term_view.
It is not visible in the current scope, and will not 
be selected if the type becomes unknown.
File "src/tactics/ml/FStar_Reflection_Syntax.ml", line 43, characters 43-50:
Warning 40: Tv_FVar was selected from type FStar_Reflection_Data.term_view.
It is not visible in the current scope, and will not 
be selected if the type becomes unknown.
File "src/tactics/ml/FStar_Reflection_Syntax.ml", line 46, characters 27-33:
Warning 40: Tv_App was selected from type FStar_Reflection_Data.term_view.
It is not visible in the current scope, and will not 
be selected if the type becomes unknown.
File "src/tactics/ml/FStar_Reflection_Syntax.ml", line 48, characters 43-49:
Warning 40: Tv_App was selected from type FStar_Reflection_Data.term_view.
It is not visible in the current scope, and will not 
be selected if the type becomes unknown.
File "src/tactics/ml/FStar_Reflection_Syntax.ml", line 50, characters 43-49:
Warning 40: Tv_App was selected from type FStar_Reflection_Data.term_view.
It is not visible in the current scope, and will not 
be selected if the type becomes unknown.
File "src/tactics/ml/FStar_Reflection_Syntax.ml", line 53, characters 27-33:
Warning 40: Tv_Abs was selected from type FStar_Reflection_Data.term_view.
It is not visible in the current scope, and will not 
be selected if the type becomes unknown.
File "src/tactics/ml/FStar_Reflection_Syntax.ml", line 55, characters 43-49:
Warning 40: Tv_Abs was selected from type FStar_Reflection_Data.term_view.
It is not visible in the current scope, and will not 
be selected if the type becomes unknown.
File "src/tactics/ml/FStar_Reflection_Syntax.ml", line 57, characters 43-49:
Warning 40: Tv_Abs was selected from type FStar_Reflection_Data.term_view.
It is not visible in the current scope, and will not 
be selected if the type becomes unknown.
File "src/tactics/ml/FStar_Reflection_Syntax.ml", line 60, characters 27-35:
Warning 40: Tv_Arrow was selected from type FStar_Reflection_Data.term_view.
It is not visible in the current scope, and will not 
be selected if the type becomes unknown.
File "src/tactics/ml/FStar_Reflection_Syntax.ml", line 62, characters 43-51:
Warning 40: Tv_Arrow was selected from type FStar_Reflection_Data.term_view.
It is not visible in the current scope, and will not 
be selected if the type becomes unknown.
File "src/tactics/ml/FStar_Reflection_Syntax.ml", line 64, characters 43-51:
Warning 40: Tv_Arrow was selected from type FStar_Reflection_Data.term_view.
It is not visible in the current scope, and will not 
be selected if the type becomes unknown.
File "src/tactics/ml/FStar_Reflection_Syntax.ml", line 67, characters 27-34:
Warning 40: Tv_Type was selected from type FStar_Reflection_Data.term_view.
It is not visible in the current scope, and will not 
be selected if the type becomes unknown.
File "src/tactics/ml/FStar_Reflection_Syntax.ml", line 71, characters 27-36:
Warning 40: Tv_Refine was selected from type FStar_Reflection_Data.term_view.
It is not visible in the current scope, and will not 
be selected if the type becomes unknown.
File "src/tactics/ml/FStar_Reflection_Syntax.ml", line 73, characters 43-52:
Warning 40: Tv_Refine was selected from type FStar_Reflection_Data.term_view.
It is not visible in the current scope, and will not 
be selected if the type becomes unknown.
File "src/tactics/ml/FStar_Reflection_Syntax.ml", line 75, characters 43-52:
Warning 40: Tv_Refine was selected from type FStar_Reflection_Data.term_view.
It is not visible in the current scope, and will not 
be selected if the type becomes unknown.
File "src/tactics/ml/FStar_Reflection_Syntax.ml", line 78, characters 27-35:
Warning 40: Tv_Const was selected from type FStar_Reflection_Data.term_view.
It is not visible in the current scope, and will not 
be selected if the type becomes unknown.
File "src/tactics/ml/FStar_Reflection_Syntax.ml", line 80, characters 43-51:
Warning 40: Tv_Const was selected from type FStar_Reflection_Data.term_view.
It is not visible in the current scope, and will not 
be selected if the type becomes unknown.
File "src/tactics/ml/FStar_Reflection_Syntax.ml", line 83, characters 27-37:
Warning 40: Tv_Unknown was selected from type FStar_Reflection_Data.term_view.
It is not visible in the current scope, and will not 
be selected if the type becomes unknown.
File "src/tactics/ml/FStar_Reflection_Syntax.ml", line 197, characters 8-14:
Warning 40: Tv_App was selected from type FStar_Reflection_Data.term_view.
It is not visible in the current scope, and will not 
be selected if the type becomes unknown.
File "src/tactics/ml/FStar_Reflection_Syntax.ml", line 209, characters 57-63:
Warning 40: Tv_App was selected from type FStar_Reflection_Data.term_view.
It is not visible in the current scope, and will not 
be selected if the type becomes unknown.
File "src/tactics/ml/FStar_Reflection_Syntax.ml", line 246, characters 9-15:
Warning 40: C_Unit was selected from type FStar_Reflection_Data.vconst.
It is not visible in the current scope, and will not 
be selected if the type becomes unknown.
File "src/tactics/ml/FStar_Reflection_Syntax.ml", line 246, characters 17-23:
Warning 40: C_Unit was selected from type FStar_Reflection_Data.vconst.
It is not visible in the current scope, and will not 
be selected if the type becomes unknown.
File "src/tactics/ml/FStar_Reflection_Syntax.ml", line 247, characters 9-14:
Warning 40: C_Int was selected from type FStar_Reflection_Data.vconst.
It is not visible in the current scope, and will not 
be selected if the type becomes unknown.
File "src/tactics/ml/FStar_Reflection_Syntax.ml", line 247, characters 17-22:
Warning 40: C_Int was selected from type FStar_Reflection_Data.vconst.
It is not visible in the current scope, and will not 
be selected if the type becomes unknown.
File "src/tactics/ml/FStar_Reflection_Syntax.ml", line 248, characters 9-15:
Warning 40: C_True was selected from type FStar_Reflection_Data.vconst.
It is not visible in the current scope, and will not 
be selected if the type becomes unknown.
File "src/tactics/ml/FStar_Reflection_Syntax.ml", line 248, characters 17-23:
Warning 40: C_True was selected from type FStar_Reflection_Data.vconst.
It is not visible in the current scope, and will not 
be selected if the type becomes unknown.
File "src/tactics/ml/FStar_Reflection_Syntax.ml", line 249, characters 9-16:
Warning 40: C_False was selected from type FStar_Reflection_Data.vconst.
It is not visible in the current scope, and will not 
be selected if the type becomes unknown.
File "src/tactics/ml/FStar_Reflection_Syntax.ml", line 249, characters 18-25:
Warning 40: C_False was selected from type FStar_Reflection_Data.vconst.
It is not visible in the current scope, and will not 
be selected if the type becomes unknown.
File "src/tactics/ml/FStar_Reflection_Syntax.ml", line 250, characters 9-15:
Warning 40: C_Unit was selected from type FStar_Reflection_Data.vconst.
It is not visible in the current scope, and will not 
be selected if the type becomes unknown.
File "src/tactics/ml/FStar_Reflection_Syntax.ml", line 251, characters 19-25:
Warning 40: C_Unit was selected from type FStar_Reflection_Data.vconst.
It is not visible in the current scope, and will not 
be selected if the type becomes unknown.
File "src/tactics/ml/FStar_Reflection_Syntax.ml", line 252, characters 9-14:
Warning 40: C_Int was selected from type FStar_Reflection_Data.vconst.
It is not visible in the current scope, and will not 
be selected if the type becomes unknown.
File "src/tactics/ml/FStar_Reflection_Syntax.ml", line 253, characters 19-24:
Warning 40: C_Int was selected from type FStar_Reflection_Data.vconst.
It is not visible in the current scope, and will not 
be selected if the type becomes unknown.
File "src/tactics/ml/FStar_Reflection_Syntax.ml", line 254, characters 9-15:
Warning 40: C_True was selected from type FStar_Reflection_Data.vconst.
It is not visible in the current scope, and will not 
be selected if the type becomes unknown.
File "src/tactics/ml/FStar_Reflection_Syntax.ml", line 255, characters 19-25:
Warning 40: C_True was selected from type FStar_Reflection_Data.vconst.
It is not visible in the current scope, and will not 
be selected if the type becomes unknown.
File "src/tactics/ml/FStar_Reflection_Syntax.ml", line 256, characters 9-16:
Warning 40: C_False was selected from type FStar_Reflection_Data.vconst.
It is not visible in the current scope, and will not 
be selected if the type becomes unknown.
File "src/tactics/ml/FStar_Reflection_Syntax.ml", line 257, characters 19-26:
Warning 40: C_False was selected from type FStar_Reflection_Data.vconst.
It is not visible in the current scope, and will not 
be selected if the type becomes unknown.
File "src/tactics/ml/FStar_Reflection_Syntax.ml", line 265, characters 9-15:
Warning 40: Tv_Var was selected from type FStar_Reflection_Data.term_view.
It is not visible in the current scope, and will not 
be selected if the type becomes unknown.
File "src/tactics/ml/FStar_Reflection_Syntax.ml", line 265, characters 19-25:
Warning 40: Tv_Var was selected from type FStar_Reflection_Data.term_view.
It is not visible in the current scope, and will not 
be selected if the type becomes unknown.
File "src/tactics/ml/FStar_Reflection_Syntax.ml", line 266, characters 9-16:
Warning 40: Tv_FVar was selected from type FStar_Reflection_Data.term_view.
It is not visible in the current scope, and will not 
be selected if the type becomes unknown.
File "src/tactics/ml/FStar_Reflection_Syntax.ml", line 266, characters 20-27:
Warning 40: Tv_FVar was selected from type FStar_Reflection_Data.term_view.
It is not visible in the current scope, and will not 
be selected if the type becomes unknown.
File "src/tactics/ml/FStar_Reflection_Syntax.ml", line 267, characters 9-15:
Warning 40: Tv_App was selected from type FStar_Reflection_Data.term_view.
It is not visible in the current scope, and will not 
be selected if the type becomes unknown.
File "src/tactics/ml/FStar_Reflection_Syntax.ml", line 267, characters 24-30:
Warning 40: Tv_App was selected from type FStar_Reflection_Data.term_view.
It is not visible in the current scope, and will not 
be selected if the type becomes unknown.
File "src/tactics/ml/FStar_Reflection_Syntax.ml", line 270, characters 9-15:
Warning 40: Tv_Abs was selected from type FStar_Reflection_Data.term_view.
It is not visible in the current scope, and will not 
be selected if the type becomes unknown.
File "src/tactics/ml/FStar_Reflection_Syntax.ml", line 270, characters 24-30:
Warning 40: Tv_Abs was selected from type FStar_Reflection_Data.term_view.
It is not visible in the current scope, and will not 
be selected if the type becomes unknown.
File "src/tactics/ml/FStar_Reflection_Syntax.ml", line 273, characters 9-17:
Warning 40: Tv_Arrow was selected from type FStar_Reflection_Data.term_view.
It is not visible in the current scope, and will not 
be selected if the type becomes unknown.
File "src/tactics/ml/FStar_Reflection_Syntax.ml", line 273, characters 26-34:
Warning 40: Tv_Arrow was selected from type FStar_Reflection_Data.term_view.
It is not visible in the current scope, and will not 
be selected if the type becomes unknown.
File "src/tactics/ml/FStar_Reflection_Syntax.ml", line 276, characters 9-18:
Warning 40: Tv_Refine was selected from type FStar_Reflection_Data.term_view.
It is not visible in the current scope, and will not 
be selected if the type becomes unknown.
File "src/tactics/ml/FStar_Reflection_Syntax.ml", line 276, characters 27-36:
Warning 40: Tv_Refine was selected from type FStar_Reflection_Data.term_view.
It is not visible in the current scope, and will not 
be selected if the type becomes unknown.
File "src/tactics/ml/FStar_Reflection_Syntax.ml", line 279, characters 9-16:
Warning 40: Tv_Type was selected from type FStar_Reflection_Data.term_view.
It is not visible in the current scope, and will not 
be selected if the type becomes unknown.
File "src/tactics/ml/FStar_Reflection_Syntax.ml", line 279, characters 20-27:
Warning 40: Tv_Type was selected from type FStar_Reflection_Data.term_view.
It is not visible in the current scope, and will not 
be selected if the type becomes unknown.
File "src/tactics/ml/FStar_Reflection_Syntax.ml", line 280, characters 9-17:
Warning 40: Tv_Const was selected from type FStar_Reflection_Data.term_view.
It is not visible in the current scope, and will not 
be selected if the type becomes unknown.
File "src/tactics/ml/FStar_Reflection_Syntax.ml", line 280, characters 21-29:
Warning 40: Tv_Const was selected from type FStar_Reflection_Data.term_view.
It is not visible in the current scope, and will not 
be selected if the type becomes unknown.
File "src/tactics/ml/FStar_Reflection_Syntax.ml", line 281, characters 9-19:
Warning 40: Tv_Unknown was selected from type FStar_Reflection_Data.term_view.
It is not visible in the current scope, and will not 
be selected if the type becomes unknown.
File "src/tactics/ml/FStar_Reflection_Syntax.ml", line 281, characters 21-31:
Warning 40: Tv_Unknown was selected from type FStar_Reflection_Data.term_view.
It is not visible in the current scope, and will not 
be selected if the type becomes unknown.
File "src/tactics/ml/FStar_Reflection_Syntax.ml", line 282, characters 9-15:
Warning 40: Tv_Var was selected from type FStar_Reflection_Data.term_view.
It is not visible in the current scope, and will not 
be selected if the type becomes unknown.
File "src/tactics/ml/FStar_Reflection_Syntax.ml", line 283, characters 19-25:
Warning 40: Tv_Var was selected from type FStar_Reflection_Data.term_view.
It is not visible in the current scope, and will not 
be selected if the type becomes unknown.
File "src/tactics/ml/FStar_Reflection_Syntax.ml", line 284, characters 9-16:
Warning 40: Tv_FVar was selected from type FStar_Reflection_Data.term_view.
It is not visible in the current scope, and will not 
be selected if the type becomes unknown.
File "src/tactics/ml/FStar_Reflection_Syntax.ml", line 285, characters 19-26:
Warning 40: Tv_FVar was selected from type FStar_Reflection_Data.term_view.
It is not visible in the current scope, and will not 
be selected if the type becomes unknown.
File "src/tactics/ml/FStar_Reflection_Syntax.ml", line 286, characters 9-15:
Warning 40: Tv_App was selected from type FStar_Reflection_Data.term_view.
It is not visible in the current scope, and will not 
be selected if the type becomes unknown.
File "src/tactics/ml/FStar_Reflection_Syntax.ml", line 287, characters 19-25:
Warning 40: Tv_App was selected from type FStar_Reflection_Data.term_view.
It is not visible in the current scope, and will not 
be selected if the type becomes unknown.
File "src/tactics/ml/FStar_Reflection_Syntax.ml", line 288, characters 9-15:
Warning 40: Tv_Abs was selected from type FStar_Reflection_Data.term_view.
It is not visible in the current scope, and will not 
be selected if the type becomes unknown.
File "src/tactics/ml/FStar_Reflection_Syntax.ml", line 289, characters 19-25:
Warning 40: Tv_Abs was selected from type FStar_Reflection_Data.term_view.
It is not visible in the current scope, and will not 
be selected if the type becomes unknown.
File "src/tactics/ml/FStar_Reflection_Syntax.ml", line 290, characters 9-17:
Warning 40: Tv_Arrow was selected from type FStar_Reflection_Data.term_view.
It is not visible in the current scope, and will not 
be selected if the type becomes unknown.
File "src/tactics/ml/FStar_Reflection_Syntax.ml", line 291, characters 19-27:
Warning 40: Tv_Arrow was selected from type FStar_Reflection_Data.term_view.
It is not visible in the current scope, and will not 
be selected if the type becomes unknown.
File "src/tactics/ml/FStar_Reflection_Syntax.ml", line 292, characters 9-16:
Warning 40: Tv_Type was selected from type FStar_Reflection_Data.term_view.
It is not visible in the current scope, and will not 
be selected if the type becomes unknown.
File "src/tactics/ml/FStar_Reflection_Syntax.ml", line 293, characters 19-26:
Warning 40: Tv_Type was selected from type FStar_Reflection_Data.term_view.
It is not visible in the current scope, and will not 
be selected if the type becomes unknown.
File "src/tactics/ml/FStar_Reflection_Syntax.ml", line 294, characters 9-18:
Warning 40: Tv_Refine was selected from type FStar_Reflection_Data.term_view.
It is not visible in the current scope, and will not 
be selected if the type becomes unknown.
File "src/tactics/ml/FStar_Reflection_Syntax.ml", line 295, characters 19-28:
Warning 40: Tv_Refine was selected from type FStar_Reflection_Data.term_view.
It is not visible in the current scope, and will not 
be selected if the type becomes unknown.
File "src/tactics/ml/FStar_Reflection_Syntax.ml", line 296, characters 9-17:
Warning 40: Tv_Const was selected from type FStar_Reflection_Data.term_view.
It is not visible in the current scope, and will not 
be selected if the type becomes unknown.
File "src/tactics/ml/FStar_Reflection_Syntax.ml", line 297, characters 19-27:
Warning 40: Tv_Const was selected from type FStar_Reflection_Data.term_view.
It is not visible in the current scope, and will not 
be selected if the type becomes unknown.
File "src/tactics/ml/FStar_Reflection_Syntax.ml", line 298, characters 9-19:
Warning 40: Tv_Unknown was selected from type FStar_Reflection_Data.term_view.
It is not visible in the current scope, and will not 
be selected if the type becomes unknown.
File "src/tactics/ml/FStar_Reflection_Syntax.ml", line 299, characters 19-29:
Warning 40: Tv_Unknown was selected from type FStar_Reflection_Data.term_view.
It is not visible in the current scope, and will not 
be selected if the type becomes unknown.
File "src/tactics/ml/FStar_Tactics_Builtins.ml", line 67, characters 46-47:
Warning 20: this argument will not be used by the function.
Unexpected error
FStar_Errors.Error(_)
Raised at file "src/ocaml-output/FStar_ToSyntax_Env.ml", line 2806, characters 12-71
Called from file "src/ocaml-output/FStar_ToSyntax_ToSyntax.ml", line 1531, characters 14-206
Called from file "src/ocaml-output/FStar_ToSyntax_ToSyntax.ml", line 1390, characters 6-41
Called from file "src/ocaml-output/FStar_ToSyntax_ToSyntax.ml", line 1390, characters 6-41
Called from file "src/ocaml-output/FStar_ToSyntax_ToSyntax.ml", line 1390, characters 6-41
Called from file "src/ocaml-output/FStar_ToSyntax_ToSyntax.ml", line 1390, characters 6-41
Called from file "src/ocaml-output/FStar_ToSyntax_ToSyntax.ml", line 1390, characters 6-41
Called from file "src/batList.mlv", line 171, characters 23-28
Called from file "ulib/ml/FStar_List.ml", line 35, characters 34-51
Called from file "src/ocaml-output/FStar_ToSyntax_ToSyntax.ml", line 1390, characters 6-41
Called from file "src/ocaml-output/FStar_ToSyntax_ToSyntax.ml", line 1390, characters 6-41
Called from file "src/ocaml-output/FStar_ToSyntax_ToSyntax.ml", line 1390, characters 6-41
Called from file "src/batList.mlv", line 513, characters 26-35
Called from file "src/batList.mlv", line 517, characters 2-18
Called from file "src/ocaml-output/FStar_ToSyntax_ToSyntax.ml", line 2570, characters 20-141
Called from file "src/ocaml-output/FStar_ToSyntax_ToSyntax.ml", line 5302, characters 26-70
Called from file "src/ocaml-output/FStar_ToSyntax_ToSyntax.ml", line 5721, characters 35-54
Called from file "list.ml", line 84, characters 24-34
Called from file "src/ocaml-output/FStar_ToSyntax_ToSyntax.ml", line 5772, characters 30-54
Called from file "src/ocaml-output/FStar_ToSyntax_ToSyntax.ml", line 5823, characters 8-63
Called from file "src/ocaml-output/FStar_ToSyntax_ToSyntax.ml", line 5856, characters 37-57
Called from file "list.ml", line 84, characters 24-34
Called from file "src/ocaml-output/FStar_ToSyntax_ToSyntax.ml", line 5851, characters 8-326
Called from file "src/ocaml-output/FStar_Universal.ml", line 403, characters 26-47
Called from file "src/ocaml-output/FStar_Universal.ml", line 496, characters 18-101
Called from file "src/ocaml-output/FStar_Universal.ml", line 520, characters 31-72
Called from file "src/ocaml-output/FStar_Universal.ml", line 537, characters 24-71
Called from file "src/ocaml-output/FStar_Universal.ml", line 578, characters 27-69
Called from file "src/ocaml-output/FStar_Main.ml", line 215, characters 28-68
Called from file "src/ocaml-output/FStar_Main.ml", line 238, characters 6-11

.\FStar.Reflection.Int.fst(102,8-102,25): (Error) Identifier not found: [collect_app_order]
1 error was reported (see above)
make[3]: *** [Makefile:42: .mgen] Error 1
make[2]: *** [Makefile:39: .mgen] Error 2
make[2]: Target 'all' not remade because of errors.
make[1]: *** [Makefile:12: ocaml] Error 2
make: *** [Makefile:265: utest] Error 2
