make[1]: warning: jobserver unavailable: using -j1.  Add '+' to parent make rule.
make[1]: warning: jobserver unavailable: using -j1.  Add '+' to parent make rule.
warning: CRLF will be replaced by LF in src/parser/parse.fsi.
The file will have its original line endings in your working directory.
Warning: you are using the standard library and/or the %inline keyword. We
recommend switching on --infer in order to avoid obscure type error messages.
7 shift/reduce conflicts.
File "src/basic/ml/FStar_Util.ml", line 47, characters 57-65:
Warning 40: st_mtime was selected from type BatUnix.stats.
It is not visible in the current scope, and will not 
be selected if the type becomes unknown.
File "src/basic/ml/FStar_Util.ml", line 659, characters 2-13:
Warning 10: this expression should have type unit.
File "src/basic/ml/FStar_Util.ml", line 47, characters 57-65:
Warning 40: st_mtime was selected from type BatUnix.stats.
It is not visible in the current scope, and will not 
be selected if the type becomes unknown.
File "src/basic/ml/FStar_Util.ml", line 659, characters 2-13:
Warning 10: this expression should have type unit.
make[3]: warning: jobserver unavailable: using -j1.  Add '+' to parent make rule.
C:\Build\Agent2\_work\1\s\ulib\FStar.List.Tot.Base.fst(402,0-405,49) : (Error) Computed type "(list b)" and effect "ALL" is not compatible with the annotated type "(list b)" effect "Pure"
Unexpected error
FStar_Errors.Error(_)
Raised by primitive operation at file "src/batString.mlv", line 145, characters 30-54
Called from file "src/batReturn.ml", line 29, characters 6-29

C:\Build\Agent2\_work\1\s\ulib\FStar.List.Tot.Base.fst(402,0-405,49) : (Error) Computed type "(list b)" and effect "ALL" is not compatible with the annotated type "(list b)" effect "Pure"
Unexpected error
FStar_Errors.Error(_)
Raised by primitive operation at file "src/batString.mlv", line 145, characters 30-54
Called from file "src/batReturn.ml", line 29, characters 6-29

C:\Build\Agent2\_work\1\s\ulib\FStar.List.Tot.Base.fst(402,0-405,49) : (Error) Computed type "(list b)" and effect "ALL" is not compatible with the annotated type "(list b)" effect "Pure"
Unexpected error
FStar_Errors.Error(_)
Raised by primitive operation at file "src/batString.mlv", line 145, characters 30-54
Called from file "src/batReturn.ml", line 29, characters 6-29

make[3]: *** [Makefile:187: u_extract_tc] Error 1
make[3]: *** [Makefile:192: u_extract_tosyntax] Error 1
make[3]: *** [Makefile:175: u_extract_util] Error 1
C:\Build\Agent2\_work\1\s\ulib\FStar.List.Tot.Base.fst(402,0-405,49) : (Error) Computed type "(list b)" and effect "ALL" is not compatible with the annotated type "(list b)" effect "Pure"
Unexpected error
FStar_Errors.Error(_)
Raised by primitive operation at file "src/batString.mlv", line 145, characters 30-54
Called from file "src/batReturn.ml", line 29, characters 6-29

make[3]: *** [Makefile:184: u_extract_tcinductive] Error 1
C:\Build\Agent2\_work\1\s\ulib\FStar.List.Tot.Base.fst(402,0-405,49) : (Error) Computed type "(list b)" and effect "ALL" is not compatible with the annotated type "(list b)" effect "Pure"
Unexpected error
FStar_Errors.Error(_)
Raised by primitive operation at file "src/batString.mlv", line 145, characters 30-54
Called from file "src/batReturn.ml", line 29, characters 6-29

make[3]: *** [Makefile:213: u_extract_solver] Error 1
C:\Build\Agent2\_work\1\s\ulib\FStar.List.Tot.Base.fst(402,0-405,49) : (Error) Computed type "(list b)" and effect "ALL" is not compatible with the annotated type "(list b)" effect "Pure"
Unexpected error
FStar_Errors.Error(_)
Raised by primitive operation at file "src/batString.mlv", line 145, characters 30-54
Called from file "src/batReturn.ml", line 29, characters 6-29

make[3]: *** [Makefile:204: u_extract_smtencoding_base] Error 1
C:\Build\Agent2\_work\1\s\ulib\FStar.List.Tot.Base.fst(402,0-405,49) : (Error) Computed type "(list b)" and effect "ALL" is not compatible with the annotated type "(list b)" effect "Pure"
Unexpected error
FStar_Errors.Error(_)
Raised by primitive operation at file "src/batString.mlv", line 145, characters 30-54
Called from file "src/batReturn.ml", line 29, characters 6-29

make[3]: *** [Makefile:181: u_extract_tcterm] Error 1
C:\Build\Agent2\_work\1\s\ulib\FStar.List.Tot.Base.fst(402,0-405,49) : (Error) Computed type "(list b)" and effect "ALL" is not compatible with the annotated type "(list b)" effect "Pure"
Unexpected error
FStar_Errors.Error(_)
Raised by primitive operation at file "src/batString.mlv", line 145, characters 30-54
Called from file "src/batReturn.ml", line 29, characters 6-29

make[3]: *** [Makefile:172: u_extract_rel] Error 1
C:\Build\Agent2\_work\1\s\ulib\FStar.List.Tot.Base.fst(402,0-405,49) : (Error) Computed type "(list b)" and effect "ALL" is not compatible with the annotated type "(list b)" effect "Pure"
Unexpected error
FStar_Errors.Error(_)
Raised by primitive operation at file "src/batString.mlv", line 145, characters 30-54
Called from file "src/batReturn.ml", line 29, characters 6-29

make[3]: *** [Makefile:178: u_extract_dmff] Error 1
C:\Build\Agent2\_work\1\s\ulib\FStar.List.Tot.Base.fst(402,0-405,49) : (Error) Computed type "(list b)" and effect "ALL" is not compatible with the annotated type "(list b)" effect "Pure"
Unexpected error
FStar_Errors.Error(_)
Raised by primitive operation at file "src/batString.mlv", line 145, characters 30-54
Called from file "src/batReturn.ml", line 29, characters 6-29

make[3]: *** [Makefile:169: u_extract_normalizer] Error 1
C:\Build\Agent2\_work\1\s\ulib\FStar.List.Tot.Base.fst(402,0-405,49) : (Error) Computed type "(list b)" and effect "ALL" is not compatible with the annotated type "(list b)" effect "Pure"
Unexpected error
FStar_Errors.Error(_)
Raised by primitive operation at file "src/batString.mlv", line 145, characters 30-54
Called from file "src/batReturn.ml", line 29, characters 6-29

make[3]: *** [Makefile:163: u_extract_syntax] Error 1
C:\Build\Agent2\_work\1\s\ulib\FStar.List.Tot.Base.fst(402,0-405,49) : (Error) Computed type "(list b)" and effect "ALL" is not compatible with the annotated type "(list b)" effect "Pure"
Unexpected error
FStar_Errors.Error(_)
Raised by primitive operation at file "src/batString.mlv", line 145, characters 30-54
Called from file "src/batReturn.ml", line 29, characters 6-29

make[3]: *** [Makefile:166: u_extract_parser] Error 1
C:\Build\Agent2\_work\1\s\ulib\FStar.List.Tot.Base.fst(402,0-405,49) : (Error) Computed type "(list b)" and effect "ALL" is not compatible with the annotated type "(list b)" effect "Pure"
Unexpected error
FStar_Errors.Error(_)
Raised by primitive operation at file "src/batString.mlv", line 145, characters 30-54
Called from file "src/batReturn.ml", line 29, characters 6-29

make[3]: *** [Makefile:195: u_extract_extraction] Error 1
C:\Build\Agent2\_work\1\s\ulib\FStar.List.Tot.Base.fst(402,0-405,49) : (Error) Computed type "(list b)" and effect "ALL" is not compatible with the annotated type "(list b)" effect "Pure"
Unexpected error
FStar_Errors.Error(_)
Raised by primitive operation at file "src/batString.mlv", line 145, characters 30-54
Called from file "src/batReturn.ml", line 29, characters 6-29

make[3]: *** [Makefile:201: u_extract_tactics] Error 1
C:\Build\Agent2\_work\1\s\ulib\FStar.List.Tot.Base.fst(402,0-405,49) : (Error) Computed type "(list b)" and effect "ALL" is not compatible with the annotated type "(list b)" effect "Pure"
Unexpected error
FStar_Errors.Error(_)
Raised by primitive operation at file "src/batString.mlv", line 145, characters 30-54
Called from file "src/batReturn.ml", line 29, characters 6-29

make[3]: *** [Makefile:210: u_extract_encode] Error 1
C:\Build\Agent2\_work\1\s\ulib\FStar.List.Tot.Base.fst(402,0-405,49) : (Error) Computed type "(list b)" and effect "ALL" is not compatible with the annotated type "(list b)" effect "Pure"
Unexpected error
FStar_Errors.Error(_)
Raised by primitive operation at file "src/batString.mlv", line 145, characters 30-54
Called from file "src/batReturn.ml", line 29, characters 6-29

make[3]: *** [Makefile:218: u_extract_fstar] Error 1
C:\Build\Agent2\_work\1\s\ulib\FStar.List.Tot.Base.fst(402,0-405,49) : (Error) Computed type "(list b)" and effect "ALL" is not compatible with the annotated type "(list b)" effect "Pure"
Unexpected error
FStar_Errors.Error(_)
Raised by primitive operation at file "src/batString.mlv", line 145, characters 30-54
Called from file "src/batReturn.ml", line 29, characters 6-29

make[3]: *** [Makefile:158: u_extract_misc] Error 1
make[3]: Target 'u_extract_all' not remade because of errors.
make[2]: *** [Makefile:230: ocaml] Error 2
make[1]: *** [Makefile:240: fstar-ocaml] Error 2
make: *** [Makefile:254: utest] Error 2
