make[1]: warning: jobserver unavailable: using -j1.  Add '+' to parent make rule.
make[1]: warning: jobserver unavailable: using -j1.  Add '+' to parent make rule.
Warning: you are using the standard library and/or the %inline keyword. We
recommend switching on --infer in order to avoid obscure type error messages.
warning: CRLF will be replaced by LF in src/parser/parse.fsi.
The file will have its original line endings in your working directory.
File "src/basic/ml/FStar_Util.ml", line 47, characters 57-65:
Warning 40: st_mtime was selected from type BatUnix.stats.
It is not visible in the current scope, and will not 
be selected if the type becomes unknown.
File "src/basic/ml/FStar_Util.ml", line 676, characters 2-13:
Warning 10: this expression should have type unit.
File "src/basic/ml/FStar_Util.ml", line 47, characters 57-65:
Warning 40: st_mtime was selected from type BatUnix.stats.
It is not visible in the current scope, and will not 
be selected if the type becomes unknown.
File "src/basic/ml/FStar_Util.ml", line 676, characters 2-13:
Warning 10: this expression should have type unit.
make[3]: warning: jobserver unavailable: using -j1.  Add '+' to parent make rule.
.\u_boot_fsts\FStar.Syntax.Syntax.fst(396,0-396,33): (Warning) Annotation from val declaration overrides inline type annotation
.\u_boot_fsts\FStar.Syntax.Syntax.fst(446,0-446,48): (Warning) Annotation from val declaration overrides inline type annotation
.\u_boot_fsts\FStar.Syntax.Syntax.fst(447,0-447,76): (Warning) Annotation from val declaration overrides inline type annotation
.\u_boot_fsts\FStar.Syntax.Syntax.fst(498,0-500,38): (Warning) Annotation from val declaration overrides inline type annotation
.\u_boot_fsts\FStar.TypeChecker.Util.fst(70,0-72,32): (Warning) Annotation from val declaration overrides inline type annotation
.\u_boot_fsts\FStar.TypeChecker.Env.fst(280,0-284,35): (Warning) Annotation from val declaration overrides inline type annotation
.\u_boot_fsts\FStar.TypeChecker.Env.fst(718,0-720,39): (Warning) Annotation from val declaration overrides inline type annotation
warning: CRLF will be replaced by LF in src/parser/ml/parse.mly.
The file will have its original line endings in your working directory.
warning: CRLF will be replaced by LF in src/parser/parse.fsi.
The file will have its original line endings in your working directory.
C:\Build\Agent\_work\1\s\ulib\FStar.List.Tot.Base.fst(155,22-155,23): (Warning) Parameter name y doesn't match name l used in val declaration
.\hello.fst(5,0-5,37): (Warning) Top-level let-bindings must be total; this term may have effects
C:\Build\Agent\_work\1\s\ulib\FStar.List.Tot.Base.fst(155,22-155,23): (Warning) Parameter name y doesn't match name l used in val declaration
C:\Build\Agent\_work\1\s\ulib\FStar.List.Tot.Base.fst(155,22-155,23): (Warning) Parameter name y doesn't match name l used in val declaration
C:\Build\Agent\_work\1\s\ulib\FStar.List.Tot.Base.fst(155,22-155,23): (Warning) Parameter name y doesn't match name l used in val declaration
.\Ex01a.fst(68,0-68,48): (Warning) Top-level let-bindings must be total; this term may have effects
C:\Build\Agent\_work\1\s\ulib\FStar.List.Tot.Base.fst(155,22-155,23): (Warning) Parameter name y doesn't match name l used in val declaration
.\Ex01a.fst(58,0-58,48): (Warning) Top-level let-bindings must be total; this term may have effects
C:\Build\Agent\_work\1\s\ulib\FStar.List.Tot.Base.fst(155,22-155,23): (Warning) Parameter name y doesn't match name l used in val declaration
C:\Build\Agent\_work\1\s\ulib\FStar.List.Tot.Base.fst(155,22-155,23): (Warning) Parameter name y doesn't match name l used in val declaration
.\FStar.List.Tot.Base.fst(155,22-155,23): (Warning) Parameter name y doesn't match name l used in val declaration
C:\Build\Agent\_work\1\s\ulib\FStar.List.Tot.Base.fst(155,22-155,23): (Warning) Parameter name y doesn't match name l used in val declaration
.\Ex03a.fst(11,18-11,19): (Warning) Parameter name n doesn't match name x used in val declaration
C:\Build\Agent\_work\1\s\ulib\FStar.List.Tot.Base.fst(155,22-155,23): (Warning) Parameter name y doesn't match name l used in val declaration
.\Effects.Def.fst(49,29-49,32): (Warning) Parameter name eqn doesn't match name eq_n used in val declaration
.\Effects.Def.fst(49,33-49,41): (Warning) Parameter name return_n doesn't match name return_m used in val declaration
.\Ex03a.fst(11,18-11,19): (Warning) Parameter name n doesn't match name x used in val declaration
C:\Build\Agent\_work\1\s\ulib\FStar.List.Tot.Base.fst(155,22-155,23): (Warning) Parameter name y doesn't match name l used in val declaration
C:\Build\Agent\_work\1\s\ulib\FStar.List.Tot.Base.fst(155,22-155,23): (Warning) Parameter name y doesn't match name l used in val declaration
C:\Build\Agent\_work\1\s\ulib\FStar.List.Tot.Base.fst(155,22-155,23): (Warning) Parameter name y doesn't match name l used in val declaration
.\FStar.List.Tot.Base.fst(155,22-155,23): (Warning) Parameter name y doesn't match name l used in val declaration
C:\Build\Agent\_work\1\s\ulib\FStar.List.Tot.Base.fst(155,22-155,23): (Warning) Parameter name y doesn't match name l used in val declaration
C:\Build\Agent\_work\1\s\ulib\FStar.List.Tot.Base.fst(155,22-155,23): (Warning) Parameter name y doesn't match name l used in val declaration
C:\Build\Agent\_work\1\s\ulib\FStar.List.Tot.Base.fst(155,22-155,23): (Warning) Parameter name y doesn't match name l used in val declaration
.\Platform.Bytes.fst(15,32-18,29): (Warning) Pattern misses at least one bound variable: uu___#1090
.\StlcCbvDbParSubst.fst(44,24-44,25): (Warning) Parameter name v doesn't match name e used in val declaration
C:\Build\Agent\_work\1\s\ulib\FStar.List.Tot.Base.fst(155,22-155,23): (Warning) Parameter name y doesn't match name l used in val declaration
C:\Build\Agent\_work\1\s\ulib\FStar.List.Tot.Base.fst(155,22-155,23): (Warning) Parameter name y doesn't match name l used in val declaration
.\FStar.List.Tot.Base.fst(155,22-155,23): (Warning) Parameter name y doesn't match name l used in val declaration
.\QuickSort.Seq.fst(57,18-57,19): (Warning) Parameter name s doesn't match name s1 used in val declaration
C:\Build\Agent\_work\1\s\ulib\FStar.List.Tot.Base.fst(155,22-155,23): (Warning) Parameter name y doesn't match name l used in val declaration
.\Encrypt_SymEnc.fst(29,0-29,18): (Warning) Top-level let-bindings must be total; this term may have effects
C:\Build\Agent\_work\1\s\ulib\FStar.OrdSet.fst(269,35-269,36): (Warning) Parameter name x doesn't match name y used in val declaration
.\Encrypt_SymEnc.fst(44,17-44,21): (Warning) Parameter name text doesn't match name plain used in val declaration
C:\Build\Agent\_work\1\s\ulib\FStar.Ghost.fst(55,24-55,26): (Warning) Parameter name ga doesn't match name r used in val declaration
C:\Build\Agent\_work\1\s\ulib\FStar.Ghost.fst(59,27-59,29): (Warning) Parameter name ga doesn't match name ra used in val declaration
C:\Build\Agent\_work\1\s\ulib\FStar.Ghost.fst(59,30-59,32): (Warning) Parameter name gc doesn't match name rc used in val declaration
C:\Build\Agent\_work\1\s\ulib\FStar.HyperHeap.fst(217,34-217,36): (Warning) Parameter name s1 doesn't match name i used in val declaration
C:\Build\Agent\_work\1\s\ulib\FStar.HyperHeap.fst(217,37-217,39): (Warning) Parameter name s2 doesn't match name j used in val declaration
.\FStar.List.Tot.Base.fst(155,22-155,23): (Warning) Parameter name y doesn't match name l used in val declaration
C:\Build\Agent\_work\1\s\ulib\FStar.List.Tot.Base.fst(155,22-155,23): (Warning) Parameter name y doesn't match name l used in val declaration
C:\Build\Agent\_work\1\s\ulib\hyperstack\FStar.ST.fst(262,22-262,23): (Warning) Parameter name x doesn't match name s used in val declaration
C:\Build\Agent\_work\1\s\ulib\hyperstack\FStar.ST.fst(271,27-271,28): (Warning) Parameter name x doesn't match name s used in val declaration
C:\Build\Agent\_work\1\s\ulib\FStar.List.Tot.Base.fst(155,22-155,23): (Warning) Parameter name y doesn't match name l used in val declaration
.\MRefHeap.fst(37,12-37,13): (Warning) Parameter name b doesn't match name r used in val declaration
.\MRefHeap.fst(59,14-59,15): (Warning) Parameter name h doesn't match name h0 used in val declaration
WARNING: (6832,46): pattern does not contain any variable.
C:\Build\Agent\_work\1\s\ulib\FStar.Buffer.fst(179,25-179,26): (Warning) Parameter name t doesn't match name a used in val declaration
C:\Build\Agent\_work\1\s\ulib\FStar.Buffer.fst(179,28-179,30): (Warning) Parameter name t' doesn't match name a' used in val declaration
WARNING: (73643,46): pattern does not contain any variable.
WARNING: (7048,46): pattern does not contain any variable.
C:\Build\Agent\_work\1\s\ulib\FStar.List.Tot.Base.fst(155,22-155,23): (Warning) Parameter name y doesn't match name l used in val declaration
.\Vector.fst(37,26-37,28): (Warning) Parameter name v1 doesn't match name l used in val declaration
.\Unit1.Basic.fst(43,31-43,32): (Warning) Parameter name l doesn't match name x used in val declaration
.\Unit1.Basic.fst(48,16-48,17): (Warning) Parameter name l doesn't match name x used in val declaration
WARNING: (6731,46): pattern does not contain any variable.
.\LambdaOmega.fst(76,21-76,22): (Warning) Parameter name y doesn't match name x used in val declaration
C:\Build\Agent\_work\1\s\ulib\FStar.List.Tot.Base.fst(155,22-155,23): (Warning) Parameter name y doesn't match name l used in val declaration
.\Platform.Bytes.fst(257,22-260,30): (Warning) Pattern misses at least one bound variable: i#40244
.\Platform.Bytes.fst(261,8-261,24): (Warning) Pattern misses at least one bound variable: i#42374 (see also .\Platform.Bytes.fst(257,156-260,30))
WARNING: (7037,46): pattern does not contain any variable.
C:\Build\Agent\_work\1\s\ulib\FStar.List.Tot.Base.fst(155,22-155,23): (Warning) Parameter name y doesn't match name l used in val declaration
WARNING: (73643,46): pattern does not contain any variable.
WARNING: (77519,43): pattern does not contain all quantified variables.
.\Unit1.Basic.fst(163,29-163,30): (Warning) Parameter name n doesn't match name i used in val declaration
.\Unit1.Basic.fst(163,31-163,32): (Warning) Parameter name m doesn't match name j used in val declaration
.\MRefHeap.fst(37,12-37,13): (Warning) Parameter name b doesn't match name r used in val declaration
WARNING: (73643,46): pattern does not contain any variable.
WARNING: (77519,43): pattern does not contain all quantified variables.
.\FStar.List.Tot.Base.fst(155,22-155,23): (Warning) Parameter name y doesn't match name l used in val declaration
.\Encrypt_SymEnc.fst(44,17-44,21): (Warning) Parameter name text doesn't match name plain used in val declaration
.\MRefHeap.fst(59,14-59,15): (Warning) Parameter name h doesn't match name h0 used in val declaration
.\Platform.Bytes.fst(425,15-425,16): (Warning) Parameter name a doesn't match name b1 used in val declaration
.\Platform.Bytes.fst(425,17-425,18): (Warning) Parameter name b doesn't match name b2 used in val declaration
C:\Build\Agent\_work\1\s\ulib\FStar.List.Tot.Base.fst(155,22-155,23): (Warning) Parameter name y doesn't match name l used in val declaration
C:\Build\Agent\_work\1\s\ulib\FStar.List.Tot.Base.fst(155,22-155,23): (Warning) Parameter name y doesn't match name l used in val declaration
WARNING: (73643,46): pattern does not contain any variable.
WARNING: (77519,43): pattern does not contain all quantified variables.
.\Platform.Bytes.fst(432,8-432,11): (Warning) Parameter name len doesn't match name l used in val declaration
.\Platform.Bytes.fst(441,12-441,13): (Warning) Parameter name i doesn't match name n used in val declaration
WARNING: (73643,46): pattern does not contain any variable.
WARNING: (77519,43): pattern does not contain all quantified variables.
.\MRefHeap.fst(37,12-37,13): (Warning) Parameter name b doesn't match name r used in val declaration
.\MRefHeap.fst(59,14-59,15): (Warning) Parameter name h doesn't match name h0 used in val declaration
.\Unit1.WPsAndTriples.fst(14,18-14,19): (Warning) Parameter name x doesn't match name y used in val declaration
.\RBTree.fst(279,14-279,15): (Warning) Parameter name x doesn't match name k used in val declaration
C:\Build\Agent\_work\1\s\ulib\FStar.List.Tot.Base.fst(155,22-155,23): (Warning) Parameter name y doesn't match name l used in val declaration
C:\Build\Agent\_work\1\s\ulib\FStar.List.Tot.Base.fst(155,22-155,23): (Warning) Parameter name y doesn't match name l used in val declaration
C:\Build\Agent\_work\1\s\ulib\FStar.List.Tot.Base.fst(155,22-155,23): (Warning) Parameter name y doesn't match name l used in val declaration
WARNING: (73643,46): pattern does not contain any variable.
WARNING: (77519,43): pattern does not contain all quantified variables.
C:\Build\Agent\_work\1\s\ulib\FStar.List.Tot.Base.fst(155,22-155,23): (Warning) Parameter name y doesn't match name l used in val declaration
WARNING: (73643,46): pattern does not contain any variable.
WARNING: (77519,43): pattern does not contain all quantified variables.
WARNING: (73643,46): pattern does not contain any variable.
WARNING: (77519,43): pattern does not contain all quantified variables.
C:\Build\Agent\_work\1\s\ulib\FStar.List.Tot.Base.fst(155,22-155,23): (Warning) Parameter name y doesn't match name l used in val declaration
WARNING: (6527,51): pattern does not contain all quantified variables.
C:\Build\Agent\_work\1\s\ulib\FStar.List.Tot.Base.fst(155,22-155,23): (Warning) Parameter name y doesn't match name l used in val declaration
WARNING: (6527,51): pattern does not contain all quantified variables.
.\MAC.fst(45,0-45,35): (Warning) Top-level let-bindings must be total; this term may have effects
WARNING: (73643,46): pattern does not contain any variable.
WARNING: (77519,43): pattern does not contain all quantified variables.
C:\Build\Agent\_work\1\s\ulib\FStar.List.Tot.Base.fst(155,22-155,23): (Warning) Parameter name y doesn't match name l used in val declaration
.\MAC.fst(83,13-83,17): (Warning) Parameter name text doesn't match name t used in val declaration
.\Platform.Bytes.fst(515,11-515,13): (Warning) Parameter name bs doesn't match name b used in val declaration
C:\Build\Agent\_work\1\s\ulib\FStar.List.Tot.Base.fst(155,22-155,23): (Warning) Parameter name y doesn't match name l used in val declaration
C:\Build\Agent\_work\1\s\ulib\FStar.List.Tot.Base.fst(155,22-155,23): (Warning) Parameter name y doesn't match name l used in val declaration
C:\Build\Agent\_work\1\s\ulib\FStar.List.Tot.Base.fst(155,22-155,23): (Warning) Parameter name y doesn't match name l used in val declaration
WARNING: (73643,46): pattern does not contain any variable.
WARNING: (77519,43): pattern does not contain all quantified variables.
C:\Build\Agent\_work\1\s\ulib\FStar.List.Tot.Base.fst(155,22-155,23): (Warning) Parameter name y doesn't match name l used in val declaration
C:\Build\Agent\_work\1\s\ulib\FStar.List.Tot.Base.fst(155,22-155,23): (Warning) Parameter name y doesn't match name l used in val declaration
WARNING: (73643,46): pattern does not contain any variable.
WARNING: (77519,43): pattern does not contain all quantified variables.
C:\Build\Agent\_work\1\s\ulib\FStar.List.Tot.Base.fst(155,22-155,23): (Warning) Parameter name y doesn't match name l used in val declaration
.\Platform.Bytes.fst(578,11-578,12): (Warning) Parameter name x doesn't match name m used in val declaration
.\Platform.Bytes.fst(15,40-18,29): (Warning) Pattern misses at least one bound variable: uu___#79854
.\Platform.Bytes.fst(261,8-261,24): (Warning) Pattern misses at least one bound variable: i#89301 (see also .\Platform.Bytes.fst(257,156-260,30))
C:\Build\Agent\_work\1\s\ulib\FStar.List.Tot.Base.fst(155,22-155,23): (Warning) Parameter name y doesn't match name l used in val declaration
C:\Build\Agent\_work\1\s\ulib\FStar.List.Tot.Base.fst(155,22-155,23): (Warning) Parameter name y doesn't match name l used in val declaration
C:\Build\Agent\_work\1\s\ulib\FStar.List.Tot.Base.fst(155,22-155,23): (Warning) Parameter name y doesn't match name l used in val declaration
C:\Build\Agent\_work\1\s\ulib\FStar.List.Tot.Base.fst(155,22-155,23): (Warning) Parameter name y doesn't match name l used in val declaration
.\FStar.List.Tot.Base.fst(155,22-155,23): (Warning) Parameter name y doesn't match name l used in val declaration
.\TestMRef.fst(8,0-8,20): (Warning) Top-level let-bindings must be total; this term may have effects
.\FStar.List.Tot.Base.fst(155,22-155,23): (Warning) Parameter name y doesn't match name l used in val declaration
.\MAC.fst(83,13-83,17): (Warning) Parameter name text doesn't match name t used in val declaration
C:\Build\Agent\_work\1\s\ulib\FStar.List.Tot.Base.fst(155,22-155,23): (Warning) Parameter name y doesn't match name l used in val declaration
C:\Build\Agent\_work\1\s\ulib\FStar.List.Tot.Base.fst(155,22-155,23): (Warning) Parameter name y doesn't match name l used in val declaration
.\FStar.List.Tot.Base.fst(155,22-155,23): (Warning) Parameter name y doesn't match name l used in val declaration
.\FStar.List.Tot.Base.fst(155,22-155,23): (Warning) Parameter name y doesn't match name l used in val declaration
C:\Build\Agent\_work\1\s\ulib\FStar.List.Tot.Base.fst(155,22-155,23): (Warning) Parameter name y doesn't match name l used in val declaration
C:\Build\Agent\_work\1\s\ulib\FStar.Ghost.fst(55,24-55,26): (Warning) Parameter name ga doesn't match name r used in val declaration
C:\Build\Agent\_work\1\s\ulib\FStar.Ghost.fst(59,27-59,29): (Warning) Parameter name ga doesn't match name ra used in val declaration
C:\Build\Agent\_work\1\s\ulib\FStar.Ghost.fst(59,30-59,32): (Warning) Parameter name gc doesn't match name rc used in val declaration
C:\Build\Agent\_work\1\s\ulib\FStar.List.Tot.Base.fst(155,22-155,23): (Warning) Parameter name y doesn't match name l used in val declaration
C:\Build\Agent\_work\1\s\ulib\FStar.List.Tot.Base.fst(155,22-155,23): (Warning) Parameter name y doesn't match name l used in val declaration
.\IfcDelimitedReleaseReify.fst(232,30-232,31): (Warning) Parameter name l doesn't match name vl used in val declaration
C:\Build\Agent\_work\1\s\ulib\FStar.List.Tot.Base.fst(155,22-155,23): (Warning) Parameter name y doesn't match name l used in val declaration
.\FStar.List.Tot.Base.fst(155,22-155,23): (Warning) Parameter name y doesn't match name l used in val declaration
C:\Build\Agent\_work\1\s\ulib\FStar.Ghost.fst(55,24-55,26): (Warning) Parameter name ga doesn't match name r used in val declaration
C:\Build\Agent\_work\1\s\ulib\FStar.Ghost.fst(59,27-59,29): (Warning) Parameter name ga doesn't match name ra used in val declaration
C:\Build\Agent\_work\1\s\ulib\FStar.Ghost.fst(59,30-59,32): (Warning) Parameter name gc doesn't match name rc used in val declaration
C:\Build\Agent\_work\1\s\ulib\FStar.List.Tot.Base.fst(155,22-155,23): (Warning) Parameter name y doesn't match name l used in val declaration
C:\Build\Agent\_work\1\s\ulib\FStar.HyperHeap.fst(217,34-217,36): (Warning) Parameter name s1 doesn't match name i used in val declaration
C:\Build\Agent\_work\1\s\ulib\FStar.HyperHeap.fst(217,37-217,39): (Warning) Parameter name s2 doesn't match name j used in val declaration
.\FStar.List.Tot.Base.fst(155,22-155,23): (Warning) Parameter name y doesn't match name l used in val declaration
.\MAC.fst(83,13-83,17): (Warning) Parameter name text doesn't match name t used in val declaration
.\RPC.fst(9,0-9,53): (Warning) Top-level let-bindings must be total; this term may have effects
.\RPC.fst(23,0-23,39): (Warning) Top-level let-bindings must be total; this term may have effects
C:\Build\Agent\_work\1\s\ulib\hyperstack\FStar.ST.fst(262,22-262,23): (Warning) Parameter name x doesn't match name s used in val declaration
C:\Build\Agent\_work\1\s\ulib\hyperstack\FStar.ST.fst(271,27-271,28): (Warning) Parameter name x doesn't match name s used in val declaration
.\RPC.fst(48,0-49,16): (Warning) Top-level let-bindings must be total; this term may have effects
.\Ex10a.fst(27,0-27,19): (Warning) Top-level let-bindings must be total; this term may have effects
.\Mac.fst(70,0-70,35): (Warning) Top-level let-bindings must be total; this term may have effects
C:\Build\Agent\_work\1\s\ulib\FStar.Buffer.fst(179,25-179,26): (Warning) Parameter name t doesn't match name a used in val declaration
C:\Build\Agent\_work\1\s\ulib\FStar.Buffer.fst(179,28-179,30): (Warning) Parameter name t' doesn't match name a' used in val declaration
C:\Build\Agent\_work\1\s\ulib\FStar.List.Tot.Base.fst(155,22-155,23): (Warning) Parameter name y doesn't match name l used in val declaration
.\RPC.fst(116,0-116,17): (Warning) Top-level let-bindings must be total; this term may have effects
C:\Build\Agent\_work\1\s\ulib\FStar.List.Tot.Base.fst(155,22-155,23): (Warning) Parameter name y doesn't match name l used in val declaration
C:\Build\Agent\_work\1\s\ulib\FStar.List.Tot.Base.fst(155,22-155,23): (Warning) Parameter name y doesn't match name l used in val declaration
.\Mac.fst(77,13-77,17): (Warning) Parameter name text doesn't match name t used in val declaration
C:\Build\Agent\_work\1\s\ulib\FStar.List.Tot.Base.fst(155,22-155,23): (Warning) Parameter name y doesn't match name l used in val declaration
C:\Build\Agent\_work\1\s\ulib\FStar.Ghost.fst(55,24-55,26): (Warning) Parameter name ga doesn't match name r used in val declaration
C:\Build\Agent\_work\1\s\ulib\FStar.Ghost.fst(59,27-59,29): (Warning) Parameter name ga doesn't match name ra used in val declaration
C:\Build\Agent\_work\1\s\ulib\FStar.Ghost.fst(59,30-59,32): (Warning) Parameter name gc doesn't match name rc used in val declaration
C:\Build\Agent\_work\1\s\ulib\FStar.HyperHeap.fst(217,34-217,36): (Warning) Parameter name s1 doesn't match name i used in val declaration
C:\Build\Agent\_work\1\s\ulib\FStar.HyperHeap.fst(217,37-217,39): (Warning) Parameter name s2 doesn't match name j used in val declaration
C:\Build\Agent\_work\1\s\ulib\FStar.List.Tot.Base.fst(155,22-155,23): (Warning) Parameter name y doesn't match name l used in val declaration
C:\Build\Agent\_work\1\s\ulib\FStar.List.Tot.Base.fst(155,22-155,23): (Warning) Parameter name y doesn't match name l used in val declaration
C:\Build\Agent\_work\1\s\ulib\FStar.List.Tot.Base.fst(155,22-155,23): (Warning) Parameter name y doesn't match name l used in val declaration
C:\Build\Agent\_work\1\s\ulib\FStar.List.Tot.Base.fst(155,22-155,23): (Warning) Parameter name y doesn't match name l used in val declaration
.\FStar.List.Tot.Base.fst(155,22-155,23): (Warning) Parameter name y doesn't match name l used in val declaration
C:\Build\Agent\_work\1\s\ulib\hyperstack\FStar.ST.fst(262,22-262,23): (Warning) Parameter name x doesn't match name s used in val declaration
C:\Build\Agent\_work\1\s\ulib\hyperstack\FStar.ST.fst(271,27-271,28): (Warning) Parameter name x doesn't match name s used in val declaration
C:\Build\Agent\_work\1\s\ulib\FStar.List.Tot.Base.fst(155,22-155,23): (Warning) Parameter name y doesn't match name l used in val declaration
.\FStar.List.Tot.Base.fst(155,22-155,23): (Warning) Parameter name y doesn't match name l used in val declaration
C:\Build\Agent\_work\1\s\ulib\FStar.List.Tot.Base.fst(155,22-155,23): (Warning) Parameter name y doesn't match name l used in val declaration
C:\Build\Agent\_work\1\s\ulib\FStar.Buffer.fst(179,25-179,26): (Warning) Parameter name t doesn't match name a used in val declaration
C:\Build\Agent\_work\1\s\ulib\FStar.Buffer.fst(179,28-179,30): (Warning) Parameter name t' doesn't match name a' used in val declaration
.\Ex10a.fst(27,0-27,19): (Warning) Top-level let-bindings must be total; this term may have effects
C:\Build\Agent\_work\1\s\ulib\FStar.List.Tot.Base.fst(155,22-155,23): (Warning) Parameter name y doesn't match name l used in val declaration
.\CntFormat.fst(108,17-108,19): (Warning) Parameter name sc doesn't match name m used in val declaration
.\MAC.fst(83,13-83,17): (Warning) Parameter name text doesn't match name t used in val declaration
C:\Build\Agent\_work\1\s\ulib\FStar.Ghost.fst(55,24-55,26): (Warning) Parameter name ga doesn't match name r used in val declaration
C:\Build\Agent\_work\1\s\ulib\FStar.Ghost.fst(59,27-59,29): (Warning) Parameter name ga doesn't match name ra used in val declaration
C:\Build\Agent\_work\1\s\ulib\FStar.Ghost.fst(59,30-59,32): (Warning) Parameter name gc doesn't match name rc used in val declaration
.\CntProtocol.fst(14,0-14,53): (Warning) Top-level let-bindings must be total; this term may have effects
.\CntProtocol.fst(29,0-29,26): (Warning) Top-level let-bindings must be total; this term may have effects
.\CntProtocol.fst(32,0-32,54): (Warning) Top-level let-bindings must be total; this term may have effects
C:\Build\Agent\_work\1\s\ulib\FStar.HyperHeap.fst(217,34-217,36): (Warning) Parameter name s1 doesn't match name i used in val declaration
C:\Build\Agent\_work\1\s\ulib\FStar.HyperHeap.fst(217,37-217,39): (Warning) Parameter name s2 doesn't match name j used in val declaration
.\CntProtocol.fst(35,0-35,54): (Warning) Top-level let-bindings must be total; this term may have effects
C:\Build\Agent\_work\1\s\ulib\FStar.List.Tot.Base.fst(155,22-155,23): (Warning) Parameter name y doesn't match name l used in val declaration
.\CntFormat.fst(108,17-108,19): (Warning) Parameter name sc doesn't match name m used in val declaration
C:\Build\Agent\_work\1\s\ulib\hyperstack\FStar.ST.fst(262,22-262,23): (Warning) Parameter name x doesn't match name s used in val declaration
C:\Build\Agent\_work\1\s\ulib\hyperstack\FStar.ST.fst(271,27-271,28): (Warning) Parameter name x doesn't match name s used in val declaration
C:\Build\Agent\_work\1\s\ulib\FStar.List.Tot.Base.fst(155,22-155,23): (Warning) Parameter name y doesn't match name l used in val declaration
.\Ex12.MAC.fst(55,13-55,17): (Warning) Parameter name text doesn't match name t used in val declaration
.\Ex12a.Cap.fst(21,0-21,26): (Warning) Top-level let-bindings must be total; this term may have effects
.\CntProtocol.fst(99,0-99,39): (Warning) Top-level let-bindings must be total; this term may have effects
C:\Build\Agent\_work\1\s\ulib\FStar.List.Tot.Base.fst(155,22-155,23): (Warning) Parameter name y doesn't match name l used in val declaration
.\Ex12a.Cap.fst(29,13-29,14): (Warning) Parameter name t doesn't match name m used in val declaration
C:\Build\Agent\_work\1\s\ulib\FStar.List.Tot.Base.fst(155,22-155,23): (Warning) Parameter name y doesn't match name l used in val declaration
.\CntProtocol.fst(126,0-126,18): (Warning) Top-level let-bindings must be total; this term may have effects
C:\Build\Agent\_work\1\s\ulib\FStar.List.Tot.Base.fst(155,22-155,23): (Warning) Parameter name y doesn't match name l used in val declaration
C:\Build\Agent\_work\1\s\ulib\FStar.List.Tot.Base.fst(155,22-155,23): (Warning) Parameter name y doesn't match name l used in val declaration
.\CntProtocol.fst(158,0-174,5): (Warning) Top-level let-bindings must be total; this term may have effects
.\FStar.Ghost.fst(55,24-55,26): (Warning) Parameter name ga doesn't match name r used in val declaration
.\FStar.Ghost.fst(59,27-59,29): (Warning) Parameter name ga doesn't match name ra used in val declaration
.\FStar.Ghost.fst(59,30-59,32): (Warning) Parameter name gc doesn't match name rc used in val declaration
C:\Build\Agent\_work\1\s\ulib\FStar.List.Tot.Base.fst(155,22-155,23): (Warning) Parameter name y doesn't match name l used in val declaration
C:\Build\Agent\_work\1\s\ulib\FStar.List.Tot.Base.fst(155,22-155,23): (Warning) Parameter name y doesn't match name l used in val declaration
C:\Build\Agent\_work\1\s\ulib\FStar.List.Tot.Base.fst(155,22-155,23): (Warning) Parameter name y doesn't match name l used in val declaration
C:\Build\Agent\_work\1\s\ulib\FStar.Ghost.fst(55,24-55,26): (Warning) Parameter name ga doesn't match name r used in val declaration
C:\Build\Agent\_work\1\s\ulib\FStar.Ghost.fst(59,27-59,29): (Warning) Parameter name ga doesn't match name ra used in val declaration
C:\Build\Agent\_work\1\s\ulib\FStar.Ghost.fst(59,30-59,32): (Warning) Parameter name gc doesn't match name rc used in val declaration
C:\Build\Agent\_work\1\s\ulib\FStar.HyperHeap.fst(217,34-217,36): (Warning) Parameter name s1 doesn't match name i used in val declaration
C:\Build\Agent\_work\1\s\ulib\FStar.HyperHeap.fst(217,37-217,39): (Warning) Parameter name s2 doesn't match name j used in val declaration
.\FStar.List.Tot.Base.fst(155,22-155,23): (Warning) Parameter name y doesn't match name l used in val declaration
C:\Build\Agent\_work\1\s\ulib\FStar.List.Tot.Base.fst(155,22-155,23): (Warning) Parameter name y doesn't match name l used in val declaration
C:\Build\Agent\_work\1\s\ulib\hyperstack\FStar.ST.fst(262,22-262,23): (Warning) Parameter name x doesn't match name s used in val declaration
C:\Build\Agent\_work\1\s\ulib\hyperstack\FStar.ST.fst(271,27-271,28): (Warning) Parameter name x doesn't match name s used in val declaration
C:\Build\Agent\_work\1\s\ulib\FStar.List.Tot.Base.fst(155,22-155,23): (Warning) Parameter name y doesn't match name l used in val declaration
.\Ex12.MAC.fst(55,13-55,17): (Warning) Parameter name text doesn't match name t used in val declaration
.\Ex12a.Cap.fst(19,0-19,26): (Warning) Top-level let-bindings must be total; this term may have effects
.\FStar.List.Tot.Base.fst(155,22-155,23): (Warning) Parameter name y doesn't match name l used in val declaration
.\FStar.List.Tot.Base.fst(155,22-155,23): (Warning) Parameter name y doesn't match name l used in val declaration
.\Ex12a.Cap.fst(31,13-31,14): (Warning) Parameter name t doesn't match name m used in val declaration
C:\Build\Agent\_work\1\s\ulib\FStar.Ghost.fst(55,24-55,26): (Warning) Parameter name ga doesn't match name r used in val declaration
C:\Build\Agent\_work\1\s\ulib\FStar.Ghost.fst(59,27-59,29): (Warning) Parameter name ga doesn't match name ra used in val declaration
C:\Build\Agent\_work\1\s\ulib\FStar.Ghost.fst(59,30-59,32): (Warning) Parameter name gc doesn't match name rc used in val declaration
C:\Build\Agent\_work\1\s\ulib\FStar.Buffer.fst(179,25-179,26): (Warning) Parameter name t doesn't match name a used in val declaration
C:\Build\Agent\_work\1\s\ulib\FStar.Buffer.fst(179,28-179,30): (Warning) Parameter name t' doesn't match name a' used in val declaration
.\FStar.OrdSet.fst(269,35-269,36): (Warning) Parameter name x doesn't match name y used in val declaration
C:\Build\Agent\_work\1\s\ulib\FStar.HyperHeap.fst(217,34-217,36): (Warning) Parameter name s1 doesn't match name i used in val declaration
C:\Build\Agent\_work\1\s\ulib\FStar.HyperHeap.fst(217,37-217,39): (Warning) Parameter name s2 doesn't match name j used in val declaration
.\Ex12.MAC.fst(55,13-55,17): (Warning) Parameter name text doesn't match name t used in val declaration
.\Ex12b.RPC.fst(8,0-8,53): (Warning) Top-level let-bindings must be total; this term may have effects
.\Ex12b.RPC.fst(21,0-21,39): (Warning) Top-level let-bindings must be total; this term may have effects
C:\Build\Agent\_work\1\s\ulib\FStar.HyperHeap.fst(217,34-217,36): (Warning) Parameter name s1 doesn't match name i used in val declaration
C:\Build\Agent\_work\1\s\ulib\FStar.HyperHeap.fst(217,37-217,39): (Warning) Parameter name s2 doesn't match name j used in val declaration
C:\Build\Agent\_work\1\s\ulib\hyperstack\FStar.ST.fst(262,22-262,23): (Warning) Parameter name x doesn't match name s used in val declaration
C:\Build\Agent\_work\1\s\ulib\hyperstack\FStar.ST.fst(271,27-271,28): (Warning) Parameter name x doesn't match name s used in val declaration
.\FStar.List.Tot.Base.fst(155,22-155,23): (Warning) Parameter name y doesn't match name l used in val declaration
.\Ex12b.RPC.fst(53,0-54,16): (Warning) Top-level let-bindings must be total; this term may have effects
C:\Build\Agent\_work\1\s\ulib\FStar.List.Tot.Base.fst(155,22-155,23): (Warning) Parameter name y doesn't match name l used in val declaration
.\Ex12b.RPC.fst(123,0-123,17): (Warning) Top-level let-bindings must be total; this term may have effects
C:\Build\Agent\_work\1\s\ulib\FStar.Monotonic.Seq.fst(225,21-225,24): (Warning) Parameter name s_1 doesn't match name s1 used in val declaration
C:\Build\Agent\_work\1\s\ulib\FStar.Monotonic.Seq.fst(225,25-225,28): (Warning) Parameter name s_2 doesn't match name s2 used in val declaration
.\FStar.List.Tot.Base.fst(155,22-155,23): (Warning) Parameter name y doesn't match name l used in val declaration
C:\Build\Agent\_work\1\s\ulib\FStar.Monotonic.Seq.fst(331,25-331,28): (Warning) Parameter name s_1 doesn't match name s1 used in val declaration
C:\Build\Agent\_work\1\s\ulib\FStar.Monotonic.Seq.fst(331,29-331,32): (Warning) Parameter name s_2 doesn't match name s2 used in val declaration
C:\Build\Agent\_work\1\s\ulib\FStar.Ghost.fst(55,24-55,26): (Warning) Parameter name ga doesn't match name r used in val declaration
C:\Build\Agent\_work\1\s\ulib\FStar.Ghost.fst(59,27-59,29): (Warning) Parameter name ga doesn't match name ra used in val declaration
C:\Build\Agent\_work\1\s\ulib\FStar.Ghost.fst(59,30-59,32): (Warning) Parameter name gc doesn't match name rc used in val declaration
C:\Build\Agent\_work\1\s\ulib\FStar.HyperHeap.fst(217,34-217,36): (Warning) Parameter name s1 doesn't match name i used in val declaration
C:\Build\Agent\_work\1\s\ulib\FStar.HyperHeap.fst(217,37-217,39): (Warning) Parameter name s2 doesn't match name j used in val declaration
C:\Build\Agent\_work\1\s\ulib\FStar.List.Tot.Base.fst(155,22-155,23): (Warning) Parameter name y doesn't match name l used in val declaration
C:\Build\Agent\_work\1\s\ulib\FStar.Ghost.fst(55,24-55,26): (Warning) Parameter name ga doesn't match name r used in val declaration
C:\Build\Agent\_work\1\s\ulib\FStar.Ghost.fst(59,27-59,29): (Warning) Parameter name ga doesn't match name ra used in val declaration
C:\Build\Agent\_work\1\s\ulib\FStar.Ghost.fst(59,30-59,32): (Warning) Parameter name gc doesn't match name rc used in val declaration
C:\Build\Agent\_work\1\s\ulib\hyperstack\FStar.ST.fst(262,22-262,23): (Warning) Parameter name x doesn't match name s used in val declaration
C:\Build\Agent\_work\1\s\ulib\hyperstack\FStar.ST.fst(271,27-271,28): (Warning) Parameter name x doesn't match name s used in val declaration
.\Ex12g.TMAC2.fst(33,12-33,16): (Warning) Parameter name spec doesn't match name p used in val declaration
C:\Build\Agent\_work\1\s\ulib\FStar.HyperHeap.fst(217,34-217,36): (Warning) Parameter name s1 doesn't match name i used in val declaration
C:\Build\Agent\_work\1\s\ulib\FStar.HyperHeap.fst(217,37-217,39): (Warning) Parameter name s2 doesn't match name j used in val declaration
C:\Build\Agent\_work\1\s\ulib\FStar.List.Tot.Base.fst(155,22-155,23): (Warning) Parameter name y doesn't match name l used in val declaration
C:\Build\Agent\_work\1\s\ulib\FStar.Monotonic.Seq.fst(225,21-225,24): (Warning) Parameter name s_1 doesn't match name s1 used in val declaration
C:\Build\Agent\_work\1\s\ulib\FStar.Monotonic.Seq.fst(225,25-225,28): (Warning) Parameter name s_2 doesn't match name s2 used in val declaration
C:\Build\Agent\_work\1\s\ulib\FStar.Monotonic.Seq.fst(331,25-331,28): (Warning) Parameter name s_1 doesn't match name s1 used in val declaration
C:\Build\Agent\_work\1\s\ulib\FStar.Monotonic.Seq.fst(331,29-331,32): (Warning) Parameter name s_2 doesn't match name s2 used in val declaration
C:\Build\Agent\_work\1\s\ulib\hyperstack\FStar.ST.fst(262,22-262,23): (Warning) Parameter name x doesn't match name s used in val declaration
C:\Build\Agent\_work\1\s\ulib\hyperstack\FStar.ST.fst(271,27-271,28): (Warning) Parameter name x doesn't match name s used in val declaration
C:\Build\Agent\_work\1\s\ulib\FStar.List.Tot.Base.fst(155,22-155,23): (Warning) Parameter name y doesn't match name l used in val declaration
C:\Build\Agent\_work\1\s\ulib\FStar.List.Tot.Base.fst(155,22-155,23): (Warning) Parameter name y doesn't match name l used in val declaration
make[5]: warning: jobserver unavailable: using -j1.  Add '+' to parent make rule.
.\FStar.List.Tot.Base.fst(155,22-155,23): (Warning) Parameter name y doesn't match name l used in val declaration
C:\Build\Agent\_work\1\s\ulib\FStar.Monotonic.Seq.fst(225,21-225,24): (Warning) Parameter name s_1 doesn't match name s1 used in val declaration
C:\Build\Agent\_work\1\s\ulib\FStar.Monotonic.Seq.fst(225,25-225,28): (Warning) Parameter name s_2 doesn't match name s2 used in val declaration
C:\Build\Agent\_work\1\s\ulib\FStar.Monotonic.Seq.fst(331,25-331,28): (Warning) Parameter name s_1 doesn't match name s1 used in val declaration
C:\Build\Agent\_work\1\s\ulib\FStar.Monotonic.Seq.fst(331,29-331,32): (Warning) Parameter name s_2 doesn't match name s2 used in val declaration
C:\Build\Agent\_work\1\s\ulib\FStar.List.Tot.Base.fst(155,22-155,23): (Warning) Parameter name y doesn't match name l used in val declaration
C:\Build\Agent\_work\1\s\ulib\FStar.List.Tot.Base.fst(155,22-155,23): (Warning) Parameter name y doesn't match name l used in val declaration
C:\Build\Agent\_work\1\s\ulib\FStar.HyperHeap.fst(217,34-217,36): (Warning) Parameter name s1 doesn't match name i used in val declaration
C:\Build\Agent\_work\1\s\ulib\FStar.HyperHeap.fst(217,37-217,39): (Warning) Parameter name s2 doesn't match name j used in val declaration
C:\Build\Agent\_work\1\s\ulib\FStar.List.Tot.Base.fst(155,22-155,23): (Warning) Parameter name y doesn't match name l used in val declaration
C:\Build\Agent\_work\1\s\ulib\FStar.List.Tot.Base.fst(155,22-155,23): (Warning) Parameter name y doesn't match name l used in val declaration
.\FStar.List.Tot.Base.fst(155,22-155,23): (Warning) Parameter name y doesn't match name l used in val declaration
.\Ex12f.TMAC.fst(29,12-29,16): (Warning) Parameter name spec doesn't match name p used in val declaration
.\FStar.List.Tot.Base.fst(155,22-155,23): (Warning) Parameter name y doesn't match name l used in val declaration
.\FStar.List.Tot.Base.fst(155,22-155,23): (Warning) Parameter name y doesn't match name l used in val declaration
.\EtM.AE.fst(84,14-84,19): (Warning) Parameter name plain doesn't match name m used in val declaration
.\FStar.HyperHeap.fst(217,34-217,36): (Warning) Parameter name s1 doesn't match name i used in val declaration
.\FStar.HyperHeap.fst(217,37-217,39): (Warning) Parameter name s2 doesn't match name j used in val declaration
C:\Build\Agent\_work\1\s\ulib\FStar.List.Tot.Base.fst(155,22-155,23): (Warning) Parameter name y doesn't match name l used in val declaration
make[5]: warning: jobserver unavailable: using -j1.  Add '+' to parent make rule.
.\Ex12g.TMAC2.fst(34,12-34,16): (Warning) Parameter name spec doesn't match name p used in val declaration
.\FStar.OrdSet.fst(269,35-269,36): (Warning) Parameter name x doesn't match name y used in val declaration
C:\Build\Agent\_work\1\s\ulib\FStar.Ghost.fst(55,24-55,26): (Warning) Parameter name ga doesn't match name r used in val declaration
C:\Build\Agent\_work\1\s\ulib\FStar.Ghost.fst(59,27-59,29): (Warning) Parameter name ga doesn't match name ra used in val declaration
C:\Build\Agent\_work\1\s\ulib\FStar.Ghost.fst(59,30-59,32): (Warning) Parameter name gc doesn't match name rc used in val declaration
C:\Build\Agent\_work\1\s\ulib\FStar.List.Tot.Base.fst(155,22-155,23): (Warning) Parameter name y doesn't match name l used in val declaration
C:\Build\Agent\_work\1\s\ulib\FStar.Ghost.fst(55,24-55,26): (Warning) Parameter name ga doesn't match name r used in val declaration
C:\Build\Agent\_work\1\s\ulib\FStar.Ghost.fst(59,27-59,29): (Warning) Parameter name ga doesn't match name ra used in val declaration
C:\Build\Agent\_work\1\s\ulib\FStar.Ghost.fst(59,30-59,32): (Warning) Parameter name gc doesn't match name rc used in val declaration
C:\Build\Agent\_work\1\s\ulib\FStar.List.Tot.Base.fst(155,22-155,23): (Warning) Parameter name y doesn't match name l used in val declaration
.\FStar.HyperHeap.fst(217,34-217,36): (Warning) Parameter name s1 doesn't match name i used in val declaration
.\FStar.HyperHeap.fst(217,37-217,39): (Warning) Parameter name s2 doesn't match name j used in val declaration
C:\Build\Agent\_work\1\s\ulib\FStar.Ghost.fst(55,24-55,26): (Warning) Parameter name ga doesn't match name r used in val declaration
C:\Build\Agent\_work\1\s\ulib\FStar.Ghost.fst(59,27-59,29): (Warning) Parameter name ga doesn't match name ra used in val declaration
C:\Build\Agent\_work\1\s\ulib\FStar.Ghost.fst(59,30-59,32): (Warning) Parameter name gc doesn't match name rc used in val declaration
C:\Build\Agent\_work\1\s\ulib\FStar.HyperHeap.fst(217,34-217,36): (Warning) Parameter name s1 doesn't match name i used in val declaration
C:\Build\Agent\_work\1\s\ulib\FStar.HyperHeap.fst(217,37-217,39): (Warning) Parameter name s2 doesn't match name j used in val declaration
C:\Build\Agent\_work\1\s\ulib\FStar.HyperHeap.fst(217,34-217,36): (Warning) Parameter name s1 doesn't match name i used in val declaration
C:\Build\Agent\_work\1\s\ulib\FStar.HyperHeap.fst(217,37-217,39): (Warning) Parameter name s2 doesn't match name j used in val declaration
C:\Build\Agent\_work\1\s\ulib\FStar.Ghost.fst(55,24-55,26): (Warning) Parameter name ga doesn't match name r used in val declaration
C:\Build\Agent\_work\1\s\ulib\FStar.Ghost.fst(59,27-59,29): (Warning) Parameter name ga doesn't match name ra used in val declaration
C:\Build\Agent\_work\1\s\ulib\FStar.Ghost.fst(59,30-59,32): (Warning) Parameter name gc doesn't match name rc used in val declaration
C:\Build\Agent\_work\1\s\ulib\FStar.List.Tot.Base.fst(155,22-155,23): (Warning) Parameter name y doesn't match name l used in val declaration
C:\Build\Agent\_work\1\s\ulib\FStar.List.Tot.Base.fst(155,22-155,23): (Warning) Parameter name y doesn't match name l used in val declaration
C:\Build\Agent\_work\1\s\ulib\FStar.HyperHeap.fst(217,34-217,36): (Warning) Parameter name s1 doesn't match name i used in val declaration
C:\Build\Agent\_work\1\s\ulib\FStar.HyperHeap.fst(217,37-217,39): (Warning) Parameter name s2 doesn't match name j used in val declaration
.\FStar.OrdMap.fst(38,12-38,13): (Warning) Parameter name k doesn't match name key used in val declaration
.\FStar.OrdMap.fst(38,24-38,25): (Warning) Parameter name v doesn't match name value used in val declaration
C:\Build\Agent\_work\1\s\ulib\hyperstack\FStar.ST.fst(262,22-262,23): (Warning) Parameter name x doesn't match name s used in val declaration
C:\Build\Agent\_work\1\s\ulib\hyperstack\FStar.ST.fst(271,27-271,28): (Warning) Parameter name x doesn't match name s used in val declaration
C:\Build\Agent\_work\1\s\ulib\FStar.HyperHeap.fst(217,34-217,36): (Warning) Parameter name s1 doesn't match name i used in val declaration
C:\Build\Agent\_work\1\s\ulib\FStar.HyperHeap.fst(217,37-217,39): (Warning) Parameter name s2 doesn't match name j used in val declaration
.\FStar.OrdMap.fst(43,15-43,16): (Warning) Parameter name k doesn't match name key used in val declaration
.\FStar.OrdMap.fst(43,27-43,28): (Warning) Parameter name v doesn't match name value used in val declaration
.\FStar.OrdMap.fst(47,13-47,14): (Warning) Parameter name k doesn't match name key used in val declaration
.\FStar.OrdMap.fst(47,25-47,26): (Warning) Parameter name v doesn't match name value used in val declaration
.\FStar.OrdMap.fst(47,38-47,39): (Warning) Parameter name x doesn't match name k used in val declaration
C:\Build\Agent\_work\1\s\ulib\FStar.List.Tot.Base.fst(155,22-155,23): (Warning) Parameter name y doesn't match name l used in val declaration
C:\Build\Agent\_work\1\s\ulib\hyperstack\FStar.ST.fst(262,22-262,23): (Warning) Parameter name x doesn't match name s used in val declaration
C:\Build\Agent\_work\1\s\ulib\hyperstack\FStar.ST.fst(271,27-271,28): (Warning) Parameter name x doesn't match name s used in val declaration
C:\Build\Agent\_work\1\s\ulib\FStar.List.Tot.Base.fst(155,22-155,23): (Warning) Parameter name y doesn't match name l used in val declaration
C:\Build\Agent\_work\1\s\ulib\hyperstack\FStar.ST.fst(262,22-262,23): (Warning) Parameter name x doesn't match name s used in val declaration
C:\Build\Agent\_work\1\s\ulib\hyperstack\FStar.ST.fst(271,27-271,28): (Warning) Parameter name x doesn't match name s used in val declaration
.\FStar.OrdMap.fst(51,13-51,14): (Warning) Parameter name k doesn't match name key used in val declaration
.\FStar.OrdMap.fst(51,25-51,26): (Warning) Parameter name v doesn't match name value used in val declaration
.\FStar.OrdMap.fst(56,15-56,16): (Warning) Parameter name k doesn't match name key used in val declaration
.\FStar.OrdMap.fst(56,27-56,28): (Warning) Parameter name v doesn't match name value used in val declaration
.\FStar.OrdMap.fst(58,10-58,11): (Warning) Parameter name k doesn't match name key used in val declaration
.\FStar.OrdMap.fst(58,22-58,23): (Warning) Parameter name v doesn't match name value used in val declaration
.\FStar.OrdMap.fst(60,13-60,14): (Warning) Parameter name k doesn't match name key used in val declaration
.\FStar.OrdMap.fst(60,25-60,26): (Warning) Parameter name v doesn't match name value used in val declaration
C:\Build\Agent\_work\1\s\ulib\hyperstack\FStar.ST.fst(262,22-262,23): (Warning) Parameter name x doesn't match name s used in val declaration
C:\Build\Agent\_work\1\s\ulib\hyperstack\FStar.ST.fst(271,27-271,28): (Warning) Parameter name x doesn't match name s used in val declaration
C:\Build\Agent\_work\1\s\ulib\FStar.Buffer.fst(179,25-179,26): (Warning) Parameter name t doesn't match name a used in val declaration
C:\Build\Agent\_work\1\s\ulib\FStar.Buffer.fst(179,28-179,30): (Warning) Parameter name t' doesn't match name a' used in val declaration
.\FStar.OrdMap.fst(65,13-65,14): (Warning) Parameter name k doesn't match name key used in val declaration
.\FStar.OrdMap.fst(65,25-65,26): (Warning) Parameter name v doesn't match name value used in val declaration
.\FStar.OrdMap.fst(70,11-70,12): (Warning) Parameter name k doesn't match name key used in val declaration
.\FStar.OrdMap.fst(70,23-70,24): (Warning) Parameter name v doesn't match name value used in val declaration
.\HyE.Plain.fst(16,9-16,10): (Warning) Parameter name t doesn't match name p used in val declaration
.\HyE.Plain.fst(19,11-19,12): (Warning) Parameter name t doesn't match name x used in val declaration
C:\Build\Agent\_work\1\s\ulib\FStar.List.Tot.Base.fst(155,22-155,23): (Warning) Parameter name y doesn't match name l used in val declaration
.\CntFormat.fst(108,17-108,19): (Warning) Parameter name sc doesn't match name m used in val declaration
C:\Build\Agent\_work\1\s\ulib\FStar.Ghost.fst(55,24-55,26): (Warning) Parameter name ga doesn't match name r used in val declaration
C:\Build\Agent\_work\1\s\ulib\FStar.Ghost.fst(59,27-59,29): (Warning) Parameter name ga doesn't match name ra used in val declaration
C:\Build\Agent\_work\1\s\ulib\FStar.Ghost.fst(59,30-59,32): (Warning) Parameter name gc doesn't match name rc used in val declaration
.\MAC.fst(83,13-83,17): (Warning) Parameter name text doesn't match name t used in val declaration
C:\Build\Agent\_work\1\s\ulib\FStar.HyperHeap.fst(217,34-217,36): (Warning) Parameter name s1 doesn't match name i used in val declaration
C:\Build\Agent\_work\1\s\ulib\FStar.HyperHeap.fst(217,37-217,39): (Warning) Parameter name s2 doesn't match name j used in val declaration
.\Ex01a.fst(58,0-58,48): (Warning) Top-level let-bindings must be total; this term may have effects
C:\Build\Agent\_work\1\s\ulib\FStar.Ghost.fst(55,24-55,26): (Warning) Parameter name ga doesn't match name r used in val declaration
C:\Build\Agent\_work\1\s\ulib\FStar.Ghost.fst(59,27-59,29): (Warning) Parameter name ga doesn't match name ra used in val declaration
C:\Build\Agent\_work\1\s\ulib\FStar.Ghost.fst(59,30-59,32): (Warning) Parameter name gc doesn't match name rc used in val declaration
.\MAC.fst(83,13-83,17): (Warning) Parameter name text doesn't match name t used in val declaration
C:\Build\Agent\_work\1\s\ulib\hyperstack\FStar.ST.fst(262,22-262,23): (Warning) Parameter name x doesn't match name s used in val declaration
C:\Build\Agent\_work\1\s\ulib\hyperstack\FStar.ST.fst(271,27-271,28): (Warning) Parameter name x doesn't match name s used in val declaration
.\FStar.List.Tot.Base.fst(155,22-155,23): (Warning) Parameter name y doesn't match name l used in val declaration
.\Loops.fst(127,31-127,33): (Warning) Parameter name hi doesn't match name to used in val declaration
C:\Build\Agent\_work\1\s\ulib\FStar.HyperHeap.fst(217,34-217,36): (Warning) Parameter name s1 doesn't match name i used in val declaration
C:\Build\Agent\_work\1\s\ulib\FStar.HyperHeap.fst(217,37-217,39): (Warning) Parameter name s2 doesn't match name j used in val declaration
C:\Build\Agent\_work\1\s\ulib\FStar.Monotonic.Seq.fst(225,21-225,24): (Warning) Parameter name s_1 doesn't match name s1 used in val declaration
C:\Build\Agent\_work\1\s\ulib\FStar.Monotonic.Seq.fst(225,25-225,28): (Warning) Parameter name s_2 doesn't match name s2 used in val declaration
C:\Build\Agent\_work\1\s\ulib\FStar.Monotonic.Seq.fst(331,25-331,28): (Warning) Parameter name s_1 doesn't match name s1 used in val declaration
C:\Build\Agent\_work\1\s\ulib\FStar.Monotonic.Seq.fst(331,29-331,32): (Warning) Parameter name s_2 doesn't match name s2 used in val declaration
make[3]: [Makefile:66: Ex01a-ocaml] Error 2 (ignored)
C:\Build\Agent\_work\1\s\ulib\hyperstack\FStar.ST.fst(262,22-262,23): (Warning) Parameter name x doesn't match name s used in val declaration
C:\Build\Agent\_work\1\s\ulib\hyperstack\FStar.ST.fst(271,27-271,28): (Warning) Parameter name x doesn't match name s used in val declaration
C:\Build\Agent\_work\1\s\ulib\FStar.Ghost.fst(55,24-55,26): (Warning) Parameter name ga doesn't match name r used in val declaration
C:\Build\Agent\_work\1\s\ulib\FStar.Ghost.fst(59,27-59,29): (Warning) Parameter name ga doesn't match name ra used in val declaration
C:\Build\Agent\_work\1\s\ulib\FStar.Ghost.fst(59,30-59,32): (Warning) Parameter name gc doesn't match name rc used in val declaration
.\HyE.Plain.fst(16,9-16,10): (Warning) Parameter name t doesn't match name p used in val declaration
.\HyE.Plain.fst(19,11-19,12): (Warning) Parameter name t doesn't match name x used in val declaration
.\FStar.List.Tot.Base.fst(155,22-155,23): (Warning) Parameter name y doesn't match name l used in val declaration
.\FStar.List.Tot.Base.fst(155,22-155,23): (Warning) Parameter name y doesn't match name l used in val declaration
C:\Build\Agent\_work\1\s\ulib\FStar.List.Tot.Base.fst(155,22-155,23): (Warning) Parameter name y doesn't match name l used in val declaration
C:\Build\Agent\_work\1\s\ulib\FStar.HyperHeap.fst(217,34-217,36): (Warning) Parameter name s1 doesn't match name i used in val declaration
C:\Build\Agent\_work\1\s\ulib\FStar.HyperHeap.fst(217,37-217,39): (Warning) Parameter name s2 doesn't match name j used in val declaration
C:\Build\Agent\_work\1\s\ulib\FStar.List.Tot.Base.fst(155,22-155,23): (Warning) Parameter name y doesn't match name l used in val declaration
C:\Build\Agent\_work\1\s\ulib\hyperstack\FStar.ST.fst(262,22-262,23): (Warning) Parameter name x doesn't match name s used in val declaration
C:\Build\Agent\_work\1\s\ulib\hyperstack\FStar.ST.fst(271,27-271,28): (Warning) Parameter name x doesn't match name s used in val declaration
C:\Build\Agent\_work\1\s\ulib\FStar.Monotonic.Seq.fst(225,21-225,24): (Warning) Parameter name s_1 doesn't match name s1 used in val declaration
C:\Build\Agent\_work\1\s\ulib\FStar.Monotonic.Seq.fst(225,25-225,28): (Warning) Parameter name s_2 doesn't match name s2 used in val declaration
C:\Build\Agent\_work\1\s\ulib\FStar.List.Tot.Base.fst(155,22-155,23): (Warning) Parameter name y doesn't match name l used in val declaration
C:\Build\Agent\_work\1\s\ulib\FStar.Monotonic.Seq.fst(331,25-331,28): (Warning) Parameter name s_1 doesn't match name s1 used in val declaration
C:\Build\Agent\_work\1\s\ulib\FStar.Monotonic.Seq.fst(331,29-331,32): (Warning) Parameter name s_2 doesn't match name s2 used in val declaration
C:\Build\Agent\_work\1\s\ulib\FStar.List.Tot.Base.fst(155,22-155,23): (Warning) Parameter name y doesn't match name l used in val declaration
.\FStar.List.Tot.Base.fst(155,22-155,23): (Warning) Parameter name y doesn't match name l used in val declaration
.\HyE.Plain.fst(16,9-16,10): (Warning) Parameter name t doesn't match name p used in val declaration
.\HyE.Plain.fst(19,11-19,12): (Warning) Parameter name t doesn't match name x used in val declaration
.\HyE.PlainPKE.fst(11,9-11,10): (Warning) Parameter name t doesn't match name p used in val declaration
.\FStar.List.Tot.Base.fst(155,22-155,23): (Warning) Parameter name y doesn't match name l used in val declaration
C:\Build\Agent\_work\1\s\ulib\FStar.List.Tot.Base.fst(155,22-155,23): (Warning) Parameter name y doesn't match name l used in val declaration
C:\Build\Agent\_work\1\s\ulib\FStar.List.Tot.Base.fst(155,22-155,23): (Warning) Parameter name y doesn't match name l used in val declaration
C:\Build\Agent\_work\1\s\ulib\FStar.Monotonic.Seq.fst(225,21-225,24): (Warning) Parameter name s_1 doesn't match name s1 used in val declaration
C:\Build\Agent\_work\1\s\ulib\FStar.Monotonic.Seq.fst(225,25-225,28): (Warning) Parameter name s_2 doesn't match name s2 used in val declaration
C:\Build\Agent\_work\1\s\ulib\FStar.Ghost.fst(55,24-55,26): (Warning) Parameter name ga doesn't match name r used in val declaration
C:\Build\Agent\_work\1\s\ulib\FStar.Ghost.fst(59,27-59,29): (Warning) Parameter name ga doesn't match name ra used in val declaration
C:\Build\Agent\_work\1\s\ulib\FStar.Ghost.fst(59,30-59,32): (Warning) Parameter name gc doesn't match name rc used in val declaration
.\FStar.List.Tot.Base.fst(155,22-155,23): (Warning) Parameter name y doesn't match name l used in val declaration
C:\Build\Agent\_work\1\s\ulib\FStar.Monotonic.Seq.fst(331,25-331,28): (Warning) Parameter name s_1 doesn't match name s1 used in val declaration
C:\Build\Agent\_work\1\s\ulib\FStar.Monotonic.Seq.fst(331,29-331,32): (Warning) Parameter name s_2 doesn't match name s2 used in val declaration
C:\Build\Agent\_work\1\s\ulib\FStar.List.Tot.Base.fst(155,22-155,23): (Warning) Parameter name y doesn't match name l used in val declaration
C:\Build\Agent\_work\1\s\ulib\FStar.Ghost.fst(55,24-55,26): (Warning) Parameter name ga doesn't match name r used in val declaration
C:\Build\Agent\_work\1\s\ulib\FStar.Ghost.fst(59,27-59,29): (Warning) Parameter name ga doesn't match name ra used in val declaration
C:\Build\Agent\_work\1\s\ulib\FStar.Ghost.fst(59,30-59,32): (Warning) Parameter name gc doesn't match name rc used in val declaration
C:\Build\Agent\_work\1\s\ulib\FStar.List.Tot.Base.fst(155,22-155,23): (Warning) Parameter name y doesn't match name l used in val declaration
.\HyE.Plain.fst(16,9-16,10): (Warning) Parameter name t doesn't match name p used in val declaration
.\HyE.Plain.fst(19,11-19,12): (Warning) Parameter name t doesn't match name x used in val declaration
.\HyE.PlainPKE.fst(11,9-11,10): (Warning) Parameter name t doesn't match name p used in val declaration
.\FStar.OrdSet.fst(269,35-269,36): (Warning) Parameter name x doesn't match name y used in val declaration
.\FStar.List.Tot.Base.fst(155,22-155,23): (Warning) Parameter name y doesn't match name l used in val declaration
C:\Build\Agent\_work\1\s\ulib\FStar.Ghost.fst(55,24-55,26): (Warning) Parameter name ga doesn't match name r used in val declaration
C:\Build\Agent\_work\1\s\ulib\FStar.Ghost.fst(59,27-59,29): (Warning) Parameter name ga doesn't match name ra used in val declaration
C:\Build\Agent\_work\1\s\ulib\FStar.Ghost.fst(59,30-59,32): (Warning) Parameter name gc doesn't match name rc used in val declaration
C:\Build\Agent\_work\1\s\ulib\FStar.List.Tot.Base.fst(155,22-155,23): (Warning) Parameter name y doesn't match name l used in val declaration
.\FStar.OrdMap.fst(38,12-38,13): (Warning) Parameter name k doesn't match name key used in val declaration
.\FStar.OrdMap.fst(38,24-38,25): (Warning) Parameter name v doesn't match name value used in val declaration
.\FStar.OrdMap.fst(43,15-43,16): (Warning) Parameter name k doesn't match name key used in val declaration
.\FStar.OrdMap.fst(43,27-43,28): (Warning) Parameter name v doesn't match name value used in val declaration
.\FStar.OrdMap.fst(47,13-47,14): (Warning) Parameter name k doesn't match name key used in val declaration
.\FStar.OrdMap.fst(47,25-47,26): (Warning) Parameter name v doesn't match name value used in val declaration
.\FStar.OrdMap.fst(47,38-47,39): (Warning) Parameter name x doesn't match name k used in val declaration
.\FStar.OrdMap.fst(51,13-51,14): (Warning) Parameter name k doesn't match name key used in val declaration
.\FStar.OrdMap.fst(51,25-51,26): (Warning) Parameter name v doesn't match name value used in val declaration
.\FStar.OrdMap.fst(56,15-56,16): (Warning) Parameter name k doesn't match name key used in val declaration
.\FStar.OrdMap.fst(56,27-56,28): (Warning) Parameter name v doesn't match name value used in val declaration
.\FStar.OrdMap.fst(58,10-58,11): (Warning) Parameter name k doesn't match name key used in val declaration
.\FStar.OrdMap.fst(58,22-58,23): (Warning) Parameter name v doesn't match name value used in val declaration
.\FStar.OrdMap.fst(60,13-60,14): (Warning) Parameter name k doesn't match name key used in val declaration
.\FStar.OrdMap.fst(60,25-60,26): (Warning) Parameter name v doesn't match name value used in val declaration
.\FStar.OrdMap.fst(65,13-65,14): (Warning) Parameter name k doesn't match name key used in val declaration
.\FStar.OrdMap.fst(65,25-65,26): (Warning) Parameter name v doesn't match name value used in val declaration
.\FStar.OrdMap.fst(70,11-70,12): (Warning) Parameter name k doesn't match name key used in val declaration
.\FStar.OrdMap.fst(70,23-70,24): (Warning) Parameter name v doesn't match name value used in val declaration
C:\Build\Agent\_work\1\s\ulib\FStar.Monotonic.Seq.fst(225,21-225,24): (Warning) Parameter name s_1 doesn't match name s1 used in val declaration
C:\Build\Agent\_work\1\s\ulib\FStar.Monotonic.Seq.fst(225,25-225,28): (Warning) Parameter name s_2 doesn't match name s2 used in val declaration
C:\Build\Agent\_work\1\s\ulib\FStar.OrdSet.fst(269,35-269,36): (Warning) Parameter name x doesn't match name y used in val declaration
C:\Build\Agent\_work\1\s\ulib\FStar.Monotonic.Seq.fst(331,25-331,28): (Warning) Parameter name s_1 doesn't match name s1 used in val declaration
C:\Build\Agent\_work\1\s\ulib\FStar.Monotonic.Seq.fst(331,29-331,32): (Warning) Parameter name s_2 doesn't match name s2 used in val declaration
.\FStar.OrdMapProps.fst(7,20-7,21): (Warning) Parameter name t doesn't match name a used in val declaration
.\HyE.Plain.fst(16,9-16,10): (Warning) Parameter name t doesn't match name p used in val declaration
.\HyE.Plain.fst(19,11-19,12): (Warning) Parameter name t doesn't match name x used in val declaration
C:\Build\Agent\_work\1\s\ulib\FStar.OrdSet.fst(269,35-269,36): (Warning) Parameter name x doesn't match name y used in val declaration
.\HyE.PlainPKE.fst(11,9-11,10): (Warning) Parameter name t doesn't match name p used in val declaration
C:\Build\Agent\_work\1\s\ulib\FStar.List.Tot.Base.fst(155,22-155,23): (Warning) Parameter name y doesn't match name l used in val declaration
C:\Build\Agent\_work\1\s\ulib\FStar.OrdSet.fst(269,35-269,36): (Warning) Parameter name x doesn't match name y used in val declaration
C:\Build\Agent\_work\1\s\ulib\FStar.List.Tot.Base.fst(155,22-155,23): (Warning) Parameter name y doesn't match name l used in val declaration
.\FStar.List.Tot.Base.fst(155,22-155,23): (Warning) Parameter name y doesn't match name l used in val declaration
.\FStar.Relational.Comp.fst(47,28-47,29): (Warning) Parameter name f doesn't match name c used in val declaration
.\FStar.List.Tot.Base.fst(155,22-155,23): (Warning) Parameter name y doesn't match name l used in val declaration
.\FStar.Ghost.fst(55,24-55,26): (Warning) Parameter name ga doesn't match name r used in val declaration
.\FStar.List.Tot.Base.fst(155,22-155,23): (Warning) Parameter name y doesn't match name l used in val declaration
.\FStar.List.Tot.Base.fst(155,22-155,23): (Warning) Parameter name y doesn't match name l used in val declaration
.\FStar.Ghost.fst(59,27-59,29): (Warning) Parameter name ga doesn't match name ra used in val declaration
.\FStar.Ghost.fst(59,30-59,32): (Warning) Parameter name gc doesn't match name rc used in val declaration
.\FStar.List.Tot.Base.fst(155,22-155,23): (Warning) Parameter name y doesn't match name l used in val declaration
.\FStar.HyperHeap.fst(217,34-217,36): (Warning) Parameter name s1 doesn't match name i used in val declaration
.\FStar.HyperHeap.fst(217,37-217,39): (Warning) Parameter name s2 doesn't match name j used in val declaration
.\FStar.List.Tot.Base.fst(155,22-155,23): (Warning) Parameter name y doesn't match name l used in val declaration
.\FStar.List.Tot.Base.fst(155,22-155,23): (Warning) Parameter name y doesn't match name l used in val declaration
.\FStar.OrdSet.fst(269,35-269,36): (Warning) Parameter name x doesn't match name y used in val declaration
.\FStar.HyperHeap.fst(217,34-217,36): (Warning) Parameter name s1 doesn't match name i used in val declaration
.\FStar.HyperHeap.fst(217,37-217,39): (Warning) Parameter name s2 doesn't match name j used in val declaration
.\FStar.List.Tot.Base.fst(155,22-155,23): (Warning) Parameter name y doesn't match name l used in val declaration
.\FStar.List.Tot.Base.fst(155,22-155,23): (Warning) Parameter name y doesn't match name l used in val declaration
.\FStar.List.Tot.Base.fst(155,22-155,23): (Warning) Parameter name y doesn't match name l used in val declaration
.\FStar.List.Tot.Base.fst(155,22-155,23): (Warning) Parameter name y doesn't match name l used in val declaration
.\FStar.List.Tot.Base.fst(155,22-155,23): (Warning) Parameter name y doesn't match name l used in val declaration
.\FStar.HyperHeap.fst(217,34-217,36): (Warning) Parameter name s1 doesn't match name i used in val declaration
.\FStar.HyperHeap.fst(217,37-217,39): (Warning) Parameter name s2 doesn't match name j used in val declaration
.\FStar.Ghost.fst(55,24-55,26): (Warning) Parameter name ga doesn't match name r used in val declaration
.\FStar.Ghost.fst(59,27-59,29): (Warning) Parameter name ga doesn't match name ra used in val declaration
.\FStar.Ghost.fst(59,30-59,32): (Warning) Parameter name gc doesn't match name rc used in val declaration
.\FStar.List.Tot.Base.fst(155,22-155,23): (Warning) Parameter name y doesn't match name l used in val declaration
.\FStar.HyperHeap.fst(217,34-217,36): (Warning) Parameter name s1 doesn't match name i used in val declaration
.\FStar.HyperHeap.fst(217,37-217,39): (Warning) Parameter name s2 doesn't match name j used in val declaration
.\hyperstack\FStar.ST.fst(262,22-262,23): (Warning) Parameter name x doesn't match name s used in val declaration
.\hyperstack\FStar.ST.fst(271,27-271,28): (Warning) Parameter name x doesn't match name s used in val declaration
.\FStar.Ghost.fst(55,24-55,26): (Warning) Parameter name ga doesn't match name r used in val declaration
.\FStar.Ghost.fst(59,27-59,29): (Warning) Parameter name ga doesn't match name ra used in val declaration
.\FStar.Ghost.fst(59,30-59,32): (Warning) Parameter name gc doesn't match name rc used in val declaration
.\FStar.HyperHeap.fst(217,34-217,36): (Warning) Parameter name s1 doesn't match name i used in val declaration
.\FStar.HyperHeap.fst(217,37-217,39): (Warning) Parameter name s2 doesn't match name j used in val declaration
.\FStar.HyperHeap.fst(217,34-217,36): (Warning) Parameter name s1 doesn't match name i used in val declaration
.\FStar.HyperHeap.fst(217,37-217,39): (Warning) Parameter name s2 doesn't match name j used in val declaration
.\FStar.Ghost.fst(55,24-55,26): (Warning) Parameter name ga doesn't match name r used in val declaration
.\FStar.Ghost.fst(59,27-59,29): (Warning) Parameter name ga doesn't match name ra used in val declaration
.\FStar.Ghost.fst(59,30-59,32): (Warning) Parameter name gc doesn't match name rc used in val declaration
.\FStar.Buffer.fst(179,25-179,26): (Warning) Parameter name t doesn't match name a used in val declaration
.\FStar.Buffer.fst(179,28-179,30): (Warning) Parameter name t' doesn't match name a' used in val declaration
.\hyperstack\FStar.ST.fst(262,22-262,23): (Warning) Parameter name x doesn't match name s used in val declaration
.\hyperstack\FStar.ST.fst(271,27-271,28): (Warning) Parameter name x doesn't match name s used in val declaration
.\hyperstack\FStar.ST.fst(262,22-262,23): (Warning) Parameter name x doesn't match name s used in val declaration
.\hyperstack\FStar.ST.fst(271,27-271,28): (Warning) Parameter name x doesn't match name s used in val declaration
.\FStar.Monotonic.Seq.fst(225,21-225,24): (Warning) Parameter name s_1 doesn't match name s1 used in val declaration
.\FStar.Monotonic.Seq.fst(225,25-225,28): (Warning) Parameter name s_2 doesn't match name s2 used in val declaration
.\FStar.Monotonic.Seq.fst(331,25-331,28): (Warning) Parameter name s_1 doesn't match name s1 used in val declaration
.\FStar.Monotonic.Seq.fst(331,29-331,32): (Warning) Parameter name s_2 doesn't match name s2 used in val declaration
.\FStar.Buffer.fst(179,25-179,26): (Warning) Parameter name t doesn't match name a used in val declaration
.\FStar.Buffer.fst(179,28-179,30): (Warning) Parameter name t' doesn't match name a' used in val declaration
