make[1]: warning: jobserver unavailable: using -j1.  Add '+' to parent make rule.
make[1]: warning: jobserver unavailable: using -j1.  Add '+' to parent make rule.
make[2]: warning: -jN forced in submake: disabling jobserver mode.
Warning: you are using the standard library and/or the %inline keyword. We
recommend switching on --infer in order to avoid obscure type error messages.
warning: CRLF will be replaced by LF in src/parser/parse.fsi.
The file will have its original line endings in your working directory.
make[4]: warning: -jN forced in submake: disabling jobserver mode.
Warning: you are using the standard library and/or the %inline keyword. We
recommend switching on --infer in order to avoid obscure type error messages.
warning: CRLF will be replaced by LF in src/parser/ml/parse.mly.
The file will have its original line endings in your working directory.
warning: CRLF will be replaced by LF in src/parser/parse.fsi.
The file will have its original line endings in your working directory.
make[4]: warning: jobserver unavailable: using -j1.  Add '+' to parent make rule.
make[5]: warning: -jN forced in submake: disabling jobserver mode.
.\Ex01a.fst(64,28-67,48): (Warning) Top-level let-bindings must be total; this term may have effects
.\ifc.fst(170,15-174,23): (Warning) Pattern misses at least one bound variable: env#16319
.\bijection.fst(5,32-5,45): (Warning) Pattern misses at least one bound variable: x#708
WARNING: (4589,6): pattern does not contain all quantified variables.
.\bijection.fst(5,32-5,45): (Warning) Pattern misses at least one bound variable: x#3554
WARNING: (4582,6): pattern does not contain all quantified variables.
WARNING: (4637,6): pattern does not contain all quantified variables.
WARNING: (53208,6): pattern does not contain all quantified variables.
WARNING: (59191,26): pattern does not contain any variable.
WARNING: (53208,6): pattern does not contain all quantified variables.
WARNING: (59191,26): pattern does not contain any variable.
.\ifc.fst(226,16-231,23): (Warning) Pattern misses at least one bound variable: env#28786
.\ifc.fst(227,2-231,23): (Warning) Pattern misses at least one bound variable: env#30209
WARNING: (59191,26): pattern does not contain any variable.
.\FStar.DM4F.ST.fst(18,34-18,39) : (Error) let-bound monadic body has a non-monadic continuation or a branch of a match is monadic and the others aren't : Tm_unknown
make[3]: *** [Makefile:28: FStar.DM4F.IntST.uver] Error 1
make[3]: *** Waiting for unfinished jobs....
.\MRefST.fst(18,2-19,8) : (Error) let-bound monadic body has a non-monadic continuation or a branch of a match is monadic and the others aren't : Tm_unknown
make[3]: *** [../Makefile.include:63: ReifyTest.uver] Error 1
make[2]: *** [Makefile:48: preorders.uall] Error 2
make[2]: *** Waiting for unfinished jobs....
.\FStar.DM4F.Exceptions.fst(23,2-25,20) : (Error) let-bound monadic body has a non-monadic continuation or a branch of a match is monadic and the others aren't : Tm_unknown
make[3]: *** [Makefile:28: FStar.DM4F.Exceptions.uver] Error 1
make[2]: *** [Makefile:48: dm4free.uall] Error 2
.\TestMRef.fst(7,59-8,20): (Warning) Top-level let-bindings must be total; this term may have effects
.\Encrypt_SymEnc.fst(24,78-29,18): (Warning) Top-level let-bindings must be total; this term may have effects
.\MAC.fst(43,17-45,35): (Warning) Top-level let-bindings must be total; this term may have effects
WARNING: (59191,26): pattern does not contain any variable.
WARNING: (59409,26): pattern does not contain any variable.
.\ifc.fst(171,2-174,23): (Warning) Pattern misses at least one bound variable: env#95146
.\ifc.fst(227,2-231,23): (Warning) Pattern misses at least one bound variable: env#95833
.\ifcExample.fst(6,15-9,15): (Warning) Top-level let-bindings must be total; this term may have effects
.\ifcExample.fst(9,15-10,15): (Warning) Top-level let-bindings must be total; this term may have effects
.\ifcExample.fst(10,15-11,15): (Warning) Top-level let-bindings must be total; this term may have effects
.\ifcExample.fst(11,15-12,17): (Warning) Top-level let-bindings must be total; this term may have effects
WARNING: (59170,26): pattern does not contain any variable.
WARNING: (59376,26): pattern does not contain any variable.
WARNING: (59170,26): pattern does not contain any variable.
WARNING: (59376,26): pattern does not contain any variable.
WARNING: (59170,26): pattern does not contain any variable.
WARNING: (59376,26): pattern does not contain any variable.
WARNING: (59170,26): pattern does not contain any variable.
WARNING: (59376,26): pattern does not contain any variable.
WARNING: (59170,26): pattern does not contain any variable.
WARNING: (59376,26): pattern does not contain any variable.
Warning: Unable to open hints file: C:\Build\Agent\_work\1\s\ulib\FStar.MarkovsPrinciple.fst.hints; ran without hints
Warning: Unable to open hints file: C:\Build\Agent\_work\1\s\examples\algorithms\Huffman.fst.hints; ran without hints
.\TestMRef.fst(7,59-8,20): (Warning) Top-level let-bindings must be total; this term may have effects
Warning: Unable to open hints file: C:\Build\Agent\_work\1\s\ulib\FStar.IndefiniteDescription.fst.hints; ran without hints
.\Mac.fst(67,17-69,35): (Warning) Top-level let-bindings must be total; this term may have effects
.\Ex10a.fst(25,16-26,19): (Warning) Top-level let-bindings must be total; this term may have effects
.\Ex12a.Cap.fst(18,70-20,26): (Warning) Top-level let-bindings must be total; this term may have effects
.\Ex10a.fst(25,16-26,19): (Warning) Top-level let-bindings must be total; this term may have effects
.\Ex12a.Cap.fst(16,70-18,26): (Warning) Top-level let-bindings must be total; this term may have effects
Warning: Unable to open hints file: C:\Build\Agent\_work\1\s\ulib\FStar.StrongExcludedMiddle.fst.hints; ran without hints
.\Ex12b.RPC.fst(5,13-8,53): (Warning) Top-level let-bindings must be total; this term may have effects
.\Ex12b.RPC.fst(20,27-21,39): (Warning) Top-level let-bindings must be total; this term may have effects
.\Ex12b.RPC.fst(52,35-54,16): (Warning) Top-level let-bindings must be total; this term may have effects
.\Ex12b.RPC.fst(122,14-123,17): (Warning) Top-level let-bindings must be total; this term may have effects
Warning: Unable to open hints file: C:\Build\Agent\_work\1\s\doc\tutorial\code\solutions\Ex07c.fst.hints; ran without hints
.\Ex11a.fst(191,85-199,22): (Error) Unknown assertion failed
Verified module: Ex11a (132022 milliseconds)
1 error was reported (see above)
make[3]: *** [Makefile:45: verify_hh-Ex11a.fst] Error 1
make[2]: *** [Makefile:48: ../doc/tutorial/code/solutions.uall] Error 2
.\Crypto.Test.fst(241,14-244,108): (Warning) Top-level let-bindings must be total; this term may have effects
make[1]: *** [Makefile:264: uexamples] Error 2
make: *** [Makefile:241: utest] Error 2
