make[1]: warning: jobserver unavailable: using -j1.  Add '+' to parent make rule.
Warning: you are using the standard library and/or the %inline keyword. We
recommend switching on --infer in order to avoid obscure type error messages.
6 shift/reduce conflicts.
make[3]: warning: jobserver unavailable: using -j1.  Add '+' to parent make rule.
../bin/fstar-any.sh: line 11: file: command not found
../bin/fstar-any.sh: line 11: file: command not found
../bin/fstar-any.sh: line 11: file: command not found
../bin/fstar-any.sh: line 11: file: command not found
../bin/fstar-any.sh: line 11: file: command not found
../bin/fstar-any.sh: line 11: file: command not found
../bin/fstar-any.sh: line 11: file: command not found
../bin/fstar-any.sh: line 11: file: command not found
../bin/fstar-any.sh: line 11: file: command not found
../bin/fstar-any.sh: line 11: file: command not found
../bin/fstar-any.sh: line 11: file: command not found
../bin/fstar-any.sh: line 11: file: command not found
../bin/fstar-any.sh: line 11: file: command not found
../bin/fstar-any.sh: line 11: file: command not found
../bin/fstar-any.sh: line 11: file: command not found
../bin/fstar-any.sh: line 11: file: command not found
./u_boot_fsts/FStar.Syntax.Syntax.fst(397,0-397,33): (Warning) Annotation from val declaration overrides inline type annotation
./u_boot_fsts/FStar.Syntax.Syntax.fst(446,0-446,48): (Warning) Annotation from val declaration overrides inline type annotation
./u_boot_fsts/FStar.Syntax.Syntax.fst(447,0-447,76): (Warning) Annotation from val declaration overrides inline type annotation
./u_boot_fsts/FStar.Syntax.Syntax.fst(498,0-500,38): (Warning) Annotation from val declaration overrides inline type annotation
./u_boot_fsts/FStar.TypeChecker.Util.fst(70,0-72,32): (Warning) Annotation from val declaration overrides inline type annotation
./u_boot_fsts/FStar.TypeChecker.Env.fst(274,0-278,35): (Warning) Annotation from val declaration overrides inline type annotation
../../../bin/fstar-any.sh: line 11: file: command not found
../../../bin/fstar-any.sh: line 11: file: command not found
./hello.fst(5,0-5,37): (Warning) Top-level let-bindings must be total; this term may have effects
./Ex01a.fst(68,0-68,48): (Warning) Top-level let-bindings must be total; this term may have effects
./Ex01a.fst(58,0-58,48): (Warning) Top-level let-bindings must be total; this term may have effects
../../../bin/fstar-any.sh: line 11: file: command not found
<input>(2,14-2,15): (Error) Expected expression of type "int"; got expression ""hello"" of type "string"
<input>(2,14-2,15): (Error) Expected expression of type "int"; got expression ""hello"" of type "string"
../../../bin/fstar-any.sh: line 11: file: command not found
<input>(2,14-2,15): (Error) Expected expression of type "int"; got expression ""hello"" of type "string"
./Encrypt_SymEnc.fst(29,0-29,18): (Warning) Top-level let-bindings must be total; this term may have effects
./ifcExample.fst(10,0-10,15): (Warning) Top-level let-bindings must be total; this term may have effects
./ifcExample.fst(11,0-11,15): (Warning) Top-level let-bindings must be total; this term may have effects
./ifcExample.fst(12,0-12,15): (Warning) Top-level let-bindings must be total; this term may have effects
./ifcExample.fst(13,0-13,17): (Warning) Top-level let-bindings must be total; this term may have effects
./Platform.Bytes.fst(15,32-18,29): (Warning) Pattern misses at least one bound variable: uu___#1088
WARNING: (4165,6): pattern does not contain all quantified variables.
WARNING: (6628,66): pattern does not contain any variable.
./MAC.fst(45,0-45,35): (Warning) Top-level let-bindings must be total; this term may have effects
WARNING: (67219,66): pattern does not contain any variable.
WARNING: (6890,66): pattern does not contain any variable.
WARNING: (6550,66): pattern does not contain any variable.
./Platform.Bytes.fst(257,22-260,30): (Warning) Pattern misses at least one bound variable: i#40911
./Platform.Bytes.fst(257,156-260,30): (Warning) Pattern misses at least one bound variable: i#43023
WARNING: (6886,66): pattern does not contain any variable.
WARNING: (67219,66): pattern does not contain any variable.
WARNING: (70772,6): pattern does not contain all quantified variables.
WARNING: (67219,66): pattern does not contain any variable.
WARNING: (70772,6): pattern does not contain all quantified variables.
./Ex10a.fst(27,0-27,19): (Warning) Top-level let-bindings must be total; this term may have effects
WARNING: (67219,66): pattern does not contain any variable.
WARNING: (70772,6): pattern does not contain all quantified variables.
./TestMRef.fst(8,0-8,20): (Warning) Top-level let-bindings must be total; this term may have effects
WARNING: (67219,66): pattern does not contain any variable.
WARNING: (70772,6): pattern does not contain all quantified variables.
WARNING: (67219,66): pattern does not contain any variable.
WARNING: (70772,6): pattern does not contain all quantified variables.
./Mac.fst(70,0-70,35): (Warning) Top-level let-bindings must be total; this term may have effects
WARNING: (67219,66): pattern does not contain any variable.
WARNING: (70772,6): pattern does not contain all quantified variables.
./RPC.fst(9,0-9,53): (Warning) Top-level let-bindings must be total; this term may have effects
./RPC.fst(23,0-23,39): (Warning) Top-level let-bindings must be total; this term may have effects
WARNING: (67219,66): pattern does not contain any variable.
WARNING: (70772,6): pattern does not contain all quantified variables.
./RPC.fst(48,0-49,16): (Warning) Top-level let-bindings must be total; this term may have effects
./RPC.fst(116,0-116,17): (Warning) Top-level let-bindings must be total; this term may have effects
WARNING: (67219,66): pattern does not contain any variable.
WARNING: (70772,6): pattern does not contain all quantified variables.
WARNING: (67219,66): pattern does not contain any variable.
WARNING: (70772,6): pattern does not contain all quantified variables.
WARNING: (67219,66): pattern does not contain any variable.
WARNING: (70772,6): pattern does not contain all quantified variables.
./Platform.Bytes.fst(15,40-18,29): (Warning) Pattern misses at least one bound variable: uu___#80615
./Platform.Bytes.fst(257,156-260,30): (Warning) Pattern misses at least one bound variable: i#90062
./CntProtocol.fst(14,0-14,53): (Warning) Top-level let-bindings must be total; this term may have effects
./Ex12a.Cap.fst(21,0-21,26): (Warning) Top-level let-bindings must be total; this term may have effects
./CntProtocol.fst(29,0-29,26): (Warning) Top-level let-bindings must be total; this term may have effects
./CntProtocol.fst(32,0-32,54): (Warning) Top-level let-bindings must be total; this term may have effects
./CntProtocol.fst(35,0-35,54): (Warning) Top-level let-bindings must be total; this term may have effects
./CntProtocol.fst(99,0-99,39): (Warning) Top-level let-bindings must be total; this term may have effects
./CntProtocol.fst(126,0-126,18): (Warning) Top-level let-bindings must be total; this term may have effects
./CntProtocol.fst(158,0-174,5): (Warning) Top-level let-bindings must be total; this term may have effects
./Ex10a.fst(27,0-27,19): (Warning) Top-level let-bindings must be total; this term may have effects
./Ex12a.Cap.fst(19,0-19,26): (Warning) Top-level let-bindings must be total; this term may have effects
./Ex12b.RPC.fst(8,0-8,53): (Warning) Top-level let-bindings must be total; this term may have effects
./Ex12b.RPC.fst(21,0-21,39): (Warning) Top-level let-bindings must be total; this term may have effects
./Ex12b.RPC.fst(53,0-54,16): (Warning) Top-level let-bindings must be total; this term may have effects
./Ex12b.RPC.fst(123,0-123,17): (Warning) Top-level let-bindings must be total; this term may have effects
make[5]: warning: jobserver unavailable: using -j1.  Add '+' to parent make rule.
make[5]: warning: jobserver unavailable: using -j1.  Add '+' to parent make rule.
File "_none_", line 1:
Warning 58: no cmx file was found in path for module Big_int_Z, and its interface was not compiled with -opaque
File "_none_", line 1:
Warning 58: no cmx file was found in path for module Z, and its interface was not compiled with -opaque
File "_none_", line 1:
Warning 58: no cmx file was found in path for module Z, and its interface was not compiled with -opaque
File "_none_", line 1:
Warning 58: no cmx file was found in path for module Z, and its interface was not compiled with -opaque
File "_none_", line 1:
Warning 58: no cmx file was found in path for module Z, and its interface was not compiled with -opaque
File "_none_", line 1:
Warning 58: no cmx file was found in path for module Z, and its interface was not compiled with -opaque
File "_none_", line 1:
Warning 58: no cmx file was found in path for module Z, and its interface was not compiled with -opaque
File "_none_", line 1:
Warning 58: no cmx file was found in path for module Z, and its interface was not compiled with -opaque
File "FStar_String.ml", line 16, characters 16-32:
Warning 3: deprecated: String.lowercase
Use String.lowercase_ascii instead.
File "_none_", line 1:
Warning 58: no cmx file was found in path for module Z, and its interface was not compiled with -opaque
File "_none_", line 1:
Warning 58: no cmx file was found in path for module Z, and its interface was not compiled with -opaque
./Ex01a.fst(58,0-58,48): (Warning) Top-level let-bindings must be total; this term may have effects
make[3]: [Ex01a-ocaml] Error 2 (ignored)
Unexpected error
Unix.Unix_error(Unix.ENOMEM, "fork", "")
Raised by primitive operation at file "unix.ml", line 932, characters 8-14
Called from file "unix.ml", line 978, characters 4-126
Re-raised at file "unix.ml", line 985, characters 4-11
Called from file "src/basic/ml/FStar_Util.ml", line 131, characters 19-44
Called from file "src/ocaml-output/FStar_SMTEncoding_Z3.ml", line 270, characters 23-36
Called from file "src/ocaml-output/FStar_SMTEncoding_Z3.ml", line 667, characters 24-45
Called from file "src/ocaml-output/FStar_TypeChecker_Tc.ml", line 2893, characters 17-103
Called from file "src/ocaml-output/FStar_TypeChecker_Tc.ml", line 3799, characters 31-45
Called from file "list.ml", line 88, characters 24-34
Called from file "src/ocaml-output/FStar_TypeChecker_Tc.ml", line 3845, characters 8-1023
Called from file "src/ocaml-output/FStar_TypeChecker_Tc.ml", line 3965, characters 25-76
Called from file "src/ocaml-output/FStar_TypeChecker_Tc.ml" (inlined), line 4236, characters 23-49
Called from file "src/ocaml-output/FStar_TypeChecker_Tc.ml", line 4313, characters 24-38
Called from file "src/basic/ml/FStar_Util.ml", line 44, characters 14-18
Called from file "src/ocaml-output/FStar_Universal.ml", line 184, characters 34-232
Called from file "list.ml", line 88, characters 24-34
Called from file "src/ocaml-output/bootlibs/FStar_All.ml" (inlined), line 3, characters 21-24
Called from file "src/ocaml-output/FStar_Universal.ml", line 177, characters 18-803
Called from file "src/ocaml-output/FStar_Universal.ml", line 299, characters 29-77
Called from file "src/ocaml-output/FStar_Universal.ml", line 320, characters 31-72
Called from file "src/ocaml-output/FStar_Universal.ml", line 337, characters 24-71
Called from file "src/ocaml-output/FStar_Universal.ml", line 380, characters 26-68
Called from file "src/ocaml-output/FStar_Main.ml", line 201, characters 27-66
Called from file "src/ocaml-output/FStar_Main.ml", line 225, characters 6-11

make[4]: *** [Crypto.AEAD.Wrappers.PRF.fst-ver] Error 1
Unexpected error
Unix.Unix_error(Unix.ENOMEM, "fork", "")
Raised by primitive operation at file "unix.ml", line 932, characters 8-14
Called from file "unix.ml", line 978, characters 4-126
Re-raised at file "unix.ml", line 985, characters 4-11
Called from file "src/basic/ml/FStar_Util.ml", line 131, characters 19-44
Called from file "src/ocaml-output/FStar_SMTEncoding_Z3.ml", line 270, characters 23-36
Called from file "src/ocaml-output/FStar_SMTEncoding_Z3.ml", line 667, characters 24-45
Called from file "src/ocaml-output/FStar_TypeChecker_Tc.ml", line 2893, characters 17-103
Called from file "src/ocaml-output/FStar_TypeChecker_Tc.ml", line 3799, characters 31-45
Called from file "list.ml", line 88, characters 24-34
Called from file "src/ocaml-output/FStar_TypeChecker_Tc.ml", line 3845, characters 8-1023
Called from file "src/ocaml-output/FStar_TypeChecker_Tc.ml", line 3965, characters 25-76
Called from file "src/ocaml-output/FStar_TypeChecker_Tc.ml" (inlined), line 4236, characters 23-49
Called from file "src/ocaml-output/FStar_TypeChecker_Tc.ml", line 4313, characters 24-38
Called from file "src/basic/ml/FStar_Util.ml", line 44, characters 14-18
Called from file "src/ocaml-output/FStar_Universal.ml", line 184, characters 34-232
Called from file "list.ml", line 88, characters 24-34
Called from file "src/ocaml-output/bootlibs/FStar_All.ml" (inlined), line 3, characters 21-24
Called from file "src/ocaml-output/FStar_Universal.ml", line 177, characters 18-803
Called from file "src/ocaml-output/FStar_Universal.ml", line 299, characters 29-77
Called from file "src/ocaml-output/FStar_Universal.ml", line 320, characters 31-72
Called from file "src/ocaml-output/FStar_Universal.ml", line 337, characters 24-71
Called from file "src/ocaml-output/FStar_Universal.ml", line 380, characters 26-68
Called from file "src/ocaml-output/FStar_Main.ml", line 201, characters 27-66
Called from file "src/ocaml-output/FStar_Main.ml", line 225, characters 6-11

make[4]: *** [Crypto.AEAD.Wrappers.Encoding.fst-ver] Error 1
Unexpected error
Unix.Unix_error(Unix.ENOMEM, "fork", "")
Raised by primitive operation at file "unix.ml", line 932, characters 8-14
Called from file "unix.ml", line 978, characters 4-126
Re-raised at file "unix.ml", line 985, characters 4-11
Called from file "src/basic/ml/FStar_Util.ml", line 131, characters 19-44
Called from file "src/ocaml-output/FStar_SMTEncoding_Z3.ml", line 270, characters 23-36
Called from file "src/ocaml-output/FStar_SMTEncoding_Z3.ml", line 667, characters 24-45
Called from file "src/ocaml-output/FStar_TypeChecker_Tc.ml", line 4219, characters 8-75
Called from file "src/ocaml-output/FStar_TypeChecker_Tc.ml" (inlined), line 4239, characters 10-58
Called from file "src/ocaml-output/FStar_TypeChecker_Tc.ml", line 4313, characters 24-38
Called from file "src/basic/ml/FStar_Util.ml", line 44, characters 14-18
Called from file "src/ocaml-output/FStar_Universal.ml", line 184, characters 34-232
Called from file "list.ml", line 88, characters 24-34
Called from file "src/ocaml-output/bootlibs/FStar_All.ml" (inlined), line 3, characters 21-24
Called from file "src/ocaml-output/FStar_Universal.ml", line 177, characters 18-803
Called from file "src/ocaml-output/FStar_Universal.ml", line 299, characters 29-77
Called from file "src/ocaml-output/FStar_Universal.ml", line 320, characters 31-72
Called from file "src/ocaml-output/FStar_Universal.ml", line 337, characters 24-71
Called from file "src/ocaml-output/FStar_Universal.ml", line 380, characters 26-68
Called from file "src/ocaml-output/FStar_Main.ml", line 201, characters 27-66
Called from file "src/ocaml-output/FStar_Main.ml", line 225, characters 6-11

make[4]: *** [Crypto.AEAD.Encrypt.fst-ver] Error 1
unknown(0,0-0,0): (Warning) FStar.Struct: Unexpected output from Z3: (error "line 138026 column 43: unknown constant @x26")

make[4]: Target 'all' not remade because of errors.
make[3]: *** [all] Error 2
make[2]: *** [low-level.all] Error 2
make[2]: Target 'all' not remade because of errors.
make[1]: *** [uexamples] Error 2
make[1]: Target 'uregressions' not remade because of errors.
make: *** [utest] Error 2
