make[1]: warning: jobserver unavailable: using -j1.  Add '+' to parent make rule.
make[1]: warning: jobserver unavailable: using -j1.  Add '+' to parent make rule.
warning: CRLF will be replaced by LF in src/parser/parse.fsi.
The file will have its original line endings in your working directory.
Warning: you are using the standard library and/or the %inline keyword. We
recommend switching on --infer in order to avoid obscure type error messages.
6 shift/reduce conflicts.
File "src/basic/ml/FStar_Util.ml", line 47, characters 57-65:
Warning 40: st_mtime was selected from type BatUnix.stats.
It is not visible in the current scope, and will not 
be selected if the type becomes unknown.
File "src/basic/ml/FStar_Util.ml", line 47, characters 57-65:
Warning 40: st_mtime was selected from type BatUnix.stats.
It is not visible in the current scope, and will not 
be selected if the type becomes unknown.
.\Ex01a.fst(67,0-67,48): (Warning) Top-level let-bindings must be total; this term may have effects
.\Ex01a.fst(57,0-57,48): (Warning) Top-level let-bindings must be total; this term may have effects
Warning: Unable to open hints file: C:\Build\Agent\_work\1\s\examples\incl\Test.fst.hints; ran without hints
Warning: Unable to open hints file: C:\Build\Agent\_work\1\s\examples\incl\Test.fst.hints; ran without hints
Warning: Unable to open hints file: C:\Build\Agent\_work\1\s\examples\incl\Test.fst.hints; ran without hints
.\Encrypt_SymEnc.fst(29,0-29,18): (Warning) Top-level let-bindings must be total; this term may have effects
.\ifcExample.fst(10,0-10,15): (Warning) Top-level let-bindings must be total; this term may have effects
.\ifcExample.fst(11,0-11,15): (Warning) Top-level let-bindings must be total; this term may have effects
.\ifcExample.fst(12,0-12,15): (Warning) Top-level let-bindings must be total; this term may have effects
.\ifcExample.fst(13,0-13,17): (Warning) Top-level let-bindings must be total; this term may have effects
Warning: Unable to open hints file: C:\Build\Agent\_work\1\s\examples\incl\Test.fst.hints; ran without hints
Warning: Unable to open hints file: C:\Build\Agent\_work\1\s\examples\incl\Test.fst.hints; ran without hints
Warning: Unable to open hints file: C:\Build\Agent\_work\1\s\examples\incl\Test.fst.hints; ran without hints
Warning: Unable to open hints file: C:\Build\Agent\_work\1\s\examples\incl\Test.fst.hints; ran without hints
Unexpected error
Invalid_argument("String.sub / Bytes.sub")
Raised at file "pervasives.ml", line 31, characters 25-45
Called from file "string.ml", line 39, characters 2-23
Called from file "list.ml", line 131, characters 12-15

make[3]: *** [Makefile:11: vector] Error 1
make[3]: Target 'uall' not remade because of errors.
make[2]: *** [Makefile:49: data_structures.uall] Error 2
.\MAC.fst(45,0-45,35): (Warning) Top-level let-bindings must be total; this term may have effects
.\TestMRef.fst(8,0-8,20): (Warning) Top-level let-bindings must be total; this term may have effects
.\Ex10a.fst(26,0-26,19): (Warning) Top-level let-bindings must be total; this term may have effects
.\Ex12a.Cap.fst(20,0-20,26): (Warning) Top-level let-bindings must be total; this term may have effects
.\TestMRef.fst(8,0-8,20): (Warning) Top-level let-bindings must be total; this term may have effects
.\Mac.fst(69,0-69,35): (Warning) Top-level let-bindings must be total; this term may have effects
.\Crypto.Symmetric.Poly1305.Bignum.Lemmas.Part3.fst(144,8-152,79): (Error) Unknown assertion failed
Verified module: Crypto.Symmetric.Poly1305.Bignum.Lemmas.Part3 (131152 milliseconds)
1 error was reported (see above)
make[4]: *** [Makefile:96: Crypto.Symmetric.Poly1305.Bignum.Lemmas.Part3.fst-ver] Error 1
.\Ex10a.fst(26,0-26,19): (Warning) Top-level let-bindings must be total; this term may have effects
.\Ex12a.Cap.fst(18,0-18,26): (Warning) Top-level let-bindings must be total; this term may have effects
.\Ex12b.RPC.fst(8,0-8,53): (Warning) Top-level let-bindings must be total; this term may have effects
.\Ex12b.RPC.fst(21,0-21,39): (Warning) Top-level let-bindings must be total; this term may have effects
.\Ex12b.RPC.fst(53,0-54,16): (Warning) Top-level let-bindings must be total; this term may have effects
.\Ex12b.RPC.fst(123,0-123,17): (Warning) Top-level let-bindings must be total; this term may have effects
make[4]: Target 'all' not remade because of errors.
make[3]: *** [Makefile:35: uall] Error 2
make[2]: *** [Makefile:49: low-level.uall] Error 2
make[2]: Target 'uall' not remade because of errors.
make[1]: *** [Makefile:278: uexamples] Error 2
make[1]: Target 'uregressions' not remade because of errors.
make: *** [Makefile:255: utest] Error 2
