make[1]: warning: jobserver unavailable: using -j1.  Add '+' to parent make rule.
make[1]: warning: jobserver unavailable: using -j1.  Add '+' to parent make rule.
Warning: you are using the standard library and/or the %inline keyword. We
recommend switching on --infer in order to avoid obscure type error messages.
warning: CRLF will be replaced by LF in src/parser/parse.fsi.
The file will have its original line endings in your working directory.
6 shift/reduce conflicts.
File "src/basic/ml/FStar_Util.ml", line 47, characters 57-65:
Warning 40: st_mtime was selected from type BatUnix.stats.
It is not visible in the current scope, and will not 
be selected if the type becomes unknown.
File "src/basic/ml/FStar_Util.ml", line 47, characters 57-65:
Warning 40: st_mtime was selected from type BatUnix.stats.
It is not visible in the current scope, and will not 
be selected if the type becomes unknown.
make[3]: warning: jobserver unavailable: using -j1.  Add '+' to parent make rule.
.\u_boot_fsts\FStar.Syntax.Syntax.fst(397,0-397,33): (Warning) Annotation from val declaration overrides inline type annotation
.\u_boot_fsts\FStar.Syntax.Syntax.fst(446,0-446,48): (Warning) Annotation from val declaration overrides inline type annotation
.\u_boot_fsts\FStar.Syntax.Syntax.fst(447,0-447,76): (Warning) Annotation from val declaration overrides inline type annotation
.\u_boot_fsts\FStar.Syntax.Syntax.fst(498,0-500,38): (Warning) Annotation from val declaration overrides inline type annotation
.\u_boot_fsts\FStar.TypeChecker.Util.fst(70,0-72,32): (Warning) Annotation from val declaration overrides inline type annotation
.\u_boot_fsts\FStar.TypeChecker.Env.fst(278,0-282,35): (Warning) Annotation from val declaration overrides inline type annotation
.\u_boot_fsts\FStar.TypeChecker.Env.fst(704,0-706,39): (Warning) Annotation from val declaration overrides inline type annotation
warning: CRLF will be replaced by LF in src/ocaml-output/FStar_Dependencies.ml.
The file will have its original line endings in your working directory.
warning: CRLF will be replaced by LF in src/parser/ml/parse.mly.
The file will have its original line endings in your working directory.
warning: CRLF will be replaced by LF in src/parser/parse.fsi.
The file will have its original line endings in your working directory.
.\Ex01a.fst(68,0-68,48): (Warning) Top-level let-bindings must be total; this term may have effects
.\hello.fst(5,0-5,37): (Warning) Top-level let-bindings must be total; this term may have effects
.\Ex01a.fst(58,0-58,48): (Warning) Top-level let-bindings must be total; this term may have effects
.\Platform.Bytes.fst(15,32-18,29): (Warning) Pattern misses at least one bound variable: uu___#1088
WARNING: (6336,66): pattern does not contain any variable.
<input>(2,14-2,15): (Error) Expected expression of type "int"; got expression ""hello"" of type "string"
<input>(2,14-2,15): (Error) Expected expression of type "int"; got expression ""hello"" of type "string"
WARNING: (67885,66): pattern does not contain any variable.
WARNING: (6598,66): pattern does not contain any variable.
WARNING: (6258,66): pattern does not contain any variable.
Warning: Unable to open hints file: C:\Build\Agent\_work\1\s\examples\data_structures\BinaryTrees.fst.hints; ran without hints
<input>(2,14-2,15): (Error) Expected expression of type "int"; got expression ""hello"" of type "string"
.\Platform.Bytes.fst(257,22-260,30): (Warning) Pattern misses at least one bound variable: i#40911
.\Platform.Bytes.fst(257,156-260,30): (Warning) Pattern misses at least one bound variable: i#43023
WARNING: (6594,66): pattern does not contain any variable.
.\Encrypt_SymEnc.fst(29,0-29,18): (Warning) Top-level let-bindings must be total; this term may have effects
WARNING: (67885,66): pattern does not contain any variable.
WARNING: (71414,6): pattern does not contain all quantified variables.
WARNING: (67885,66): pattern does not contain any variable.
WARNING: (71414,6): pattern does not contain all quantified variables.
WARNING: (67885,66): pattern does not contain any variable.
WARNING: (71414,6): pattern does not contain all quantified variables.
WARNING: (67885,66): pattern does not contain any variable.
WARNING: (71414,6): pattern does not contain all quantified variables.
WARNING: (4121,6): pattern does not contain all quantified variables.
.\MAC.fst(45,0-45,35): (Warning) Top-level let-bindings must be total; this term may have effects
WARNING: (67885,66): pattern does not contain any variable.
WARNING: (71414,6): pattern does not contain all quantified variables.
WARNING: (67885,66): pattern does not contain any variable.
WARNING: (71414,6): pattern does not contain all quantified variables.
WARNING: (67885,66): pattern does not contain any variable.
WARNING: (71414,6): pattern does not contain all quantified variables.
WARNING: (67885,66): pattern does not contain any variable.
WARNING: (71414,6): pattern does not contain all quantified variables.
WARNING: (67885,66): pattern does not contain any variable.
WARNING: (71414,6): pattern does not contain all quantified variables.
WARNING: (67885,66): pattern does not contain any variable.
WARNING: (71414,6): pattern does not contain all quantified variables.
.\Platform.Bytes.fst(15,40-18,29): (Warning) Pattern misses at least one bound variable: uu___#80615
.\Platform.Bytes.fst(257,156-260,30): (Warning) Pattern misses at least one bound variable: i#90062
unknown(0,0-0,0): (Warning) DelimitedReleaseReify: Unexpected output from Z3: (error "line 90405 column 34: unknown function/constant Tm_abs_548842aab3ba9b9e02bc3ffc27e9f013")

.\RPC.fst(9,0-9,53): (Warning) Top-level let-bindings must be total; this term may have effects
.\RPC.fst(23,0-23,39): (Warning) Top-level let-bindings must be total; this term may have effects
.\RPC.fst(48,0-49,16): (Warning) Top-level let-bindings must be total; this term may have effects
.\RPC.fst(116,0-116,17): (Warning) Top-level let-bindings must be total; this term may have effects
Warning: Unable to open hints file: C:\Build\Agent\_work\1\s\examples\dm4free\FStar.DM4F.IntStoreFixedReader.fst.hints; ran without hints
C:\Build\Agent\_work\1\s\ulib\FStar.HyperHeap.fst(226,54-226,56) : (Error) Expected expression of type "(set (?65683 pr r ps s))"; got expression "pr" of type "rid"
Unexpected error
FStar_Errors.Error(_)
Raised by primitive operation at file "src/batString.mlv", line 145, characters 30-54
Called from file "src/batReturn.ml", line 29, characters 6-29

make[3]: *** [Makefile:61: verify_hh-EtM.MAC.fst] Error 1
C:\Build\Agent\_work\1\s\ulib\FStar.HyperHeap.fst(226,54-226,56) : (Error) Expected expression of type "(set (?65683 pr r ps s))"; got expression "pr" of type "rid"
Unexpected error
FStar_Errors.Error(_)
Raised by primitive operation at file "src/batString.mlv", line 145, characters 30-54
Called from file "src/batReturn.ml", line 29, characters 6-29

make[3]: *** [Makefile:61: verify_hh-EtM.AE.fst] Error 1
C:\Build\Agent\_work\1\s\ulib\FStar.HyperHeap.fst(226,54-226,56) : (Error) Expected expression of type "(set (?65683 pr r ps s))"; got expression "pr" of type "rid"
Unexpected error
FStar_Errors.Error(_)
Raised by primitive operation at file "src/batString.mlv", line 145, characters 30-54
Called from file "src/batReturn.ml", line 29, characters 6-29

make[3]: *** [Makefile:61: verify_hh-EtM.CPA.fst] Error 1
.\CntProtocol.fst(14,0-14,53): (Warning) Top-level let-bindings must be total; this term may have effects
.\CntProtocol.fst(29,0-29,26): (Warning) Top-level let-bindings must be total; this term may have effects
.\CntProtocol.fst(32,0-32,54): (Warning) Top-level let-bindings must be total; this term may have effects
C:\Build\Agent\_work\1\s\ulib\FStar.HyperHeap.fst(226,54-226,56) : (Error) Expected expression of type "(set (?101741 pr r ps s))"; got expression "pr" of type "rid"
Unexpected error
FStar_Errors.Error(_)
Raised by primitive operation at file "src/batString.mlv", line 145, characters 30-54
Called from file "src/batReturn.ml", line 29, characters 6-29

make[3]: *** [Makefile:61: verify_hh-EtM.Plain.fst] Error 1
.\CntProtocol.fst(35,0-35,54): (Warning) Top-level let-bindings must be total; this term may have effects
.\CntProtocol.fst(99,0-99,39): (Warning) Top-level let-bindings must be total; this term may have effects
.\CntProtocol.fst(126,0-126,18): (Warning) Top-level let-bindings must be total; this term may have effects
.\CntProtocol.fst(158,0-174,5): (Warning) Top-level let-bindings must be total; this term may have effects
.\TestMRef.fst(8,0-8,20): (Warning) Top-level let-bindings must be total; this term may have effects
C:\Build\Agent\_work\1\s\ulib\FStar.HyperHeap.fst(226,54-226,56) : (Error) Expected expression of type "(set (?151161 pr r ps s))"; got expression "pr" of type "rid"
Unexpected error
FStar_Errors.Error(_)
Raised by primitive operation at file "src/batString.mlv", line 145, characters 30-54
Called from file "src/batReturn.ml", line 29, characters 6-29

make[3]: *** [Makefile:61: verify_hh-HyE.RSA.fst] Error 1
C:\Build\Agent\_work\1\s\ulib\FStar.HyperHeap.fst(226,54-226,56) : (Error) Expected expression of type "(set (?101741 pr r ps s))"; got expression "pr" of type "rid"
Unexpected error
FStar_Errors.Error(_)
Raised by primitive operation at file "src/batString.mlv", line 145, characters 30-54
Called from file "src/batReturn.ml", line 29, characters 6-29

make[3]: *** [Makefile:61: verify_hh-HyE.Plain.fst] Error 1
C:\Build\Agent\_work\1\s\ulib\FStar.HyperHeap.fst(226,54-226,56) : (Error) Expected expression of type "(set (?65683 pr r ps s))"; got expression "pr" of type "rid"
Unexpected error
FStar_Errors.Error(_)
Raised by primitive operation at file "src/batString.mlv", line 145, characters 30-54
Called from file "src/batReturn.ml", line 29, characters 6-29

make[3]: *** [Makefile:61: verify_hh-HyE.AE.fst] Error 1
C:\Build\Agent\_work\1\s\ulib\FStar.HyperHeap.fst(226,54-226,56) : (Error) Expected expression of type "(set (?148435 pr r ps s))"; got expression "pr" of type "rid"
Unexpected error
FStar_Errors.Error(_)
Raised by primitive operation at file "src/batString.mlv", line 145, characters 30-54
Called from file "src/batReturn.ml", line 29, characters 6-29

make[3]: *** [Makefile:61: verify_hh-HyE.PlainPKE.fst] Error 1
C:\Build\Agent\_work\1\s\ulib\FStar.HyperHeap.fst(226,54-226,56) : (Error) Expected expression of type "(set (?148435 pr r ps s))"; got expression "pr" of type "rid"
Unexpected error
FStar_Errors.Error(_)
Raised by primitive operation at file "src/batString.mlv", line 145, characters 30-54
Called from file "src/batReturn.ml", line 29, characters 6-29

make[3]: *** [Makefile:61: verify_hh-HyE.CCA2.fst] Error 1
.\Ex10a.fst(27,0-27,19): (Warning) Top-level let-bindings must be total; this term may have effects
.\Mac.fst(70,0-70,35): (Warning) Top-level let-bindings must be total; this term may have effects
C:\Build\Agent\_work\1\s\ulib\FStar.HyperHeap.fst(226,54-226,56) : (Error) Expected expression of type "(set (?148435 pr r ps s))"; got expression "pr" of type "rid"
Unexpected error
FStar_Errors.Error(_)
Raised by primitive operation at file "src/batString.mlv", line 145, characters 30-54
Called from file "src/batReturn.ml", line 29, characters 6-29

make[3]: *** [Makefile:61: verify_hh-HyE.HCCA2.fst] Error 1
make[3]: Target 'all' not remade because of errors.
make[2]: *** [Makefile:33: crypto.all] Error 2
.\Ex10a.fst(27,0-27,19): (Warning) Top-level let-bindings must be total; this term may have effects
.\Ex12b.RPC.fst(8,0-8,53): (Warning) Top-level let-bindings must be total; this term may have effects
.\Ex12b.RPC.fst(21,0-21,39): (Warning) Top-level let-bindings must be total; this term may have effects
.\Ex12a.Cap.fst(19,0-19,26): (Warning) Top-level let-bindings must be total; this term may have effects
.\Ex12b.RPC.fst(53,0-54,16): (Warning) Top-level let-bindings must be total; this term may have effects
.\Ex12b.RPC.fst(123,0-123,17): (Warning) Top-level let-bindings must be total; this term may have effects
Warning: Unable to open hints file: C:\Build\Agent\_work\1\s\examples\dm4free\swap.fst.hints; ran without hints
make[5]: warning: jobserver unavailable: using -j1.  Add '+' to parent make rule.
.\Ex12a.Cap.fst(21,0-21,26): (Warning) Top-level let-bindings must be total; this term may have effects
C:\Build\Agent\_work\1\s\ulib\FStar.HyperHeap.fst(226,54-226,56) : (Error) Expected expression of type "(set (?64908 pr r ps s))"; got expression "pr" of type "rid"
Unexpected error
FStar_Errors.Error(_)
Raised by primitive operation at file "src/batString.mlv", line 145, characters 30-54
Called from file "src/batReturn.ml", line 29, characters 6-29

make[3]: *** [Makefile:45: verify_hh-Ex11a.fst] Error 1
.\FStar.HyperHeap.fst(226,54-226,56) : (Error) Expected expression of type "(set (?47013 pr r ps s))"; got expression "pr" of type "rid"
Unexpected error
FStar_Errors.Error(_)
Raised by primitive operation at file "src/batString.mlv", line 145, characters 30-54
Called from file "src/batReturn.ml", line 29, characters 6-29

make[5]: *** [Makefile:84: mgen] Error 1
make[4]: *** [Makefile:26: .mgen] Error 2
make[4]: Target 'all' not remade because of errors.
make[3]: *** [Makefile:63: Ex01a-ocaml] Error 2
C:\Build\Agent\_work\1\s\ulib\FStar.HyperHeap.fst(226,54-226,56) : (Error) Expected expression of type "(set (?64908 pr r ps s))"; got expression "pr" of type "rid"
Unexpected error
FStar_Errors.Error(_)
Raised by primitive operation at file "src/batString.mlv", line 145, characters 30-54
Called from file "src/batReturn.ml", line 29, characters 6-29

make[3]: *** [Makefile:42: verify_hh-Ex11a.fst] Error 1
make[3]: Target 'all' not remade because of errors.
make[2]: *** [Makefile:33: ../doc/tutorial/code/solutions.all] Error 2
make[3]: Target 'all' not remade because of errors.
make[2]: *** [Makefile:33: ../doc/tutorial/code/exercises.all] Error 2
.\FStar.HyperHeap.fst(226,54-226,56) : (Error) Expected expression of type "(set (?68972 pr r ps s))"; got expression "pr" of type "rid"
Unexpected error
FStar_Errors.Error(_)
Raised by primitive operation at file "src/batString.mlv", line 145, characters 30-54
Called from file "src/batReturn.ml", line 29, characters 6-29

make[2]: *** [Makefile:28: FStar.HyperHeap.fst-ver] Error 1
.\FStar.HyperHeap.fst(226,54-226,56) : (Error) Expected expression of type "(set (?64908 pr r ps s))"; got expression "pr" of type "rid"
Unexpected error
FStar_Errors.Error(_)
Raised by primitive operation at file "src/batString.mlv", line 145, characters 30-54
Called from file "src/batReturn.ml", line 29, characters 6-29

make[2]: *** [Makefile:28: FStar.HyperStack.fst-ver] Error 1
.\FStar.HyperHeap.fst(226,54-226,56) : (Error) Expected expression of type "(set (?64908 pr r ps s))"; got expression "pr" of type "rid"
Unexpected error
FStar_Errors.Error(_)
Raised by primitive operation at file "src/batString.mlv", line 145, characters 30-54
Called from file "src/batReturn.ml", line 29, characters 6-29

make[2]: *** [Makefile:28: FStar.Util.fst-ver] Error 1
.\FStar.HyperHeap.fst(226,54-226,56) : (Error) Expected expression of type "(set (?67719 pr r ps s))"; got expression "pr" of type "rid"
Unexpected error
FStar_Errors.Error(_)
Raised by primitive operation at file "src/batString.mlv", line 145, characters 30-54
Called from file "src/batReturn.ml", line 29, characters 6-29

make[2]: *** [Makefile:57: m_rref] Error 1
.\FStar.HyperHeap.fst(226,54-226,56) : (Error) Expected expression of type "(set (?138101 pr r ps s))"; got expression "pr" of type "rid"
Unexpected error
FStar_Errors.Error(_)
Raised by primitive operation at file "src/batString.mlv", line 145, characters 30-54
Called from file "src/batReturn.ml", line 29, characters 6-29

make[2]: *** [Makefile:63: bufferq] Error 1
make[2]: Target 'all' not remade because of errors.
make[1]: *** [Makefile:270: uexamples] Error 2
.\FStar.HyperHeap.fst(226,54-226,56) : (Error) Expected expression of type "(set (?71008 pr r ps s))"; got expression "pr" of type "rid"
Unexpected error
FStar_Errors.Error(_)
Raised by primitive operation at file "src/batString.mlv", line 145, characters 30-54
Called from file "src/batReturn.ml", line 29, characters 6-29

make[2]: *** [Makefile:51: st] Error 1
make[2]: Target 'all' not remade because of errors.
make[1]: *** [Makefile:267: ulib] Error 2
make[1]: Target 'uregressions' not remade because of errors.
make: *** [Makefile:251: utest] Error 2
