dos2unix: converting file parser/parse.fsi to Unix format...
Warning: you are using the standard library and/or the %inline keyword. We
recommend switching on --infer in order to avoid obscure type error messages.
dos2unix: converting file parse.mly to Unix format...
File "src/basic/ml/FStar_Util.ml", line 49, characters 57-65:
Warning 40: st_mtime was selected from type BatUnix.stats.
It is not visible in the current scope, and will not 
be selected if the type becomes unknown.
File "src/basic/ml/FStar_Util.ml", line 49, characters 57-65:
Warning 40: st_mtime was selected from type BatUnix.stats.
It is not visible in the current scope, and will not 
be selected if the type becomes unknown.
.\u_boot_fsts\FStar.TypeChecker.Util.fst(71,0-73,32): (Warning) Annotation from val declaration overrides inline type annotation
.\u_boot_fsts\FStar.TypeChecker.Env.fst(282,0-286,35): (Warning) Annotation from val declaration overrides inline type annotation
.\u_boot_fsts\FStar.TypeChecker.Env.fst(716,0-718,39): (Warning) Annotation from val declaration overrides inline type annotation
.\u_boot_fsts\FStar.Syntax.Syntax.fst(394,0-394,33): (Warning) Annotation from val declaration overrides inline type annotation
.\u_boot_fsts\FStar.Syntax.Syntax.fst(445,0-445,48): (Warning) Annotation from val declaration overrides inline type annotation
.\u_boot_fsts\FStar.Syntax.Syntax.fst(446,0-446,76): (Warning) Annotation from val declaration overrides inline type annotation
.\u_boot_fsts\FStar.Syntax.Syntax.fst(496,0-498,38): (Warning) Annotation from val declaration overrides inline type annotation
.\Ex01a.fst(58,0-58,48): (Warning) Top-level let-bindings must be total; this term may have effects
.\Ex01a.fst(68,0-68,48): (Warning) Top-level let-bindings must be total; this term may have effects
.\Encrypt_SymEnc.fst(30,0-30,18): (Warning) Top-level let-bindings must be total; this term may have effects
WARNING: (90125,39): pattern does not contain all quantified variables.
WARNING: (9441,28): pattern does not contain all quantified variables.
WARNING: (9501,28): pattern does not contain all quantified variables.
.\Benton2004.fst(542,2-550,59): (Warning) Pattern misses at least one bound variable: p1#791780
.\Benton2004.fst(594,2-600,48): (Warning) Pattern misses at least one bound variable: phi'#792367
.\Benton2004.fst(631,2-639,102): (Warning) Pattern misses at least one bound variable: phi'#793270
.\Benton2004.fst(542,2-550,59): (Warning) Pattern misses at least one bound variable: p1#731999
.\Benton2004.fst(594,2-600,48): (Warning) Pattern misses at least one bound variable: phi'#732586
.\Benton2004.fst(631,2-639,102): (Warning) Pattern misses at least one bound variable: phi'#733489
.\Benton2004.DDCC.fst(474,2-482,59): (Warning) Pattern misses at least one bound variable: p1#900782
.\Benton2004.DDCC.fst(638,2-644,48): (Warning) Pattern misses at least one bound variable: phi'#903302
.\Benton2004.DDCC.fst(669,2-677,102): (Warning) Pattern misses at least one bound variable: phi'#904205
.\Benton2004.DDCC.fst(768,2-774,56): (Warning) Pattern misses at least one bound variable: v#907360
.\MAC.fst(45,0-45,35): (Warning) Top-level let-bindings must be total; this term may have effects
WARNING: (6896,51): pattern does not contain all quantified variables.
WARNING: (6896,51): pattern does not contain all quantified variables.
.\Benton2004.fst(542,2-550,59): (Warning) Pattern misses at least one bound variable: p1#731999
.\Benton2004.fst(594,2-600,48): (Warning) Pattern misses at least one bound variable: phi'#732586
.\Benton2004.fst(631,2-639,102): (Warning) Pattern misses at least one bound variable: phi'#733489
.\Benton2004.DDCC.fst(474,2-482,59): (Warning) Pattern misses at least one bound variable: p1#854384
.\Benton2004.DDCC.fst(638,2-644,48): (Warning) Pattern misses at least one bound variable: phi'#856904
.\Benton2004.DDCC.fst(669,2-677,102): (Warning) Pattern misses at least one bound variable: phi'#857807
.\Benton2004.DDCC.fst(768,2-774,56): (Warning) Pattern misses at least one bound variable: v#860962
WARNING: (89750,39): pattern does not contain all quantified variables.
WARNING: (90438,28): pattern does not contain all quantified variables.
WARNING: (90542,29): pattern does not contain all quantified variables.
WARNING: (90722,27): pattern does not contain all quantified variables.
WARNING: (94592,44): pattern does not contain all quantified variables.
WARNING: (94884,33): pattern does not contain all quantified variables.
WARNING: (95381,33): pattern does not contain all quantified variables.
WARNING: (95633,34): pattern does not contain all quantified variables.
WARNING: (95813,32): pattern does not contain all quantified variables.
WARNING: (96133,32): pattern does not contain all quantified variables.
WARNING: (10338,44): pattern does not contain all quantified variables.
WARNING: (10498,33): pattern does not contain all quantified variables.
.\Benton2004.fst(542,2-550,59): (Warning) Pattern misses at least one bound variable: p1#731999
.\Benton2004.fst(594,2-600,48): (Warning) Pattern misses at least one bound variable: phi'#732586
.\Benton2004.fst(631,2-639,102): (Warning) Pattern misses at least one bound variable: phi'#733489
.\Benton2004.DDCC.fst(474,2-482,59): (Warning) Pattern misses at least one bound variable: p1#854384
.\Benton2004.DDCC.fst(638,2-644,48): (Warning) Pattern misses at least one bound variable: phi'#856904
.\Benton2004.DDCC.fst(669,2-677,102): (Warning) Pattern misses at least one bound variable: phi'#857807
.\Benton2004.DDCC.fst(768,2-774,56): (Warning) Pattern misses at least one bound variable: v#860962
WARNING: (9504,33): pattern does not contain all quantified variables.
WARNING: (89750,39): pattern does not contain all quantified variables.
WARNING: (90438,28): pattern does not contain all quantified variables.
WARNING: (90542,29): pattern does not contain all quantified variables.
WARNING: (90722,27): pattern does not contain all quantified variables.
WARNING: (94592,44): pattern does not contain all quantified variables.
WARNING: (94884,33): pattern does not contain all quantified variables.
WARNING: (95381,33): pattern does not contain all quantified variables.
WARNING: (95633,34): pattern does not contain all quantified variables.
WARNING: (95813,32): pattern does not contain all quantified variables.
WARNING: (96133,32): pattern does not contain all quantified variables.
WARNING: (9460,44): pattern does not contain all quantified variables.
.\Benton2004.SmithVolpano.fst(201,2-204,35): (Warning) Pattern misses at least one bound variable: t#894665
.\Platform.Bytes.fst(15,32-18,29): (Warning) Pattern misses at least one bound variable: uu___#420757
WARNING: (6847,46): pattern does not contain any variable.
WARNING: (7030,46): pattern does not contain any variable.
WARNING: (6746,46): pattern does not contain any variable.
.\Platform.Bytes.fst(257,22-260,30): (Warning) Pattern misses at least one bound variable: i#457551
.\Platform.Bytes.fst(261,8-261,24): (Warning) Pattern misses at least one bound variable: i#459550 (see also .\Platform.Bytes.fst(257,156-260,30))
WARNING: (7052,46): pattern does not contain any variable.
WARNING: (65336,46): pattern does not contain any variable.
WARNING: (69232,43): pattern does not contain all quantified variables.
WARNING: (65336,46): pattern does not contain any variable.
WARNING: (69232,43): pattern does not contain all quantified variables.
WARNING: (65336,46): pattern does not contain any variable.
WARNING: (69232,43): pattern does not contain all quantified variables.
WARNING: (65336,46): pattern does not contain any variable.
WARNING: (69232,43): pattern does not contain all quantified variables.
WARNING: (65336,46): pattern does not contain any variable.
WARNING: (69232,43): pattern does not contain all quantified variables.
WARNING: (65336,46): pattern does not contain any variable.
WARNING: (69232,43): pattern does not contain all quantified variables.
WARNING: (65336,46): pattern does not contain any variable.
WARNING: (69232,43): pattern does not contain all quantified variables.
WARNING: (65336,46): pattern does not contain any variable.
WARNING: (69232,43): pattern does not contain all quantified variables.
WARNING: (65336,46): pattern does not contain any variable.
WARNING: (69232,43): pattern does not contain all quantified variables.
.\Platform.Bytes.fst(15,40-18,29): (Warning) Pattern misses at least one bound variable: uu___#494275
.\Platform.Bytes.fst(261,8-261,24): (Warning) Pattern misses at least one bound variable: i#502662 (see also .\Platform.Bytes.fst(257,156-260,30))
.\RPC.fst(9,0-9,53): (Warning) Top-level let-bindings must be total; this term may have effects
.\RPC.fst(23,0-23,39): (Warning) Top-level let-bindings must be total; this term may have effects
.\RPC.fst(48,0-49,16): (Warning) Top-level let-bindings must be total; this term may have effects
.\RPC.fst(116,0-116,17): (Warning) Top-level let-bindings must be total; this term may have effects
.\Benton2004.fst(542,2-550,59): (Warning) Pattern misses at least one bound variable: p1#731999
.\Benton2004.fst(594,2-600,48): (Warning) Pattern misses at least one bound variable: phi'#732586
.\Benton2004.fst(631,2-639,102): (Warning) Pattern misses at least one bound variable: phi'#733489
.\Benton2004.RHL.fst(125,2-127,38): (Warning) Pattern misses at least one bound variable: t#843049
.\Benton2004.RHL.fst(292,2-300,59): (Warning) Pattern misses at least one bound variable: p1#851346
.\Benton2004.RHL.fst(575,2-581,48): (Warning) Pattern misses at least one bound variable: phi'#861558
.\Benton2004.RHL.fst(606,2-614,102): (Warning) Pattern misses at least one bound variable: phi'#862504
.\Benton2004.RHL.Derived.fst(59,2-65,48): (Warning) Pattern misses at least one bound variable: phi'#874100
.\CntProtocol.fst(14,0-14,53): (Warning) Top-level let-bindings must be total; this term may have effects
.\CntProtocol.fst(29,0-29,26): (Warning) Top-level let-bindings must be total; this term may have effects
.\CntProtocol.fst(32,0-32,54): (Warning) Top-level let-bindings must be total; this term may have effects
.\CntProtocol.fst(35,0-35,54): (Warning) Top-level let-bindings must be total; this term may have effects
.\CntProtocol.fst(99,0-99,39): (Warning) Top-level let-bindings must be total; this term may have effects
.\CntProtocol.fst(126,0-126,18): (Warning) Top-level let-bindings must be total; this term may have effects
.\CntProtocol.fst(172,0-188,5): (Warning) Top-level let-bindings must be total; this term may have effects
File "ulib/ml/extracted/FStar_IndefiniteDescription.ml", line 7, characters 31-33:
Warning 20: this argument will not be used by the function.
File "ulib/ml/extracted/FStar_Tactics.ml", line 353, characters 45-46:
Warning 20: this argument will not be used by the function.
File "ulib/ml/extracted/FStar_Util.ml", line 2, characters 40-41:
Warning 20: this argument will not be used by the function.
File "ulib/ml/extracted/FStar_Util.ml", line 2, characters 42-43:
Warning 20: this argument will not be used by the function.
File "ulib/ml/extracted/FStar_Util.ml", line 3, characters 64-65:
Warning 20: this argument will not be used by the function.
File "ulib/ml/extracted/FStar_Util.ml", line 5, characters 37-38:
Warning 20: this argument will not be used by the function.
File "ulib/ml/extracted/FStar_Util.ml", line 5, characters 62-63:
Warning 20: this argument will not be used by the function.
.\Ex10a.fst(28,0-28,22): (Warning) Top-level let-bindings must be total; this term may have effects
.\Benton2004.fst(542,2-550,59): (Warning) Pattern misses at least one bound variable: p1#731999
.\Benton2004.fst(594,2-600,48): (Warning) Pattern misses at least one bound variable: phi'#732586
.\Benton2004.fst(631,2-639,102): (Warning) Pattern misses at least one bound variable: phi'#733489
WARNING: (89750,39): pattern does not contain all quantified variables.
WARNING: (90438,28): pattern does not contain all quantified variables.
WARNING: (90542,29): pattern does not contain all quantified variables.
WARNING: (90722,27): pattern does not contain all quantified variables.
WARNING: (93387,43): pattern does not contain all quantified variables.
WARNING: (94959,32): pattern does not contain all quantified variables.
WARNING: (89750,39): pattern does not contain all quantified variables.
WARNING: (90438,28): pattern does not contain all quantified variables.
WARNING: (90542,29): pattern does not contain all quantified variables.
WARNING: (90722,27): pattern does not contain all quantified variables.
WARNING: (93387,43): pattern does not contain all quantified variables.
WARNING: (94959,32): pattern does not contain all quantified variables.
WARNING: (89750,39): pattern does not contain all quantified variables.
WARNING: (90438,28): pattern does not contain all quantified variables.
WARNING: (90542,29): pattern does not contain all quantified variables.
WARNING: (90722,27): pattern does not contain all quantified variables.
WARNING: (93387,43): pattern does not contain all quantified variables.
WARNING: (94959,32): pattern does not contain all quantified variables.
WARNING: (89750,39): pattern does not contain all quantified variables.
WARNING: (90438,28): pattern does not contain all quantified variables.
WARNING: (90542,29): pattern does not contain all quantified variables.
WARNING: (90722,27): pattern does not contain all quantified variables.
WARNING: (93387,43): pattern does not contain all quantified variables.
WARNING: (94959,32): pattern does not contain all quantified variables.
WARNING: (89750,39): pattern does not contain all quantified variables.
WARNING: (90438,28): pattern does not contain all quantified variables.
WARNING: (90542,29): pattern does not contain all quantified variables.
WARNING: (90722,27): pattern does not contain all quantified variables.
WARNING: (93387,43): pattern does not contain all quantified variables.
WARNING: (94959,32): pattern does not contain all quantified variables.
WARNING: (89750,39): pattern does not contain all quantified variables.
WARNING: (90438,28): pattern does not contain all quantified variables.
WARNING: (90542,29): pattern does not contain all quantified variables.
WARNING: (90722,27): pattern does not contain all quantified variables.
WARNING: (93387,43): pattern does not contain all quantified variables.
WARNING: (94959,32): pattern does not contain all quantified variables.
.\Benton2004.RHL.fst(125,2-127,38): (Warning) Pattern misses at least one bound variable: t#906398
.\Benton2004.RHL.fst(292,2-300,59): (Warning) Pattern misses at least one bound variable: p1#914695
.\Benton2004.RHL.fst(575,2-581,48): (Warning) Pattern misses at least one bound variable: phi'#924907
.\Benton2004.RHL.fst(606,2-614,102): (Warning) Pattern misses at least one bound variable: phi'#925853
.\Benton2004.fst(542,2-550,59): (Warning) Pattern misses at least one bound variable: p1#731999
.\Benton2004.fst(594,2-600,48): (Warning) Pattern misses at least one bound variable: phi'#732586
.\Benton2004.fst(631,2-639,102): (Warning) Pattern misses at least one bound variable: phi'#733489
.\Benton2004.RHL.fst(125,2-127,38): (Warning) Pattern misses at least one bound variable: t#843049
.\Benton2004.RHL.fst(292,2-300,59): (Warning) Pattern misses at least one bound variable: p1#851346
.\Benton2004.RHL.fst(575,2-581,48): (Warning) Pattern misses at least one bound variable: phi'#861558
.\Benton2004.RHL.fst(606,2-614,102): (Warning) Pattern misses at least one bound variable: phi'#862504
WARNING: (10034,43): pattern does not contain all quantified variables.
WARNING: (9694,43): pattern does not contain all quantified variables.
WARNING: (9752,32): pattern does not contain all quantified variables.
WARNING: (10483,43): pattern does not contain all quantified variables.
WARNING: (89750,39): pattern does not contain all quantified variables.
WARNING: (90438,28): pattern does not contain all quantified variables.
WARNING: (90542,29): pattern does not contain all quantified variables.
WARNING: (90722,27): pattern does not contain all quantified variables.
WARNING: (93367,43): pattern does not contain all quantified variables.
WARNING: (94938,32): pattern does not contain all quantified variables.
WARNING: (95768,34): pattern does not contain all quantified variables.
WARNING: (95872,33): pattern does not contain all quantified variables.
WARNING: (96052,31): pattern does not contain all quantified variables.
WARNING: (96657,47): pattern does not contain all quantified variables.
WARNING: (9967,43): pattern does not contain all quantified variables.
.\Benton2004.RHL.Examples.fst(160,2-166,48): (Warning) Pattern misses at least one bound variable: phi'#902851
File "ulib/ml/extracted/FStar_IndefiniteDescription.ml", line 7, characters 31-33:
Warning 20: this argument will not be used by the function.
File "ulib/ml/extracted/FStar_Tactics.ml", line 353, characters 45-46:
Warning 20: this argument will not be used by the function.
File "ulib/ml/extracted/FStar_Util.ml", line 2, characters 40-41:
Warning 20: this argument will not be used by the function.
File "ulib/ml/extracted/FStar_Util.ml", line 2, characters 42-43:
Warning 20: this argument will not be used by the function.
File "ulib/ml/extracted/FStar_Util.ml", line 3, characters 64-65:
Warning 20: this argument will not be used by the function.
File "ulib/ml/extracted/FStar_Util.ml", line 5, characters 37-38:
Warning 20: this argument will not be used by the function.
File "ulib/ml/extracted/FStar_Util.ml", line 5, characters 62-63:
Warning 20: this argument will not be used by the function.
.\hello.fst(5,0-5,37): (Warning) Top-level let-bindings must be total; this term may have effects
.\Ex10a.fst(28,0-28,22): (Warning) Top-level let-bindings must be total; this term may have effects
.\TestMRef.fst(8,0-8,20): (Warning) Top-level let-bindings must be total; this term may have effects
.\Ex12a1.Cap.fst(23,0-23,26): (Warning) Top-level let-bindings must be total; this term may have effects
.\Ex12a1.Cap.fst(21,0-21,26): (Warning) Top-level let-bindings must be total; this term may have effects
.\Ex12a2.Cap.fst(21,0-21,31): (Warning) Top-level let-bindings must be total; this term may have effects
.\Ex12a2.Cap.fst(42,0-42,33): (Warning) Top-level let-bindings must be total; this term may have effects
.\Mac.fst(70,0-70,35): (Warning) Top-level let-bindings must be total; this term may have effects
.\Ex12b.RPC.fst(15,0-15,53): (Warning) Top-level let-bindings must be total; this term may have effects
.\Ex12b.RPC.fst(29,0-29,38): (Warning) Top-level let-bindings must be total; this term may have effects
.\Ex12b.RPC.fst(61,8-61,53): (Warning) Top-level let-bindings must be total; this term may have effects
.\Ex12b.RPC.fst(90,0-91,16): (Warning) Top-level let-bindings must be total; this term may have effects
.\Ex12b.RPC.fst(170,0-170,17): (Warning) Top-level let-bindings must be total; this term may have effects
.\Ex01a.fst(58,0-58,48): (Warning) Top-level let-bindings must be total; this term may have effects
make[3]: [Makefile:68: Ex01a-ocaml] Error 2 (ignored)
.\Benton2004.fst(542,2-550,59): (Warning) Pattern misses at least one bound variable: p1#731999
.\Benton2004.fst(594,2-600,48): (Warning) Pattern misses at least one bound variable: phi'#732586
.\Benton2004.fst(631,2-639,102): (Warning) Pattern misses at least one bound variable: phi'#733489
.\Benton2004.RHL.fst(125,2-127,38): (Warning) Pattern misses at least one bound variable: t#843049
.\Benton2004.RHL.fst(292,2-300,59): (Warning) Pattern misses at least one bound variable: p1#851346
.\Benton2004.RHL.fst(575,2-581,48): (Warning) Pattern misses at least one bound variable: phi'#861558
.\Benton2004.RHL.fst(606,2-614,102): (Warning) Pattern misses at least one bound variable: phi'#862504
.\Benton2004.RHL.Derived.fst(59,2-65,48): (Warning) Pattern misses at least one bound variable: phi'#872088
WARNING: (10583,43): pattern does not contain all quantified variables.
WARNING: (89750,39): pattern does not contain all quantified variables.
WARNING: (90438,28): pattern does not contain all quantified variables.
WARNING: (90542,29): pattern does not contain all quantified variables.
WARNING: (90722,27): pattern does not contain all quantified variables.
WARNING: (93367,43): pattern does not contain all quantified variables.
WARNING: (94938,32): pattern does not contain all quantified variables.
WARNING: (95768,34): pattern does not contain all quantified variables.
WARNING: (95872,33): pattern does not contain all quantified variables.
WARNING: (96052,31): pattern does not contain all quantified variables.
WARNING: (96336,46): pattern does not contain all quantified variables.
.\FStar.Math.Lemmas.fst(287,0-294,33): (Error) Killed: Unknown assertion failed
Verified module: FStar.Math.Lemmas (5814351 milliseconds)
1 error was reported (see above)
make[2]: *** [Makefile:16: FStar.Math.Lemmas.fst-ver] Error 1
make[2]: Target 'all' not remade because of errors.
make[1]: *** [Makefile:280: ulib] Error 2
make[1]: Target 'uregressions' not remade because of errors.
make: *** [Makefile:260: utest] Error 2
