dos2unix: converting file parser/parse.fsi to Unix format...
Warning: you are using the standard library and/or the %inline keyword. We
recommend switching on --infer in order to avoid obscure type error messages.
dos2unix: converting file parse.mly to Unix format...
File "src/basic/ml/FStar_Util.ml", line 47, characters 57-65:
Warning 40: st_mtime was selected from type BatUnix.stats.
It is not visible in the current scope, and will not 
be selected if the type becomes unknown.
File "src/basic/ml/FStar_Util.ml", line 47, characters 57-65:
Warning 40: st_mtime was selected from type BatUnix.stats.
It is not visible in the current scope, and will not 
be selected if the type becomes unknown.
.\u_boot_fsts\FStar.TypeChecker.Util.fst(71,0-73,32): (Warning) Annotation from val declaration overrides inline type annotation
.\u_boot_fsts\FStar.Syntax.Syntax.fst(394,0-394,33): (Warning) Annotation from val declaration overrides inline type annotation
.\u_boot_fsts\FStar.Syntax.Syntax.fst(445,0-445,48): (Warning) Annotation from val declaration overrides inline type annotation
.\u_boot_fsts\FStar.Syntax.Syntax.fst(446,0-446,76): (Warning) Annotation from val declaration overrides inline type annotation
.\u_boot_fsts\FStar.Syntax.Syntax.fst(496,0-498,38): (Warning) Annotation from val declaration overrides inline type annotation
.\u_boot_fsts\FStar.TypeChecker.Env.fst(282,0-286,35): (Warning) Annotation from val declaration overrides inline type annotation
.\u_boot_fsts\FStar.TypeChecker.Env.fst(716,0-718,39): (Warning) Annotation from val declaration overrides inline type annotation
make[3]: warning: jobserver unavailable: using -j1.  Add '+' to parent make rule.
File "ulib/ml/extracted/FStar_HyperHeap.ml", line 111, characters 74-76:
Warning 20: this argument will not be used by the function.
File "ulib/ml/extracted/FStar_HyperHeap.ml", line 111, characters 74-76:
Warning 20: this argument will not be used by the function.
File "ulib/ml/extracted/FStar_IndefiniteDescription.ml", line 7, characters 31-33:
Warning 20: this argument will not be used by the function.
File "ulib/ml/extracted/FStar_Tactics.ml", line 353, characters 45-46:
Warning 20: this argument will not be used by the function.
File "ulib/ml/extracted/FStar_Util.ml", line 2, characters 40-41:
Warning 20: this argument will not be used by the function.
File "ulib/ml/extracted/FStar_Util.ml", line 2, characters 42-43:
Warning 20: this argument will not be used by the function.
File "ulib/ml/extracted/FStar_Util.ml", line 3, characters 64-65:
Warning 20: this argument will not be used by the function.
File "ulib/ml/extracted/FStar_Util.ml", line 5, characters 37-38:
Warning 20: this argument will not be used by the function.
File "ulib/ml/extracted/FStar_Util.ml", line 5, characters 62-63:
Warning 20: this argument will not be used by the function.
File "ulib/ml/extracted/FStar_IndefiniteDescription.ml", line 7, characters 31-33:
Warning 20: this argument will not be used by the function.
File "ulib/ml/extracted/FStar_Tactics.ml", line 353, characters 45-46:
Warning 20: this argument will not be used by the function.
File "ulib/ml/extracted/FStar_Util.ml", line 2, characters 40-41:
Warning 20: this argument will not be used by the function.
File "ulib/ml/extracted/FStar_Util.ml", line 2, characters 42-43:
Warning 20: this argument will not be used by the function.
File "ulib/ml/extracted/FStar_Util.ml", line 3, characters 64-65:
Warning 20: this argument will not be used by the function.
File "ulib/ml/extracted/FStar_Util.ml", line 5, characters 37-38:
Warning 20: this argument will not be used by the function.
File "ulib/ml/extracted/FStar_Util.ml", line 5, characters 62-63:
Warning 20: this argument will not be used by the function.
make[3]: warning: jobserver unavailable: using -j1.  Add '+' to parent make rule.
.\hello.fst(5,0-5,37): (Warning) Top-level let-bindings must be total; this term may have effects
.\Ex01a.fst(68,0-68,48): (Warning) Top-level let-bindings must be total; this term may have effects
.\Ex01a.fst(58,0-58,48): (Warning) Top-level let-bindings must be total; this term may have effects
.\Encrypt_SymEnc.fst(30,0-30,18): (Warning) Top-level let-bindings must be total; this term may have effects
WARNING: (7048,51): pattern does not contain all quantified variables.
WARNING: (7048,51): pattern does not contain all quantified variables.
.\MAC.fst(45,0-45,35): (Warning) Top-level let-bindings must be total; this term may have effects
.\Ex10a.fst(28,0-28,22): (Warning) Top-level let-bindings must be total; this term may have effects
Warning: Unable to open hints file: C:\Build\Agent2\_work\1\s\ulib\FStar.Pervasives.Native.fst.hints; ran without hints
.\Ex12a.Cap.fst(20,0-20,26): (Warning) Top-level let-bindings must be total; this term may have effects
C:\Build\Agent2\_work\1\s\ulib\FStar.HyperHeap.fst(393,2-395,39): (Warning) Pattern misses at least one bound variable: m#699158
C:\Build\Agent2\_work\1\s\ulib\FStar.HyperStack.fst(435,2-437,39): (Warning) Pattern misses at least one bound variable: h#744827
C:\Build\Agent2\_work\1\s\ulib\FStar.HyperStack.fst(530,2-533,40): (Warning) Pattern misses at least one bound variable: h#746750
C:\Build\Agent2\_work\1\s\ulib\FStar.HyperStack.fst(561,2-564,42): (Warning) Pattern misses at least one bound variable: h#747532
WARNING: (89279,45): pattern does not contain all quantified variables.
WARNING: (99116,46): pattern does not contain all quantified variables.
WARNING: (99993,50): pattern does not contain all quantified variables.
WARNING: (100222,52): pattern does not contain all quantified variables.
WARNING: (177932,55): pattern does not contain all quantified variables.
WARNING: (201011,52): pattern does not contain all quantified variables.
WARNING: (201124,51): pattern does not contain all quantified variables.
WARNING: (203848,61): pattern does not contain all quantified variables.
.\Ex12b.RPC.fst(8,0-8,53): (Warning) Top-level let-bindings must be total; this term may have effects
.\Ex12b.RPC.fst(21,0-21,39): (Warning) Top-level let-bindings must be total; this term may have effects
.\Ex12b.RPC.fst(53,0-54,16): (Warning) Top-level let-bindings must be total; this term may have effects
.\Ex12b.RPC.fst(123,0-123,17): (Warning) Top-level let-bindings must be total; this term may have effects
C:\Build\Agent2\_work\1\s\ulib\FStar.HyperHeap.fst(393,2-395,39): (Warning) Pattern misses at least one bound variable: m#699158
C:\Build\Agent2\_work\1\s\ulib\FStar.HyperStack.fst(435,2-437,39): (Warning) Pattern misses at least one bound variable: h#744827
C:\Build\Agent2\_work\1\s\ulib\FStar.HyperStack.fst(530,2-533,40): (Warning) Pattern misses at least one bound variable: h#746750
C:\Build\Agent2\_work\1\s\ulib\FStar.HyperStack.fst(561,2-564,42): (Warning) Pattern misses at least one bound variable: h#747532
WARNING: (89279,45): pattern does not contain all quantified variables.
WARNING: (99116,46): pattern does not contain all quantified variables.
WARNING: (99993,50): pattern does not contain all quantified variables.
WARNING: (100222,52): pattern does not contain all quantified variables.
WARNING: (177932,55): pattern does not contain all quantified variables.
WARNING: (201011,52): pattern does not contain all quantified variables.
WARNING: (201124,51): pattern does not contain all quantified variables.
WARNING: (203848,61): pattern does not contain all quantified variables.
make[5]: warning: jobserver unavailable: using -j1.  Add '+' to parent make rule.
make[5]: warning: jobserver unavailable: using -j1.  Add '+' to parent make rule.
C:\Build\Agent2\_work\1\s\ulib\FStar.HyperHeap.fst(393,2-395,39): (Warning) Pattern misses at least one bound variable: m#440149
C:\Build\Agent2\_work\1\s\ulib\FStar.HyperStack.fst(435,2-437,39): (Warning) Pattern misses at least one bound variable: h#485818
C:\Build\Agent2\_work\1\s\ulib\FStar.HyperStack.fst(530,2-533,40): (Warning) Pattern misses at least one bound variable: h#487741
C:\Build\Agent2\_work\1\s\ulib\FStar.HyperStack.fst(561,2-564,42): (Warning) Pattern misses at least one bound variable: h#488523
.\Ex10a.fst(28,0-28,22): (Warning) Top-level let-bindings must be total; this term may have effects
.\RPC.fst(9,0-9,53): (Warning) Top-level let-bindings must be total; this term may have effects
.\RPC.fst(23,0-23,39): (Warning) Top-level let-bindings must be total; this term may have effects
.\RPC.fst(48,0-49,16): (Warning) Top-level let-bindings must be total; this term may have effects
.\RPC.fst(116,0-116,17): (Warning) Top-level let-bindings must be total; this term may have effects
.\Ex01a.fst(58,0-58,48): (Warning) Top-level let-bindings must be total; this term may have effects
make[3]: [Makefile:59: Ex01a-ocaml] Error 2 (ignored)
.\FStar.HyperHeap.fst(393,2-395,39): (Warning) Pattern misses at least one bound variable: m#444860
.\FStar.HyperStack.fst(435,2-437,39): (Warning) Pattern misses at least one bound variable: h#490529
.\FStar.HyperStack.fst(530,2-533,40): (Warning) Pattern misses at least one bound variable: h#492452
.\FStar.HyperStack.fst(561,2-564,42): (Warning) Pattern misses at least one bound variable: h#493234
.\Platform.Bytes.fst(15,32-18,29): (Warning) Pattern misses at least one bound variable: uu___#431717
WARNING: (6999,46): pattern does not contain any variable.
WARNING: (7182,46): pattern does not contain any variable.
WARNING: (6898,46): pattern does not contain any variable.
.\Platform.Bytes.fst(257,22-260,30): (Warning) Pattern misses at least one bound variable: i#468513
.\Platform.Bytes.fst(261,8-261,24): (Warning) Pattern misses at least one bound variable: i#470512 (see also .\Platform.Bytes.fst(257,156-260,30))
WARNING: (7204,46): pattern does not contain any variable.
WARNING: (66622,46): pattern does not contain any variable.
WARNING: (70518,43): pattern does not contain all quantified variables.
WARNING: (66622,46): pattern does not contain any variable.
WARNING: (70518,43): pattern does not contain all quantified variables.
WARNING: (7031,46): pattern does not contain any variable.
WARNING: (66622,46): pattern does not contain any variable.
WARNING: (70518,43): pattern does not contain all quantified variables.
WARNING: (66622,46): pattern does not contain any variable.
WARNING: (70518,43): pattern does not contain all quantified variables.
WARNING: (66622,46): pattern does not contain any variable.
WARNING: (70518,43): pattern does not contain all quantified variables.
WARNING: (66622,46): pattern does not contain any variable.
WARNING: (70518,43): pattern does not contain all quantified variables.
WARNING: (66622,46): pattern does not contain any variable.
WARNING: (70518,43): pattern does not contain all quantified variables.
WARNING: (66622,46): pattern does not contain any variable.
WARNING: (70518,43): pattern does not contain all quantified variables.
WARNING: (66622,46): pattern does not contain any variable.
WARNING: (70518,43): pattern does not contain all quantified variables.
.\Platform.Bytes.fst(15,40-18,29): (Warning) Pattern misses at least one bound variable: uu___#505237
.\Platform.Bytes.fst(261,8-261,24): (Warning) Pattern misses at least one bound variable: i#513625 (see also .\Platform.Bytes.fst(257,156-260,30))
.\Ex12a.Cap.fst(22,0-22,26): (Warning) Top-level let-bindings must be total; this term may have effects
.\TestMRef.fst(8,0-8,20): (Warning) Top-level let-bindings must be total; this term may have effects
.\CntProtocol.fst(14,0-14,53): (Warning) Top-level let-bindings must be total; this term may have effects
.\CntProtocol.fst(29,0-29,26): (Warning) Top-level let-bindings must be total; this term may have effects
.\CntProtocol.fst(32,0-32,54): (Warning) Top-level let-bindings must be total; this term may have effects
.\CntProtocol.fst(35,0-35,54): (Warning) Top-level let-bindings must be total; this term may have effects
.\CntProtocol.fst(99,0-99,39): (Warning) Top-level let-bindings must be total; this term may have effects
.\CntProtocol.fst(126,0-126,18): (Warning) Top-level let-bindings must be total; this term may have effects
.\CntProtocol.fst(172,0-188,5): (Warning) Top-level let-bindings must be total; this term may have effects
C:\Build\Agent2\_work\1\s\ulib\FStar.HyperHeap.fst(393,2-395,39): (Warning) Pattern misses at least one bound variable: m#440149
C:\Build\Agent2\_work\1\s\ulib\FStar.HyperStack.fst(435,2-437,39): (Warning) Pattern misses at least one bound variable: h#485818
C:\Build\Agent2\_work\1\s\ulib\FStar.HyperStack.fst(530,2-533,40): (Warning) Pattern misses at least one bound variable: h#487741
C:\Build\Agent2\_work\1\s\ulib\FStar.HyperStack.fst(561,2-564,42): (Warning) Pattern misses at least one bound variable: h#488523
C:\Build\Agent2\_work\1\s\ulib\FStar.HyperHeap.fst(393,2-395,39): (Warning) Pattern misses at least one bound variable: m#667342
C:\Build\Agent2\_work\1\s\ulib\FStar.HyperStack.fst(435,2-437,39): (Warning) Pattern misses at least one bound variable: h#713011
C:\Build\Agent2\_work\1\s\ulib\FStar.HyperStack.fst(530,2-533,40): (Warning) Pattern misses at least one bound variable: h#714934
C:\Build\Agent2\_work\1\s\ulib\FStar.HyperStack.fst(561,2-564,42): (Warning) Pattern misses at least one bound variable: h#715716
C:\Build\Agent2\_work\1\s\ulib\FStar.HyperHeap.fst(393,2-395,39): (Warning) Pattern misses at least one bound variable: m#667342
C:\Build\Agent2\_work\1\s\ulib\FStar.HyperStack.fst(435,2-437,39): (Warning) Pattern misses at least one bound variable: h#713011
C:\Build\Agent2\_work\1\s\ulib\FStar.HyperStack.fst(530,2-533,40): (Warning) Pattern misses at least one bound variable: h#714934
C:\Build\Agent2\_work\1\s\ulib\FStar.HyperStack.fst(561,2-564,42): (Warning) Pattern misses at least one bound variable: h#715716
.\Mac.fst(70,0-70,35): (Warning) Top-level let-bindings must be total; this term may have effects
C:\Build\Agent2\_work\1\s\ulib\FStar.HyperHeap.fst(393,2-395,39): (Warning) Pattern misses at least one bound variable: m#699158
C:\Build\Agent2\_work\1\s\ulib\FStar.HyperStack.fst(435,2-437,39): (Warning) Pattern misses at least one bound variable: h#744827
C:\Build\Agent2\_work\1\s\ulib\FStar.HyperStack.fst(530,2-533,40): (Warning) Pattern misses at least one bound variable: h#746750
C:\Build\Agent2\_work\1\s\ulib\FStar.HyperStack.fst(561,2-564,42): (Warning) Pattern misses at least one bound variable: h#747532
.\FStar.HyperHeap.fst(393,2-395,39): (Warning) Pattern misses at least one bound variable: m#440149
C:\Build\Agent2\_work\1\s\ulib\FStar.HyperHeap.fst(393,2-395,39): (Warning) Pattern misses at least one bound variable: m#667342
C:\Build\Agent2\_work\1\s\ulib\FStar.HyperStack.fst(435,2-437,39): (Warning) Pattern misses at least one bound variable: h#713011
C:\Build\Agent2\_work\1\s\ulib\FStar.HyperStack.fst(530,2-533,40): (Warning) Pattern misses at least one bound variable: h#714934
C:\Build\Agent2\_work\1\s\ulib\FStar.HyperStack.fst(561,2-564,42): (Warning) Pattern misses at least one bound variable: h#715716
C:\Build\Agent2\_work\1\s\ulib\FStar.HyperHeap.fst(393,2-395,39): (Warning) Pattern misses at least one bound variable: m#699158
C:\Build\Agent2\_work\1\s\ulib\FStar.HyperStack.fst(435,2-437,39): (Warning) Pattern misses at least one bound variable: h#744827
C:\Build\Agent2\_work\1\s\ulib\FStar.HyperStack.fst(530,2-533,40): (Warning) Pattern misses at least one bound variable: h#746750
C:\Build\Agent2\_work\1\s\ulib\FStar.HyperStack.fst(561,2-564,42): (Warning) Pattern misses at least one bound variable: h#747532
WARNING: (19938,52): pattern does not contain all quantified variables.
WARNING: (19947,52): pattern does not contain all quantified variables.
C:\Build\Agent2\_work\1\s\ulib\FStar.HyperHeap.fst(393,2-395,39): (Warning) Pattern misses at least one bound variable: m#956035
C:\Build\Agent2\_work\1\s\ulib\FStar.HyperStack.fst(435,2-437,39): (Warning) Pattern misses at least one bound variable: h#1001704
C:\Build\Agent2\_work\1\s\ulib\FStar.HyperStack.fst(530,2-533,40): (Warning) Pattern misses at least one bound variable: h#1003627
C:\Build\Agent2\_work\1\s\ulib\FStar.HyperStack.fst(561,2-564,42): (Warning) Pattern misses at least one bound variable: h#1004409
C:\Build\Agent2\_work\1\s\ulib\FStar.HyperHeap.fst(393,2-395,39): (Warning) Pattern misses at least one bound variable: m#671682
C:\Build\Agent2\_work\1\s\ulib\FStar.HyperStack.fst(435,2-437,39): (Warning) Pattern misses at least one bound variable: h#717351
C:\Build\Agent2\_work\1\s\ulib\FStar.HyperStack.fst(530,2-533,40): (Warning) Pattern misses at least one bound variable: h#719274
C:\Build\Agent2\_work\1\s\ulib\FStar.HyperStack.fst(561,2-564,42): (Warning) Pattern misses at least one bound variable: h#720056
C:\Build\Agent2\_work\1\s\ulib\FStar.HyperHeap.fst(393,2-395,39): (Warning) Pattern misses at least one bound variable: m#956035
C:\Build\Agent2\_work\1\s\ulib\FStar.HyperStack.fst(435,2-437,39): (Warning) Pattern misses at least one bound variable: h#1001704
C:\Build\Agent2\_work\1\s\ulib\FStar.HyperStack.fst(530,2-533,40): (Warning) Pattern misses at least one bound variable: h#1003627
C:\Build\Agent2\_work\1\s\ulib\FStar.HyperStack.fst(561,2-564,42): (Warning) Pattern misses at least one bound variable: h#1004409
C:\Build\Agent2\_work\1\s\ulib\FStar.HyperHeap.fst(393,2-395,39): (Warning) Pattern misses at least one bound variable: m#956035
C:\Build\Agent2\_work\1\s\ulib\FStar.HyperStack.fst(435,2-437,39): (Warning) Pattern misses at least one bound variable: h#1001704
C:\Build\Agent2\_work\1\s\ulib\FStar.HyperStack.fst(530,2-533,40): (Warning) Pattern misses at least one bound variable: h#1003627
C:\Build\Agent2\_work\1\s\ulib\FStar.HyperStack.fst(561,2-564,42): (Warning) Pattern misses at least one bound variable: h#1004409
WARNING: (6909,45): pattern does not contain all quantified variables.
.\FStar.HyperHeap.fst(393,2-395,39): (Warning) Pattern misses at least one bound variable: m#458216
.\FStar.HyperHeap.fst(393,2-395,39): (Warning) Pattern misses at least one bound variable: m#440149
.\FStar.HyperHeap.fst(393,2-395,39): (Warning) Pattern misses at least one bound variable: m#444860
.\FStar.HyperStack.fst(435,2-437,39): (Warning) Pattern misses at least one bound variable: h#490529
.\FStar.HyperStack.fst(530,2-533,40): (Warning) Pattern misses at least one bound variable: h#492452
.\FStar.HyperStack.fst(561,2-564,42): (Warning) Pattern misses at least one bound variable: h#493234
.\FStar.HyperHeap.fst(393,2-395,39): (Warning) Pattern misses at least one bound variable: m#444860
.\FStar.HyperStack.fst(435,2-437,39): (Warning) Pattern misses at least one bound variable: h#490529
.\FStar.HyperStack.fst(530,2-533,40): (Warning) Pattern misses at least one bound variable: h#492452
.\FStar.HyperStack.fst(561,2-564,42): (Warning) Pattern misses at least one bound variable: h#493234
.\FStar.HyperHeap.fst(393,2-395,39): (Warning) Pattern misses at least one bound variable: m#440149
.\FStar.HyperHeap.fst(393,2-395,39): (Warning) Pattern misses at least one bound variable: m#796986
.\FStar.HyperStack.fst(435,2-437,39): (Warning) Pattern misses at least one bound variable: h#847366
.\FStar.HyperStack.fst(530,2-533,40): (Warning) Pattern misses at least one bound variable: h#849289
.\FStar.HyperStack.fst(561,2-564,42): (Warning) Pattern misses at least one bound variable: h#850071
.\FStar.HyperHeap.fst(393,2-395,39): (Warning) Pattern misses at least one bound variable: m#440149
WARNING: (70501,45): pattern does not contain all quantified variables.
WARNING: (8484,45): pattern does not contain all quantified variables.
WARNING: (9668,46): pattern does not contain all quantified variables.
.\FStar.HyperStack.fst(435,2-437,39): (Warning) Pattern misses at least one bound variable: h#504112
.\FStar.HyperStack.fst(530,2-533,40): (Warning) Pattern misses at least one bound variable: h#506035
.\FStar.HyperStack.fst(561,2-564,42): (Warning) Pattern misses at least one bound variable: h#506817
.\FStar.HyperHeap.fst(393,2-395,39): (Warning) Pattern misses at least one bound variable: m#444860
.\FStar.HyperStack.fst(435,2-437,39): (Warning) Pattern misses at least one bound variable: h#490529
.\FStar.HyperStack.fst(530,2-533,40): (Warning) Pattern misses at least one bound variable: h#492452
.\FStar.HyperStack.fst(561,2-564,42): (Warning) Pattern misses at least one bound variable: h#493234
.\FStar.HyperHeap.fst(393,2-395,39): (Warning) Pattern misses at least one bound variable: m#796986
.\FStar.HyperStack.fst(435,2-437,39): (Warning) Pattern misses at least one bound variable: h#847366
.\FStar.HyperStack.fst(530,2-533,40): (Warning) Pattern misses at least one bound variable: h#849289
.\FStar.HyperStack.fst(561,2-564,42): (Warning) Pattern misses at least one bound variable: h#850071
WARNING: (93311,45): pattern does not contain all quantified variables.
WARNING: (104906,46): pattern does not contain all quantified variables.
WARNING: (105783,50): pattern does not contain all quantified variables.
WARNING: (106012,52): pattern does not contain all quantified variables.
WARNING: (93311,45): pattern does not contain all quantified variables.
WARNING: (104906,46): pattern does not contain all quantified variables.
WARNING: (105783,50): pattern does not contain all quantified variables.
WARNING: (106012,52): pattern does not contain all quantified variables.
WARNING: (93311,45): pattern does not contain all quantified variables.
WARNING: (104906,46): pattern does not contain all quantified variables.
WARNING: (105783,50): pattern does not contain all quantified variables.
WARNING: (106012,52): pattern does not contain all quantified variables.
WARNING: (93311,45): pattern does not contain all quantified variables.
WARNING: (104906,46): pattern does not contain all quantified variables.
WARNING: (105783,50): pattern does not contain all quantified variables.
WARNING: (106012,52): pattern does not contain all quantified variables.
WARNING: (93311,45): pattern does not contain all quantified variables.
WARNING: (104906,46): pattern does not contain all quantified variables.
WARNING: (105783,50): pattern does not contain all quantified variables.
WARNING: (106012,52): pattern does not contain all quantified variables.
WARNING: (93311,45): pattern does not contain all quantified variables.
WARNING: (104906,46): pattern does not contain all quantified variables.
WARNING: (105783,50): pattern does not contain all quantified variables.
WARNING: (106012,52): pattern does not contain all quantified variables.
WARNING: (93311,45): pattern does not contain all quantified variables.
WARNING: (104906,46): pattern does not contain all quantified variables.
WARNING: (105783,50): pattern does not contain all quantified variables.
WARNING: (106012,52): pattern does not contain all quantified variables.
WARNING: (93311,45): pattern does not contain all quantified variables.
WARNING: (104906,46): pattern does not contain all quantified variables.
WARNING: (105783,50): pattern does not contain all quantified variables.
WARNING: (106012,52): pattern does not contain all quantified variables.
.\FStar.HyperHeap.fst(393,2-395,39): (Warning) Pattern misses at least one bound variable: m#699158
.\FStar.HyperStack.fst(435,2-437,39): (Warning) Pattern misses at least one bound variable: h#744827
.\FStar.HyperStack.fst(530,2-533,40): (Warning) Pattern misses at least one bound variable: h#746750
.\FStar.HyperStack.fst(561,2-564,42): (Warning) Pattern misses at least one bound variable: h#747532
WARNING: (89279,45): pattern does not contain all quantified variables.
WARNING: (99116,46): pattern does not contain all quantified variables.
WARNING: (99993,50): pattern does not contain all quantified variables.
WARNING: (100222,52): pattern does not contain all quantified variables.
WARNING: (177952,55): pattern does not contain all quantified variables.
WARNING: (89279,45): pattern does not contain all quantified variables.
WARNING: (99116,46): pattern does not contain all quantified variables.
WARNING: (99993,50): pattern does not contain all quantified variables.
WARNING: (100222,52): pattern does not contain all quantified variables.
WARNING: (177952,55): pattern does not contain all quantified variables.
WARNING: (17080,55): pattern does not contain all quantified variables.
WARNING: (89279,45): pattern does not contain all quantified variables.
WARNING: (99116,46): pattern does not contain all quantified variables.
WARNING: (99993,50): pattern does not contain all quantified variables.
WARNING: (100222,52): pattern does not contain all quantified variables.
WARNING: (177952,55): pattern does not contain all quantified variables.
WARNING: (89279,45): pattern does not contain all quantified variables.
WARNING: (99116,46): pattern does not contain all quantified variables.
WARNING: (99993,50): pattern does not contain all quantified variables.
WARNING: (100222,52): pattern does not contain all quantified variables.
WARNING: (177952,55): pattern does not contain all quantified variables.
WARNING: (9758,46): pattern does not contain all quantified variables.
WARNING: (9767,46): pattern does not contain all quantified variables.
WARNING: (10020,50): pattern does not contain all quantified variables.
WARNING: (9826,46): pattern does not contain all quantified variables.
WARNING: (10124,50): pattern does not contain all quantified variables.
WARNING: (89279,45): pattern does not contain all quantified variables.
WARNING: (99116,46): pattern does not contain all quantified variables.
WARNING: (99993,50): pattern does not contain all quantified variables.
WARNING: (100222,52): pattern does not contain all quantified variables.
WARNING: (177952,55): pattern does not contain all quantified variables.
WARNING: (89279,45): pattern does not contain all quantified variables.
WARNING: (99116,46): pattern does not contain all quantified variables.
WARNING: (99993,50): pattern does not contain all quantified variables.
WARNING: (100222,52): pattern does not contain all quantified variables.
WARNING: (177952,55): pattern does not contain all quantified variables.
WARNING: (10020,50): pattern does not contain all quantified variables.
WARNING: (17294,55): pattern does not contain all quantified variables.
WARNING: (89279,45): pattern does not contain all quantified variables.
WARNING: (99116,46): pattern does not contain all quantified variables.
WARNING: (99993,50): pattern does not contain all quantified variables.
WARNING: (100222,52): pattern does not contain all quantified variables.
WARNING: (177952,55): pattern does not contain all quantified variables.
WARNING: (89279,45): pattern does not contain all quantified variables.
WARNING: (99116,46): pattern does not contain all quantified variables.
WARNING: (99993,50): pattern does not contain all quantified variables.
WARNING: (100222,52): pattern does not contain all quantified variables.
WARNING: (177952,55): pattern does not contain all quantified variables.
WARNING: (12141,50): pattern does not contain all quantified variables.
WARNING: (12603,50): pattern does not contain all quantified variables.
WARNING: (12378,46): pattern does not contain all quantified variables.
WARNING: (12723,50): pattern does not contain all quantified variables.
WARNING: (11934,46): pattern does not contain all quantified variables.
WARNING: (12198,50): pattern does not contain all quantified variables.
WARNING: (12184,50): pattern does not contain all quantified variables.
WARNING: (89279,45): pattern does not contain all quantified variables.
WARNING: (99116,46): pattern does not contain all quantified variables.
WARNING: (99993,50): pattern does not contain all quantified variables.
WARNING: (100222,52): pattern does not contain all quantified variables.
WARNING: (177952,55): pattern does not contain all quantified variables.
WARNING: (11564,50): pattern does not contain all quantified variables.
WARNING: (11100,50): pattern does not contain all quantified variables.
WARNING: (10905,50): pattern does not contain all quantified variables.
WARNING: (11229,50): pattern does not contain all quantified variables.
WARNING: (11328,50): pattern does not contain all quantified variables.
WARNING: (11311,50): pattern does not contain all quantified variables.
WARNING: (89279,45): pattern does not contain all quantified variables.
WARNING: (99116,46): pattern does not contain all quantified variables.
WARNING: (99993,50): pattern does not contain all quantified variables.
WARNING: (100222,52): pattern does not contain all quantified variables.
WARNING: (177952,55): pattern does not contain all quantified variables.
WARNING: (202087,52): pattern does not contain all quantified variables.
WARNING: (202200,51): pattern does not contain all quantified variables.
WARNING: (89279,45): pattern does not contain all quantified variables.
WARNING: (99116,46): pattern does not contain all quantified variables.
WARNING: (99993,50): pattern does not contain all quantified variables.
WARNING: (100222,52): pattern does not contain all quantified variables.
WARNING: (177952,55): pattern does not contain all quantified variables.
WARNING: (202087,52): pattern does not contain all quantified variables.
WARNING: (202200,51): pattern does not contain all quantified variables.
WARNING: (89279,45): pattern does not contain all quantified variables.
WARNING: (99116,46): pattern does not contain all quantified variables.
WARNING: (99993,50): pattern does not contain all quantified variables.
WARNING: (100222,52): pattern does not contain all quantified variables.
WARNING: (177952,55): pattern does not contain all quantified variables.
WARNING: (202087,52): pattern does not contain all quantified variables.
WARNING: (202200,51): pattern does not contain all quantified variables.
WARNING: (205189,61): pattern does not contain all quantified variables.
WARNING: (89279,45): pattern does not contain all quantified variables.
WARNING: (99116,46): pattern does not contain all quantified variables.
WARNING: (99993,50): pattern does not contain all quantified variables.
WARNING: (100222,52): pattern does not contain all quantified variables.
WARNING: (177952,55): pattern does not contain all quantified variables.
WARNING: (202087,52): pattern does not contain all quantified variables.
WARNING: (202200,51): pattern does not contain all quantified variables.
WARNING: (205189,61): pattern does not contain all quantified variables.
WARNING: (89279,45): pattern does not contain all quantified variables.
WARNING: (99116,46): pattern does not contain all quantified variables.
WARNING: (99993,50): pattern does not contain all quantified variables.
WARNING: (100222,52): pattern does not contain all quantified variables.
WARNING: (177952,55): pattern does not contain all quantified variables.
WARNING: (202087,52): pattern does not contain all quantified variables.
WARNING: (202200,51): pattern does not contain all quantified variables.
WARNING: (205189,61): pattern does not contain all quantified variables.
WARNING: (89279,45): pattern does not contain all quantified variables.
WARNING: (99116,46): pattern does not contain all quantified variables.
WARNING: (99993,50): pattern does not contain all quantified variables.
WARNING: (100222,52): pattern does not contain all quantified variables.
WARNING: (177952,55): pattern does not contain all quantified variables.
WARNING: (202087,52): pattern does not contain all quantified variables.
WARNING: (202200,51): pattern does not contain all quantified variables.
WARNING: (205189,61): pattern does not contain all quantified variables.
