dos2unix: converting file parser/parse.fsi to Unix format...
Warning: you are using the standard library and/or the %inline keyword. We
recommend switching on --infer in order to avoid obscure type error messages.
dos2unix: converting file parse.mly to Unix format...
File "src/basic/ml/FStar_Util.ml", line 49, characters 57-65:
Warning 40: st_mtime was selected from type BatUnix.stats.
It is not visible in the current scope, and will not 
be selected if the type becomes unknown.
File "src/tactics/ml/FStar_Reflection_Syntax.ml", line 12, characters 27-33:
Warning 40: C_Unit was selected from type FStar_Reflection_Data.vconst.
It is not visible in the current scope, and will not 
be selected if the type becomes unknown.
File "src/tactics/ml/FStar_Reflection_Syntax.ml", line 15, characters 27-32:
Warning 40: C_Int was selected from type FStar_Reflection_Data.vconst.
It is not visible in the current scope, and will not 
be selected if the type becomes unknown.
File "src/tactics/ml/FStar_Reflection_Syntax.ml", line 17, characters 43-48:
Warning 40: C_Int was selected from type FStar_Reflection_Data.vconst.
It is not visible in the current scope, and will not 
be selected if the type becomes unknown.
File "src/tactics/ml/FStar_Reflection_Syntax.ml", line 20, characters 27-33:
Warning 40: C_True was selected from type FStar_Reflection_Data.vconst.
It is not visible in the current scope, and will not 
be selected if the type becomes unknown.
File "src/tactics/ml/FStar_Reflection_Syntax.ml", line 23, characters 27-34:
Warning 40: C_False was selected from type FStar_Reflection_Data.vconst.
It is not visible in the current scope, and will not 
be selected if the type becomes unknown.
File "src/tactics/ml/FStar_Reflection_Syntax.ml", line 36, characters 27-33:
Warning 40: Tv_Var was selected from type FStar_Reflection_Data.term_view.
It is not visible in the current scope, and will not 
be selected if the type becomes unknown.
File "src/tactics/ml/FStar_Reflection_Syntax.ml", line 38, characters 43-49:
Warning 40: Tv_Var was selected from type FStar_Reflection_Data.term_view.
It is not visible in the current scope, and will not 
be selected if the type becomes unknown.
File "src/tactics/ml/FStar_Reflection_Syntax.ml", line 41, characters 27-34:
Warning 40: Tv_FVar was selected from type FStar_Reflection_Data.term_view.
It is not visible in the current scope, and will not 
be selected if the type becomes unknown.
File "src/tactics/ml/FStar_Reflection_Syntax.ml", line 43, characters 43-50:
Warning 40: Tv_FVar was selected from type FStar_Reflection_Data.term_view.
It is not visible in the current scope, and will not 
be selected if the type becomes unknown.
File "src/tactics/ml/FStar_Reflection_Syntax.ml", line 46, characters 27-33:
Warning 40: Tv_App was selected from type FStar_Reflection_Data.term_view.
It is not visible in the current scope, and will not 
be selected if the type becomes unknown.
File "src/tactics/ml/FStar_Reflection_Syntax.ml", line 48, characters 43-49:
Warning 40: Tv_App was selected from type FStar_Reflection_Data.term_view.
It is not visible in the current scope, and will not 
be selected if the type becomes unknown.
File "src/tactics/ml/FStar_Reflection_Syntax.ml", line 50, characters 43-49:
Warning 40: Tv_App was selected from type FStar_Reflection_Data.term_view.
It is not visible in the current scope, and will not 
be selected if the type becomes unknown.
File "src/tactics/ml/FStar_Reflection_Syntax.ml", line 53, characters 27-33:
Warning 40: Tv_Abs was selected from type FStar_Reflection_Data.term_view.
It is not visible in the current scope, and will not 
be selected if the type becomes unknown.
File "src/tactics/ml/FStar_Reflection_Syntax.ml", line 55, characters 43-49:
Warning 40: Tv_Abs was selected from type FStar_Reflection_Data.term_view.
It is not visible in the current scope, and will not 
be selected if the type becomes unknown.
File "src/tactics/ml/FStar_Reflection_Syntax.ml", line 57, characters 43-49:
Warning 40: Tv_Abs was selected from type FStar_Reflection_Data.term_view.
It is not visible in the current scope, and will not 
be selected if the type becomes unknown.
File "src/tactics/ml/FStar_Reflection_Syntax.ml", line 60, characters 27-35:
Warning 40: Tv_Arrow was selected from type FStar_Reflection_Data.term_view.
It is not visible in the current scope, and will not 
be selected if the type becomes unknown.
File "src/tactics/ml/FStar_Reflection_Syntax.ml", line 62, characters 43-51:
Warning 40: Tv_Arrow was selected from type FStar_Reflection_Data.term_view.
It is not visible in the current scope, and will not 
be selected if the type becomes unknown.
File "src/tactics/ml/FStar_Reflection_Syntax.ml", line 64, characters 43-51:
Warning 40: Tv_Arrow was selected from type FStar_Reflection_Data.term_view.
It is not visible in the current scope, and will not 
be selected if the type becomes unknown.
File "src/tactics/ml/FStar_Reflection_Syntax.ml", line 67, characters 27-34:
Warning 40: Tv_Type was selected from type FStar_Reflection_Data.term_view.
It is not visible in the current scope, and will not 
be selected if the type becomes unknown.
File "src/tactics/ml/FStar_Reflection_Syntax.ml", line 71, characters 27-36:
Warning 40: Tv_Refine was selected from type FStar_Reflection_Data.term_view.
It is not visible in the current scope, and will not 
be selected if the type becomes unknown.
File "src/tactics/ml/FStar_Reflection_Syntax.ml", line 73, characters 43-52:
Warning 40: Tv_Refine was selected from type FStar_Reflection_Data.term_view.
It is not visible in the current scope, and will not 
be selected if the type becomes unknown.
File "src/tactics/ml/FStar_Reflection_Syntax.ml", line 75, characters 43-52:
Warning 40: Tv_Refine was selected from type FStar_Reflection_Data.term_view.
It is not visible in the current scope, and will not 
be selected if the type becomes unknown.
File "src/tactics/ml/FStar_Reflection_Syntax.ml", line 78, characters 27-35:
Warning 40: Tv_Const was selected from type FStar_Reflection_Data.term_view.
It is not visible in the current scope, and will not 
be selected if the type becomes unknown.
File "src/tactics/ml/FStar_Reflection_Syntax.ml", line 80, characters 43-51:
Warning 40: Tv_Const was selected from type FStar_Reflection_Data.term_view.
It is not visible in the current scope, and will not 
be selected if the type becomes unknown.
File "src/tactics/ml/FStar_Reflection_Syntax.ml", line 83, characters 27-37:
Warning 40: Tv_Unknown was selected from type FStar_Reflection_Data.term_view.
It is not visible in the current scope, and will not 
be selected if the type becomes unknown.
File "src/tactics/ml/FStar_Reflection_Syntax.ml", line 197, characters 8-14:
Warning 40: Tv_App was selected from type FStar_Reflection_Data.term_view.
It is not visible in the current scope, and will not 
be selected if the type becomes unknown.
File "src/tactics/ml/FStar_Reflection_Syntax.ml", line 209, characters 57-63:
Warning 40: Tv_App was selected from type FStar_Reflection_Data.term_view.
It is not visible in the current scope, and will not 
be selected if the type becomes unknown.
File "src/tactics/ml/FStar_Reflection_Syntax.ml", line 246, characters 9-15:
Warning 40: C_Unit was selected from type FStar_Reflection_Data.vconst.
It is not visible in the current scope, and will not 
be selected if the type becomes unknown.
File "src/tactics/ml/FStar_Reflection_Syntax.ml", line 246, characters 17-23:
Warning 40: C_Unit was selected from type FStar_Reflection_Data.vconst.
It is not visible in the current scope, and will not 
be selected if the type becomes unknown.
File "src/tactics/ml/FStar_Reflection_Syntax.ml", line 247, characters 9-14:
Warning 40: C_Int was selected from type FStar_Reflection_Data.vconst.
It is not visible in the current scope, and will not 
be selected if the type becomes unknown.
File "src/tactics/ml/FStar_Reflection_Syntax.ml", line 247, characters 17-22:
Warning 40: C_Int was selected from type FStar_Reflection_Data.vconst.
It is not visible in the current scope, and will not 
be selected if the type becomes unknown.
File "src/tactics/ml/FStar_Reflection_Syntax.ml", line 248, characters 9-15:
Warning 40: C_True was selected from type FStar_Reflection_Data.vconst.
It is not visible in the current scope, and will not 
be selected if the type becomes unknown.
File "src/tactics/ml/FStar_Reflection_Syntax.ml", line 248, characters 17-23:
Warning 40: C_True was selected from type FStar_Reflection_Data.vconst.
It is not visible in the current scope, and will not 
be selected if the type becomes unknown.
File "src/tactics/ml/FStar_Reflection_Syntax.ml", line 249, characters 9-16:
Warning 40: C_False was selected from type FStar_Reflection_Data.vconst.
It is not visible in the current scope, and will not 
be selected if the type becomes unknown.
File "src/tactics/ml/FStar_Reflection_Syntax.ml", line 249, characters 18-25:
Warning 40: C_False was selected from type FStar_Reflection_Data.vconst.
It is not visible in the current scope, and will not 
be selected if the type becomes unknown.
File "src/tactics/ml/FStar_Reflection_Syntax.ml", line 250, characters 9-15:
Warning 40: C_Unit was selected from type FStar_Reflection_Data.vconst.
It is not visible in the current scope, and will not 
be selected if the type becomes unknown.
File "src/tactics/ml/FStar_Reflection_Syntax.ml", line 251, characters 19-25:
Warning 40: C_Unit was selected from type FStar_Reflection_Data.vconst.
It is not visible in the current scope, and will not 
be selected if the type becomes unknown.
File "src/tactics/ml/FStar_Reflection_Syntax.ml", line 252, characters 9-14:
Warning 40: C_Int was selected from type FStar_Reflection_Data.vconst.
It is not visible in the current scope, and will not 
be selected if the type becomes unknown.
File "src/tactics/ml/FStar_Reflection_Syntax.ml", line 253, characters 19-24:
Warning 40: C_Int was selected from type FStar_Reflection_Data.vconst.
It is not visible in the current scope, and will not 
be selected if the type becomes unknown.
File "src/tactics/ml/FStar_Reflection_Syntax.ml", line 254, characters 9-15:
Warning 40: C_True was selected from type FStar_Reflection_Data.vconst.
It is not visible in the current scope, and will not 
be selected if the type becomes unknown.
File "src/tactics/ml/FStar_Reflection_Syntax.ml", line 255, characters 19-25:
Warning 40: C_True was selected from type FStar_Reflection_Data.vconst.
It is not visible in the current scope, and will not 
be selected if the type becomes unknown.
File "src/tactics/ml/FStar_Reflection_Syntax.ml", line 256, characters 9-16:
Warning 40: C_False was selected from type FStar_Reflection_Data.vconst.
It is not visible in the current scope, and will not 
be selected if the type becomes unknown.
File "src/tactics/ml/FStar_Reflection_Syntax.ml", line 257, characters 19-26:
Warning 40: C_False was selected from type FStar_Reflection_Data.vconst.
It is not visible in the current scope, and will not 
be selected if the type becomes unknown.
File "src/tactics/ml/FStar_Reflection_Syntax.ml", line 265, characters 9-15:
Warning 40: Tv_Var was selected from type FStar_Reflection_Data.term_view.
It is not visible in the current scope, and will not 
be selected if the type becomes unknown.
File "src/tactics/ml/FStar_Reflection_Syntax.ml", line 265, characters 19-25:
Warning 40: Tv_Var was selected from type FStar_Reflection_Data.term_view.
It is not visible in the current scope, and will not 
be selected if the type becomes unknown.
File "src/tactics/ml/FStar_Reflection_Syntax.ml", line 266, characters 9-16:
Warning 40: Tv_FVar was selected from type FStar_Reflection_Data.term_view.
It is not visible in the current scope, and will not 
be selected if the type becomes unknown.
File "src/tactics/ml/FStar_Reflection_Syntax.ml", line 266, characters 20-27:
Warning 40: Tv_FVar was selected from type FStar_Reflection_Data.term_view.
It is not visible in the current scope, and will not 
be selected if the type becomes unknown.
File "src/tactics/ml/FStar_Reflection_Syntax.ml", line 267, characters 9-15:
Warning 40: Tv_App was selected from type FStar_Reflection_Data.term_view.
It is not visible in the current scope, and will not 
be selected if the type becomes unknown.
File "src/tactics/ml/FStar_Reflection_Syntax.ml", line 267, characters 24-30:
Warning 40: Tv_App was selected from type FStar_Reflection_Data.term_view.
It is not visible in the current scope, and will not 
be selected if the type becomes unknown.
File "src/tactics/ml/FStar_Reflection_Syntax.ml", line 270, characters 9-15:
Warning 40: Tv_Abs was selected from type FStar_Reflection_Data.term_view.
It is not visible in the current scope, and will not 
be selected if the type becomes unknown.
File "src/tactics/ml/FStar_Reflection_Syntax.ml", line 270, characters 24-30:
Warning 40: Tv_Abs was selected from type FStar_Reflection_Data.term_view.
It is not visible in the current scope, and will not 
be selected if the type becomes unknown.
File "src/tactics/ml/FStar_Reflection_Syntax.ml", line 273, characters 9-17:
Warning 40: Tv_Arrow was selected from type FStar_Reflection_Data.term_view.
It is not visible in the current scope, and will not 
be selected if the type becomes unknown.
File "src/tactics/ml/FStar_Reflection_Syntax.ml", line 273, characters 26-34:
Warning 40: Tv_Arrow was selected from type FStar_Reflection_Data.term_view.
It is not visible in the current scope, and will not 
be selected if the type becomes unknown.
File "src/tactics/ml/FStar_Reflection_Syntax.ml", line 276, characters 9-18:
Warning 40: Tv_Refine was selected from type FStar_Reflection_Data.term_view.
It is not visible in the current scope, and will not 
be selected if the type becomes unknown.
File "src/tactics/ml/FStar_Reflection_Syntax.ml", line 276, characters 27-36:
Warning 40: Tv_Refine was selected from type FStar_Reflection_Data.term_view.
It is not visible in the current scope, and will not 
be selected if the type becomes unknown.
File "src/tactics/ml/FStar_Reflection_Syntax.ml", line 279, characters 9-16:
Warning 40: Tv_Type was selected from type FStar_Reflection_Data.term_view.
It is not visible in the current scope, and will not 
be selected if the type becomes unknown.
File "src/tactics/ml/FStar_Reflection_Syntax.ml", line 279, characters 20-27:
Warning 40: Tv_Type was selected from type FStar_Reflection_Data.term_view.
It is not visible in the current scope, and will not 
be selected if the type becomes unknown.
File "src/tactics/ml/FStar_Reflection_Syntax.ml", line 280, characters 9-17:
Warning 40: Tv_Const was selected from type FStar_Reflection_Data.term_view.
It is not visible in the current scope, and will not 
be selected if the type becomes unknown.
File "src/tactics/ml/FStar_Reflection_Syntax.ml", line 280, characters 21-29:
Warning 40: Tv_Const was selected from type FStar_Reflection_Data.term_view.
It is not visible in the current scope, and will not 
be selected if the type becomes unknown.
File "src/tactics/ml/FStar_Reflection_Syntax.ml", line 281, characters 9-19:
Warning 40: Tv_Unknown was selected from type FStar_Reflection_Data.term_view.
It is not visible in the current scope, and will not 
be selected if the type becomes unknown.
File "src/tactics/ml/FStar_Reflection_Syntax.ml", line 281, characters 21-31:
Warning 40: Tv_Unknown was selected from type FStar_Reflection_Data.term_view.
It is not visible in the current scope, and will not 
be selected if the type becomes unknown.
File "src/tactics/ml/FStar_Reflection_Syntax.ml", line 282, characters 9-15:
Warning 40: Tv_Var was selected from type FStar_Reflection_Data.term_view.
It is not visible in the current scope, and will not 
be selected if the type becomes unknown.
File "src/tactics/ml/FStar_Reflection_Syntax.ml", line 283, characters 19-25:
Warning 40: Tv_Var was selected from type FStar_Reflection_Data.term_view.
It is not visible in the current scope, and will not 
be selected if the type becomes unknown.
File "src/tactics/ml/FStar_Reflection_Syntax.ml", line 284, characters 9-16:
Warning 40: Tv_FVar was selected from type FStar_Reflection_Data.term_view.
It is not visible in the current scope, and will not 
be selected if the type becomes unknown.
File "src/tactics/ml/FStar_Reflection_Syntax.ml", line 285, characters 19-26:
Warning 40: Tv_FVar was selected from type FStar_Reflection_Data.term_view.
It is not visible in the current scope, and will not 
be selected if the type becomes unknown.
File "src/tactics/ml/FStar_Reflection_Syntax.ml", line 286, characters 9-15:
Warning 40: Tv_App was selected from type FStar_Reflection_Data.term_view.
It is not visible in the current scope, and will not 
be selected if the type becomes unknown.
File "src/tactics/ml/FStar_Reflection_Syntax.ml", line 287, characters 19-25:
Warning 40: Tv_App was selected from type FStar_Reflection_Data.term_view.
It is not visible in the current scope, and will not 
be selected if the type becomes unknown.
File "src/tactics/ml/FStar_Reflection_Syntax.ml", line 288, characters 9-15:
Warning 40: Tv_Abs was selected from type FStar_Reflection_Data.term_view.
It is not visible in the current scope, and will not 
be selected if the type becomes unknown.
File "src/tactics/ml/FStar_Reflection_Syntax.ml", line 289, characters 19-25:
Warning 40: Tv_Abs was selected from type FStar_Reflection_Data.term_view.
It is not visible in the current scope, and will not 
be selected if the type becomes unknown.
File "src/tactics/ml/FStar_Reflection_Syntax.ml", line 290, characters 9-17:
Warning 40: Tv_Arrow was selected from type FStar_Reflection_Data.term_view.
It is not visible in the current scope, and will not 
be selected if the type becomes unknown.
File "src/tactics/ml/FStar_Reflection_Syntax.ml", line 291, characters 19-27:
Warning 40: Tv_Arrow was selected from type FStar_Reflection_Data.term_view.
It is not visible in the current scope, and will not 
be selected if the type becomes unknown.
File "src/tactics/ml/FStar_Reflection_Syntax.ml", line 292, characters 9-16:
Warning 40: Tv_Type was selected from type FStar_Reflection_Data.term_view.
It is not visible in the current scope, and will not 
be selected if the type becomes unknown.
File "src/tactics/ml/FStar_Reflection_Syntax.ml", line 293, characters 19-26:
Warning 40: Tv_Type was selected from type FStar_Reflection_Data.term_view.
It is not visible in the current scope, and will not 
be selected if the type becomes unknown.
File "src/tactics/ml/FStar_Reflection_Syntax.ml", line 294, characters 9-18:
Warning 40: Tv_Refine was selected from type FStar_Reflection_Data.term_view.
It is not visible in the current scope, and will not 
be selected if the type becomes unknown.
File "src/tactics/ml/FStar_Reflection_Syntax.ml", line 295, characters 19-28:
Warning 40: Tv_Refine was selected from type FStar_Reflection_Data.term_view.
It is not visible in the current scope, and will not 
be selected if the type becomes unknown.
File "src/tactics/ml/FStar_Reflection_Syntax.ml", line 296, characters 9-17:
Warning 40: Tv_Const was selected from type FStar_Reflection_Data.term_view.
It is not visible in the current scope, and will not 
be selected if the type becomes unknown.
File "src/tactics/ml/FStar_Reflection_Syntax.ml", line 297, characters 19-27:
Warning 40: Tv_Const was selected from type FStar_Reflection_Data.term_view.
It is not visible in the current scope, and will not 
be selected if the type becomes unknown.
File "src/tactics/ml/FStar_Reflection_Syntax.ml", line 298, characters 9-19:
Warning 40: Tv_Unknown was selected from type FStar_Reflection_Data.term_view.
It is not visible in the current scope, and will not 
be selected if the type becomes unknown.
File "src/tactics/ml/FStar_Reflection_Syntax.ml", line 299, characters 19-29:
Warning 40: Tv_Unknown was selected from type FStar_Reflection_Data.term_view.
It is not visible in the current scope, and will not 
be selected if the type becomes unknown.
File "src/tactics/ml/FStar_Tactics_Builtins.ml", line 67, characters 46-47:
Warning 20: this argument will not be used by the function.
File "src/basic/ml/FStar_Util.ml", line 49, characters 57-65:
Warning 40: st_mtime was selected from type BatUnix.stats.
It is not visible in the current scope, and will not 
be selected if the type becomes unknown.
File "src/tactics/ml/FStar_Reflection_Syntax.ml", line 12, characters 27-33:
Warning 40: C_Unit was selected from type FStar_Reflection_Data.vconst.
It is not visible in the current scope, and will not 
be selected if the type becomes unknown.
File "src/tactics/ml/FStar_Reflection_Syntax.ml", line 15, characters 27-32:
Warning 40: C_Int was selected from type FStar_Reflection_Data.vconst.
It is not visible in the current scope, and will not 
be selected if the type becomes unknown.
File "src/tactics/ml/FStar_Reflection_Syntax.ml", line 17, characters 43-48:
Warning 40: C_Int was selected from type FStar_Reflection_Data.vconst.
It is not visible in the current scope, and will not 
be selected if the type becomes unknown.
File "src/tactics/ml/FStar_Reflection_Syntax.ml", line 20, characters 27-33:
Warning 40: C_True was selected from type FStar_Reflection_Data.vconst.
It is not visible in the current scope, and will not 
be selected if the type becomes unknown.
File "src/tactics/ml/FStar_Reflection_Syntax.ml", line 23, characters 27-34:
Warning 40: C_False was selected from type FStar_Reflection_Data.vconst.
It is not visible in the current scope, and will not 
be selected if the type becomes unknown.
File "src/tactics/ml/FStar_Reflection_Syntax.ml", line 36, characters 27-33:
Warning 40: Tv_Var was selected from type FStar_Reflection_Data.term_view.
It is not visible in the current scope, and will not 
be selected if the type becomes unknown.
File "src/tactics/ml/FStar_Reflection_Syntax.ml", line 38, characters 43-49:
Warning 40: Tv_Var was selected from type FStar_Reflection_Data.term_view.
It is not visible in the current scope, and will not 
be selected if the type becomes unknown.
File "src/tactics/ml/FStar_Reflection_Syntax.ml", line 41, characters 27-34:
Warning 40: Tv_FVar was selected from type FStar_Reflection_Data.term_view.
It is not visible in the current scope, and will not 
be selected if the type becomes unknown.
File "src/tactics/ml/FStar_Reflection_Syntax.ml", line 43, characters 43-50:
Warning 40: Tv_FVar was selected from type FStar_Reflection_Data.term_view.
It is not visible in the current scope, and will not 
be selected if the type becomes unknown.
File "src/tactics/ml/FStar_Reflection_Syntax.ml", line 46, characters 27-33:
Warning 40: Tv_App was selected from type FStar_Reflection_Data.term_view.
It is not visible in the current scope, and will not 
be selected if the type becomes unknown.
File "src/tactics/ml/FStar_Reflection_Syntax.ml", line 48, characters 43-49:
Warning 40: Tv_App was selected from type FStar_Reflection_Data.term_view.
It is not visible in the current scope, and will not 
be selected if the type becomes unknown.
File "src/tactics/ml/FStar_Reflection_Syntax.ml", line 50, characters 43-49:
Warning 40: Tv_App was selected from type FStar_Reflection_Data.term_view.
It is not visible in the current scope, and will not 
be selected if the type becomes unknown.
File "src/tactics/ml/FStar_Reflection_Syntax.ml", line 53, characters 27-33:
Warning 40: Tv_Abs was selected from type FStar_Reflection_Data.term_view.
It is not visible in the current scope, and will not 
be selected if the type becomes unknown.
File "src/tactics/ml/FStar_Reflection_Syntax.ml", line 55, characters 43-49:
Warning 40: Tv_Abs was selected from type FStar_Reflection_Data.term_view.
It is not visible in the current scope, and will not 
be selected if the type becomes unknown.
File "src/tactics/ml/FStar_Reflection_Syntax.ml", line 57, characters 43-49:
Warning 40: Tv_Abs was selected from type FStar_Reflection_Data.term_view.
It is not visible in the current scope, and will not 
be selected if the type becomes unknown.
File "src/tactics/ml/FStar_Reflection_Syntax.ml", line 60, characters 27-35:
Warning 40: Tv_Arrow was selected from type FStar_Reflection_Data.term_view.
It is not visible in the current scope, and will not 
be selected if the type becomes unknown.
File "src/tactics/ml/FStar_Reflection_Syntax.ml", line 62, characters 43-51:
Warning 40: Tv_Arrow was selected from type FStar_Reflection_Data.term_view.
It is not visible in the current scope, and will not 
be selected if the type becomes unknown.
File "src/tactics/ml/FStar_Reflection_Syntax.ml", line 64, characters 43-51:
Warning 40: Tv_Arrow was selected from type FStar_Reflection_Data.term_view.
It is not visible in the current scope, and will not 
be selected if the type becomes unknown.
File "src/tactics/ml/FStar_Reflection_Syntax.ml", line 67, characters 27-34:
Warning 40: Tv_Type was selected from type FStar_Reflection_Data.term_view.
It is not visible in the current scope, and will not 
be selected if the type becomes unknown.
File "src/tactics/ml/FStar_Reflection_Syntax.ml", line 71, characters 27-36:
Warning 40: Tv_Refine was selected from type FStar_Reflection_Data.term_view.
It is not visible in the current scope, and will not 
be selected if the type becomes unknown.
File "src/tactics/ml/FStar_Reflection_Syntax.ml", line 73, characters 43-52:
Warning 40: Tv_Refine was selected from type FStar_Reflection_Data.term_view.
It is not visible in the current scope, and will not 
be selected if the type becomes unknown.
File "src/tactics/ml/FStar_Reflection_Syntax.ml", line 75, characters 43-52:
Warning 40: Tv_Refine was selected from type FStar_Reflection_Data.term_view.
It is not visible in the current scope, and will not 
be selected if the type becomes unknown.
File "src/tactics/ml/FStar_Reflection_Syntax.ml", line 78, characters 27-35:
Warning 40: Tv_Const was selected from type FStar_Reflection_Data.term_view.
It is not visible in the current scope, and will not 
be selected if the type becomes unknown.
File "src/tactics/ml/FStar_Reflection_Syntax.ml", line 80, characters 43-51:
Warning 40: Tv_Const was selected from type FStar_Reflection_Data.term_view.
It is not visible in the current scope, and will not 
be selected if the type becomes unknown.
File "src/tactics/ml/FStar_Reflection_Syntax.ml", line 83, characters 27-37:
Warning 40: Tv_Unknown was selected from type FStar_Reflection_Data.term_view.
It is not visible in the current scope, and will not 
be selected if the type becomes unknown.
File "src/tactics/ml/FStar_Reflection_Syntax.ml", line 197, characters 8-14:
Warning 40: Tv_App was selected from type FStar_Reflection_Data.term_view.
It is not visible in the current scope, and will not 
be selected if the type becomes unknown.
File "src/tactics/ml/FStar_Reflection_Syntax.ml", line 209, characters 57-63:
Warning 40: Tv_App was selected from type FStar_Reflection_Data.term_view.
It is not visible in the current scope, and will not 
be selected if the type becomes unknown.
File "src/tactics/ml/FStar_Reflection_Syntax.ml", line 246, characters 9-15:
Warning 40: C_Unit was selected from type FStar_Reflection_Data.vconst.
It is not visible in the current scope, and will not 
be selected if the type becomes unknown.
File "src/tactics/ml/FStar_Reflection_Syntax.ml", line 246, characters 17-23:
Warning 40: C_Unit was selected from type FStar_Reflection_Data.vconst.
It is not visible in the current scope, and will not 
be selected if the type becomes unknown.
File "src/tactics/ml/FStar_Reflection_Syntax.ml", line 247, characters 9-14:
Warning 40: C_Int was selected from type FStar_Reflection_Data.vconst.
It is not visible in the current scope, and will not 
be selected if the type becomes unknown.
File "src/tactics/ml/FStar_Reflection_Syntax.ml", line 247, characters 17-22:
Warning 40: C_Int was selected from type FStar_Reflection_Data.vconst.
It is not visible in the current scope, and will not 
be selected if the type becomes unknown.
File "src/tactics/ml/FStar_Reflection_Syntax.ml", line 248, characters 9-15:
Warning 40: C_True was selected from type FStar_Reflection_Data.vconst.
It is not visible in the current scope, and will not 
be selected if the type becomes unknown.
File "src/tactics/ml/FStar_Reflection_Syntax.ml", line 248, characters 17-23:
Warning 40: C_True was selected from type FStar_Reflection_Data.vconst.
It is not visible in the current scope, and will not 
be selected if the type becomes unknown.
File "src/tactics/ml/FStar_Reflection_Syntax.ml", line 249, characters 9-16:
Warning 40: C_False was selected from type FStar_Reflection_Data.vconst.
It is not visible in the current scope, and will not 
be selected if the type becomes unknown.
File "src/tactics/ml/FStar_Reflection_Syntax.ml", line 249, characters 18-25:
Warning 40: C_False was selected from type FStar_Reflection_Data.vconst.
It is not visible in the current scope, and will not 
be selected if the type becomes unknown.
File "src/tactics/ml/FStar_Reflection_Syntax.ml", line 250, characters 9-15:
Warning 40: C_Unit was selected from type FStar_Reflection_Data.vconst.
It is not visible in the current scope, and will not 
be selected if the type becomes unknown.
File "src/tactics/ml/FStar_Reflection_Syntax.ml", line 251, characters 19-25:
Warning 40: C_Unit was selected from type FStar_Reflection_Data.vconst.
It is not visible in the current scope, and will not 
be selected if the type becomes unknown.
File "src/tactics/ml/FStar_Reflection_Syntax.ml", line 252, characters 9-14:
Warning 40: C_Int was selected from type FStar_Reflection_Data.vconst.
It is not visible in the current scope, and will not 
be selected if the type becomes unknown.
File "src/tactics/ml/FStar_Reflection_Syntax.ml", line 253, characters 19-24:
Warning 40: C_Int was selected from type FStar_Reflection_Data.vconst.
It is not visible in the current scope, and will not 
be selected if the type becomes unknown.
File "src/tactics/ml/FStar_Reflection_Syntax.ml", line 254, characters 9-15:
Warning 40: C_True was selected from type FStar_Reflection_Data.vconst.
It is not visible in the current scope, and will not 
be selected if the type becomes unknown.
File "src/tactics/ml/FStar_Reflection_Syntax.ml", line 255, characters 19-25:
Warning 40: C_True was selected from type FStar_Reflection_Data.vconst.
It is not visible in the current scope, and will not 
be selected if the type becomes unknown.
File "src/tactics/ml/FStar_Reflection_Syntax.ml", line 256, characters 9-16:
Warning 40: C_False was selected from type FStar_Reflection_Data.vconst.
It is not visible in the current scope, and will not 
be selected if the type becomes unknown.
File "src/tactics/ml/FStar_Reflection_Syntax.ml", line 257, characters 19-26:
Warning 40: C_False was selected from type FStar_Reflection_Data.vconst.
It is not visible in the current scope, and will not 
be selected if the type becomes unknown.
File "src/tactics/ml/FStar_Reflection_Syntax.ml", line 265, characters 9-15:
Warning 40: Tv_Var was selected from type FStar_Reflection_Data.term_view.
It is not visible in the current scope, and will not 
be selected if the type becomes unknown.
File "src/tactics/ml/FStar_Reflection_Syntax.ml", line 265, characters 19-25:
Warning 40: Tv_Var was selected from type FStar_Reflection_Data.term_view.
It is not visible in the current scope, and will not 
be selected if the type becomes unknown.
File "src/tactics/ml/FStar_Reflection_Syntax.ml", line 266, characters 9-16:
Warning 40: Tv_FVar was selected from type FStar_Reflection_Data.term_view.
It is not visible in the current scope, and will not 
be selected if the type becomes unknown.
File "src/tactics/ml/FStar_Reflection_Syntax.ml", line 266, characters 20-27:
Warning 40: Tv_FVar was selected from type FStar_Reflection_Data.term_view.
It is not visible in the current scope, and will not 
be selected if the type becomes unknown.
File "src/tactics/ml/FStar_Reflection_Syntax.ml", line 267, characters 9-15:
Warning 40: Tv_App was selected from type FStar_Reflection_Data.term_view.
It is not visible in the current scope, and will not 
be selected if the type becomes unknown.
File "src/tactics/ml/FStar_Reflection_Syntax.ml", line 267, characters 24-30:
Warning 40: Tv_App was selected from type FStar_Reflection_Data.term_view.
It is not visible in the current scope, and will not 
be selected if the type becomes unknown.
File "src/tactics/ml/FStar_Reflection_Syntax.ml", line 270, characters 9-15:
Warning 40: Tv_Abs was selected from type FStar_Reflection_Data.term_view.
It is not visible in the current scope, and will not 
be selected if the type becomes unknown.
File "src/tactics/ml/FStar_Reflection_Syntax.ml", line 270, characters 24-30:
Warning 40: Tv_Abs was selected from type FStar_Reflection_Data.term_view.
It is not visible in the current scope, and will not 
be selected if the type becomes unknown.
File "src/tactics/ml/FStar_Reflection_Syntax.ml", line 273, characters 9-17:
Warning 40: Tv_Arrow was selected from type FStar_Reflection_Data.term_view.
It is not visible in the current scope, and will not 
be selected if the type becomes unknown.
File "src/tactics/ml/FStar_Reflection_Syntax.ml", line 273, characters 26-34:
Warning 40: Tv_Arrow was selected from type FStar_Reflection_Data.term_view.
It is not visible in the current scope, and will not 
be selected if the type becomes unknown.
File "src/tactics/ml/FStar_Reflection_Syntax.ml", line 276, characters 9-18:
Warning 40: Tv_Refine was selected from type FStar_Reflection_Data.term_view.
It is not visible in the current scope, and will not 
be selected if the type becomes unknown.
File "src/tactics/ml/FStar_Reflection_Syntax.ml", line 276, characters 27-36:
Warning 40: Tv_Refine was selected from type FStar_Reflection_Data.term_view.
It is not visible in the current scope, and will not 
be selected if the type becomes unknown.
File "src/tactics/ml/FStar_Reflection_Syntax.ml", line 279, characters 9-16:
Warning 40: Tv_Type was selected from type FStar_Reflection_Data.term_view.
It is not visible in the current scope, and will not 
be selected if the type becomes unknown.
File "src/tactics/ml/FStar_Reflection_Syntax.ml", line 279, characters 20-27:
Warning 40: Tv_Type was selected from type FStar_Reflection_Data.term_view.
It is not visible in the current scope, and will not 
be selected if the type becomes unknown.
File "src/tactics/ml/FStar_Reflection_Syntax.ml", line 280, characters 9-17:
Warning 40: Tv_Const was selected from type FStar_Reflection_Data.term_view.
It is not visible in the current scope, and will not 
be selected if the type becomes unknown.
File "src/tactics/ml/FStar_Reflection_Syntax.ml", line 280, characters 21-29:
Warning 40: Tv_Const was selected from type FStar_Reflection_Data.term_view.
It is not visible in the current scope, and will not 
be selected if the type becomes unknown.
File "src/tactics/ml/FStar_Reflection_Syntax.ml", line 281, characters 9-19:
Warning 40: Tv_Unknown was selected from type FStar_Reflection_Data.term_view.
It is not visible in the current scope, and will not 
be selected if the type becomes unknown.
File "src/tactics/ml/FStar_Reflection_Syntax.ml", line 281, characters 21-31:
Warning 40: Tv_Unknown was selected from type FStar_Reflection_Data.term_view.
It is not visible in the current scope, and will not 
be selected if the type becomes unknown.
File "src/tactics/ml/FStar_Reflection_Syntax.ml", line 282, characters 9-15:
Warning 40: Tv_Var was selected from type FStar_Reflection_Data.term_view.
It is not visible in the current scope, and will not 
be selected if the type becomes unknown.
File "src/tactics/ml/FStar_Reflection_Syntax.ml", line 283, characters 19-25:
Warning 40: Tv_Var was selected from type FStar_Reflection_Data.term_view.
It is not visible in the current scope, and will not 
be selected if the type becomes unknown.
File "src/tactics/ml/FStar_Reflection_Syntax.ml", line 284, characters 9-16:
Warning 40: Tv_FVar was selected from type FStar_Reflection_Data.term_view.
It is not visible in the current scope, and will not 
be selected if the type becomes unknown.
File "src/tactics/ml/FStar_Reflection_Syntax.ml", line 285, characters 19-26:
Warning 40: Tv_FVar was selected from type FStar_Reflection_Data.term_view.
It is not visible in the current scope, and will not 
be selected if the type becomes unknown.
File "src/tactics/ml/FStar_Reflection_Syntax.ml", line 286, characters 9-15:
Warning 40: Tv_App was selected from type FStar_Reflection_Data.term_view.
It is not visible in the current scope, and will not 
be selected if the type becomes unknown.
File "src/tactics/ml/FStar_Reflection_Syntax.ml", line 287, characters 19-25:
Warning 40: Tv_App was selected from type FStar_Reflection_Data.term_view.
It is not visible in the current scope, and will not 
be selected if the type becomes unknown.
File "src/tactics/ml/FStar_Reflection_Syntax.ml", line 288, characters 9-15:
Warning 40: Tv_Abs was selected from type FStar_Reflection_Data.term_view.
It is not visible in the current scope, and will not 
be selected if the type becomes unknown.
File "src/tactics/ml/FStar_Reflection_Syntax.ml", line 289, characters 19-25:
Warning 40: Tv_Abs was selected from type FStar_Reflection_Data.term_view.
It is not visible in the current scope, and will not 
be selected if the type becomes unknown.
File "src/tactics/ml/FStar_Reflection_Syntax.ml", line 290, characters 9-17:
Warning 40: Tv_Arrow was selected from type FStar_Reflection_Data.term_view.
It is not visible in the current scope, and will not 
be selected if the type becomes unknown.
File "src/tactics/ml/FStar_Reflection_Syntax.ml", line 291, characters 19-27:
Warning 40: Tv_Arrow was selected from type FStar_Reflection_Data.term_view.
It is not visible in the current scope, and will not 
be selected if the type becomes unknown.
File "src/tactics/ml/FStar_Reflection_Syntax.ml", line 292, characters 9-16:
Warning 40: Tv_Type was selected from type FStar_Reflection_Data.term_view.
It is not visible in the current scope, and will not 
be selected if the type becomes unknown.
File "src/tactics/ml/FStar_Reflection_Syntax.ml", line 293, characters 19-26:
Warning 40: Tv_Type was selected from type FStar_Reflection_Data.term_view.
It is not visible in the current scope, and will not 
be selected if the type becomes unknown.
File "src/tactics/ml/FStar_Reflection_Syntax.ml", line 294, characters 9-18:
Warning 40: Tv_Refine was selected from type FStar_Reflection_Data.term_view.
It is not visible in the current scope, and will not 
be selected if the type becomes unknown.
File "src/tactics/ml/FStar_Reflection_Syntax.ml", line 295, characters 19-28:
Warning 40: Tv_Refine was selected from type FStar_Reflection_Data.term_view.
It is not visible in the current scope, and will not 
be selected if the type becomes unknown.
File "src/tactics/ml/FStar_Reflection_Syntax.ml", line 296, characters 9-17:
Warning 40: Tv_Const was selected from type FStar_Reflection_Data.term_view.
It is not visible in the current scope, and will not 
be selected if the type becomes unknown.
File "src/tactics/ml/FStar_Reflection_Syntax.ml", line 297, characters 19-27:
Warning 40: Tv_Const was selected from type FStar_Reflection_Data.term_view.
It is not visible in the current scope, and will not 
be selected if the type becomes unknown.
File "src/tactics/ml/FStar_Reflection_Syntax.ml", line 298, characters 9-19:
Warning 40: Tv_Unknown was selected from type FStar_Reflection_Data.term_view.
It is not visible in the current scope, and will not 
be selected if the type becomes unknown.
File "src/tactics/ml/FStar_Reflection_Syntax.ml", line 299, characters 19-29:
Warning 40: Tv_Unknown was selected from type FStar_Reflection_Data.term_view.
It is not visible in the current scope, and will not 
be selected if the type becomes unknown.
File "src/tactics/ml/FStar_Tactics_Builtins.ml", line 67, characters 46-47:
Warning 20: this argument will not be used by the function.
.\u_boot_fsts\FStar.Syntax.Syntax.fst(455,0-455,48): (Warning) Annotation from val declaration overrides inline type annotation
.\u_boot_fsts\FStar.Syntax.Syntax.fst(456,0-456,76): (Warning) Annotation from val declaration overrides inline type annotation
.\u_boot_fsts\FStar.Syntax.Syntax.fst(506,0-508,38): (Warning) Annotation from val declaration overrides inline type annotation
Unexpected error
FStar_Errors.Error(_)
Raised at file "src/ocaml-output/FStar_TypeChecker_Rel.ml", line 7270, characters 18-29
Called from file "src/ocaml-output/FStar_TypeChecker_TcTerm.ml", line 3189, characters 48-145
Called from file "src/ocaml-output/FStar_TypeChecker_TcTerm.ml", line 3668, characters 47-61
Called from file "src/ocaml-output/FStar_TypeChecker_TcTerm.ml", line 1547, characters 22-108
Called from file "src/ocaml-output/FStar_TypeChecker_TcTerm.ml", line 4337, characters 49-75
Called from file "src/batList.mlv", line 169, characters 28-33
Called from file "src/batList.mlv", line 172, characters 4-12
Called from file "ulib/ml/FStar_All.ml", line 3, characters 21-24
Called from file "src/ocaml-output/FStar_TypeChecker_TcTerm.ml", line 5014, characters 22-44
Called from file "src/ocaml-output/FStar_TypeChecker_TcTerm.ml", line 5014, characters 22-44
Called from file "src/ocaml-output/FStar_TypeChecker_TcTerm.ml", line 1074, characters 23-44
Called from file "src/ocaml-output/FStar_TypeChecker_TcTerm.ml", line 2999, characters 22-1023
Called from file "src/ocaml-output/FStar_TypeChecker_TcTerm.ml", line 6015, characters 24-52
Called from file "src/ocaml-output/FStar_TypeChecker_TcTerm.ml", line 5676, characters 21-103
Called from file "src/batList.mlv", line 171, characters 23-28
Called from file "ulib/ml/FStar_All.ml", line 3, characters 21-24
Called from file "src/ocaml-output/FStar_TypeChecker_TcTerm.ml", line 5153, characters 42-69
Called from file "src/ocaml-output/FStar_TypeChecker_Tc.ml", line 3833, characters 20-1023
Called from file "src/ocaml-output/FStar_TypeChecker_Tc.ml", line 4570, characters 31-46
Called from file "src/basic/ml/FStar_Util.ml", line 46, characters 14-18
Called from file "src/ocaml-output/FStar_TypeChecker_Tc.ml", line 4670, characters 14-97
Called from file "src/basic/ml/FStar_Util.ml", line 582, characters 30-37
Called from file "src/ocaml-output/FStar_TypeChecker_Tc.ml", line 4687, characters 8-76
Called from file "src/ocaml-output/FStar_TypeChecker_Tc.ml", line 4781, characters 25-77
Called from file "src/ocaml-output/FStar_TypeChecker_Tc.ml", line 5056, characters 23-49
Called from file "src/basic/ml/FStar_Util.ml", line 46, characters 14-18
Called from file "src/ocaml-output/FStar_Universal.ml", line 415, characters 34-233
Called from file "list.ml", line 84, characters 24-34
Called from file "ulib/ml/FStar_All.ml", line 3, characters 21-24
Called from file "src/ocaml-output/FStar_Universal.ml", line 491, characters 18-100
Called from file "src/ocaml-output/FStar_Universal.ml", line 520, characters 31-72
Called from file "src/ocaml-output/FStar_Universal.ml", line 537, characters 24-71
Called from file "src/ocaml-output/FStar_Universal.ml", line 578, characters 27-69
Called from file "src/ocaml-output/FStar_Main.ml", line 215, characters 28-68
Called from file "src/ocaml-output/FStar_Main.ml", line 238, characters 6-11

.\u_boot_fsts\FStar.Syntax.Free.fst(134,36-135,27): (Error) Expected type "f:FStar.Syntax.Free.free_vars -> FStar.All.ML 'z"; got type "uu___unification_ 34 c"
1 error was reported (see above)
make[3]: *** [Makefile:170: u_extract_syntax] Error 1
.\u_boot_fsts\FStar.TypeChecker.Util.fst(71,0-73,32): (Warning) Annotation from val declaration overrides inline type annotation
.\u_boot_fsts\FStar.TypeChecker.Env.fst(303,0-307,35): (Warning) Annotation from val declaration overrides inline type annotation
.\u_boot_fsts\FStar.TypeChecker.Env.fst(738,0-740,39): (Warning) Annotation from val declaration overrides inline type annotation
make[3]: *** [Makefile:179: u_extract_rel] Error 127
make[3]: Target 'u_extract_all' not remade because of errors.
make[2]: *** [Makefile:237: ocaml] Error 2
make[1]: *** [Makefile:249: fstar-ocaml] Error 2
make: *** [Makefile:264: utest] Error 2
