make[1]: warning: jobserver unavailable: using -j1.  Add '+' to parent make rule.
make[1]: warning: jobserver unavailable: using -j1.  Add '+' to parent make rule.
Warning: you are using the standard library and/or the %inline keyword. We
recommend switching on --infer in order to avoid obscure type error messages.
warning: CRLF will be replaced by LF in doc/slides/popl2015/intro-tiny-fstar.mdk.
The file will have its original line endings in your working directory.
warning: CRLF will be replaced by LF in doc/slides/popl2015/overview-presentation.mdk.
The file will have its original line endings in your working directory.
warning: CRLF will be replaced by LF in src/parser/parse.fsi.
The file will have its original line endings in your working directory.
File "src/basic/ml/FStar_Util.ml", line 47, characters 57-65:
Warning 40: st_mtime was selected from type BatUnix.stats.
It is not visible in the current scope, and will not 
be selected if the type becomes unknown.
File "src/basic/ml/FStar_Util.ml", line 47, characters 57-65:
Warning 40: st_mtime was selected from type BatUnix.stats.
It is not visible in the current scope, and will not 
be selected if the type becomes unknown.
make[3]: warning: jobserver unavailable: using -j1.  Add '+' to parent make rule.
.\u_boot_fsts\FStar.Syntax.Syntax.fst(394,0-394,33): (Warning) Annotation from val declaration overrides inline type annotation
.\u_boot_fsts\FStar.Syntax.Syntax.fst(445,0-445,48): (Warning) Annotation from val declaration overrides inline type annotation
.\u_boot_fsts\FStar.Syntax.Syntax.fst(446,0-446,76): (Warning) Annotation from val declaration overrides inline type annotation
.\u_boot_fsts\FStar.Syntax.Syntax.fst(497,0-499,38): (Warning) Annotation from val declaration overrides inline type annotation
.\u_boot_fsts\FStar.TypeChecker.Util.fst(70,0-72,32): (Warning) Annotation from val declaration overrides inline type annotation
.\u_boot_fsts\FStar.TypeChecker.Env.fst(280,0-284,35): (Warning) Annotation from val declaration overrides inline type annotation
Unexpected error
FStar_Errors.Error(_)
Raised at file "src/ocaml-output/FStar_TypeChecker_Util.ml", line 3621, characters 20-30
Called from file "src/ocaml-output/FStar_TypeChecker_TcTerm.ml", line 320, characters 24-77
Called from file "src/ocaml-output/FStar_TypeChecker_TcTerm.ml", line 3386, characters 47-61
Called from file "src/ocaml-output/FStar_TypeChecker_TcTerm.ml", line 1461, characters 22-108
Called from file "src/ocaml-output/FStar_TypeChecker_TcTerm.ml", line 3386, characters 47-61
Called from file "src/ocaml-output/FStar_TypeChecker_TcTerm.ml", line 1461, characters 22-108
Called from file "src/ocaml-output/FStar_TypeChecker_TcTerm.ml", line 1006, characters 28-43
Called from file "src/ocaml-output/FStar_TypeChecker_TcTerm.ml", line 3386, characters 47-61
Called from file "src/ocaml-output/FStar_TypeChecker_TcTerm.ml", line 1461, characters 22-108
Called from file "src/ocaml-output/FStar_TypeChecker_TcTerm.ml", line 1006, characters 28-43
Called from file "src/ocaml-output/FStar_TypeChecker_TcTerm.ml", line 3386, characters 47-61
Called from file "src/ocaml-output/FStar_TypeChecker_TcTerm.ml", line 1461, characters 22-108
Called from file "src/ocaml-output/FStar_TypeChecker_TcTerm.ml", line 1006, characters 28-43
Called from file "src/ocaml-output/FStar_TypeChecker_TcTerm.ml", line 3386, characters 47-61
Called from file "src/ocaml-output/FStar_TypeChecker_TcTerm.ml", line 1461, characters 22-108
Called from file "src/ocaml-output/FStar_TypeChecker_TcTerm.ml", line 1006, characters 28-43
Called from file "src/ocaml-output/FStar_TypeChecker_TcTerm.ml", line 3386, characters 47-61
Called from file "src/ocaml-output/FStar_TypeChecker_TcTerm.ml", line 1461, characters 22-108
Called from file "src/ocaml-output/FStar_TypeChecker_TcTerm.ml", line 1006, characters 28-43
Called from file "src/ocaml-output/FStar_TypeChecker_TcTerm.ml", line 3386, characters 47-61
Called from file "src/ocaml-output/FStar_TypeChecker_TcTerm.ml", line 1461, characters 22-108
Called from file "src/ocaml-output/FStar_TypeChecker_TcTerm.ml", line 1006, characters 28-43
Called from file "src/ocaml-output/FStar_TypeChecker_TcTerm.ml", line 3386, characters 47-61
Called from file "src/ocaml-output/FStar_TypeChecker_TcTerm.ml", line 1461, characters 22-108
Called from file "src/ocaml-output/FStar_TypeChecker_TcTerm.ml", line 1006, characters 28-43
Called from file "src/ocaml-output/FStar_TypeChecker_TcTerm.ml", line 5347, characters 21-1023
Called from file "src/ocaml-output/FStar_TypeChecker_TcTerm.ml", line 4631, characters 12-51
Called from file "src/ocaml-output/FStar_TypeChecker_TcTerm.ml", line 4656, characters 22-44
Called from file "src/ocaml-output/FStar_TypeChecker_TcTerm.ml", line 4656, characters 22-44
Called from file "src/ocaml-output/FStar_TypeChecker_TcTerm.ml", line 4656, characters 22-44
Called from file "src/ocaml-output/FStar_TypeChecker_TcTerm.ml", line 4006, characters 49-75
Called from file "src/batList.mlv", line 171, characters 23-28
Called from file "ulib/ml/FStar_All.ml", line 3, characters 21-24
Called from file "src/ocaml-output/FStar_TypeChecker_TcTerm.ml", line 4656, characters 22-44
Called from file "src/ocaml-output/FStar_TypeChecker_TcTerm.ml", line 2756, characters 22-1023
Called from file "src/ocaml-output/FStar_TypeChecker_TcTerm.ml", line 5617, characters 23-51
Called from file "src/ocaml-output/FStar_TypeChecker_TcTerm.ml", line 5291, characters 21-103
Called from file "src/batList.mlv", line 169, characters 28-33
Called from file "src/batList.mlv", line 172, characters 4-12
Called from file "ulib/ml/FStar_All.ml", line 3, characters 21-24
Called from file "src/ocaml-output/FStar_TypeChecker_TcTerm.ml", line 4794, characters 42-69
Called from file "src/ocaml-output/FStar_TypeChecker_Tc.ml", line 3694, characters 20-1023
Called from file "src/ocaml-output/FStar_TypeChecker_Tc.ml", line 4076, characters 31-46
Called from file "src/basic/ml/FStar_Util.ml", line 572, characters 30-37
Called from file "src/ocaml-output/FStar_TypeChecker_Tc.ml", line 4122, characters 8-70
Called from file "src/ocaml-output/FStar_TypeChecker_Tc.ml", line 4210, characters 25-77
Called from file "src/ocaml-output/FStar_TypeChecker_Tc.ml", line 4477, characters 23-49
Called from file "src/basic/ml/FStar_Util.ml", line 44, characters 14-18
Called from file "src/ocaml-output/FStar_Universal.ml", line 287, characters 34-233
Called from file "list.ml", line 84, characters 24-34
Called from file "ulib/ml/FStar_All.ml", line 3, characters 21-24
Called from file "src/ocaml-output/FStar_Universal.ml", line 354, characters 32-70
Called from file "src/ocaml-output/FStar_Universal.ml", line 376, characters 31-72
Called from file "src/ocaml-output/FStar_Universal.ml", line 392, characters 24-71
Called from file "src/ocaml-output/FStar_Universal.ml", line 432, characters 26-68
Called from file "src/ocaml-output/FStar_Main.ml", line 204, characters 27-67
Called from file "src/ocaml-output/FStar_Main.ml", line 226, characters 6-11

.\u_boot_fsts\FStar.SMTEncoding.Encode.fst(519,29-519,34): (Error) Expected expression of type "uu___1369627:Prims.unit -> FStar.All.ML (FStar.SMTEncoding.Term.term * FStar.SMTEncoding.Term.term)"; got expression "unary" of type "uu___1369629:Prims.unit -> FStar.All.ML FStar.SMTEncoding.Term.term" (see also .\u_boot_fsts\FStar.SMTEncoding.Encode.fst(505,8-505,13))
1 error was reported (see above)
make[3]: *** [Makefile:210: u_extract_encode] Error 1
.\u_boot_fsts\FStar.TypeChecker.Env.fst(718,0-720,39): (Warning) Annotation from val declaration overrides inline type annotation
make[3]: Target 'u_extract_all' not remade because of errors.
make[2]: *** [Makefile:230: ocaml] Error 2
make[1]: *** [Makefile:240: fstar-ocaml] Error 2
make: *** [Makefile:255: utest] Error 2
