make[1]: warning: jobserver unavailable: using -j1.  Add '+' to parent make rule.
make[1]: warning: jobserver unavailable: using -j1.  Add '+' to parent make rule.
Warning: you are using the standard library and/or the %inline keyword. We
recommend switching on --infer in order to avoid obscure type error messages.
warning: CRLF will be replaced by LF in src/parser/parse.fsi.
The file will have its original line endings in your working directory.
File "src/basic/ml/FStar_Util.ml", line 47, characters 57-65:
Warning 40: st_mtime was selected from type BatUnix.stats.
It is not visible in the current scope, and will not 
be selected if the type becomes unknown.
File "src/basic/ml/FStar_Util.ml", line 660, characters 2-13:
Warning 10: this expression should have type unit.
File "src/basic/ml/FStar_Util.ml", line 47, characters 57-65:
Warning 40: st_mtime was selected from type BatUnix.stats.
It is not visible in the current scope, and will not 
be selected if the type becomes unknown.
File "src/basic/ml/FStar_Util.ml", line 660, characters 2-13:
Warning 10: this expression should have type unit.
make[3]: warning: jobserver unavailable: using -j1.  Add '+' to parent make rule.
Unexpected error
Failure("Impossible: ill-typed application:\n\thead=Prims.l__Mkdtuple2, arg=a, tag=Tm_name: a\n\texpected type unit, got Obj.t")
Raised at file "pervasives.ml", line 30, characters 22-33
Called from file "src/ocaml-output/FStar_Extraction_ML_Term.ml", line 1320, characters 23-42
Called from file "src/ocaml-output/FStar_Extraction_ML_Term.ml", line 1802, characters 44-63
Called from file "src/ocaml-output/FStar_Extraction_ML_Term.ml", line 1320, characters 23-42
Called from file "src/ocaml-output/FStar_Extraction_ML_Term.ml", line 2496, characters 52-132
Called from file "src/basic/ml/FStar_Util.ml", line 526, characters 19-28
Called from file "list.ml", line 84, characters 24-34
Called from file "src/basic/ml/FStar_Util.ml", line 527, characters 20-56
Called from file "src/ocaml-output/bootlibs/FStar_All.ml", line 3, characters 21-24
Called from file "src/ocaml-output/FStar_Extraction_ML_Term.ml", line 1320, characters 23-42
Called from file "src/ocaml-output/FStar_Extraction_ML_Term.ml", line 1371, characters 27-46
Called from file "src/ocaml-output/FStar_Extraction_ML_Term.ml", line 1353, characters 27-57
Called from file "src/ocaml-output/FStar_Extraction_ML_Term.ml", line 1992, characters 28-59
Called from file "src/ocaml-output/FStar_Extraction_ML_Term.ml", line 1320, characters 23-42
Called from file "src/ocaml-output/FStar_Extraction_ML_Term.ml", line 1568, characters 38-62
Called from file "src/ocaml-output/FStar_Extraction_ML_Term.ml", line 1320, characters 23-42
Called from file "src/ocaml-output/FStar_Extraction_ML_Term.ml", line 1802, characters 44-63
Called from file "src/ocaml-output/FStar_Extraction_ML_Term.ml", line 1320, characters 23-42
Called from file "src/ocaml-output/FStar_Extraction_ML_Term.ml", line 2368, characters 38-65
Called from file "src/ocaml-output/FStar_Extraction_ML_Term.ml", line 1320, characters 23-42
Called from file "src/ocaml-output/FStar_Extraction_ML_Term.ml", line 1568, characters 38-62
Called from file "src/ocaml-output/FStar_Extraction_ML_Term.ml", line 1320, characters 23-42
Called from file "src/ocaml-output/FStar_Extraction_ML_Term.ml", line 1371, characters 27-46
Called from file "src/ocaml-output/FStar_Extraction_ML_Term.ml", line 1353, characters 27-57
Called from file "src/ocaml-output/FStar_Extraction_ML_Term.ml", line 2324, characters 24-64
Called from file "src/batList.mlv", line 171, characters 23-28
Called from file "src/ocaml-output/bootlibs/FStar_All.ml", line 3, characters 21-24
Called from file "src/ocaml-output/FStar_Extraction_ML_Term.ml", line 1320, characters 23-42
Called from file "src/ocaml-output/FStar_Extraction_ML_Modul.ml", line 518, characters 28-74
Called from file "src/basic/ml/FStar_Util.ml", line 526, characters 19-28
Called from file "list.ml", line 84, characters 24-34
Called from file "src/basic/ml/FStar_Util.ml", line 527, characters 20-56
Called from file "src/ocaml-output/FStar_Extraction_ML_Modul.ml", line 838, characters 9-89
Called from file "src/basic/ml/FStar_Util.ml", line 526, characters 19-28
Called from file "list.ml", line 84, characters 24-34
Called from file "src/basic/ml/FStar_Util.ml", line 527, characters 20-56
Called from file "src/ocaml-output/FStar_Main.ml", line 92, characters 14-99
Called from file "src/ocaml-output/FStar_Main.ml", line 233, characters 31-48
Called from file "src/ocaml-output/FStar_Main.ml", line 239, characters 6-11

make[3]: *** [Makefile:161: u_extract_misc] Error 1
.\u_boot_fsts\FStar.Syntax.Syntax.fst(396,0-396,33): (Warning) Annotation from val declaration overrides inline type annotation
.\u_boot_fsts\FStar.Syntax.Syntax.fst(446,0-446,48): (Warning) Annotation from val declaration overrides inline type annotation
.\u_boot_fsts\FStar.Syntax.Syntax.fst(447,0-447,76): (Warning) Annotation from val declaration overrides inline type annotation
.\u_boot_fsts\FStar.Syntax.Syntax.fst(498,0-500,38): (Warning) Annotation from val declaration overrides inline type annotation
.\u_boot_fsts\FStar.TypeChecker.Util.fst(70,0-72,32): (Warning) Annotation from val declaration overrides inline type annotation
.\u_boot_fsts\FStar.TypeChecker.Env.fst(280,0-284,35): (Warning) Annotation from val declaration overrides inline type annotation
.\u_boot_fsts\FStar.TypeChecker.Env.fst(718,0-720,39): (Warning) Annotation from val declaration overrides inline type annotation
Unexpected error
Failure("Impossible: ill-typed application:\n\thead=Prims.l__Mkdtuple2, arg=a, tag=Tm_name: a\n\texpected type unit, got Obj.t")
Raised at file "pervasives.ml", line 30, characters 22-33
Called from file "src/ocaml-output/FStar_Extraction_ML_Term.ml", line 1320, characters 23-42
Called from file "src/ocaml-output/FStar_Extraction_ML_Term.ml", line 1802, characters 44-63
Called from file "src/ocaml-output/FStar_Extraction_ML_Term.ml", line 1320, characters 23-42
Called from file "src/ocaml-output/FStar_Extraction_ML_Term.ml", line 2496, characters 52-132
Called from file "src/basic/ml/FStar_Util.ml", line 526, characters 19-28
Called from file "list.ml", line 84, characters 24-34
Called from file "src/basic/ml/FStar_Util.ml", line 527, characters 20-56
Called from file "src/ocaml-output/bootlibs/FStar_All.ml", line 3, characters 21-24
Called from file "src/ocaml-output/FStar_Extraction_ML_Term.ml", line 1320, characters 23-42
Called from file "src/ocaml-output/FStar_Extraction_ML_Term.ml", line 1371, characters 27-46
Called from file "src/ocaml-output/FStar_Extraction_ML_Term.ml", line 1353, characters 27-57
Called from file "src/ocaml-output/FStar_Extraction_ML_Term.ml", line 1992, characters 28-59
Called from file "src/ocaml-output/FStar_Extraction_ML_Term.ml", line 1320, characters 23-42
Called from file "src/ocaml-output/FStar_Extraction_ML_Term.ml", line 1568, characters 38-62
Called from file "src/ocaml-output/FStar_Extraction_ML_Term.ml", line 1320, characters 23-42
Called from file "src/ocaml-output/FStar_Extraction_ML_Term.ml", line 1802, characters 44-63
Called from file "src/ocaml-output/FStar_Extraction_ML_Term.ml", line 1320, characters 23-42
Called from file "src/ocaml-output/FStar_Extraction_ML_Term.ml", line 2368, characters 38-65
Called from file "src/ocaml-output/FStar_Extraction_ML_Term.ml", line 1320, characters 23-42
Called from file "src/ocaml-output/FStar_Extraction_ML_Term.ml", line 1568, characters 38-62
Called from file "src/ocaml-output/FStar_Extraction_ML_Term.ml", line 1320, characters 23-42
Called from file "src/ocaml-output/FStar_Extraction_ML_Term.ml", line 1371, characters 27-46
Called from file "src/ocaml-output/FStar_Extraction_ML_Term.ml", line 1353, characters 27-57
Called from file "src/ocaml-output/FStar_Extraction_ML_Term.ml", line 2324, characters 24-64
Called from file "src/batList.mlv", line 171, characters 23-28
Called from file "src/ocaml-output/bootlibs/FStar_All.ml", line 3, characters 21-24
Called from file "src/ocaml-output/FStar_Extraction_ML_Term.ml", line 1320, characters 23-42
Called from file "src/ocaml-output/FStar_Extraction_ML_Modul.ml", line 518, characters 28-74
Called from file "src/basic/ml/FStar_Util.ml", line 526, characters 19-28
Called from file "list.ml", line 84, characters 24-34
Called from file "src/basic/ml/FStar_Util.ml", line 527, characters 20-56
Called from file "src/ocaml-output/FStar_Extraction_ML_Modul.ml", line 838, characters 9-89
Called from file "src/basic/ml/FStar_Util.ml", line 526, characters 19-28
Called from file "list.ml", line 84, characters 24-34
Called from file "src/basic/ml/FStar_Util.ml", line 527, characters 20-56
Called from file "src/ocaml-output/FStar_Main.ml", line 92, characters 14-99
Called from file "src/ocaml-output/FStar_Main.ml", line 233, characters 31-48
Called from file "src/ocaml-output/FStar_Main.ml", line 239, characters 6-11

make[3]: *** [Makefile:204: u_extract_tactics] Error 1
Unexpected error
Failure("Impossible: ill-typed application:\n\thead=Prims.l__Mkdtuple2, arg=a, tag=Tm_name: a\n\texpected type unit, got Obj.t")
Raised at file "pervasives.ml", line 30, characters 22-33
Called from file "src/ocaml-output/FStar_Extraction_ML_Term.ml", line 1320, characters 23-42
Called from file "src/ocaml-output/FStar_Extraction_ML_Term.ml", line 1802, characters 44-63
Called from file "src/ocaml-output/FStar_Extraction_ML_Term.ml", line 1320, characters 23-42
Called from file "src/ocaml-output/FStar_Extraction_ML_Term.ml", line 2496, characters 52-132
Called from file "src/basic/ml/FStar_Util.ml", line 526, characters 19-28
Called from file "list.ml", line 84, characters 24-34
Called from file "src/basic/ml/FStar_Util.ml", line 527, characters 20-56
Called from file "src/ocaml-output/bootlibs/FStar_All.ml", line 3, characters 21-24
Called from file "src/ocaml-output/FStar_Extraction_ML_Term.ml", line 1320, characters 23-42
Called from file "src/ocaml-output/FStar_Extraction_ML_Term.ml", line 1371, characters 27-46
Called from file "src/ocaml-output/FStar_Extraction_ML_Term.ml", line 1353, characters 27-57
Called from file "src/ocaml-output/FStar_Extraction_ML_Term.ml", line 1992, characters 28-59
Called from file "src/ocaml-output/FStar_Extraction_ML_Term.ml", line 1320, characters 23-42
Called from file "src/ocaml-output/FStar_Extraction_ML_Term.ml", line 1568, characters 38-62
Called from file "src/ocaml-output/FStar_Extraction_ML_Term.ml", line 1320, characters 23-42
Called from file "src/ocaml-output/FStar_Extraction_ML_Term.ml", line 1802, characters 44-63
Called from file "src/ocaml-output/FStar_Extraction_ML_Term.ml", line 1320, characters 23-42
Called from file "src/ocaml-output/FStar_Extraction_ML_Term.ml", line 2368, characters 38-65
Called from file "src/ocaml-output/FStar_Extraction_ML_Term.ml", line 1320, characters 23-42
Called from file "src/ocaml-output/FStar_Extraction_ML_Term.ml", line 1568, characters 38-62
Called from file "src/ocaml-output/FStar_Extraction_ML_Term.ml", line 1320, characters 23-42
Called from file "src/ocaml-output/FStar_Extraction_ML_Term.ml", line 1371, characters 27-46
Called from file "src/ocaml-output/FStar_Extraction_ML_Term.ml", line 1353, characters 27-57
Called from file "src/ocaml-output/FStar_Extraction_ML_Term.ml", line 2324, characters 24-64
Called from file "src/batList.mlv", line 171, characters 23-28
Called from file "src/ocaml-output/bootlibs/FStar_All.ml", line 3, characters 21-24
Called from file "src/ocaml-output/FStar_Extraction_ML_Term.ml", line 1320, characters 23-42
Called from file "src/ocaml-output/FStar_Extraction_ML_Modul.ml", line 518, characters 28-74
Called from file "src/basic/ml/FStar_Util.ml", line 526, characters 19-28
Called from file "list.ml", line 84, characters 24-34
Called from file "src/basic/ml/FStar_Util.ml", line 527, characters 20-56
Called from file "src/ocaml-output/FStar_Extraction_ML_Modul.ml", line 838, characters 9-89
Called from file "src/basic/ml/FStar_Util.ml", line 526, characters 19-28
Called from file "list.ml", line 84, characters 24-34
Called from file "src/basic/ml/FStar_Util.ml", line 527, characters 20-56
Called from file "src/ocaml-output/FStar_Main.ml", line 92, characters 14-99
Called from file "src/ocaml-output/FStar_Main.ml", line 233, characters 31-48
Called from file "src/ocaml-output/FStar_Main.ml", line 239, characters 6-11

make[3]: *** [Makefile:187: u_extract_tcinductive] Error 1
Unexpected error
Failure("Impossible: ill-typed application:\n\thead=Prims.l__Mkdtuple2, arg=a, tag=Tm_name: a\n\texpected type unit, got Obj.t")
Raised at file "pervasives.ml", line 30, characters 22-33
Called from file "src/ocaml-output/FStar_Extraction_ML_Term.ml", line 1320, characters 23-42
Called from file "src/ocaml-output/FStar_Extraction_ML_Term.ml", line 1802, characters 44-63
Called from file "src/ocaml-output/FStar_Extraction_ML_Term.ml", line 1320, characters 23-42
Called from file "src/ocaml-output/FStar_Extraction_ML_Term.ml", line 2496, characters 52-132
Called from file "src/basic/ml/FStar_Util.ml", line 526, characters 19-28
Called from file "list.ml", line 84, characters 24-34
Called from file "src/basic/ml/FStar_Util.ml", line 527, characters 20-56
Called from file "src/ocaml-output/bootlibs/FStar_All.ml", line 3, characters 21-24
Called from file "src/ocaml-output/FStar_Extraction_ML_Term.ml", line 1320, characters 23-42
Called from file "src/ocaml-output/FStar_Extraction_ML_Term.ml", line 1371, characters 27-46
Called from file "src/ocaml-output/FStar_Extraction_ML_Term.ml", line 1353, characters 27-57
Called from file "src/ocaml-output/FStar_Extraction_ML_Term.ml", line 1992, characters 28-59
Called from file "src/ocaml-output/FStar_Extraction_ML_Term.ml", line 1320, characters 23-42
Called from file "src/ocaml-output/FStar_Extraction_ML_Term.ml", line 1568, characters 38-62
Called from file "src/ocaml-output/FStar_Extraction_ML_Term.ml", line 1320, characters 23-42
Called from file "src/ocaml-output/FStar_Extraction_ML_Term.ml", line 1802, characters 44-63
Called from file "src/ocaml-output/FStar_Extraction_ML_Term.ml", line 1320, characters 23-42
Called from file "src/ocaml-output/FStar_Extraction_ML_Term.ml", line 2368, characters 38-65
Called from file "src/ocaml-output/FStar_Extraction_ML_Term.ml", line 1320, characters 23-42
Called from file "src/ocaml-output/FStar_Extraction_ML_Term.ml", line 1568, characters 38-62
Called from file "src/ocaml-output/FStar_Extraction_ML_Term.ml", line 1320, characters 23-42
Called from file "src/ocaml-output/FStar_Extraction_ML_Term.ml", line 1371, characters 27-46
Called from file "src/ocaml-output/FStar_Extraction_ML_Term.ml", line 1353, characters 27-57
Called from file "src/ocaml-output/FStar_Extraction_ML_Term.ml", line 2324, characters 24-64
Called from file "src/batList.mlv", line 171, characters 23-28
Called from file "src/ocaml-output/bootlibs/FStar_All.ml", line 3, characters 21-24
Called from file "src/ocaml-output/FStar_Extraction_ML_Term.ml", line 1320, characters 23-42
Called from file "src/ocaml-output/FStar_Extraction_ML_Modul.ml", line 518, characters 28-74
Called from file "src/basic/ml/FStar_Util.ml", line 526, characters 19-28
Called from file "list.ml", line 84, characters 24-34
Called from file "src/basic/ml/FStar_Util.ml", line 527, characters 20-56
Called from file "src/ocaml-output/FStar_Extraction_ML_Modul.ml", line 838, characters 9-89
Called from file "src/basic/ml/FStar_Util.ml", line 526, characters 19-28
Called from file "list.ml", line 84, characters 24-34
Called from file "src/basic/ml/FStar_Util.ml", line 527, characters 20-56
Called from file "src/ocaml-output/FStar_Main.ml", line 92, characters 14-99
Called from file "src/ocaml-output/FStar_Main.ml", line 233, characters 31-48
Called from file "src/ocaml-output/FStar_Main.ml", line 239, characters 6-11

make[3]: *** [Makefile:166: u_extract_syntax] Error 1
Unexpected error
Failure("Impossible: ill-typed application:\n\thead=Prims.l__Mkdtuple2, arg=a, tag=Tm_name: a\n\texpected type unit, got Obj.t")
Raised at file "pervasives.ml", line 30, characters 22-33
Called from file "src/ocaml-output/FStar_Extraction_ML_Term.ml", line 1320, characters 23-42
Called from file "src/ocaml-output/FStar_Extraction_ML_Term.ml", line 1802, characters 44-63
Called from file "src/ocaml-output/FStar_Extraction_ML_Term.ml", line 1320, characters 23-42
Called from file "src/ocaml-output/FStar_Extraction_ML_Term.ml", line 2496, characters 52-132
Called from file "src/basic/ml/FStar_Util.ml", line 526, characters 19-28
Called from file "list.ml", line 84, characters 24-34
Called from file "src/basic/ml/FStar_Util.ml", line 527, characters 20-56
Called from file "src/ocaml-output/bootlibs/FStar_All.ml", line 3, characters 21-24
Called from file "src/ocaml-output/FStar_Extraction_ML_Term.ml", line 1320, characters 23-42
Called from file "src/ocaml-output/FStar_Extraction_ML_Term.ml", line 1371, characters 27-46
Called from file "src/ocaml-output/FStar_Extraction_ML_Term.ml", line 1353, characters 27-57
Called from file "src/ocaml-output/FStar_Extraction_ML_Term.ml", line 1992, characters 28-59
Called from file "src/ocaml-output/FStar_Extraction_ML_Term.ml", line 1320, characters 23-42
Called from file "src/ocaml-output/FStar_Extraction_ML_Term.ml", line 1568, characters 38-62
Called from file "src/ocaml-output/FStar_Extraction_ML_Term.ml", line 1320, characters 23-42
Called from file "src/ocaml-output/FStar_Extraction_ML_Term.ml", line 1802, characters 44-63
Called from file "src/ocaml-output/FStar_Extraction_ML_Term.ml", line 1320, characters 23-42
Called from file "src/ocaml-output/FStar_Extraction_ML_Term.ml", line 2368, characters 38-65
Called from file "src/ocaml-output/FStar_Extraction_ML_Term.ml", line 1320, characters 23-42
Called from file "src/ocaml-output/FStar_Extraction_ML_Term.ml", line 1568, characters 38-62
Called from file "src/ocaml-output/FStar_Extraction_ML_Term.ml", line 1320, characters 23-42
Called from file "src/ocaml-output/FStar_Extraction_ML_Term.ml", line 1371, characters 27-46
Called from file "src/ocaml-output/FStar_Extraction_ML_Term.ml", line 1353, characters 27-57
Called from file "src/ocaml-output/FStar_Extraction_ML_Term.ml", line 2324, characters 24-64
Called from file "src/batList.mlv", line 171, characters 23-28
Called from file "src/ocaml-output/bootlibs/FStar_All.ml", line 3, characters 21-24
Called from file "src/ocaml-output/FStar_Extraction_ML_Term.ml", line 1320, characters 23-42
Called from file "src/ocaml-output/FStar_Extraction_ML_Modul.ml", line 518, characters 28-74
Called from file "src/basic/ml/FStar_Util.ml", line 526, characters 19-28
Called from file "list.ml", line 84, characters 24-34
Called from file "src/basic/ml/FStar_Util.ml", line 527, characters 20-56
Called from file "src/ocaml-output/FStar_Extraction_ML_Modul.ml", line 838, characters 9-89
Called from file "src/basic/ml/FStar_Util.ml", line 526, characters 19-28
Called from file "list.ml", line 84, characters 24-34
Called from file "src/basic/ml/FStar_Util.ml", line 527, characters 20-56
Called from file "src/ocaml-output/FStar_Main.ml", line 92, characters 14-99
Called from file "src/ocaml-output/FStar_Main.ml", line 233, characters 31-48
Called from file "src/ocaml-output/FStar_Main.ml", line 239, characters 6-11

make[3]: *** [Makefile:207: u_extract_smtencoding_base] Error 1
Unexpected error
Failure("Impossible: ill-typed application:\n\thead=Prims.l__Mkdtuple2, arg=a, tag=Tm_name: a\n\texpected type unit, got Obj.t")
Raised at file "pervasives.ml", line 30, characters 22-33
Called from file "src/ocaml-output/FStar_Extraction_ML_Term.ml", line 1320, characters 23-42
Called from file "src/ocaml-output/FStar_Extraction_ML_Term.ml", line 1802, characters 44-63
Called from file "src/ocaml-output/FStar_Extraction_ML_Term.ml", line 1320, characters 23-42
Called from file "src/ocaml-output/FStar_Extraction_ML_Term.ml", line 2496, characters 52-132
Called from file "src/basic/ml/FStar_Util.ml", line 526, characters 19-28
Called from file "list.ml", line 84, characters 24-34
Called from file "src/basic/ml/FStar_Util.ml", line 527, characters 20-56
Called from file "src/ocaml-output/bootlibs/FStar_All.ml", line 3, characters 21-24
Called from file "src/ocaml-output/FStar_Extraction_ML_Term.ml", line 1320, characters 23-42
Called from file "src/ocaml-output/FStar_Extraction_ML_Term.ml", line 1371, characters 27-46
Called from file "src/ocaml-output/FStar_Extraction_ML_Term.ml", line 1353, characters 27-57
Called from file "src/ocaml-output/FStar_Extraction_ML_Term.ml", line 1992, characters 28-59
Called from file "src/ocaml-output/FStar_Extraction_ML_Term.ml", line 1320, characters 23-42
Called from file "src/ocaml-output/FStar_Extraction_ML_Term.ml", line 1568, characters 38-62
Called from file "src/ocaml-output/FStar_Extraction_ML_Term.ml", line 1320, characters 23-42
Called from file "src/ocaml-output/FStar_Extraction_ML_Term.ml", line 1802, characters 44-63
Called from file "src/ocaml-output/FStar_Extraction_ML_Term.ml", line 1320, characters 23-42
Called from file "src/ocaml-output/FStar_Extraction_ML_Term.ml", line 2368, characters 38-65
Called from file "src/ocaml-output/FStar_Extraction_ML_Term.ml", line 1320, characters 23-42
Called from file "src/ocaml-output/FStar_Extraction_ML_Term.ml", line 1568, characters 38-62
Called from file "src/ocaml-output/FStar_Extraction_ML_Term.ml", line 1320, characters 23-42
Called from file "src/ocaml-output/FStar_Extraction_ML_Term.ml", line 1371, characters 27-46
Called from file "src/ocaml-output/FStar_Extraction_ML_Term.ml", line 1353, characters 27-57
Called from file "src/ocaml-output/FStar_Extraction_ML_Term.ml", line 2324, characters 24-64
Called from file "src/batList.mlv", line 171, characters 23-28
Called from file "src/ocaml-output/bootlibs/FStar_All.ml", line 3, characters 21-24
Called from file "src/ocaml-output/FStar_Extraction_ML_Term.ml", line 1320, characters 23-42
Called from file "src/ocaml-output/FStar_Extraction_ML_Modul.ml", line 518, characters 28-74
Called from file "src/basic/ml/FStar_Util.ml", line 526, characters 19-28
Called from file "list.ml", line 84, characters 24-34
Called from file "src/basic/ml/FStar_Util.ml", line 527, characters 20-56
Called from file "src/ocaml-output/FStar_Extraction_ML_Modul.ml", line 838, characters 9-89
Called from file "src/basic/ml/FStar_Util.ml", line 526, characters 19-28
Called from file "list.ml", line 84, characters 24-34
Called from file "src/basic/ml/FStar_Util.ml", line 527, characters 20-56
Called from file "src/ocaml-output/FStar_Main.ml", line 92, characters 14-99
Called from file "src/ocaml-output/FStar_Main.ml", line 233, characters 31-48
Called from file "src/ocaml-output/FStar_Main.ml", line 239, characters 6-11

make[3]: *** [Makefile:169: u_extract_parser] Error 1
Unexpected error
Failure("Impossible: ill-typed application:\n\thead=Prims.l__Mkdtuple2, arg=a, tag=Tm_name: a\n\texpected type unit, got Obj.t")
Raised at file "pervasives.ml", line 30, characters 22-33
Called from file "src/ocaml-output/FStar_Extraction_ML_Term.ml", line 1320, characters 23-42
Called from file "src/ocaml-output/FStar_Extraction_ML_Term.ml", line 1802, characters 44-63
Called from file "src/ocaml-output/FStar_Extraction_ML_Term.ml", line 1320, characters 23-42
Called from file "src/ocaml-output/FStar_Extraction_ML_Term.ml", line 2496, characters 52-132
Called from file "src/basic/ml/FStar_Util.ml", line 526, characters 19-28
Called from file "list.ml", line 84, characters 24-34
Called from file "src/basic/ml/FStar_Util.ml", line 527, characters 20-56
Called from file "src/ocaml-output/bootlibs/FStar_All.ml", line 3, characters 21-24
Called from file "src/ocaml-output/FStar_Extraction_ML_Term.ml", line 1320, characters 23-42
Called from file "src/ocaml-output/FStar_Extraction_ML_Term.ml", line 1371, characters 27-46
Called from file "src/ocaml-output/FStar_Extraction_ML_Term.ml", line 1353, characters 27-57
Called from file "src/ocaml-output/FStar_Extraction_ML_Term.ml", line 1992, characters 28-59
Called from file "src/ocaml-output/FStar_Extraction_ML_Term.ml", line 1320, characters 23-42
Called from file "src/ocaml-output/FStar_Extraction_ML_Term.ml", line 1568, characters 38-62
Called from file "src/ocaml-output/FStar_Extraction_ML_Term.ml", line 1320, characters 23-42
Called from file "src/ocaml-output/FStar_Extraction_ML_Term.ml", line 1802, characters 44-63
Called from file "src/ocaml-output/FStar_Extraction_ML_Term.ml", line 1320, characters 23-42
Called from file "src/ocaml-output/FStar_Extraction_ML_Term.ml", line 2368, characters 38-65
Called from file "src/ocaml-output/FStar_Extraction_ML_Term.ml", line 1320, characters 23-42
Called from file "src/ocaml-output/FStar_Extraction_ML_Term.ml", line 1568, characters 38-62
Called from file "src/ocaml-output/FStar_Extraction_ML_Term.ml", line 1320, characters 23-42
Called from file "src/ocaml-output/FStar_Extraction_ML_Term.ml", line 1371, characters 27-46
Called from file "src/ocaml-output/FStar_Extraction_ML_Term.ml", line 1353, characters 27-57
Called from file "src/ocaml-output/FStar_Extraction_ML_Term.ml", line 2324, characters 24-64
Called from file "src/batList.mlv", line 171, characters 23-28
Called from file "src/ocaml-output/bootlibs/FStar_All.ml", line 3, characters 21-24
Called from file "src/ocaml-output/FStar_Extraction_ML_Term.ml", line 1320, characters 23-42
Called from file "src/ocaml-output/FStar_Extraction_ML_Modul.ml", line 518, characters 28-74
Called from file "src/basic/ml/FStar_Util.ml", line 526, characters 19-28
Called from file "list.ml", line 84, characters 24-34
Called from file "src/basic/ml/FStar_Util.ml", line 527, characters 20-56
Called from file "src/ocaml-output/FStar_Extraction_ML_Modul.ml", line 838, characters 9-89
Called from file "src/basic/ml/FStar_Util.ml", line 526, characters 19-28
Called from file "list.ml", line 84, characters 24-34
Called from file "src/basic/ml/FStar_Util.ml", line 527, characters 20-56
Called from file "src/ocaml-output/FStar_Main.ml", line 92, characters 14-99
Called from file "src/ocaml-output/FStar_Main.ml", line 233, characters 31-48
Called from file "src/ocaml-output/FStar_Main.ml", line 239, characters 6-11

make[3]: *** [Makefile:178: u_extract_util] Error 1
Unexpected error
Failure("Impossible: ill-typed application:\n\thead=Prims.l__Mkdtuple2, arg=a, tag=Tm_name: a\n\texpected type unit, got Obj.t")
Raised at file "pervasives.ml", line 30, characters 22-33
Called from file "src/ocaml-output/FStar_Extraction_ML_Term.ml", line 1320, characters 23-42
Called from file "src/ocaml-output/FStar_Extraction_ML_Term.ml", line 1802, characters 44-63
Called from file "src/ocaml-output/FStar_Extraction_ML_Term.ml", line 1320, characters 23-42
Called from file "src/ocaml-output/FStar_Extraction_ML_Term.ml", line 2496, characters 52-132
Called from file "src/basic/ml/FStar_Util.ml", line 526, characters 19-28
Called from file "list.ml", line 84, characters 24-34
Called from file "src/basic/ml/FStar_Util.ml", line 527, characters 20-56
Called from file "src/ocaml-output/bootlibs/FStar_All.ml", line 3, characters 21-24
Called from file "src/ocaml-output/FStar_Extraction_ML_Term.ml", line 1320, characters 23-42
Called from file "src/ocaml-output/FStar_Extraction_ML_Term.ml", line 1371, characters 27-46
Called from file "src/ocaml-output/FStar_Extraction_ML_Term.ml", line 1353, characters 27-57
Called from file "src/ocaml-output/FStar_Extraction_ML_Term.ml", line 1992, characters 28-59
Called from file "src/ocaml-output/FStar_Extraction_ML_Term.ml", line 1320, characters 23-42
Called from file "src/ocaml-output/FStar_Extraction_ML_Term.ml", line 1568, characters 38-62
Called from file "src/ocaml-output/FStar_Extraction_ML_Term.ml", line 1320, characters 23-42
Called from file "src/ocaml-output/FStar_Extraction_ML_Term.ml", line 1802, characters 44-63
Called from file "src/ocaml-output/FStar_Extraction_ML_Term.ml", line 1320, characters 23-42
Called from file "src/ocaml-output/FStar_Extraction_ML_Term.ml", line 2368, characters 38-65
Called from file "src/ocaml-output/FStar_Extraction_ML_Term.ml", line 1320, characters 23-42
Called from file "src/ocaml-output/FStar_Extraction_ML_Term.ml", line 1568, characters 38-62
Called from file "src/ocaml-output/FStar_Extraction_ML_Term.ml", line 1320, characters 23-42
Called from file "src/ocaml-output/FStar_Extraction_ML_Term.ml", line 1371, characters 27-46
Called from file "src/ocaml-output/FStar_Extraction_ML_Term.ml", line 1353, characters 27-57
Called from file "src/ocaml-output/FStar_Extraction_ML_Term.ml", line 2324, characters 24-64
Called from file "src/batList.mlv", line 171, characters 23-28
Called from file "src/ocaml-output/bootlibs/FStar_All.ml", line 3, characters 21-24
Called from file "src/ocaml-output/FStar_Extraction_ML_Term.ml", line 1320, characters 23-42
Called from file "src/ocaml-output/FStar_Extraction_ML_Modul.ml", line 518, characters 28-74
Called from file "src/basic/ml/FStar_Util.ml", line 526, characters 19-28
Called from file "list.ml", line 84, characters 24-34
Called from file "src/basic/ml/FStar_Util.ml", line 527, characters 20-56
Called from file "src/ocaml-output/FStar_Extraction_ML_Modul.ml", line 838, characters 9-89
Called from file "src/basic/ml/FStar_Util.ml", line 526, characters 19-28
Called from file "list.ml", line 84, characters 24-34
Called from file "src/basic/ml/FStar_Util.ml", line 527, characters 20-56
Called from file "src/ocaml-output/FStar_Main.ml", line 92, characters 14-99
Called from file "src/ocaml-output/FStar_Main.ml", line 233, characters 31-48
Called from file "src/ocaml-output/FStar_Main.ml", line 239, characters 6-11

make[3]: *** [Makefile:172: u_extract_normalizer] Error 1
Unexpected error
Failure("Impossible: ill-typed application:\n\thead=Prims.l__Mkdtuple2, arg=a, tag=Tm_name: a\n\texpected type unit, got Obj.t")
Raised at file "pervasives.ml", line 30, characters 22-33
Called from file "src/ocaml-output/FStar_Extraction_ML_Term.ml", line 1320, characters 23-42
Called from file "src/ocaml-output/FStar_Extraction_ML_Term.ml", line 1802, characters 44-63
Called from file "src/ocaml-output/FStar_Extraction_ML_Term.ml", line 1320, characters 23-42
Called from file "src/ocaml-output/FStar_Extraction_ML_Term.ml", line 2496, characters 52-132
Called from file "src/basic/ml/FStar_Util.ml", line 526, characters 19-28
Called from file "list.ml", line 84, characters 24-34
Called from file "src/basic/ml/FStar_Util.ml", line 527, characters 20-56
Called from file "src/ocaml-output/bootlibs/FStar_All.ml", line 3, characters 21-24
Called from file "src/ocaml-output/FStar_Extraction_ML_Term.ml", line 1320, characters 23-42
Called from file "src/ocaml-output/FStar_Extraction_ML_Term.ml", line 1371, characters 27-46
Called from file "src/ocaml-output/FStar_Extraction_ML_Term.ml", line 1353, characters 27-57
Called from file "src/ocaml-output/FStar_Extraction_ML_Term.ml", line 1992, characters 28-59
Called from file "src/ocaml-output/FStar_Extraction_ML_Term.ml", line 1320, characters 23-42
Called from file "src/ocaml-output/FStar_Extraction_ML_Term.ml", line 1568, characters 38-62
Called from file "src/ocaml-output/FStar_Extraction_ML_Term.ml", line 1320, characters 23-42
Called from file "src/ocaml-output/FStar_Extraction_ML_Term.ml", line 1802, characters 44-63
Called from file "src/ocaml-output/FStar_Extraction_ML_Term.ml", line 1320, characters 23-42
Called from file "src/ocaml-output/FStar_Extraction_ML_Term.ml", line 2368, characters 38-65
Called from file "src/ocaml-output/FStar_Extraction_ML_Term.ml", line 1320, characters 23-42
Called from file "src/ocaml-output/FStar_Extraction_ML_Term.ml", line 1568, characters 38-62
Called from file "src/ocaml-output/FStar_Extraction_ML_Term.ml", line 1320, characters 23-42
Called from file "src/ocaml-output/FStar_Extraction_ML_Term.ml", line 1371, characters 27-46
Called from file "src/ocaml-output/FStar_Extraction_ML_Term.ml", line 1353, characters 27-57
Called from file "src/ocaml-output/FStar_Extraction_ML_Term.ml", line 2324, characters 24-64
Called from file "src/batList.mlv", line 171, characters 23-28
Called from file "src/ocaml-output/bootlibs/FStar_All.ml", line 3, characters 21-24
Called from file "src/ocaml-output/FStar_Extraction_ML_Term.ml", line 1320, characters 23-42
Called from file "src/ocaml-output/FStar_Extraction_ML_Modul.ml", line 518, characters 28-74
Called from file "src/basic/ml/FStar_Util.ml", line 526, characters 19-28
Called from file "list.ml", line 84, characters 24-34
Called from file "src/basic/ml/FStar_Util.ml", line 527, characters 20-56
Called from file "src/ocaml-output/FStar_Extraction_ML_Modul.ml", line 838, characters 9-89
Called from file "src/basic/ml/FStar_Util.ml", line 526, characters 19-28
Called from file "list.ml", line 84, characters 24-34
Called from file "src/basic/ml/FStar_Util.ml", line 527, characters 20-56
Called from file "src/ocaml-output/FStar_Main.ml", line 92, characters 14-99
Called from file "src/ocaml-output/FStar_Main.ml", line 233, characters 31-48
Called from file "src/ocaml-output/FStar_Main.ml", line 239, characters 6-11

make[3]: *** [Makefile:181: u_extract_dmff] Error 1
Unexpected error
Failure("Impossible: ill-typed application:\n\thead=Prims.l__Mkdtuple2, arg=a, tag=Tm_name: a\n\texpected type unit, got Obj.t")
Raised at file "pervasives.ml", line 30, characters 22-33
Called from file "src/ocaml-output/FStar_Extraction_ML_Term.ml", line 1320, characters 23-42
Called from file "src/ocaml-output/FStar_Extraction_ML_Term.ml", line 1802, characters 44-63
Called from file "src/ocaml-output/FStar_Extraction_ML_Term.ml", line 1320, characters 23-42
Called from file "src/ocaml-output/FStar_Extraction_ML_Term.ml", line 2496, characters 52-132
Called from file "src/basic/ml/FStar_Util.ml", line 526, characters 19-28
Called from file "list.ml", line 84, characters 24-34
Called from file "src/basic/ml/FStar_Util.ml", line 527, characters 20-56
Called from file "src/ocaml-output/bootlibs/FStar_All.ml", line 3, characters 21-24
Called from file "src/ocaml-output/FStar_Extraction_ML_Term.ml", line 1320, characters 23-42
Called from file "src/ocaml-output/FStar_Extraction_ML_Term.ml", line 1371, characters 27-46
Called from file "src/ocaml-output/FStar_Extraction_ML_Term.ml", line 1353, characters 27-57
Called from file "src/ocaml-output/FStar_Extraction_ML_Term.ml", line 1992, characters 28-59
Called from file "src/ocaml-output/FStar_Extraction_ML_Term.ml", line 1320, characters 23-42
Called from file "src/ocaml-output/FStar_Extraction_ML_Term.ml", line 1568, characters 38-62
Called from file "src/ocaml-output/FStar_Extraction_ML_Term.ml", line 1320, characters 23-42
Called from file "src/ocaml-output/FStar_Extraction_ML_Term.ml", line 1802, characters 44-63
Called from file "src/ocaml-output/FStar_Extraction_ML_Term.ml", line 1320, characters 23-42
Called from file "src/ocaml-output/FStar_Extraction_ML_Term.ml", line 2368, characters 38-65
Called from file "src/ocaml-output/FStar_Extraction_ML_Term.ml", line 1320, characters 23-42
Called from file "src/ocaml-output/FStar_Extraction_ML_Term.ml", line 1568, characters 38-62
Called from file "src/ocaml-output/FStar_Extraction_ML_Term.ml", line 1320, characters 23-42
Called from file "src/ocaml-output/FStar_Extraction_ML_Term.ml", line 1371, characters 27-46
Called from file "src/ocaml-output/FStar_Extraction_ML_Term.ml", line 1353, characters 27-57
Called from file "src/ocaml-output/FStar_Extraction_ML_Term.ml", line 2324, characters 24-64
Called from file "src/batList.mlv", line 171, characters 23-28
Called from file "src/ocaml-output/bootlibs/FStar_All.ml", line 3, characters 21-24
Called from file "src/ocaml-output/FStar_Extraction_ML_Term.ml", line 1320, characters 23-42
Called from file "src/ocaml-output/FStar_Extraction_ML_Modul.ml", line 518, characters 28-74
Called from file "src/basic/ml/FStar_Util.ml", line 526, characters 19-28
Called from file "list.ml", line 84, characters 24-34
Called from file "src/basic/ml/FStar_Util.ml", line 527, characters 20-56
Called from file "src/ocaml-output/FStar_Extraction_ML_Modul.ml", line 838, characters 9-89
Called from file "src/basic/ml/FStar_Util.ml", line 526, characters 19-28
Called from file "list.ml", line 84, characters 24-34
Called from file "src/basic/ml/FStar_Util.ml", line 527, characters 20-56
Called from file "src/ocaml-output/FStar_Main.ml", line 92, characters 14-99
Called from file "src/ocaml-output/FStar_Main.ml", line 233, characters 31-48
Called from file "src/ocaml-output/FStar_Main.ml", line 239, characters 6-11

make[3]: *** [Makefile:198: u_extract_extraction] Error 1
Unexpected error
Failure("Impossible: ill-typed application:\n\thead=Prims.l__Mkdtuple2, arg=a, tag=Tm_name: a\n\texpected type unit, got Obj.t")
Raised at file "pervasives.ml", line 30, characters 22-33
Called from file "src/ocaml-output/FStar_Extraction_ML_Term.ml", line 1320, characters 23-42
Called from file "src/ocaml-output/FStar_Extraction_ML_Term.ml", line 1802, characters 44-63
Called from file "src/ocaml-output/FStar_Extraction_ML_Term.ml", line 1320, characters 23-42
Called from file "src/ocaml-output/FStar_Extraction_ML_Term.ml", line 2496, characters 52-132
Called from file "src/basic/ml/FStar_Util.ml", line 526, characters 19-28
Called from file "list.ml", line 84, characters 24-34
Called from file "src/basic/ml/FStar_Util.ml", line 527, characters 20-56
Called from file "src/ocaml-output/bootlibs/FStar_All.ml", line 3, characters 21-24
Called from file "src/ocaml-output/FStar_Extraction_ML_Term.ml", line 1320, characters 23-42
Called from file "src/ocaml-output/FStar_Extraction_ML_Term.ml", line 1371, characters 27-46
Called from file "src/ocaml-output/FStar_Extraction_ML_Term.ml", line 1353, characters 27-57
Called from file "src/ocaml-output/FStar_Extraction_ML_Term.ml", line 1992, characters 28-59
Called from file "src/ocaml-output/FStar_Extraction_ML_Term.ml", line 1320, characters 23-42
Called from file "src/ocaml-output/FStar_Extraction_ML_Term.ml", line 1568, characters 38-62
Called from file "src/ocaml-output/FStar_Extraction_ML_Term.ml", line 1320, characters 23-42
Called from file "src/ocaml-output/FStar_Extraction_ML_Term.ml", line 1802, characters 44-63
Called from file "src/ocaml-output/FStar_Extraction_ML_Term.ml", line 1320, characters 23-42
Called from file "src/ocaml-output/FStar_Extraction_ML_Term.ml", line 2368, characters 38-65
Called from file "src/ocaml-output/FStar_Extraction_ML_Term.ml", line 1320, characters 23-42
Called from file "src/ocaml-output/FStar_Extraction_ML_Term.ml", line 1568, characters 38-62
Called from file "src/ocaml-output/FStar_Extraction_ML_Term.ml", line 1320, characters 23-42
Called from file "src/ocaml-output/FStar_Extraction_ML_Term.ml", line 1371, characters 27-46
Called from file "src/ocaml-output/FStar_Extraction_ML_Term.ml", line 1353, characters 27-57
Called from file "src/ocaml-output/FStar_Extraction_ML_Term.ml", line 2324, characters 24-64
Called from file "src/batList.mlv", line 171, characters 23-28
Called from file "src/ocaml-output/bootlibs/FStar_All.ml", line 3, characters 21-24
Called from file "src/ocaml-output/FStar_Extraction_ML_Term.ml", line 1320, characters 23-42
Called from file "src/ocaml-output/FStar_Extraction_ML_Modul.ml", line 518, characters 28-74
Called from file "src/basic/ml/FStar_Util.ml", line 526, characters 19-28
Called from file "list.ml", line 84, characters 24-34
Called from file "src/basic/ml/FStar_Util.ml", line 527, characters 20-56
Called from file "src/ocaml-output/FStar_Extraction_ML_Modul.ml", line 838, characters 9-89
Called from file "src/basic/ml/FStar_Util.ml", line 526, characters 19-28
Called from file "list.ml", line 84, characters 24-34
Called from file "src/basic/ml/FStar_Util.ml", line 527, characters 20-56
Called from file "src/ocaml-output/FStar_Main.ml", line 92, characters 14-99
Called from file "src/ocaml-output/FStar_Main.ml", line 233, characters 31-48
Called from file "src/ocaml-output/FStar_Main.ml", line 239, characters 6-11

make[3]: *** [Makefile:216: u_extract_solver] Error 1
Unexpected error
Failure("Impossible: ill-typed application:\n\thead=Prims.l__Mkdtuple2, arg=a, tag=Tm_name: a\n\texpected type unit, got Obj.t")
Raised at file "pervasives.ml", line 30, characters 22-33
Called from file "src/ocaml-output/FStar_Extraction_ML_Term.ml", line 1320, characters 23-42
Called from file "src/ocaml-output/FStar_Extraction_ML_Term.ml", line 1802, characters 44-63
Called from file "src/ocaml-output/FStar_Extraction_ML_Term.ml", line 1320, characters 23-42
Called from file "src/ocaml-output/FStar_Extraction_ML_Term.ml", line 2496, characters 52-132
Called from file "src/basic/ml/FStar_Util.ml", line 526, characters 19-28
Called from file "list.ml", line 84, characters 24-34
Called from file "src/basic/ml/FStar_Util.ml", line 527, characters 20-56
Called from file "src/ocaml-output/bootlibs/FStar_All.ml", line 3, characters 21-24
Called from file "src/ocaml-output/FStar_Extraction_ML_Term.ml", line 1320, characters 23-42
Called from file "src/ocaml-output/FStar_Extraction_ML_Term.ml", line 1371, characters 27-46
Called from file "src/ocaml-output/FStar_Extraction_ML_Term.ml", line 1353, characters 27-57
Called from file "src/ocaml-output/FStar_Extraction_ML_Term.ml", line 1992, characters 28-59
Called from file "src/ocaml-output/FStar_Extraction_ML_Term.ml", line 1320, characters 23-42
Called from file "src/ocaml-output/FStar_Extraction_ML_Term.ml", line 1568, characters 38-62
Called from file "src/ocaml-output/FStar_Extraction_ML_Term.ml", line 1320, characters 23-42
Called from file "src/ocaml-output/FStar_Extraction_ML_Term.ml", line 1802, characters 44-63
Called from file "src/ocaml-output/FStar_Extraction_ML_Term.ml", line 1320, characters 23-42
Called from file "src/ocaml-output/FStar_Extraction_ML_Term.ml", line 2368, characters 38-65
Called from file "src/ocaml-output/FStar_Extraction_ML_Term.ml", line 1320, characters 23-42
Called from file "src/ocaml-output/FStar_Extraction_ML_Term.ml", line 1568, characters 38-62
Called from file "src/ocaml-output/FStar_Extraction_ML_Term.ml", line 1320, characters 23-42
Called from file "src/ocaml-output/FStar_Extraction_ML_Term.ml", line 1371, characters 27-46
Called from file "src/ocaml-output/FStar_Extraction_ML_Term.ml", line 1353, characters 27-57
Called from file "src/ocaml-output/FStar_Extraction_ML_Term.ml", line 2324, characters 24-64
Called from file "src/batList.mlv", line 171, characters 23-28
Called from file "src/ocaml-output/bootlibs/FStar_All.ml", line 3, characters 21-24
Called from file "src/ocaml-output/FStar_Extraction_ML_Term.ml", line 1320, characters 23-42
Called from file "src/ocaml-output/FStar_Extraction_ML_Modul.ml", line 518, characters 28-74
Called from file "src/basic/ml/FStar_Util.ml", line 526, characters 19-28
Called from file "list.ml", line 84, characters 24-34
Called from file "src/basic/ml/FStar_Util.ml", line 527, characters 20-56
Called from file "src/ocaml-output/FStar_Extraction_ML_Modul.ml", line 838, characters 9-89
Called from file "src/basic/ml/FStar_Util.ml", line 526, characters 19-28
Called from file "list.ml", line 84, characters 24-34
Called from file "src/basic/ml/FStar_Util.ml", line 527, characters 20-56
Called from file "src/ocaml-output/FStar_Main.ml", line 92, characters 14-99
Called from file "src/ocaml-output/FStar_Main.ml", line 233, characters 31-48
Called from file "src/ocaml-output/FStar_Main.ml", line 239, characters 6-11

make[3]: *** [Makefile:221: u_extract_fstar] Error 1
Unexpected error
Failure("Impossible: ill-typed application:\n\thead=Prims.l__Mkdtuple2, arg=a, tag=Tm_name: a\n\texpected type unit, got Obj.t")
Raised at file "pervasives.ml", line 30, characters 22-33
Called from file "src/ocaml-output/FStar_Extraction_ML_Term.ml", line 1320, characters 23-42
Called from file "src/ocaml-output/FStar_Extraction_ML_Term.ml", line 1802, characters 44-63
Called from file "src/ocaml-output/FStar_Extraction_ML_Term.ml", line 1320, characters 23-42
Called from file "src/ocaml-output/FStar_Extraction_ML_Term.ml", line 2496, characters 52-132
Called from file "src/basic/ml/FStar_Util.ml", line 526, characters 19-28
Called from file "list.ml", line 84, characters 24-34
Called from file "src/basic/ml/FStar_Util.ml", line 527, characters 20-56
Called from file "src/ocaml-output/bootlibs/FStar_All.ml", line 3, characters 21-24
Called from file "src/ocaml-output/FStar_Extraction_ML_Term.ml", line 1320, characters 23-42
Called from file "src/ocaml-output/FStar_Extraction_ML_Term.ml", line 1371, characters 27-46
Called from file "src/ocaml-output/FStar_Extraction_ML_Term.ml", line 1353, characters 27-57
Called from file "src/ocaml-output/FStar_Extraction_ML_Term.ml", line 1992, characters 28-59
Called from file "src/ocaml-output/FStar_Extraction_ML_Term.ml", line 1320, characters 23-42
Called from file "src/ocaml-output/FStar_Extraction_ML_Term.ml", line 1568, characters 38-62
Called from file "src/ocaml-output/FStar_Extraction_ML_Term.ml", line 1320, characters 23-42
Called from file "src/ocaml-output/FStar_Extraction_ML_Term.ml", line 1802, characters 44-63
Called from file "src/ocaml-output/FStar_Extraction_ML_Term.ml", line 1320, characters 23-42
Called from file "src/ocaml-output/FStar_Extraction_ML_Term.ml", line 2368, characters 38-65
Called from file "src/ocaml-output/FStar_Extraction_ML_Term.ml", line 1320, characters 23-42
Called from file "src/ocaml-output/FStar_Extraction_ML_Term.ml", line 1568, characters 38-62
Called from file "src/ocaml-output/FStar_Extraction_ML_Term.ml", line 1320, characters 23-42
Called from file "src/ocaml-output/FStar_Extraction_ML_Term.ml", line 1371, characters 27-46
Called from file "src/ocaml-output/FStar_Extraction_ML_Term.ml", line 1353, characters 27-57
Called from file "src/ocaml-output/FStar_Extraction_ML_Term.ml", line 2324, characters 24-64
Called from file "src/batList.mlv", line 171, characters 23-28
Called from file "src/ocaml-output/bootlibs/FStar_All.ml", line 3, characters 21-24
Called from file "src/ocaml-output/FStar_Extraction_ML_Term.ml", line 1320, characters 23-42
Called from file "src/ocaml-output/FStar_Extraction_ML_Modul.ml", line 518, characters 28-74
Called from file "src/basic/ml/FStar_Util.ml", line 526, characters 19-28
Called from file "list.ml", line 84, characters 24-34
Called from file "src/basic/ml/FStar_Util.ml", line 527, characters 20-56
Called from file "src/ocaml-output/FStar_Extraction_ML_Modul.ml", line 838, characters 9-89
Called from file "src/basic/ml/FStar_Util.ml", line 526, characters 19-28
Called from file "list.ml", line 84, characters 24-34
Called from file "src/basic/ml/FStar_Util.ml", line 527, characters 20-56
Called from file "src/ocaml-output/FStar_Main.ml", line 92, characters 14-99
Called from file "src/ocaml-output/FStar_Main.ml", line 233, characters 31-48
Called from file "src/ocaml-output/FStar_Main.ml", line 239, characters 6-11

make[3]: *** [Makefile:190: u_extract_tc] Error 1
Unexpected error
Failure("Impossible: ill-typed application:\n\thead=Prims.l__Mkdtuple2, arg=a, tag=Tm_name: a\n\texpected type unit, got Obj.t")
Raised at file "pervasives.ml", line 30, characters 22-33
Called from file "src/ocaml-output/FStar_Extraction_ML_Term.ml", line 1320, characters 23-42
Called from file "src/ocaml-output/FStar_Extraction_ML_Term.ml", line 1802, characters 44-63
Called from file "src/ocaml-output/FStar_Extraction_ML_Term.ml", line 1320, characters 23-42
Called from file "src/ocaml-output/FStar_Extraction_ML_Term.ml", line 2496, characters 52-132
Called from file "src/basic/ml/FStar_Util.ml", line 526, characters 19-28
Called from file "list.ml", line 84, characters 24-34
Called from file "src/basic/ml/FStar_Util.ml", line 527, characters 20-56
Called from file "src/ocaml-output/bootlibs/FStar_All.ml", line 3, characters 21-24
Called from file "src/ocaml-output/FStar_Extraction_ML_Term.ml", line 1320, characters 23-42
Called from file "src/ocaml-output/FStar_Extraction_ML_Term.ml", line 1371, characters 27-46
Called from file "src/ocaml-output/FStar_Extraction_ML_Term.ml", line 1353, characters 27-57
Called from file "src/ocaml-output/FStar_Extraction_ML_Term.ml", line 1992, characters 28-59
Called from file "src/ocaml-output/FStar_Extraction_ML_Term.ml", line 1320, characters 23-42
Called from file "src/ocaml-output/FStar_Extraction_ML_Term.ml", line 1568, characters 38-62
Called from file "src/ocaml-output/FStar_Extraction_ML_Term.ml", line 1320, characters 23-42
Called from file "src/ocaml-output/FStar_Extraction_ML_Term.ml", line 1802, characters 44-63
Called from file "src/ocaml-output/FStar_Extraction_ML_Term.ml", line 1320, characters 23-42
Called from file "src/ocaml-output/FStar_Extraction_ML_Term.ml", line 2368, characters 38-65
Called from file "src/ocaml-output/FStar_Extraction_ML_Term.ml", line 1320, characters 23-42
Called from file "src/ocaml-output/FStar_Extraction_ML_Term.ml", line 1568, characters 38-62
Called from file "src/ocaml-output/FStar_Extraction_ML_Term.ml", line 1320, characters 23-42
Called from file "src/ocaml-output/FStar_Extraction_ML_Term.ml", line 1371, characters 27-46
Called from file "src/ocaml-output/FStar_Extraction_ML_Term.ml", line 1353, characters 27-57
Called from file "src/ocaml-output/FStar_Extraction_ML_Term.ml", line 2324, characters 24-64
Called from file "src/batList.mlv", line 171, characters 23-28
Called from file "src/ocaml-output/bootlibs/FStar_All.ml", line 3, characters 21-24
Called from file "src/ocaml-output/FStar_Extraction_ML_Term.ml", line 1320, characters 23-42
Called from file "src/ocaml-output/FStar_Extraction_ML_Modul.ml", line 518, characters 28-74
Called from file "src/basic/ml/FStar_Util.ml", line 526, characters 19-28
Called from file "list.ml", line 84, characters 24-34
Called from file "src/basic/ml/FStar_Util.ml", line 527, characters 20-56
Called from file "src/ocaml-output/FStar_Extraction_ML_Modul.ml", line 838, characters 9-89
Called from file "src/basic/ml/FStar_Util.ml", line 526, characters 19-28
Called from file "list.ml", line 84, characters 24-34
Called from file "src/basic/ml/FStar_Util.ml", line 527, characters 20-56
Called from file "src/ocaml-output/FStar_Main.ml", line 92, characters 14-99
Called from file "src/ocaml-output/FStar_Main.ml", line 233, characters 31-48
Called from file "src/ocaml-output/FStar_Main.ml", line 239, characters 6-11

make[3]: *** [Makefile:195: u_extract_tosyntax] Error 1
Unexpected error
Failure("Impossible: ill-typed application:\n\thead=Prims.l__Mkdtuple2, arg=a, tag=Tm_name: a\n\texpected type unit, got Obj.t")
Raised at file "pervasives.ml", line 30, characters 22-33
Called from file "src/ocaml-output/FStar_Extraction_ML_Term.ml", line 1320, characters 23-42
Called from file "src/ocaml-output/FStar_Extraction_ML_Term.ml", line 1802, characters 44-63
Called from file "src/ocaml-output/FStar_Extraction_ML_Term.ml", line 1320, characters 23-42
Called from file "src/ocaml-output/FStar_Extraction_ML_Term.ml", line 2496, characters 52-132
Called from file "src/basic/ml/FStar_Util.ml", line 526, characters 19-28
Called from file "list.ml", line 84, characters 24-34
Called from file "src/basic/ml/FStar_Util.ml", line 527, characters 20-56
Called from file "src/ocaml-output/bootlibs/FStar_All.ml", line 3, characters 21-24
Called from file "src/ocaml-output/FStar_Extraction_ML_Term.ml", line 1320, characters 23-42
Called from file "src/ocaml-output/FStar_Extraction_ML_Term.ml", line 1371, characters 27-46
Called from file "src/ocaml-output/FStar_Extraction_ML_Term.ml", line 1353, characters 27-57
Called from file "src/ocaml-output/FStar_Extraction_ML_Term.ml", line 1992, characters 28-59
Called from file "src/ocaml-output/FStar_Extraction_ML_Term.ml", line 1320, characters 23-42
Called from file "src/ocaml-output/FStar_Extraction_ML_Term.ml", line 1568, characters 38-62
Called from file "src/ocaml-output/FStar_Extraction_ML_Term.ml", line 1320, characters 23-42
Called from file "src/ocaml-output/FStar_Extraction_ML_Term.ml", line 1802, characters 44-63
Called from file "src/ocaml-output/FStar_Extraction_ML_Term.ml", line 1320, characters 23-42
Called from file "src/ocaml-output/FStar_Extraction_ML_Term.ml", line 2368, characters 38-65
Called from file "src/ocaml-output/FStar_Extraction_ML_Term.ml", line 1320, characters 23-42
Called from file "src/ocaml-output/FStar_Extraction_ML_Term.ml", line 1568, characters 38-62
Called from file "src/ocaml-output/FStar_Extraction_ML_Term.ml", line 1320, characters 23-42
Called from file "src/ocaml-output/FStar_Extraction_ML_Term.ml", line 1371, characters 27-46
Called from file "src/ocaml-output/FStar_Extraction_ML_Term.ml", line 1353, characters 27-57
Called from file "src/ocaml-output/FStar_Extraction_ML_Term.ml", line 2324, characters 24-64
Called from file "src/batList.mlv", line 171, characters 23-28
Called from file "src/ocaml-output/bootlibs/FStar_All.ml", line 3, characters 21-24
Called from file "src/ocaml-output/FStar_Extraction_ML_Term.ml", line 1320, characters 23-42
Called from file "src/ocaml-output/FStar_Extraction_ML_Modul.ml", line 518, characters 28-74
Called from file "src/basic/ml/FStar_Util.ml", line 526, characters 19-28
Called from file "list.ml", line 84, characters 24-34
Called from file "src/basic/ml/FStar_Util.ml", line 527, characters 20-56
Called from file "src/ocaml-output/FStar_Extraction_ML_Modul.ml", line 838, characters 9-89
Called from file "src/basic/ml/FStar_Util.ml", line 526, characters 19-28
Called from file "list.ml", line 84, characters 24-34
Called from file "src/basic/ml/FStar_Util.ml", line 527, characters 20-56
Called from file "src/ocaml-output/FStar_Main.ml", line 92, characters 14-99
Called from file "src/ocaml-output/FStar_Main.ml", line 233, characters 31-48
Called from file "src/ocaml-output/FStar_Main.ml", line 239, characters 6-11

make[3]: *** [Makefile:184: u_extract_tcterm] Error 1
Unexpected error
Failure("Impossible: ill-typed application:\n\thead=Prims.l__Mkdtuple2, arg=a, tag=Tm_name: a\n\texpected type unit, got Obj.t")
Raised at file "pervasives.ml", line 30, characters 22-33
Called from file "src/ocaml-output/FStar_Extraction_ML_Term.ml", line 1320, characters 23-42
Called from file "src/ocaml-output/FStar_Extraction_ML_Term.ml", line 1802, characters 44-63
Called from file "src/ocaml-output/FStar_Extraction_ML_Term.ml", line 1320, characters 23-42
Called from file "src/ocaml-output/FStar_Extraction_ML_Term.ml", line 2496, characters 52-132
Called from file "src/basic/ml/FStar_Util.ml", line 526, characters 19-28
Called from file "list.ml", line 84, characters 24-34
Called from file "src/basic/ml/FStar_Util.ml", line 527, characters 20-56
Called from file "src/ocaml-output/bootlibs/FStar_All.ml", line 3, characters 21-24
Called from file "src/ocaml-output/FStar_Extraction_ML_Term.ml", line 1320, characters 23-42
Called from file "src/ocaml-output/FStar_Extraction_ML_Term.ml", line 1371, characters 27-46
Called from file "src/ocaml-output/FStar_Extraction_ML_Term.ml", line 1353, characters 27-57
Called from file "src/ocaml-output/FStar_Extraction_ML_Term.ml", line 1992, characters 28-59
Called from file "src/ocaml-output/FStar_Extraction_ML_Term.ml", line 1320, characters 23-42
Called from file "src/ocaml-output/FStar_Extraction_ML_Term.ml", line 1568, characters 38-62
Called from file "src/ocaml-output/FStar_Extraction_ML_Term.ml", line 1320, characters 23-42
Called from file "src/ocaml-output/FStar_Extraction_ML_Term.ml", line 1802, characters 44-63
Called from file "src/ocaml-output/FStar_Extraction_ML_Term.ml", line 1320, characters 23-42
Called from file "src/ocaml-output/FStar_Extraction_ML_Term.ml", line 2368, characters 38-65
Called from file "src/ocaml-output/FStar_Extraction_ML_Term.ml", line 1320, characters 23-42
Called from file "src/ocaml-output/FStar_Extraction_ML_Term.ml", line 1568, characters 38-62
Called from file "src/ocaml-output/FStar_Extraction_ML_Term.ml", line 1320, characters 23-42
Called from file "src/ocaml-output/FStar_Extraction_ML_Term.ml", line 1371, characters 27-46
Called from file "src/ocaml-output/FStar_Extraction_ML_Term.ml", line 1353, characters 27-57
Called from file "src/ocaml-output/FStar_Extraction_ML_Term.ml", line 2324, characters 24-64
Called from file "src/batList.mlv", line 171, characters 23-28
Called from file "src/ocaml-output/bootlibs/FStar_All.ml", line 3, characters 21-24
Called from file "src/ocaml-output/FStar_Extraction_ML_Term.ml", line 1320, characters 23-42
Called from file "src/ocaml-output/FStar_Extraction_ML_Modul.ml", line 518, characters 28-74
Called from file "src/basic/ml/FStar_Util.ml", line 526, characters 19-28
Called from file "list.ml", line 84, characters 24-34
Called from file "src/basic/ml/FStar_Util.ml", line 527, characters 20-56
Called from file "src/ocaml-output/FStar_Extraction_ML_Modul.ml", line 838, characters 9-89
Called from file "src/basic/ml/FStar_Util.ml", line 526, characters 19-28
Called from file "list.ml", line 84, characters 24-34
Called from file "src/basic/ml/FStar_Util.ml", line 527, characters 20-56
Called from file "src/ocaml-output/FStar_Main.ml", line 92, characters 14-99
Called from file "src/ocaml-output/FStar_Main.ml", line 233, characters 31-48
Called from file "src/ocaml-output/FStar_Main.ml", line 239, characters 6-11

make[3]: *** [Makefile:175: u_extract_rel] Error 1
Unexpected error
Failure("Impossible: ill-typed application:\n\thead=Prims.l__Mkdtuple2, arg=a, tag=Tm_name: a\n\texpected type unit, got Obj.t")
Raised at file "pervasives.ml", line 30, characters 22-33
Called from file "src/ocaml-output/FStar_Extraction_ML_Term.ml", line 1320, characters 23-42
Called from file "src/ocaml-output/FStar_Extraction_ML_Term.ml", line 1802, characters 44-63
Called from file "src/ocaml-output/FStar_Extraction_ML_Term.ml", line 1320, characters 23-42
Called from file "src/ocaml-output/FStar_Extraction_ML_Term.ml", line 2496, characters 52-132
Called from file "src/basic/ml/FStar_Util.ml", line 526, characters 19-28
Called from file "list.ml", line 84, characters 24-34
Called from file "src/basic/ml/FStar_Util.ml", line 527, characters 20-56
Called from file "src/ocaml-output/bootlibs/FStar_All.ml", line 3, characters 21-24
Called from file "src/ocaml-output/FStar_Extraction_ML_Term.ml", line 1320, characters 23-42
Called from file "src/ocaml-output/FStar_Extraction_ML_Term.ml", line 1371, characters 27-46
Called from file "src/ocaml-output/FStar_Extraction_ML_Term.ml", line 1353, characters 27-57
Called from file "src/ocaml-output/FStar_Extraction_ML_Term.ml", line 1992, characters 28-59
Called from file "src/ocaml-output/FStar_Extraction_ML_Term.ml", line 1320, characters 23-42
Called from file "src/ocaml-output/FStar_Extraction_ML_Term.ml", line 1568, characters 38-62
Called from file "src/ocaml-output/FStar_Extraction_ML_Term.ml", line 1320, characters 23-42
Called from file "src/ocaml-output/FStar_Extraction_ML_Term.ml", line 1802, characters 44-63
Called from file "src/ocaml-output/FStar_Extraction_ML_Term.ml", line 1320, characters 23-42
Called from file "src/ocaml-output/FStar_Extraction_ML_Term.ml", line 2368, characters 38-65
Called from file "src/ocaml-output/FStar_Extraction_ML_Term.ml", line 1320, characters 23-42
Called from file "src/ocaml-output/FStar_Extraction_ML_Term.ml", line 1568, characters 38-62
Called from file "src/ocaml-output/FStar_Extraction_ML_Term.ml", line 1320, characters 23-42
Called from file "src/ocaml-output/FStar_Extraction_ML_Term.ml", line 1371, characters 27-46
Called from file "src/ocaml-output/FStar_Extraction_ML_Term.ml", line 1353, characters 27-57
Called from file "src/ocaml-output/FStar_Extraction_ML_Term.ml", line 2324, characters 24-64
Called from file "src/batList.mlv", line 171, characters 23-28
Called from file "src/ocaml-output/bootlibs/FStar_All.ml", line 3, characters 21-24
Called from file "src/ocaml-output/FStar_Extraction_ML_Term.ml", line 1320, characters 23-42
Called from file "src/ocaml-output/FStar_Extraction_ML_Modul.ml", line 518, characters 28-74
Called from file "src/basic/ml/FStar_Util.ml", line 526, characters 19-28
Called from file "list.ml", line 84, characters 24-34
Called from file "src/basic/ml/FStar_Util.ml", line 527, characters 20-56
Called from file "src/ocaml-output/FStar_Extraction_ML_Modul.ml", line 838, characters 9-89
Called from file "src/basic/ml/FStar_Util.ml", line 526, characters 19-28
Called from file "list.ml", line 84, characters 24-34
Called from file "src/basic/ml/FStar_Util.ml", line 527, characters 20-56
Called from file "src/ocaml-output/FStar_Main.ml", line 92, characters 14-99
Called from file "src/ocaml-output/FStar_Main.ml", line 233, characters 31-48
Called from file "src/ocaml-output/FStar_Main.ml", line 239, characters 6-11

make[3]: *** [Makefile:213: u_extract_encode] Error 1
make[3]: Target 'u_extract_all' not remade because of errors.
make[2]: *** [Makefile:233: ocaml] Error 2
make[1]: *** [Makefile:243: fstar-ocaml] Error 2
make: *** [Makefile:257: utest] Error 2
