make[1]: warning: jobserver unavailable: using -j1.  Add '+' to parent make rule.
make[1]: warning: jobserver unavailable: using -j1.  Add '+' to parent make rule.
Warning: you are using the standard library and/or the %inline keyword. We
recommend switching on --infer in order to avoid obscure type error messages.
warning: CRLF will be replaced by LF in src/parser/parse.fsi.
The file will have its original line endings in your working directory.
6 shift/reduce conflicts.
File "src/basic/ml/FStar_Util.ml", line 47, characters 57-65:
Warning 40: st_mtime was selected from type BatUnix.stats.
It is not visible in the current scope, and will not 
be selected if the type becomes unknown.
File "src/basic/ml/FStar_Util.ml", line 47, characters 57-65:
Warning 40: st_mtime was selected from type BatUnix.stats.
It is not visible in the current scope, and will not 
be selected if the type becomes unknown.
make[3]: warning: jobserver unavailable: using -j1.  Add '+' to parent make rule.
C:\Build\Agent\_work\1\s\ulib\FStar.List.Tot.Properties.fst(389,43-389,47) : (Error) Identifier not found: [memP]
Unexpected error
FStar_Errors.Error(_)
Raised by primitive operation at file "src/batString.mlv", line 145, characters 30-54
Called from file "src/batReturn.ml", line 29, characters 6-29

C:\Build\Agent\_work\1\s\ulib\FStar.List.Tot.Properties.fst(389,43-389,47) : (Error) Identifier not found: [memP]
Unexpected error
FStar_Errors.Error(_)
Raised by primitive operation at file "src/batString.mlv", line 145, characters 30-54
Called from file "src/batReturn.ml", line 29, characters 6-29

make[3]: *** [Makefile:196: u_extract_solver] Error 1
make[3]: *** [Makefile:150: u_extract_misc] Error 1
C:\Build\Agent\_work\1\s\ulib\FStar.List.Tot.Properties.fst(389,43-389,47) : (Error) Identifier not found: [memP]
Unexpected error
FStar_Errors.Error(_)
Raised by primitive operation at file "src/batString.mlv", line 145, characters 30-54
Called from file "src/batReturn.ml", line 29, characters 6-29

make[3]: *** [Makefile:201: u_extract_fstar] Error 1
C:\Build\Agent\_work\1\s\ulib\FStar.List.Tot.Properties.fst(389,43-389,47) : (Error) Identifier not found: [memP]
Unexpected error
FStar_Errors.Error(_)
Raised by primitive operation at file "src/batString.mlv", line 145, characters 30-54
Called from file "src/batReturn.ml", line 29, characters 6-29

make[3]: *** [Makefile:187: u_extract_extraction] Error 1
C:\Build\Agent\_work\1\s\ulib\FStar.List.Tot.Properties.fst(389,43-389,47) : (Error) Identifier not found: [memP]
Unexpected error
FStar_Errors.Error(_)
Raised by primitive operation at file "src/batString.mlv", line 145, characters 30-54
Called from file "src/batReturn.ml", line 29, characters 6-29

C:\Build\Agent\_work\1\s\ulib\FStar.List.Tot.Properties.fst(389,43-389,47) : (Error) Identifier not found: [memP]
Unexpected error
FStar_Errors.Error(_)
Raised by primitive operation at file "src/batString.mlv", line 145, characters 30-54
Called from file "src/batReturn.ml", line 29, characters 6-29

make[3]: *** [Makefile:173: u_extract_tcterm] Error 1
make[3]: *** [Makefile:170: u_extract_dmff] Error 1
C:\Build\Agent\_work\1\s\ulib\FStar.List.Tot.Properties.fst(389,43-389,47) : (Error) Identifier not found: [memP]
Unexpected error
FStar_Errors.Error(_)
Raised by primitive operation at file "src/batString.mlv", line 145, characters 30-54
Called from file "src/batReturn.ml", line 29, characters 6-29

make[3]: *** [Makefile:184: u_extract_tosyntax] Error 1
C:\Build\Agent\_work\1\s\ulib\FStar.List.Tot.Properties.fst(389,43-389,47) : (Error) Identifier not found: [memP]
Unexpected error
FStar_Errors.Error(_)
Raised by primitive operation at file "src/batString.mlv", line 145, characters 30-54
Called from file "src/batReturn.ml", line 29, characters 6-29

make[3]: *** [Makefile:176: u_extract_tcinductive] Error 1
C:\Build\Agent\_work\1\s\ulib\FStar.List.Tot.Properties.fst(389,43-389,47) : (Error) Identifier not found: [memP]
Unexpected error
FStar_Errors.Error(_)
Raised by primitive operation at file "src/batString.mlv", line 145, characters 30-54
Called from file "src/batReturn.ml", line 29, characters 6-29

C:\Build\Agent\_work\1\s\ulib\FStar.List.Tot.Properties.fst(389,43-389,47) : (Error) Identifier not found: [memP]
Unexpected error
FStar_Errors.Error(_)
Raised by primitive operation at file "src/batString.mlv", line 145, characters 30-54
Called from file "src/batReturn.ml", line 29, characters 6-29

C:\Build\Agent\_work\1\s\ulib\FStar.List.Tot.Properties.fst(389,43-389,47) : (Error) Identifier not found: [memP]
Unexpected error
FStar_Errors.Error(_)
Raised by primitive operation at file "src/batString.mlv", line 145, characters 30-54
Called from file "src/batReturn.ml", line 29, characters 6-29

make[3]: *** [Makefile:158: u_extract_parser] Error 1
make[3]: *** [Makefile:179: u_extract_tc] Error 1
make[3]: *** [Makefile:190: u_extract_smtencoding_base] Error 1
C:\Build\Agent\_work\1\s\ulib\FStar.List.Tot.Properties.fst(389,43-389,47) : (Error) Identifier not found: [memP]
Unexpected error
FStar_Errors.Error(_)
Raised by primitive operation at file "src/batString.mlv", line 145, characters 30-54
Called from file "src/batReturn.ml", line 29, characters 6-29

C:\Build\Agent\_work\1\s\ulib\FStar.List.Tot.Properties.fst(389,43-389,47) : (Error) Identifier not found: [memP]
Unexpected error
FStar_Errors.Error(_)
Raised by primitive operation at file "src/batString.mlv", line 145, characters 30-54
Called from file "src/batReturn.ml", line 29, characters 6-29

make[3]: *** [Makefile:161: u_extract_normalizer] Error 1
make[3]: *** [Makefile:164: u_extract_rel] Error 1
C:\Build\Agent\_work\1\s\ulib\FStar.List.Tot.Properties.fst(389,43-389,47) : (Error) Identifier not found: [memP]
Unexpected error
FStar_Errors.Error(_)
Raised by primitive operation at file "src/batString.mlv", line 145, characters 30-54
Called from file "src/batReturn.ml", line 29, characters 6-29

make[3]: *** [Makefile:167: u_extract_util] Error 1
make[3]: Target 'u_extract_typechecker' not remade because of errors.
C:\Build\Agent\_work\1\s\ulib\FStar.List.Tot.Properties.fst(389,43-389,47) : (Error) Identifier not found: [memP]
Unexpected error
FStar_Errors.Error(_)
Raised by primitive operation at file "src/batString.mlv", line 145, characters 30-54
Called from file "src/batReturn.ml", line 29, characters 6-29

make[3]: *** [Makefile:193: u_extract_encode] Error 1
make[3]: Target 'u_extract_smtencoding' not remade because of errors.
C:\Build\Agent\_work\1\s\ulib\FStar.List.Tot.Properties.fst(389,43-389,47) : (Error) Identifier not found: [memP]
Unexpected error
FStar_Errors.Error(_)
Raised by primitive operation at file "src/batString.mlv", line 145, characters 30-54
Called from file "src/batReturn.ml", line 29, characters 6-29

make[3]: *** [Makefile:155: u_extract_syntax] Error 1
make[2]: *** [Makefile:209: ocaml] Error 2
make[1]: *** [Makefile:221: fstar-ocaml] Error 2
make: *** [Makefile:235: utest] Error 2
