make[1]: warning: jobserver unavailable: using -j1.  Add '+' to parent make rule.
make[1]: warning: jobserver unavailable: using -j1.  Add '+' to parent make rule.
Warning: you are using the standard library and/or the %inline keyword. We
recommend switching on --infer in order to avoid obscure type error messages.
warning: CRLF will be replaced by LF in src/parser/parse.fsi.
The file will have its original line endings in your working directory.
6 shift/reduce conflicts.
File "src/basic/ml/FStar_Util.ml", line 47, characters 57-65:
Warning 40: st_mtime was selected from type BatUnix.stats.
It is not visible in the current scope, and will not 
be selected if the type becomes unknown.
File "src/basic/ml/FStar_Util.ml", line 47, characters 57-65:
Warning 40: st_mtime was selected from type BatUnix.stats.
It is not visible in the current scope, and will not 
be selected if the type becomes unknown.
.\Ex01a.fst(67,0-67,48): (Warning) Top-level let-bindings must be total; this term may have effects
.\Ex01a.fst(57,0-57,48): (Warning) Top-level let-bindings must be total; this term may have effects
Warning: Unable to open hints file: C:\Build\Agent2\_work\1\s\examples\incl\Test.fst.hints; ran without hints
Warning: Unable to open hints file: C:\Build\Agent2\_work\1\s\examples\incl\Test.fst.hints; ran without hints
Warning: Unable to open hints file: C:\Build\Agent2\_work\1\s\examples\incl\Test.fst.hints; ran without hints
Warning: Unable to open hints file: C:\Build\Agent2\_work\1\s\examples\incl\Test.fst.hints; ran without hints
.\ifcExample.fst(10,0-10,15): (Warning) Top-level let-bindings must be total; this term may have effects
.\ifcExample.fst(11,0-11,15): (Warning) Top-level let-bindings must be total; this term may have effects
.\ifcExample.fst(12,0-12,15): (Warning) Top-level let-bindings must be total; this term may have effects
.\ifcExample.fst(13,0-13,17): (Warning) Top-level let-bindings must be total; this term may have effects
.\Encrypt_SymEnc.fst(29,0-29,18): (Warning) Top-level let-bindings must be total; this term may have effects
Warning: Unable to open hints file: C:\Build\Agent2\_work\1\s\examples\incl\Test.fst.hints; ran without hints
Warning: Unable to open hints file: C:\Build\Agent2\_work\1\s\examples\incl\Test.fst.hints; ran without hints
Warning: Unable to open hints file: C:\Build\Agent2\_work\1\s\examples\incl\Test.fst.hints; ran without hints
.\MAC.fst(45,0-45,35): (Warning) Top-level let-bindings must be total; this term may have effects
.\TestMRef.fst(8,0-8,20): (Warning) Top-level let-bindings must be total; this term may have effects
.\Crypto.Plain.fst(104,18-104,19) : (Error) Expected expression of type "(plainBuffer (?364314 i zero len h0 p h1 b) (?364313 i zero len h0 p h1 b))"; got expression "(p )" of type "(init:(list (?364323 i zero len h0 p h1 b live)) -> Type)"
Unexpected error
FStar_Syntax_Syntax.Error(_)
Raised by primitive operation at file "src/batString.mlv", line 145, characters 30-54
Called from file "src/batReturn.ml", line 29, characters 6-29

make[4]: *** [Makefile:96: Crypto.Symmetric.PRF.fst-ver] Error 1
.\Crypto.Plain.fst(104,18-104,19) : (Error) Expected expression of type "(plainBuffer (?364314 i zero len h0 p h1 b) (?364313 i zero len h0 p h1 b))"; got expression "(p )" of type "(init:(list (?364323 i zero len h0 p h1 b live)) -> Type)"
Unexpected error
FStar_Syntax_Syntax.Error(_)
Raised by primitive operation at file "src/batString.mlv", line 145, characters 30-54
Called from file "src/batReturn.ml", line 29, characters 6-29

make[4]: *** [Makefile:96: Crypto.AEAD.Encoding.fst-ver] Error 1
.\Crypto.Plain.fst(104,18-104,19) : (Error) Expected expression of type "(plainBuffer (?364314 i zero len h0 p h1 b) (?364313 i zero len h0 p h1 b))"; got expression "(p )" of type "(init:(list (?364323 i zero len h0 p h1 b live)) -> Type)"
Unexpected error
FStar_Syntax_Syntax.Error(_)
Raised by primitive operation at file "src/batString.mlv", line 145, characters 30-54
Called from file "src/batReturn.ml", line 29, characters 6-29

make[4]: *** [Makefile:96: Crypto.AEAD.Invariant.fst-ver] Error 1
.\Crypto.Plain.fst(104,18-104,19) : (Error) Expected expression of type "(plainBuffer (?364314 i zero len h0 p h1 b) (?364313 i zero len h0 p h1 b))"; got expression "(p )" of type "(init:(list (?364323 i zero len h0 p h1 b live)) -> Type)"
Unexpected error
FStar_Syntax_Syntax.Error(_)
Raised by primitive operation at file "src/batString.mlv", line 145, characters 30-54
Called from file "src/batReturn.ml", line 29, characters 6-29

make[4]: *** [Makefile:96: Crypto.AEAD.Enxor.Invariant.fst-ver] Error 1
.\Crypto.Plain.fst(104,18-104,19) : (Error) Expected expression of type "(plainBuffer (?364314 i zero len h0 p h1 b) (?364313 i zero len h0 p h1 b))"; got expression "(p )" of type "(init:(list (?364323 i zero len h0 p h1 b live)) -> Type)"
Unexpected error
FStar_Syntax_Syntax.Error(_)
Raised by primitive operation at file "src/batString.mlv", line 145, characters 30-54
Called from file "src/batReturn.ml", line 29, characters 6-29

make[4]: *** [Makefile:96: Crypto.AEAD.Encrypt.Invariant.fst-ver] Error 1
.\Crypto.Plain.fst(104,18-104,19) : (Error) Expected expression of type "(plainBuffer (?366534 i zero len h0 p h1 b) (?366533 i zero len h0 p h1 b))"; got expression "(p )" of type "(init:(list (?366543 i zero len h0 p h1 b live)) -> Type)"
Unexpected error
FStar_Syntax_Syntax.Error(_)
Raised by primitive operation at file "src/batString.mlv", line 145, characters 30-54
Called from file "src/batReturn.ml", line 29, characters 6-29

make[4]: *** [Makefile:96: Crypto.AEAD.EnxorDexor.fst-ver] Error 1
.\Crypto.Plain.fst(104,18-104,19) : (Error) Expected expression of type "(plainBuffer (?364314 i zero len h0 p h1 b) (?364313 i zero len h0 p h1 b))"; got expression "(p )" of type "(init:(list (?364323 i zero len h0 p h1 b live)) -> Type)"
Unexpected error
FStar_Syntax_Syntax.Error(_)
Raised by primitive operation at file "src/batString.mlv", line 145, characters 30-54
Called from file "src/batReturn.ml", line 29, characters 6-29

make[4]: *** [Makefile:96: Crypto.AEAD.Wrappers.Encoding.fst-ver] Error 1
.\Crypto.Plain.fst(104,18-104,19) : (Error) Expected expression of type "(plainBuffer (?366534 i zero len h0 p h1 b) (?366533 i zero len h0 p h1 b))"; got expression "(p )" of type "(init:(list (?366543 i zero len h0 p h1 b live)) -> Type)"
Unexpected error
FStar_Syntax_Syntax.Error(_)
Raised by primitive operation at file "src/batString.mlv", line 145, characters 30-54
Called from file "src/batReturn.ml", line 29, characters 6-29

make[4]: *** [Makefile:96: Crypto.AEAD.Wrappers.CMA.fst-ver] Error 1
.\Crypto.Plain.fst(104,18-104,19) : (Error) Expected expression of type "(plainBuffer (?366534 i zero len h0 p h1 b) (?366533 i zero len h0 p h1 b))"; got expression "(p )" of type "(init:(list (?366543 i zero len h0 p h1 b live)) -> Type)"
Unexpected error
FStar_Syntax_Syntax.Error(_)
Raised by primitive operation at file "src/batString.mlv", line 145, characters 30-54
Called from file "src/batReturn.ml", line 29, characters 6-29

make[4]: *** [Makefile:96: Crypto.AEAD.Wrappers.PRF.fst-ver] Error 1
.\Ex10a.fst(26,0-26,19): (Warning) Top-level let-bindings must be total; this term may have effects
.\Crypto.Plain.fst(104,18-104,19) : (Error) Expected expression of type "(plainBuffer (?364314 i zero len h0 p h1 b) (?364313 i zero len h0 p h1 b))"; got expression "(p )" of type "(init:(list (?364323 i zero len h0 p h1 b live)) -> Type)"
Unexpected error
FStar_Syntax_Syntax.Error(_)
Raised by primitive operation at file "src/batString.mlv", line 145, characters 30-54
Called from file "src/batReturn.ml", line 29, characters 6-29

.\Ex12a.Cap.fst(20,0-20,26): (Warning) Top-level let-bindings must be total; this term may have effects
make[4]: *** [Makefile:96: Crypto.AEAD.MAC_Wrapper.Invariant.fst-ver] Error 1
.\Crypto.Plain.fst(104,18-104,19) : (Error) Expected expression of type "(plainBuffer (?366534 i zero len h0 p h1 b) (?366533 i zero len h0 p h1 b))"; got expression "(p )" of type "(init:(list (?366543 i zero len h0 p h1 b live)) -> Type)"
Unexpected error
FStar_Syntax_Syntax.Error(_)
Raised by primitive operation at file "src/batString.mlv", line 145, characters 30-54
Called from file "src/batReturn.ml", line 29, characters 6-29

make[4]: *** [Makefile:96: Crypto.AEAD.Encrypt.Ideal.Invariant.fst-ver] Error 1
.\Crypto.Plain.fst(104,18-104,19) : (Error) Expected expression of type "(plainBuffer (?366534 i zero len h0 p h1 b) (?366533 i zero len h0 p h1 b))"; got expression "(p )" of type "(init:(list (?366543 i zero len h0 p h1 b live)) -> Type)"
Unexpected error
FStar_Syntax_Syntax.Error(_)
Raised by primitive operation at file "src/batString.mlv", line 145, characters 30-54
Called from file "src/batReturn.ml", line 29, characters 6-29

make[4]: *** [Makefile:96: Crypto.AEAD.Encrypt.fst-ver] Error 1
.\Ex10a.fst(26,0-26,19): (Warning) Top-level let-bindings must be total; this term may have effects
.\Crypto.Plain.fst(104,18-104,19) : (Error) Expected expression of type "(plainBuffer (?298990 i zero len h0 p h1 b) (?298989 i zero len h0 p h1 b))"; got expression "(p )" of type "(init:(list (?299119 i zero len h0 p h1 b live)) -> Type)"
Unexpected error
FStar_Syntax_Syntax.Error(_)
Raised by primitive operation at file "src/batString.mlv", line 145, characters 30-54
Called from file "src/batReturn.ml", line 29, characters 6-29

make[4]: *** [Makefile:96: Crypto.Plain.fst-ver] Error 1
.\Crypto.Plain.fst(104,18-104,19) : (Error) Expected expression of type "(plainBuffer (?366534 i zero len h0 p h1 b) (?366533 i zero len h0 p h1 b))"; got expression "(p )" of type "(init:(list (?366543 i zero len h0 p h1 b live)) -> Type)"
Unexpected error
FStar_Syntax_Syntax.Error(_)
Raised by primitive operation at file "src/batString.mlv", line 145, characters 30-54
Called from file "src/batReturn.ml", line 29, characters 6-29

make[4]: *** [Makefile:96: Crypto.AEAD.fst-ver] Error 1
.\Ex12a.Cap.fst(18,0-18,26): (Warning) Top-level let-bindings must be total; this term may have effects
.\TestMRef.fst(8,0-8,20): (Warning) Top-level let-bindings must be total; this term may have effects
.\Ex12b.RPC.fst(8,0-8,53): (Warning) Top-level let-bindings must be total; this term may have effects
.\Ex12b.RPC.fst(21,0-21,39): (Warning) Top-level let-bindings must be total; this term may have effects
.\Ex12b.RPC.fst(53,0-54,16): (Warning) Top-level let-bindings must be total; this term may have effects
.\Ex12b.RPC.fst(123,0-123,17): (Warning) Top-level let-bindings must be total; this term may have effects
.\Crypto.Plain.fst(104,18-104,19) : (Error) Expected expression of type "(plainBuffer (?589761 i zero len h0 p h1 b) (?589760 i zero len h0 p h1 b))"; got expression "(p )" of type "(init:(list (?589770 i zero len h0 p h1 b live)) -> Type)"
Unexpected error
FStar_Syntax_Syntax.Error(_)
Raised by primitive operation at file "src/batString.mlv", line 145, characters 30-54
Called from file "src/batReturn.ml", line 29, characters 6-29

make[4]: *** [Makefile:96: Crypto.AEAD.Decrypt.fst-ver] Error 1
.\Mac.fst(69,0-69,35): (Warning) Top-level let-bindings must be total; this term may have effects
make[4]: Target 'all' not remade because of errors.
make[3]: *** [Makefile:35: uall] Error 2
make[2]: *** [Makefile:49: low-level.uall] Error 2
make[2]: Target 'uall' not remade because of errors.
make[1]: *** [Makefile:279: uexamples] Error 2
.\FStar.Buffer.fst(768,29-768,44): (Error) Subtyping check failed; expected type (uint_t n); got type nat (see .\FStar.UInt.fst(24,28-24,36))
Verified module: FStar.Map (4984 milliseconds)
Verified module: FStar.HyperStack (20375 milliseconds)
Verified module: FStar.ST (13265 milliseconds)
Verified module: FStar.Buffer (173156 milliseconds)
Verified module: FStar.Buffer.Quantifiers (4906 milliseconds)
1 error was reported (see above)
make[2]: *** [Makefile:64: bufferq] Error 1
make[2]: Target 'all' not remade because of errors.
make[1]: *** [Makefile:276: ulib] Error 2
make[1]: Target 'uregressions' not remade because of errors.
make: *** [Makefile:256: utest] Error 2
