make[1]: warning: jobserver unavailable: using -j1.  Add '+' to parent make rule.
make[1]: warning: jobserver unavailable: using -j1.  Add '+' to parent make rule.
Warning: you are using the standard library and/or the %inline keyword. We
recommend switching on --infer in order to avoid obscure type error messages.
warning: CRLF will be replaced by LF in src/parser/parse.fsi.
The file will have its original line endings in your working directory.
File "src/basic/ml/FStar_Util.ml", line 47, characters 57-65:
Warning 40: st_mtime was selected from type BatUnix.stats.
It is not visible in the current scope, and will not 
be selected if the type becomes unknown.
File "src/basic/ml/FStar_Util.ml", line 676, characters 2-13:
Warning 10: this expression should have type unit.
File "src/basic/ml/FStar_Util.ml", line 47, characters 57-65:
Warning 40: st_mtime was selected from type BatUnix.stats.
It is not visible in the current scope, and will not 
be selected if the type becomes unknown.
File "src/basic/ml/FStar_Util.ml", line 676, characters 2-13:
Warning 10: this expression should have type unit.
make[3]: warning: jobserver unavailable: using -j1.  Add '+' to parent make rule.
.\u_boot_fsts\FStar.Syntax.Syntax.fst(396,0-396,33): (Warning) Annotation from val declaration overrides inline type annotation
.\u_boot_fsts\FStar.Syntax.Syntax.fst(446,0-446,48): (Warning) Annotation from val declaration overrides inline type annotation
.\u_boot_fsts\FStar.Syntax.Syntax.fst(447,0-447,76): (Warning) Annotation from val declaration overrides inline type annotation
.\u_boot_fsts\FStar.Syntax.Syntax.fst(498,0-500,38): (Warning) Annotation from val declaration overrides inline type annotation
.\u_boot_fsts\FStar.TypeChecker.Util.fst(70,0-72,32): (Warning) Annotation from val declaration overrides inline type annotation
Unexpected error
FStar_Errors.Error(_)
Raised at file "src/ocaml-output/bootlibs/MkPrims.ml", line 89, characters 22-23
Called from file "src/ocaml-output/FStar_ToSyntax_ToSyntax.ml", line 1388, characters 14-206
Called from file "src/ocaml-output/FStar_ToSyntax_ToSyntax.ml", line 1307, characters 6-41
Called from file "src/ocaml-output/FStar_ToSyntax_ToSyntax.ml", line 1307, characters 6-41
Called from file "src/ocaml-output/FStar_ToSyntax_ToSyntax.ml", line 1307, characters 6-41
Called from file "src/ocaml-output/FStar_ToSyntax_ToSyntax.ml", line 1307, characters 6-41
Called from file "src/batList.mlv", line 171, characters 23-28
Called from file "src/ocaml-output/FStar_ToSyntax_ToSyntax.ml", line 2388, characters 33-71
Called from file "src/ocaml-output/FStar_ToSyntax_ToSyntax.ml", line 1307, characters 6-41
Called from file "src/ocaml-output/FStar_ToSyntax_ToSyntax.ml", line 1307, characters 6-41
Called from file "src/ocaml-output/FStar_ToSyntax_ToSyntax.ml", line 1307, characters 6-41
Called from file "src/ocaml-output/FStar_ToSyntax_ToSyntax.ml", line 1307, characters 6-41
Called from file "src/batList.mlv", line 169, characters 28-33
Called from file "src/batList.mlv", line 172, characters 4-12
Called from file "src/ocaml-output/FStar_ToSyntax_ToSyntax.ml", line 2388, characters 33-71
Called from file "src/ocaml-output/FStar_ToSyntax_ToSyntax.ml", line 1307, characters 6-41
Called from file "src/ocaml-output/FStar_ToSyntax_ToSyntax.ml", line 1307, characters 6-41
Called from file "src/batList.mlv", line 513, characters 26-35
Called from file "src/batList.mlv", line 517, characters 2-18
Called from file "src/ocaml-output/FStar_ToSyntax_ToSyntax.ml", line 2228, characters 20-141
Called from file "src/ocaml-output/FStar_ToSyntax_ToSyntax.ml", line 1307, characters 6-41
Called from file "src/ocaml-output/FStar_ToSyntax_ToSyntax.ml", line 1307, characters 6-41
Called from file "src/ocaml-output/FStar_ToSyntax_ToSyntax.ml", line 1307, characters 6-41
Called from file "src/ocaml-output/FStar_ToSyntax_ToSyntax.ml", line 1307, characters 6-41
Called from file "src/ocaml-output/FStar_ToSyntax_ToSyntax.ml", line 1307, characters 6-41
Called from file "src/ocaml-output/FStar_ToSyntax_ToSyntax.ml", line 1307, characters 6-41
Called from file "src/ocaml-output/FStar_ToSyntax_ToSyntax.ml", line 1307, characters 6-41
Called from file "src/ocaml-output/FStar_ToSyntax_ToSyntax.ml", line 1307, characters 6-41
Called from file "src/ocaml-output/FStar_ToSyntax_ToSyntax.ml", line 1307, characters 6-41
Called from file "src/batList.mlv", line 513, characters 26-35
Called from file "src/batList.mlv", line 517, characters 2-18
Called from file "src/ocaml-output/FStar_ToSyntax_ToSyntax.ml", line 2228, characters 20-141
Called from file "src/ocaml-output/FStar_ToSyntax_ToSyntax.ml", line 1307, characters 6-41
Called from file "src/ocaml-output/FStar_ToSyntax_ToSyntax.ml", line 1307, characters 6-41
Called from file "src/ocaml-output/FStar_ToSyntax_ToSyntax.ml", line 1307, characters 6-41
Called from file "src/ocaml-output/FStar_ToSyntax_ToSyntax.ml", line 1307, characters 6-41
Called from file "src/batList.mlv", line 513, characters 26-35
Called from file "src/batList.mlv", line 517, characters 2-18
Called from file "src/ocaml-output/FStar_ToSyntax_ToSyntax.ml", line 2228, characters 20-141
Called from file "src/ocaml-output/FStar_ToSyntax_ToSyntax.ml", line 1307, characters 6-41
Called from file "src/ocaml-output/FStar_ToSyntax_ToSyntax.ml", line 1307, characters 6-41
Called from file "src/ocaml-output/FStar_ToSyntax_ToSyntax.ml", line 1307, characters 6-41
Called from file "src/batList.mlv", line 513, characters 26-35
Called from file "src/batList.mlv", line 517, characters 2-18
Called from file "src/ocaml-output/FStar_ToSyntax_ToSyntax.ml", line 2228, characters 20-141
Called from file "src/ocaml-output/FStar_ToSyntax_ToSyntax.ml", line 4813, characters 26-70
Called from file "src/ocaml-output/FStar_ToSyntax_ToSyntax.ml", line 5209, characters 35-54
Called from file "list.ml", line 84, characters 24-34
Called from file "src/ocaml-output/FStar_ToSyntax_ToSyntax.ml", line 5259, characters 30-54
Called from file "src/ocaml-output/FStar_ToSyntax_ToSyntax.ml", line 5306, characters 24-55
Called from file "src/ocaml-output/FStar_ToSyntax_ToSyntax.ml", line 5338, characters 37-57
Called from file "list.ml", line 84, characters 24-34
Called from file "src/ocaml-output/FStar_ToSyntax_ToSyntax.ml", line 5333, characters 8-326
Called from file "src/ocaml-output/FStar_Universal.ml", line 265, characters 26-47
Called from file "src/ocaml-output/FStar_Universal.ml", line 392, characters 18-66
Called from file "src/ocaml-output/FStar_Universal.ml", line 411, characters 31-72
Called from file "src/ocaml-output/FStar_Universal.ml", line 427, characters 24-71
Called from file "src/ocaml-output/FStar_Universal.ml", line 467, characters 27-69
Called from file "src/ocaml-output/FStar_Main.ml", line 204, characters 27-67
Called from file "src/ocaml-output/FStar_Main.ml", line 226, characters 6-11

C:\Build\Agent\_work\1\s\src\u_boot_fsts\FStar.SMTEncoding.Z3.fst(261,39-261,43): (Error) Identifier not found: [List.head]
Module List resolved into FStar.List, definition head not found
1 error was reported (see above)
make[3]: *** [Makefile:213: u_extract_encode] Error 1
Unexpected error
FStar_Errors.Error(_)
Raised at file "src/ocaml-output/bootlibs/MkPrims.ml", line 89, characters 22-23
Called from file "src/ocaml-output/FStar_ToSyntax_ToSyntax.ml", line 1388, characters 14-206
Called from file "src/ocaml-output/FStar_ToSyntax_ToSyntax.ml", line 1307, characters 6-41
Called from file "src/ocaml-output/FStar_ToSyntax_ToSyntax.ml", line 1307, characters 6-41
Called from file "src/ocaml-output/FStar_ToSyntax_ToSyntax.ml", line 1307, characters 6-41
Called from file "src/ocaml-output/FStar_ToSyntax_ToSyntax.ml", line 1307, characters 6-41
Called from file "src/batList.mlv", line 171, characters 23-28
Called from file "src/ocaml-output/FStar_ToSyntax_ToSyntax.ml", line 2388, characters 33-71
Called from file "src/ocaml-output/FStar_ToSyntax_ToSyntax.ml", line 1307, characters 6-41
Called from file "src/ocaml-output/FStar_ToSyntax_ToSyntax.ml", line 1307, characters 6-41
Called from file "src/ocaml-output/FStar_ToSyntax_ToSyntax.ml", line 1307, characters 6-41
Called from file "src/ocaml-output/FStar_ToSyntax_ToSyntax.ml", line 1307, characters 6-41
Called from file "src/batList.mlv", line 169, characters 28-33
Called from file "src/batList.mlv", line 172, characters 4-12
Called from file "src/ocaml-output/FStar_ToSyntax_ToSyntax.ml", line 2388, characters 33-71
Called from file "src/ocaml-output/FStar_ToSyntax_ToSyntax.ml", line 1307, characters 6-41
Called from file "src/ocaml-output/FStar_ToSyntax_ToSyntax.ml", line 1307, characters 6-41
Called from file "src/batList.mlv", line 513, characters 26-35
Called from file "src/batList.mlv", line 517, characters 2-18
Called from file "src/ocaml-output/FStar_ToSyntax_ToSyntax.ml", line 2228, characters 20-141
Called from file "src/ocaml-output/FStar_ToSyntax_ToSyntax.ml", line 1307, characters 6-41
Called from file "src/ocaml-output/FStar_ToSyntax_ToSyntax.ml", line 1307, characters 6-41
Called from file "src/ocaml-output/FStar_ToSyntax_ToSyntax.ml", line 1307, characters 6-41
Called from file "src/ocaml-output/FStar_ToSyntax_ToSyntax.ml", line 1307, characters 6-41
Called from file "src/ocaml-output/FStar_ToSyntax_ToSyntax.ml", line 1307, characters 6-41
Called from file "src/ocaml-output/FStar_ToSyntax_ToSyntax.ml", line 1307, characters 6-41
Called from file "src/ocaml-output/FStar_ToSyntax_ToSyntax.ml", line 1307, characters 6-41
Called from file "src/ocaml-output/FStar_ToSyntax_ToSyntax.ml", line 1307, characters 6-41
Called from file "src/ocaml-output/FStar_ToSyntax_ToSyntax.ml", line 1307, characters 6-41
Called from file "src/batList.mlv", line 513, characters 26-35
Called from file "src/batList.mlv", line 517, characters 2-18
Called from file "src/ocaml-output/FStar_ToSyntax_ToSyntax.ml", line 2228, characters 20-141
Called from file "src/ocaml-output/FStar_ToSyntax_ToSyntax.ml", line 1307, characters 6-41
Called from file "src/ocaml-output/FStar_ToSyntax_ToSyntax.ml", line 1307, characters 6-41
Called from file "src/ocaml-output/FStar_ToSyntax_ToSyntax.ml", line 1307, characters 6-41
Called from file "src/ocaml-output/FStar_ToSyntax_ToSyntax.ml", line 1307, characters 6-41
Called from file "src/batList.mlv", line 513, characters 26-35
Called from file "src/batList.mlv", line 517, characters 2-18
Called from file "src/ocaml-output/FStar_ToSyntax_ToSyntax.ml", line 2228, characters 20-141
Called from file "src/ocaml-output/FStar_ToSyntax_ToSyntax.ml", line 1307, characters 6-41
Called from file "src/ocaml-output/FStar_ToSyntax_ToSyntax.ml", line 1307, characters 6-41
Called from file "src/ocaml-output/FStar_ToSyntax_ToSyntax.ml", line 1307, characters 6-41
Called from file "src/batList.mlv", line 513, characters 26-35
Called from file "src/batList.mlv", line 517, characters 2-18
Called from file "src/ocaml-output/FStar_ToSyntax_ToSyntax.ml", line 2228, characters 20-141
Called from file "src/ocaml-output/FStar_ToSyntax_ToSyntax.ml", line 4813, characters 26-70
Called from file "src/ocaml-output/FStar_ToSyntax_ToSyntax.ml", line 5209, characters 35-54
Called from file "list.ml", line 84, characters 24-34
Called from file "src/ocaml-output/FStar_ToSyntax_ToSyntax.ml", line 5259, characters 30-54
Called from file "src/ocaml-output/FStar_ToSyntax_ToSyntax.ml", line 5306, characters 24-55
Called from file "src/ocaml-output/FStar_ToSyntax_ToSyntax.ml", line 5338, characters 37-57
Called from file "list.ml", line 84, characters 24-34
Called from file "src/ocaml-output/FStar_ToSyntax_ToSyntax.ml", line 5333, characters 8-326
Called from file "src/ocaml-output/FStar_Universal.ml", line 265, characters 26-47
Called from file "src/ocaml-output/FStar_Universal.ml", line 392, characters 18-66
Called from file "src/ocaml-output/FStar_Universal.ml", line 411, characters 31-72
Called from file "src/ocaml-output/FStar_Universal.ml", line 427, characters 24-71
Called from file "src/ocaml-output/FStar_Universal.ml", line 467, characters 27-69
Called from file "src/ocaml-output/FStar_Main.ml", line 204, characters 27-67
Called from file "src/ocaml-output/FStar_Main.ml", line 226, characters 6-11

C:\Build\Agent\_work\1\s\src\u_boot_fsts\FStar.SMTEncoding.Z3.fst(261,39-261,43): (Error) Identifier not found: [List.head]
Module List resolved into FStar.List, definition head not found
1 error was reported (see above)
make[3]: *** [Makefile:216: u_extract_solver] Error 1
.\u_boot_fsts\FStar.TypeChecker.Env.fst(280,0-284,35): (Warning) Annotation from val declaration overrides inline type annotation
Unexpected error
FStar_Errors.Error(_)
Raised at file "src/ocaml-output/bootlibs/MkPrims.ml", line 89, characters 22-23
Called from file "src/ocaml-output/FStar_ToSyntax_ToSyntax.ml", line 1388, characters 14-206
Called from file "src/ocaml-output/FStar_ToSyntax_ToSyntax.ml", line 1307, characters 6-41
Called from file "src/ocaml-output/FStar_ToSyntax_ToSyntax.ml", line 1307, characters 6-41
Called from file "src/ocaml-output/FStar_ToSyntax_ToSyntax.ml", line 1307, characters 6-41
Called from file "src/ocaml-output/FStar_ToSyntax_ToSyntax.ml", line 1307, characters 6-41
Called from file "src/batList.mlv", line 171, characters 23-28
Called from file "src/ocaml-output/FStar_ToSyntax_ToSyntax.ml", line 2388, characters 33-71
Called from file "src/ocaml-output/FStar_ToSyntax_ToSyntax.ml", line 1307, characters 6-41
Called from file "src/ocaml-output/FStar_ToSyntax_ToSyntax.ml", line 1307, characters 6-41
Called from file "src/ocaml-output/FStar_ToSyntax_ToSyntax.ml", line 1307, characters 6-41
Called from file "src/ocaml-output/FStar_ToSyntax_ToSyntax.ml", line 1307, characters 6-41
Called from file "src/batList.mlv", line 169, characters 28-33
Called from file "src/batList.mlv", line 172, characters 4-12
Called from file "src/ocaml-output/FStar_ToSyntax_ToSyntax.ml", line 2388, characters 33-71
Called from file "src/ocaml-output/FStar_ToSyntax_ToSyntax.ml", line 1307, characters 6-41
Called from file "src/ocaml-output/FStar_ToSyntax_ToSyntax.ml", line 1307, characters 6-41
Called from file "src/batList.mlv", line 513, characters 26-35
Called from file "src/batList.mlv", line 517, characters 2-18
Called from file "src/ocaml-output/FStar_ToSyntax_ToSyntax.ml", line 2228, characters 20-141
Called from file "src/ocaml-output/FStar_ToSyntax_ToSyntax.ml", line 1307, characters 6-41
Called from file "src/ocaml-output/FStar_ToSyntax_ToSyntax.ml", line 1307, characters 6-41
Called from file "src/ocaml-output/FStar_ToSyntax_ToSyntax.ml", line 1307, characters 6-41
Called from file "src/ocaml-output/FStar_ToSyntax_ToSyntax.ml", line 1307, characters 6-41
Called from file "src/ocaml-output/FStar_ToSyntax_ToSyntax.ml", line 1307, characters 6-41
Called from file "src/ocaml-output/FStar_ToSyntax_ToSyntax.ml", line 1307, characters 6-41
Called from file "src/ocaml-output/FStar_ToSyntax_ToSyntax.ml", line 1307, characters 6-41
Called from file "src/ocaml-output/FStar_ToSyntax_ToSyntax.ml", line 1307, characters 6-41
Called from file "src/ocaml-output/FStar_ToSyntax_ToSyntax.ml", line 1307, characters 6-41
Called from file "src/batList.mlv", line 513, characters 26-35
Called from file "src/batList.mlv", line 517, characters 2-18
Called from file "src/ocaml-output/FStar_ToSyntax_ToSyntax.ml", line 2228, characters 20-141
Called from file "src/ocaml-output/FStar_ToSyntax_ToSyntax.ml", line 1307, characters 6-41
Called from file "src/ocaml-output/FStar_ToSyntax_ToSyntax.ml", line 1307, characters 6-41
Called from file "src/ocaml-output/FStar_ToSyntax_ToSyntax.ml", line 1307, characters 6-41
Called from file "src/ocaml-output/FStar_ToSyntax_ToSyntax.ml", line 1307, characters 6-41
Called from file "src/batList.mlv", line 513, characters 26-35
Called from file "src/batList.mlv", line 517, characters 2-18
Called from file "src/ocaml-output/FStar_ToSyntax_ToSyntax.ml", line 2228, characters 20-141
Called from file "src/ocaml-output/FStar_ToSyntax_ToSyntax.ml", line 1307, characters 6-41
Called from file "src/ocaml-output/FStar_ToSyntax_ToSyntax.ml", line 1307, characters 6-41
Called from file "src/ocaml-output/FStar_ToSyntax_ToSyntax.ml", line 1307, characters 6-41
Called from file "src/batList.mlv", line 513, characters 26-35
Called from file "src/batList.mlv", line 517, characters 2-18
Called from file "src/ocaml-output/FStar_ToSyntax_ToSyntax.ml", line 2228, characters 20-141
Called from file "src/ocaml-output/FStar_ToSyntax_ToSyntax.ml", line 4813, characters 26-70
Called from file "src/ocaml-output/FStar_ToSyntax_ToSyntax.ml", line 5209, characters 35-54
Called from file "list.ml", line 84, characters 24-34
Called from file "src/ocaml-output/FStar_ToSyntax_ToSyntax.ml", line 5259, characters 30-54
Called from file "src/ocaml-output/FStar_ToSyntax_ToSyntax.ml", line 5306, characters 24-55
Called from file "src/ocaml-output/FStar_ToSyntax_ToSyntax.ml", line 5338, characters 37-57
Called from file "list.ml", line 84, characters 24-34
Called from file "src/ocaml-output/FStar_ToSyntax_ToSyntax.ml", line 5333, characters 8-326
Called from file "src/ocaml-output/FStar_Universal.ml", line 265, characters 26-47
Called from file "src/ocaml-output/FStar_Universal.ml", line 392, characters 18-66
Called from file "src/ocaml-output/FStar_Universal.ml", line 411, characters 31-72
Called from file "src/ocaml-output/FStar_Universal.ml", line 427, characters 24-71
Called from file "src/ocaml-output/FStar_Universal.ml", line 467, characters 27-69
Called from file "src/ocaml-output/FStar_Main.ml", line 204, characters 27-67
Called from file "src/ocaml-output/FStar_Main.ml", line 226, characters 6-11

.\u_boot_fsts\FStar.SMTEncoding.Z3.fst(261,39-261,43): (Error) Identifier not found: [List.head]
Module List resolved into FStar.List, definition head not found
1 error was reported (see above)
make[3]: *** [Makefile:207: u_extract_smtencoding_base] Error 1
.\u_boot_fsts\FStar.TypeChecker.Env.fst(718,0-720,39): (Warning) Annotation from val declaration overrides inline type annotation
make[3]: Target 'u_extract_all' not remade because of errors.
make[2]: *** [Makefile:233: ocaml] Error 2
make[1]: *** [Makefile:243: fstar-ocaml] Error 2
make: *** [Makefile:257: utest] Error 2
