--2017-04-26 15:14:20--  https://raw.githubusercontent.com/Z3Prover/z3/master/LICENSE.txt
Resolving raw.githubusercontent.com (raw.githubusercontent.com)... 151.101.48.133
Connecting to raw.githubusercontent.com (raw.githubusercontent.com)|151.101.48.133|:443... connected.
HTTP request sent, awaiting response... 200 OK
Length: 1096 (1.1K) [text/plain]
Saving to: ‘fstar/LICENSE-z3.txt’

0K .                                                     100% 11.8M=0s

2017-04-26 15:14:20 (11.8 MB/s) - ‘fstar/LICENSE-z3.txt’ saved [1096/1096]

.\TestMRef.fst(8,0-8,20): (Warning) Top-level let-bindings must be total; this term may have effects
.\Mac.fst(70,0-70,35): (Warning) Top-level let-bindings must be total; this term may have effects
.\hello.fst(5,0-5,37): (Warning) Top-level let-bindings must be total; this term may have effects
.\hello.fst(5,0-5,37): (Warning) Top-level let-bindings must be total; this term may have effects
.\hello.fst(5,0-5,37): (Warning) Top-level let-bindings must be total; this term may have effects
.\Ex01a.fst(68,0-68,48): (Warning) Top-level let-bindings must be total; this term may have effects
.\Encrypt_SymEnc.fst(29,0-29,18): (Warning) Top-level let-bindings must be total; this term may have effects
.\Ex01a.fst(58,0-58,48): (Warning) Top-level let-bindings must be total; this term may have effects
WARNING: (8474,51): pattern does not contain all quantified variables.
WARNING: (8474,51): pattern does not contain all quantified variables.
.\MAC.fst(45,0-45,35): (Warning) Top-level let-bindings must be total; this term may have effects
.\RPC.fst(9,0-9,53): (Warning) Top-level let-bindings must be total; this term may have effects
.\RPC.fst(23,0-23,39): (Warning) Top-level let-bindings must be total; this term may have effects
.\RPC.fst(48,0-49,16): (Warning) Top-level let-bindings must be total; this term may have effects
.\RPC.fst(116,0-116,17): (Warning) Top-level let-bindings must be total; this term may have effects
.\Ex10a.fst(27,0-27,22): (Warning) Top-level let-bindings must be total; this term may have effects
.\Ex12a.Cap.fst(21,0-21,26): (Warning) Top-level let-bindings must be total; this term may have effects
.\CntProtocol.fst(14,0-14,53): (Warning) Top-level let-bindings must be total; this term may have effects
.\CntProtocol.fst(29,0-29,26): (Warning) Top-level let-bindings must be total; this term may have effects
.\CntProtocol.fst(32,0-32,54): (Warning) Top-level let-bindings must be total; this term may have effects
.\CntProtocol.fst(35,0-35,54): (Warning) Top-level let-bindings must be total; this term may have effects
.\CntProtocol.fst(99,0-99,39): (Warning) Top-level let-bindings must be total; this term may have effects
.\CntProtocol.fst(126,0-126,18): (Warning) Top-level let-bindings must be total; this term may have effects
.\CntProtocol.fst(172,0-188,5): (Warning) Top-level let-bindings must be total; this term may have effects
.\Ex10a.fst(27,0-27,22): (Warning) Top-level let-bindings must be total; this term may have effects
.\Ex12a.Cap.fst(19,0-19,26): (Warning) Top-level let-bindings must be total; this term may have effects
.\Ex12b.RPC.fst(8,0-8,53): (Warning) Top-level let-bindings must be total; this term may have effects
.\Ex12b.RPC.fst(21,0-21,39): (Warning) Top-level let-bindings must be total; this term may have effects
.\Ex12b.RPC.fst(53,0-54,16): (Warning) Top-level let-bindings must be total; this term may have effects
.\Ex12b.RPC.fst(123,0-123,17): (Warning) Top-level let-bindings must be total; this term may have effects
make[3]: warning: jobserver unavailable: using -j1.  Add '+' to parent make rule.
make[3]: warning: jobserver unavailable: using -j1.  Add '+' to parent make rule.
.\Ex01a.fst(58,0-58,48): (Warning) Top-level let-bindings must be total; this term may have effects
make[1]: [Makefile:66: Ex01a-ocaml] Error 2 (ignored)
.\Platform.Bytes.fst(15,32-18,29): (Warning) Pattern misses at least one bound variable: uu___#1090
WARNING: (8459,46): pattern does not contain any variable.
WARNING: (8641,46): pattern does not contain any variable.
WARNING: (8358,46): pattern does not contain any variable.
.\Platform.Bytes.fst(257,22-260,30): (Warning) Pattern misses at least one bound variable: i#40272
.\Platform.Bytes.fst(261,8-261,24): (Warning) Pattern misses at least one bound variable: i#42402 (see also .\Platform.Bytes.fst(257,156-260,30))
WARNING: (8664,46): pattern does not contain any variable.
WARNING: (77315,46): pattern does not contain any variable.
WARNING: (81191,43): pattern does not contain all quantified variables.
WARNING: (77315,46): pattern does not contain any variable.
WARNING: (81191,43): pattern does not contain all quantified variables.
WARNING: (77315,46): pattern does not contain any variable.
WARNING: (81191,43): pattern does not contain all quantified variables.
WARNING: (77315,46): pattern does not contain any variable.
WARNING: (81191,43): pattern does not contain all quantified variables.
WARNING: (77315,46): pattern does not contain any variable.
WARNING: (81191,43): pattern does not contain all quantified variables.
WARNING: (77315,46): pattern does not contain any variable.
WARNING: (81191,43): pattern does not contain all quantified variables.
WARNING: (77315,46): pattern does not contain any variable.
WARNING: (81191,43): pattern does not contain all quantified variables.
.\TestMRef.fst(8,0-8,20): (Warning) Top-level let-bindings must be total; this term may have effects
WARNING: (77315,46): pattern does not contain any variable.
WARNING: (81191,43): pattern does not contain all quantified variables.
WARNING: (77315,46): pattern does not contain any variable.
WARNING: (81191,43): pattern does not contain all quantified variables.
.\Platform.Bytes.fst(15,40-18,29): (Warning) Pattern misses at least one bound variable: uu___#79906
.\Platform.Bytes.fst(261,8-261,24): (Warning) Pattern misses at least one bound variable: i#89353 (see also .\Platform.Bytes.fst(257,156-260,30))
.\Mac.fst(70,0-70,35): (Warning) Top-level let-bindings must be total; this term may have effects
Already on 'master'
From https://github.com/FStarLang/binaries
* branch            master     -> FETCH_HEAD
To git@github.com:FStarLang/binaries.git
+ 432ac19...971e5bb master -> master (forced update)
