make[1]: warning: jobserver unavailable: using -j1.  Add '+' to parent make rule.
make[1]: warning: jobserver unavailable: using -j1.  Add '+' to parent make rule.
Warning: you are using the standard library and/or the %inline keyword. We
recommend switching on --infer in order to avoid obscure type error messages.
warning: CRLF will be replaced by LF in src/parser/parse.fsi.
The file will have its original line endings in your working directory.
File "src/basic/ml/FStar_Util.ml", line 47, characters 57-65:
Warning 40: st_mtime was selected from type BatUnix.stats.
It is not visible in the current scope, and will not 
be selected if the type becomes unknown.
File "src/basic/ml/FStar_Util.ml", line 660, characters 2-13:
Warning 10: this expression should have type unit.
File "src/basic/ml/FStar_Util.ml", line 47, characters 57-65:
Warning 40: st_mtime was selected from type BatUnix.stats.
It is not visible in the current scope, and will not 
be selected if the type becomes unknown.
File "src/basic/ml/FStar_Util.ml", line 660, characters 2-13:
Warning 10: this expression should have type unit.
make[3]: warning: jobserver unavailable: using -j1.  Add '+' to parent make rule.
.\u_boot_fsts\FStar.Syntax.Syntax.fst(396,0-396,33): (Warning) Annotation from val declaration overrides inline type annotation
.\u_boot_fsts\FStar.Syntax.Syntax.fst(446,0-446,48): (Warning) Annotation from val declaration overrides inline type annotation
.\u_boot_fsts\FStar.Syntax.Syntax.fst(447,0-447,76): (Warning) Annotation from val declaration overrides inline type annotation
.\u_boot_fsts\FStar.Syntax.Syntax.fst(498,0-500,38): (Warning) Annotation from val declaration overrides inline type annotation
.\u_boot_fsts\FStar.TypeChecker.Util.fst(70,0-72,32): (Warning) Annotation from val declaration overrides inline type annotation
.\u_boot_fsts\FStar.TypeChecker.Env.fst(280,0-284,35): (Warning) Annotation from val declaration overrides inline type annotation
.\u_boot_fsts\FStar.TypeChecker.Env.fst(718,0-720,39): (Warning) Annotation from val declaration overrides inline type annotation
warning: CRLF will be replaced by LF in src/parser/ml/parse.mly.
The file will have its original line endings in your working directory.
warning: CRLF will be replaced by LF in src/parser/parse.fsi.
The file will have its original line endings in your working directory.
.\NatHeap.fst(3,5-3,13) : (Error) Namespace Preorder cannot be found
Unexpected error
FStar_Errors.Error(_)
Raised by primitive operation at file "src/ocaml-output/FStar_ToSyntax_Env.ml", line 1629, characters 15-37
Called from file "src/ocaml-output/FStar_ToSyntax_ToSyntax.ml", line 4815, characters 21-62
Called from file "src/ocaml-output/FStar_ToSyntax_ToSyntax.ml", line 5258, characters 35-54
Called from file "list.ml", line 84, characters 24-34
Called from file "src/ocaml-output/FStar_ToSyntax_ToSyntax.ml", line 5308, characters 30-54
Called from file "src/ocaml-output/FStar_ToSyntax_ToSyntax.ml", line 5355, characters 24-55
Called from file "src/ocaml-output/FStar_ToSyntax_ToSyntax.ml", line 5387, characters 37-57
Called from file "list.ml", line 84, characters 24-34
Called from file "src/ocaml-output/FStar_ToSyntax_ToSyntax.ml", line 5382, characters 8-326
Called from file "src/ocaml-output/FStar_Universal.ml", line 207, characters 26-47
Called from file "src/ocaml-output/FStar_Universal.ml", line 334, characters 18-66
Called from file "src/ocaml-output/FStar_Universal.ml", line 353, characters 31-72
Called from file "src/ocaml-output/FStar_Universal.ml", line 369, characters 24-71
Called from file "src/ocaml-output/FStar_Universal.ml", line 409, characters 26-68
Called from file "src/ocaml-output/FStar_Main.ml", line 198, characters 27-67
Called from file "src/ocaml-output/FStar_Main.ml", line 220, characters 6-11

make[3]: *** [../Makefile.include:15: ImmutableST.uver] Error 1
.\hello.fst(5,0-5,37): (Warning) Top-level let-bindings must be total; this term may have effects
.\Ex01a.fst(68,0-68,48): (Warning) Top-level let-bindings must be total; this term may have effects
.\Ex01a.fst(58,0-58,48): (Warning) Top-level let-bindings must be total; this term may have effects
.\NatHeap.fst(3,5-3,13) : (Error) Namespace Preorder cannot be found
Unexpected error
FStar_Errors.Error(_)
Raised by primitive operation at file "src/ocaml-output/FStar_ToSyntax_Env.ml", line 1629, characters 15-37
Called from file "src/ocaml-output/FStar_ToSyntax_ToSyntax.ml", line 4815, characters 21-62
Called from file "src/ocaml-output/FStar_ToSyntax_ToSyntax.ml", line 5258, characters 35-54
Called from file "list.ml", line 84, characters 24-34
Called from file "src/ocaml-output/FStar_ToSyntax_ToSyntax.ml", line 5308, characters 30-54
Called from file "src/ocaml-output/FStar_ToSyntax_ToSyntax.ml", line 5355, characters 24-55
Called from file "src/ocaml-output/FStar_ToSyntax_ToSyntax.ml", line 5387, characters 37-57
Called from file "list.ml", line 84, characters 24-34
Called from file "src/ocaml-output/FStar_ToSyntax_ToSyntax.ml", line 5382, characters 8-326
Called from file "src/ocaml-output/FStar_Universal.ml", line 207, characters 26-47
Called from file "src/ocaml-output/FStar_Universal.ml", line 334, characters 18-66
Called from file "src/ocaml-output/FStar_Universal.ml", line 353, characters 31-72
Called from file "src/ocaml-output/FStar_Universal.ml", line 369, characters 24-71
Called from file "src/ocaml-output/FStar_Universal.ml", line 409, characters 26-68
Called from file "src/ocaml-output/FStar_Main.ml", line 198, characters 27-67
Called from file "src/ocaml-output/FStar_Main.ml", line 220, characters 6-11

make[3]: *** [../Makefile.include:15: AllocST.uver] Error 1
.\Platform.Bytes.fst(15,32-18,29): (Warning) Pattern misses at least one bound variable: uu___#1090
<input>(2,14-2,15): (Error) Expected expression of type "int"; got expression ""hello"" of type "string"
<input>(2,14-2,15): (Error) Expected expression of type "int"; got expression ""hello"" of type "string"
.\NatHeap.fst(3,5-3,13) : (Error) Namespace Preorder cannot be found
Unexpected error
FStar_Errors.Error(_)
Raised by primitive operation at file "src/ocaml-output/FStar_ToSyntax_Env.ml", line 1629, characters 15-37
Called from file "src/ocaml-output/FStar_ToSyntax_ToSyntax.ml", line 4815, characters 21-62
Called from file "src/ocaml-output/FStar_ToSyntax_ToSyntax.ml", line 5258, characters 35-54
Called from file "list.ml", line 84, characters 24-34
Called from file "src/ocaml-output/FStar_ToSyntax_ToSyntax.ml", line 5308, characters 30-54
Called from file "src/ocaml-output/FStar_ToSyntax_ToSyntax.ml", line 5355, characters 24-55
Called from file "src/ocaml-output/FStar_ToSyntax_ToSyntax.ml", line 5387, characters 37-57
Called from file "list.ml", line 84, characters 24-34
Called from file "src/ocaml-output/FStar_ToSyntax_ToSyntax.ml", line 5382, characters 8-326
Called from file "src/ocaml-output/FStar_Universal.ml", line 207, characters 26-47
Called from file "src/ocaml-output/FStar_Universal.ml", line 334, characters 18-66
Called from file "src/ocaml-output/FStar_Universal.ml", line 353, characters 31-72
Called from file "src/ocaml-output/FStar_Universal.ml", line 369, characters 24-71
Called from file "src/ocaml-output/FStar_Universal.ml", line 409, characters 26-68
Called from file "src/ocaml-output/FStar_Main.ml", line 198, characters 27-67
Called from file "src/ocaml-output/FStar_Main.ml", line 220, characters 6-11

make[3]: *** [../Makefile.include:15: NatHeap.uver] Error 1
<input>(2,14-2,15): (Error) Expected expression of type "int"; got expression ""hello"" of type "string"
.\ImmutableSTwHeaps.fst(4,5-4,13) : (Error) Namespace Preorder cannot be found
Unexpected error
FStar_Errors.Error(_)
Raised by primitive operation at file "src/ocaml-output/FStar_ToSyntax_Env.ml", line 1629, characters 15-37
Called from file "src/ocaml-output/FStar_ToSyntax_ToSyntax.ml", line 4815, characters 21-62
Called from file "src/ocaml-output/FStar_ToSyntax_ToSyntax.ml", line 5258, characters 35-54
Called from file "list.ml", line 84, characters 24-34
Called from file "src/ocaml-output/FStar_ToSyntax_ToSyntax.ml", line 5308, characters 30-54
Called from file "src/ocaml-output/FStar_ToSyntax_ToSyntax.ml", line 5355, characters 24-55
Called from file "src/ocaml-output/FStar_ToSyntax_ToSyntax.ml", line 5387, characters 37-57
Called from file "list.ml", line 84, characters 24-34
Called from file "src/ocaml-output/FStar_ToSyntax_ToSyntax.ml", line 5382, characters 8-326
Called from file "src/ocaml-output/FStar_Universal.ml", line 207, characters 26-47
Called from file "src/ocaml-output/FStar_Universal.ml", line 334, characters 18-66
Called from file "src/ocaml-output/FStar_Universal.ml", line 353, characters 31-72
Called from file "src/ocaml-output/FStar_Universal.ml", line 369, characters 24-71
Called from file "src/ocaml-output/FStar_Universal.ml", line 409, characters 26-68
Called from file "src/ocaml-output/FStar_Main.ml", line 198, characters 27-67
Called from file "src/ocaml-output/FStar_Main.ml", line 220, characters 6-11

make[3]: *** [../Makefile.include:15: ImmutableSTwHeaps.uver] Error 1
WARNING: (7181,46): pattern does not contain any variable.
.\MRefHeap.fst(3,5-3,13) : (Error) Namespace Preorder cannot be found
Unexpected error
FStar_Errors.Error(_)
Raised by primitive operation at file "src/ocaml-output/FStar_ToSyntax_Env.ml", line 1629, characters 15-37
Called from file "src/ocaml-output/FStar_ToSyntax_ToSyntax.ml", line 4815, characters 21-62
Called from file "src/ocaml-output/FStar_ToSyntax_ToSyntax.ml", line 5258, characters 35-54
Called from file "list.ml", line 84, characters 24-34
Called from file "src/ocaml-output/FStar_ToSyntax_ToSyntax.ml", line 5308, characters 30-54
Called from file "src/ocaml-output/FStar_ToSyntax_ToSyntax.ml", line 5355, characters 24-55
Called from file "src/ocaml-output/FStar_ToSyntax_ToSyntax.ml", line 5387, characters 37-57
Called from file "list.ml", line 84, characters 24-34
Called from file "src/ocaml-output/FStar_ToSyntax_ToSyntax.ml", line 5382, characters 8-326
Called from file "src/ocaml-output/FStar_Universal.ml", line 207, characters 26-47
Called from file "src/ocaml-output/FStar_Universal.ml", line 334, characters 18-66
Called from file "src/ocaml-output/FStar_Universal.ml", line 353, characters 31-72
Called from file "src/ocaml-output/FStar_Universal.ml", line 369, characters 24-71
Called from file "src/ocaml-output/FStar_Universal.ml", line 409, characters 26-68
Called from file "src/ocaml-output/FStar_Main.ml", line 198, characters 27-67
Called from file "src/ocaml-output/FStar_Main.ml", line 220, characters 6-11

make[3]: *** [../Makefile.include:15: ReifyTest.uver] Error 1
WARNING: (77162,46): pattern does not contain any variable.
WARNING: (7397,46): pattern does not contain any variable.
WARNING: (7080,46): pattern does not contain any variable.
.\Platform.Bytes.fst(257,22-260,30): (Warning) Pattern misses at least one bound variable: i#40244
.\AllocSTwHeaps.fst(3,5-3,13) : (Error) Namespace Preorder cannot be found
Unexpected error
FStar_Errors.Error(_)
Raised by primitive operation at file "src/ocaml-output/FStar_ToSyntax_Env.ml", line 1629, characters 15-37
Called from file "src/ocaml-output/FStar_ToSyntax_ToSyntax.ml", line 4815, characters 21-62
Called from file "src/ocaml-output/FStar_ToSyntax_ToSyntax.ml", line 5258, characters 35-54
Called from file "list.ml", line 84, characters 24-34
Called from file "src/ocaml-output/FStar_ToSyntax_ToSyntax.ml", line 5308, characters 30-54
Called from file "src/ocaml-output/FStar_ToSyntax_ToSyntax.ml", line 5355, characters 24-55
Called from file "src/ocaml-output/FStar_ToSyntax_ToSyntax.ml", line 5387, characters 37-57
Called from file "list.ml", line 84, characters 24-34
Called from file "src/ocaml-output/FStar_ToSyntax_ToSyntax.ml", line 5382, characters 8-326
Called from file "src/ocaml-output/FStar_Universal.ml", line 207, characters 26-47
Called from file "src/ocaml-output/FStar_Universal.ml", line 334, characters 18-66
Called from file "src/ocaml-output/FStar_Universal.ml", line 353, characters 31-72
Called from file "src/ocaml-output/FStar_Universal.ml", line 369, characters 24-71
Called from file "src/ocaml-output/FStar_Universal.ml", line 409, characters 26-68
Called from file "src/ocaml-output/FStar_Main.ml", line 198, characters 27-67
Called from file "src/ocaml-output/FStar_Main.ml", line 220, characters 6-11

make[3]: *** [../Makefile.include:15: AllocSTwHeaps.uver] Error 1
.\Platform.Bytes.fst(257,156-260,30): (Warning) Pattern misses at least one bound variable: i#42374
WARNING: (7386,46): pattern does not contain any variable.
.\Encrypt_SymEnc.fst(29,0-29,18): (Warning) Top-level let-bindings must be total; this term may have effects
WARNING: (77162,46): pattern does not contain any variable.
WARNING: (81038,43): pattern does not contain all quantified variables.
WARNING: (77162,46): pattern does not contain any variable.
WARNING: (81038,43): pattern does not contain all quantified variables.
.\MRefHeap.fst(3,5-3,13) : (Error) Namespace Preorder cannot be found
Unexpected error
FStar_Errors.Error(_)
Raised by primitive operation at file "src/ocaml-output/FStar_ToSyntax_Env.ml", line 1629, characters 15-37
Called from file "src/ocaml-output/FStar_ToSyntax_ToSyntax.ml", line 4815, characters 21-62
Called from file "src/ocaml-output/FStar_ToSyntax_ToSyntax.ml", line 5258, characters 35-54
Called from file "list.ml", line 84, characters 24-34
Called from file "src/ocaml-output/FStar_ToSyntax_ToSyntax.ml", line 5308, characters 30-54
Called from file "src/ocaml-output/FStar_ToSyntax_ToSyntax.ml", line 5355, characters 24-55
Called from file "src/ocaml-output/FStar_ToSyntax_ToSyntax.ml", line 5387, characters 37-57
Called from file "list.ml", line 84, characters 24-34
Called from file "src/ocaml-output/FStar_ToSyntax_ToSyntax.ml", line 5382, characters 8-326
Called from file "src/ocaml-output/FStar_Universal.ml", line 207, characters 26-47
Called from file "src/ocaml-output/FStar_Universal.ml", line 334, characters 18-66
Called from file "src/ocaml-output/FStar_Universal.ml", line 353, characters 31-72
Called from file "src/ocaml-output/FStar_Universal.ml", line 369, characters 24-71
Called from file "src/ocaml-output/FStar_Universal.ml", line 409, characters 26-68
Called from file "src/ocaml-output/FStar_Main.ml", line 198, characters 27-67
Called from file "src/ocaml-output/FStar_Main.ml", line 220, characters 6-11

make[3]: *** [Makefile:11: MRefHeap.uver] Error 1
WARNING: (77162,46): pattern does not contain any variable.
WARNING: (81038,43): pattern does not contain all quantified variables.
.\SnapshotST.fst(10,5-10,13) : (Error) Namespace Preorder cannot be found
Unexpected error
FStar_Errors.Error(_)
Raised by primitive operation at file "src/ocaml-output/FStar_ToSyntax_Env.ml", line 1629, characters 15-37
Called from file "src/ocaml-output/FStar_ToSyntax_ToSyntax.ml", line 4815, characters 21-62
Called from file "src/ocaml-output/FStar_ToSyntax_ToSyntax.ml", line 5258, characters 35-54
Called from file "list.ml", line 84, characters 24-34
Called from file "src/ocaml-output/FStar_ToSyntax_ToSyntax.ml", line 5308, characters 30-54
Called from file "src/ocaml-output/FStar_ToSyntax_ToSyntax.ml", line 5355, characters 24-55
Called from file "src/ocaml-output/FStar_ToSyntax_ToSyntax.ml", line 5387, characters 37-57
Called from file "list.ml", line 84, characters 24-34
Called from file "src/ocaml-output/FStar_ToSyntax_ToSyntax.ml", line 5382, characters 8-326
Called from file "src/ocaml-output/FStar_Universal.ml", line 207, characters 26-47
Called from file "src/ocaml-output/FStar_Universal.ml", line 334, characters 18-66
Called from file "src/ocaml-output/FStar_Universal.ml", line 353, characters 31-72
Called from file "src/ocaml-output/FStar_Universal.ml", line 369, characters 24-71
Called from file "src/ocaml-output/FStar_Universal.ml", line 409, characters 26-68
Called from file "src/ocaml-output/FStar_Main.ml", line 198, characters 27-67
Called from file "src/ocaml-output/FStar_Main.ml", line 220, characters 6-11

make[3]: *** [../Makefile.include:15: SnapshotST.uver] Error 1
WARNING: (77162,46): pattern does not contain any variable.
WARNING: (81038,43): pattern does not contain all quantified variables.
.\ReifyTestTSST.fst(3,5-3,13) : (Error) Namespace Preorder cannot be found
Unexpected error
FStar_Errors.Error(_)
Raised by primitive operation at file "src/ocaml-output/FStar_ToSyntax_Env.ml", line 1629, characters 15-37
Called from file "src/ocaml-output/FStar_ToSyntax_ToSyntax.ml", line 4815, characters 21-62
Called from file "src/ocaml-output/FStar_ToSyntax_ToSyntax.ml", line 5258, characters 35-54
Called from file "list.ml", line 84, characters 24-34
Called from file "src/ocaml-output/FStar_ToSyntax_ToSyntax.ml", line 5308, characters 30-54
Called from file "src/ocaml-output/FStar_ToSyntax_ToSyntax.ml", line 5355, characters 24-55
Called from file "src/ocaml-output/FStar_ToSyntax_ToSyntax.ml", line 5387, characters 37-57
Called from file "list.ml", line 84, characters 24-34
Called from file "src/ocaml-output/FStar_ToSyntax_ToSyntax.ml", line 5382, characters 8-326
Called from file "src/ocaml-output/FStar_Universal.ml", line 207, characters 26-47
Called from file "src/ocaml-output/FStar_Universal.ml", line 334, characters 18-66
Called from file "src/ocaml-output/FStar_Universal.ml", line 353, characters 31-72
Called from file "src/ocaml-output/FStar_Universal.ml", line 369, characters 24-71
Called from file "src/ocaml-output/FStar_Universal.ml", line 409, characters 26-68
Called from file "src/ocaml-output/FStar_Main.ml", line 198, characters 27-67
Called from file "src/ocaml-output/FStar_Main.ml", line 220, characters 6-11

make[3]: *** [../Makefile.include:15: ReifyTestTSST.uver] Error 1
WARNING: (77162,46): pattern does not contain any variable.
WARNING: (81038,43): pattern does not contain all quantified variables.
WARNING: (77162,46): pattern does not contain any variable.
WARNING: (81038,43): pattern does not contain all quantified variables.
.\MRefHeap.fst(3,5-3,13) : (Error) Namespace Preorder cannot be found
Unexpected error
FStar_Errors.Error(_)
Raised by primitive operation at file "src/ocaml-output/FStar_ToSyntax_Env.ml", line 1629, characters 15-37
Called from file "src/ocaml-output/FStar_ToSyntax_ToSyntax.ml", line 4815, characters 21-62
Called from file "src/ocaml-output/FStar_ToSyntax_ToSyntax.ml", line 5258, characters 35-54
Called from file "list.ml", line 84, characters 24-34
Called from file "src/ocaml-output/FStar_ToSyntax_ToSyntax.ml", line 5308, characters 30-54
Called from file "src/ocaml-output/FStar_ToSyntax_ToSyntax.ml", line 5355, characters 24-55
Called from file "src/ocaml-output/FStar_ToSyntax_ToSyntax.ml", line 5387, characters 37-57
Called from file "list.ml", line 84, characters 24-34
Called from file "src/ocaml-output/FStar_ToSyntax_ToSyntax.ml", line 5382, characters 8-326
Called from file "src/ocaml-output/FStar_Universal.ml", line 207, characters 26-47
Called from file "src/ocaml-output/FStar_Universal.ml", line 334, characters 18-66
Called from file "src/ocaml-output/FStar_Universal.ml", line 353, characters 31-72
Called from file "src/ocaml-output/FStar_Universal.ml", line 369, characters 24-71
Called from file "src/ocaml-output/FStar_Universal.ml", line 409, characters 26-68
Called from file "src/ocaml-output/FStar_Main.ml", line 198, characters 27-67
Called from file "src/ocaml-output/FStar_Main.ml", line 220, characters 6-11

make[3]: *** [../Makefile.include:15: MRefST.uver] Error 1
make[3]: Target 'all' not remade because of errors.
make[2]: *** [Makefile:35: preorders.all] Error 2
WARNING: (77162,46): pattern does not contain any variable.
WARNING: (81038,43): pattern does not contain all quantified variables.
WARNING: (77162,46): pattern does not contain any variable.
WARNING: (81038,43): pattern does not contain all quantified variables.
.\MAC.fst(45,0-45,35): (Warning) Top-level let-bindings must be total; this term may have effects
WARNING: (77162,46): pattern does not contain any variable.
WARNING: (81038,43): pattern does not contain all quantified variables.
WARNING: (6876,51): pattern does not contain all quantified variables.
WARNING: (6876,51): pattern does not contain all quantified variables.
WARNING: (77162,46): pattern does not contain any variable.
WARNING: (81038,43): pattern does not contain all quantified variables.
.\Platform.Bytes.fst(15,40-18,29): (Warning) Pattern misses at least one bound variable: uu___#79854
.\Platform.Bytes.fst(257,156-260,30): (Warning) Pattern misses at least one bound variable: i#89301
.\RPC.fst(9,0-9,53): (Warning) Top-level let-bindings must be total; this term may have effects
.\RPC.fst(23,0-23,39): (Warning) Top-level let-bindings must be total; this term may have effects
.\RPC.fst(48,0-49,16): (Warning) Top-level let-bindings must be total; this term may have effects
.\RPC.fst(116,0-116,17): (Warning) Top-level let-bindings must be total; this term may have effects
.\CntProtocol.fst(14,0-14,53): (Warning) Top-level let-bindings must be total; this term may have effects
.\CntProtocol.fst(29,0-29,26): (Warning) Top-level let-bindings must be total; this term may have effects
.\CntProtocol.fst(32,0-32,54): (Warning) Top-level let-bindings must be total; this term may have effects
.\CntProtocol.fst(35,0-35,54): (Warning) Top-level let-bindings must be total; this term may have effects
.\CntProtocol.fst(99,0-99,39): (Warning) Top-level let-bindings must be total; this term may have effects
.\CntProtocol.fst(126,0-126,18): (Warning) Top-level let-bindings must be total; this term may have effects
.\CntProtocol.fst(172,0-188,5): (Warning) Top-level let-bindings must be total; this term may have effects
.\Ex10a.fst(27,0-27,22): (Warning) Top-level let-bindings must be total; this term may have effects
.\TestMRef.fst(8,0-8,20): (Warning) Top-level let-bindings must be total; this term may have effects
.\Ex10a.fst(27,0-27,22): (Warning) Top-level let-bindings must be total; this term may have effects
.\Ex12a.Cap.fst(21,0-21,26): (Warning) Top-level let-bindings must be total; this term may have effects
.\Ex12a.Cap.fst(19,0-19,26): (Warning) Top-level let-bindings must be total; this term may have effects
make[5]: warning: jobserver unavailable: using -j1.  Add '+' to parent make rule.
.\Ex12b.RPC.fst(8,0-8,53): (Warning) Top-level let-bindings must be total; this term may have effects
.\Ex12b.RPC.fst(21,0-21,39): (Warning) Top-level let-bindings must be total; this term may have effects
.\Ex12b.RPC.fst(53,0-54,16): (Warning) Top-level let-bindings must be total; this term may have effects
.\Ex12b.RPC.fst(123,0-123,17): (Warning) Top-level let-bindings must be total; this term may have effects
make[5]: warning: jobserver unavailable: using -j1.  Add '+' to parent make rule.
.\Mac.fst(70,0-70,35): (Warning) Top-level let-bindings must be total; this term may have effects
.\Ex01a.fst(58,0-58,48): (Warning) Top-level let-bindings must be total; this term may have effects
.\FStar.Monotonic.RRef.MST.fst(15,4-15,6) : (Error) Duplicate top-level names FStar.Monotonic.RRef.MST.st
Unexpected error
FStar_Errors.Error(_)
Raised at file "src/ocaml-output/bootlibs/MkPrims.ml", line 89, characters 22-23
Called from file "src/ocaml-output/FStar_ToSyntax_ToSyntax.ml", line 2189, characters 35-216
Called from file "list.ml", line 84, characters 24-34
Called from file "src/ocaml-output/FStar_ToSyntax_ToSyntax.ml", line 2169, characters 16-1023
Called from file "src/ocaml-output/FStar_ToSyntax_ToSyntax.ml", line 4863, characters 26-70
Called from file "src/ocaml-output/FStar_ToSyntax_ToSyntax.ml", line 5258, characters 35-54
Called from file "list.ml", line 84, characters 24-34
Called from file "src/ocaml-output/FStar_ToSyntax_ToSyntax.ml", line 5308, characters 30-54
Called from file "src/ocaml-output/FStar_ToSyntax_ToSyntax.ml", line 5355, characters 24-55
Called from file "src/ocaml-output/FStar_ToSyntax_ToSyntax.ml", line 5387, characters 37-57
Called from file "list.ml", line 84, characters 24-34
Called from file "src/ocaml-output/FStar_ToSyntax_ToSyntax.ml", line 5382, characters 8-326
Called from file "src/ocaml-output/FStar_Universal.ml", line 207, characters 26-47
Called from file "src/ocaml-output/FStar_Universal.ml", line 309, characters 37-70
Called from file "src/ocaml-output/FStar_Universal.ml", line 330, characters 18-65
Called from file "src/ocaml-output/FStar_Universal.ml", line 353, characters 31-72
Called from file "src/ocaml-output/FStar_Universal.ml", line 369, characters 24-71
Called from file "src/ocaml-output/FStar_Universal.ml", line 409, characters 26-68
Called from file "src/ocaml-output/FStar_Main.ml", line 198, characters 27-67
Called from file "src/ocaml-output/FStar_Main.ml", line 220, characters 6-11

make[2]: *** [Makefile:28: FStar.Monotonic.RRef.MST.fst-ver] Error 1
Warning: Unable to open hints file: C:\Build\Agent\_work\1\s\ulib\FStar.MRef.MST.fst.hints; ran without hints
Warning: Unable to open hints file: C:\Build\Agent\_work\1\s\ulib\FStar.MRef.MST.fsti.hints; ran without hints
make[3]: [Makefile:66: Ex01a-ocaml] Error 2 (ignored)
Warning: Unable to open hints file: C:\Build\Agent\_work\1\s\ulib\FStar.Preorder.fst.hints; ran without hints
Warning: Unable to open hints file: C:\Build\Agent\_work\1\s\ulib\FStar.MRef.MST.fsti.hints; ran without hints
Warning: Unable to open hints file: C:\Build\Agent\_work\1\s\ulib\FStar.Monotonic.Heap.fst.hints; ran without hints
Warning: Unable to open hints file: C:\Build\Agent\_work\1\s\ulib\FStar.Monotonic.RRef.MST.fsti.hints; ran without hints
make[2]: Target 'all' not remade because of errors.
make[1]: *** [Makefile:277: uexamples] Error 2
make[2]: Target 'all' not remade because of errors.
make[1]: *** [Makefile:274: ulib] Error 2
make[1]: Target 'uregressions' not remade because of errors.
make: *** [Makefile:258: utest] Error 2
