make[1]: warning: jobserver unavailable: using -j1.  Add '+' to parent make rule.
make[1]: warning: jobserver unavailable: using -j1.  Add '+' to parent make rule.
Warning: you are using the standard library and/or the %inline keyword. We
recommend switching on --infer in order to avoid obscure type error messages.
warning: CRLF will be replaced by LF in src/parser/parse.fsi.
The file will have its original line endings in your working directory.
6 shift/reduce conflicts.
File "src/basic/ml/FStar_Util.ml", line 47, characters 57-65:
Warning 40: st_mtime was selected from type BatUnix.stats.
It is not visible in the current scope, and will not 
be selected if the type becomes unknown.
File "src/basic/ml/FStar_Util.ml", line 47, characters 57-65:
Warning 40: st_mtime was selected from type BatUnix.stats.
It is not visible in the current scope, and will not 
be selected if the type becomes unknown.
make[3]: warning: jobserver unavailable: using -j1.  Add '+' to parent make rule.
.\u_boot_fsts\FStar.Syntax.Syntax.fst(397,0-397,33): (Warning) Annotation from val declaration overrides inline type annotation
.\u_boot_fsts\FStar.Syntax.Syntax.fst(446,0-446,48): (Warning) Annotation from val declaration overrides inline type annotation
.\u_boot_fsts\FStar.Syntax.Syntax.fst(447,0-447,76): (Warning) Annotation from val declaration overrides inline type annotation
.\u_boot_fsts\FStar.Syntax.Syntax.fst(498,0-500,38): (Warning) Annotation from val declaration overrides inline type annotation
.\u_boot_fsts\FStar.TypeChecker.Env.fst(274,0-278,35): (Warning) Annotation from val declaration overrides inline type annotation
.\u_boot_fsts\FStar.TypeChecker.Util.fst(70,0-72,32): (Warning) Annotation from val declaration overrides inline type annotation
warning: CRLF will be replaced by LF in src/parser/ml/parse.mly.
The file will have its original line endings in your working directory.
warning: CRLF will be replaced by LF in src/parser/parse.fsi.
The file will have its original line endings in your working directory.
.\hello.fst(5,0-5,37): (Warning) Top-level let-bindings must be total; this term may have effects
.\Ex01a.fst(68,0-68,48): (Warning) Top-level let-bindings must be total; this term may have effects
.\Ex01a.fst(58,0-58,48): (Warning) Top-level let-bindings must be total; this term may have effects
.\Platform.Bytes.fst(15,32-18,29): (Warning) Pattern misses at least one bound variable: uu___#1088
WARNING: (6336,66): pattern does not contain any variable.
WARNING: (67885,66): pattern does not contain any variable.
WARNING: (6598,66): pattern does not contain any variable.
<input>(2,14-2,15): (Error) Expected expression of type "int"; got expression ""hello"" of type "string"
<input>(2,14-2,15): (Error) Expected expression of type "int"; got expression ""hello"" of type "string"
.\Encrypt_SymEnc.fst(29,0-29,18): (Warning) Top-level let-bindings must be total; this term may have effects
WARNING: (6258,66): pattern does not contain any variable.
.\ifcExample.fst(10,0-10,15): (Warning) Top-level let-bindings must be total; this term may have effects
.\ifcExample.fst(11,0-11,15): (Warning) Top-level let-bindings must be total; this term may have effects
.\ifcExample.fst(12,0-12,15): (Warning) Top-level let-bindings must be total; this term may have effects
.\ifcExample.fst(13,0-13,17): (Warning) Top-level let-bindings must be total; this term may have effects
.\Platform.Bytes.fst(257,22-260,30): (Warning) Pattern misses at least one bound variable: i#40911
.\Platform.Bytes.fst(257,156-260,30): (Warning) Pattern misses at least one bound variable: i#43023
WARNING: (6594,66): pattern does not contain any variable.
WARNING: (67885,66): pattern does not contain any variable.
WARNING: (71414,6): pattern does not contain all quantified variables.
<input>(2,14-2,15): (Error) Expected expression of type "int"; got expression ""hello"" of type "string"
WARNING: (67885,66): pattern does not contain any variable.
WARNING: (71414,6): pattern does not contain all quantified variables.
Unexpected error
Failure("[nm_of_comp]: impossible (PURE ((tuple2 a int)))")
Raised at file "pervasives.ml", line 30, characters 22-33
Called from file "src/ocaml-output/FStar_TypeChecker_DMFF.ml", line 1922, characters 17-59
Called from file "src/ocaml-output/FStar_TypeChecker_DMFF.ml", line 2731, characters 11-55
Called from file "src/batList.mlv", line 169, characters 28-33
Called from file "src/batList.mlv", line 172, characters 4-12
Called from file "src/ocaml-output/FStar_TypeChecker_DMFF.ml", line 2727, characters 16-391
Called from file "src/ocaml-output/FStar_TypeChecker_DMFF.ml", line 2630, characters 17-30
Called from file "src/ocaml-output/FStar_TypeChecker_DMFF.ml", line 3711, characters 17-33
Called from file "src/ocaml-output/FStar_TypeChecker_Tc.ml", line 2761, characters 17-65
Called from file "src/ocaml-output/FStar_TypeChecker_Tc.ml", line 3524, characters 17-33
Called from file "list.ml", line 84, characters 24-34
Called from file "src/ocaml-output/FStar_TypeChecker_Tc.ml", line 3566, characters 17-771
Called from file "src/ocaml-output/FStar_TypeChecker_Tc.ml", line 3658, characters 17-70
Called from file "src/ocaml-output/FStar_TypeChecker_Tc.ml", line 3899, characters 17-45
Called from file "src/basic/ml/FStar_Util.ml", line 44, characters 14-18
Called from file "src/ocaml-output/FStar_Universal.ml", line 207, characters 16-101
Called from file "list.ml", line 84, characters 24-34
Called from file "src/ocaml-output/bootlibs/FStar_All.ml", line 3, characters 21-24
Called from file "src/ocaml-output/FStar_SMTEncoding_Solver.ml", line 180, characters 13-19
Called from file "src/ocaml-output/FStar_Universal.ml", line 349, characters 16-66
Called from file "src/ocaml-output/FStar_Universal.ml", line 374, characters 16-59
Called from file "src/ocaml-output/FStar_Universal.ml", line 385, characters 16-73
Called from file "src/ocaml-output/FStar_Universal.ml", line 435, characters 16-60
Called from file "src/ocaml-output/FStar_Main.ml", line 321, characters 16-57
Called from file "src/ocaml-output/FStar_Main.ml", line 356, characters 1-8

make[3]: *** [Makefile:31: FStar.DM4F.ExnSt.uver] Error 1
WARNING: (67885,66): pattern does not contain any variable.
WARNING: (71414,6): pattern does not contain all quantified variables.
.\MAC.fst(45,0-45,35): (Warning) Top-level let-bindings must be total; this term may have effects
WARNING: (67885,66): pattern does not contain any variable.
WARNING: (71414,6): pattern does not contain all quantified variables.
WARNING: (67885,66): pattern does not contain any variable.
WARNING: (71414,6): pattern does not contain all quantified variables.
WARNING: (67885,66): pattern does not contain any variable.
WARNING: (71414,6): pattern does not contain all quantified variables.
WARNING: (67885,66): pattern does not contain any variable.
WARNING: (71414,6): pattern does not contain all quantified variables.
WARNING: (4121,6): pattern does not contain all quantified variables.
WARNING: (67885,66): pattern does not contain any variable.
WARNING: (71414,6): pattern does not contain all quantified variables.
WARNING: (67885,66): pattern does not contain any variable.
WARNING: (71414,6): pattern does not contain all quantified variables.
WARNING: (67885,66): pattern does not contain any variable.
WARNING: (71414,6): pattern does not contain all quantified variables.
.\Platform.Bytes.fst(15,40-18,29): (Warning) Pattern misses at least one bound variable: uu___#80615
.\Platform.Bytes.fst(257,156-260,30): (Warning) Pattern misses at least one bound variable: i#90062
Warning: Unable to open hints file: C:\Build\Agent\_work\1\s\examples\dm4free\FStar.DM4F.IntStoreFixed.fst.hints; ran without hints
Warning: Unable to open hints file: C:\Build\Agent\_work\1\s\examples\dm4free\FStar.DM4F.IntStore.fst.hints; ran without hints
Warning: Unable to open hints file: C:\Build\Agent\_work\1\s\examples\dm4free\FStar.DM4F.IntStoreExcFixed.fst.hints; ran without hints
.\TestMRef.fst(8,0-8,20): (Warning) Top-level let-bindings must be total; this term may have effects
make[3]: Target 'all' not remade because of errors.
make[2]: *** [Makefile:33: dm4free.all] Error 2
.\Ex10a.fst(27,0-27,19): (Warning) Top-level let-bindings must be total; this term may have effects
.\Ex12a.Cap.fst(21,0-21,26): (Warning) Top-level let-bindings must be total; this term may have effects
.\Mac.fst(70,0-70,35): (Warning) Top-level let-bindings must be total; this term may have effects
.\Ex10a.fst(27,0-27,19): (Warning) Top-level let-bindings must be total; this term may have effects
.\Ex12a.Cap.fst(19,0-19,26): (Warning) Top-level let-bindings must be total; this term may have effects
.\Ex12b.RPC.fst(8,0-8,53): (Warning) Top-level let-bindings must be total; this term may have effects
.\Ex12b.RPC.fst(21,0-21,39): (Warning) Top-level let-bindings must be total; this term may have effects
.\Ex12b.RPC.fst(53,0-54,16): (Warning) Top-level let-bindings must be total; this term may have effects
make[5]: warning: jobserver unavailable: using -j1.  Add '+' to parent make rule.
.\Ex12b.RPC.fst(123,0-123,17): (Warning) Top-level let-bindings must be total; this term may have effects
.\MAC.fst(45,0-45,35): (Warning) Top-level let-bindings must be total; this term may have effects
.\MAC.fst(45,0-45,35): (Warning) Top-level let-bindings must be total; this term may have effects
make[5]: warning: jobserver unavailable: using -j1.  Add '+' to parent make rule.
.\RPC.fst(9,0-9,53): (Warning) Top-level let-bindings must be total; this term may have effects
.\RPC.fst(23,0-23,39): (Warning) Top-level let-bindings must be total; this term may have effects
.\RPC.fst(48,0-49,16): (Warning) Top-level let-bindings must be total; this term may have effects
.\RPC.fst(116,0-116,17): (Warning) Top-level let-bindings must be total; this term may have effects
.\CntProtocol.fst(14,0-14,53): (Warning) Top-level let-bindings must be total; this term may have effects
.\CntProtocol.fst(29,0-29,26): (Warning) Top-level let-bindings must be total; this term may have effects
.\CntProtocol.fst(32,0-32,54): (Warning) Top-level let-bindings must be total; this term may have effects
.\CntProtocol.fst(35,0-35,54): (Warning) Top-level let-bindings must be total; this term may have effects
.\CntProtocol.fst(99,0-99,39): (Warning) Top-level let-bindings must be total; this term may have effects
.\Ex01a.fst(58,0-58,48): (Warning) Top-level let-bindings must be total; this term may have effects
.\CntProtocol.fst(126,0-126,18): (Warning) Top-level let-bindings must be total; this term may have effects
.\CntProtocol.fst(158,0-174,5): (Warning) Top-level let-bindings must be total; this term may have effects
make[3]: [Makefile:66: Ex01a-ocaml] Error 2 (ignored)
Warning: Unable to open hints file: C:\Build\Agent\_work\1\s\examples\rel\IfcReify.fst.hints; ran without hints
.\IfcReify.fst(385,0-427,65): (Error) Unknown assertion failed
Verified module: IfcReify (170421 milliseconds)
1 error was reported (see above)
make[3]: *** [Makefile:33: IfcReify] Error 1
make[3]: Target 'all' not remade because of errors.
make[2]: *** [Makefile:33: rel.all] Error 2
make[2]: Target 'all' not remade because of errors.
make[1]: *** [Makefile:270: uexamples] Error 2
make[1]: Target 'uregressions' not remade because of errors.
make: *** [Makefile:251: utest] Error 2
