make[1]: warning: jobserver unavailable: using -j1.  Add '+' to parent make rule.
make[1]: warning: jobserver unavailable: using -j1.  Add '+' to parent make rule.
make[2]: warning: -jN forced in submake: disabling jobserver mode.
warning: CRLF will be replaced by LF in src/parser/parse.fsi.
The file will have its original line endings in your working directory.
make[4]: warning: -jN forced in submake: disabling jobserver mode.
warning: CRLF will be replaced by LF in src/parser/parse.fsi.
The file will have its original line endings in your working directory.
make[4]: warning: jobserver unavailable: using -j1.  Add '+' to parent make rule.
make[5]: warning: -jN forced in submake: disabling jobserver mode.
.\ifc.fst(170,15-174,23): (Warning) Pattern misses at least one bound variable: env#16319
WARNING: (45261,26): pattern does not contain any variable.
.\ifc.fst(224,16-229,23): (Warning) Pattern misses at least one bound variable: env#28785
.\ifc.fst(225,2-229,23): (Warning) Pattern misses at least one bound variable: env#30208
WARNING: (45261,26): pattern does not contain any variable.
WARNING: (45477,26): pattern does not contain any variable.
.\ifc.fst(171,2-174,23): (Warning) Pattern misses at least one bound variable: env#95144
.\ifc.fst(225,2-229,23): (Warning) Pattern misses at least one bound variable: env#95831
WARNING: (45240,26): pattern does not contain any variable.
WARNING: (45446,26): pattern does not contain any variable.
Warning: Unable to open hints file: C:\Build\Agent2\_work\1\s\ulib\FStar.MarkovsPrinciple.fst.hints; ran without hints
.\FStar.Set.fst(122,23-124,47): (Error) Patterns are incomplete
Verified module: FStar.Set (2679 milliseconds)
1 error was reported (see above)
make[2]: *** [Makefile:14: FStar.Set.fst-ver] Error 1
make[2]: *** Waiting for unfinished jobs....
.\bijection.fst(5,32-5,45): (Warning) Pattern misses at least one bound variable: x#708
WARNING: (3981,6): pattern does not contain all quantified variables.
.\bijection.fst(5,32-5,45): (Warning) Pattern misses at least one bound variable: x#3554
WARNING: (3974,6): pattern does not contain all quantified variables.
WARNING: (4029,6): pattern does not contain all quantified variables.
Warning: Unable to open hints file: C:\Build\Agent2\_work\1\s\examples\algorithms\Huffman.fst.hints; ran without hints
.\StackMachine.fst(198,19-198,71): (Error) could not prove post-condition
Verified module: StackMachine (34380 milliseconds)
1 error was reported (see above)
make[3]: *** [../Makefile.include:63: StackMachine.uver] Error 1
make[3]: *** Waiting for unfinished jobs....
make[2]: *** [Makefile:48: metatheory.uall] Error 2
make[2]: *** Waiting for unfinished jobs....
make[1]: *** [Makefile:261: ulib] Error 2
make[1]: *** Waiting for unfinished jobs....
File "chacha/Buffer_Utils.ml", line 1:
Error: I/O error: chacha/Buffer_Utils.ml: No such file or directory
make[4]: *** [Makefile:62: chacha-compile] Error 2
make[4]: *** Waiting for unfinished jobs....
make[3]: *** [Makefile:38: uall] Error 2
make[2]: *** [Makefile:48: low-level.uall] Error 2
make[1]: *** [Makefile:264: uexamples] Error 2
make: *** [Makefile:241: utest] Error 2
