Warning: you are using the standard library and/or the %inline keyword. We
recommend switching on --infer in order to avoid obscure type error messages.
7 shift/reduce conflicts.
Warning: Spec.Salsa20.test_column_round2 mentions Prims.list meaning that they cannot be type-checked by KreMLin
Warning: Spec.Poly1305.test, Spec.Poly1305.expected, Spec.Poly1305.k and Spec.Poly1305.msg mention Prims.list meaning that they cannot be type-checked by KreMLin
Warning: Spec.Poly1305.expected, Spec.Poly1305.k and Spec.Poly1305.msg mention Prims.list meaning that they cannot be type-checked by KreMLin
Warning: Spec.Poly1305.k and Spec.Poly1305.msg mention Prims.list meaning that they cannot be type-checked by KreMLin
Warning: Spec.Poly1305.msg mentions Prims.list meaning that they cannot be type-checked by KreMLin
Warning 7: : After inlining, Spec.Lib.uint32_from_le calls FStar.Endianness.little_endian -- removing the static qualifier from FStar.Endianness.little_endian
Warning 7: : After inlining, Spec.Lib.uint32_to_le calls FStar.Endianness.little_bytes -- removing the static qualifier from FStar.Endianness.little_bytes
Warning 7: : After inlining, Spec.Lib.uint32_from_be calls FStar.Endianness.big_endian -- removing the static qualifier from FStar.Endianness.big_endian
Warning 7: : After inlining, Spec.Lib.uint32_to_be calls FStar.Endianness.big_bytes -- removing the static qualifier from FStar.Endianness.big_bytes
Warning 7: : After inlining, Spec.Poly1305.fmul calls FStar.Mul.op_Star -- removing the static qualifier from FStar.Mul.op_Star
Warning: Spec.Salsa20.test_column_round2 mentions Prims.list meaning that they cannot be type-checked by KreMLin
Warning: Spec.Poly1305.test, Spec.Poly1305.expected, Spec.Poly1305.k and Spec.Poly1305.msg mention Prims.list meaning that they cannot be type-checked by KreMLin
Warning: Spec.Poly1305.expected, Spec.Poly1305.k and Spec.Poly1305.msg mention Prims.list meaning that they cannot be type-checked by KreMLin
Warning: Spec.Poly1305.k and Spec.Poly1305.msg mention Prims.list meaning that they cannot be type-checked by KreMLin
Warning: Spec.Poly1305.msg mentions Prims.list meaning that they cannot be type-checked by KreMLin
Warning 7: : After inlining, Spec.Lib.uint32_from_le calls FStar.Endianness.little_endian -- removing the static qualifier from FStar.Endianness.little_endian
Warning 7: : After inlining, Spec.Lib.uint32_to_le calls FStar.Endianness.little_bytes -- removing the static qualifier from FStar.Endianness.little_bytes
Warning 7: : After inlining, Spec.Lib.uint32_from_be calls FStar.Endianness.big_endian -- removing the static qualifier from FStar.Endianness.big_endian
Warning 7: : After inlining, Spec.Lib.uint32_to_be calls FStar.Endianness.big_bytes -- removing the static qualifier from FStar.Endianness.big_bytes
Warning 7: : After inlining, Spec.Poly1305.fmul calls FStar.Mul.op_Star -- removing the static qualifier from FStar.Mul.op_Star
Warning: Spec.Chacha20.test_nonce, Spec.Chacha20.test_key, Spec.Chacha20.test_ciphertext, Spec.Chacha20.test_plaintext and Spec.Chacha20.constants mention Prims.list meaning that they cannot be type-checked by KreMLin
Warning: Spec.Chacha20.test_key, Spec.Chacha20.test_ciphertext, Spec.Chacha20.test_plaintext and Spec.Chacha20.constants mention Prims.list meaning that they cannot be type-checked by KreMLin
Warning: Spec.Chacha20.test_ciphertext, Spec.Chacha20.test_plaintext and Spec.Chacha20.constants mention Prims.list meaning that they cannot be type-checked by KreMLin
Warning: Spec.Chacha20.test_plaintext and Spec.Chacha20.constants mention Prims.list meaning that they cannot be type-checked by KreMLin
Warning: Spec.Chacha20.constants mentions Prims.list meaning that they cannot be type-checked by KreMLin
Warning 7: : After inlining, Spec.Lib.uint32_from_le calls FStar.Endianness.little_endian -- removing the static qualifier from FStar.Endianness.little_endian
Warning 7: : After inlining, Spec.Lib.uint32_to_le calls FStar.Endianness.little_bytes -- removing the static qualifier from FStar.Endianness.little_bytes
Warning 7: : After inlining, Spec.Lib.uint32_from_be calls FStar.Endianness.big_endian -- removing the static qualifier from FStar.Endianness.big_endian
Warning 7: : After inlining, Spec.Lib.uint32_to_be calls FStar.Endianness.big_bytes -- removing the static qualifier from FStar.Endianness.big_bytes
Warning: Spec.Salsa20.test_column_round2 mentions Prims.list meaning that they cannot be type-checked by KreMLin
Warning 7: : After inlining, Spec.Lib.uint32_from_le calls FStar.Endianness.little_endian -- removing the static qualifier from FStar.Endianness.little_endian
Warning 7: : After inlining, Spec.Lib.uint32_to_le calls FStar.Endianness.little_bytes -- removing the static qualifier from FStar.Endianness.little_bytes
Warning 7: : After inlining, Spec.Lib.uint32_from_be calls FStar.Endianness.big_endian -- removing the static qualifier from FStar.Endianness.big_endian
Warning 7: : After inlining, Spec.Lib.uint32_to_be calls FStar.Endianness.big_bytes -- removing the static qualifier from FStar.Endianness.big_bytes
Warning: Spec.Poly1305.test, Spec.Poly1305.expected, Spec.Poly1305.k and Spec.Poly1305.msg mention Prims.list meaning that they cannot be type-checked by KreMLin
Warning: Spec.Poly1305.expected, Spec.Poly1305.k and Spec.Poly1305.msg mention Prims.list meaning that they cannot be type-checked by KreMLin
Warning: Spec.Poly1305.k and Spec.Poly1305.msg mention Prims.list meaning that they cannot be type-checked by KreMLin
Warning: Spec.Poly1305.msg mentions Prims.list meaning that they cannot be type-checked by KreMLin
Warning 7: : After inlining, Spec.Poly1305.fmul calls FStar.Mul.op_Star -- removing the static qualifier from FStar.Mul.op_Star
Warning: Spec.Poly1305.test, Spec.Poly1305.expected, Spec.Poly1305.k and Spec.Poly1305.msg mention Prims.list meaning that they cannot be type-checked by KreMLin
Warning: Spec.Poly1305.expected, Spec.Poly1305.k and Spec.Poly1305.msg mention Prims.list meaning that they cannot be type-checked by KreMLin
Warning: Spec.Poly1305.k and Spec.Poly1305.msg mention Prims.list meaning that they cannot be type-checked by KreMLin
Warning: Spec.Poly1305.msg mentions Prims.list meaning that they cannot be type-checked by KreMLin
Warning: Spec.Chacha20.test_nonce, Spec.Chacha20.test_key, Spec.Chacha20.test_ciphertext, Spec.Chacha20.test_plaintext and Spec.Chacha20.constants mention Prims.list meaning that they cannot be type-checked by KreMLin
Warning: Spec.Chacha20.test_key, Spec.Chacha20.test_ciphertext, Spec.Chacha20.test_plaintext and Spec.Chacha20.constants mention Prims.list meaning that they cannot be type-checked by KreMLin
Warning: Spec.Chacha20.test_ciphertext, Spec.Chacha20.test_plaintext and Spec.Chacha20.constants mention Prims.list meaning that they cannot be type-checked by KreMLin
Warning: Spec.Chacha20.test_plaintext and Spec.Chacha20.constants mention Prims.list meaning that they cannot be type-checked by KreMLin
Warning: Spec.Chacha20.constants mentions Prims.list meaning that they cannot be type-checked by KreMLin
Warning 4: in top-level declaration Spec.Chacha20Poly1305.test, in file Spec_Chacha20Poly1305: Malformed input:
Type annotation is not an lid but any
Dropping Spec.Chacha20Poly1305.test (at checking time)

Warning: Spec.Chacha20Poly1305.xmac, Spec.Chacha20Poly1305.xcipher, Spec.Chacha20Poly1305.aad, Spec.Chacha20Poly1305.p, Spec.Chacha20Poly1305.n and Spec.Chacha20Poly1305.k mention Prims.list meaning that they cannot be type-checked by KreMLin
Warning: Spec.Chacha20Poly1305.xcipher, Spec.Chacha20Poly1305.aad, Spec.Chacha20Poly1305.p, Spec.Chacha20Poly1305.n and Spec.Chacha20Poly1305.k mention Prims.list meaning that they cannot be type-checked by KreMLin
Warning: Spec.Chacha20Poly1305.aad, Spec.Chacha20Poly1305.p, Spec.Chacha20Poly1305.n and Spec.Chacha20Poly1305.k mention Prims.list meaning that they cannot be type-checked by KreMLin
Warning: Spec.Chacha20Poly1305.p, Spec.Chacha20Poly1305.n and Spec.Chacha20Poly1305.k mention Prims.list meaning that they cannot be type-checked by KreMLin
Warning: Spec.Chacha20Poly1305.n and Spec.Chacha20Poly1305.k mention Prims.list meaning that they cannot be type-checked by KreMLin
Warning: Spec.Chacha20Poly1305.k mentions Prims.list meaning that they cannot be type-checked by KreMLin
Warning 7: : After inlining, Spec.Poly1305.fmul calls FStar.Mul.op_Star -- removing the static qualifier from FStar.Mul.op_Star
Warning 7: : After inlining, Spec.Lib.uint32_from_le calls FStar.Endianness.little_endian -- removing the static qualifier from FStar.Endianness.little_endian
Warning 7: : After inlining, Spec.Lib.uint32_to_le calls FStar.Endianness.little_bytes -- removing the static qualifier from FStar.Endianness.little_bytes
Warning 7: : After inlining, Spec.Lib.uint32_from_be calls FStar.Endianness.big_endian -- removing the static qualifier from FStar.Endianness.big_endian
Warning 7: : After inlining, Spec.Lib.uint32_to_be calls FStar.Endianness.big_bytes -- removing the static qualifier from FStar.Endianness.big_bytes
Warning: Spec.Poly1305.test, Spec.Poly1305.expected, Spec.Poly1305.k and Spec.Poly1305.msg mention Prims.list meaning that they cannot be type-checked by KreMLin
Warning: Spec.Poly1305.expected, Spec.Poly1305.k and Spec.Poly1305.msg mention Prims.list meaning that they cannot be type-checked by KreMLin
Warning: Spec.Poly1305.k and Spec.Poly1305.msg mention Prims.list meaning that they cannot be type-checked by KreMLin
Warning: Spec.Poly1305.msg mentions Prims.list meaning that they cannot be type-checked by KreMLin
Warning: Spec.Chacha20.test_nonce, Spec.Chacha20.test_key, Spec.Chacha20.test_ciphertext, Spec.Chacha20.test_plaintext and Spec.Chacha20.constants mention Prims.list meaning that they cannot be type-checked by KreMLin
Warning: Spec.Chacha20.test_key, Spec.Chacha20.test_ciphertext, Spec.Chacha20.test_plaintext and Spec.Chacha20.constants mention Prims.list meaning that they cannot be type-checked by KreMLin
Warning: Spec.Chacha20.test_ciphertext, Spec.Chacha20.test_plaintext and Spec.Chacha20.constants mention Prims.list meaning that they cannot be type-checked by KreMLin
Warning: Spec.Chacha20.test_plaintext and Spec.Chacha20.constants mention Prims.list meaning that they cannot be type-checked by KreMLin
Warning: Spec.Chacha20.constants mentions Prims.list meaning that they cannot be type-checked by KreMLin
Warning 4: in top-level declaration Spec.Chacha20Poly1305.test, in file Spec_Chacha20Poly1305: Malformed input:
Type annotation is not an lid but any
Dropping Spec.Chacha20Poly1305.test (at checking time)

Warning: Spec.Chacha20Poly1305.xmac, Spec.Chacha20Poly1305.xcipher, Spec.Chacha20Poly1305.aad, Spec.Chacha20Poly1305.p, Spec.Chacha20Poly1305.n and Spec.Chacha20Poly1305.k mention Prims.list meaning that they cannot be type-checked by KreMLin
Warning: Spec.Chacha20Poly1305.xcipher, Spec.Chacha20Poly1305.aad, Spec.Chacha20Poly1305.p, Spec.Chacha20Poly1305.n and Spec.Chacha20Poly1305.k mention Prims.list meaning that they cannot be type-checked by KreMLin
Warning: Spec.Chacha20Poly1305.aad, Spec.Chacha20Poly1305.p, Spec.Chacha20Poly1305.n and Spec.Chacha20Poly1305.k mention Prims.list meaning that they cannot be type-checked by KreMLin
Warning: Spec.Chacha20Poly1305.p, Spec.Chacha20Poly1305.n and Spec.Chacha20Poly1305.k mention Prims.list meaning that they cannot be type-checked by KreMLin
Warning: Spec.Chacha20Poly1305.n and Spec.Chacha20Poly1305.k mention Prims.list meaning that they cannot be type-checked by KreMLin
Warning: Spec.Chacha20Poly1305.k mentions Prims.list meaning that they cannot be type-checked by KreMLin
Warning 7: : After inlining, Spec.Poly1305.fmul calls FStar.Mul.op_Star -- removing the static qualifier from FStar.Mul.op_Star
Warning 7: : After inlining, Spec.Lib.uint32_from_le calls FStar.Endianness.little_endian -- removing the static qualifier from FStar.Endianness.little_endian
Warning 7: : After inlining, Spec.Lib.uint32_to_le calls FStar.Endianness.little_bytes -- removing the static qualifier from FStar.Endianness.little_bytes
Warning 7: : After inlining, Spec.Lib.uint32_from_be calls FStar.Endianness.big_endian -- removing the static qualifier from FStar.Endianness.big_endian
Warning 7: : After inlining, Spec.Lib.uint32_to_be calls FStar.Endianness.big_bytes -- removing the static qualifier from FStar.Endianness.big_bytes
Warning 8: : After inlining, Hacl.Bignum.Fmul.shift_reduce calls Hacl.Bignum.Fproduct.shift. This is a call across translation units but Hacl.Bignum.Fproduct.shift has a C "inline" qualifier. The C standard allows removing Hacl.Bignum.Fproduct.shift from its translation unit (see C11 6.7.3 §5), and CompCert will do it. 
Warning 8: : After inlining, Hacl.Bignum.Fmul.shift_reduce calls Hacl.Bignum.Modulo.reduce. This is a call across translation units but Hacl.Bignum.Modulo.reduce has a C "inline" qualifier. The C standard allows removing Hacl.Bignum.Modulo.reduce from its translation unit (see C11 6.7.3 §5), and CompCert will do it. 
Warning 8: : After inlining, Hacl.Bignum.Fmul.mul_shift_reduce_ calls Hacl.Bignum.Fproduct.sum_scalar_multiplication_. This is a call across translation units but Hacl.Bignum.Fproduct.sum_scalar_multiplication_ has a C "inline" qualifier. The C standard allows removing Hacl.Bignum.Fproduct.sum_scalar_multiplication_ from its translation unit (see C11 6.7.3 §5), and CompCert will do it. 
Warning 8: : After inlining, Hacl.Bignum.Fmul.fmul_ calls Hacl.Bignum.Fproduct.carry_wide_. This is a call across translation units but Hacl.Bignum.Fproduct.carry_wide_ has a C "inline" qualifier. The C standard allows removing Hacl.Bignum.Fproduct.carry_wide_ from its translation unit (see C11 6.7.3 §5), and CompCert will do it. 
Warning 8: : After inlining, Hacl.Bignum.Fmul.fmul_ calls Hacl.Bignum.Modulo.carry_top_wide. This is a call across translation units but Hacl.Bignum.Modulo.carry_top_wide has a C "inline" qualifier. The C standard allows removing Hacl.Bignum.Modulo.carry_top_wide from its translation unit (see C11 6.7.3 §5), and CompCert will do it. 
Warning 8: : After inlining, Hacl.Bignum.Fmul.fmul_ calls Hacl.Bignum.Fproduct.copy_from_wide_. This is a call across translation units but Hacl.Bignum.Fproduct.copy_from_wide_ has a C "inline" qualifier. The C standard allows removing Hacl.Bignum.Fproduct.copy_from_wide_ from its translation unit (see C11 6.7.3 §5), and CompCert will do it. 
Warning 8: : After inlining, Hacl.Bignum.Fmul.fmul_ calls Hacl.Bignum.Fproduct.carry_0_to_1. This is a call across translation units but Hacl.Bignum.Fproduct.carry_0_to_1 has a C "inline" qualifier. The C standard allows removing Hacl.Bignum.Fproduct.carry_0_to_1 from its translation unit (see C11 6.7.3 §5), and CompCert will do it. 
Warning 8: : After inlining, Hacl.Bignum.AddAndMultiply.add_and_multiply calls Hacl.Bignum.Fsum.fsum_. This is a call across translation units but Hacl.Bignum.Fsum.fsum_ has a C "inline" qualifier. The C standard allows removing Hacl.Bignum.Fsum.fsum_ from its translation unit (see C11 6.7.3 §5), and CompCert will do it. 
Warning 8: : After inlining, Hacl.Bignum.AddAndMultiply.add_and_multiply calls Hacl.Bignum.Fmul.fmul. This is a call across translation units but Hacl.Bignum.Fmul.fmul has a C "inline" qualifier. The C standard allows removing Hacl.Bignum.Fmul.fmul from its translation unit (see C11 6.7.3 §5), and CompCert will do it. 
Warning 8: : After inlining, Hacl.Impl.Poly1305_64.poly1305_update calls Hacl.Bignum.AddAndMultiply.add_and_multiply. This is a call across translation units but Hacl.Bignum.AddAndMultiply.add_and_multiply has a C "inline" qualifier. The C standard allows removing Hacl.Bignum.AddAndMultiply.add_and_multiply from its translation unit (see C11 6.7.3 §5), and CompCert will do it. 
Warning 8: : After inlining, Hacl.Impl.Poly1305_64.carry_last_unrolled calls Hacl.Bignum.Modulo.carry_top. This is a call across translation units but Hacl.Bignum.Modulo.carry_top has a C "inline" qualifier. The C standard allows removing Hacl.Bignum.Modulo.carry_top from its translation unit (see C11 6.7.3 §5), and CompCert will do it. 
Warning 8: : After inlining, Hacl.Impl.Poly1305_64.poly1305_last_pass calls Hacl.Bignum.Fproduct.carry_limb_. This is a call across translation units but Hacl.Bignum.Fproduct.carry_limb_ has a C "inline" qualifier. The C standard allows removing Hacl.Bignum.Fproduct.carry_limb_ from its translation unit (see C11 6.7.3 §5), and CompCert will do it. 
Warning 8: : After inlining, Hacl.Standalone.Poly1305_64.poly1305_blocks calls Hacl.Impl.Poly1305_64.poly1305_update. This is a call across translation units but Hacl.Impl.Poly1305_64.poly1305_update has a C "inline" qualifier. The C standard allows removing Hacl.Impl.Poly1305_64.poly1305_update from its translation unit (see C11 6.7.3 §5), and CompCert will do it. 
Warning 8: : After inlining, Hacl.Standalone.Poly1305_64.poly1305_complete calls Hacl.Impl.Poly1305_64.poly1305_process_last_block. This is a call across translation units but Hacl.Impl.Poly1305_64.poly1305_process_last_block has a C "inline" qualifier. The C standard allows removing Hacl.Impl.Poly1305_64.poly1305_process_last_block from its translation unit (see C11 6.7.3 §5), and CompCert will do it. 
Warning: Spec.Curve25519.expected2, Spec.Curve25519.expected1, Spec.Curve25519.input2, Spec.Curve25519.input1, Spec.Curve25519.scalar2 and Spec.Curve25519.scalar1 mention Prims.list meaning that they cannot be type-checked by KreMLin
Warning: Spec.Curve25519.expected1, Spec.Curve25519.input2, Spec.Curve25519.input1, Spec.Curve25519.scalar2 and Spec.Curve25519.scalar1 mention Prims.list meaning that they cannot be type-checked by KreMLin
Warning: Spec.Curve25519.input2, Spec.Curve25519.input1, Spec.Curve25519.scalar2 and Spec.Curve25519.scalar1 mention Prims.list meaning that they cannot be type-checked by KreMLin
Warning: Spec.Curve25519.input1, Spec.Curve25519.scalar2 and Spec.Curve25519.scalar1 mention Prims.list meaning that they cannot be type-checked by KreMLin
Warning: Spec.Curve25519.scalar2 and Spec.Curve25519.scalar1 mention Prims.list meaning that they cannot be type-checked by KreMLin
Warning: Spec.Curve25519.scalar1 mentions Prims.list meaning that they cannot be type-checked by KreMLin
Warning 7: : After inlining, Spec.Lib.uint32_from_le calls FStar.Endianness.little_endian -- removing the static qualifier from FStar.Endianness.little_endian
Warning 7: : After inlining, Spec.Lib.uint32_to_le calls FStar.Endianness.little_bytes -- removing the static qualifier from FStar.Endianness.little_bytes
Warning 7: : After inlining, Spec.Lib.uint32_from_be calls FStar.Endianness.big_endian -- removing the static qualifier from FStar.Endianness.big_endian
Warning 7: : After inlining, Spec.Lib.uint32_to_be calls FStar.Endianness.big_bytes -- removing the static qualifier from FStar.Endianness.big_bytes
Warning 7: : After inlining, Spec.Curve25519.fmul calls FStar.Mul.op_Star -- removing the static qualifier from FStar.Mul.op_Star
Warning 7: : After inlining, Hacl.Test.X25519.main calls Hacl.EC.crypto_scalarmult -- removing the static qualifier from Hacl.EC.crypto_scalarmult
Warning: Spec.Salsa20.test_column_round2 mentions Prims.list meaning that they cannot be type-checked by KreMLin
Warning: Spec.Poly1305.test, Spec.Poly1305.expected, Spec.Poly1305.k and Spec.Poly1305.msg mention Prims.list meaning that they cannot be type-checked by KreMLin
Warning: Spec.Poly1305.expected, Spec.Poly1305.k and Spec.Poly1305.msg mention Prims.list meaning that they cannot be type-checked by KreMLin
Warning: Spec.Poly1305.k and Spec.Poly1305.msg mention Prims.list meaning that they cannot be type-checked by KreMLin
Warning: Spec.Poly1305.msg mentions Prims.list meaning that they cannot be type-checked by KreMLin
Warning 7: : After inlining, Spec.Lib.uint32_from_le calls FStar.Endianness.little_endian -- removing the static qualifier from FStar.Endianness.little_endian
Warning 7: : After inlining, Spec.Lib.uint32_to_le calls FStar.Endianness.little_bytes -- removing the static qualifier from FStar.Endianness.little_bytes
Warning 7: : After inlining, Spec.Lib.uint32_from_be calls FStar.Endianness.big_endian -- removing the static qualifier from FStar.Endianness.big_endian
Warning 7: : After inlining, Spec.Lib.uint32_to_be calls FStar.Endianness.big_bytes -- removing the static qualifier from FStar.Endianness.big_bytes
Warning 7: : After inlining, Spec.Poly1305.fmul calls FStar.Mul.op_Star -- removing the static qualifier from FStar.Mul.op_Star
Warning: Spec.Salsa20.test_column_round2 mentions Prims.list meaning that they cannot be type-checked by KreMLin
Warning: Spec.Poly1305.test, Spec.Poly1305.expected, Spec.Poly1305.k and Spec.Poly1305.msg mention Prims.list meaning that they cannot be type-checked by KreMLin
Warning: Spec.Poly1305.expected, Spec.Poly1305.k and Spec.Poly1305.msg mention Prims.list meaning that they cannot be type-checked by KreMLin
Warning: Spec.Poly1305.k and Spec.Poly1305.msg mention Prims.list meaning that they cannot be type-checked by KreMLin
Warning: Spec.Poly1305.msg mentions Prims.list meaning that they cannot be type-checked by KreMLin
Warning 7: : After inlining, Spec.Lib.uint32_from_le calls FStar.Endianness.little_endian -- removing the static qualifier from FStar.Endianness.little_endian
Warning 7: : After inlining, Spec.Lib.uint32_to_le calls FStar.Endianness.little_bytes -- removing the static qualifier from FStar.Endianness.little_bytes
Warning 7: : After inlining, Spec.Lib.uint32_from_be calls FStar.Endianness.big_endian -- removing the static qualifier from FStar.Endianness.big_endian
Warning 7: : After inlining, Spec.Lib.uint32_to_be calls FStar.Endianness.big_bytes -- removing the static qualifier from FStar.Endianness.big_bytes
Warning 7: : After inlining, Spec.Poly1305.fmul calls FStar.Mul.op_Star -- removing the static qualifier from FStar.Mul.op_Star
Warning: Spec.Chacha20.test_nonce, Spec.Chacha20.test_key, Spec.Chacha20.test_ciphertext, Spec.Chacha20.test_plaintext and Spec.Chacha20.constants mention Prims.list meaning that they cannot be type-checked by KreMLin
Warning: Spec.Chacha20.test_key, Spec.Chacha20.test_ciphertext, Spec.Chacha20.test_plaintext and Spec.Chacha20.constants mention Prims.list meaning that they cannot be type-checked by KreMLin
Warning: Spec.Chacha20.test_ciphertext, Spec.Chacha20.test_plaintext and Spec.Chacha20.constants mention Prims.list meaning that they cannot be type-checked by KreMLin
Warning: Spec.Chacha20.test_plaintext and Spec.Chacha20.constants mention Prims.list meaning that they cannot be type-checked by KreMLin
Warning: Spec.Chacha20.constants mentions Prims.list meaning that they cannot be type-checked by KreMLin
Warning 7: : After inlining, Spec.Lib.uint32_from_le calls FStar.Endianness.little_endian -- removing the static qualifier from FStar.Endianness.little_endian
Warning 7: : After inlining, Spec.Lib.uint32_to_le calls FStar.Endianness.little_bytes -- removing the static qualifier from FStar.Endianness.little_bytes
Warning 7: : After inlining, Spec.Lib.uint32_from_be calls FStar.Endianness.big_endian -- removing the static qualifier from FStar.Endianness.big_endian
Warning 7: : After inlining, Spec.Lib.uint32_to_be calls FStar.Endianness.big_bytes -- removing the static qualifier from FStar.Endianness.big_bytes
Warning: Spec.Salsa20.test_column_round2 mentions Prims.list meaning that they cannot be type-checked by KreMLin
Warning 7: : After inlining, Spec.Lib.uint32_from_le calls FStar.Endianness.little_endian -- removing the static qualifier from FStar.Endianness.little_endian
Warning 7: : After inlining, Spec.Lib.uint32_to_le calls FStar.Endianness.little_bytes -- removing the static qualifier from FStar.Endianness.little_bytes
Warning 7: : After inlining, Spec.Lib.uint32_from_be calls FStar.Endianness.big_endian -- removing the static qualifier from FStar.Endianness.big_endian
Warning 7: : After inlining, Spec.Lib.uint32_to_be calls FStar.Endianness.big_bytes -- removing the static qualifier from FStar.Endianness.big_bytes
Warning: Spec.Poly1305.test, Spec.Poly1305.expected, Spec.Poly1305.k and Spec.Poly1305.msg mention Prims.list meaning that they cannot be type-checked by KreMLin
Warning: Spec.Poly1305.expected, Spec.Poly1305.k and Spec.Poly1305.msg mention Prims.list meaning that they cannot be type-checked by KreMLin
Warning: Spec.Poly1305.k and Spec.Poly1305.msg mention Prims.list meaning that they cannot be type-checked by KreMLin
Warning: Spec.Poly1305.msg mentions Prims.list meaning that they cannot be type-checked by KreMLin
Warning 7: : After inlining, Spec.Poly1305.fmul calls FStar.Mul.op_Star -- removing the static qualifier from FStar.Mul.op_Star
Warning: Spec.Poly1305.test, Spec.Poly1305.expected, Spec.Poly1305.k and Spec.Poly1305.msg mention Prims.list meaning that they cannot be type-checked by KreMLin
Warning: Spec.Poly1305.expected, Spec.Poly1305.k and Spec.Poly1305.msg mention Prims.list meaning that they cannot be type-checked by KreMLin
Warning: Spec.Poly1305.k and Spec.Poly1305.msg mention Prims.list meaning that they cannot be type-checked by KreMLin
Warning: Spec.Poly1305.msg mentions Prims.list meaning that they cannot be type-checked by KreMLin
Warning: Spec.Chacha20.test_nonce, Spec.Chacha20.test_key, Spec.Chacha20.test_ciphertext, Spec.Chacha20.test_plaintext and Spec.Chacha20.constants mention Prims.list meaning that they cannot be type-checked by KreMLin
Warning: Spec.Chacha20.test_key, Spec.Chacha20.test_ciphertext, Spec.Chacha20.test_plaintext and Spec.Chacha20.constants mention Prims.list meaning that they cannot be type-checked by KreMLin
Warning: Spec.Chacha20.test_ciphertext, Spec.Chacha20.test_plaintext and Spec.Chacha20.constants mention Prims.list meaning that they cannot be type-checked by KreMLin
Warning: Spec.Chacha20.test_plaintext and Spec.Chacha20.constants mention Prims.list meaning that they cannot be type-checked by KreMLin
Warning: Spec.Chacha20.constants mentions Prims.list meaning that they cannot be type-checked by KreMLin
Warning 4: in top-level declaration Spec.Chacha20Poly1305.test, in file Spec_Chacha20Poly1305: Malformed input:
Type annotation is not an lid but any
Dropping Spec.Chacha20Poly1305.test (at checking time)

Warning: Spec.Chacha20Poly1305.xmac, Spec.Chacha20Poly1305.xcipher, Spec.Chacha20Poly1305.aad, Spec.Chacha20Poly1305.p, Spec.Chacha20Poly1305.n and Spec.Chacha20Poly1305.k mention Prims.list meaning that they cannot be type-checked by KreMLin
Warning: Spec.Chacha20Poly1305.xcipher, Spec.Chacha20Poly1305.aad, Spec.Chacha20Poly1305.p, Spec.Chacha20Poly1305.n and Spec.Chacha20Poly1305.k mention Prims.list meaning that they cannot be type-checked by KreMLin
Warning: Spec.Chacha20Poly1305.aad, Spec.Chacha20Poly1305.p, Spec.Chacha20Poly1305.n and Spec.Chacha20Poly1305.k mention Prims.list meaning that they cannot be type-checked by KreMLin
Warning: Spec.Chacha20Poly1305.p, Spec.Chacha20Poly1305.n and Spec.Chacha20Poly1305.k mention Prims.list meaning that they cannot be type-checked by KreMLin
Warning: Spec.Chacha20Poly1305.n and Spec.Chacha20Poly1305.k mention Prims.list meaning that they cannot be type-checked by KreMLin
Warning: Spec.Chacha20Poly1305.k mentions Prims.list meaning that they cannot be type-checked by KreMLin
Warning 7: : After inlining, Spec.Poly1305.fmul calls FStar.Mul.op_Star -- removing the static qualifier from FStar.Mul.op_Star
Warning 7: : After inlining, Spec.Lib.uint32_from_le calls FStar.Endianness.little_endian -- removing the static qualifier from FStar.Endianness.little_endian
Warning 7: : After inlining, Spec.Lib.uint32_to_le calls FStar.Endianness.little_bytes -- removing the static qualifier from FStar.Endianness.little_bytes
Warning 7: : After inlining, Spec.Lib.uint32_from_be calls FStar.Endianness.big_endian -- removing the static qualifier from FStar.Endianness.big_endian
Warning 7: : After inlining, Spec.Lib.uint32_to_be calls FStar.Endianness.big_bytes -- removing the static qualifier from FStar.Endianness.big_bytes
Warning: Spec.Poly1305.test, Spec.Poly1305.expected, Spec.Poly1305.k and Spec.Poly1305.msg mention Prims.list meaning that they cannot be type-checked by KreMLin
Warning: Spec.Poly1305.expected, Spec.Poly1305.k and Spec.Poly1305.msg mention Prims.list meaning that they cannot be type-checked by KreMLin
Warning: Spec.Poly1305.k and Spec.Poly1305.msg mention Prims.list meaning that they cannot be type-checked by KreMLin
Warning: Spec.Poly1305.msg mentions Prims.list meaning that they cannot be type-checked by KreMLin
Warning: Spec.Chacha20.test_nonce, Spec.Chacha20.test_key, Spec.Chacha20.test_ciphertext, Spec.Chacha20.test_plaintext and Spec.Chacha20.constants mention Prims.list meaning that they cannot be type-checked by KreMLin
Warning: Spec.Chacha20.test_key, Spec.Chacha20.test_ciphertext, Spec.Chacha20.test_plaintext and Spec.Chacha20.constants mention Prims.list meaning that they cannot be type-checked by KreMLin
Warning: Spec.Chacha20.test_ciphertext, Spec.Chacha20.test_plaintext and Spec.Chacha20.constants mention Prims.list meaning that they cannot be type-checked by KreMLin
Warning: Spec.Chacha20.test_plaintext and Spec.Chacha20.constants mention Prims.list meaning that they cannot be type-checked by KreMLin
Warning: Spec.Chacha20.constants mentions Prims.list meaning that they cannot be type-checked by KreMLin
Warning 4: in top-level declaration Spec.Chacha20Poly1305.test, in file Spec_Chacha20Poly1305: Malformed input:
Type annotation is not an lid but any
Dropping Spec.Chacha20Poly1305.test (at checking time)

Warning: Spec.Chacha20Poly1305.xmac, Spec.Chacha20Poly1305.xcipher, Spec.Chacha20Poly1305.aad, Spec.Chacha20Poly1305.p, Spec.Chacha20Poly1305.n and Spec.Chacha20Poly1305.k mention Prims.list meaning that they cannot be type-checked by KreMLin
Warning: Spec.Chacha20Poly1305.xcipher, Spec.Chacha20Poly1305.aad, Spec.Chacha20Poly1305.p, Spec.Chacha20Poly1305.n and Spec.Chacha20Poly1305.k mention Prims.list meaning that they cannot be type-checked by KreMLin
Warning: Spec.Chacha20Poly1305.aad, Spec.Chacha20Poly1305.p, Spec.Chacha20Poly1305.n and Spec.Chacha20Poly1305.k mention Prims.list meaning that they cannot be type-checked by KreMLin
Warning: Spec.Chacha20Poly1305.p, Spec.Chacha20Poly1305.n and Spec.Chacha20Poly1305.k mention Prims.list meaning that they cannot be type-checked by KreMLin
Warning: Spec.Chacha20Poly1305.n and Spec.Chacha20Poly1305.k mention Prims.list meaning that they cannot be type-checked by KreMLin
Warning: Spec.Chacha20Poly1305.k mentions Prims.list meaning that they cannot be type-checked by KreMLin
Warning 7: : After inlining, Spec.Poly1305.fmul calls FStar.Mul.op_Star -- removing the static qualifier from FStar.Mul.op_Star
Warning 7: : After inlining, Spec.Lib.uint32_from_le calls FStar.Endianness.little_endian -- removing the static qualifier from FStar.Endianness.little_endian
Warning 7: : After inlining, Spec.Lib.uint32_to_le calls FStar.Endianness.little_bytes -- removing the static qualifier from FStar.Endianness.little_bytes
Warning 7: : After inlining, Spec.Lib.uint32_from_be calls FStar.Endianness.big_endian -- removing the static qualifier from FStar.Endianness.big_endian
Warning 7: : After inlining, Spec.Lib.uint32_to_be calls FStar.Endianness.big_bytes -- removing the static qualifier from FStar.Endianness.big_bytes
Warning 8: : After inlining, Hacl.Bignum.Fmul.shift_reduce calls Hacl.Bignum.Fproduct.shift. This is a call across translation units but Hacl.Bignum.Fproduct.shift has a C "inline" qualifier. The C standard allows removing Hacl.Bignum.Fproduct.shift from its translation unit (see C11 6.7.3 §5), and CompCert will do it. 
Warning 8: : After inlining, Hacl.Bignum.Fmul.shift_reduce calls Hacl.Bignum.Modulo.reduce. This is a call across translation units but Hacl.Bignum.Modulo.reduce has a C "inline" qualifier. The C standard allows removing Hacl.Bignum.Modulo.reduce from its translation unit (see C11 6.7.3 §5), and CompCert will do it. 
Warning 8: : After inlining, Hacl.Bignum.Fmul.mul_shift_reduce_ calls Hacl.Bignum.Fproduct.sum_scalar_multiplication_. This is a call across translation units but Hacl.Bignum.Fproduct.sum_scalar_multiplication_ has a C "inline" qualifier. The C standard allows removing Hacl.Bignum.Fproduct.sum_scalar_multiplication_ from its translation unit (see C11 6.7.3 §5), and CompCert will do it. 
Warning 8: : After inlining, Hacl.Bignum.Fmul.fmul_ calls Hacl.Bignum.Fproduct.carry_wide_. This is a call across translation units but Hacl.Bignum.Fproduct.carry_wide_ has a C "inline" qualifier. The C standard allows removing Hacl.Bignum.Fproduct.carry_wide_ from its translation unit (see C11 6.7.3 §5), and CompCert will do it. 
Warning 8: : After inlining, Hacl.Bignum.Fmul.fmul_ calls Hacl.Bignum.Modulo.carry_top_wide. This is a call across translation units but Hacl.Bignum.Modulo.carry_top_wide has a C "inline" qualifier. The C standard allows removing Hacl.Bignum.Modulo.carry_top_wide from its translation unit (see C11 6.7.3 §5), and CompCert will do it. 
Warning 8: : After inlining, Hacl.Bignum.Fmul.fmul_ calls Hacl.Bignum.Fproduct.copy_from_wide_. This is a call across translation units but Hacl.Bignum.Fproduct.copy_from_wide_ has a C "inline" qualifier. The C standard allows removing Hacl.Bignum.Fproduct.copy_from_wide_ from its translation unit (see C11 6.7.3 §5), and CompCert will do it. 
Warning 8: : After inlining, Hacl.Bignum.Fmul.fmul_ calls Hacl.Bignum.Fproduct.carry_0_to_1. This is a call across translation units but Hacl.Bignum.Fproduct.carry_0_to_1 has a C "inline" qualifier. The C standard allows removing Hacl.Bignum.Fproduct.carry_0_to_1 from its translation unit (see C11 6.7.3 §5), and CompCert will do it. 
Warning 8: : After inlining, Hacl.Bignum.AddAndMultiply.add_and_multiply calls Hacl.Bignum.Fsum.fsum_. This is a call across translation units but Hacl.Bignum.Fsum.fsum_ has a C "inline" qualifier. The C standard allows removing Hacl.Bignum.Fsum.fsum_ from its translation unit (see C11 6.7.3 §5), and CompCert will do it. 
Warning 8: : After inlining, Hacl.Bignum.AddAndMultiply.add_and_multiply calls Hacl.Bignum.Fmul.fmul. This is a call across translation units but Hacl.Bignum.Fmul.fmul has a C "inline" qualifier. The C standard allows removing Hacl.Bignum.Fmul.fmul from its translation unit (see C11 6.7.3 §5), and CompCert will do it. 
Warning 8: : After inlining, Hacl.Impl.Poly1305_64.poly1305_update calls Hacl.Bignum.AddAndMultiply.add_and_multiply. This is a call across translation units but Hacl.Bignum.AddAndMultiply.add_and_multiply has a C "inline" qualifier. The C standard allows removing Hacl.Bignum.AddAndMultiply.add_and_multiply from its translation unit (see C11 6.7.3 §5), and CompCert will do it. 
Warning 8: : After inlining, Hacl.Impl.Poly1305_64.carry_last_unrolled calls Hacl.Bignum.Modulo.carry_top. This is a call across translation units but Hacl.Bignum.Modulo.carry_top has a C "inline" qualifier. The C standard allows removing Hacl.Bignum.Modulo.carry_top from its translation unit (see C11 6.7.3 §5), and CompCert will do it. 
Warning 8: : After inlining, Hacl.Impl.Poly1305_64.poly1305_last_pass calls Hacl.Bignum.Fproduct.carry_limb_. This is a call across translation units but Hacl.Bignum.Fproduct.carry_limb_ has a C "inline" qualifier. The C standard allows removing Hacl.Bignum.Fproduct.carry_limb_ from its translation unit (see C11 6.7.3 §5), and CompCert will do it. 
Warning 8: : After inlining, Hacl.Standalone.Poly1305_64.poly1305_blocks calls Hacl.Impl.Poly1305_64.poly1305_update. This is a call across translation units but Hacl.Impl.Poly1305_64.poly1305_update has a C "inline" qualifier. The C standard allows removing Hacl.Impl.Poly1305_64.poly1305_update from its translation unit (see C11 6.7.3 §5), and CompCert will do it. 
Warning 8: : After inlining, Hacl.Standalone.Poly1305_64.poly1305_complete calls Hacl.Impl.Poly1305_64.poly1305_process_last_block. This is a call across translation units but Hacl.Impl.Poly1305_64.poly1305_process_last_block has a C "inline" qualifier. The C standard allows removing Hacl.Impl.Poly1305_64.poly1305_process_last_block from its translation unit (see C11 6.7.3 §5), and CompCert will do it. 
Warning: Spec.Curve25519.expected2, Spec.Curve25519.expected1, Spec.Curve25519.input2, Spec.Curve25519.input1, Spec.Curve25519.scalar2 and Spec.Curve25519.scalar1 mention Prims.list meaning that they cannot be type-checked by KreMLin
Warning: Spec.Curve25519.expected1, Spec.Curve25519.input2, Spec.Curve25519.input1, Spec.Curve25519.scalar2 and Spec.Curve25519.scalar1 mention Prims.list meaning that they cannot be type-checked by KreMLin
Warning: Spec.Curve25519.input2, Spec.Curve25519.input1, Spec.Curve25519.scalar2 and Spec.Curve25519.scalar1 mention Prims.list meaning that they cannot be type-checked by KreMLin
Warning: Spec.Curve25519.input1, Spec.Curve25519.scalar2 and Spec.Curve25519.scalar1 mention Prims.list meaning that they cannot be type-checked by KreMLin
Warning: Spec.Curve25519.scalar2 and Spec.Curve25519.scalar1 mention Prims.list meaning that they cannot be type-checked by KreMLin
Warning: Spec.Curve25519.scalar1 mentions Prims.list meaning that they cannot be type-checked by KreMLin
Warning 7: : After inlining, Spec.Lib.uint32_from_le calls FStar.Endianness.little_endian -- removing the static qualifier from FStar.Endianness.little_endian
Warning 7: : After inlining, Spec.Lib.uint32_to_le calls FStar.Endianness.little_bytes -- removing the static qualifier from FStar.Endianness.little_bytes
Warning 7: : After inlining, Spec.Lib.uint32_from_be calls FStar.Endianness.big_endian -- removing the static qualifier from FStar.Endianness.big_endian
Warning 7: : After inlining, Spec.Lib.uint32_to_be calls FStar.Endianness.big_bytes -- removing the static qualifier from FStar.Endianness.big_bytes
Warning 7: : After inlining, Spec.Curve25519.fmul calls FStar.Mul.op_Star -- removing the static qualifier from FStar.Mul.op_Star
Warning 7: : After inlining, Hacl.Test.X25519.main calls Hacl.EC.crypto_scalarmult -- removing the static qualifier from Hacl.EC.crypto_scalarmult
HACLEngine.c: In function ‘Wrapper_Chacha20_Cipher’:
HACLEngine.c:127:26: warning: passing argument 2 of ‘Chacha20_chacha20’ discards ‘const’ qualifier from pointer target type [-Wdiscarded-qualifiers]
Chacha20_chacha20(out, in, len, my_ctx, my_ctx + CHACHA20_KEY_SIZE, 0);
^
In file included from HACLEngine.c:23:0:
../../code/salsa-family/chacha-c/Chacha20.h:39:1: note: expected ‘uint8_t * {aka unsigned char *}’ but argument is of type ‘const unsigned char *’
Chacha20_chacha20(
^
HACLEngine.c: In function ‘Everest_create_all_the_things’:
HACLEngine.c:332:24: warning: assignment discards ‘const’ qualifier from pointer target type [-Wdiscarded-qualifiers]
hacl_chacha20_cipher = EVP_chacha20();
^
../../code/poly1305/poly-c/Poly1305_64.c: In function ‘Hacl_Standalone_Poly1305_64_poly1305_blocks’:
../../code/poly1305/poly-c/Poly1305_64.c:305:9: warning: variable ‘ite’ set but not used [-Wunused-but-set-variable]
void *ite;
^
Checking out files:  35% (439/1223)   Checking out files:  36% (441/1223)   Checking out files:  37% (453/1223)   Checking out files:  38% (465/1223)   Checking out files:  39% (477/1223)   Checking out files:  40% (490/1223)   Checking out files:  41% (502/1223)   Checking out files:  42% (514/1223)   Checking out files:  43% (526/1223)   Checking out files:  44% (539/1223)   Checking out files:  45% (551/1223)   Checking out files:  46% (563/1223)   Checking out files:  47% (575/1223)   Checking out files:  48% (588/1223)   Checking out files:  49% (600/1223)   Checking out files:  50% (612/1223)   Checking out files:  51% (624/1223)   Checking out files:  52% (636/1223)   Checking out files:  53% (649/1223)   Checking out files:  54% (661/1223)   Checking out files:  55% (673/1223)   Checking out files:  56% (685/1223)   Checking out files:  57% (698/1223)   Checking out files:  58% (710/1223)   Checking out files:  59% (722/1223)   Checking out files:  60% (734/1223)   Checking out files:  61% (747/1223)   Checking out files:  62% (759/1223)   Checking out files:  63% (771/1223)   Checking out files:  64% (783/1223)   Checking out files:  65% (795/1223)   Checking out files:  66% (808/1223)   Checking out files:  67% (820/1223)   Checking out files:  68% (832/1223)   Checking out files:  69% (844/1223)   Checking out files:  70% (857/1223)   Checking out files:  71% (869/1223)   Checking out files:  71% (870/1223)   Checking out files:  72% (881/1223)   Checking out files:  73% (893/1223)   Checking out files:  74% (906/1223)   Checking out files:  75% (918/1223)   Checking out files:  76% (930/1223)   Checking out files:  77% (942/1223)   Checking out files:  78% (954/1223)   Checking out files:  79% (967/1223)   Checking out files:  80% (979/1223)   Checking out files:  81% (991/1223)   Checking out files:  82% (1003/1223)   Checking out files:  83% (1016/1223)   Checking out files:  84% (1028/1223)   Checking out files:  85% (1040/1223)   Checking out files:  86% (1052/1223)   Checking out files:  87% (1065/1223)   Checking out files:  88% (1077/1223)   Checking out files:  89% (1089/1223)   Checking out files:  90% (1101/1223)   Checking out files:  91% (1113/1223)   Checking out files:  92% (1126/1223)   Checking out files:  93% (1138/1223)   Checking out files:  94% (1150/1223)   Checking out files:  95% (1162/1223)   Checking out files:  96% (1175/1223)   Checking out files:  97% (1187/1223)   Checking out files:  98% (1199/1223)   Checking out files:  99% (1211/1223)   Checking out files: 100% (1223/1223)   Checking out files: 100% (1223/1223), done.
Warning: you are leaving 1 commit behind, not connected to
any of your branches:

04b7008 [CI] regenerate hints

If you want to keep it by creating a new branch, this may be a good time
to do so with:

git branch <new-branch-name> 04b7008

Switched to branch 'master'
To git@github.com:mitls/hacl-star.git
7f260da..04b7008  master -> master
