Warning: you are using the standard library and/or the %inline keyword. We
recommend switching on --infer in order to avoid obscure type error messages.
6 shift/reduce conflicts.
[Checker.lookup_type] internal error Prims.list not found
Warning 4: <toplevel>: Malformed input:
Warnings.Fatal("Unrecoverable error")
Raised at file "src/Warnings.ml", line 47, characters 10-39
Called from file "src/Checker.ml", line 326, characters 37-58
Called from file "src/Checker.ml", line 218, characters 2-16
Called from file "src/Checker.ml", line 176, characters 6-22
Dropping Spec.Chacha20.constants (at checking time)

[Checker.lookup_type] internal error Prims.list not found
Warning 4: <toplevel>: Malformed input:
Warnings.Fatal("Unrecoverable error")
Raised at file "src/Warnings.ml", line 47, characters 10-39
Called from file "src/Checker.ml", line 326, characters 37-58
Called from file "src/Checker.ml", line 218, characters 2-16
Called from file "src/Checker.ml", line 176, characters 6-22
Dropping Spec.Chacha20.test_plaintext (at checking time)

[Checker.lookup_type] internal error Prims.list not found
Warning 4: <toplevel>: Malformed input:
Warnings.Fatal("Unrecoverable error")
Raised at file "src/Warnings.ml", line 47, characters 10-39
Called from file "src/Checker.ml", line 326, characters 37-58
Called from file "src/Checker.ml", line 218, characters 2-16
Called from file "src/Checker.ml", line 176, characters 6-22
Dropping Spec.Chacha20.test_ciphertext (at checking time)

[Checker.lookup_type] internal error Prims.list not found
Warning 4: <toplevel>: Malformed input:
Warnings.Fatal("Unrecoverable error")
Raised at file "src/Warnings.ml", line 47, characters 10-39
Called from file "src/Checker.ml", line 326, characters 37-58
Called from file "src/Checker.ml", line 218, characters 2-16
Called from file "src/Checker.ml", line 176, characters 6-22
Dropping Spec.Chacha20.test_key (at checking time)

[Checker.lookup_type] internal error Prims.list not found
Warning 4: <toplevel>: Malformed input:
Warnings.Fatal("Unrecoverable error")
Raised at file "src/Warnings.ml", line 47, characters 10-39
Called from file "src/Checker.ml", line 326, characters 37-58
Called from file "src/Checker.ml", line 218, characters 2-16
Called from file "src/Checker.ml", line 176, characters 6-22
Dropping Spec.Chacha20.test_nonce (at checking time)

Warning 7: : After inlining, Spec.Lib.uint32_from_le calls FStar.Endianness.little_endian -- removing the static qualifier from FStar.Endianness.little_endian
Warning 7: : After inlining, Spec.Lib.uint32_to_le calls FStar.Endianness.little_bytes -- removing the static qualifier from FStar.Endianness.little_bytes
Warning 7: : After inlining, Spec.Lib.uint32_from_be calls FStar.Endianness.big_endian -- removing the static qualifier from FStar.Endianness.big_endian
Warning 7: : After inlining, Spec.Lib.uint32_to_be calls FStar.Endianness.big_bytes -- removing the static qualifier from FStar.Endianness.big_bytes
[Checker.lookup_type] internal error Prims.list not found
Warning 4: <toplevel>: Malformed input:
Warnings.Fatal("Unrecoverable error")
Raised at file "src/Warnings.ml", line 47, characters 10-39
Called from file "src/Checker.ml", line 326, characters 37-58
Called from file "src/Checker.ml", line 218, characters 2-16
Called from file "src/Checker.ml", line 176, characters 6-22
Dropping Spec.Poly1305.msg (at checking time)

[Checker.lookup_type] internal error Prims.list not found
Warning 4: <toplevel>: Malformed input:
Warnings.Fatal("Unrecoverable error")
Raised at file "src/Warnings.ml", line 47, characters 10-39
Called from file "src/Checker.ml", line 326, characters 37-58
Called from file "src/Checker.ml", line 218, characters 2-16
Called from file "src/Checker.ml", line 176, characters 6-22
Dropping Spec.Poly1305.k (at checking time)

[Checker.lookup_type] internal error Prims.list not found
Warning 4: <toplevel>: Malformed input:
Warnings.Fatal("Unrecoverable error")
Raised at file "src/Warnings.ml", line 47, characters 10-39
Called from file "src/Checker.ml", line 326, characters 37-58
Called from file "src/Checker.ml", line 218, characters 2-16
Called from file "src/Checker.ml", line 176, characters 6-22
Dropping Spec.Poly1305.expected (at checking time)

[Checker.lookup_type] internal error Prims.list not found
Warning 4: <toplevel>: Malformed input:
Warnings.Fatal("Unrecoverable error")
Raised at file "src/Warnings.ml", line 47, characters 10-39
Called from file "src/Checker.ml", line 581, characters 37-58
Called from file "src/Checker.ml", line 413, characters 10-22
Called from file "list.ml", line 55, characters 20-23
Called from file "src/Checker.ml", line 464, characters 16-39
Called from file "src/Checker.ml", line 413, characters 10-22
Called from file "src/Checker.ml", line 243, characters 8-21
Called from file "src/Checker.ml", line 218, characters 2-16
Called from file "list.ml", line 110, characters 24-31
Called from file "src/Checker.ml", line 475, characters 8-40
Called from file "src/Checker.ml", line 413, characters 10-22
Called from file "src/Checker.ml", line 243, characters 8-21
Called from file "src/Checker.ml", line 218, characters 2-16
Called from file "list.ml", line 110, characters 24-31
Called from file "src/Checker.ml", line 475, characters 8-40
Called from file "src/Checker.ml", line 413, characters 10-22
Called from file "src/Checker.ml", line 243, characters 8-21
Called from file "src/Checker.ml", line 218, characters 2-16
Called from file "src/Checker.ml", line 176, characters 6-22
Dropping Spec.Poly1305.test (at checking time)

[Checker.lookup_type] internal error Prims.list not found
Warning 4: <toplevel>: Malformed input:
Warnings.Fatal("Unrecoverable error")
Raised at file "src/Warnings.ml", line 47, characters 10-39
Called from file "src/Checker.ml", line 326, characters 37-58
Called from file "src/Checker.ml", line 218, characters 2-16
Called from file "src/Checker.ml", line 176, characters 6-22
Dropping Spec.Chacha20.constants (at checking time)

[Checker.lookup_type] internal error Prims.list not found
Warning 4: <toplevel>: Malformed input:
Warnings.Fatal("Unrecoverable error")
Raised at file "src/Warnings.ml", line 47, characters 10-39
Called from file "src/Checker.ml", line 326, characters 37-58
Called from file "src/Checker.ml", line 218, characters 2-16
Called from file "src/Checker.ml", line 176, characters 6-22
Dropping Spec.Chacha20.test_plaintext (at checking time)

[Checker.lookup_type] internal error Prims.list not found
Warning 4: <toplevel>: Malformed input:
Warnings.Fatal("Unrecoverable error")
Raised at file "src/Warnings.ml", line 47, characters 10-39
Called from file "src/Checker.ml", line 326, characters 37-58
Called from file "src/Checker.ml", line 218, characters 2-16
Called from file "src/Checker.ml", line 176, characters 6-22
Dropping Spec.Chacha20.test_ciphertext (at checking time)

[Checker.lookup_type] internal error Prims.list not found
Warning 4: <toplevel>: Malformed input:
Warnings.Fatal("Unrecoverable error")
Raised at file "src/Warnings.ml", line 47, characters 10-39
Called from file "src/Checker.ml", line 326, characters 37-58
Called from file "src/Checker.ml", line 218, characters 2-16
Called from file "src/Checker.ml", line 176, characters 6-22
Dropping Spec.Chacha20.test_key (at checking time)

[Checker.lookup_type] internal error Prims.list not found
Warning 4: <toplevel>: Malformed input:
Warnings.Fatal("Unrecoverable error")
Raised at file "src/Warnings.ml", line 47, characters 10-39
Called from file "src/Checker.ml", line 326, characters 37-58
Called from file "src/Checker.ml", line 218, characters 2-16
Called from file "src/Checker.ml", line 176, characters 6-22
Dropping Spec.Chacha20.test_nonce (at checking time)

[Checker.lookup_type] internal error Prims.list not found
Warning 4: <toplevel>: Malformed input:
Warnings.Fatal("Unrecoverable error")
Raised at file "src/Warnings.ml", line 47, characters 10-39
Called from file "src/Checker.ml", line 581, characters 37-58
Called from file "src/Checker.ml", line 413, characters 10-22
Called from file "list.ml", line 55, characters 20-23
Called from file "src/Checker.ml", line 464, characters 16-39
Called from file "src/Checker.ml", line 413, characters 10-22
Called from file "src/Checker.ml", line 243, characters 8-21
Called from file "src/Checker.ml", line 218, characters 2-16
Called from file "list.ml", line 110, characters 24-31
Called from file "src/Checker.ml", line 475, characters 8-40
Called from file "src/Checker.ml", line 413, characters 10-22
Called from file "src/Checker.ml", line 334, characters 20-31
Called from file "src/Checker.ml", line 218, characters 2-16
Called from file "src/Checker.ml", line 176, characters 6-22
Dropping Spec.Chacha20Poly1305.test (at checking time)

Warning 7: : After inlining, Spec.Poly1305.fmul calls FStar.Mul.op_Star -- removing the static qualifier from FStar.Mul.op_Star
Warning 7: : After inlining, Spec.Lib.uint32_from_le calls FStar.Endianness.little_endian -- removing the static qualifier from FStar.Endianness.little_endian
Warning 7: : After inlining, Spec.Lib.uint32_to_le calls FStar.Endianness.little_bytes -- removing the static qualifier from FStar.Endianness.little_bytes
Warning 7: : After inlining, Spec.Lib.uint32_from_be calls FStar.Endianness.big_endian -- removing the static qualifier from FStar.Endianness.big_endian
Warning 7: : After inlining, Spec.Lib.uint32_to_be calls FStar.Endianness.big_bytes -- removing the static qualifier from FStar.Endianness.big_bytes
[Checker.lookup_type] internal error Prims.list not found
Warning 4: <toplevel>: Malformed input:
Warnings.Fatal("Unrecoverable error")
Raised at file "src/Warnings.ml", line 47, characters 10-39
Called from file "src/Checker.ml", line 326, characters 37-58
Called from file "src/Checker.ml", line 218, characters 2-16
Called from file "src/Checker.ml", line 176, characters 6-22
Dropping Spec.Poly1305.msg (at checking time)

[Checker.lookup_type] internal error Prims.list not found
Warning 4: <toplevel>: Malformed input:
Warnings.Fatal("Unrecoverable error")
Raised at file "src/Warnings.ml", line 47, characters 10-39
Called from file "src/Checker.ml", line 326, characters 37-58
Called from file "src/Checker.ml", line 218, characters 2-16
Called from file "src/Checker.ml", line 176, characters 6-22
Dropping Spec.Poly1305.k (at checking time)

[Checker.lookup_type] internal error Prims.list not found
Warning 4: <toplevel>: Malformed input:
Warnings.Fatal("Unrecoverable error")
Raised at file "src/Warnings.ml", line 47, characters 10-39
Called from file "src/Checker.ml", line 326, characters 37-58
Called from file "src/Checker.ml", line 218, characters 2-16
Called from file "src/Checker.ml", line 176, characters 6-22
Dropping Spec.Poly1305.expected (at checking time)

[Checker.lookup_type] internal error Prims.list not found
Warning 4: <toplevel>: Malformed input:
Warnings.Fatal("Unrecoverable error")
Raised at file "src/Warnings.ml", line 47, characters 10-39
Called from file "src/Checker.ml", line 581, characters 37-58
Called from file "src/Checker.ml", line 413, characters 10-22
Called from file "list.ml", line 55, characters 20-23
Called from file "src/Checker.ml", line 464, characters 16-39
Called from file "src/Checker.ml", line 413, characters 10-22
Called from file "src/Checker.ml", line 243, characters 8-21
Called from file "src/Checker.ml", line 218, characters 2-16
Called from file "list.ml", line 110, characters 24-31
Called from file "src/Checker.ml", line 475, characters 8-40
Called from file "src/Checker.ml", line 413, characters 10-22
Called from file "src/Checker.ml", line 243, characters 8-21
Called from file "src/Checker.ml", line 218, characters 2-16
Called from file "list.ml", line 110, characters 24-31
Called from file "src/Checker.ml", line 475, characters 8-40
Called from file "src/Checker.ml", line 413, characters 10-22
Called from file "src/Checker.ml", line 243, characters 8-21
Called from file "src/Checker.ml", line 218, characters 2-16
Called from file "src/Checker.ml", line 176, characters 6-22
Dropping Spec.Poly1305.test (at checking time)

[Checker.lookup_type] internal error Prims.list not found
Warning 4: <toplevel>: Malformed input:
Warnings.Fatal("Unrecoverable error")
Raised at file "src/Warnings.ml", line 47, characters 10-39
Called from file "src/Checker.ml", line 326, characters 37-58
Called from file "src/Checker.ml", line 218, characters 2-16
Called from file "src/Checker.ml", line 176, characters 6-22
Dropping Spec.Chacha20.constants (at checking time)

[Checker.lookup_type] internal error Prims.list not found
Warning 4: <toplevel>: Malformed input:
Warnings.Fatal("Unrecoverable error")
Raised at file "src/Warnings.ml", line 47, characters 10-39
Called from file "src/Checker.ml", line 326, characters 37-58
Called from file "src/Checker.ml", line 218, characters 2-16
Called from file "src/Checker.ml", line 176, characters 6-22
Dropping Spec.Chacha20.test_plaintext (at checking time)

[Checker.lookup_type] internal error Prims.list not found
Warning 4: <toplevel>: Malformed input:
Warnings.Fatal("Unrecoverable error")
Raised at file "src/Warnings.ml", line 47, characters 10-39
Called from file "src/Checker.ml", line 326, characters 37-58
Called from file "src/Checker.ml", line 218, characters 2-16
Called from file "src/Checker.ml", line 176, characters 6-22
Dropping Spec.Chacha20.test_ciphertext (at checking time)

[Checker.lookup_type] internal error Prims.list not found
Warning 4: <toplevel>: Malformed input:
Warnings.Fatal("Unrecoverable error")
Raised at file "src/Warnings.ml", line 47, characters 10-39
Called from file "src/Checker.ml", line 326, characters 37-58
Called from file "src/Checker.ml", line 218, characters 2-16
Called from file "src/Checker.ml", line 176, characters 6-22
Dropping Spec.Chacha20.test_key (at checking time)

[Checker.lookup_type] internal error Prims.list not found
Warning 4: <toplevel>: Malformed input:
Warnings.Fatal("Unrecoverable error")
Raised at file "src/Warnings.ml", line 47, characters 10-39
Called from file "src/Checker.ml", line 326, characters 37-58
Called from file "src/Checker.ml", line 218, characters 2-16
Called from file "src/Checker.ml", line 176, characters 6-22
Dropping Spec.Chacha20.test_nonce (at checking time)

[Checker.lookup_type] internal error Prims.list not found
Warning 4: <toplevel>: Malformed input:
Warnings.Fatal("Unrecoverable error")
Raised at file "src/Warnings.ml", line 47, characters 10-39
Called from file "src/Checker.ml", line 581, characters 37-58
Called from file "src/Checker.ml", line 413, characters 10-22
Called from file "list.ml", line 55, characters 20-23
Called from file "src/Checker.ml", line 464, characters 16-39
Called from file "src/Checker.ml", line 413, characters 10-22
Called from file "src/Checker.ml", line 243, characters 8-21
Called from file "src/Checker.ml", line 218, characters 2-16
Called from file "list.ml", line 110, characters 24-31
Called from file "src/Checker.ml", line 475, characters 8-40
Called from file "src/Checker.ml", line 413, characters 10-22
Called from file "src/Checker.ml", line 334, characters 20-31
Called from file "src/Checker.ml", line 218, characters 2-16
Called from file "src/Checker.ml", line 176, characters 6-22
Dropping Spec.Chacha20Poly1305.test (at checking time)

Warning 7: : After inlining, Spec.Poly1305.fmul calls FStar.Mul.op_Star -- removing the static qualifier from FStar.Mul.op_Star
Warning 7: : After inlining, Spec.Lib.uint32_from_le calls FStar.Endianness.little_endian -- removing the static qualifier from FStar.Endianness.little_endian
Warning 7: : After inlining, Spec.Lib.uint32_to_le calls FStar.Endianness.little_bytes -- removing the static qualifier from FStar.Endianness.little_bytes
Warning 7: : After inlining, Spec.Lib.uint32_from_be calls FStar.Endianness.big_endian -- removing the static qualifier from FStar.Endianness.big_endian
Warning 7: : After inlining, Spec.Lib.uint32_to_be calls FStar.Endianness.big_bytes -- removing the static qualifier from FStar.Endianness.big_bytes
[Checker.lookup_type] internal error Prims.list not found
Warning 4: <toplevel>: Malformed input:
Warnings.Fatal("Unrecoverable error")
Raised at file "src/Warnings.ml", line 47, characters 10-39
Called from file "src/Checker.ml", line 326, characters 37-58
Called from file "src/Checker.ml", line 218, characters 2-16
Called from file "src/Checker.ml", line 176, characters 6-22
Dropping Spec.Poly1305.msg (at checking time)

[Checker.lookup_type] internal error Prims.list not found
Warning 4: <toplevel>: Malformed input:
Warnings.Fatal("Unrecoverable error")
Raised at file "src/Warnings.ml", line 47, characters 10-39
Called from file "src/Checker.ml", line 326, characters 37-58
Called from file "src/Checker.ml", line 218, characters 2-16
Called from file "src/Checker.ml", line 176, characters 6-22
Dropping Spec.Poly1305.k (at checking time)

[Checker.lookup_type] internal error Prims.list not found
Warning 4: <toplevel>: Malformed input:
Warnings.Fatal("Unrecoverable error")
Raised at file "src/Warnings.ml", line 47, characters 10-39
Called from file "src/Checker.ml", line 326, characters 37-58
Called from file "src/Checker.ml", line 218, characters 2-16
Called from file "src/Checker.ml", line 176, characters 6-22
Dropping Spec.Poly1305.expected (at checking time)

[Checker.lookup_type] internal error Prims.list not found
Warning 4: <toplevel>: Malformed input:
Warnings.Fatal("Unrecoverable error")
Raised at file "src/Warnings.ml", line 47, characters 10-39
Called from file "src/Checker.ml", line 581, characters 37-58
Called from file "src/Checker.ml", line 413, characters 10-22
Called from file "list.ml", line 55, characters 20-23
Called from file "src/Checker.ml", line 464, characters 16-39
Called from file "src/Checker.ml", line 413, characters 10-22
Called from file "src/Checker.ml", line 243, characters 8-21
Called from file "src/Checker.ml", line 218, characters 2-16
Called from file "list.ml", line 110, characters 24-31
Called from file "src/Checker.ml", line 475, characters 8-40
Called from file "src/Checker.ml", line 413, characters 10-22
Called from file "src/Checker.ml", line 243, characters 8-21
Called from file "src/Checker.ml", line 218, characters 2-16
Called from file "list.ml", line 110, characters 24-31
Called from file "src/Checker.ml", line 475, characters 8-40
Called from file "src/Checker.ml", line 413, characters 10-22
Called from file "src/Checker.ml", line 243, characters 8-21
Called from file "src/Checker.ml", line 218, characters 2-16
Called from file "src/Checker.ml", line 176, characters 6-22
Dropping Spec.Poly1305.test (at checking time)

[Checker.lookup_type] internal error Prims.list not found
Warning 4: <toplevel>: Malformed input:
Warnings.Fatal("Unrecoverable error")
Raised at file "src/Warnings.ml", line 47, characters 10-39
Called from file "src/Checker.ml", line 326, characters 37-58
Called from file "src/Checker.ml", line 218, characters 2-16
Called from file "src/Checker.ml", line 176, characters 6-22
Dropping Spec.Chacha20.constants (at checking time)

[Checker.lookup_type] internal error Prims.list not found
Warning 4: <toplevel>: Malformed input:
Warnings.Fatal("Unrecoverable error")
Raised at file "src/Warnings.ml", line 47, characters 10-39
Called from file "src/Checker.ml", line 326, characters 37-58
Called from file "src/Checker.ml", line 218, characters 2-16
Called from file "src/Checker.ml", line 176, characters 6-22
Dropping Spec.Chacha20.test_plaintext (at checking time)

[Checker.lookup_type] internal error Prims.list not found
Warning 4: <toplevel>: Malformed input:
Warnings.Fatal("Unrecoverable error")
Raised at file "src/Warnings.ml", line 47, characters 10-39
Called from file "src/Checker.ml", line 326, characters 37-58
Called from file "src/Checker.ml", line 218, characters 2-16
Called from file "src/Checker.ml", line 176, characters 6-22
Dropping Spec.Chacha20.test_ciphertext (at checking time)

[Checker.lookup_type] internal error Prims.list not found
Warning 4: <toplevel>: Malformed input:
Warnings.Fatal("Unrecoverable error")
Raised at file "src/Warnings.ml", line 47, characters 10-39
Called from file "src/Checker.ml", line 326, characters 37-58
Called from file "src/Checker.ml", line 218, characters 2-16
Called from file "src/Checker.ml", line 176, characters 6-22
Dropping Spec.Chacha20.test_key (at checking time)

[Checker.lookup_type] internal error Prims.list not found
Warning 4: <toplevel>: Malformed input:
Warnings.Fatal("Unrecoverable error")
Raised at file "src/Warnings.ml", line 47, characters 10-39
Called from file "src/Checker.ml", line 326, characters 37-58
Called from file "src/Checker.ml", line 218, characters 2-16
Called from file "src/Checker.ml", line 176, characters 6-22
Dropping Spec.Chacha20.test_nonce (at checking time)

[Checker.lookup_type] internal error Prims.list not found
Warning 4: <toplevel>: Malformed input:
Warnings.Fatal("Unrecoverable error")
Raised at file "src/Warnings.ml", line 47, characters 10-39
Called from file "src/Checker.ml", line 581, characters 37-58
Called from file "src/Checker.ml", line 413, characters 10-22
Called from file "list.ml", line 55, characters 20-23
Called from file "src/Checker.ml", line 464, characters 16-39
Called from file "src/Checker.ml", line 413, characters 10-22
Called from file "src/Checker.ml", line 243, characters 8-21
Called from file "src/Checker.ml", line 218, characters 2-16
Called from file "list.ml", line 110, characters 24-31
Called from file "src/Checker.ml", line 475, characters 8-40
Called from file "src/Checker.ml", line 413, characters 10-22
Called from file "src/Checker.ml", line 334, characters 20-31
Called from file "src/Checker.ml", line 218, characters 2-16
Called from file "src/Checker.ml", line 176, characters 6-22
Dropping Spec.Chacha20Poly1305.test (at checking time)

Warning 7: : After inlining, Spec.Poly1305.fmul calls FStar.Mul.op_Star -- removing the static qualifier from FStar.Mul.op_Star
Warning 7: : After inlining, Spec.Lib.uint32_from_le calls FStar.Endianness.little_endian -- removing the static qualifier from FStar.Endianness.little_endian
Warning 7: : After inlining, Spec.Lib.uint32_to_le calls FStar.Endianness.little_bytes -- removing the static qualifier from FStar.Endianness.little_bytes
Warning 7: : After inlining, Spec.Lib.uint32_from_be calls FStar.Endianness.big_endian -- removing the static qualifier from FStar.Endianness.big_endian
Warning 7: : After inlining, Spec.Lib.uint32_to_be calls FStar.Endianness.big_bytes -- removing the static qualifier from FStar.Endianness.big_bytes
[Checker.lookup_type] internal error Prims.list not found
Warning 4: <toplevel>: Malformed input:
Warnings.Fatal("Unrecoverable error")
Raised at file "src/Warnings.ml", line 47, characters 10-39
Called from file "src/Checker.ml", line 326, characters 37-58
Called from file "src/Checker.ml", line 218, characters 2-16
Called from file "src/Checker.ml", line 176, characters 6-22
Dropping Spec.Chacha20.constants (at checking time)

[Checker.lookup_type] internal error Prims.list not found
Warning 4: <toplevel>: Malformed input:
Warnings.Fatal("Unrecoverable error")
Raised at file "src/Warnings.ml", line 47, characters 10-39
Called from file "src/Checker.ml", line 326, characters 37-58
Called from file "src/Checker.ml", line 218, characters 2-16
Called from file "src/Checker.ml", line 176, characters 6-22
Dropping Spec.Chacha20.test_plaintext (at checking time)

[Checker.lookup_type] internal error Prims.list not found
Warning 4: <toplevel>: Malformed input:
Warnings.Fatal("Unrecoverable error")
Raised at file "src/Warnings.ml", line 47, characters 10-39
Called from file "src/Checker.ml", line 326, characters 37-58
Called from file "src/Checker.ml", line 218, characters 2-16
Called from file "src/Checker.ml", line 176, characters 6-22
Dropping Spec.Chacha20.test_ciphertext (at checking time)

[Checker.lookup_type] internal error Prims.list not found
Warning 4: <toplevel>: Malformed input:
Warnings.Fatal("Unrecoverable error")
Raised at file "src/Warnings.ml", line 47, characters 10-39
Called from file "src/Checker.ml", line 326, characters 37-58
Called from file "src/Checker.ml", line 218, characters 2-16
Called from file "src/Checker.ml", line 176, characters 6-22
Dropping Spec.Chacha20.test_key (at checking time)

[Checker.lookup_type] internal error Prims.list not found
Warning 4: <toplevel>: Malformed input:
Warnings.Fatal("Unrecoverable error")
Raised at file "src/Warnings.ml", line 47, characters 10-39
Called from file "src/Checker.ml", line 326, characters 37-58
Called from file "src/Checker.ml", line 218, characters 2-16
Called from file "src/Checker.ml", line 176, characters 6-22
Dropping Spec.Chacha20.test_nonce (at checking time)

[Checker.lookup_type] internal error Prims.list not found
Warning 4: <toplevel>: Malformed input:
Warnings.Fatal("Unrecoverable error")
Raised at file "src/Warnings.ml", line 47, characters 10-39
Called from file "src/Checker.ml", line 326, characters 37-58
Called from file "src/Checker.ml", line 218, characters 2-16
Called from file "src/Checker.ml", line 176, characters 6-22
Dropping Spec.Poly1305.msg (at checking time)

[Checker.lookup_type] internal error Prims.list not found
Warning 4: <toplevel>: Malformed input:
Warnings.Fatal("Unrecoverable error")
Raised at file "src/Warnings.ml", line 47, characters 10-39
Called from file "src/Checker.ml", line 326, characters 37-58
Called from file "src/Checker.ml", line 218, characters 2-16
Called from file "src/Checker.ml", line 176, characters 6-22
Dropping Spec.Poly1305.k (at checking time)

[Checker.lookup_type] internal error Prims.list not found
Warning 4: <toplevel>: Malformed input:
Warnings.Fatal("Unrecoverable error")
Raised at file "src/Warnings.ml", line 47, characters 10-39
Called from file "src/Checker.ml", line 326, characters 37-58
Called from file "src/Checker.ml", line 218, characters 2-16
Called from file "src/Checker.ml", line 176, characters 6-22
Dropping Spec.Poly1305.expected (at checking time)

[Checker.lookup_type] internal error Prims.list not found
Warning 4: <toplevel>: Malformed input:
Warnings.Fatal("Unrecoverable error")
Raised at file "src/Warnings.ml", line 47, characters 10-39
Called from file "src/Checker.ml", line 581, characters 37-58
Called from file "src/Checker.ml", line 413, characters 10-22
Called from file "list.ml", line 55, characters 20-23
Called from file "src/Checker.ml", line 464, characters 16-39
Called from file "src/Checker.ml", line 413, characters 10-22
Called from file "src/Checker.ml", line 243, characters 8-21
Called from file "src/Checker.ml", line 218, characters 2-16
Called from file "list.ml", line 110, characters 24-31
Called from file "src/Checker.ml", line 475, characters 8-40
Called from file "src/Checker.ml", line 413, characters 10-22
Called from file "src/Checker.ml", line 243, characters 8-21
Called from file "src/Checker.ml", line 218, characters 2-16
Called from file "list.ml", line 110, characters 24-31
Called from file "src/Checker.ml", line 475, characters 8-40
Called from file "src/Checker.ml", line 413, characters 10-22
Called from file "src/Checker.ml", line 243, characters 8-21
Called from file "src/Checker.ml", line 218, characters 2-16
Called from file "src/Checker.ml", line 176, characters 6-22
Dropping Spec.Poly1305.test (at checking time)

[Checker.lookup_type] internal error Prims.list not found
Warning 4: <toplevel>: Malformed input:
Warnings.Fatal("Unrecoverable error")
Raised at file "src/Warnings.ml", line 47, characters 10-39
Called from file "src/Checker.ml", line 581, characters 37-58
Called from file "src/Checker.ml", line 413, characters 10-22
Called from file "list.ml", line 55, characters 20-23
Called from file "src/Checker.ml", line 464, characters 16-39
Called from file "src/Checker.ml", line 413, characters 10-22
Called from file "src/Checker.ml", line 243, characters 8-21
Called from file "src/Checker.ml", line 218, characters 2-16
Called from file "list.ml", line 110, characters 24-31
Called from file "src/Checker.ml", line 475, characters 8-40
Called from file "src/Checker.ml", line 413, characters 10-22
Called from file "src/Checker.ml", line 334, characters 20-31
Called from file "src/Checker.ml", line 218, characters 2-16
Called from file "src/Checker.ml", line 176, characters 6-22
Dropping Spec.Chacha20Poly1305.test (at checking time)

Warning 7: : After inlining, Spec.Lib.uint32_from_le calls FStar.Endianness.little_endian -- removing the static qualifier from FStar.Endianness.little_endian
Warning 7: : After inlining, Spec.Lib.uint32_to_le calls FStar.Endianness.little_bytes -- removing the static qualifier from FStar.Endianness.little_bytes
Warning 7: : After inlining, Spec.Lib.uint32_from_be calls FStar.Endianness.big_endian -- removing the static qualifier from FStar.Endianness.big_endian
Warning 7: : After inlining, Spec.Lib.uint32_to_be calls FStar.Endianness.big_bytes -- removing the static qualifier from FStar.Endianness.big_bytes
Warning 7: : After inlining, Spec.Poly1305.fmul calls FStar.Mul.op_Star -- removing the static qualifier from FStar.Mul.op_Star
Warning 8: : After inlining, Hacl.Bignum.Fmul.shift_reduce calls Hacl.Bignum.Fproduct.shift. This is a call across translation units but Hacl.Bignum.Fproduct.shift has a C "inline" qualifier. The C standard allows removing Hacl.Bignum.Fproduct.shift from its translation unit (see C11 6.7.3 §5), and CompCert will do it. 
Warning 8: : After inlining, Hacl.Bignum.Fmul.shift_reduce calls Hacl.Bignum.Modulo.reduce. This is a call across translation units but Hacl.Bignum.Modulo.reduce has a C "inline" qualifier. The C standard allows removing Hacl.Bignum.Modulo.reduce from its translation unit (see C11 6.7.3 §5), and CompCert will do it. 
Warning 8: : After inlining, Hacl.Bignum.Fmul.mul_shift_reduce_ calls Hacl.Bignum.Fproduct.sum_scalar_multiplication_. This is a call across translation units but Hacl.Bignum.Fproduct.sum_scalar_multiplication_ has a C "inline" qualifier. The C standard allows removing Hacl.Bignum.Fproduct.sum_scalar_multiplication_ from its translation unit (see C11 6.7.3 §5), and CompCert will do it. 
Warning 8: : After inlining, Hacl.Bignum.Fmul.fmul_ calls Hacl.Bignum.Fproduct.carry_wide_. This is a call across translation units but Hacl.Bignum.Fproduct.carry_wide_ has a C "inline" qualifier. The C standard allows removing Hacl.Bignum.Fproduct.carry_wide_ from its translation unit (see C11 6.7.3 §5), and CompCert will do it. 
Warning 8: : After inlining, Hacl.Bignum.Fmul.fmul_ calls Hacl.Bignum.Modulo.carry_top_wide. This is a call across translation units but Hacl.Bignum.Modulo.carry_top_wide has a C "inline" qualifier. The C standard allows removing Hacl.Bignum.Modulo.carry_top_wide from its translation unit (see C11 6.7.3 §5), and CompCert will do it. 
Warning 8: : After inlining, Hacl.Bignum.Fmul.fmul_ calls Hacl.Bignum.Fproduct.copy_from_wide_. This is a call across translation units but Hacl.Bignum.Fproduct.copy_from_wide_ has a C "inline" qualifier. The C standard allows removing Hacl.Bignum.Fproduct.copy_from_wide_ from its translation unit (see C11 6.7.3 §5), and CompCert will do it. 
Warning 8: : After inlining, Hacl.Bignum.Fmul.fmul_ calls Hacl.Bignum.Fproduct.carry_0_to_1. This is a call across translation units but Hacl.Bignum.Fproduct.carry_0_to_1 has a C "inline" qualifier. The C standard allows removing Hacl.Bignum.Fproduct.carry_0_to_1 from its translation unit (see C11 6.7.3 §5), and CompCert will do it. 
Warning 8: : After inlining, Hacl.Bignum.AddAndMultiply.add_and_multiply calls Hacl.Bignum.Fsum.fsum_. This is a call across translation units but Hacl.Bignum.Fsum.fsum_ has a C "inline" qualifier. The C standard allows removing Hacl.Bignum.Fsum.fsum_ from its translation unit (see C11 6.7.3 §5), and CompCert will do it. 
Warning 8: : After inlining, Hacl.Bignum.AddAndMultiply.add_and_multiply calls Hacl.Bignum.Fmul.fmul. This is a call across translation units but Hacl.Bignum.Fmul.fmul has a C "inline" qualifier. The C standard allows removing Hacl.Bignum.Fmul.fmul from its translation unit (see C11 6.7.3 §5), and CompCert will do it. 
Warning 8: : After inlining, Hacl.Impl.Poly1305_64.poly1305_update calls Hacl.Bignum.AddAndMultiply.add_and_multiply. This is a call across translation units but Hacl.Bignum.AddAndMultiply.add_and_multiply has a C "inline" qualifier. The C standard allows removing Hacl.Bignum.AddAndMultiply.add_and_multiply from its translation unit (see C11 6.7.3 §5), and CompCert will do it. 
Warning 8: : After inlining, Hacl.Impl.Poly1305_64.carry_last_unrolled calls Hacl.Bignum.Modulo.carry_top. This is a call across translation units but Hacl.Bignum.Modulo.carry_top has a C "inline" qualifier. The C standard allows removing Hacl.Bignum.Modulo.carry_top from its translation unit (see C11 6.7.3 §5), and CompCert will do it. 
Warning 8: : After inlining, Hacl.Impl.Poly1305_64.poly1305_last_pass calls Hacl.Bignum.Fproduct.carry_limb_. This is a call across translation units but Hacl.Bignum.Fproduct.carry_limb_ has a C "inline" qualifier. The C standard allows removing Hacl.Bignum.Fproduct.carry_limb_ from its translation unit (see C11 6.7.3 §5), and CompCert will do it. 
Warning 8: : After inlining, Hacl.Standalone.Poly1305_64.poly1305_blocks calls Hacl.Impl.Poly1305_64.poly1305_update. This is a call across translation units but Hacl.Impl.Poly1305_64.poly1305_update has a C "inline" qualifier. The C standard allows removing Hacl.Impl.Poly1305_64.poly1305_update from its translation unit (see C11 6.7.3 §5), and CompCert will do it. 
Warning 8: : After inlining, Hacl.Standalone.Poly1305_64.poly1305_complete calls Hacl.Impl.Poly1305_64.poly1305_process_last_block. This is a call across translation units but Hacl.Impl.Poly1305_64.poly1305_process_last_block has a C "inline" qualifier. The C standard allows removing Hacl.Impl.Poly1305_64.poly1305_process_last_block from its translation unit (see C11 6.7.3 §5), and CompCert will do it. 
Warning 8: : After inlining, Hacl.Symmetric.XSalsa20.crypto_stream_xsalsa20 calls Hacl.Symmetric.Salsa20.crypto_stream_salsa20. This is a call across translation units but Hacl.Symmetric.Salsa20.crypto_stream_salsa20 has a C "inline" qualifier. The C standard allows removing Hacl.Symmetric.Salsa20.crypto_stream_salsa20 from its translation unit (see C11 6.7.3 §5), and CompCert will do it. 
Warning 8: : After inlining, Hacl.Symmetric.XSalsa20.crypto_stream_xsalsa20_xor_ic calls Hacl.Symmetric.Salsa20.crypto_stream_salsa20_xor_ic. This is a call across translation units but Hacl.Symmetric.Salsa20.crypto_stream_salsa20_xor_ic has a C "inline" qualifier. The C standard allows removing Hacl.Symmetric.Salsa20.crypto_stream_salsa20_xor_ic from its translation unit (see C11 6.7.3 §5), and CompCert will do it. 
[Checker.lookup_type] internal error Prims.list not found
Warning 4: <toplevel>: Malformed input:
Warnings.Fatal("Unrecoverable error")
Raised at file "src/Warnings.ml", line 47, characters 10-39
Called from file "src/Checker.ml", line 326, characters 37-58
Called from file "src/Checker.ml", line 218, characters 2-16
Called from file "src/Checker.ml", line 176, characters 6-22
Dropping Spec.Curve25519.scalar1 (at checking time)

[Checker.lookup_type] internal error Prims.list not found
Warning 4: <toplevel>: Malformed input:
Warnings.Fatal("Unrecoverable error")
Raised at file "src/Warnings.ml", line 47, characters 10-39
Called from file "src/Checker.ml", line 326, characters 37-58
Called from file "src/Checker.ml", line 218, characters 2-16
Called from file "src/Checker.ml", line 176, characters 6-22
Dropping Spec.Curve25519.scalar2 (at checking time)

[Checker.lookup_type] internal error Prims.list not found
Warning 4: <toplevel>: Malformed input:
Warnings.Fatal("Unrecoverable error")
Raised at file "src/Warnings.ml", line 47, characters 10-39
Called from file "src/Checker.ml", line 326, characters 37-58
Called from file "src/Checker.ml", line 218, characters 2-16
Called from file "src/Checker.ml", line 176, characters 6-22
Dropping Spec.Curve25519.input1 (at checking time)

[Checker.lookup_type] internal error Prims.list not found
Warning 4: <toplevel>: Malformed input:
Warnings.Fatal("Unrecoverable error")
Raised at file "src/Warnings.ml", line 47, characters 10-39
Called from file "src/Checker.ml", line 326, characters 37-58
Called from file "src/Checker.ml", line 218, characters 2-16
Called from file "src/Checker.ml", line 176, characters 6-22
Dropping Spec.Curve25519.input2 (at checking time)

[Checker.lookup_type] internal error Prims.list not found
Warning 4: <toplevel>: Malformed input:
Warnings.Fatal("Unrecoverable error")
Raised at file "src/Warnings.ml", line 47, characters 10-39
Called from file "src/Checker.ml", line 326, characters 37-58
Called from file "src/Checker.ml", line 218, characters 2-16
Called from file "src/Checker.ml", line 176, characters 6-22
Dropping Spec.Curve25519.expected1 (at checking time)

[Checker.lookup_type] internal error Prims.list not found
Warning 4: <toplevel>: Malformed input:
Warnings.Fatal("Unrecoverable error")
Raised at file "src/Warnings.ml", line 47, characters 10-39
Called from file "src/Checker.ml", line 326, characters 37-58
Called from file "src/Checker.ml", line 218, characters 2-16
Called from file "src/Checker.ml", line 176, characters 6-22
Dropping Spec.Curve25519.expected2 (at checking time)

Warning 7: : After inlining, Spec.Lib.uint32_from_le calls FStar.Endianness.little_endian -- removing the static qualifier from FStar.Endianness.little_endian
Warning 7: : After inlining, Spec.Lib.uint32_to_le calls FStar.Endianness.little_bytes -- removing the static qualifier from FStar.Endianness.little_bytes
Warning 7: : After inlining, Spec.Lib.uint32_from_be calls FStar.Endianness.big_endian -- removing the static qualifier from FStar.Endianness.big_endian
Warning 7: : After inlining, Spec.Lib.uint32_to_be calls FStar.Endianness.big_bytes -- removing the static qualifier from FStar.Endianness.big_bytes
Warning 7: : After inlining, Spec.Curve25519.fmul calls FStar.Mul.op_Star -- removing the static qualifier from FStar.Mul.op_Star
Warning 7: : After inlining, Hacl.Test.X25519.main calls Hacl.EC.crypto_scalarmult -- removing the static qualifier from Hacl.EC.crypto_scalarmult
Warning 4: in top-level declaration Spec.Salsa20.salsa20_core, in file Spec_Salsa20: Malformed input:
This is not a function:
Spec.Salsa20.rounds
Dropping Spec.Salsa20.salsa20_core (at checking time)

[Checker.lookup_type] internal error Prims.list not found
Warning 4: <toplevel>: Malformed input:
Warnings.Fatal("Unrecoverable error")
Raised at file "src/Warnings.ml", line 47, characters 10-39
Called from file "src/Checker.ml", line 581, characters 37-58
Called from file "src/Checker.ml", line 413, characters 10-22
Called from file "list.ml", line 55, characters 20-23
Called from file "src/Checker.ml", line 464, characters 16-39
Called from file "src/Checker.ml", line 413, characters 10-22
Called from file "src/Checker.ml", line 243, characters 8-21
Called from file "src/Checker.ml", line 218, characters 2-16
Called from file "list.ml", line 110, characters 24-31
Called from file "src/Checker.ml", line 475, characters 8-40
Called from file "src/Checker.ml", line 413, characters 10-22
Called from file "src/Checker.ml", line 243, characters 8-21
Called from file "src/Checker.ml", line 218, characters 2-16
Called from file "list.ml", line 110, characters 24-31
Called from file "src/Checker.ml", line 475, characters 8-40
Called from file "src/Checker.ml", line 413, characters 10-22
Called from file "src/Checker.ml", line 243, characters 8-21
Called from file "src/Checker.ml", line 218, characters 2-16
Called from file "src/Checker.ml", line 176, characters 6-22
Dropping Spec.Salsa20.test_column_round2 (at checking time)

Warning 7: : After inlining, Spec.Lib.uint32_from_le calls FStar.Endianness.little_endian -- removing the static qualifier from FStar.Endianness.little_endian
Warning 7: : After inlining, Spec.Lib.uint32_to_le calls FStar.Endianness.little_bytes -- removing the static qualifier from FStar.Endianness.little_bytes
Warning 7: : After inlining, Spec.Lib.uint32_from_be calls FStar.Endianness.big_endian -- removing the static qualifier from FStar.Endianness.big_endian
Warning 7: : After inlining, Spec.Lib.uint32_to_be calls FStar.Endianness.big_bytes -- removing the static qualifier from FStar.Endianness.big_bytes
Warning 7: : After inlining, Hacl.Test.Salsa20.main calls Hacl.Symmetric.Salsa20.crypto_stream_salsa20_xor -- removing the static qualifier from Hacl.Symmetric.Salsa20.crypto_stream_salsa20_xor
.\Hacl.Impl.Chacha20.fst(505,30-505,50) : (Error) t is not a subtype of the expected type t
make[3]: *** [Makefile:36: Hacl.Impl.Chacha20.fst-ct] Error 1
make[3]: *** Waiting for unfinished jobs....
.\Hacl.Impl.Chacha20.fst(505,30-505,50) : (Error) t is not a subtype of the expected type t
make[3]: *** [Makefile:36: Chacha20.fst-ct] Error 1
make[2]: *** [Makefile:12: salsa-family-ct] Error 2
make[2]: *** Waiting for unfinished jobs....
make[1]: *** [Makefile:27: ct] Error 2
make: *** [Makefile:9: all] Error 2
