Warning: you are using the standard library and/or the %inline keyword. We
recommend switching on --infer in order to avoid obscure type error messages.
6 shift/reduce conflicts.
[Checker.lookup_type] internal error Prims.list not found
Warning 4: <toplevel>: Malformed input:
Warnings.Fatal("Unrecoverable error")
Raised at file "src/Warnings.ml", line 46, characters 10-39
Called from file "src/Checker.ml", line 367, characters 69-90
Called from file "src/Checker.ml", line 291, characters 16-42
Called from file "src/Checker.ml", line 190, characters 2-16
Called from file "list.ml", line 73, characters 12-15
Called from file "src/Checker.ml", line 147, characters 6-25
Dropping Spec_Poly1305 (at checking time)

Warning 6: in the definition of mac, after the definition of macsize, in top-level declaration Hacl.Test.Poly1305_64.main, in file Hacl_Test_Poly1305_64: stack newbuf 0uint8 @0 is a non-constant size, stack-allocated array; this is not supported by CompCert
Warning 7: : After inlining, Hacl.Test.Poly1305_64.main calls Hacl.Impl.Poly1305_64.crypto_onetimeauth -- removing the static qualifier from Hacl.Impl.Poly1305_64.crypto_onetimeauth
Warning 6: in the definition of ciphertext, after the definition of noncesize, in top-level declaration Hacl.Test.XSalsa20.main, in file Hacl_Test_XSalsa20: stack newbuf 0uint8 @2 is a non-constant size, stack-allocated array; this is not supported by CompCert
Warning 6: in the definition of result, after the definition of keysize, in top-level declaration Hacl.Test.X25519.main, in file Hacl_Test_X25519: stack newbuf 0uint8 @0 is a non-constant size, stack-allocated array; this is not supported by CompCert
Warning 7: : After inlining, Hacl.Test.X25519.main calls Hacl.EC.crypto_scalarmult -- removing the static qualifier from Hacl.EC.crypto_scalarmult
Warning 6: in the definition of ciphertext, after the definition of len, in top-level declaration Hacl.Test.Chacha20.main, in file Hacl_Test_Chacha20: stack newbuf 0uint8 @0 is a non-constant size, stack-allocated array; this is not supported by CompCert
Warning 7: : After inlining, Hacl.Test.Chacha20.loop calls Hacl.Symmetric.Chacha20.chacha20_update -- removing the static qualifier from Hacl.Symmetric.Chacha20.chacha20_update
Warning 7: : After inlining, Hacl.Test.Chacha20.main calls Hacl.Symmetric.Chacha20.chacha_keysetup -- removing the static qualifier from Hacl.Symmetric.Chacha20.chacha_keysetup
Warning 7: : After inlining, Hacl.Test.Chacha20.main calls Hacl.Symmetric.Chacha20.chacha_ietf_ivsetup -- removing the static qualifier from Hacl.Symmetric.Chacha20.chacha_ietf_ivsetup
Warning 7: : After inlining, Hacl.Test.Chacha20.main calls Hacl.Symmetric.Chacha20.chacha_encrypt_bytes -- removing the static qualifier from Hacl.Symmetric.Chacha20.chacha_encrypt_bytes
Warning 7: : After inlining, Hacl.Test.Chacha20.main calls Hacl.Symmetric.Chacha20.chacha20_finish -- removing the static qualifier from Hacl.Symmetric.Chacha20.chacha20_finish
Warning 6: in the definition of ciphertext, after the definition of noncesize, in top-level declaration Hacl.Test.Salsa20.main, in file Hacl_Test_Salsa20: stack newbuf 0uint8 @2 is a non-constant size, stack-allocated array; this is not supported by CompCert
Warning 6: in the definition of plaintext, after the definition of ciphertext, in top-level declaration Hacl.Test.Salsa20.main, in file Hacl_Test_Salsa20: stack newbuf 0uint8 @3 is a non-constant size, stack-allocated array; this is not supported by CompCert
Warning 6: in the definition of key, after the definition of expected4, in top-level declaration Hacl.Test.Salsa20.main, in file Hacl_Test_Salsa20: stack newbuf 0uint8 @7 is a non-constant size, stack-allocated array; this is not supported by CompCert
Warning 6: in the definition of nonce, after the definition of key, in top-level declaration Hacl.Test.Salsa20.main, in file Hacl_Test_Salsa20: stack newbuf 0uint8 @7 is a non-constant size, stack-allocated array; this is not supported by CompCert
Warning 7: : After inlining, Hacl.Test.Salsa20.main calls Hacl.Symmetric.Salsa20.crypto_stream_salsa20_xor -- removing the static qualifier from Hacl.Symmetric.Salsa20.crypto_stream_salsa20_xor
.\aead\Crypto.AEAD.Wrappers.Encoding.fst(125,4-125,70): (Error) Unknown assertion failed
Verified module: Crypto.AEAD.Wrappers.Encoding (55816 milliseconds)
1 error was reported (see above)
make[2]: [Makefile:172: aead/Crypto.AEAD.Wrappers.Encoding.fst-hints] Error 1 (ignored)
.\uf1cma\Crypto.Symmetric.UF1CMA.fst(191,0-227,7): (Error) Unknown assertion failed
.\uf1cma\Crypto.Symmetric.UF1CMA.fst(333,11-333,80): (Error) Unknown assertion failed
.\uf1cma\Crypto.Symmetric.UF1CMA.fst(333,12-333,59): (Error) Unknown assertion failed
Verified module: Crypto.Symmetric.UF1CMA (394025 milliseconds)
3 errors were reported (see above)
make[2]: [Makefile:172: uf1cma/Crypto.Symmetric.UF1CMA.fst-hints] Error 1 (ignored)
.\uf1cma\Crypto.Symmetric.MAC.fst(209,0-222,78): (Error) Unknown assertion failed
.\uf1cma\Crypto.Symmetric.MAC.fst(248,0-251,27): (Error) Unknown assertion failed
.\uf1cma\Crypto.Symmetric.MAC.fst(279,0-282,28): (Error) Unknown assertion failed
.\uf1cma\Crypto.Symmetric.MAC.fst(300,0-303,33): (Error) Unknown assertion failed
.\uf1cma\Crypto.Symmetric.MAC.fst(306,0-309,33): (Error) Unknown assertion failed
Verified module: Crypto.Symmetric.MAC (450579 milliseconds)
5 errors were reported (see above)
make[2]: [Makefile:172: uf1cma/Crypto.Symmetric.MAC.fst-hints] Error 1 (ignored)
.\aead\Crypto.AEAD.Encrypt.fst(235,0-241,49): (Error) Unknown assertion failed
Verified module: Crypto.AEAD.Encrypt (477784 milliseconds)
1 error was reported (see above)
make[2]: [Makefile:172: aead/Crypto.AEAD.Encrypt.fst-hints] Error 1 (ignored)
.\aead\Crypto.AEAD.Encoding.fst(366,8-369,47): (Error) Unknown assertion failed
Verified module: Crypto.AEAD.Encoding (655075 milliseconds)
1 error was reported (see above)
make[2]: [Makefile:172: aead/Crypto.AEAD.Encoding.fst-hints] Error 1 (ignored)
.\aead\Crypto.AEAD.Wrappers.CMA.fst(73,0-83,7): (Error) Unknown assertion failed
.\aead\Crypto.AEAD.Wrappers.CMA.fst(382,2-382,78): (Error) Unknown assertion failed
.\aead\Crypto.AEAD.Wrappers.CMA.fst(404,9-404,75): (Error) Unknown assertion failed
.\aead\Crypto.AEAD.Wrappers.CMA.fst(405,9-405,75): (Error) Unknown assertion failed
.\aead\Crypto.AEAD.Wrappers.CMA.fst(407,9-407,91): (Error) Unknown assertion failed
Verified module: Crypto.AEAD.Wrappers.CMA (761565 milliseconds)
5 errors were reported (see above)
make[2]: [Makefile:172: aead/Crypto.AEAD.Wrappers.CMA.fst-hints] Error 1 (ignored)
.\prf\Crypto.Symmetric.PRF.fst(298,0-328,6): (Error) Unknown assertion failed
Verified module: Crypto.Symmetric.PRF (1815183 milliseconds)
1 error was reported (see above)
make[2]: [Makefile:172: prf/Crypto.Symmetric.PRF.fst-hints] Error 1 (ignored)
