Warning: you are using the standard library and/or the %inline keyword. We
recommend switching on --infer in order to avoid obscure type error messages.
6 shift/reduce conflicts.
warning: CRLF will be replaced by LF in src/parser/ml/parse.mly.
The file will have its original line endings in your working directory.
Warning 3: run_or_warn: the following command failed:
C:/Build/Agent/_work/37/s/dependencies/FStar/bin/fstar.exe --odir poly-c --codegen Kremlin --lax --no_extract FStar.Math.Lib --no_extract FStar.HyperHeap --no_extract FStar.HyperStack --no_extract FStar.ST --no_extract FStar.Seq.Base --no_extract FStar.UInt128 --no_extract FStar.Int128 --no_extract FStar.UInt64 --no_extract FStar.Int64 --no_extract FStar.UInt63 --no_extract FStar.Int63 --no_extract FStar.UInt32 --no_extract FStar.Int32 --no_extract FStar.UInt31 --no_extract FStar.Int31 --no_extract FStar.UInt16 --no_extract FStar.Int16 --no_extract FStar.UInt8 --no_extract FStar.Int8 --trace_error --include C:/Build/Agent/_work/37/s/dependencies/FStar/ulib//hyperstack --include ../bignum --include ../lib/kremlin --include ../../specs --include C:/Build/Agent/_work/37/s/dependencies/kremlin/kremlib Hacl.Test.Poly1305_64.fst Poly1305_64.fst
F* failed
Fatal error: exception Warnings.Fatal("Unrecoverable error")
Raised at file "src/Warnings.ml", line 46, characters 10-39
Called from file "src/Driver.ml", line 240, characters 6-29
Called from file "src/Kremlin.ml", line 168, characters 6-66
make[3]: *** [Makefile:80: extract-c] Error 2
make[2]: *** [Makefile:6: poly1305-c] Error 2
make[2]: *** Waiting for unfinished jobs....
Warning 3: run_or_warn: the following command failed:
C:/Build/Agent/_work/37/s/dependencies/FStar/bin/fstar.exe --odir x25519-c --codegen Kremlin --lax --no_extract FStar.Math.Lib --no_extract FStar.HyperHeap --no_extract FStar.HyperStack --no_extract FStar.ST --no_extract FStar.Seq.Base --no_extract FStar.UInt128 --no_extract FStar.Int128 --no_extract FStar.UInt64 --no_extract FStar.Int64 --no_extract FStar.UInt63 --no_extract FStar.Int63 --no_extract FStar.UInt32 --no_extract FStar.Int32 --no_extract FStar.UInt31 --no_extract FStar.Int31 --no_extract FStar.UInt16 --no_extract FStar.Int16 --no_extract FStar.UInt8 --no_extract FStar.Int8 --trace_error --include C:/Build/Agent/_work/37/s/dependencies/FStar/ulib//hyperstack --include ../bignum --include ../lib/kremlin --include C:/Build/Agent/_work/37/s/dependencies/kremlin/kremlib Hacl.Test.X25519.fst Curve25519.fst
F* failed
Fatal error: exception Warnings.Fatal("Unrecoverable error")
Raised at file "src/Warnings.ml", line 46, characters 10-39
Called from file "src/Driver.ml", line 240, characters 6-29
Called from file "src/Kremlin.ml", line 168, characters 6-66
make[3]: *** [Makefile:96: extract-c] Error 2
make[2]: *** [Makefile:6: curve25519-c] Error 2
Warning 6: in the definition of ciphertext, after the definition of noncesize, in top-level declaration Hacl.Test.XSalsa20.main, in file Hacl_Test_XSalsa20: stack newbuf 0uint8 @2 is a non-constant size, stack-allocated array; this is not supported by CompCert
Warning 6: in the definition of ciphertext, after the definition of len, in top-level declaration Hacl.Test.Chacha20.main, in file Hacl_Test_Chacha20: stack newbuf 0uint8 @0 is a non-constant size, stack-allocated array; this is not supported by CompCert
Warning 7: : After inlining, Hacl.Test.Chacha20.loop calls Hacl.Symmetric.Chacha20.chacha20_update -- removing the static qualifier from Hacl.Symmetric.Chacha20.chacha20_update
Warning 7: : After inlining, Hacl.Test.Chacha20.main calls Hacl.Symmetric.Chacha20.chacha_keysetup -- removing the static qualifier from Hacl.Symmetric.Chacha20.chacha_keysetup
Warning 7: : After inlining, Hacl.Test.Chacha20.main calls Hacl.Symmetric.Chacha20.chacha_ietf_ivsetup -- removing the static qualifier from Hacl.Symmetric.Chacha20.chacha_ietf_ivsetup
Warning 7: : After inlining, Hacl.Test.Chacha20.main calls Hacl.Symmetric.Chacha20.chacha_encrypt_bytes -- removing the static qualifier from Hacl.Symmetric.Chacha20.chacha_encrypt_bytes
Warning 7: : After inlining, Hacl.Test.Chacha20.main calls Hacl.Symmetric.Chacha20.chacha20_finish -- removing the static qualifier from Hacl.Symmetric.Chacha20.chacha20_finish
Warning 6: in the definition of ciphertext, after the definition of noncesize, in top-level declaration Hacl.Test.Salsa20.main, in file Hacl_Test_Salsa20: stack newbuf 0uint8 @2 is a non-constant size, stack-allocated array; this is not supported by CompCert
Warning 6: in the definition of plaintext, after the definition of ciphertext, in top-level declaration Hacl.Test.Salsa20.main, in file Hacl_Test_Salsa20: stack newbuf 0uint8 @3 is a non-constant size, stack-allocated array; this is not supported by CompCert
Warning 6: in the definition of key, after the definition of expected4, in top-level declaration Hacl.Test.Salsa20.main, in file Hacl_Test_Salsa20: stack newbuf 0uint8 @7 is a non-constant size, stack-allocated array; this is not supported by CompCert
Warning 6: in the definition of nonce, after the definition of key, in top-level declaration Hacl.Test.Salsa20.main, in file Hacl_Test_Salsa20: stack newbuf 0uint8 @7 is a non-constant size, stack-allocated array; this is not supported by CompCert
Warning 7: : After inlining, Hacl.Test.Salsa20.main calls Hacl.Symmetric.Salsa20.crypto_stream_salsa20_xor -- removing the static qualifier from Hacl.Symmetric.Salsa20.crypto_stream_salsa20_xor
make[1]: *** [Makefile:12: extract-c-code] Error 2
make: *** [Makefile:2: all] Error 2
