Warning: you are using the standard library and/or the %inline keyword. We
recommend switching on --infer in order to avoid obscure type error messages.
warning: CRLF will be replaced by LF in doc/slides/popl2015/intro-tiny-fstar.mdk.
The file will have its original line endings in your working directory.
warning: CRLF will be replaced by LF in doc/slides/popl2015/overview-presentation.mdk.
The file will have its original line endings in your working directory.
File "src/basic/ml/FStar_Util.ml", line 47, characters 57-65:
Warning 40: st_mtime was selected from type BatUnix.stats.
It is not visible in the current scope, and will not 
be selected if the type becomes unknown.
File "src/basic/ml/FStar_Util.ml", line 47, characters 57-65:
Warning 40: st_mtime was selected from type BatUnix.stats.
It is not visible in the current scope, and will not 
be selected if the type becomes unknown.
make[1]: warning: jobserver unavailable: using -j1.  Add '+' to parent make rule.
make[1]: warning: jobserver unavailable: using -j1.  Add '+' to parent make rule.
File "CoreCrypto.ml", line 526, characters 24-144:
Warning 8: this pattern-matching is not exhaustive.
Here is an example of a value that is not matched:
ECC_X448
make[1]: warning: jobserver unavailable: using -j1.  Add '+' to parent make rule.
openssl_stub.c: In function ‘ocaml_openssl_init’:
openssl_stub.c:93:3: warning: implicit declaration of function ‘OPENSSL_config’ [-Wimplicit-function-declaration]
OPENSSL_config("CoreCrypto");
^
openssl_stub.c: In function ‘ocaml_rsa_gen_key’:
openssl_stub.c:668:23: warning: passing argument 2 of ‘RSA_get0_key’ from incompatible pointer type [-Wincompatible-pointer-types]
RSA_get0_key(rsa, &b_n, &b_e, &b_d);
^
In file included from openssl_stub.c:22:0:
openssl/include/openssl/rsa.h:194:6: note: expected ‘const BIGNUM ** {aka const struct bignum_st **}’ but argument is of type ‘BIGNUM ** {aka struct bignum_st **}’
void RSA_get0_key(const RSA *r,
^
openssl_stub.c:668:29: warning: passing argument 3 of ‘RSA_get0_key’ from incompatible pointer type [-Wincompatible-pointer-types]
RSA_get0_key(rsa, &b_n, &b_e, &b_d);
^
In file included from openssl_stub.c:22:0:
openssl/include/openssl/rsa.h:194:6: note: expected ‘const BIGNUM ** {aka const struct bignum_st **}’ but argument is of type ‘BIGNUM ** {aka struct bignum_st **}’
void RSA_get0_key(const RSA *r,
^
openssl_stub.c:668:35: warning: passing argument 4 of ‘RSA_get0_key’ from incompatible pointer type [-Wincompatible-pointer-types]
RSA_get0_key(rsa, &b_n, &b_e, &b_d);
^
In file included from openssl_stub.c:22:0:
openssl/include/openssl/rsa.h:194:6: note: expected ‘const BIGNUM ** {aka const struct bignum_st **}’ but argument is of type ‘BIGNUM ** {aka struct bignum_st **}’
void RSA_get0_key(const RSA *r,
^
openssl_stub.c: In function ‘ocaml_rsa_get_key’:
openssl_stub.c:779:21: warning: passing argument 2 of ‘RSA_get0_key’ from incompatible pointer type [-Wincompatible-pointer-types]
RSA_get0_key(rsa, &b_n, &b_e, &b_d);
^
In file included from openssl_stub.c:22:0:
openssl/include/openssl/rsa.h:194:6: note: expected ‘const BIGNUM ** {aka const struct bignum_st **}’ but argument is of type ‘BIGNUM ** {aka struct bignum_st **}’
void RSA_get0_key(const RSA *r,
^
openssl_stub.c:779:27: warning: passing argument 3 of ‘RSA_get0_key’ from incompatible pointer type [-Wincompatible-pointer-types]
RSA_get0_key(rsa, &b_n, &b_e, &b_d);
^
In file included from openssl_stub.c:22:0:
openssl/include/openssl/rsa.h:194:6: note: expected ‘const BIGNUM ** {aka const struct bignum_st **}’ but argument is of type ‘BIGNUM ** {aka struct bignum_st **}’
void RSA_get0_key(const RSA *r,
^
openssl_stub.c:779:33: warning: passing argument 4 of ‘RSA_get0_key’ from incompatible pointer type [-Wincompatible-pointer-types]
RSA_get0_key(rsa, &b_n, &b_e, &b_d);
^
In file included from openssl_stub.c:22:0:
openssl/include/openssl/rsa.h:194:6: note: expected ‘const BIGNUM ** {aka const struct bignum_st **}’ but argument is of type ‘BIGNUM ** {aka struct bignum_st **}’
void RSA_get0_key(const RSA *r,
^
openssl_stub.c: In function ‘ocaml_rsa_encrypt’:
openssl_stub.c:823:23: warning: passing argument 2 of ‘RSA_get0_key’ from incompatible pointer type [-Wincompatible-pointer-types]
RSA_get0_key(rsa, &b_n, &b_e, &b_d);
^
In file included from openssl_stub.c:22:0:
openssl/include/openssl/rsa.h:194:6: note: expected ‘const BIGNUM ** {aka const struct bignum_st **}’ but argument is of type ‘BIGNUM ** {aka struct bignum_st **}’
void RSA_get0_key(const RSA *r,
^
openssl_stub.c:823:29: warning: passing argument 3 of ‘RSA_get0_key’ from incompatible pointer type [-Wincompatible-pointer-types]
RSA_get0_key(rsa, &b_n, &b_e, &b_d);
^
In file included from openssl_stub.c:22:0:
openssl/include/openssl/rsa.h:194:6: note: expected ‘const BIGNUM ** {aka const struct bignum_st **}’ but argument is of type ‘BIGNUM ** {aka struct bignum_st **}’
void RSA_get0_key(const RSA *r,
^
openssl_stub.c:823:35: warning: passing argument 4 of ‘RSA_get0_key’ from incompatible pointer type [-Wincompatible-pointer-types]
RSA_get0_key(rsa, &b_n, &b_e, &b_d);
^
In file included from openssl_stub.c:22:0:
openssl/include/openssl/rsa.h:194:6: note: expected ‘const BIGNUM ** {aka const struct bignum_st **}’ but argument is of type ‘BIGNUM ** {aka struct bignum_st **}’
void RSA_get0_key(const RSA *r,
^
openssl_stub.c: In function ‘ocaml_rsa_decrypt’:
openssl_stub.c:878:23: warning: passing argument 2 of ‘RSA_get0_key’ from incompatible pointer type [-Wincompatible-pointer-types]
RSA_get0_key(rsa, &b_n, &b_e, &b_d);
^
In file included from openssl_stub.c:22:0:
openssl/include/openssl/rsa.h:194:6: note: expected ‘const BIGNUM ** {aka const struct bignum_st **}’ but argument is of type ‘BIGNUM ** {aka struct bignum_st **}’
void RSA_get0_key(const RSA *r,
^
openssl_stub.c:878:29: warning: passing argument 3 of ‘RSA_get0_key’ from incompatible pointer type [-Wincompatible-pointer-types]
RSA_get0_key(rsa, &b_n, &b_e, &b_d);
^
In file included from openssl_stub.c:22:0:
openssl/include/openssl/rsa.h:194:6: note: expected ‘const BIGNUM ** {aka const struct bignum_st **}’ but argument is of type ‘BIGNUM ** {aka struct bignum_st **}’
void RSA_get0_key(const RSA *r,
^
openssl_stub.c:878:35: warning: passing argument 4 of ‘RSA_get0_key’ from incompatible pointer type [-Wincompatible-pointer-types]
RSA_get0_key(rsa, &b_n, &b_e, &b_d);
^
In file included from openssl_stub.c:22:0:
openssl/include/openssl/rsa.h:194:6: note: expected ‘const BIGNUM ** {aka const struct bignum_st **}’ but argument is of type ‘BIGNUM ** {aka struct bignum_st **}’
void RSA_get0_key(const RSA *r,
^
openssl_stub.c: In function ‘ocaml_rsa_sign’:
openssl_stub.c:922:23: warning: passing argument 2 of ‘RSA_get0_key’ from incompatible pointer type [-Wincompatible-pointer-types]
RSA_get0_key(rsa, &b_n, &b_e, &b_d);
^
In file included from openssl_stub.c:22:0:
openssl/include/openssl/rsa.h:194:6: note: expected ‘const BIGNUM ** {aka const struct bignum_st **}’ but argument is of type ‘BIGNUM ** {aka struct bignum_st **}’
void RSA_get0_key(const RSA *r,
^
openssl_stub.c:922:29: warning: passing argument 3 of ‘RSA_get0_key’ from incompatible pointer type [-Wincompatible-pointer-types]
RSA_get0_key(rsa, &b_n, &b_e, &b_d);
^
In file included from openssl_stub.c:22:0:
openssl/include/openssl/rsa.h:194:6: note: expected ‘const BIGNUM ** {aka const struct bignum_st **}’ but argument is of type ‘BIGNUM ** {aka struct bignum_st **}’
void RSA_get0_key(const RSA *r,
^
openssl_stub.c:922:35: warning: passing argument 4 of ‘RSA_get0_key’ from incompatible pointer type [-Wincompatible-pointer-types]
RSA_get0_key(rsa, &b_n, &b_e, &b_d);
^
In file included from openssl_stub.c:22:0:
openssl/include/openssl/rsa.h:194:6: note: expected ‘const BIGNUM ** {aka const struct bignum_st **}’ but argument is of type ‘BIGNUM ** {aka struct bignum_st **}’
void RSA_get0_key(const RSA *r,
^
openssl_stub.c: In function ‘ocaml_rsa_verify’:
openssl_stub.c:975:23: warning: passing argument 2 of ‘RSA_get0_key’ from incompatible pointer type [-Wincompatible-pointer-types]
RSA_get0_key(rsa, &b_n, &b_e, &b_d);
^
In file included from openssl_stub.c:22:0:
openssl/include/openssl/rsa.h:194:6: note: expected ‘const BIGNUM ** {aka const struct bignum_st **}’ but argument is of type ‘BIGNUM ** {aka struct bignum_st **}’
void RSA_get0_key(const RSA *r,
^
openssl_stub.c:975:29: warning: passing argument 3 of ‘RSA_get0_key’ from incompatible pointer type [-Wincompatible-pointer-types]
RSA_get0_key(rsa, &b_n, &b_e, &b_d);
^
In file included from openssl_stub.c:22:0:
openssl/include/openssl/rsa.h:194:6: note: expected ‘const BIGNUM ** {aka const struct bignum_st **}’ but argument is of type ‘BIGNUM ** {aka struct bignum_st **}’
void RSA_get0_key(const RSA *r,
^
openssl_stub.c:975:35: warning: passing argument 4 of ‘RSA_get0_key’ from incompatible pointer type [-Wincompatible-pointer-types]
RSA_get0_key(rsa, &b_n, &b_e, &b_d);
^
In file included from openssl_stub.c:22:0:
openssl/include/openssl/rsa.h:194:6: note: expected ‘const BIGNUM ** {aka const struct bignum_st **}’ but argument is of type ‘BIGNUM ** {aka struct bignum_st **}’
void RSA_get0_key(const RSA *r,
^
openssl_stub.c: In function ‘ocaml_dsa_gen_params’:
openssl_stub.c:1087:23: warning: passing argument 2 of ‘DSA_get0_pqg’ from incompatible pointer type [-Wincompatible-pointer-types]
DSA_get0_pqg(dsa, &b_p, &b_q, &b_g);
^
In file included from openssl_stub.c:23:0:
openssl/include/openssl/dsa.h:173:6: note: expected ‘const BIGNUM ** {aka const struct bignum_st **}’ but argument is of type ‘BIGNUM ** {aka struct bignum_st **}’
void DSA_get0_pqg(const DSA *d,
^
openssl_stub.c:1087:29: warning: passing argument 3 of ‘DSA_get0_pqg’ from incompatible pointer type [-Wincompatible-pointer-types]
DSA_get0_pqg(dsa, &b_p, &b_q, &b_g);
^
In file included from openssl_stub.c:23:0:
openssl/include/openssl/dsa.h:173:6: note: expected ‘const BIGNUM ** {aka const struct bignum_st **}’ but argument is of type ‘BIGNUM ** {aka struct bignum_st **}’
void DSA_get0_pqg(const DSA *d,
^
openssl_stub.c:1087:35: warning: passing argument 4 of ‘DSA_get0_pqg’ from incompatible pointer type [-Wincompatible-pointer-types]
DSA_get0_pqg(dsa, &b_p, &b_q, &b_g);
^
In file included from openssl_stub.c:23:0:
openssl/include/openssl/dsa.h:173:6: note: expected ‘const BIGNUM ** {aka const struct bignum_st **}’ but argument is of type ‘BIGNUM ** {aka struct bignum_st **}’
void DSA_get0_pqg(const DSA *d,
^
openssl_stub.c: In function ‘ocaml_dsa_gen_key’:
openssl_stub.c:1144:23: warning: passing argument 2 of ‘DSA_get0_key’ from incompatible pointer type [-Wincompatible-pointer-types]
DSA_get0_key(dsa, &b_pub, &b_priv);
^
In file included from openssl_stub.c:23:0:
openssl/include/openssl/dsa.h:176:6: note: expected ‘const BIGNUM ** {aka const struct bignum_st **}’ but argument is of type ‘BIGNUM ** {aka struct bignum_st **}’
void DSA_get0_key(const DSA *d,
^
openssl_stub.c:1144:31: warning: passing argument 3 of ‘DSA_get0_key’ from incompatible pointer type [-Wincompatible-pointer-types]
DSA_get0_key(dsa, &b_pub, &b_priv);
^
In file included from openssl_stub.c:23:0:
openssl/include/openssl/dsa.h:176:6: note: expected ‘const BIGNUM ** {aka const struct bignum_st **}’ but argument is of type ‘BIGNUM ** {aka struct bignum_st **}’
void DSA_get0_key(const DSA *d,
^
openssl_stub.c: In function ‘ocaml_dsa_get_key’:
openssl_stub.c:1183:21: warning: passing argument 2 of ‘DSA_get0_pqg’ from incompatible pointer type [-Wincompatible-pointer-types]
DSA_get0_pqg(dsa, &b_p, &b_q, &b_g);
^
In file included from openssl_stub.c:23:0:
openssl/include/openssl/dsa.h:173:6: note: expected ‘const BIGNUM ** {aka const struct bignum_st **}’ but argument is of type ‘BIGNUM ** {aka struct bignum_st **}’
void DSA_get0_pqg(const DSA *d,
^
openssl_stub.c:1183:27: warning: passing argument 3 of ‘DSA_get0_pqg’ from incompatible pointer type [-Wincompatible-pointer-types]
DSA_get0_pqg(dsa, &b_p, &b_q, &b_g);
^
In file included from openssl_stub.c:23:0:
openssl/include/openssl/dsa.h:173:6: note: expected ‘const BIGNUM ** {aka const struct bignum_st **}’ but argument is of type ‘BIGNUM ** {aka struct bignum_st **}’
void DSA_get0_pqg(const DSA *d,
^
openssl_stub.c:1183:33: warning: passing argument 4 of ‘DSA_get0_pqg’ from incompatible pointer type [-Wincompatible-pointer-types]
DSA_get0_pqg(dsa, &b_p, &b_q, &b_g);
^
In file included from openssl_stub.c:23:0:
openssl/include/openssl/dsa.h:173:6: note: expected ‘const BIGNUM ** {aka const struct bignum_st **}’ but argument is of type ‘BIGNUM ** {aka struct bignum_st **}’
void DSA_get0_pqg(const DSA *d,
^
openssl_stub.c:1190:21: warning: passing argument 2 of ‘DSA_get0_key’ from incompatible pointer type [-Wincompatible-pointer-types]
DSA_get0_key(dsa, &b_pub, &b_priv);
^
In file included from openssl_stub.c:23:0:
openssl/include/openssl/dsa.h:176:6: note: expected ‘const BIGNUM ** {aka const struct bignum_st **}’ but argument is of type ‘BIGNUM ** {aka struct bignum_st **}’
void DSA_get0_key(const DSA *d,
^
openssl_stub.c:1190:29: warning: passing argument 3 of ‘DSA_get0_key’ from incompatible pointer type [-Wincompatible-pointer-types]
DSA_get0_key(dsa, &b_pub, &b_priv);
^
In file included from openssl_stub.c:23:0:
openssl/include/openssl/dsa.h:176:6: note: expected ‘const BIGNUM ** {aka const struct bignum_st **}’ but argument is of type ‘BIGNUM ** {aka struct bignum_st **}’
void DSA_get0_key(const DSA *d,
^
openssl_stub.c: In function ‘ocaml_dsa_set_key’:
openssl_stub.c:1235:23: warning: passing argument 2 of ‘DSA_get0_pqg’ from incompatible pointer type [-Wincompatible-pointer-types]
DSA_get0_pqg(dsa, &b_p, &b_q, &b_g);
^
In file included from openssl_stub.c:23:0:
openssl/include/openssl/dsa.h:173:6: note: expected ‘const BIGNUM ** {aka const struct bignum_st **}’ but argument is of type ‘BIGNUM ** {aka struct bignum_st **}’
void DSA_get0_pqg(const DSA *d,
^
openssl_stub.c:1235:29: warning: passing argument 3 of ‘DSA_get0_pqg’ from incompatible pointer type [-Wincompatible-pointer-types]
DSA_get0_pqg(dsa, &b_p, &b_q, &b_g);
^
In file included from openssl_stub.c:23:0:
openssl/include/openssl/dsa.h:173:6: note: expected ‘const BIGNUM ** {aka const struct bignum_st **}’ but argument is of type ‘BIGNUM ** {aka struct bignum_st **}’
void DSA_get0_pqg(const DSA *d,
^
openssl_stub.c:1235:35: warning: passing argument 4 of ‘DSA_get0_pqg’ from incompatible pointer type [-Wincompatible-pointer-types]
DSA_get0_pqg(dsa, &b_p, &b_q, &b_g);
^
In file included from openssl_stub.c:23:0:
openssl/include/openssl/dsa.h:173:6: note: expected ‘const BIGNUM ** {aka const struct bignum_st **}’ but argument is of type ‘BIGNUM ** {aka struct bignum_st **}’
void DSA_get0_pqg(const DSA *d,
^
openssl_stub.c:1236:23: warning: passing argument 2 of ‘DSA_get0_key’ from incompatible pointer type [-Wincompatible-pointer-types]
DSA_get0_key(dsa, &b_pub, &b_priv);
^
In file included from openssl_stub.c:23:0:
openssl/include/openssl/dsa.h:176:6: note: expected ‘const BIGNUM ** {aka const struct bignum_st **}’ but argument is of type ‘BIGNUM ** {aka struct bignum_st **}’
void DSA_get0_key(const DSA *d,
^
openssl_stub.c:1236:31: warning: passing argument 3 of ‘DSA_get0_key’ from incompatible pointer type [-Wincompatible-pointer-types]
DSA_get0_key(dsa, &b_pub, &b_priv);
^
In file included from openssl_stub.c:23:0:
openssl/include/openssl/dsa.h:176:6: note: expected ‘const BIGNUM ** {aka const struct bignum_st **}’ but argument is of type ‘BIGNUM ** {aka struct bignum_st **}’
void DSA_get0_key(const DSA *d,
^
openssl_stub.c: In function ‘ocaml_dsa_sign’:
openssl_stub.c:1325:23: warning: passing argument 2 of ‘DSA_get0_pqg’ from incompatible pointer type [-Wincompatible-pointer-types]
DSA_get0_pqg(dsa, &b_p, &b_q, &b_g);
^
In file included from openssl_stub.c:23:0:
openssl/include/openssl/dsa.h:173:6: note: expected ‘const BIGNUM ** {aka const struct bignum_st **}’ but argument is of type ‘BIGNUM ** {aka struct bignum_st **}’
void DSA_get0_pqg(const DSA *d,
^
openssl_stub.c:1325:29: warning: passing argument 3 of ‘DSA_get0_pqg’ from incompatible pointer type [-Wincompatible-pointer-types]
DSA_get0_pqg(dsa, &b_p, &b_q, &b_g);
^
In file included from openssl_stub.c:23:0:
openssl/include/openssl/dsa.h:173:6: note: expected ‘const BIGNUM ** {aka const struct bignum_st **}’ but argument is of type ‘BIGNUM ** {aka struct bignum_st **}’
void DSA_get0_pqg(const DSA *d,
^
openssl_stub.c:1325:35: warning: passing argument 4 of ‘DSA_get0_pqg’ from incompatible pointer type [-Wincompatible-pointer-types]
DSA_get0_pqg(dsa, &b_p, &b_q, &b_g);
^
In file included from openssl_stub.c:23:0:
openssl/include/openssl/dsa.h:173:6: note: expected ‘const BIGNUM ** {aka const struct bignum_st **}’ but argument is of type ‘BIGNUM ** {aka struct bignum_st **}’
void DSA_get0_pqg(const DSA *d,
^
openssl_stub.c:1326:23: warning: passing argument 2 of ‘DSA_get0_key’ from incompatible pointer type [-Wincompatible-pointer-types]
DSA_get0_key(dsa, &b_pub, &b_priv); 
^
In file included from openssl_stub.c:23:0:
openssl/include/openssl/dsa.h:176:6: note: expected ‘const BIGNUM ** {aka const struct bignum_st **}’ but argument is of type ‘BIGNUM ** {aka struct bignum_st **}’
void DSA_get0_key(const DSA *d,
^
openssl_stub.c:1326:31: warning: passing argument 3 of ‘DSA_get0_key’ from incompatible pointer type [-Wincompatible-pointer-types]
DSA_get0_key(dsa, &b_pub, &b_priv); 
^
In file included from openssl_stub.c:23:0:
openssl/include/openssl/dsa.h:176:6: note: expected ‘const BIGNUM ** {aka const struct bignum_st **}’ but argument is of type ‘BIGNUM ** {aka struct bignum_st **}’
void DSA_get0_key(const DSA *d,
^
openssl_stub.c: In function ‘ocaml_dsa_verify’:
openssl_stub.c:1368:23: warning: passing argument 2 of ‘DSA_get0_pqg’ from incompatible pointer type [-Wincompatible-pointer-types]
DSA_get0_pqg(dsa, &b_p, &b_q, &b_g);
^
In file included from openssl_stub.c:23:0:
openssl/include/openssl/dsa.h:173:6: note: expected ‘const BIGNUM ** {aka const struct bignum_st **}’ but argument is of type ‘BIGNUM ** {aka struct bignum_st **}’
void DSA_get0_pqg(const DSA *d,
^
openssl_stub.c:1368:29: warning: passing argument 3 of ‘DSA_get0_pqg’ from incompatible pointer type [-Wincompatible-pointer-types]
DSA_get0_pqg(dsa, &b_p, &b_q, &b_g);
^
In file included from openssl_stub.c:23:0:
openssl/include/openssl/dsa.h:173:6: note: expected ‘const BIGNUM ** {aka const struct bignum_st **}’ but argument is of type ‘BIGNUM ** {aka struct bignum_st **}’
void DSA_get0_pqg(const DSA *d,
^
openssl_stub.c:1368:35: warning: passing argument 4 of ‘DSA_get0_pqg’ from incompatible pointer type [-Wincompatible-pointer-types]
DSA_get0_pqg(dsa, &b_p, &b_q, &b_g);
^
In file included from openssl_stub.c:23:0:
openssl/include/openssl/dsa.h:173:6: note: expected ‘const BIGNUM ** {aka const struct bignum_st **}’ but argument is of type ‘BIGNUM ** {aka struct bignum_st **}’
void DSA_get0_pqg(const DSA *d,
^
openssl_stub.c:1369:23: warning: passing argument 2 of ‘DSA_get0_key’ from incompatible pointer type [-Wincompatible-pointer-types]
DSA_get0_key(dsa, &b_pub, &b_priv);
^
In file included from openssl_stub.c:23:0:
openssl/include/openssl/dsa.h:176:6: note: expected ‘const BIGNUM ** {aka const struct bignum_st **}’ but argument is of type ‘BIGNUM ** {aka struct bignum_st **}’
void DSA_get0_key(const DSA *d,
^
openssl_stub.c:1369:31: warning: passing argument 3 of ‘DSA_get0_key’ from incompatible pointer type [-Wincompatible-pointer-types]
DSA_get0_key(dsa, &b_pub, &b_priv);
^
In file included from openssl_stub.c:23:0:
openssl/include/openssl/dsa.h:176:6: note: expected ‘const BIGNUM ** {aka const struct bignum_st **}’ but argument is of type ‘BIGNUM ** {aka struct bignum_st **}’
void DSA_get0_key(const DSA *d,
^
openssl_stub.c: In function ‘ocaml_dh_gen_params’:
openssl_stub.c:1473:21: warning: passing argument 2 of ‘DH_get0_pqg’ from incompatible pointer type [-Wincompatible-pointer-types]
DH_get0_pqg(dh, &b_p, &b_q, &b_g);
^
In file included from openssl/include/openssl/dsa.h:31:0,
from openssl_stub.c:23:
openssl/include/openssl/dh.h:172:6: note: expected ‘const BIGNUM ** {aka const struct bignum_st **}’ but argument is of type ‘BIGNUM ** {aka struct bignum_st **}’
void DH_get0_pqg(const DH *dh,
^
openssl_stub.c:1473:27: warning: passing argument 3 of ‘DH_get0_pqg’ from incompatible pointer type [-Wincompatible-pointer-types]
DH_get0_pqg(dh, &b_p, &b_q, &b_g);
^
In file included from openssl/include/openssl/dsa.h:31:0,
from openssl_stub.c:23:
openssl/include/openssl/dh.h:172:6: note: expected ‘const BIGNUM ** {aka const struct bignum_st **}’ but argument is of type ‘BIGNUM ** {aka struct bignum_st **}’
void DH_get0_pqg(const DH *dh,
^
openssl_stub.c:1473:33: warning: passing argument 4 of ‘DH_get0_pqg’ from incompatible pointer type [-Wincompatible-pointer-types]
DH_get0_pqg(dh, &b_p, &b_q, &b_g);
^
In file included from openssl/include/openssl/dsa.h:31:0,
from openssl_stub.c:23:
openssl/include/openssl/dh.h:172:6: note: expected ‘const BIGNUM ** {aka const struct bignum_st **}’ but argument is of type ‘BIGNUM ** {aka struct bignum_st **}’
void DH_get0_pqg(const DH *dh,
^
openssl_stub.c: In function ‘ocaml_dh_params_of_string’:
openssl_stub.c:1506:21: warning: passing argument 2 of ‘DH_get0_pqg’ from incompatible pointer type [-Wincompatible-pointer-types]
DH_get0_pqg(dh, &b_p, &b_q, &b_g);
^
In file included from openssl/include/openssl/dsa.h:31:0,
from openssl_stub.c:23:
openssl/include/openssl/dh.h:172:6: note: expected ‘const BIGNUM ** {aka const struct bignum_st **}’ but argument is of type ‘BIGNUM ** {aka struct bignum_st **}’
void DH_get0_pqg(const DH *dh,
^
openssl_stub.c:1506:27: warning: passing argument 3 of ‘DH_get0_pqg’ from incompatible pointer type [-Wincompatible-pointer-types]
DH_get0_pqg(dh, &b_p, &b_q, &b_g);
^
In file included from openssl/include/openssl/dsa.h:31:0,
from openssl_stub.c:23:
openssl/include/openssl/dh.h:172:6: note: expected ‘const BIGNUM ** {aka const struct bignum_st **}’ but argument is of type ‘BIGNUM ** {aka struct bignum_st **}’
void DH_get0_pqg(const DH *dh,
^
openssl_stub.c:1506:33: warning: passing argument 4 of ‘DH_get0_pqg’ from incompatible pointer type [-Wincompatible-pointer-types]
DH_get0_pqg(dh, &b_p, &b_q, &b_g);
^
In file included from openssl/include/openssl/dsa.h:31:0,
from openssl_stub.c:23:
openssl/include/openssl/dh.h:172:6: note: expected ‘const BIGNUM ** {aka const struct bignum_st **}’ but argument is of type ‘BIGNUM ** {aka struct bignum_st **}’
void DH_get0_pqg(const DH *dh,
^
openssl_stub.c: In function ‘ocaml_dh_gen_key’:
openssl_stub.c:1561:21: warning: passing argument 2 of ‘DH_get0_key’ from incompatible pointer type [-Wincompatible-pointer-types]
DH_get0_key(dh, &b_pub, &b_prv);
^
In file included from openssl/include/openssl/dsa.h:31:0,
from openssl_stub.c:23:
openssl/include/openssl/dh.h:175:6: note: expected ‘const BIGNUM ** {aka const struct bignum_st **}’ but argument is of type ‘BIGNUM ** {aka struct bignum_st **}’
void DH_get0_key(const DH *dh,
^
openssl_stub.c:1561:29: warning: passing argument 3 of ‘DH_get0_key’ from incompatible pointer type [-Wincompatible-pointer-types]
DH_get0_key(dh, &b_pub, &b_prv);
^
In file included from openssl/include/openssl/dsa.h:31:0,
from openssl_stub.c:23:
openssl/include/openssl/dh.h:175:6: note: expected ‘const BIGNUM ** {aka const struct bignum_st **}’ but argument is of type ‘BIGNUM ** {aka struct bignum_st **}’
void DH_get0_key(const DH *dh,
^
openssl_stub.c: In function ‘ocaml_dh_compute’:
openssl_stub.c:1672:21: warning: passing argument 2 of ‘DH_get0_key’ from incompatible pointer type [-Wincompatible-pointer-types]
DH_get0_key(dh, &b_pub, &b_prv);
^
In file included from openssl/include/openssl/dsa.h:31:0,
from openssl_stub.c:23:
openssl/include/openssl/dh.h:175:6: note: expected ‘const BIGNUM ** {aka const struct bignum_st **}’ but argument is of type ‘BIGNUM ** {aka struct bignum_st **}’
void DH_get0_key(const DH *dh,
^
openssl_stub.c:1672:29: warning: passing argument 3 of ‘DH_get0_key’ from incompatible pointer type [-Wincompatible-pointer-types]
DH_get0_key(dh, &b_pub, &b_prv);
^
In file included from openssl/include/openssl/dsa.h:31:0,
from openssl_stub.c:23:
openssl/include/openssl/dh.h:175:6: note: expected ‘const BIGNUM ** {aka const struct bignum_st **}’ but argument is of type ‘BIGNUM ** {aka struct bignum_st **}’
void DH_get0_key(const DH *dh,
^
make[1]: warning: jobserver unavailable: using -j1.  Add '+' to parent make rule.
make[1]: warning: jobserver unavailable: using -j1.  Add '+' to parent make rule.
make[4]: *** No rule to make target 'sha2-c/SHA2_256.c', needed by 'extract-c'.  Stop.
make[3]: *** [Makefile:6: hash-c] Error 2
make[3]: *** Waiting for unfinished jobs....
Warning 6: in the definition of block, after the definition of h1, in top-level declaration Hacl.Impl.Chacha20.Vec128.update_last, in file Hacl_Impl_Chacha20_Vec128: stack newbuf 0uint8 Hacl.Impl.Chacha20.Vec128.vecsizebytes4 is a non-constant size, stack-allocated array; this is not supported by CompCert
Warning 7: : After inlining, Hacl.Test.X25519.main (going into Hacl_Test_X25519) calls Hacl.EC.crypto_scalarmult (going into Curve25519) -- removing the static qualifier from Hacl.EC.crypto_scalarmult
make[2]: *** [Makefile:30: extract-c-code] Error 2
make[1]: *** [Makefile:138: snapshot-gcc] Error 2
make: *** [Makefile:20: all] Error 2
