Warning: you are using the standard library and/or the %inline keyword. We
recommend switching on --infer in order to avoid obscure type error messages.
7 shift/reduce conflicts.
Dropping inline_for_extraction from store32_le because it is not a pure function
Dropping inline_for_extraction from store32_be because it is not a pure function
Dropping inline_for_extraction from store64_le because it is not a pure function
Dropping inline_for_extraction from store64_be because it is not a pure function
Dropping inline_for_extraction from store128_le because it is not a pure function
Dropping inline_for_extraction from store128_be because it is not a pure function
Dropping inline_for_extraction from load32_le because it is not a pure function
Dropping inline_for_extraction from load32_be because it is not a pure function
Dropping inline_for_extraction from load64_le because it is not a pure function
Dropping inline_for_extraction from load64_be because it is not a pure function
Dropping inline_for_extraction from load128_le because it is not a pure function
Dropping inline_for_extraction from load128_be because it is not a pure function
Dropping inline_for_extraction from hstore32_le because it is not a pure function
Dropping inline_for_extraction from hstore32_be because it is not a pure function
Dropping inline_for_extraction from hstore64_le because it is not a pure function
Dropping inline_for_extraction from hstore64_be because it is not a pure function
Dropping inline_for_extraction from hstore128_le because it is not a pure function
Dropping inline_for_extraction from hstore128_be because it is not a pure function
Dropping inline_for_extraction from hload32_le because it is not a pure function
Dropping inline_for_extraction from hload32_be because it is not a pure function
Dropping inline_for_extraction from hload64_le because it is not a pure function
Dropping inline_for_extraction from hload64_be because it is not a pure function
Dropping inline_for_extraction from hload128_le because it is not a pure function
Dropping inline_for_extraction from hload128_be because it is not a pure function
Dropping inline_for_extraction from load128_be because it is not a pure function
Dropping inline_for_extraction from store32_le because it is not a pure function
Dropping inline_for_extraction from store32_be because it is not a pure function
Dropping inline_for_extraction from store64_le because it is not a pure function
Dropping inline_for_extraction from store64_be because it is not a pure function
Dropping inline_for_extraction from store128_le because it is not a pure function
Dropping inline_for_extraction from store128_be because it is not a pure function
Dropping inline_for_extraction from load32_le because it is not a pure function
Dropping inline_for_extraction from load32_be because it is not a pure function
Dropping inline_for_extraction from load64_le because it is not a pure function
Dropping inline_for_extraction from load64_be because it is not a pure function
Dropping inline_for_extraction from load128_le because it is not a pure function
Dropping inline_for_extraction from load128_be because it is not a pure function
Dropping inline_for_extraction from hstore32_le because it is not a pure function
Dropping inline_for_extraction from hstore32_be because it is not a pure function
Dropping inline_for_extraction from hstore64_le because it is not a pure function
Dropping inline_for_extraction from hstore64_be because it is not a pure function
Dropping inline_for_extraction from hstore128_le because it is not a pure function
Dropping inline_for_extraction from hstore128_be because it is not a pure function
Dropping inline_for_extraction from hload32_le because it is not a pure function
Dropping inline_for_extraction from hload32_be because it is not a pure function
Dropping inline_for_extraction from hload64_le because it is not a pure function
Dropping inline_for_extraction from hload64_be because it is not a pure function
Dropping inline_for_extraction from hload128_le because it is not a pure function
Dropping inline_for_extraction from hload128_be because it is not a pure function
Dropping inline_for_extraction from store32_le because it is not a pure function
Dropping inline_for_extraction from store32_be because it is not a pure function
Dropping inline_for_extraction from store64_le because it is not a pure function
Dropping inline_for_extraction from store64_be because it is not a pure function
Dropping inline_for_extraction from store128_le because it is not a pure function
Dropping inline_for_extraction from store128_be because it is not a pure function
Dropping inline_for_extraction from load32_le because it is not a pure function
Dropping inline_for_extraction from load32_be because it is not a pure function
Dropping inline_for_extraction from load64_le because it is not a pure function
Dropping inline_for_extraction from load64_be because it is not a pure function
Dropping inline_for_extraction from load128_le because it is not a pure function
Dropping inline_for_extraction from load128_be because it is not a pure function
Dropping inline_for_extraction from hstore32_le because it is not a pure function
Dropping inline_for_extraction from hstore32_be because it is not a pure function
Dropping inline_for_extraction from hstore64_le because it is not a pure function
Dropping inline_for_extraction from hstore64_be because it is not a pure function
Dropping inline_for_extraction from hstore128_le because it is not a pure function
Dropping inline_for_extraction from hstore128_be because it is not a pure function
Dropping inline_for_extraction from hload32_le because it is not a pure function
Dropping inline_for_extraction from hload32_be because it is not a pure function
Dropping inline_for_extraction from hload64_le because it is not a pure function
Dropping inline_for_extraction from hload64_be because it is not a pure function
Dropping inline_for_extraction from hload128_le because it is not a pure function
Dropping inline_for_extraction from hload128_be because it is not a pure function
Dropping inline_for_extraction from store32_le because it is not a pure function
Dropping inline_for_extraction from store32_be because it is not a pure function
Dropping inline_for_extraction from store64_le because it is not a pure function
Dropping inline_for_extraction from store64_be because it is not a pure function
Dropping inline_for_extraction from store128_le because it is not a pure function
Dropping inline_for_extraction from store128_be because it is not a pure function
Dropping inline_for_extraction from load32_le because it is not a pure function
Dropping inline_for_extraction from load32_be because it is not a pure function
Dropping inline_for_extraction from load64_le because it is not a pure function
Dropping inline_for_extraction from load64_be because it is not a pure function
Dropping inline_for_extraction from load128_le because it is not a pure function
Dropping inline_for_extraction from load128_be because it is not a pure function
Dropping inline_for_extraction from hstore32_le because it is not a pure function
Dropping inline_for_extraction from hstore32_be because it is not a pure function
Dropping inline_for_extraction from hstore64_le because it is not a pure function
Dropping inline_for_extraction from hstore64_be because it is not a pure function
Dropping inline_for_extraction from hstore128_le because it is not a pure function
Dropping inline_for_extraction from hstore128_be because it is not a pure function
Dropping inline_for_extraction from hload32_le because it is not a pure function
Dropping inline_for_extraction from hload32_be because it is not a pure function
Dropping inline_for_extraction from hload64_le because it is not a pure function
Dropping inline_for_extraction from hload64_be because it is not a pure function
Dropping inline_for_extraction from hload128_le because it is not a pure function
Dropping inline_for_extraction from hload128_be because it is not a pure function
Dropping inline_for_extraction from store32_le because it is not a pure function
Dropping inline_for_extraction from store32_be because it is not a pure function
Dropping inline_for_extraction from store64_le because it is not a pure function
Dropping inline_for_extraction from store64_be because it is not a pure function
Dropping inline_for_extraction from store128_le because it is not a pure function
Dropping inline_for_extraction from store128_be because it is not a pure function
Dropping inline_for_extraction from load32_le because it is not a pure function
Dropping inline_for_extraction from load32_be because it is not a pure function
Dropping inline_for_extraction from load64_le because it is not a pure function
Dropping inline_for_extraction from load64_be because it is not a pure function
Dropping inline_for_extraction from load128_le because it is not a pure function
Dropping inline_for_extraction from load128_be because it is not a pure function
Dropping inline_for_extraction from hstore32_le because it is not a pure function
Dropping inline_for_extraction from hstore32_be because it is not a pure function
Dropping inline_for_extraction from hstore64_le because it is not a pure function
Dropping inline_for_extraction from hstore64_be because it is not a pure function
Dropping inline_for_extraction from hstore128_le because it is not a pure function
Dropping inline_for_extraction from hstore128_be because it is not a pure function
Dropping inline_for_extraction from hload32_le because it is not a pure function
Dropping inline_for_extraction from hload32_be because it is not a pure function
Dropping inline_for_extraction from hload64_le because it is not a pure function
Dropping inline_for_extraction from hload64_be because it is not a pure function
Dropping inline_for_extraction from hload128_le because it is not a pure function
Dropping inline_for_extraction from hload128_be because it is not a pure function
Dropping inline_for_extraction from store32_le because it is not a pure function
Dropping inline_for_extraction from store32_be because it is not a pure function
Dropping inline_for_extraction from store64_le because it is not a pure function
Dropping inline_for_extraction from store64_be because it is not a pure function
Dropping inline_for_extraction from store128_le because it is not a pure function
Dropping inline_for_extraction from store128_be because it is not a pure function
Dropping inline_for_extraction from load32_le because it is not a pure function
Dropping inline_for_extraction from load32_be because it is not a pure function
Dropping inline_for_extraction from load64_le because it is not a pure function
Dropping inline_for_extraction from load64_be because it is not a pure function
Dropping inline_for_extraction from load128_le because it is not a pure function
Dropping inline_for_extraction from load128_be because it is not a pure function
Dropping inline_for_extraction from hstore32_le because it is not a pure function
Dropping inline_for_extraction from hstore32_be because it is not a pure function
Dropping inline_for_extraction from hstore64_le because it is not a pure function
Dropping inline_for_extraction from hstore64_be because it is not a pure function
Dropping inline_for_extraction from hstore128_le because it is not a pure function
Dropping inline_for_extraction from hstore128_be because it is not a pure function
Dropping inline_for_extraction from hload32_le because it is not a pure function
Dropping inline_for_extraction from hload32_be because it is not a pure function
Dropping inline_for_extraction from hload64_le because it is not a pure function
Dropping inline_for_extraction from hload64_be because it is not a pure function
Dropping inline_for_extraction from hload128_le because it is not a pure function
Dropping inline_for_extraction from hload128_be because it is not a pure function
Dropping inline_for_extraction from store32_le because it is not a pure function
Dropping inline_for_extraction from store32_be because it is not a pure function
Dropping inline_for_extraction from store64_le because it is not a pure function
Dropping inline_for_extraction from store64_be because it is not a pure function
Dropping inline_for_extraction from store128_le because it is not a pure function
Dropping inline_for_extraction from store128_be because it is not a pure function
Dropping inline_for_extraction from load32_le because it is not a pure function
Dropping inline_for_extraction from load32_be because it is not a pure function
Dropping inline_for_extraction from load64_le because it is not a pure function
Dropping inline_for_extraction from load64_be because it is not a pure function
Dropping inline_for_extraction from load128_le because it is not a pure function
Dropping inline_for_extraction from load128_be because it is not a pure function
Dropping inline_for_extraction from hstore32_le because it is not a pure function
Dropping inline_for_extraction from hstore32_be because it is not a pure function
Dropping inline_for_extraction from hstore64_le because it is not a pure function
Dropping inline_for_extraction from hstore64_be because it is not a pure function
Dropping inline_for_extraction from hstore128_le because it is not a pure function
Dropping inline_for_extraction from hstore128_be because it is not a pure function
Dropping inline_for_extraction from hload32_le because it is not a pure function
Dropping inline_for_extraction from hload32_be because it is not a pure function
Dropping inline_for_extraction from hload64_le because it is not a pure function
Dropping inline_for_extraction from hload64_be because it is not a pure function
Dropping inline_for_extraction from hload128_le because it is not a pure function
Dropping inline_for_extraction from hload128_be because it is not a pure function
Dropping inline_for_extraction from load128_be because it is not a pure function
Dropping inline_for_extraction from store128_be because it is not a pure function
Dropping inline_for_extraction from gf128_add because it is not a pure function
Dropping inline_for_extraction from gf128_shift_reduce because it is not a pure function
Dropping inline_for_extraction from load128_be because it is not a pure function
Dropping inline_for_extraction from gf128_cond_fadd because it is not a pure function
Dropping inline_for_extraction from store128_be because it is not a pure function
Dropping inline_for_extraction from gf128_add because it is not a pure function
Dropping inline_for_extraction from gf128_shift_reduce because it is not a pure function
Dropping inline_for_extraction from gf128_cond_fadd because it is not a pure function
Dropping inline_for_extraction from Crypto.Symmetric.GF128.store128_be because it is not a pure function
Dropping inline_for_extraction from reduce because it is not a pure function
Dropping inline_for_extraction from reduce because it is not a pure function
Dropping inline_for_extraction from reduce because it is not a pure function
Dropping inline_for_extraction from reduce because it is not a pure function
Dropping inline_for_extraction from reduce because it is not a pure function
Dropping inline_for_extraction from get_seq because it is not a pure function
Dropping inline_for_extraction from store32_le because it is not a pure function
Dropping inline_for_extraction from store32_be because it is not a pure function
Dropping inline_for_extraction from store64_le because it is not a pure function
Dropping inline_for_extraction from store64_be because it is not a pure function
Dropping inline_for_extraction from store128_le because it is not a pure function
Dropping inline_for_extraction from store128_be because it is not a pure function
Dropping inline_for_extraction from load32_le because it is not a pure function
Dropping inline_for_extraction from load32_be because it is not a pure function
Dropping inline_for_extraction from load64_le because it is not a pure function
Dropping inline_for_extraction from load64_be because it is not a pure function
Dropping inline_for_extraction from load128_le because it is not a pure function
Dropping inline_for_extraction from load128_be because it is not a pure function
Dropping inline_for_extraction from hstore32_le because it is not a pure function
Dropping inline_for_extraction from hstore32_be because it is not a pure function
Dropping inline_for_extraction from hstore64_le because it is not a pure function
Dropping inline_for_extraction from hstore64_be because it is not a pure function
Dropping inline_for_extraction from hstore128_le because it is not a pure function
Dropping inline_for_extraction from hstore128_be because it is not a pure function
Dropping inline_for_extraction from hload32_le because it is not a pure function
Dropping inline_for_extraction from hload32_be because it is not a pure function
Dropping inline_for_extraction from hload64_le because it is not a pure function
Dropping inline_for_extraction from hload64_be because it is not a pure function
Dropping inline_for_extraction from hload128_le because it is not a pure function
Dropping inline_for_extraction from hload128_be because it is not a pure function
Dropping inline_for_extraction from add_and_multiply because it is not a pure function
Dropping inline_for_extraction from store32_le because it is not a pure function
Dropping inline_for_extraction from store32_be because it is not a pure function
Dropping inline_for_extraction from get_seq because it is not a pure function
Dropping inline_for_extraction from store64_le because it is not a pure function
Dropping inline_for_extraction from store64_be because it is not a pure function
Dropping inline_for_extraction from store128_le because it is not a pure function
Dropping inline_for_extraction from store128_be because it is not a pure function
Dropping inline_for_extraction from load32_le because it is not a pure function
Dropping inline_for_extraction from load32_be because it is not a pure function
Dropping inline_for_extraction from load64_le because it is not a pure function
Dropping inline_for_extraction from load64_be because it is not a pure function
Dropping inline_for_extraction from load128_le because it is not a pure function
Dropping inline_for_extraction from load128_be because it is not a pure function
Dropping inline_for_extraction from hstore32_le because it is not a pure function
Dropping inline_for_extraction from hstore32_be because it is not a pure function
Dropping inline_for_extraction from hstore64_le because it is not a pure function
Dropping inline_for_extraction from hstore64_be because it is not a pure function
Dropping inline_for_extraction from hstore128_le because it is not a pure function
Dropping inline_for_extraction from hstore128_be because it is not a pure function
Dropping inline_for_extraction from hload32_le because it is not a pure function
Dropping inline_for_extraction from hload32_be because it is not a pure function
Dropping inline_for_extraction from hload64_le because it is not a pure function
Dropping inline_for_extraction from hload64_be because it is not a pure function
Dropping inline_for_extraction from hload128_le because it is not a pure function
Dropping inline_for_extraction from hload128_be because it is not a pure function
Dropping inline_for_extraction from add_and_multiply because it is not a pure function
Dropping inline_for_extraction from store32_le because it is not a pure function
Dropping inline_for_extraction from store32_be because it is not a pure function
Dropping inline_for_extraction from store64_le because it is not a pure function
Dropping inline_for_extraction from store64_be because it is not a pure function
Dropping inline_for_extraction from store128_le because it is not a pure function
Dropping inline_for_extraction from store128_be because it is not a pure function
Dropping inline_for_extraction from load32_le because it is not a pure function
Dropping inline_for_extraction from load32_be because it is not a pure function
Dropping inline_for_extraction from load64_le because it is not a pure function
Dropping inline_for_extraction from load64_be because it is not a pure function
Dropping inline_for_extraction from load128_le because it is not a pure function
Dropping inline_for_extraction from load128_be because it is not a pure function
Dropping inline_for_extraction from hstore32_le because it is not a pure function
Dropping inline_for_extraction from hstore32_be because it is not a pure function
Dropping inline_for_extraction from hstore64_le because it is not a pure function
Dropping inline_for_extraction from hstore64_be because it is not a pure function
Dropping inline_for_extraction from hstore128_le because it is not a pure function
Dropping inline_for_extraction from hstore128_be because it is not a pure function
Dropping inline_for_extraction from hload32_le because it is not a pure function
Dropping inline_for_extraction from hload32_be because it is not a pure function
Dropping inline_for_extraction from hload64_le because it is not a pure function
Dropping inline_for_extraction from hload64_be because it is not a pure function
Dropping inline_for_extraction from hload128_le because it is not a pure function
Dropping inline_for_extraction from hload128_be because it is not a pure function
Dropping inline_for_extraction from store32_le because it is not a pure function
Dropping inline_for_extraction from store32_be because it is not a pure function
Dropping inline_for_extraction from store64_le because it is not a pure function
Dropping inline_for_extraction from store64_be because it is not a pure function
Dropping inline_for_extraction from store128_le because it is not a pure function
Dropping inline_for_extraction from store128_be because it is not a pure function
Dropping inline_for_extraction from load32_le because it is not a pure function
Dropping inline_for_extraction from load32_be because it is not a pure function
Dropping inline_for_extraction from load64_le because it is not a pure function
Dropping inline_for_extraction from load64_be because it is not a pure function
Dropping inline_for_extraction from load128_le because it is not a pure function
Dropping inline_for_extraction from load128_be because it is not a pure function
Dropping inline_for_extraction from hstore32_le because it is not a pure function
Dropping inline_for_extraction from hstore32_be because it is not a pure function
Dropping inline_for_extraction from hstore64_le because it is not a pure function
Dropping inline_for_extraction from hstore64_be because it is not a pure function
Dropping inline_for_extraction from hstore128_le because it is not a pure function
Dropping inline_for_extraction from hstore128_be because it is not a pure function
Dropping inline_for_extraction from hload32_le because it is not a pure function
Dropping inline_for_extraction from hload32_be because it is not a pure function
Dropping inline_for_extraction from store32_le because it is not a pure function
Dropping inline_for_extraction from hload64_le because it is not a pure function
Dropping inline_for_extraction from hload64_be because it is not a pure function
Dropping inline_for_extraction from store32_be because it is not a pure function
Dropping inline_for_extraction from store64_le because it is not a pure function
Dropping inline_for_extraction from store64_be because it is not a pure function
Dropping inline_for_extraction from hload128_le because it is not a pure function
Dropping inline_for_extraction from store128_le because it is not a pure function
Dropping inline_for_extraction from hload128_be because it is not a pure function
Dropping inline_for_extraction from store128_be because it is not a pure function
Dropping inline_for_extraction from load32_le because it is not a pure function
Dropping inline_for_extraction from load32_be because it is not a pure function
Dropping inline_for_extraction from load64_le because it is not a pure function
Dropping inline_for_extraction from load64_be because it is not a pure function
Dropping inline_for_extraction from load128_le because it is not a pure function
Dropping inline_for_extraction from load128_be because it is not a pure function
Dropping inline_for_extraction from hstore32_le because it is not a pure function
Dropping inline_for_extraction from hstore32_be because it is not a pure function
Dropping inline_for_extraction from hstore64_le because it is not a pure function
Dropping inline_for_extraction from hstore64_be because it is not a pure function
Dropping inline_for_extraction from hstore128_le because it is not a pure function
Dropping inline_for_extraction from hstore128_be because it is not a pure function
Dropping inline_for_extraction from hload32_le because it is not a pure function
Dropping inline_for_extraction from hload32_be because it is not a pure function
Dropping inline_for_extraction from hload64_le because it is not a pure function
Dropping inline_for_extraction from hload64_be because it is not a pure function
Dropping inline_for_extraction from hload128_le because it is not a pure function
Dropping inline_for_extraction from hload128_be because it is not a pure function
Dropping inline_for_extraction from store32_le because it is not a pure function
Dropping inline_for_extraction from store32_be because it is not a pure function
Dropping inline_for_extraction from store64_le because it is not a pure function
Dropping inline_for_extraction from store64_be because it is not a pure function
Dropping inline_for_extraction from store128_le because it is not a pure function
Dropping inline_for_extraction from store128_be because it is not a pure function
Dropping inline_for_extraction from load32_le because it is not a pure function
Dropping inline_for_extraction from load32_be because it is not a pure function
Dropping inline_for_extraction from store32_le because it is not a pure function
Dropping inline_for_extraction from load64_le because it is not a pure function
Dropping inline_for_extraction from store32_be because it is not a pure function
Dropping inline_for_extraction from load64_be because it is not a pure function
Dropping inline_for_extraction from store64_le because it is not a pure function
Dropping inline_for_extraction from store64_be because it is not a pure function
Dropping inline_for_extraction from load128_le because it is not a pure function
Dropping inline_for_extraction from store128_le because it is not a pure function
Dropping inline_for_extraction from load128_be because it is not a pure function
Dropping inline_for_extraction from store128_be because it is not a pure function
Dropping inline_for_extraction from hstore32_le because it is not a pure function
Dropping inline_for_extraction from hstore32_be because it is not a pure function
Dropping inline_for_extraction from load32_le because it is not a pure function
Dropping inline_for_extraction from hstore64_le because it is not a pure function
Dropping inline_for_extraction from load32_be because it is not a pure function
Dropping inline_for_extraction from hstore64_be because it is not a pure function
Dropping inline_for_extraction from load64_le because it is not a pure function
Dropping inline_for_extraction from hstore128_le because it is not a pure function
Dropping inline_for_extraction from load64_be because it is not a pure function
Dropping inline_for_extraction from hstore128_be because it is not a pure function
Dropping inline_for_extraction from load128_le because it is not a pure function
Dropping inline_for_extraction from load128_be because it is not a pure function
Dropping inline_for_extraction from hload32_le because it is not a pure function
Dropping inline_for_extraction from hload32_be because it is not a pure function
Dropping inline_for_extraction from hload64_le because it is not a pure function
Dropping inline_for_extraction from hload64_be because it is not a pure function
Dropping inline_for_extraction from hstore32_le because it is not a pure function
Dropping inline_for_extraction from hload128_le because it is not a pure function
Dropping inline_for_extraction from hstore32_be because it is not a pure function
Dropping inline_for_extraction from hstore64_le because it is not a pure function
Dropping inline_for_extraction from hload128_be because it is not a pure function
Dropping inline_for_extraction from hstore64_be because it is not a pure function
Dropping inline_for_extraction from hstore128_le because it is not a pure function
Dropping inline_for_extraction from hstore128_be because it is not a pure function
Dropping inline_for_extraction from hload32_le because it is not a pure function
Dropping inline_for_extraction from hload32_be because it is not a pure function
Dropping inline_for_extraction from hload64_le because it is not a pure function
Dropping inline_for_extraction from hload64_be because it is not a pure function
Dropping inline_for_extraction from hload128_le because it is not a pure function
Dropping inline_for_extraction from hload128_be because it is not a pure function
Dropping inline_for_extraction from store32_le because it is not a pure function
Dropping inline_for_extraction from store32_be because it is not a pure function
Dropping inline_for_extraction from store64_le because it is not a pure function
Dropping inline_for_extraction from store64_be because it is not a pure function
Dropping inline_for_extraction from store128_le because it is not a pure function
Dropping inline_for_extraction from store128_be because it is not a pure function
Dropping inline_for_extraction from load32_le because it is not a pure function
Dropping inline_for_extraction from load32_be because it is not a pure function
Dropping inline_for_extraction from load64_le because it is not a pure function
Dropping inline_for_extraction from load64_be because it is not a pure function
Dropping inline_for_extraction from load128_le because it is not a pure function
Dropping inline_for_extraction from load128_be because it is not a pure function
Dropping inline_for_extraction from hstore32_le because it is not a pure function
Dropping inline_for_extraction from hstore32_be because it is not a pure function
Dropping inline_for_extraction from hstore64_le because it is not a pure function
Dropping inline_for_extraction from hstore64_be because it is not a pure function
Dropping inline_for_extraction from hstore128_le because it is not a pure function
Dropping inline_for_extraction from hstore128_be because it is not a pure function
Dropping inline_for_extraction from hload32_le because it is not a pure function
Dropping inline_for_extraction from hload32_be because it is not a pure function
Dropping inline_for_extraction from hload64_le because it is not a pure function
Dropping inline_for_extraction from hload64_be because it is not a pure function
Dropping inline_for_extraction from hload128_le because it is not a pure function
Dropping inline_for_extraction from hload128_be because it is not a pure function
Dropping inline_for_extraction from store32_le because it is not a pure function
Dropping inline_for_extraction from store32_be because it is not a pure function
Dropping inline_for_extraction from store64_le because it is not a pure function
Dropping inline_for_extraction from store64_be because it is not a pure function
Dropping inline_for_extraction from store128_le because it is not a pure function
Dropping inline_for_extraction from store128_be because it is not a pure function
Dropping inline_for_extraction from load32_le because it is not a pure function
Dropping inline_for_extraction from load32_be because it is not a pure function
Dropping inline_for_extraction from load64_le because it is not a pure function
Dropping inline_for_extraction from load64_be because it is not a pure function
Dropping inline_for_extraction from load128_le because it is not a pure function
Dropping inline_for_extraction from load128_be because it is not a pure function
Dropping inline_for_extraction from hstore32_le because it is not a pure function
Dropping inline_for_extraction from hstore32_be because it is not a pure function
Dropping inline_for_extraction from hstore64_le because it is not a pure function
Dropping inline_for_extraction from hstore64_be because it is not a pure function
Dropping inline_for_extraction from hstore128_le because it is not a pure function
Dropping inline_for_extraction from hstore128_be because it is not a pure function
Dropping inline_for_extraction from hload32_le because it is not a pure function
Dropping inline_for_extraction from hload32_be because it is not a pure function
Dropping inline_for_extraction from hload64_le because it is not a pure function
Dropping inline_for_extraction from hload64_be because it is not a pure function
Dropping inline_for_extraction from hload128_le because it is not a pure function
Dropping inline_for_extraction from hload128_be because it is not a pure function
Dropping inline_for_extraction from store32_le because it is not a pure function
Dropping inline_for_extraction from store32_be because it is not a pure function
Dropping inline_for_extraction from store64_le because it is not a pure function
Dropping inline_for_extraction from store64_be because it is not a pure function
Dropping inline_for_extraction from store128_le because it is not a pure function
Dropping inline_for_extraction from store128_be because it is not a pure function
Dropping inline_for_extraction from load32_le because it is not a pure function
Dropping inline_for_extraction from load32_be because it is not a pure function
Dropping inline_for_extraction from load64_le because it is not a pure function
Dropping inline_for_extraction from load64_be because it is not a pure function
Dropping inline_for_extraction from load128_le because it is not a pure function
Dropping inline_for_extraction from load128_be because it is not a pure function
Dropping inline_for_extraction from hstore32_le because it is not a pure function
Dropping inline_for_extraction from hstore32_be because it is not a pure function
Dropping inline_for_extraction from hstore64_le because it is not a pure function
Dropping inline_for_extraction from hstore64_be because it is not a pure function
Dropping inline_for_extraction from hstore128_le because it is not a pure function
Dropping inline_for_extraction from hstore128_be because it is not a pure function
Dropping inline_for_extraction from hload32_le because it is not a pure function
Dropping inline_for_extraction from hload32_be because it is not a pure function
Dropping inline_for_extraction from hload64_le because it is not a pure function
Dropping inline_for_extraction from hload64_be because it is not a pure function
Dropping inline_for_extraction from hload128_le because it is not a pure function
Dropping inline_for_extraction from hload128_be because it is not a pure function
Dropping inline_for_extraction from upd_3 because it is not a pure function
Dropping inline_for_extraction from poly1305_concat because it is not a pure function
Dropping inline_for_extraction from upd_3 because it is not a pure function
Dropping inline_for_extraction from get_seq because it is not a pure function
Dropping inline_for_extraction from get_seq because it is not a pure function
Dropping inline_for_extraction from store32_le because it is not a pure function
Dropping inline_for_extraction from store32_be because it is not a pure function
Dropping inline_for_extraction from store64_le because it is not a pure function
Dropping inline_for_extraction from store64_be because it is not a pure function
Dropping inline_for_extraction from store128_le because it is not a pure function
Dropping inline_for_extraction from store128_be because it is not a pure function
Dropping inline_for_extraction from load32_le because it is not a pure function
Dropping inline_for_extraction from load32_be because it is not a pure function
Dropping inline_for_extraction from load64_le because it is not a pure function
Dropping inline_for_extraction from load64_be because it is not a pure function
Dropping inline_for_extraction from load128_le because it is not a pure function
Dropping inline_for_extraction from load128_be because it is not a pure function
Dropping inline_for_extraction from hstore32_le because it is not a pure function
Dropping inline_for_extraction from hstore32_be because it is not a pure function
Dropping inline_for_extraction from hstore64_le because it is not a pure function
Dropping inline_for_extraction from hstore64_be because it is not a pure function
Dropping inline_for_extraction from hstore128_le because it is not a pure function
Dropping inline_for_extraction from hstore128_be because it is not a pure function
Dropping inline_for_extraction from hload32_le because it is not a pure function
Dropping inline_for_extraction from hload32_be because it is not a pure function
Dropping inline_for_extraction from hload64_le because it is not a pure function
Dropping inline_for_extraction from hload64_be because it is not a pure function
Dropping inline_for_extraction from hload128_le because it is not a pure function
Dropping inline_for_extraction from hload128_be because it is not a pure function
Dropping inline_for_extraction from poly1305_finish__ because it is not a pure function
Dropping inline_for_extraction from poly1305_concat because it is not a pure function
Dropping inline_for_extraction from get_seq because it is not a pure function
Dropping inline_for_extraction from add_and_multiply because it is not a pure function
Dropping inline_for_extraction from add_and_multiply because it is not a pure function
Dropping inline_for_extraction from poly1305_finish__ because it is not a pure function
Dropping inline_for_extraction from add_and_multiply because it is not a pure function
Dropping inline_for_extraction from load128_be because it is not a pure function
Dropping inline_for_extraction from store128_be because it is not a pure function
Dropping inline_for_extraction from gf128_add because it is not a pure function
Dropping inline_for_extraction from gf128_shift_reduce because it is not a pure function
Dropping inline_for_extraction from gf128_cond_fadd because it is not a pure function
Dropping inline_for_extraction from upd_3 because it is not a pure function
Dropping inline_for_extraction from load128_be because it is not a pure function
Dropping inline_for_extraction from store128_be because it is not a pure function
Dropping inline_for_extraction from gf128_add because it is not a pure function
Dropping inline_for_extraction from poly1305_concat because it is not a pure function
Dropping inline_for_extraction from gf128_shift_reduce because it is not a pure function
Dropping inline_for_extraction from gf128_cond_fadd because it is not a pure function
Dropping inline_for_extraction from upd_3 because it is not a pure function
Dropping inline_for_extraction from poly1305_finish__ because it is not a pure function
Dropping inline_for_extraction from poly1305_concat because it is not a pure function
Dropping inline_for_extraction from upd_3 because it is not a pure function
Dropping inline_for_extraction from poly1305_concat because it is not a pure function
Dropping inline_for_extraction from poly1305_finish__ because it is not a pure function
Dropping inline_for_extraction from poly1305_finish__ because it is not a pure function
Dropping inline_for_extraction from load128_be because it is not a pure function
Dropping inline_for_extraction from store128_be because it is not a pure function
Dropping inline_for_extraction from gf128_add because it is not a pure function
Dropping inline_for_extraction from gf128_shift_reduce because it is not a pure function
Dropping inline_for_extraction from gf128_cond_fadd because it is not a pure function
Dropping inline_for_extraction from load128_be because it is not a pure function
Dropping inline_for_extraction from store128_be because it is not a pure function
Dropping inline_for_extraction from gf128_add because it is not a pure function
Dropping inline_for_extraction from gf128_shift_reduce because it is not a pure function
Dropping inline_for_extraction from gf128_cond_fadd because it is not a pure function
Dropping inline_for_extraction from reduce because it is not a pure function
Dropping inline_for_extraction from reduce because it is not a pure function
Dropping inline_for_extraction from reduce because it is not a pure function
Dropping inline_for_extraction from reduce because it is not a pure function
Dropping inline_for_extraction from reduce because it is not a pure function
Dropping inline_for_extraction from reduce because it is not a pure function
Dropping inline_for_extraction from reduce because it is not a pure function
Dropping inline_for_extraction from reduce because it is not a pure function
Dropping inline_for_extraction from reduce because it is not a pure function
Dropping inline_for_extraction from reduce because it is not a pure function
Dropping inline_for_extraction from reduce because it is not a pure function
Dropping inline_for_extraction from get_seq because it is not a pure function
Dropping inline_for_extraction from add_and_multiply because it is not a pure function
Dropping inline_for_extraction from get_seq because it is not a pure function
Dropping inline_for_extraction from get_seq because it is not a pure function
Dropping inline_for_extraction from get_seq because it is not a pure function
Dropping inline_for_extraction from get_seq because it is not a pure function
Dropping inline_for_extraction from add_and_multiply because it is not a pure function
Dropping inline_for_extraction from get_seq because it is not a pure function
Dropping inline_for_extraction from get_seq because it is not a pure function
Dropping inline_for_extraction from get_seq because it is not a pure function
Dropping inline_for_extraction from add_and_multiply because it is not a pure function
Dropping inline_for_extraction from get_seq because it is not a pure function
Dropping inline_for_extraction from add_and_multiply because it is not a pure function
Dropping inline_for_extraction from add_and_multiply because it is not a pure function
Dropping inline_for_extraction from get_seq because it is not a pure function
Dropping inline_for_extraction from add_and_multiply because it is not a pure function
Dropping inline_for_extraction from add_and_multiply because it is not a pure function
Dropping inline_for_extraction from add_and_multiply because it is not a pure function
Dropping inline_for_extraction from add_and_multiply because it is not a pure function
Dropping inline_for_extraction from add_and_multiply because it is not a pure function
Dropping inline_for_extraction from upd_3 because it is not a pure function
Dropping inline_for_extraction from poly1305_concat because it is not a pure function
Dropping inline_for_extraction from upd_3 because it is not a pure function
Dropping inline_for_extraction from get_seq because it is not a pure function
Dropping inline_for_extraction from upd_3 because it is not a pure function
Dropping inline_for_extraction from poly1305_concat because it is not a pure function
Dropping inline_for_extraction from upd_3 because it is not a pure function
Dropping inline_for_extraction from upd_3 because it is not a pure function
Dropping inline_for_extraction from poly1305_finish__ because it is not a pure function
Dropping inline_for_extraction from add_and_multiply because it is not a pure function
Dropping inline_for_extraction from poly1305_concat because it is not a pure function
Dropping inline_for_extraction from upd_3 because it is not a pure function
Dropping inline_for_extraction from upd_3 because it is not a pure function
Dropping inline_for_extraction from poly1305_concat because it is not a pure function
Dropping inline_for_extraction from upd_3 because it is not a pure function
Dropping inline_for_extraction from Crypto.Symmetric.GF128.gf128_add because it is not a pure function
Dropping inline_for_extraction from poly1305_concat because it is not a pure function
Dropping inline_for_extraction from poly1305_finish__ because it is not a pure function
Dropping inline_for_extraction from poly1305_concat because it is not a pure function
Dropping inline_for_extraction from poly1305_concat because it is not a pure function
Dropping inline_for_extraction from upd_3 because it is not a pure function
Dropping inline_for_extraction from upd_3 because it is not a pure function
Dropping inline_for_extraction from poly1305_finish__ because it is not a pure function
Dropping inline_for_extraction from poly1305_concat because it is not a pure function
Dropping inline_for_extraction from poly1305_finish__ because it is not a pure function
Dropping inline_for_extraction from poly1305_finish__ because it is not a pure function
Dropping inline_for_extraction from poly1305_concat because it is not a pure function
Dropping inline_for_extraction from poly1305_concat because it is not a pure function
Dropping inline_for_extraction from poly1305_finish__ because it is not a pure function
Dropping inline_for_extraction from poly1305_finish__ because it is not a pure function
Dropping inline_for_extraction from poly1305_finish__ because it is not a pure function
Dropping inline_for_extraction from poly1305_finish__ because it is not a pure function
Dropping inline_for_extraction from poly1305_finish__ because it is not a pure function
Dropping inline_for_extraction from upd_3 because it is not a pure function
Dropping inline_for_extraction from load128_be because it is not a pure function
Dropping inline_for_extraction from store128_be because it is not a pure function
Dropping inline_for_extraction from gf128_add because it is not a pure function
Dropping inline_for_extraction from gf128_shift_reduce because it is not a pure function
Dropping inline_for_extraction from gf128_cond_fadd because it is not a pure function
Dropping inline_for_extraction from poly1305_concat because it is not a pure function
Dropping inline_for_extraction from load128_be because it is not a pure function
Dropping inline_for_extraction from store128_be because it is not a pure function
Dropping inline_for_extraction from gf128_add because it is not a pure function
Dropping inline_for_extraction from load128_be because it is not a pure function
Dropping inline_for_extraction from store128_be because it is not a pure function
Dropping inline_for_extraction from gf128_add because it is not a pure function
Dropping inline_for_extraction from gf128_shift_reduce because it is not a pure function
Dropping inline_for_extraction from gf128_cond_fadd because it is not a pure function
Dropping inline_for_extraction from gf128_shift_reduce because it is not a pure function
Dropping inline_for_extraction from gf128_cond_fadd because it is not a pure function
Dropping inline_for_extraction from load128_be because it is not a pure function
Dropping inline_for_extraction from store128_be because it is not a pure function
Dropping inline_for_extraction from gf128_add because it is not a pure function
Dropping inline_for_extraction from load128_be because it is not a pure function
Dropping inline_for_extraction from store128_be because it is not a pure function
Dropping inline_for_extraction from poly1305_finish__ because it is not a pure function
Dropping inline_for_extraction from gf128_add because it is not a pure function
Dropping inline_for_extraction from gf128_shift_reduce because it is not a pure function
Dropping inline_for_extraction from load128_be because it is not a pure function
Dropping inline_for_extraction from store128_be because it is not a pure function
Dropping inline_for_extraction from load128_be because it is not a pure function
Dropping inline_for_extraction from gf128_add because it is not a pure function
Dropping inline_for_extraction from gf128_shift_reduce because it is not a pure function
Dropping inline_for_extraction from gf128_cond_fadd because it is not a pure function
Dropping inline_for_extraction from store128_be because it is not a pure function
Dropping inline_for_extraction from load128_be because it is not a pure function
Dropping inline_for_extraction from gf128_cond_fadd because it is not a pure function
Dropping inline_for_extraction from store128_be because it is not a pure function
Dropping inline_for_extraction from gf128_add because it is not a pure function
Dropping inline_for_extraction from gf128_add because it is not a pure function
Dropping inline_for_extraction from gf128_shift_reduce because it is not a pure function
Dropping inline_for_extraction from gf128_cond_fadd because it is not a pure function
Dropping inline_for_extraction from gf128_shift_reduce because it is not a pure function
Dropping inline_for_extraction from gf128_shift_reduce because it is not a pure function
Dropping inline_for_extraction from gf128_cond_fadd because it is not a pure function
Dropping inline_for_extraction from gf128_cond_fadd because it is not a pure function
Dropping inline_for_extraction from load128_be because it is not a pure function
Dropping inline_for_extraction from store128_be because it is not a pure function
Dropping inline_for_extraction from gf128_add because it is not a pure function
Dropping inline_for_extraction from gf128_shift_reduce because it is not a pure function
Dropping inline_for_extraction from gf128_cond_fadd because it is not a pure function
Dropping inline_for_extraction from load128_be because it is not a pure function
Dropping inline_for_extraction from store128_be because it is not a pure function
Dropping inline_for_extraction from gf128_add because it is not a pure function
Dropping inline_for_extraction from gf128_shift_reduce because it is not a pure function
Dropping inline_for_extraction from gf128_cond_fadd because it is not a pure function
Dropping inline_for_extraction from gf128_shift_reduce because it is not a pure function
Dropping inline_for_extraction from gf128_cond_fadd because it is not a pure function
