Warning: you are using the standard library and/or the %inline keyword. We
recommend switching on --infer in order to avoid obscure type error messages.
Warning: Spec.Salsa20.test_column_round2 mentions Prims.list meaning that they cannot be type-checked by KreMLin
Warning: Spec.Poly1305.test, Spec.Poly1305.expected, Spec.Poly1305.k and Spec.Poly1305.msg mention Prims.list meaning that they cannot be type-checked by KreMLin
Warning: Spec.Poly1305.expected, Spec.Poly1305.k and Spec.Poly1305.msg mention Prims.list meaning that they cannot be type-checked by KreMLin
Warning: Spec.Poly1305.k and Spec.Poly1305.msg mention Prims.list meaning that they cannot be type-checked by KreMLin
Warning: Spec.Poly1305.msg mentions Prims.list meaning that they cannot be type-checked by KreMLin
Warning: Spec.Salsa20.test_column_round2 mentions Prims.list meaning that they cannot be type-checked by KreMLin
Warning: Spec.Poly1305.test, Spec.Poly1305.expected, Spec.Poly1305.k and Spec.Poly1305.msg mention Prims.list meaning that they cannot be type-checked by KreMLin
Warning: Spec.Poly1305.expected, Spec.Poly1305.k and Spec.Poly1305.msg mention Prims.list meaning that they cannot be type-checked by KreMLin
Warning: Spec.Poly1305.k and Spec.Poly1305.msg mention Prims.list meaning that they cannot be type-checked by KreMLin
Warning: Spec.Poly1305.msg mentions Prims.list meaning that they cannot be type-checked by KreMLin
Warning: Spec.Salsa20.test_column_round2 mentions Prims.list meaning that they cannot be type-checked by KreMLin
Warning: Spec.Chacha20.test_nonce, Spec.Chacha20.test_key, Spec.Chacha20.test_ciphertext and Spec.Chacha20.test_plaintext mention Prims.list meaning that they cannot be type-checked by KreMLin
Warning: Spec.Chacha20.test_key, Spec.Chacha20.test_ciphertext and Spec.Chacha20.test_plaintext mention Prims.list meaning that they cannot be type-checked by KreMLin
Warning: Spec.Chacha20.test_ciphertext and Spec.Chacha20.test_plaintext mention Prims.list meaning that they cannot be type-checked by KreMLin
Warning: Spec.Chacha20.test_plaintext mentions Prims.list meaning that they cannot be type-checked by KreMLin
Warning: Spec.Poly1305.test, Spec.Poly1305.expected, Spec.Poly1305.k and Spec.Poly1305.msg mention Prims.list meaning that they cannot be type-checked by KreMLin
Warning: Spec.Poly1305.expected, Spec.Poly1305.k and Spec.Poly1305.msg mention Prims.list meaning that they cannot be type-checked by KreMLin
Warning: Spec.Poly1305.k and Spec.Poly1305.msg mention Prims.list meaning that they cannot be type-checked by KreMLin
Warning: Spec.Poly1305.msg mentions Prims.list meaning that they cannot be type-checked by KreMLin
Warning: Spec.Chacha20.test_nonce, Spec.Chacha20.test_key, Spec.Chacha20.test_ciphertext and Spec.Chacha20.test_plaintext mention Prims.list meaning that they cannot be type-checked by KreMLin
Warning: Spec.Chacha20.test_key, Spec.Chacha20.test_ciphertext and Spec.Chacha20.test_plaintext mention Prims.list meaning that they cannot be type-checked by KreMLin
Warning: Spec.Chacha20.test_ciphertext and Spec.Chacha20.test_plaintext mention Prims.list meaning that they cannot be type-checked by KreMLin
Warning: Spec.Chacha20.test_plaintext mentions Prims.list meaning that they cannot be type-checked by KreMLin
Warning 4: in top-level declaration Spec.Chacha20Poly1305.test, in file Spec_Chacha20Poly1305: Malformed input:
Type annotation is not an lid but any
Dropping Spec.Chacha20Poly1305.test (at checking time)

Warning: Spec.Chacha20Poly1305.xmac, Spec.Chacha20Poly1305.xcipher, Spec.Chacha20Poly1305.aad, Spec.Chacha20Poly1305.p, Spec.Chacha20Poly1305.n and Spec.Chacha20Poly1305.k mention Prims.list meaning that they cannot be type-checked by KreMLin
Warning: Spec.Chacha20Poly1305.xcipher, Spec.Chacha20Poly1305.aad, Spec.Chacha20Poly1305.p, Spec.Chacha20Poly1305.n and Spec.Chacha20Poly1305.k mention Prims.list meaning that they cannot be type-checked by KreMLin
Warning: Spec.Chacha20Poly1305.aad, Spec.Chacha20Poly1305.p, Spec.Chacha20Poly1305.n and Spec.Chacha20Poly1305.k mention Prims.list meaning that they cannot be type-checked by KreMLin
Warning: Spec.Chacha20Poly1305.p, Spec.Chacha20Poly1305.n and Spec.Chacha20Poly1305.k mention Prims.list meaning that they cannot be type-checked by KreMLin
Warning: Spec.Chacha20Poly1305.n and Spec.Chacha20Poly1305.k mention Prims.list meaning that they cannot be type-checked by KreMLin
Warning: Spec.Chacha20Poly1305.k mentions Prims.list meaning that they cannot be type-checked by KreMLin
Warning: Spec.Poly1305.test, Spec.Poly1305.expected, Spec.Poly1305.k and Spec.Poly1305.msg mention Prims.list meaning that they cannot be type-checked by KreMLin
Warning: Spec.Poly1305.expected, Spec.Poly1305.k and Spec.Poly1305.msg mention Prims.list meaning that they cannot be type-checked by KreMLin
Warning: Spec.Poly1305.k and Spec.Poly1305.msg mention Prims.list meaning that they cannot be type-checked by KreMLin
Warning: Spec.Poly1305.msg mentions Prims.list meaning that they cannot be type-checked by KreMLin
Warning: Spec.Poly1305.test, Spec.Poly1305.expected, Spec.Poly1305.k and Spec.Poly1305.msg mention Prims.list meaning that they cannot be type-checked by KreMLin
Warning: Spec.Poly1305.expected, Spec.Poly1305.k and Spec.Poly1305.msg mention Prims.list meaning that they cannot be type-checked by KreMLin
Warning: Spec.Poly1305.k and Spec.Poly1305.msg mention Prims.list meaning that they cannot be type-checked by KreMLin
Warning: Spec.Poly1305.msg mentions Prims.list meaning that they cannot be type-checked by KreMLin
Warning: Spec.Chacha20.test_nonce, Spec.Chacha20.test_key, Spec.Chacha20.test_ciphertext and Spec.Chacha20.test_plaintext mention Prims.list meaning that they cannot be type-checked by KreMLin
Warning: Spec.Chacha20.test_key, Spec.Chacha20.test_ciphertext and Spec.Chacha20.test_plaintext mention Prims.list meaning that they cannot be type-checked by KreMLin
Warning: Spec.Chacha20.test_ciphertext and Spec.Chacha20.test_plaintext mention Prims.list meaning that they cannot be type-checked by KreMLin
Warning: Spec.Chacha20.test_plaintext mentions Prims.list meaning that they cannot be type-checked by KreMLin
Warning 4: in top-level declaration Spec.Chacha20Poly1305.test, in file Spec_Chacha20Poly1305: Malformed input:
Type annotation is not an lid but any
Dropping Spec.Chacha20Poly1305.test (at checking time)

Warning: Spec.Chacha20Poly1305.xmac, Spec.Chacha20Poly1305.xcipher, Spec.Chacha20Poly1305.aad, Spec.Chacha20Poly1305.p, Spec.Chacha20Poly1305.n and Spec.Chacha20Poly1305.k mention Prims.list meaning that they cannot be type-checked by KreMLin
Warning: Spec.Chacha20Poly1305.xcipher, Spec.Chacha20Poly1305.aad, Spec.Chacha20Poly1305.p, Spec.Chacha20Poly1305.n and Spec.Chacha20Poly1305.k mention Prims.list meaning that they cannot be type-checked by KreMLin
Warning: Spec.Chacha20Poly1305.aad, Spec.Chacha20Poly1305.p, Spec.Chacha20Poly1305.n and Spec.Chacha20Poly1305.k mention Prims.list meaning that they cannot be type-checked by KreMLin
Warning: Spec.Chacha20Poly1305.p, Spec.Chacha20Poly1305.n and Spec.Chacha20Poly1305.k mention Prims.list meaning that they cannot be type-checked by KreMLin
Warning: Spec.Chacha20Poly1305.n and Spec.Chacha20Poly1305.k mention Prims.list meaning that they cannot be type-checked by KreMLin
Warning: Spec.Chacha20Poly1305.k mentions Prims.list meaning that they cannot be type-checked by KreMLin
Warning: Spec.Chacha20.test_nonce, Spec.Chacha20.test_key, Spec.Chacha20.test_ciphertext and Spec.Chacha20.test_plaintext mention Prims.list meaning that they cannot be type-checked by KreMLin
Warning: Spec.Chacha20.test_key, Spec.Chacha20.test_ciphertext and Spec.Chacha20.test_plaintext mention Prims.list meaning that they cannot be type-checked by KreMLin
Warning: Spec.Chacha20.test_ciphertext and Spec.Chacha20.test_plaintext mention Prims.list meaning that they cannot be type-checked by KreMLin
Warning: Spec.Chacha20.test_plaintext mentions Prims.list meaning that they cannot be type-checked by KreMLin
Warning 4: in top-level declaration Spec.Chacha20Poly1305.test, in file Spec_Chacha20Poly1305: Malformed input:
Type annotation is not an lid but any
Dropping Spec.Chacha20Poly1305.test (at checking time)

Warning: Spec.Chacha20Poly1305.xmac, Spec.Chacha20Poly1305.xcipher, Spec.Chacha20Poly1305.aad, Spec.Chacha20Poly1305.p, Spec.Chacha20Poly1305.n and Spec.Chacha20Poly1305.k mention Prims.list meaning that they cannot be type-checked by KreMLin
Warning: Spec.Chacha20Poly1305.xcipher, Spec.Chacha20Poly1305.aad, Spec.Chacha20Poly1305.p, Spec.Chacha20Poly1305.n and Spec.Chacha20Poly1305.k mention Prims.list meaning that they cannot be type-checked by KreMLin
Warning: Spec.Chacha20Poly1305.aad, Spec.Chacha20Poly1305.p, Spec.Chacha20Poly1305.n and Spec.Chacha20Poly1305.k mention Prims.list meaning that they cannot be type-checked by KreMLin
Warning: Spec.Chacha20Poly1305.p, Spec.Chacha20Poly1305.n and Spec.Chacha20Poly1305.k mention Prims.list meaning that they cannot be type-checked by KreMLin
Warning: Spec.Chacha20Poly1305.n and Spec.Chacha20Poly1305.k mention Prims.list meaning that they cannot be type-checked by KreMLin
Warning: Spec.Chacha20Poly1305.k mentions Prims.list meaning that they cannot be type-checked by KreMLin
Warning 7: : After inlining, Hacl.Test.X25519.main (going into Hacl_Test_X25519) calls Hacl.EC.crypto_scalarmult (going into Curve25519) -- removing the static qualifier from Hacl.EC.crypto_scalarmult
Warning: Spec.Salsa20.test_column_round2 mentions Prims.list meaning that they cannot be type-checked by KreMLin
Warning: Spec.Poly1305.test, Spec.Poly1305.expected, Spec.Poly1305.k and Spec.Poly1305.msg mention Prims.list meaning that they cannot be type-checked by KreMLin
Warning: Spec.Poly1305.expected, Spec.Poly1305.k and Spec.Poly1305.msg mention Prims.list meaning that they cannot be type-checked by KreMLin
Warning: Spec.Poly1305.k and Spec.Poly1305.msg mention Prims.list meaning that they cannot be type-checked by KreMLin
Warning: Spec.Poly1305.msg mentions Prims.list meaning that they cannot be type-checked by KreMLin
Warning: Spec.Salsa20.test_column_round2 mentions Prims.list meaning that they cannot be type-checked by KreMLin
Warning: Spec.Poly1305.test, Spec.Poly1305.expected, Spec.Poly1305.k and Spec.Poly1305.msg mention Prims.list meaning that they cannot be type-checked by KreMLin
Warning: Spec.Poly1305.expected, Spec.Poly1305.k and Spec.Poly1305.msg mention Prims.list meaning that they cannot be type-checked by KreMLin
Warning: Spec.Poly1305.k and Spec.Poly1305.msg mention Prims.list meaning that they cannot be type-checked by KreMLin
Warning: Spec.Poly1305.msg mentions Prims.list meaning that they cannot be type-checked by KreMLin
Warning: Spec.Chacha20.test_nonce, Spec.Chacha20.test_key, Spec.Chacha20.test_ciphertext and Spec.Chacha20.test_plaintext mention Prims.list meaning that they cannot be type-checked by KreMLin
Warning: Spec.Chacha20.test_key, Spec.Chacha20.test_ciphertext and Spec.Chacha20.test_plaintext mention Prims.list meaning that they cannot be type-checked by KreMLin
Warning: Spec.Chacha20.test_ciphertext and Spec.Chacha20.test_plaintext mention Prims.list meaning that they cannot be type-checked by KreMLin
Warning: Spec.Chacha20.test_plaintext mentions Prims.list meaning that they cannot be type-checked by KreMLin
Warning: Spec.Salsa20.test_column_round2 mentions Prims.list meaning that they cannot be type-checked by KreMLin
Warning: Spec.Poly1305.test, Spec.Poly1305.expected, Spec.Poly1305.k and Spec.Poly1305.msg mention Prims.list meaning that they cannot be type-checked by KreMLin
Warning: Spec.Poly1305.expected, Spec.Poly1305.k and Spec.Poly1305.msg mention Prims.list meaning that they cannot be type-checked by KreMLin
Warning: Spec.Poly1305.k and Spec.Poly1305.msg mention Prims.list meaning that they cannot be type-checked by KreMLin
Warning: Spec.Poly1305.msg mentions Prims.list meaning that they cannot be type-checked by KreMLin
Warning: Spec.Chacha20.test_nonce, Spec.Chacha20.test_key, Spec.Chacha20.test_ciphertext and Spec.Chacha20.test_plaintext mention Prims.list meaning that they cannot be type-checked by KreMLin
Warning: Spec.Chacha20.test_key, Spec.Chacha20.test_ciphertext and Spec.Chacha20.test_plaintext mention Prims.list meaning that they cannot be type-checked by KreMLin
Warning: Spec.Chacha20.test_ciphertext and Spec.Chacha20.test_plaintext mention Prims.list meaning that they cannot be type-checked by KreMLin
Warning: Spec.Chacha20.test_plaintext mentions Prims.list meaning that they cannot be type-checked by KreMLin
Warning 4: in top-level declaration Spec.Chacha20Poly1305.test, in file Spec_Chacha20Poly1305: Malformed input:
Type annotation is not an lid but any
Dropping Spec.Chacha20Poly1305.test (at checking time)

Warning: Spec.Chacha20Poly1305.xmac, Spec.Chacha20Poly1305.xcipher, Spec.Chacha20Poly1305.aad, Spec.Chacha20Poly1305.p, Spec.Chacha20Poly1305.n and Spec.Chacha20Poly1305.k mention Prims.list meaning that they cannot be type-checked by KreMLin
Warning: Spec.Chacha20Poly1305.xcipher, Spec.Chacha20Poly1305.aad, Spec.Chacha20Poly1305.p, Spec.Chacha20Poly1305.n and Spec.Chacha20Poly1305.k mention Prims.list meaning that they cannot be type-checked by KreMLin
Warning: Spec.Chacha20Poly1305.aad, Spec.Chacha20Poly1305.p, Spec.Chacha20Poly1305.n and Spec.Chacha20Poly1305.k mention Prims.list meaning that they cannot be type-checked by KreMLin
Warning: Spec.Chacha20Poly1305.p, Spec.Chacha20Poly1305.n and Spec.Chacha20Poly1305.k mention Prims.list meaning that they cannot be type-checked by KreMLin
Warning: Spec.Chacha20Poly1305.n and Spec.Chacha20Poly1305.k mention Prims.list meaning that they cannot be type-checked by KreMLin
Warning: Spec.Chacha20Poly1305.k mentions Prims.list meaning that they cannot be type-checked by KreMLin
Warning 7: : After inlining, Hacl.Test.X25519.main (going into Hacl_Test_X25519) calls Hacl.EC.crypto_scalarmult (going into Curve25519) -- removing the static qualifier from Hacl.EC.crypto_scalarmult
WARNING: (29475,16): '=' cannot be used in patterns.
WARNING: (29475,16): 'if' cannot be used in patterns.
WARNING: (29792,16): '=' cannot be used in patterns.
WARNING: (29792,16): 'if' cannot be used in patterns.
WARNING: (35139,16): '=' cannot be used in patterns.
WARNING: (35139,16): 'if' cannot be used in patterns.
WARNING: (35397,16): '=' cannot be used in patterns.
WARNING: (35397,16): 'if' cannot be used in patterns.
WARNING: (281106,16): '=' cannot be used in patterns.
WARNING: (281106,16): 'if' cannot be used in patterns.
WARNING: (281364,16): '=' cannot be used in patterns.
WARNING: (281364,16): 'if' cannot be used in patterns.
WARNING: (28677,16): '=' cannot be used in patterns.
WARNING: (28677,16): 'if' cannot be used in patterns.
WARNING: (32686,16): '=' cannot be used in patterns.
WARNING: (32686,16): 'if' cannot be used in patterns.
WARNING: (32944,16): '=' cannot be used in patterns.
WARNING: (32944,16): 'if' cannot be used in patterns.
WARNING: (278321,16): '=' cannot be used in patterns.
WARNING: (278321,16): 'if' cannot be used in patterns.
WARNING: (278579,16): '=' cannot be used in patterns.
WARNING: (278579,16): 'if' cannot be used in patterns.
