Warning: you are using the standard library and/or the %inline keyword. We
recommend switching on --infer in order to avoid obscure type error messages.
6 shift/reduce conflicts.
Fatal error: exception Failure("This file is for a different version of KreMLin")
Raised at file "pervasives.ml", line 30, characters 22-33
Called from file "src/InputAst.ml", line 163, characters 4-62
Called from file "src/Kremlin.ml", line 182, characters 14-41
make[3]: *** [Makefile:80: extract-c] Error 2
make[2]: *** [Makefile:6: poly1305-c] Error 2
make[2]: *** Waiting for unfinished jobs....
Fatal error: exception Failure("This file is for a different version of KreMLin")
Raised at file "pervasives.ml", line 30, characters 22-33
Called from file "src/InputAst.ml", line 163, characters 4-62
Called from file "src/Kremlin.ml", line 182, characters 14-41
make[3]: *** [Makefile:97: HSalsa20.c] Error 2
make[3]: *** Waiting for unfinished jobs....
Fatal error: exception Failure("This file is for a different version of KreMLin")
Raised at file "pervasives.ml", line 30, characters 22-33
Called from file "src/InputAst.ml", line 163, characters 4-62
Called from file "src/Kremlin.ml", line 182, characters 14-41
make[3]: *** [Makefile:107: XSalsa20.c] Error 2
Fatal error: exception Failure("This file is for a different version of KreMLin")
Raised at file "pervasives.ml", line 30, characters 22-33
Called from file "src/InputAst.ml", line 163, characters 4-62
Called from file "src/Kremlin.ml", line 182, characters 14-41
make[3]: *** [Makefile:100: extract-c] Error 2
make[2]: *** [Makefile:6: curve25519-c] Error 2
Fatal error: exception Failure("This file is for a different version of KreMLin")
Raised at file "pervasives.ml", line 30, characters 22-33
Called from file "src/InputAst.ml", line 163, characters 4-62
Called from file "src/Kremlin.ml", line 182, characters 14-41
make[3]: *** [Makefile:64: Chacha20.c] Error 2
Fatal error: exception Failure("This file is for a different version of KreMLin")
Raised at file "pervasives.ml", line 30, characters 22-33
Called from file "src/InputAst.ml", line 163, characters 4-62
Called from file "src/Kremlin.ml", line 182, characters 14-41
make[3]: *** [Makefile:86: Salsa20.c] Error 2
make[2]: *** [Makefile:6: salsa-family-c] Error 2
make[1]: *** [Makefile:12: extract-c-code] Error 2
make[1]: *** Waiting for unfinished jobs....
Fatal error: exception Failure("This file is for a different version of KreMLin")
Raised at file "pervasives.ml", line 30, characters 22-33
Called from file "src/InputAst.ml", line 163, characters 4-62
Called from file "src/Kremlin.ml", line 182, characters 14-41
make[2]: *** [Makefile:26: krml-test-vale.exe] Error 2
make[1]: *** [Makefile:15: extract-c-crypto] Error 2
make: *** [Makefile:2: all] Error 2
