Warning: you are using the standard library and/or the %inline keyword. We
recommend switching on --infer in order to avoid obscure type error messages.
7 shift/reduce conflicts.
Dropping inline_for_extraction from store32_le because it is not a pure function
Dropping inline_for_extraction from store32_be because it is not a pure function
Dropping inline_for_extraction from store64_le because it is not a pure function
Dropping inline_for_extraction from store64_be because it is not a pure function
Dropping inline_for_extraction from store128_le because it is not a pure function
Dropping inline_for_extraction from store128_be because it is not a pure function
Dropping inline_for_extraction from load32_le because it is not a pure function
Dropping inline_for_extraction from load32_be because it is not a pure function
Dropping inline_for_extraction from load64_le because it is not a pure function
Dropping inline_for_extraction from load64_be because it is not a pure function
Dropping inline_for_extraction from load128_le because it is not a pure function
Dropping inline_for_extraction from load128_be because it is not a pure function
Dropping inline_for_extraction from hstore32_le because it is not a pure function
Dropping inline_for_extraction from hstore32_be because it is not a pure function
Dropping inline_for_extraction from hstore64_le because it is not a pure function
Dropping inline_for_extraction from hstore64_be because it is not a pure function
Dropping inline_for_extraction from hstore128_le because it is not a pure function
Dropping inline_for_extraction from hstore128_be because it is not a pure function
Dropping inline_for_extraction from hload32_le because it is not a pure function
Dropping inline_for_extraction from hload32_be because it is not a pure function
Dropping inline_for_extraction from hload64_le because it is not a pure function
Dropping inline_for_extraction from hload64_be because it is not a pure function
Dropping inline_for_extraction from hload128_le because it is not a pure function
Dropping inline_for_extraction from hload128_be because it is not a pure function
Dropping inline_for_extraction from load128_be because it is not a pure function
Dropping inline_for_extraction from Crypto.Symmetric.GF128.store128_be because it is not a pure function
Dropping inline_for_extraction from store32_le because it is not a pure function
Dropping inline_for_extraction from store32_be because it is not a pure function
Dropping inline_for_extraction from store64_le because it is not a pure function
Dropping inline_for_extraction from store64_be because it is not a pure function
Dropping inline_for_extraction from store128_le because it is not a pure function
Dropping inline_for_extraction from store128_be because it is not a pure function
Dropping inline_for_extraction from load32_le because it is not a pure function
Dropping inline_for_extraction from load32_be because it is not a pure function
Dropping inline_for_extraction from load64_le because it is not a pure function
Dropping inline_for_extraction from load64_be because it is not a pure function
Dropping inline_for_extraction from load128_le because it is not a pure function
Dropping inline_for_extraction from load128_be because it is not a pure function
Dropping inline_for_extraction from hstore32_le because it is not a pure function
Dropping inline_for_extraction from hstore32_be because it is not a pure function
Dropping inline_for_extraction from hstore64_le because it is not a pure function
Dropping inline_for_extraction from hstore64_be because it is not a pure function
Dropping inline_for_extraction from hstore128_le because it is not a pure function
Dropping inline_for_extraction from hstore128_be because it is not a pure function
Dropping inline_for_extraction from hload32_le because it is not a pure function
Dropping inline_for_extraction from hload32_be because it is not a pure function
Dropping inline_for_extraction from hload64_le because it is not a pure function
Dropping inline_for_extraction from hload64_be because it is not a pure function
Dropping inline_for_extraction from hload128_le because it is not a pure function
Dropping inline_for_extraction from hload128_be because it is not a pure function
Dropping inline_for_extraction from store32_le because it is not a pure function
Dropping inline_for_extraction from store32_be because it is not a pure function
Dropping inline_for_extraction from store64_le because it is not a pure function
Dropping inline_for_extraction from store64_be because it is not a pure function
Dropping inline_for_extraction from store128_le because it is not a pure function
Dropping inline_for_extraction from store128_be because it is not a pure function
Dropping inline_for_extraction from load32_le because it is not a pure function
Dropping inline_for_extraction from load32_be because it is not a pure function
Dropping inline_for_extraction from load64_le because it is not a pure function
Dropping inline_for_extraction from load64_be because it is not a pure function
Dropping inline_for_extraction from load128_le because it is not a pure function
Dropping inline_for_extraction from load128_be because it is not a pure function
Dropping inline_for_extraction from hstore32_le because it is not a pure function
Dropping inline_for_extraction from hstore32_be because it is not a pure function
Dropping inline_for_extraction from hstore64_le because it is not a pure function
Dropping inline_for_extraction from hstore64_be because it is not a pure function
Dropping inline_for_extraction from hstore128_le because it is not a pure function
Dropping inline_for_extraction from hstore128_be because it is not a pure function
Dropping inline_for_extraction from hload32_le because it is not a pure function
Dropping inline_for_extraction from hload32_be because it is not a pure function
Dropping inline_for_extraction from hload64_le because it is not a pure function
Dropping inline_for_extraction from hload64_be because it is not a pure function
Dropping inline_for_extraction from hload128_le because it is not a pure function
Dropping inline_for_extraction from hload128_be because it is not a pure function
Dropping inline_for_extraction from store32_le because it is not a pure function
Dropping inline_for_extraction from store32_be because it is not a pure function
Dropping inline_for_extraction from store64_le because it is not a pure function
Dropping inline_for_extraction from store64_be because it is not a pure function
Dropping inline_for_extraction from store128_le because it is not a pure function
Dropping inline_for_extraction from store128_be because it is not a pure function
Dropping inline_for_extraction from load32_le because it is not a pure function
Dropping inline_for_extraction from load32_be because it is not a pure function
Dropping inline_for_extraction from load64_le because it is not a pure function
Dropping inline_for_extraction from load64_be because it is not a pure function
Dropping inline_for_extraction from load128_le because it is not a pure function
Dropping inline_for_extraction from load128_be because it is not a pure function
Dropping inline_for_extraction from hstore32_le because it is not a pure function
Dropping inline_for_extraction from hstore32_be because it is not a pure function
Dropping inline_for_extraction from hstore64_le because it is not a pure function
Dropping inline_for_extraction from hstore64_be because it is not a pure function
Dropping inline_for_extraction from hstore128_le because it is not a pure function
Dropping inline_for_extraction from hstore128_be because it is not a pure function
Dropping inline_for_extraction from hload32_le because it is not a pure function
Dropping inline_for_extraction from hload32_be because it is not a pure function
Dropping inline_for_extraction from hload64_le because it is not a pure function
Dropping inline_for_extraction from hload64_be because it is not a pure function
Dropping inline_for_extraction from hload128_le because it is not a pure function
Dropping inline_for_extraction from hload128_be because it is not a pure function
Dropping inline_for_extraction from store32_le because it is not a pure function
Dropping inline_for_extraction from store32_be because it is not a pure function
Dropping inline_for_extraction from store64_le because it is not a pure function
Dropping inline_for_extraction from store64_be because it is not a pure function
Dropping inline_for_extraction from store128_le because it is not a pure function
Dropping inline_for_extraction from store128_be because it is not a pure function
Dropping inline_for_extraction from load32_le because it is not a pure function
Dropping inline_for_extraction from load32_be because it is not a pure function
Dropping inline_for_extraction from load64_le because it is not a pure function
Dropping inline_for_extraction from load64_be because it is not a pure function
Dropping inline_for_extraction from load128_le because it is not a pure function
Dropping inline_for_extraction from load128_be because it is not a pure function
Dropping inline_for_extraction from hstore32_le because it is not a pure function
Dropping inline_for_extraction from hstore32_be because it is not a pure function
Dropping inline_for_extraction from hstore64_le because it is not a pure function
Dropping inline_for_extraction from hstore64_be because it is not a pure function
Dropping inline_for_extraction from hstore128_le because it is not a pure function
Dropping inline_for_extraction from hstore128_be because it is not a pure function
Dropping inline_for_extraction from hload32_le because it is not a pure function
Dropping inline_for_extraction from hload32_be because it is not a pure function
Dropping inline_for_extraction from hload64_le because it is not a pure function
Dropping inline_for_extraction from hload64_be because it is not a pure function
Dropping inline_for_extraction from hload128_le because it is not a pure function
Dropping inline_for_extraction from hload128_be because it is not a pure function
Dropping inline_for_extraction from store32_le because it is not a pure function
Dropping inline_for_extraction from store32_be because it is not a pure function
Dropping inline_for_extraction from store64_le because it is not a pure function
Dropping inline_for_extraction from store64_be because it is not a pure function
Dropping inline_for_extraction from store128_le because it is not a pure function
Dropping inline_for_extraction from store128_be because it is not a pure function
Dropping inline_for_extraction from load32_le because it is not a pure function
Dropping inline_for_extraction from load32_be because it is not a pure function
Dropping inline_for_extraction from load64_le because it is not a pure function
Dropping inline_for_extraction from load64_be because it is not a pure function
Dropping inline_for_extraction from load128_le because it is not a pure function
Dropping inline_for_extraction from load128_be because it is not a pure function
Dropping inline_for_extraction from hstore32_le because it is not a pure function
Dropping inline_for_extraction from hstore32_be because it is not a pure function
Dropping inline_for_extraction from hstore64_le because it is not a pure function
Dropping inline_for_extraction from hstore64_be because it is not a pure function
Dropping inline_for_extraction from hstore128_le because it is not a pure function
Dropping inline_for_extraction from hstore128_be because it is not a pure function
Dropping inline_for_extraction from hload32_le because it is not a pure function
Dropping inline_for_extraction from hload32_be because it is not a pure function
Dropping inline_for_extraction from hload64_le because it is not a pure function
Dropping inline_for_extraction from hload64_be because it is not a pure function
Dropping inline_for_extraction from hload128_le because it is not a pure function
Dropping inline_for_extraction from hload128_be because it is not a pure function
Dropping inline_for_extraction from load128_be because it is not a pure function
Dropping inline_for_extraction from store128_be because it is not a pure function
Dropping inline_for_extraction from gf128_add because it is not a pure function
Dropping inline_for_extraction from gf128_shift_reduce because it is not a pure function
Dropping inline_for_extraction from gf128_cond_fadd because it is not a pure function
Dropping inline_for_extraction from load128_be because it is not a pure function
Dropping inline_for_extraction from store128_be because it is not a pure function
Dropping inline_for_extraction from gf128_add because it is not a pure function
Dropping inline_for_extraction from gf128_shift_reduce because it is not a pure function
Dropping inline_for_extraction from gf128_cond_fadd because it is not a pure function
Dropping inline_for_extraction from reduce because it is not a pure function
Dropping inline_for_extraction from reduce because it is not a pure function
Dropping inline_for_extraction from reduce because it is not a pure function
Dropping inline_for_extraction from reduce because it is not a pure function
Dropping inline_for_extraction from get_seq because it is not a pure function
Dropping inline_for_extraction from store32_le because it is not a pure function
Dropping inline_for_extraction from store32_be because it is not a pure function
Dropping inline_for_extraction from store64_le because it is not a pure function
Dropping inline_for_extraction from store64_be because it is not a pure function
Dropping inline_for_extraction from store128_le because it is not a pure function
Dropping inline_for_extraction from Crypto.Symmetric.GF128.gf128_add because it is not a pure function
Dropping inline_for_extraction from store128_be because it is not a pure function
Dropping inline_for_extraction from load32_le because it is not a pure function
Dropping inline_for_extraction from load32_be because it is not a pure function
Dropping inline_for_extraction from load64_le because it is not a pure function
Dropping inline_for_extraction from load64_be because it is not a pure function
Dropping inline_for_extraction from load128_le because it is not a pure function
Dropping inline_for_extraction from load128_be because it is not a pure function
Dropping inline_for_extraction from hstore32_le because it is not a pure function
Dropping inline_for_extraction from hstore32_be because it is not a pure function
Dropping inline_for_extraction from hstore64_le because it is not a pure function
Dropping inline_for_extraction from hstore64_be because it is not a pure function
Dropping inline_for_extraction from hstore128_le because it is not a pure function
Dropping inline_for_extraction from hstore128_be because it is not a pure function
Dropping inline_for_extraction from hload32_le because it is not a pure function
Dropping inline_for_extraction from hload32_be because it is not a pure function
Dropping inline_for_extraction from hload64_le because it is not a pure function
Dropping inline_for_extraction from hload64_be because it is not a pure function
Dropping inline_for_extraction from hload128_le because it is not a pure function
Dropping inline_for_extraction from hload128_be because it is not a pure function
Dropping inline_for_extraction from store32_le because it is not a pure function
Dropping inline_for_extraction from store32_be because it is not a pure function
Dropping inline_for_extraction from store64_le because it is not a pure function
Dropping inline_for_extraction from store64_be because it is not a pure function
Dropping inline_for_extraction from store128_le because it is not a pure function
Dropping inline_for_extraction from store128_be because it is not a pure function
Dropping inline_for_extraction from load32_le because it is not a pure function
Dropping inline_for_extraction from load32_be because it is not a pure function
Dropping inline_for_extraction from load64_le because it is not a pure function
Dropping inline_for_extraction from load64_be because it is not a pure function
Dropping inline_for_extraction from load128_le because it is not a pure function
Dropping inline_for_extraction from load128_be because it is not a pure function
Dropping inline_for_extraction from hstore32_le because it is not a pure function
Dropping inline_for_extraction from hstore32_be because it is not a pure function
Dropping inline_for_extraction from hstore64_le because it is not a pure function
Dropping inline_for_extraction from hstore64_be because it is not a pure function
Dropping inline_for_extraction from hstore128_le because it is not a pure function
Dropping inline_for_extraction from hstore128_be because it is not a pure function
Dropping inline_for_extraction from hload32_le because it is not a pure function
Dropping inline_for_extraction from hload32_be because it is not a pure function
Dropping inline_for_extraction from hload64_le because it is not a pure function
Dropping inline_for_extraction from hload64_be because it is not a pure function
Dropping inline_for_extraction from hload128_le because it is not a pure function
Dropping inline_for_extraction from hload128_be because it is not a pure function
Dropping inline_for_extraction from store32_le because it is not a pure function
Dropping inline_for_extraction from store32_be because it is not a pure function
Dropping inline_for_extraction from store64_le because it is not a pure function
Dropping inline_for_extraction from store64_be because it is not a pure function
Dropping inline_for_extraction from store128_le because it is not a pure function
Dropping inline_for_extraction from store128_be because it is not a pure function
Dropping inline_for_extraction from load32_le because it is not a pure function
Dropping inline_for_extraction from load32_be because it is not a pure function
Dropping inline_for_extraction from load64_le because it is not a pure function
Dropping inline_for_extraction from load64_be because it is not a pure function
Dropping inline_for_extraction from load128_le because it is not a pure function
Dropping inline_for_extraction from load128_be because it is not a pure function
Dropping inline_for_extraction from hstore32_le because it is not a pure function
Dropping inline_for_extraction from hstore32_be because it is not a pure function
Dropping inline_for_extraction from hstore64_le because it is not a pure function
Dropping inline_for_extraction from hstore64_be because it is not a pure function
Dropping inline_for_extraction from hstore128_le because it is not a pure function
Dropping inline_for_extraction from hstore128_be because it is not a pure function
Dropping inline_for_extraction from hload32_le because it is not a pure function
Dropping inline_for_extraction from hload32_be because it is not a pure function
Dropping inline_for_extraction from hload64_le because it is not a pure function
Dropping inline_for_extraction from hload64_be because it is not a pure function
Dropping inline_for_extraction from hload128_le because it is not a pure function
Dropping inline_for_extraction from hload128_be because it is not a pure function
Dropping inline_for_extraction from store32_le because it is not a pure function
Dropping inline_for_extraction from store32_be because it is not a pure function
Dropping inline_for_extraction from store64_le because it is not a pure function
Dropping inline_for_extraction from store64_be because it is not a pure function
Dropping inline_for_extraction from store128_le because it is not a pure function
Dropping inline_for_extraction from store128_be because it is not a pure function
Dropping inline_for_extraction from load32_le because it is not a pure function
Dropping inline_for_extraction from load32_be because it is not a pure function
Dropping inline_for_extraction from load64_le because it is not a pure function
Dropping inline_for_extraction from store32_le because it is not a pure function
Dropping inline_for_extraction from load64_be because it is not a pure function
Dropping inline_for_extraction from load128_le because it is not a pure function
Dropping inline_for_extraction from store32_be because it is not a pure function
Dropping inline_for_extraction from load128_be because it is not a pure function
Dropping inline_for_extraction from store64_le because it is not a pure function
Dropping inline_for_extraction from hstore32_le because it is not a pure function
Dropping inline_for_extraction from store64_be because it is not a pure function
Dropping inline_for_extraction from store128_le because it is not a pure function
Dropping inline_for_extraction from hstore32_be because it is not a pure function
Dropping inline_for_extraction from store128_be because it is not a pure function
Dropping inline_for_extraction from hstore64_le because it is not a pure function
Dropping inline_for_extraction from load32_le because it is not a pure function
Dropping inline_for_extraction from hstore64_be because it is not a pure function
Dropping inline_for_extraction from load32_be because it is not a pure function
Dropping inline_for_extraction from hstore128_le because it is not a pure function
Dropping inline_for_extraction from load64_le because it is not a pure function
Dropping inline_for_extraction from hstore128_be because it is not a pure function
Dropping inline_for_extraction from load64_be because it is not a pure function
Dropping inline_for_extraction from hload32_le because it is not a pure function
Dropping inline_for_extraction from load128_le because it is not a pure function
Dropping inline_for_extraction from hload32_be because it is not a pure function
Dropping inline_for_extraction from load128_be because it is not a pure function
Dropping inline_for_extraction from hload64_le because it is not a pure function
Dropping inline_for_extraction from hstore32_le because it is not a pure function
Dropping inline_for_extraction from hstore32_be because it is not a pure function
Dropping inline_for_extraction from hload64_be because it is not a pure function
Dropping inline_for_extraction from hstore64_le because it is not a pure function
Dropping inline_for_extraction from hload128_le because it is not a pure function
Dropping inline_for_extraction from hload128_be because it is not a pure function
Dropping inline_for_extraction from hstore64_be because it is not a pure function
Dropping inline_for_extraction from hstore128_le because it is not a pure function
Dropping inline_for_extraction from hstore128_be because it is not a pure function
Dropping inline_for_extraction from hload32_le because it is not a pure function
Dropping inline_for_extraction from hload32_be because it is not a pure function
Dropping inline_for_extraction from hload64_le because it is not a pure function
Dropping inline_for_extraction from hload64_be because it is not a pure function
Dropping inline_for_extraction from hload128_le because it is not a pure function
Dropping inline_for_extraction from hload128_be because it is not a pure function
Dropping inline_for_extraction from get_seq because it is not a pure function
Dropping inline_for_extraction from store32_le because it is not a pure function
Dropping inline_for_extraction from store32_be because it is not a pure function
Dropping inline_for_extraction from store64_le because it is not a pure function
Dropping inline_for_extraction from store64_be because it is not a pure function
Dropping inline_for_extraction from store128_le because it is not a pure function
Dropping inline_for_extraction from store128_be because it is not a pure function
Dropping inline_for_extraction from load32_le because it is not a pure function
Dropping inline_for_extraction from load32_be because it is not a pure function
Dropping inline_for_extraction from load64_le because it is not a pure function
Dropping inline_for_extraction from load64_be because it is not a pure function
Dropping inline_for_extraction from load128_le because it is not a pure function
Dropping inline_for_extraction from load128_be because it is not a pure function
Dropping inline_for_extraction from hstore32_le because it is not a pure function
Dropping inline_for_extraction from hstore32_be because it is not a pure function
Dropping inline_for_extraction from hstore64_le because it is not a pure function
Dropping inline_for_extraction from hstore64_be because it is not a pure function
Dropping inline_for_extraction from hstore128_le because it is not a pure function
Dropping inline_for_extraction from hstore128_be because it is not a pure function
Dropping inline_for_extraction from hload32_le because it is not a pure function
Dropping inline_for_extraction from hload32_be because it is not a pure function
Dropping inline_for_extraction from hload64_le because it is not a pure function
Dropping inline_for_extraction from hload64_be because it is not a pure function
Dropping inline_for_extraction from hload128_le because it is not a pure function
Dropping inline_for_extraction from hload128_be because it is not a pure function
Dropping inline_for_extraction from add_and_multiply because it is not a pure function
Dropping inline_for_extraction from store32_le because it is not a pure function
Dropping inline_for_extraction from store32_be because it is not a pure function
Dropping inline_for_extraction from store64_le because it is not a pure function
Dropping inline_for_extraction from store64_be because it is not a pure function
Dropping inline_for_extraction from store128_le because it is not a pure function
Dropping inline_for_extraction from store128_be because it is not a pure function
Dropping inline_for_extraction from load32_le because it is not a pure function
Dropping inline_for_extraction from load32_be because it is not a pure function
Dropping inline_for_extraction from load64_le because it is not a pure function
Dropping inline_for_extraction from load64_be because it is not a pure function
Dropping inline_for_extraction from load128_le because it is not a pure function
Dropping inline_for_extraction from load128_be because it is not a pure function
Dropping inline_for_extraction from hstore32_le because it is not a pure function
Dropping inline_for_extraction from hstore32_be because it is not a pure function
Dropping inline_for_extraction from hstore64_le because it is not a pure function
Dropping inline_for_extraction from hstore64_be because it is not a pure function
Dropping inline_for_extraction from hstore128_le because it is not a pure function
Dropping inline_for_extraction from hstore128_be because it is not a pure function
Dropping inline_for_extraction from hload32_le because it is not a pure function
Dropping inline_for_extraction from hload32_be because it is not a pure function
Dropping inline_for_extraction from hload64_le because it is not a pure function
Dropping inline_for_extraction from hload64_be because it is not a pure function
Dropping inline_for_extraction from hload128_le because it is not a pure function
Dropping inline_for_extraction from hload128_be because it is not a pure function
Dropping inline_for_extraction from store32_le because it is not a pure function
Dropping inline_for_extraction from store32_be because it is not a pure function
Dropping inline_for_extraction from store64_le because it is not a pure function
Dropping inline_for_extraction from store64_be because it is not a pure function
Dropping inline_for_extraction from store128_le because it is not a pure function
Dropping inline_for_extraction from store128_be because it is not a pure function
Dropping inline_for_extraction from load32_le because it is not a pure function
Dropping inline_for_extraction from load32_be because it is not a pure function
Dropping inline_for_extraction from load64_le because it is not a pure function
Dropping inline_for_extraction from load64_be because it is not a pure function
Dropping inline_for_extraction from load128_le because it is not a pure function
Dropping inline_for_extraction from load128_be because it is not a pure function
Dropping inline_for_extraction from hstore32_le because it is not a pure function
Dropping inline_for_extraction from hstore32_be because it is not a pure function
Dropping inline_for_extraction from hstore64_le because it is not a pure function
Dropping inline_for_extraction from hstore64_be because it is not a pure function
Dropping inline_for_extraction from hstore128_le because it is not a pure function
Dropping inline_for_extraction from hstore128_be because it is not a pure function
Dropping inline_for_extraction from hload32_le because it is not a pure function
Dropping inline_for_extraction from hload32_be because it is not a pure function
Dropping inline_for_extraction from hload64_le because it is not a pure function
Dropping inline_for_extraction from hload64_be because it is not a pure function
Dropping inline_for_extraction from hload128_le because it is not a pure function
Dropping inline_for_extraction from hload128_be because it is not a pure function
Dropping inline_for_extraction from store32_le because it is not a pure function
Dropping inline_for_extraction from store32_be because it is not a pure function
Dropping inline_for_extraction from store64_le because it is not a pure function
Dropping inline_for_extraction from store64_be because it is not a pure function
Dropping inline_for_extraction from store128_le because it is not a pure function
Dropping inline_for_extraction from store128_be because it is not a pure function
Dropping inline_for_extraction from load32_le because it is not a pure function
Dropping inline_for_extraction from load32_be because it is not a pure function
Dropping inline_for_extraction from load64_le because it is not a pure function
Dropping inline_for_extraction from load64_be because it is not a pure function
Dropping inline_for_extraction from load128_le because it is not a pure function
Dropping inline_for_extraction from load128_be because it is not a pure function
Dropping inline_for_extraction from hstore32_le because it is not a pure function
Dropping inline_for_extraction from hstore32_be because it is not a pure function
Dropping inline_for_extraction from hstore64_le because it is not a pure function
Dropping inline_for_extraction from hstore64_be because it is not a pure function
Dropping inline_for_extraction from hstore128_le because it is not a pure function
Dropping inline_for_extraction from hstore128_be because it is not a pure function
Dropping inline_for_extraction from hload32_le because it is not a pure function
Dropping inline_for_extraction from hload32_be because it is not a pure function
Dropping inline_for_extraction from store32_le because it is not a pure function
Dropping inline_for_extraction from hload64_le because it is not a pure function
Dropping inline_for_extraction from store32_be because it is not a pure function
Dropping inline_for_extraction from store64_le because it is not a pure function
Dropping inline_for_extraction from hload64_be because it is not a pure function
Dropping inline_for_extraction from store64_be because it is not a pure function
Dropping inline_for_extraction from store128_le because it is not a pure function
Dropping inline_for_extraction from hload128_le because it is not a pure function
Dropping inline_for_extraction from store128_be because it is not a pure function
Dropping inline_for_extraction from hload128_be because it is not a pure function
Dropping inline_for_extraction from load32_le because it is not a pure function
Dropping inline_for_extraction from load32_be because it is not a pure function
Dropping inline_for_extraction from load64_le because it is not a pure function
Dropping inline_for_extraction from load64_be because it is not a pure function
Dropping inline_for_extraction from load128_le because it is not a pure function
Dropping inline_for_extraction from load128_be because it is not a pure function
Dropping inline_for_extraction from hstore32_le because it is not a pure function
Dropping inline_for_extraction from hstore32_be because it is not a pure function
Dropping inline_for_extraction from hstore64_le because it is not a pure function
Dropping inline_for_extraction from hstore64_be because it is not a pure function
Dropping inline_for_extraction from hstore128_le because it is not a pure function
Dropping inline_for_extraction from hstore128_be because it is not a pure function
Dropping inline_for_extraction from hload32_le because it is not a pure function
Dropping inline_for_extraction from hload32_be because it is not a pure function
Dropping inline_for_extraction from hload64_le because it is not a pure function
Dropping inline_for_extraction from hload64_be because it is not a pure function
Dropping inline_for_extraction from hload128_le because it is not a pure function
Dropping inline_for_extraction from hload128_be because it is not a pure function
Dropping inline_for_extraction from store32_le because it is not a pure function
Dropping inline_for_extraction from store32_be because it is not a pure function
Dropping inline_for_extraction from store64_le because it is not a pure function
Dropping inline_for_extraction from store64_be because it is not a pure function
Dropping inline_for_extraction from store128_le because it is not a pure function
Dropping inline_for_extraction from store128_be because it is not a pure function
Dropping inline_for_extraction from load32_le because it is not a pure function
Dropping inline_for_extraction from load32_be because it is not a pure function
Dropping inline_for_extraction from load64_le because it is not a pure function
Dropping inline_for_extraction from load64_be because it is not a pure function
Dropping inline_for_extraction from load128_le because it is not a pure function
Dropping inline_for_extraction from load128_be because it is not a pure function
Dropping inline_for_extraction from hstore32_le because it is not a pure function
Dropping inline_for_extraction from hstore32_be because it is not a pure function
Dropping inline_for_extraction from hstore64_le because it is not a pure function
Dropping inline_for_extraction from hstore64_be because it is not a pure function
Dropping inline_for_extraction from hstore128_le because it is not a pure function
Dropping inline_for_extraction from hstore128_be because it is not a pure function
Dropping inline_for_extraction from hload32_le because it is not a pure function
Dropping inline_for_extraction from hload32_be because it is not a pure function
Dropping inline_for_extraction from hload64_le because it is not a pure function
Dropping inline_for_extraction from hload64_be because it is not a pure function
Dropping inline_for_extraction from hload128_le because it is not a pure function
Dropping inline_for_extraction from hload128_be because it is not a pure function
Dropping inline_for_extraction from store32_le because it is not a pure function
Dropping inline_for_extraction from store32_be because it is not a pure function
Dropping inline_for_extraction from store64_le because it is not a pure function
Dropping inline_for_extraction from store64_be because it is not a pure function
Dropping inline_for_extraction from store128_le because it is not a pure function
Dropping inline_for_extraction from store128_be because it is not a pure function
Dropping inline_for_extraction from load32_le because it is not a pure function
Dropping inline_for_extraction from load32_be because it is not a pure function
Dropping inline_for_extraction from load64_le because it is not a pure function
Dropping inline_for_extraction from load64_be because it is not a pure function
Dropping inline_for_extraction from load128_le because it is not a pure function
Dropping inline_for_extraction from load128_be because it is not a pure function
Dropping inline_for_extraction from hstore32_le because it is not a pure function
Dropping inline_for_extraction from hstore32_be because it is not a pure function
Dropping inline_for_extraction from hstore64_le because it is not a pure function
Dropping inline_for_extraction from hstore64_be because it is not a pure function
Dropping inline_for_extraction from hstore128_le because it is not a pure function
Dropping inline_for_extraction from hstore128_be because it is not a pure function
Dropping inline_for_extraction from hload32_le because it is not a pure function
Dropping inline_for_extraction from hload32_be because it is not a pure function
Dropping inline_for_extraction from hload64_le because it is not a pure function
Dropping inline_for_extraction from hload64_be because it is not a pure function
Dropping inline_for_extraction from hload128_le because it is not a pure function
Dropping inline_for_extraction from hload128_be because it is not a pure function
Dropping inline_for_extraction from add_and_multiply because it is not a pure function
Dropping inline_for_extraction from get_seq because it is not a pure function
Dropping inline_for_extraction from get_seq because it is not a pure function
Dropping inline_for_extraction from add_and_multiply because it is not a pure function
Dropping inline_for_extraction from add_and_multiply because it is not a pure function
Dropping inline_for_extraction from upd_3 because it is not a pure function
Dropping inline_for_extraction from poly1305_concat because it is not a pure function
Dropping inline_for_extraction from upd_3 because it is not a pure function
Dropping inline_for_extraction from upd_3 because it is not a pure function
Dropping inline_for_extraction from upd_3 because it is not a pure function
Dropping inline_for_extraction from poly1305_finish__ because it is not a pure function
Dropping inline_for_extraction from poly1305_concat because it is not a pure function
Dropping inline_for_extraction from poly1305_concat because it is not a pure function
Dropping inline_for_extraction from poly1305_concat because it is not a pure function
Dropping inline_for_extraction from poly1305_finish__ because it is not a pure function
Dropping inline_for_extraction from poly1305_finish__ because it is not a pure function
Dropping inline_for_extraction from poly1305_finish__ because it is not a pure function
Dropping inline_for_extraction from load128_be because it is not a pure function
Dropping inline_for_extraction from store128_be because it is not a pure function
Dropping inline_for_extraction from gf128_add because it is not a pure function
Dropping inline_for_extraction from gf128_shift_reduce because it is not a pure function
Dropping inline_for_extraction from gf128_cond_fadd because it is not a pure function
Dropping inline_for_extraction from load128_be because it is not a pure function
Dropping inline_for_extraction from store128_be because it is not a pure function
Dropping inline_for_extraction from gf128_add because it is not a pure function
Dropping inline_for_extraction from gf128_shift_reduce because it is not a pure function
Dropping inline_for_extraction from gf128_cond_fadd because it is not a pure function
Dropping inline_for_extraction from load128_be because it is not a pure function
Dropping inline_for_extraction from store128_be because it is not a pure function
Dropping inline_for_extraction from gf128_add because it is not a pure function
Dropping inline_for_extraction from gf128_shift_reduce because it is not a pure function
Dropping inline_for_extraction from gf128_cond_fadd because it is not a pure function
Dropping inline_for_extraction from reduce because it is not a pure function
Dropping inline_for_extraction from reduce because it is not a pure function
Dropping inline_for_extraction from reduce because it is not a pure function
Dropping inline_for_extraction from reduce because it is not a pure function
Dropping inline_for_extraction from reduce because it is not a pure function
Dropping inline_for_extraction from reduce because it is not a pure function
Dropping inline_for_extraction from reduce because it is not a pure function
Dropping inline_for_extraction from reduce because it is not a pure function
Dropping inline_for_extraction from reduce because it is not a pure function
Dropping inline_for_extraction from reduce because it is not a pure function
Dropping inline_for_extraction from reduce because it is not a pure function
Dropping inline_for_extraction from reduce because it is not a pure function
Dropping inline_for_extraction from get_seq because it is not a pure function
Dropping inline_for_extraction from get_seq because it is not a pure function
Dropping inline_for_extraction from get_seq because it is not a pure function
Dropping inline_for_extraction from add_and_multiply because it is not a pure function
Dropping inline_for_extraction from get_seq because it is not a pure function
Dropping inline_for_extraction from add_and_multiply because it is not a pure function
Dropping inline_for_extraction from get_seq because it is not a pure function
Dropping inline_for_extraction from get_seq because it is not a pure function
Dropping inline_for_extraction from get_seq because it is not a pure function
Dropping inline_for_extraction from add_and_multiply because it is not a pure function
Dropping inline_for_extraction from get_seq because it is not a pure function
Dropping inline_for_extraction from get_seq because it is not a pure function
Dropping inline_for_extraction from get_seq because it is not a pure function
Dropping inline_for_extraction from add_and_multiply because it is not a pure function
Dropping inline_for_extraction from add_and_multiply because it is not a pure function
Dropping inline_for_extraction from add_and_multiply because it is not a pure function
Dropping inline_for_extraction from get_seq because it is not a pure function
Dropping inline_for_extraction from get_seq because it is not a pure function
Dropping inline_for_extraction from add_and_multiply because it is not a pure function
Dropping inline_for_extraction from add_and_multiply because it is not a pure function
Dropping inline_for_extraction from add_and_multiply because it is not a pure function
Dropping inline_for_extraction from add_and_multiply because it is not a pure function
Dropping inline_for_extraction from add_and_multiply because it is not a pure function
Dropping inline_for_extraction from add_and_multiply because it is not a pure function
Dropping inline_for_extraction from upd_3 because it is not a pure function
Dropping inline_for_extraction from upd_3 because it is not a pure function
Dropping inline_for_extraction from upd_3 because it is not a pure function
Dropping inline_for_extraction from poly1305_concat because it is not a pure function
Dropping inline_for_extraction from upd_3 because it is not a pure function
Dropping inline_for_extraction from poly1305_concat because it is not a pure function
Dropping inline_for_extraction from upd_3 because it is not a pure function
Dropping inline_for_extraction from poly1305_concat because it is not a pure function
Dropping inline_for_extraction from upd_3 because it is not a pure function
Dropping inline_for_extraction from poly1305_concat because it is not a pure function
Dropping inline_for_extraction from upd_3 because it is not a pure function
Dropping inline_for_extraction from upd_3 because it is not a pure function
Dropping inline_for_extraction from poly1305_concat because it is not a pure function
Dropping inline_for_extraction from upd_3 because it is not a pure function
Dropping inline_for_extraction from upd_3 because it is not a pure function
Dropping inline_for_extraction from poly1305_finish__ because it is not a pure function
Dropping inline_for_extraction from poly1305_finish__ because it is not a pure function
Dropping inline_for_extraction from poly1305_concat because it is not a pure function
Dropping inline_for_extraction from poly1305_concat because it is not a pure function
Dropping inline_for_extraction from upd_3 because it is not a pure function
Dropping inline_for_extraction from upd_3 because it is not a pure function
Dropping inline_for_extraction from poly1305_finish__ because it is not a pure function
Dropping inline_for_extraction from poly1305_concat because it is not a pure function
Dropping inline_for_extraction from poly1305_finish__ because it is not a pure function
Dropping inline_for_extraction from poly1305_concat because it is not a pure function
Dropping inline_for_extraction from poly1305_concat because it is not a pure function
Dropping inline_for_extraction from poly1305_concat because it is not a pure function
Dropping inline_for_extraction from poly1305_finish__ because it is not a pure function
Dropping inline_for_extraction from poly1305_concat because it is not a pure function
Dropping inline_for_extraction from poly1305_finish__ because it is not a pure function
Dropping inline_for_extraction from poly1305_finish__ because it is not a pure function
Dropping inline_for_extraction from poly1305_finish__ because it is not a pure function
Dropping inline_for_extraction from poly1305_finish__ because it is not a pure function
Dropping inline_for_extraction from poly1305_finish__ because it is not a pure function
Dropping inline_for_extraction from poly1305_finish__ because it is not a pure function
Dropping inline_for_extraction from poly1305_finish__ because it is not a pure function
Dropping inline_for_extraction from load128_be because it is not a pure function
Dropping inline_for_extraction from store128_be because it is not a pure function
Dropping inline_for_extraction from load128_be because it is not a pure function
Dropping inline_for_extraction from gf128_add because it is not a pure function
Dropping inline_for_extraction from store128_be because it is not a pure function
Dropping inline_for_extraction from gf128_add because it is not a pure function
Dropping inline_for_extraction from gf128_shift_reduce because it is not a pure function
Dropping inline_for_extraction from gf128_shift_reduce because it is not a pure function
Dropping inline_for_extraction from gf128_cond_fadd because it is not a pure function
Dropping inline_for_extraction from gf128_cond_fadd because it is not a pure function
Dropping inline_for_extraction from load128_be because it is not a pure function
Dropping inline_for_extraction from store128_be because it is not a pure function
Dropping inline_for_extraction from gf128_add because it is not a pure function
Dropping inline_for_extraction from load128_be because it is not a pure function
Dropping inline_for_extraction from load128_be because it is not a pure function
Dropping inline_for_extraction from store128_be because it is not a pure function
Dropping inline_for_extraction from gf128_add because it is not a pure function
Dropping inline_for_extraction from store128_be because it is not a pure function
Dropping inline_for_extraction from gf128_add because it is not a pure function
Dropping inline_for_extraction from gf128_shift_reduce because it is not a pure function
Dropping inline_for_extraction from load128_be because it is not a pure function
Dropping inline_for_extraction from gf128_cond_fadd because it is not a pure function
Dropping inline_for_extraction from store128_be because it is not a pure function
Dropping inline_for_extraction from gf128_shift_reduce because it is not a pure function
Dropping inline_for_extraction from gf128_add because it is not a pure function
Dropping inline_for_extraction from gf128_shift_reduce because it is not a pure function
Dropping inline_for_extraction from gf128_cond_fadd because it is not a pure function
Dropping inline_for_extraction from gf128_cond_fadd because it is not a pure function
Dropping inline_for_extraction from gf128_shift_reduce because it is not a pure function
Dropping inline_for_extraction from gf128_cond_fadd because it is not a pure function
Dropping inline_for_extraction from load128_be because it is not a pure function
Dropping inline_for_extraction from load128_be because it is not a pure function
Dropping inline_for_extraction from store128_be because it is not a pure function
Dropping inline_for_extraction from gf128_add because it is not a pure function
Dropping inline_for_extraction from store128_be because it is not a pure function
Dropping inline_for_extraction from gf128_add because it is not a pure function
Dropping inline_for_extraction from load128_be because it is not a pure function
Dropping inline_for_extraction from gf128_shift_reduce because it is not a pure function
Dropping inline_for_extraction from gf128_shift_reduce because it is not a pure function
Dropping inline_for_extraction from store128_be because it is not a pure function
Dropping inline_for_extraction from gf128_add because it is not a pure function
Dropping inline_for_extraction from load128_be because it is not a pure function
Dropping inline_for_extraction from gf128_cond_fadd because it is not a pure function
Dropping inline_for_extraction from gf128_cond_fadd because it is not a pure function
Dropping inline_for_extraction from store128_be because it is not a pure function
Dropping inline_for_extraction from gf128_add because it is not a pure function
Dropping inline_for_extraction from gf128_shift_reduce because it is not a pure function
Dropping inline_for_extraction from gf128_shift_reduce because it is not a pure function
Dropping inline_for_extraction from gf128_cond_fadd because it is not a pure function
Dropping inline_for_extraction from gf128_cond_fadd because it is not a pure function
Dropping inline_for_extraction from load128_be because it is not a pure function
Dropping inline_for_extraction from store128_be because it is not a pure function
Dropping inline_for_extraction from gf128_add because it is not a pure function
Dropping inline_for_extraction from gf128_shift_reduce because it is not a pure function
Dropping inline_for_extraction from gf128_cond_fadd because it is not a pure function
Dropping inline_for_extraction from gf128_shift_reduce because it is not a pure function
Dropping inline_for_extraction from gf128_cond_fadd because it is not a pure function
.\aead\Crypto.AEAD.Encoding.fst(446,0-498,5): (Error) Unknown assertion failed
Verified module: Crypto.AEAD.Encoding (1218447 milliseconds)
1 error was reported (see above)
make[2]: *** [Makefile:174: aead/Crypto.AEAD.Encoding.fst-ver] Error 1
make[2]: *** Waiting for unfinished jobs....
.\aead\Crypto.AEAD.Wrappers.CMA.fst(93,0-104,62): (Error) Unknown assertion failed
Verified module: Crypto.AEAD.Wrappers.CMA (1731138 milliseconds)
1 error was reported (see above)
make[2]: *** [Makefile:174: aead/Crypto.AEAD.Wrappers.CMA.fst-ver] Error 1
.\aead\Crypto.AEAD.EnxorDexor.fst(175,0-194,13): (Error) Unknown assertion failed
Verified module: Crypto.AEAD.EnxorDexor (1968347 milliseconds)
1 error was reported (see above)
make[2]: *** [Makefile:174: aead/Crypto.AEAD.EnxorDexor.fst-ver] Error 1
make[1]: *** [Makefile:41: verify-crypto] Error 2
make: *** [Makefile:16: all] Error 2
