Warning: you are using the standard library and/or the %inline keyword. We
recommend switching on --infer in order to avoid obscure type error messages.
Warning: Spec.Poly1305.test, Spec.Poly1305.expected, Spec.Poly1305.k and Spec.Poly1305.msg mention Prims.list meaning that they cannot be type-checked by KreMLin
Warning: Spec.Poly1305.expected, Spec.Poly1305.k and Spec.Poly1305.msg mention Prims.list meaning that they cannot be type-checked by KreMLin
Warning: Spec.Poly1305.k and Spec.Poly1305.msg mention Prims.list meaning that they cannot be type-checked by KreMLin
Warning: Spec.Poly1305.msg mentions Prims.list meaning that they cannot be type-checked by KreMLin
Warning: Spec.Chacha20.test_nonce, Spec.Chacha20.test_key, Spec.Chacha20.test_ciphertext, Spec.Chacha20.test_plaintext and Spec.Chacha20.constants mention Prims.list meaning that they cannot be type-checked by KreMLin
Warning: Spec.Chacha20.test_key, Spec.Chacha20.test_ciphertext, Spec.Chacha20.test_plaintext and Spec.Chacha20.constants mention Prims.list meaning that they cannot be type-checked by KreMLin
Warning: Spec.Chacha20.test_ciphertext, Spec.Chacha20.test_plaintext and Spec.Chacha20.constants mention Prims.list meaning that they cannot be type-checked by KreMLin
Warning: Spec.Chacha20.test_plaintext and Spec.Chacha20.constants mention Prims.list meaning that they cannot be type-checked by KreMLin
Warning: Spec.Chacha20.constants mentions Prims.list meaning that they cannot be type-checked by KreMLin
Warning 4: in top-level declaration Spec.Chacha20Poly1305.test, in file Spec_Chacha20Poly1305: Malformed input:
Type annotation is not an lid but any
Dropping Spec.Chacha20Poly1305.test (at checking time)

Warning: Spec.Chacha20Poly1305.xmac, Spec.Chacha20Poly1305.xcipher, Spec.Chacha20Poly1305.aad, Spec.Chacha20Poly1305.p, Spec.Chacha20Poly1305.n and Spec.Chacha20Poly1305.k mention Prims.list meaning that they cannot be type-checked by KreMLin
Warning: Spec.Chacha20Poly1305.xcipher, Spec.Chacha20Poly1305.aad, Spec.Chacha20Poly1305.p, Spec.Chacha20Poly1305.n and Spec.Chacha20Poly1305.k mention Prims.list meaning that they cannot be type-checked by KreMLin
Warning: Spec.Chacha20Poly1305.aad, Spec.Chacha20Poly1305.p, Spec.Chacha20Poly1305.n and Spec.Chacha20Poly1305.k mention Prims.list meaning that they cannot be type-checked by KreMLin
Warning: Spec.Chacha20Poly1305.p, Spec.Chacha20Poly1305.n and Spec.Chacha20Poly1305.k mention Prims.list meaning that they cannot be type-checked by KreMLin
Warning: Spec.Chacha20Poly1305.n and Spec.Chacha20Poly1305.k mention Prims.list meaning that they cannot be type-checked by KreMLin
Warning: Spec.Chacha20Poly1305.k mentions Prims.list meaning that they cannot be type-checked by KreMLin
Warning: Spec.Poly1305.test, Spec.Poly1305.expected, Spec.Poly1305.k and Spec.Poly1305.msg mention Prims.list meaning that they cannot be type-checked by KreMLin
Warning: Spec.Poly1305.expected, Spec.Poly1305.k and Spec.Poly1305.msg mention Prims.list meaning that they cannot be type-checked by KreMLin
Warning: Spec.Poly1305.k and Spec.Poly1305.msg mention Prims.list meaning that they cannot be type-checked by KreMLin
Warning: Spec.Poly1305.msg mentions Prims.list meaning that they cannot be type-checked by KreMLin
Warning: Spec.Chacha20.test_nonce, Spec.Chacha20.test_key, Spec.Chacha20.test_ciphertext, Spec.Chacha20.test_plaintext and Spec.Chacha20.constants mention Prims.list meaning that they cannot be type-checked by KreMLin
Warning: Spec.Chacha20.test_key, Spec.Chacha20.test_ciphertext, Spec.Chacha20.test_plaintext and Spec.Chacha20.constants mention Prims.list meaning that they cannot be type-checked by KreMLin
Warning: Spec.Chacha20.test_ciphertext, Spec.Chacha20.test_plaintext and Spec.Chacha20.constants mention Prims.list meaning that they cannot be type-checked by KreMLin
Warning: Spec.Chacha20.test_plaintext and Spec.Chacha20.constants mention Prims.list meaning that they cannot be type-checked by KreMLin
Warning: Spec.Chacha20.constants mentions Prims.list meaning that they cannot be type-checked by KreMLin
Warning 4: in top-level declaration Spec.Chacha20Poly1305.test, in file Spec_Chacha20Poly1305: Malformed input:
Type annotation is not an lid but any
Dropping Spec.Chacha20Poly1305.test (at checking time)

Warning: Spec.Chacha20Poly1305.xmac, Spec.Chacha20Poly1305.xcipher, Spec.Chacha20Poly1305.aad, Spec.Chacha20Poly1305.p, Spec.Chacha20Poly1305.n and Spec.Chacha20Poly1305.k mention Prims.list meaning that they cannot be type-checked by KreMLin
Warning: Spec.Chacha20Poly1305.xcipher, Spec.Chacha20Poly1305.aad, Spec.Chacha20Poly1305.p, Spec.Chacha20Poly1305.n and Spec.Chacha20Poly1305.k mention Prims.list meaning that they cannot be type-checked by KreMLin
Warning: Spec.Chacha20Poly1305.aad, Spec.Chacha20Poly1305.p, Spec.Chacha20Poly1305.n and Spec.Chacha20Poly1305.k mention Prims.list meaning that they cannot be type-checked by KreMLin
Warning: Spec.Chacha20Poly1305.p, Spec.Chacha20Poly1305.n and Spec.Chacha20Poly1305.k mention Prims.list meaning that they cannot be type-checked by KreMLin
Warning: Spec.Chacha20Poly1305.n and Spec.Chacha20Poly1305.k mention Prims.list meaning that they cannot be type-checked by KreMLin
Warning: Spec.Chacha20Poly1305.k mentions Prims.list meaning that they cannot be type-checked by KreMLin
Warning 7: : After inlining, Spec.Poly1305.fmul calls FStar.Mul.op_Star -- removing the static qualifier from FStar.Mul.op_Star
Warning 7: : After inlining, Spec.Lib.uint32_from_le calls FStar.Endianness.little_endian -- removing the static qualifier from FStar.Endianness.little_endian
Warning 7: : After inlining, Spec.Lib.uint32_to_le calls FStar.Endianness.little_bytes -- removing the static qualifier from FStar.Endianness.little_bytes
Warning 7: : After inlining, Spec.Lib.uint32_from_be calls FStar.Endianness.big_endian -- removing the static qualifier from FStar.Endianness.big_endian
Warning 7: : After inlining, Spec.Lib.uint32_to_be calls FStar.Endianness.big_bytes -- removing the static qualifier from FStar.Endianness.big_bytes
Warning 7: : After inlining, Poly1305_64.mk_state calls Hacl.Impl.Poly1305_64.mk_state -- removing the static qualifier from Hacl.Impl.Poly1305_64.mk_state
Warning 7: : After inlining, Poly1305_64.update_block calls Hacl.Impl.Poly1305_64.poly1305_update -- removing the static qualifier from Hacl.Impl.Poly1305_64.poly1305_update
Warning 8: : After inlining, Poly1305_64.update_block calls Hacl.Impl.Poly1305_64.poly1305_update. This is a call across translation units but Hacl.Impl.Poly1305_64.poly1305_update has a C "inline" qualifier. The C standard allows removing Hacl.Impl.Poly1305_64.poly1305_update from its translation unit (see C11 6.7.3 §5), and CompCert will do it. 
Fatal error: exception Failure("Fatal error")
Raised at file "pervasives.ml", line 30, characters 22-33
Called from file "src/Inlining.ml", line 308, characters 14-71
Called from file "src/Ast.ml", line 670, characters 15-42
Called from file "src/Ast.ml", line 524, characters 12-30
Called from file "src/Ast.ml", line 670, characters 15-42
Called from file "src/Inlining.ml", line 295, characters 11-1023
Called from file "src/Inlining.ml", line 338, characters 10-37
Called from file "lib/KList.ml", line 6, characters 12-15
Called from file "lib/KList.ml", line 8, characters 15-29
Called from file "lib/KList.ml", line 8, characters 15-29
Called from file "lib/KList.ml", line 8, characters 15-29
Called from file "lib/KList.ml", line 8, characters 15-29
Called from file "lib/KList.ml", line 8, characters 15-29
Called from file "lib/KList.ml", line 8, characters 15-29
Called from file "src/Ast.ml", line 756, characters 39-63
Called from file "list.ml", line 55, characters 20-23
Called from file "list.ml", line 55, characters 32-39
Called from file "list.ml", line 55, characters 32-39
Called from file "list.ml", line 55, characters 32-39
Called from file "list.ml", line 55, characters 32-39
Called from file "list.ml", line 55, characters 32-39
Called from file "list.ml", line 55, characters 32-39
Called from file "list.ml", line 55, characters 32-39
Called from file "list.ml", line 55, characters 32-39
Called from file "list.ml", line 55, characters 32-39
Called from file "list.ml", line 55, characters 32-39
Called from file "list.ml", line 55, characters 32-39
Called from file "list.ml", line 55, characters 32-39
Called from file "list.ml", line 55, characters 32-39
Called from file "list.ml", line 55, characters 32-39
Called from file "list.ml", line 55, characters 32-39
Called from file "list.ml", line 55, characters 32-39
Called from file "list.ml", line 55, characters 32-39
Called from file "list.ml", line 55, characters 32-39
Called from file "list.ml", line 55, characters 32-39
Called from file "list.ml", line 55, characters 32-39
Called from file "list.ml", line 55, characters 32-39
Called from file "src/Inlining.ml", line 332, characters 14-480
Called from file "src/Kremlin.ml", line 307, characters 14-51
make[3]: *** [Makefile:133: poly-c/AEAD_Poly1305_64.c] Error 2
make[3]: *** Waiting for unfinished jobs....
Warning 7: : After inlining, Spec.Poly1305.fmul calls FStar.Mul.op_Star -- removing the static qualifier from FStar.Mul.op_Star
Warning 7: : After inlining, Spec.Lib.uint32_from_le calls FStar.Endianness.little_endian -- removing the static qualifier from FStar.Endianness.little_endian
Warning 7: : After inlining, Spec.Lib.uint32_to_le calls FStar.Endianness.little_bytes -- removing the static qualifier from FStar.Endianness.little_bytes
Warning 7: : After inlining, Spec.Lib.uint32_from_be calls FStar.Endianness.big_endian -- removing the static qualifier from FStar.Endianness.big_endian
Warning 7: : After inlining, Spec.Lib.uint32_to_be calls FStar.Endianness.big_bytes -- removing the static qualifier from FStar.Endianness.big_bytes
Warning 7: : After inlining, AEAD.Poly1305_64.mk_state calls Hacl.Impl.Poly1305_64.mk_state -- removing the static qualifier from Hacl.Impl.Poly1305_64.mk_state
Warning 7: : After inlining, AEAD.Poly1305_64.pad_last calls Hacl.Impl.Poly1305_64.poly1305_update -- removing the static qualifier from Hacl.Impl.Poly1305_64.poly1305_update
Warning 8: : After inlining, AEAD.Poly1305_64.pad_last calls Hacl.Impl.Poly1305_64.poly1305_update. This is a call across translation units but Hacl.Impl.Poly1305_64.poly1305_update has a C "inline" qualifier. The C standard allows removing Hacl.Impl.Poly1305_64.poly1305_update from its translation unit (see C11 6.7.3 §5), and CompCert will do it. 
Fatal error: exception Failure("Fatal error")
Raised at file "pervasives.ml", line 30, characters 22-33
Called from file "src/Inlining.ml", line 308, characters 14-71
Called from file "src/Ast.ml", line 670, characters 15-42
Called from file "src/Ast.ml", line 524, characters 12-30
Called from file "src/Ast.ml", line 670, characters 15-42
Called from file "list.ml", line 55, characters 20-23
Called from file "src/Ast.ml", line 433, characters 14-44
Called from file "src/Ast.ml", line 670, characters 15-42
Called from file "src/Ast.ml", line 427, characters 32-65
Called from file "src/Ast.ml", line 670, characters 15-42
Called from file "src/Ast.ml", line 430, characters 55-72
Called from file "src/Ast.ml", line 670, characters 15-42
Called from file "list.ml", line 55, characters 20-23
Called from file "src/Ast.ml", line 433, characters 14-44
Called from file "src/Ast.ml", line 670, characters 15-42
Called from file "src/Ast.ml", line 427, characters 32-65
Called from file "src/Ast.ml", line 670, characters 15-42
Called from file "list.ml", line 55, characters 20-23
Called from file "list.ml", line 55, characters 32-39
Called from file "src/Ast.ml", line 433, characters 14-44
Called from file "src/Ast.ml", line 670, characters 15-42
Called from file "src/Inlining.ml", line 295, characters 11-1023
Called from file "src/Inlining.ml", line 338, characters 10-37
Called from file "lib/KList.ml", line 6, characters 12-15
Called from file "lib/KList.ml", line 8, characters 15-29
Called from file "lib/KList.ml", line 8, characters 15-29
Called from file "lib/KList.ml", line 8, characters 15-29
Called from file "lib/KList.ml", line 8, characters 15-29
Called from file "lib/KList.ml", line 8, characters 15-29
Called from file "src/Ast.ml", line 756, characters 39-63
Called from file "list.ml", line 55, characters 20-23
Called from file "list.ml", line 55, characters 32-39
Called from file "list.ml", line 55, characters 32-39
Called from file "list.ml", line 55, characters 32-39
Called from file "list.ml", line 55, characters 32-39
Called from file "list.ml", line 55, characters 32-39
Called from file "list.ml", line 55, characters 32-39
Called from file "list.ml", line 55, characters 32-39
Called from file "list.ml", line 55, characters 32-39
Called from file "list.ml", line 55, characters 32-39
Called from file "list.ml", line 55, characters 32-39
Called from file "list.ml", line 55, characters 32-39
Called from file "list.ml", line 55, characters 32-39
Called from file "list.ml", line 55, characters 32-39
Called from file "list.ml", line 55, characters 32-39
Called from file "list.ml", line 55, characters 32-39
Called from file "list.ml", line 55, characters 32-39
Called from file "list.ml", line 55, characters 32-39
Called from file "list.ml", line 55, characters 32-39
Called from file "list.ml", line 55, characters 32-39
Called from file "list.ml", line 55, characters 32-39
Called from file "list.ml", line 55, characters 32-39
Called from file "src/Inlining.ml", line 332, characters 14-480
Called from file "src/Kremlin.ml", line 307, characters 14-51
make[3]: *** [Makefile:127: poly-c/Poly1305_64.c] Error 2
make[2]: *** [Makefile:6: poly1305-c] Error 2
make[2]: *** Waiting for unfinished jobs....
Warning: Spec.Poly1305.test, Spec.Poly1305.expected, Spec.Poly1305.k and Spec.Poly1305.msg mention Prims.list meaning that they cannot be type-checked by KreMLin
Warning: Spec.Poly1305.expected, Spec.Poly1305.k and Spec.Poly1305.msg mention Prims.list meaning that they cannot be type-checked by KreMLin
Warning: Spec.Poly1305.k and Spec.Poly1305.msg mention Prims.list meaning that they cannot be type-checked by KreMLin
Warning: Spec.Poly1305.msg mentions Prims.list meaning that they cannot be type-checked by KreMLin
Warning: Spec.Chacha20.test_nonce, Spec.Chacha20.test_key, Spec.Chacha20.test_ciphertext, Spec.Chacha20.test_plaintext and Spec.Chacha20.constants mention Prims.list meaning that they cannot be type-checked by KreMLin
Warning: Spec.Chacha20.test_key, Spec.Chacha20.test_ciphertext, Spec.Chacha20.test_plaintext and Spec.Chacha20.constants mention Prims.list meaning that they cannot be type-checked by KreMLin
Warning: Spec.Chacha20.test_ciphertext, Spec.Chacha20.test_plaintext and Spec.Chacha20.constants mention Prims.list meaning that they cannot be type-checked by KreMLin
Warning: Spec.Chacha20.test_plaintext and Spec.Chacha20.constants mention Prims.list meaning that they cannot be type-checked by KreMLin
Warning: Spec.Chacha20.constants mentions Prims.list meaning that they cannot be type-checked by KreMLin
Warning 4: in top-level declaration Spec.Chacha20Poly1305.test, in file Spec_Chacha20Poly1305: Malformed input:
Type annotation is not an lid but any
Dropping Spec.Chacha20Poly1305.test (at checking time)

Warning: Spec.Chacha20Poly1305.xmac, Spec.Chacha20Poly1305.xcipher, Spec.Chacha20Poly1305.aad, Spec.Chacha20Poly1305.p, Spec.Chacha20Poly1305.n and Spec.Chacha20Poly1305.k mention Prims.list meaning that they cannot be type-checked by KreMLin
Warning: Spec.Chacha20Poly1305.xcipher, Spec.Chacha20Poly1305.aad, Spec.Chacha20Poly1305.p, Spec.Chacha20Poly1305.n and Spec.Chacha20Poly1305.k mention Prims.list meaning that they cannot be type-checked by KreMLin
Warning: Spec.Chacha20Poly1305.aad, Spec.Chacha20Poly1305.p, Spec.Chacha20Poly1305.n and Spec.Chacha20Poly1305.k mention Prims.list meaning that they cannot be type-checked by KreMLin
Warning: Spec.Chacha20Poly1305.p, Spec.Chacha20Poly1305.n and Spec.Chacha20Poly1305.k mention Prims.list meaning that they cannot be type-checked by KreMLin
Warning: Spec.Chacha20Poly1305.n and Spec.Chacha20Poly1305.k mention Prims.list meaning that they cannot be type-checked by KreMLin
Warning: Spec.Chacha20Poly1305.k mentions Prims.list meaning that they cannot be type-checked by KreMLin
Warning 7: : After inlining, Spec.Poly1305.fmul calls FStar.Mul.op_Star -- removing the static qualifier from FStar.Mul.op_Star
Warning 7: : After inlining, Spec.Lib.uint32_from_le calls FStar.Endianness.little_endian -- removing the static qualifier from FStar.Endianness.little_endian
Warning 7: : After inlining, Spec.Lib.uint32_to_le calls FStar.Endianness.little_bytes -- removing the static qualifier from FStar.Endianness.little_bytes
Warning 7: : After inlining, Spec.Lib.uint32_from_be calls FStar.Endianness.big_endian -- removing the static qualifier from FStar.Endianness.big_endian
Warning 7: : After inlining, Spec.Lib.uint32_to_be calls FStar.Endianness.big_bytes -- removing the static qualifier from FStar.Endianness.big_bytes
Warning 8: : After inlining, Hacl.Bignum.Fmul.shift_reduce calls Hacl.Bignum.Fproduct.shift. This is a call across translation units but Hacl.Bignum.Fproduct.shift has a C "inline" qualifier. The C standard allows removing Hacl.Bignum.Fproduct.shift from its translation unit (see C11 6.7.3 §5), and CompCert will do it. 
Warning 8: : After inlining, Hacl.Bignum.Fmul.shift_reduce calls Hacl.Bignum.Modulo.reduce. This is a call across translation units but Hacl.Bignum.Modulo.reduce has a C "inline" qualifier. The C standard allows removing Hacl.Bignum.Modulo.reduce from its translation unit (see C11 6.7.3 §5), and CompCert will do it. 
Warning 8: : After inlining, Hacl.Bignum.Fmul.mul_shift_reduce_ calls Hacl.Bignum.Fproduct.sum_scalar_multiplication_. This is a call across translation units but Hacl.Bignum.Fproduct.sum_scalar_multiplication_ has a C "inline" qualifier. The C standard allows removing Hacl.Bignum.Fproduct.sum_scalar_multiplication_ from its translation unit (see C11 6.7.3 §5), and CompCert will do it. 
Warning 8: : After inlining, Hacl.Bignum.Fmul.fmul_ calls Hacl.Bignum.Fproduct.carry_wide_. This is a call across translation units but Hacl.Bignum.Fproduct.carry_wide_ has a C "inline" qualifier. The C standard allows removing Hacl.Bignum.Fproduct.carry_wide_ from its translation unit (see C11 6.7.3 §5), and CompCert will do it. 
Warning 8: : After inlining, Hacl.Bignum.Fmul.fmul_ calls Hacl.Bignum.Modulo.carry_top_wide. This is a call across translation units but Hacl.Bignum.Modulo.carry_top_wide has a C "inline" qualifier. The C standard allows removing Hacl.Bignum.Modulo.carry_top_wide from its translation unit (see C11 6.7.3 §5), and CompCert will do it. 
Warning 8: : After inlining, Hacl.Bignum.Fmul.fmul_ calls Hacl.Bignum.Fproduct.copy_from_wide_. This is a call across translation units but Hacl.Bignum.Fproduct.copy_from_wide_ has a C "inline" qualifier. The C standard allows removing Hacl.Bignum.Fproduct.copy_from_wide_ from its translation unit (see C11 6.7.3 §5), and CompCert will do it. 
Warning 8: : After inlining, Hacl.Bignum.AddAndMultiply.add_and_multiply calls Hacl.Bignum.Fmul.fmul. This is a call across translation units but Hacl.Bignum.Fmul.fmul has a C "inline" qualifier. The C standard allows removing Hacl.Bignum.Fmul.fmul from its translation unit (see C11 6.7.3 §5), and CompCert will do it. 
Warning 8: : After inlining, Hacl.Impl.Poly1305_64.poly1305_update calls Hacl.Bignum.AddAndMultiply.add_and_multiply. This is a call across translation units but Hacl.Bignum.AddAndMultiply.add_and_multiply has a C "inline" qualifier. The C standard allows removing Hacl.Bignum.AddAndMultiply.add_and_multiply from its translation unit (see C11 6.7.3 §5), and CompCert will do it. 
Warning 8: : After inlining, Hacl.Impl.Poly1305_64.carry_last_unrolled calls Hacl.Bignum.Modulo.carry_top. This is a call across translation units but Hacl.Bignum.Modulo.carry_top has a C "inline" qualifier. The C standard allows removing Hacl.Bignum.Modulo.carry_top from its translation unit (see C11 6.7.3 §5), and CompCert will do it. 
Warning 8: : After inlining, Hacl.Impl.Poly1305_64.poly1305_last_pass calls Hacl.Bignum.Fproduct.carry_limb_. This is a call across translation units but Hacl.Bignum.Fproduct.carry_limb_ has a C "inline" qualifier. The C standard allows removing Hacl.Bignum.Fproduct.carry_limb_ from its translation unit (see C11 6.7.3 §5), and CompCert will do it. 
Warning 8: : After inlining, Hacl.Standalone.Poly1305_64.poly1305_blocks calls Hacl.Impl.Poly1305_64.poly1305_update. This is a call across translation units but Hacl.Impl.Poly1305_64.poly1305_update has a C "inline" qualifier. The C standard allows removing Hacl.Impl.Poly1305_64.poly1305_update from its translation unit (see C11 6.7.3 §5), and CompCert will do it. 
Warning 8: : After inlining, Hacl.Standalone.Poly1305_64.poly1305_complete calls Hacl.Impl.Poly1305_64.poly1305_process_last_block. This is a call across translation units but Hacl.Impl.Poly1305_64.poly1305_process_last_block has a C "inline" qualifier. The C standard allows removing Hacl.Impl.Poly1305_64.poly1305_process_last_block from its translation unit (see C11 6.7.3 §5), and CompCert will do it. 
Warning 7: : After inlining, Spec.Lib.uint32_from_le calls FStar.Endianness.little_endian -- removing the static qualifier from FStar.Endianness.little_endian
Warning 7: : After inlining, Spec.Lib.uint32_to_le calls FStar.Endianness.little_bytes -- removing the static qualifier from FStar.Endianness.little_bytes
Warning 7: : After inlining, Spec.Lib.uint32_from_be calls FStar.Endianness.big_endian -- removing the static qualifier from FStar.Endianness.big_endian
Warning 7: : After inlining, Spec.Lib.uint32_to_be calls FStar.Endianness.big_bytes -- removing the static qualifier from FStar.Endianness.big_bytes
Warning 7: : After inlining, Spec.Curve25519.fmul calls FStar.Mul.op_Star -- removing the static qualifier from FStar.Mul.op_Star
Warning 7: : After inlining, Hacl.Test.X25519.main calls Hacl.EC.crypto_scalarmult -- removing the static qualifier from Hacl.EC.crypto_scalarmult
Warning: Spec.Salsa20.test_column_round2 mentions Prims.list meaning that they cannot be type-checked by KreMLin
Warning: Spec.Poly1305.test, Spec.Poly1305.expected, Spec.Poly1305.k and Spec.Poly1305.msg mention Prims.list meaning that they cannot be type-checked by KreMLin
Warning: Spec.Poly1305.expected, Spec.Poly1305.k and Spec.Poly1305.msg mention Prims.list meaning that they cannot be type-checked by KreMLin
Warning: Spec.Poly1305.k and Spec.Poly1305.msg mention Prims.list meaning that they cannot be type-checked by KreMLin
Warning: Spec.Poly1305.msg mentions Prims.list meaning that they cannot be type-checked by KreMLin
Warning 7: : After inlining, Spec.Lib.uint32_from_le calls FStar.Endianness.little_endian -- removing the static qualifier from FStar.Endianness.little_endian
Warning 7: : After inlining, Spec.Lib.uint32_to_le calls FStar.Endianness.little_bytes -- removing the static qualifier from FStar.Endianness.little_bytes
Warning 7: : After inlining, Spec.Lib.uint32_from_be calls FStar.Endianness.big_endian -- removing the static qualifier from FStar.Endianness.big_endian
Warning 7: : After inlining, Spec.Lib.uint32_to_be calls FStar.Endianness.big_bytes -- removing the static qualifier from FStar.Endianness.big_bytes
Warning 7: : After inlining, Spec.Poly1305.fmul calls FStar.Mul.op_Star -- removing the static qualifier from FStar.Mul.op_Star
Warning: Spec.Chacha20.test_nonce, Spec.Chacha20.test_key, Spec.Chacha20.test_ciphertext, Spec.Chacha20.test_plaintext and Spec.Chacha20.constants mention Prims.list meaning that they cannot be type-checked by KreMLin
Warning: Spec.Chacha20.test_key, Spec.Chacha20.test_ciphertext, Spec.Chacha20.test_plaintext and Spec.Chacha20.constants mention Prims.list meaning that they cannot be type-checked by KreMLin
Warning: Spec.Chacha20.test_ciphertext, Spec.Chacha20.test_plaintext and Spec.Chacha20.constants mention Prims.list meaning that they cannot be type-checked by KreMLin
Warning: Spec.Chacha20.test_plaintext and Spec.Chacha20.constants mention Prims.list meaning that they cannot be type-checked by KreMLin
Warning: Spec.Chacha20.constants mentions Prims.list meaning that they cannot be type-checked by KreMLin
Warning 7: : After inlining, Spec.Lib.uint32_from_le calls FStar.Endianness.little_endian -- removing the static qualifier from FStar.Endianness.little_endian
Warning 7: : After inlining, Spec.Lib.uint32_to_le calls FStar.Endianness.little_bytes -- removing the static qualifier from FStar.Endianness.little_bytes
Warning 7: : After inlining, Spec.Lib.uint32_from_be calls FStar.Endianness.big_endian -- removing the static qualifier from FStar.Endianness.big_endian
Warning 7: : After inlining, Spec.Lib.uint32_to_be calls FStar.Endianness.big_bytes -- removing the static qualifier from FStar.Endianness.big_bytes
Warning: Spec.Salsa20.test_column_round2 mentions Prims.list meaning that they cannot be type-checked by KreMLin
Warning: Spec.Poly1305.test, Spec.Poly1305.expected, Spec.Poly1305.k and Spec.Poly1305.msg mention Prims.list meaning that they cannot be type-checked by KreMLin
Warning: Spec.Poly1305.expected, Spec.Poly1305.k and Spec.Poly1305.msg mention Prims.list meaning that they cannot be type-checked by KreMLin
Warning: Spec.Poly1305.k and Spec.Poly1305.msg mention Prims.list meaning that they cannot be type-checked by KreMLin
Warning: Spec.Poly1305.msg mentions Prims.list meaning that they cannot be type-checked by KreMLin
Warning 7: : After inlining, Spec.Lib.uint32_from_le calls FStar.Endianness.little_endian -- removing the static qualifier from FStar.Endianness.little_endian
Warning 7: : After inlining, Spec.Lib.uint32_to_le calls FStar.Endianness.little_bytes -- removing the static qualifier from FStar.Endianness.little_bytes
Warning 7: : After inlining, Spec.Lib.uint32_from_be calls FStar.Endianness.big_endian -- removing the static qualifier from FStar.Endianness.big_endian
Warning 7: : After inlining, Spec.Lib.uint32_to_be calls FStar.Endianness.big_bytes -- removing the static qualifier from FStar.Endianness.big_bytes
Warning 7: : After inlining, Spec.Poly1305.fmul calls FStar.Mul.op_Star -- removing the static qualifier from FStar.Mul.op_Star
Warning: Spec.Salsa20.test_column_round2 mentions Prims.list meaning that they cannot be type-checked by KreMLin
Warning 7: : After inlining, Spec.Lib.uint32_from_le calls FStar.Endianness.little_endian -- removing the static qualifier from FStar.Endianness.little_endian
Warning 7: : After inlining, Spec.Lib.uint32_to_le calls FStar.Endianness.little_bytes -- removing the static qualifier from FStar.Endianness.little_bytes
Warning 7: : After inlining, Spec.Lib.uint32_from_be calls FStar.Endianness.big_endian -- removing the static qualifier from FStar.Endianness.big_endian
Warning 7: : After inlining, Spec.Lib.uint32_to_be calls FStar.Endianness.big_bytes -- removing the static qualifier from FStar.Endianness.big_bytes
make[1]: *** [Makefile:26: extract-c-code] Error 2
make: *** [Makefile:14: all] Error 2
