From https://github.com/FStarLang/FStar
f20804d..2505daa  master     -> origin/master
+ 495f5d0...2a84382 cwinter_checked_hints -> origin/cwinter_checked_hints  (forced update)
+ cdd5174...44cdb57 cwinter_cloud_verify -> origin/cwinter_cloud_verify  (forced update)
4e8c6d8..9d39c04  danel_mrefs -> origin/danel_mrefs
15fe46c..5258035  guido_tactics -> origin/guido_tactics
59ffbec..63dc05e  kyod_tmp0  -> origin/kyod_tmp0
cf0b1fd..f52c1c7  vdum_extract_dm4f_effects -> origin/vdum_extract_dm4f_effects
Warning: you are using the standard library and/or the %inline keyword. We
recommend switching on --infer in order to avoid obscure type error messages.
File "src/basic/ml/FStar_Util.ml", line 47, characters 57-65:
Warning 40: st_mtime was selected from type BatUnix.stats.
It is not visible in the current scope, and will not 
be selected if the type becomes unknown.
File "src/basic/ml/FStar_Util.ml", line 47, characters 57-65:
Warning 40: st_mtime was selected from type BatUnix.stats.
It is not visible in the current scope, and will not 
be selected if the type becomes unknown.
ffi.c:1:0: warning: -fPIC ignored for target (all code is position independent)
#include <stdio.h>
^
ffi.c:1:0: warning: -fPIC ignored for target (all code is position independent)
#include <stdio.h>
^
Unexpected error
FStar_Errors.Err("not a valid include directory: C:\\Build\\Agent2\\_work\\2\\hacl-star\\secure_api\\LowCProvider\\fst\n")
Raised by primitive operation at file "src/ocaml-output/FStar_Parser_Dep.ml", line 119, characters 12-33
Called from file "list.ml", line 73, characters 12-15
Called from file "src/ocaml-output/FStar_Parser_Dep.ml", line 98, characters 4-877
Called from file "src/ocaml-output/FStar_Parser_Dep.ml", line 618, characters 14-33
Called from file "src/ocaml-output/FStar_Dependencies.ml", line 12, characters 24-66
Called from file "src/ocaml-output/FStar_Main.ml", line 201, characters 27-116
Called from file "src/ocaml-output/FStar_Main.ml", line 226, characters 6-11

(Error) not a valid include directory: C:\Build\Agent2\_work\2\hacl-star\secure_api\LowCProvider\fst

1 error was reported (see above)
make[2]: *** [Makefile:393: mitls.cmxa] Error 1
make[2]: Target 'mitls.exe' not remade because of errors.
make[1]: *** [Makefile:12: build] Error 2
make: *** [Makefile:8: all] Error 2
