Warning: Unable to open hints file: C:\Build\Agent2\_work\2\s\src\tls\Flags.fst.hints; ran without hints
.\TLSConstants.fst(40,34-42,63): (Warning) Top-level let-bindings must be total; this term may have effects
.\TLSConstants.fst(42,63-45,25): (Warning) Top-level let-bindings must be total; this term may have effects
.\Nonce.fst(37,17-48,55): (Warning) Top-level let-bindings must be total; this term may have effects
.\IdNonce.fst(16,46-21,60): (Warning) Top-level let-bindings must be total; this term may have effects
Warning: no modules in namespace Crypto.Config and no file with that name either
.\Crypto.Indexing.fst(34,16-34,23) : (Error) Identifier not found: [Crypto.Config.aesImpl]
Module Crypto.Config does not belong to the list of modules in scope, namely TLSInfo, Cert, DHDB, PMS, RSAKey, PSK, CommonDH, DHGroup, ECGroup, Crypto.Symmetric.Poly1305.Bignum.Lemmas.Part2, Crypto.Symmetric.Poly1305.Bignum.Lemmas.Part1, Crypto.Symmetric.Poly1305.Bigint, Crypto.Symmetric.Poly1305.Parameters, Crypto.Symmetric.Poly1305.Spec, Crypto.Symmetric.Bytes, Buffer.Utils, FStar.Int.Cast, FStar.UInt16, FStar.UInt63, FStar.Int8, FStar.Int32, FStar.Int63, FStar.Int64, FStar.Buffer, FStar.UInt128, FStar.IO, FStar.Float, FStar.Bytes, FStar.UInt8, FStar.UInt64, Nonce, TLSConstants, TLSError, Platform.Error, MonotoneMap, FStar.Monotonic.RRef, Flags, Platform.Date, CoreCrypto, Platform.Bytes, FStar.All, FStar.ST, FStar.Ghost, FStar.HyperStack, FStar.HyperHeap, FStar.Map, FStar.Set, FStar.Heap, FStar.TSet, FStar.PredicateExtensionality, FStar.PropositionalExtensionality, FStar.FunctionalExtensionality, FStar.Char, FStar.Int16, FStar.Int, FStar.UInt32, FStar.UInt, FStar.BitVector, FStar.Math.Lemmas, FStar.Math.Lib, FStar.SeqProperties, FStar.Seq, FStar.ListProperties, FStar.Classical, FStar.List.Tot, FStar.StrongExcludedMiddle, FStar.Squash, FStar.Mul, Prims
make: *** [Makefile:245: Alert.fst-ver] Error 1
make: *** Waiting for unfinished jobs....
Warning: no modules in namespace Crypto.Config and no file with that name either
.\Crypto.Indexing.fst(34,16-34,23) : (Error) Identifier not found: [Crypto.Config.aesImpl]
Module Crypto.Config does not belong to the list of modules in scope, namely TLSInfo, Cert, DHDB, PMS, RSAKey, PSK, CommonDH, DHGroup, ECGroup, Crypto.Symmetric.Poly1305.Bignum.Lemmas.Part2, Crypto.Symmetric.Poly1305.Bignum.Lemmas.Part1, Crypto.Symmetric.Poly1305.Bigint, Crypto.Symmetric.Poly1305.Parameters, Crypto.Symmetric.Poly1305.Spec, Crypto.Symmetric.Bytes, Buffer.Utils, FStar.Int.Cast, FStar.UInt16, FStar.UInt63, FStar.Int8, FStar.Int32, FStar.Int63, FStar.Int64, FStar.Buffer, FStar.UInt128, FStar.IO, FStar.Float, FStar.Bytes, FStar.UInt8, FStar.UInt64, Nonce, TLSConstants, TLSError, Platform.Error, MonotoneMap, FStar.Monotonic.RRef, Flags, Platform.Date, CoreCrypto, Platform.Bytes, FStar.All, FStar.ST, FStar.Ghost, FStar.HyperStack, FStar.HyperHeap, FStar.Map, FStar.Set, FStar.Heap, FStar.TSet, FStar.PredicateExtensionality, FStar.PropositionalExtensionality, FStar.FunctionalExtensionality, FStar.Char, FStar.Int16, FStar.Int, FStar.UInt32, FStar.UInt, FStar.BitVector, FStar.Math.Lemmas, FStar.Math.Lib, FStar.SeqProperties, FStar.Seq, FStar.ListProperties, FStar.Classical, FStar.List.Tot, FStar.StrongExcludedMiddle, FStar.Squash, FStar.Mul, Prims
make: *** [Makefile:245: DataStream.fst-ver] Error 1
Warning: no modules in namespace Crypto.Config and no file with that name either
.\Crypto.Indexing.fst(34,16-34,23) : (Error) Identifier not found: [Crypto.Config.aesImpl]
Module Crypto.Config does not belong to the list of modules in scope, namely TLSInfo, Cert, DHDB, PMS, RSAKey, PSK, CommonDH, DHGroup, ECGroup, Crypto.Symmetric.Poly1305.Bignum.Lemmas.Part2, Crypto.Symmetric.Poly1305.Bignum.Lemmas.Part1, Crypto.Symmetric.Poly1305.Bigint, Crypto.Symmetric.Poly1305.Parameters, Crypto.Symmetric.Poly1305.Spec, Crypto.Symmetric.Bytes, Buffer.Utils, FStar.Int.Cast, FStar.UInt16, FStar.UInt63, FStar.Int8, FStar.Int32, FStar.Int63, FStar.Int64, FStar.Buffer, FStar.UInt128, FStar.IO, FStar.Float, FStar.Bytes, FStar.UInt8, FStar.UInt64, Nonce, TLSConstants, TLSError, Platform.Error, MonotoneMap, FStar.Monotonic.RRef, Flags, Platform.Date, CoreCrypto, Platform.Bytes, FStar.All, FStar.ST, FStar.Ghost, FStar.HyperStack, FStar.HyperHeap, FStar.Map, FStar.Set, FStar.Heap, FStar.TSet, FStar.PredicateExtensionality, FStar.PropositionalExtensionality, FStar.FunctionalExtensionality, FStar.Char, FStar.Int16, FStar.Int, FStar.UInt32, FStar.UInt, FStar.BitVector, FStar.Math.Lemmas, FStar.Math.Lib, FStar.SeqProperties, FStar.Seq, FStar.ListProperties, FStar.Classical, FStar.List.Tot, FStar.StrongExcludedMiddle, FStar.Squash, FStar.Mul, Prims
make: *** [Makefile:245: MasterSecret.fst-ver] Error 1
Warning: no modules in namespace Crypto.Config and no file with that name either
.\Crypto.Indexing.fst(34,16-34,23) : (Error) Identifier not found: [Crypto.Config.aesImpl]
Module Crypto.Config does not belong to the list of modules in scope, namely TLSInfo, Cert, DHDB, PMS, RSAKey, PSK, CommonDH, DHGroup, ECGroup, Crypto.Symmetric.Poly1305.Bignum.Lemmas.Part2, Crypto.Symmetric.Poly1305.Bignum.Lemmas.Part1, Crypto.Symmetric.Poly1305.Bigint, Crypto.Symmetric.Poly1305.Parameters, Crypto.Symmetric.Poly1305.Spec, Crypto.Symmetric.Bytes, Buffer.Utils, FStar.Int.Cast, FStar.UInt16, FStar.UInt63, FStar.Int8, FStar.Int32, FStar.Int63, FStar.Int64, FStar.Buffer, FStar.UInt128, FStar.IO, FStar.Float, FStar.Bytes, FStar.UInt8, FStar.UInt64, Nonce, TLSConstants, TLSError, Platform.Error, MonotoneMap, FStar.Monotonic.RRef, Flags, Platform.Date, CoreCrypto, Platform.Bytes, FStar.All, FStar.ST, FStar.Ghost, FStar.HyperStack, FStar.HyperHeap, FStar.Map, FStar.Set, FStar.Heap, FStar.TSet, FStar.PredicateExtensionality, FStar.PropositionalExtensionality, FStar.FunctionalExtensionality, FStar.Char, FStar.Int16, FStar.Int, FStar.UInt32, FStar.UInt, FStar.BitVector, FStar.Math.Lemmas, FStar.Math.Lib, FStar.SeqProperties, FStar.Seq, FStar.ListProperties, FStar.Classical, FStar.List.Tot, FStar.StrongExcludedMiddle, FStar.Squash, FStar.Mul, Prims
make: *** [Makefile:245: AEAD_GCM.fst-ver] Error 1
Warning: no modules in namespace Crypto.Config and no file with that name either
.\Crypto.Indexing.fst(34,16-34,23) : (Error) Identifier not found: [Crypto.Config.aesImpl]
Module Crypto.Config does not belong to the list of modules in scope, namely TLSInfo, Cert, DHDB, PMS, RSAKey, PSK, CommonDH, DHGroup, ECGroup, Crypto.Symmetric.Poly1305.Bignum.Lemmas.Part2, Crypto.Symmetric.Poly1305.Bignum.Lemmas.Part1, Crypto.Symmetric.Poly1305.Bigint, Crypto.Symmetric.Poly1305.Parameters, Crypto.Symmetric.Poly1305.Spec, Crypto.Symmetric.Bytes, Buffer.Utils, FStar.Int.Cast, FStar.UInt16, FStar.UInt63, FStar.Int8, FStar.Int32, FStar.Int63, FStar.Int64, FStar.Buffer, FStar.UInt128, FStar.IO, FStar.Float, FStar.Bytes, FStar.UInt8, FStar.UInt64, Nonce, TLSConstants, TLSError, Platform.Error, MonotoneMap, FStar.Monotonic.RRef, Flags, Platform.Date, CoreCrypto, Platform.Bytes, FStar.All, FStar.ST, FStar.Ghost, FStar.HyperStack, FStar.HyperHeap, FStar.Map, FStar.Set, FStar.Heap, FStar.TSet, FStar.PredicateExtensionality, FStar.PropositionalExtensionality, FStar.FunctionalExtensionality, FStar.Char, FStar.Int16, FStar.Int, FStar.UInt32, FStar.UInt, FStar.BitVector, FStar.Math.Lemmas, FStar.Math.Lib, FStar.SeqProperties, FStar.Seq, FStar.ListProperties, FStar.Classical, FStar.List.Tot, FStar.StrongExcludedMiddle, FStar.Squash, FStar.Mul, Prims
make: *** [Makefile:245: StatefulPlain.fst-ver] Error 1
Warning: no modules in namespace Crypto.Config and no file with that name either
.\Crypto.Indexing.fst(34,16-34,23) : (Error) Identifier not found: [Crypto.Config.aesImpl]
Module Crypto.Config does not belong to the list of modules in scope, namely TLSInfo, Cert, DHDB, PMS, RSAKey, PSK, CommonDH, DHGroup, ECGroup, Crypto.Symmetric.Poly1305.Bignum.Lemmas.Part2, Crypto.Symmetric.Poly1305.Bignum.Lemmas.Part1, Crypto.Symmetric.Poly1305.Bigint, Crypto.Symmetric.Poly1305.Parameters, Crypto.Symmetric.Poly1305.Spec, Crypto.Symmetric.Bytes, Buffer.Utils, FStar.Int.Cast, FStar.UInt16, FStar.UInt63, FStar.Int8, FStar.Int32, FStar.Int63, FStar.Int64, FStar.Buffer, FStar.UInt128, FStar.IO, FStar.Float, FStar.Bytes, FStar.UInt8, FStar.UInt64, Nonce, TLSConstants, TLSError, Platform.Error, MonotoneMap, FStar.Monotonic.RRef, Flags, Platform.Date, CoreCrypto, Platform.Bytes, FStar.All, FStar.ST, FStar.Ghost, FStar.HyperStack, FStar.HyperHeap, FStar.Map, FStar.Set, FStar.Heap, FStar.TSet, FStar.PredicateExtensionality, FStar.PropositionalExtensionality, FStar.FunctionalExtensionality, FStar.Char, FStar.Int16, FStar.Int, FStar.UInt32, FStar.UInt, FStar.BitVector, FStar.Math.Lemmas, FStar.Math.Lib, FStar.SeqProperties, FStar.Seq, FStar.ListProperties, FStar.Classical, FStar.List.Tot, FStar.StrongExcludedMiddle, FStar.Squash, FStar.Mul, Prims
make: *** [Makefile:245: StatefulLHAE.fst-ver] Error 1
.\Signature.fst(174,43-175,32): (Warning) Top-level let-bindings must be total; this term may have effects
.\Nonce.fst(129,38-132,40): (Warning) Top-level let-bindings must be total; this term may have effects
Warning: no modules in namespace Crypto.Config and no file with that name either
.\Crypto.Indexing.fst(34,16-34,23) : (Error) Identifier not found: [Crypto.Config.aesImpl]
Module Crypto.Config does not belong to the list of modules in scope, namely TLSInfo, Cert, DHDB, PMS, RSAKey, PSK, CommonDH, DHGroup, ECGroup, Crypto.Symmetric.Poly1305.Bignum.Lemmas.Part2, Crypto.Symmetric.Poly1305.Bignum.Lemmas.Part1, Crypto.Symmetric.Poly1305.Bigint, Crypto.Symmetric.Poly1305.Parameters, Crypto.Symmetric.Poly1305.Spec, Crypto.Symmetric.Bytes, Buffer.Utils, FStar.Int.Cast, FStar.UInt16, FStar.UInt63, FStar.Int8, FStar.Int32, FStar.Int63, FStar.Int64, FStar.Buffer, FStar.UInt128, FStar.IO, FStar.Float, FStar.Bytes, FStar.UInt8, FStar.UInt64, Nonce, TLSConstants, TLSError, Platform.Error, MonotoneMap, FStar.Monotonic.RRef, Flags, Platform.Date, CoreCrypto, Platform.Bytes, FStar.All, FStar.ST, FStar.Ghost, FStar.HyperStack, FStar.HyperHeap, FStar.Map, FStar.Set, FStar.Heap, FStar.TSet, FStar.PredicateExtensionality, FStar.PropositionalExtensionality, FStar.FunctionalExtensionality, FStar.Char, FStar.Int16, FStar.Int, FStar.UInt32, FStar.UInt, FStar.BitVector, FStar.Math.Lemmas, FStar.Math.Lib, FStar.SeqProperties, FStar.Seq, FStar.ListProperties, FStar.Classical, FStar.List.Tot, FStar.StrongExcludedMiddle, FStar.Squash, FStar.Mul, Prims
make: *** [Makefile:245: Content.fst-ver] Error 1
Warning: no modules in namespace Crypto.Config and no file with that name either
.\Crypto.Indexing.fst(34,16-34,23) : (Error) Identifier not found: [Crypto.Config.aesImpl]
Module Crypto.Config does not belong to the list of modules in scope, namely TLSInfo, Cert, DHDB, PMS, RSAKey, PSK, CommonDH, DHGroup, ECGroup, Crypto.Symmetric.Poly1305.Bignum.Lemmas.Part2, Crypto.Symmetric.Poly1305.Bignum.Lemmas.Part1, Crypto.Symmetric.Poly1305.Bigint, Crypto.Symmetric.Poly1305.Parameters, Crypto.Symmetric.Poly1305.Spec, Crypto.Symmetric.Bytes, Buffer.Utils, FStar.Int.Cast, FStar.UInt16, FStar.UInt63, FStar.Int8, FStar.Int32, FStar.Int63, FStar.Int64, FStar.Buffer, FStar.UInt128, FStar.IO, FStar.Float, FStar.Bytes, FStar.UInt8, FStar.UInt64, Nonce, TLSConstants, TLSError, Platform.Error, MonotoneMap, FStar.Monotonic.RRef, Flags, Platform.Date, CoreCrypto, Platform.Bytes, FStar.All, FStar.ST, FStar.Ghost, FStar.HyperStack, FStar.HyperHeap, FStar.Map, FStar.Set, FStar.Heap, FStar.TSet, FStar.PredicateExtensionality, FStar.PropositionalExtensionality, FStar.FunctionalExtensionality, FStar.Char, FStar.Int16, FStar.Int, FStar.UInt32, FStar.UInt, FStar.BitVector, FStar.Math.Lemmas, FStar.Math.Lib, FStar.SeqProperties, FStar.Seq, FStar.ListProperties, FStar.Classical, FStar.List.Tot, FStar.StrongExcludedMiddle, FStar.Squash, FStar.Mul, Prims
make: *** [Makefile:245: Range.fst-ver] Error 1
Warning: no modules in namespace Crypto.Config and no file with that name either
.\Crypto.Indexing.fst(34,16-34,23) : (Error) Identifier not found: [Crypto.Config.aesImpl]
Module Crypto.Config does not belong to the list of modules in scope, namely TLSInfo, Cert, DHDB, PMS, RSAKey, PSK, CommonDH, DHGroup, ECGroup, Crypto.Symmetric.Poly1305.Bignum.Lemmas.Part2, Crypto.Symmetric.Poly1305.Bignum.Lemmas.Part1, Crypto.Symmetric.Poly1305.Bigint, Crypto.Symmetric.Poly1305.Parameters, Crypto.Symmetric.Poly1305.Spec, Crypto.Symmetric.Bytes, Buffer.Utils, FStar.Int.Cast, FStar.UInt16, FStar.UInt63, FStar.Int8, FStar.Int32, FStar.Int63, FStar.Int64, FStar.Buffer, FStar.UInt128, FStar.IO, FStar.Float, FStar.Bytes, FStar.UInt8, FStar.UInt64, Nonce, TLSConstants, TLSError, Platform.Error, MonotoneMap, FStar.Monotonic.RRef, Flags, Platform.Date, CoreCrypto, Platform.Bytes, FStar.All, FStar.ST, FStar.Ghost, FStar.HyperStack, FStar.HyperHeap, FStar.Map, FStar.Set, FStar.Heap, FStar.TSet, FStar.PredicateExtensionality, FStar.PropositionalExtensionality, FStar.FunctionalExtensionality, FStar.Char, FStar.Int16, FStar.Int, FStar.UInt32, FStar.UInt, FStar.BitVector, FStar.Math.Lemmas, FStar.Math.Lib, FStar.SeqProperties, FStar.Seq, FStar.ListProperties, FStar.Classical, FStar.List.Tot, FStar.StrongExcludedMiddle, FStar.Squash, FStar.Mul, Prims
make: *** [Makefile:245: StreamAE.fst-ver] Error 1
Warning: no modules in namespace Crypto.Config and no file with that name either
.\Crypto.Indexing.fst(34,16-34,23) : (Error) Identifier not found: [Crypto.Config.aesImpl]
Module Crypto.Config does not belong to the list of modules in scope, namely TLSInfo, Cert, DHDB, PMS, RSAKey, PSK, CommonDH, DHGroup, ECGroup, Crypto.Symmetric.Poly1305.Bignum.Lemmas.Part2, Crypto.Symmetric.Poly1305.Bignum.Lemmas.Part1, Crypto.Symmetric.Poly1305.Bigint, Crypto.Symmetric.Poly1305.Parameters, Crypto.Symmetric.Poly1305.Spec, Crypto.Symmetric.Bytes, Buffer.Utils, FStar.Int.Cast, FStar.UInt16, FStar.UInt63, FStar.Int8, FStar.Int32, FStar.Int63, FStar.Int64, FStar.Buffer, FStar.UInt128, FStar.IO, FStar.Float, FStar.Bytes, FStar.UInt8, FStar.UInt64, Nonce, TLSConstants, TLSError, Platform.Error, MonotoneMap, FStar.Monotonic.RRef, Flags, Platform.Date, CoreCrypto, Platform.Bytes, FStar.All, FStar.ST, FStar.Ghost, FStar.HyperStack, FStar.HyperHeap, FStar.Map, FStar.Set, FStar.Heap, FStar.TSet, FStar.PredicateExtensionality, FStar.PropositionalExtensionality, FStar.FunctionalExtensionality, FStar.Char, FStar.Int16, FStar.Int, FStar.UInt32, FStar.UInt, FStar.BitVector, FStar.Math.Lemmas, FStar.Math.Lib, FStar.SeqProperties, FStar.Seq, FStar.ListProperties, FStar.Classical, FStar.List.Tot, FStar.StrongExcludedMiddle, FStar.Squash, FStar.Mul, Prims
make: *** [Makefile:245: StreamPlain.fst-ver] Error 1
Warning: no modules in namespace Crypto.Config and no file with that name either
.\Crypto.Indexing.fst(34,16-34,23) : (Error) Identifier not found: [Crypto.Config.aesImpl]
Module Crypto.Config does not belong to the list of modules in scope, namely TLSInfo, Cert, DHDB, PMS, RSAKey, PSK, CommonDH, DHGroup, ECGroup, Crypto.Symmetric.Poly1305.Bignum.Lemmas.Part2, Crypto.Symmetric.Poly1305.Bignum.Lemmas.Part1, Crypto.Symmetric.Poly1305.Bigint, Crypto.Symmetric.Poly1305.Parameters, Crypto.Symmetric.Poly1305.Spec, Crypto.Symmetric.Bytes, Buffer.Utils, FStar.Int.Cast, FStar.UInt16, FStar.UInt63, FStar.Int8, FStar.Int32, FStar.Int63, FStar.Int64, FStar.Buffer, FStar.UInt128, FStar.IO, FStar.Float, FStar.Bytes, FStar.UInt8, FStar.UInt64, Nonce, TLSConstants, TLSError, Platform.Error, MonotoneMap, FStar.Monotonic.RRef, Flags, Platform.Date, CoreCrypto, Platform.Bytes, FStar.All, FStar.ST, FStar.Ghost, FStar.HyperStack, FStar.HyperHeap, FStar.Map, FStar.Set, FStar.Heap, FStar.TSet, FStar.PredicateExtensionality, FStar.PropositionalExtensionality, FStar.FunctionalExtensionality, FStar.Char, FStar.Int16, FStar.Int, FStar.UInt32, FStar.UInt, FStar.BitVector, FStar.Math.Lemmas, FStar.Math.Lib, FStar.SeqProperties, FStar.Seq, FStar.ListProperties, FStar.Classical, FStar.List.Tot, FStar.StrongExcludedMiddle, FStar.Squash, FStar.Mul, Prims
make: *** [Makefile:245: LHAEPlain.fst-ver] Error 1
Warning: no modules in namespace Crypto.Config and no file with that name either
.\Crypto.Indexing.fst(34,16-34,23) : (Error) Identifier not found: [Crypto.Config.aesImpl]
Module Crypto.Config does not belong to the list of modules in scope, namely TLSInfo, Cert, DHDB, PMS, RSAKey, PSK, CommonDH, DHGroup, ECGroup, Crypto.Symmetric.Poly1305.Bignum.Lemmas.Part2, Crypto.Symmetric.Poly1305.Bignum.Lemmas.Part1, Crypto.Symmetric.Poly1305.Bigint, Crypto.Symmetric.Poly1305.Parameters, Crypto.Symmetric.Poly1305.Spec, Crypto.Symmetric.Bytes, Buffer.Utils, FStar.Int.Cast, FStar.UInt16, FStar.UInt63, FStar.Int8, FStar.Int32, FStar.Int63, FStar.Int64, FStar.Buffer, FStar.UInt128, FStar.IO, FStar.Float, FStar.Bytes, FStar.UInt8, FStar.UInt64, Nonce, TLSConstants, TLSError, Platform.Error, MonotoneMap, FStar.Monotonic.RRef, Flags, Platform.Date, CoreCrypto, Platform.Bytes, FStar.All, FStar.ST, FStar.Ghost, FStar.HyperStack, FStar.HyperHeap, FStar.Map, FStar.Set, FStar.Heap, FStar.TSet, FStar.PredicateExtensionality, FStar.PropositionalExtensionality, FStar.FunctionalExtensionality, FStar.Char, FStar.Int16, FStar.Int, FStar.UInt32, FStar.UInt, FStar.BitVector, FStar.Math.Lemmas, FStar.Math.Lib, FStar.SeqProperties, FStar.Seq, FStar.ListProperties, FStar.Classical, FStar.List.Tot, FStar.StrongExcludedMiddle, FStar.Squash, FStar.Mul, Prims
make: *** [Makefile:245: Record.fst-ver] Error 1
.\TLSConstants.fst(944,26-1005,114): (Error) Unknown assertion failed
Verified module: TLSConstants (312866 milliseconds)
1 error was reported (see above)
make: *** [Makefile:245: TLSConstants.fst-ver] Error 1
