From https://github.com/FStarLang/FStar
06bbcce..7e99f97  master     -> origin/master
+ a0199b3...0b27a6e cpitclaudel_json -> origin/cpitclaudel_json  (forced update)
+ 14369d8...2b8607b cpitclaudel_refactored_errors -> origin/cpitclaudel_refactored_errors  (forced update)
Warning: you are using the standard library and/or the %inline keyword. We
recommend switching on --infer in order to avoid obscure type error messages.
File "src/basic/ml/FStar_Util.ml", line 47, characters 57-65:
Warning 40: st_mtime was selected from type BatUnix.stats.
It is not visible in the current scope, and will not 
be selected if the type becomes unknown.
File "src/basic/ml/FStar_Util.ml", line 660, characters 2-13:
Warning 10: this expression should have type unit.
File "src/basic/ml/FStar_Util.ml", line 47, characters 57-65:
Warning 40: st_mtime was selected from type BatUnix.stats.
It is not visible in the current scope, and will not 
be selected if the type becomes unknown.
File "src/basic/ml/FStar_Util.ml", line 660, characters 2-13:
Warning 10: this expression should have type unit.
Error: not a valid include directory: C:\Build\Agent2\_work\2\hacl-star\secure_api\LowCProvider\fst
Unexpected error
FStar_Errors.Err("not a valid include directory: C:\\Build\\Agent2\\_work\\2\\hacl-star\\secure_api\\LowCProvider\\fst\n")
Raised by primitive operation at file "src/ocaml-output/FStar_Parser_Dep.ml", line 119, characters 12-33
Called from file "list.ml", line 73, characters 12-15
Called from file "src/ocaml-output/FStar_Parser_Dep.ml", line 98, characters 4-877
Called from file "src/ocaml-output/FStar_Parser_Dep.ml", line 615, characters 14-33
Called from file "src/ocaml-output/FStar_Dependencies.ml", line 12, characters 24-66
Called from file "src/ocaml-output/FStar_Main.ml", line 195, characters 27-116
Called from file "src/ocaml-output/FStar_Main.ml", line 220, characters 6-11

Error: not a valid include directory: C:\Build\Agent2\_work\2\hacl-star\secure_api\LowCProvider\fst
Unexpected error
FStar_Errors.Err("not a valid include directory: C:\\Build\\Agent2\\_work\\2\\hacl-star\\secure_api\\LowCProvider\\fst\n")
Raised by primitive operation at file "src/ocaml-output/FStar_Parser_Dep.ml", line 119, characters 12-33
Called from file "list.ml", line 73, characters 12-15
Called from file "src/ocaml-output/FStar_Parser_Dep.ml", line 98, characters 4-877
Called from file "src/ocaml-output/FStar_Parser_Dep.ml", line 615, characters 14-33
Called from file "src/ocaml-output/FStar_Dependencies.ml", line 12, characters 24-66
Called from file "src/ocaml-output/FStar_Main.ml", line 195, characters 27-116
Called from file "src/ocaml-output/FStar_Main.ml", line 220, characters 6-11

make: *** [Makefile:295: TLSError.fst-ver] Error 1
Error: not a valid include directory: C:\Build\Agent2\_work\2\hacl-star\secure_api\LowCProvider\fst
Unexpected error
FStar_Errors.Err("not a valid include directory: C:\\Build\\Agent2\\_work\\2\\hacl-star\\secure_api\\LowCProvider\\fst\n")
Raised by primitive operation at file "src/ocaml-output/FStar_Parser_Dep.ml", line 119, characters 12-33
Called from file "list.ml", line 73, characters 12-15
Called from file "src/ocaml-output/FStar_Parser_Dep.ml", line 98, characters 4-877
Called from file "src/ocaml-output/FStar_Parser_Dep.ml", line 615, characters 14-33
Called from file "src/ocaml-output/FStar_Dependencies.ml", line 12, characters 24-66
Called from file "src/ocaml-output/FStar_Main.ml", line 195, characters 27-116
Called from file "src/ocaml-output/FStar_Main.ml", line 220, characters 6-11

make: *** [Makefile:295: Flags.fst-ver] Error 1
make: *** [Makefile:295: MonotoneMap.fst-ver] Error 1
Error: not a valid include directory: C:\Build\Agent2\_work\2\hacl-star\secure_api\LowCProvider\fst
Unexpected error
FStar_Errors.Err("not a valid include directory: C:\\Build\\Agent2\\_work\\2\\hacl-star\\secure_api\\LowCProvider\\fst\n")
Raised by primitive operation at file "src/ocaml-output/FStar_Parser_Dep.ml", line 119, characters 12-33
Called from file "list.ml", line 73, characters 12-15
Called from file "src/ocaml-output/FStar_Parser_Dep.ml", line 98, characters 4-877
Called from file "src/ocaml-output/FStar_Parser_Dep.ml", line 615, characters 14-33
Called from file "src/ocaml-output/FStar_Dependencies.ml", line 12, characters 24-66
Called from file "src/ocaml-output/FStar_Main.ml", line 195, characters 27-116
Called from file "src/ocaml-output/FStar_Main.ml", line 220, characters 6-11

make: *** [Makefile:295: TLSConstants.fst-ver] Error 1
Error: not a valid include directory: C:\Build\Agent2\_work\2\hacl-star\secure_api\LowCProvider\fst
Unexpected error
FStar_Errors.Err("not a valid include directory: C:\\Build\\Agent2\\_work\\2\\hacl-star\\secure_api\\LowCProvider\\fst\n")
Raised by primitive operation at file "src/ocaml-output/FStar_Parser_Dep.ml", line 119, characters 12-33
Called from file "list.ml", line 73, characters 12-15
Called from file "src/ocaml-output/FStar_Parser_Dep.ml", line 98, characters 4-877
Called from file "src/ocaml-output/FStar_Parser_Dep.ml", line 615, characters 14-33
Called from file "src/ocaml-output/FStar_Dependencies.ml", line 12, characters 24-66
Called from file "src/ocaml-output/FStar_Main.ml", line 195, characters 27-116
Called from file "src/ocaml-output/FStar_Main.ml", line 220, characters 6-11

make: *** [Makefile:295: Nonce.fst-ver] Error 1
Error: not a valid include directory: C:\Build\Agent2\_work\2\hacl-star\secure_api\LowCProvider\fst
Unexpected error
FStar_Errors.Err("not a valid include directory: C:\\Build\\Agent2\\_work\\2\\hacl-star\\secure_api\\LowCProvider\\fst\n")
Raised by primitive operation at file "src/ocaml-output/FStar_Parser_Dep.ml", line 119, characters 12-33
Called from file "list.ml", line 73, characters 12-15
Called from file "src/ocaml-output/FStar_Parser_Dep.ml", line 98, characters 4-877
Called from file "src/ocaml-output/FStar_Parser_Dep.ml", line 615, characters 14-33
Called from file "src/ocaml-output/FStar_Dependencies.ml", line 12, characters 24-66
Called from file "src/ocaml-output/FStar_Main.ml", line 195, characters 27-116
Called from file "src/ocaml-output/FStar_Main.ml", line 220, characters 6-11

Error: not a valid include directory: C:\Build\Agent2\_work\2\hacl-star\secure_api\LowCProvider\fst
Unexpected error
FStar_Errors.Err("not a valid include directory: C:\\Build\\Agent2\\_work\\2\\hacl-star\\secure_api\\LowCProvider\\fst\n")
Raised by primitive operation at file "src/ocaml-output/FStar_Parser_Dep.ml", line 119, characters 12-33
Called from file "list.ml", line 73, characters 12-15
Called from file "src/ocaml-output/FStar_Parser_Dep.ml", line 98, characters 4-877
Called from file "src/ocaml-output/FStar_Parser_Dep.ml", line 615, characters 14-33
Called from file "src/ocaml-output/FStar_Dependencies.ml", line 12, characters 24-66
Called from file "src/ocaml-output/FStar_Main.ml", line 195, characters 27-116
Called from file "src/ocaml-output/FStar_Main.ml", line 220, characters 6-11

make: *** [Makefile:295: Transport.fst-ver] Error 1
make: *** [Makefile:295: RSAKey.fst-ver] Error 1
Error: not a valid include directory: C:\Build\Agent2\_work\2\hacl-star\secure_api\LowCProvider\fst
Unexpected error
FStar_Errors.Err("not a valid include directory: C:\\Build\\Agent2\\_work\\2\\hacl-star\\secure_api\\LowCProvider\\fst\n")
Raised by primitive operation at file "src/ocaml-output/FStar_Parser_Dep.ml", line 119, characters 12-33
Called from file "list.ml", line 73, characters 12-15
Called from file "src/ocaml-output/FStar_Parser_Dep.ml", line 98, characters 4-877
Called from file "src/ocaml-output/FStar_Parser_Dep.ml", line 615, characters 14-33
Called from file "src/ocaml-output/FStar_Dependencies.ml", line 12, characters 24-66
Called from file "src/ocaml-output/FStar_Main.ml", line 195, characters 27-116
Called from file "src/ocaml-output/FStar_Main.ml", line 220, characters 6-11

make: *** [Makefile:295: ECGroup.fst-ver] Error 1
Error: not a valid include directory: C:\Build\Agent2\_work\2\hacl-star\secure_api\LowCProvider\fst
Unexpected error
FStar_Errors.Err("not a valid include directory: C:\\Build\\Agent2\\_work\\2\\hacl-star\\secure_api\\LowCProvider\\fst\n")
Raised by primitive operation at file "src/ocaml-output/FStar_Parser_Dep.ml", line 119, characters 12-33
Called from file "list.ml", line 73, characters 12-15
Called from file "src/ocaml-output/FStar_Parser_Dep.ml", line 98, characters 4-877
Called from file "src/ocaml-output/FStar_Parser_Dep.ml", line 615, characters 14-33
Called from file "src/ocaml-output/FStar_Dependencies.ml", line 12, characters 24-66
Called from file "src/ocaml-output/FStar_Main.ml", line 195, characters 27-116
Called from file "src/ocaml-output/FStar_Main.ml", line 220, characters 6-11

Error: not a valid include directory: C:\Build\Agent2\_work\2\hacl-star\secure_api\LowCProvider\fst
Unexpected error
FStar_Errors.Err("not a valid include directory: C:\\Build\\Agent2\\_work\\2\\hacl-star\\secure_api\\LowCProvider\\fst\n")
Raised by primitive operation at file "src/ocaml-output/FStar_Parser_Dep.ml", line 119, characters 12-33
Called from file "list.ml", line 73, characters 12-15
Called from file "src/ocaml-output/FStar_Parser_Dep.ml", line 98, characters 4-877
Called from file "src/ocaml-output/FStar_Parser_Dep.ml", line 615, characters 14-33
Called from file "src/ocaml-output/FStar_Dependencies.ml", line 12, characters 24-66
Called from file "src/ocaml-output/FStar_Main.ml", line 195, characters 27-116
Called from file "src/ocaml-output/FStar_Main.ml", line 220, characters 6-11

make: *** [Makefile:295: DHGroup.fst-ver] Error 1
Error: not a valid include directory: C:\Build\Agent2\_work\2\hacl-star\secure_api\LowCProvider\fst
Unexpected error
FStar_Errors.Err("not a valid include directory: C:\\Build\\Agent2\\_work\\2\\hacl-star\\secure_api\\LowCProvider\\fst\n")
Raised by primitive operation at file "src/ocaml-output/FStar_Parser_Dep.ml", line 119, characters 12-33
Called from file "list.ml", line 73, characters 12-15
Called from file "src/ocaml-output/FStar_Parser_Dep.ml", line 98, characters 4-877
Called from file "src/ocaml-output/FStar_Parser_Dep.ml", line 615, characters 14-33
Called from file "src/ocaml-output/FStar_Dependencies.ml", line 12, characters 24-66
Called from file "src/ocaml-output/FStar_Main.ml", line 195, characters 27-116
Called from file "src/ocaml-output/FStar_Main.ml", line 220, characters 6-11

make: *** [Makefile:295: CommonDH.fst-ver] Error 1
make: *** [Makefile:295: PMS.fst-ver] Error 1
Error: not a valid include directory: C:\Build\Agent2\_work\2\hacl-star\secure_api\LowCProvider\fst
Unexpected error
FStar_Errors.Err("not a valid include directory: C:\\Build\\Agent2\\_work\\2\\hacl-star\\secure_api\\LowCProvider\\fst\n")
Raised by primitive operation at file "src/ocaml-output/FStar_Parser_Dep.ml", line 119, characters 12-33
Called from file "list.ml", line 73, characters 12-15
Called from file "src/ocaml-output/FStar_Parser_Dep.ml", line 98, characters 4-877
Called from file "src/ocaml-output/FStar_Parser_Dep.ml", line 615, characters 14-33
Called from file "src/ocaml-output/FStar_Dependencies.ml", line 12, characters 24-66
Called from file "src/ocaml-output/FStar_Main.ml", line 195, characters 27-116
Called from file "src/ocaml-output/FStar_Main.ml", line 220, characters 6-11

make: *** [Makefile:295: HMAC.fst-ver] Error 1
Error: not a valid include directory: C:\Build\Agent2\_work\2\hacl-star\secure_api\LowCProvider\fst
Unexpected error
FStar_Errors.Err("not a valid include directory: C:\\Build\\Agent2\\_work\\2\\hacl-star\\secure_api\\LowCProvider\\fst\n")
Raised by primitive operation at file "src/ocaml-output/FStar_Parser_Dep.ml", line 119, characters 12-33
Called from file "list.ml", line 73, characters 12-15
Called from file "src/ocaml-output/FStar_Parser_Dep.ml", line 98, characters 4-877
Called from file "src/ocaml-output/FStar_Parser_Dep.ml", line 615, characters 14-33
Called from file "src/ocaml-output/FStar_Dependencies.ml", line 12, characters 24-66
Called from file "src/ocaml-output/FStar_Main.ml", line 195, characters 27-116
Called from file "src/ocaml-output/FStar_Main.ml", line 220, characters 6-11

Error: not a valid include directory: C:\Build\Agent2\_work\2\hacl-star\secure_api\LowCProvider\fst
Unexpected error
FStar_Errors.Err("not a valid include directory: C:\\Build\\Agent2\\_work\\2\\hacl-star\\secure_api\\LowCProvider\\fst\n")
Raised by primitive operation at file "src/ocaml-output/FStar_Parser_Dep.ml", line 119, characters 12-33
Called from file "list.ml", line 73, characters 12-15
Called from file "src/ocaml-output/FStar_Parser_Dep.ml", line 98, characters 4-877
Called from file "src/ocaml-output/FStar_Parser_Dep.ml", line 615, characters 14-33
Called from file "src/ocaml-output/FStar_Dependencies.ml", line 12, characters 24-66
Called from file "src/ocaml-output/FStar_Main.ml", line 195, characters 27-116
Called from file "src/ocaml-output/FStar_Main.ml", line 220, characters 6-11

make: *** [Makefile:295: Hashing.Spec.fst-ver] Error 1
make: *** [Makefile:295: Hashing.fst-ver] Error 1
Error: not a valid include directory: C:\Build\Agent2\_work\2\hacl-star\secure_api\LowCProvider\fst
Unexpected error
FStar_Errors.Err("not a valid include directory: C:\\Build\\Agent2\\_work\\2\\hacl-star\\secure_api\\LowCProvider\\fst\n")
Raised by primitive operation at file "src/ocaml-output/FStar_Parser_Dep.ml", line 119, characters 12-33
Called from file "list.ml", line 73, characters 12-15
Called from file "src/ocaml-output/FStar_Parser_Dep.ml", line 98, characters 4-877
Called from file "src/ocaml-output/FStar_Parser_Dep.ml", line 615, characters 14-33
Called from file "src/ocaml-output/FStar_Dependencies.ml", line 12, characters 24-66
Called from file "src/ocaml-output/FStar_Main.ml", line 195, characters 27-116
Called from file "src/ocaml-output/FStar_Main.ml", line 220, characters 6-11

Error: not a valid include directory: C:\Build\Agent2\_work\2\hacl-star\secure_api\LowCProvider\fst
Unexpected error
FStar_Errors.Err("not a valid include directory: C:\\Build\\Agent2\\_work\\2\\hacl-star\\secure_api\\LowCProvider\\fst\n")
Raised by primitive operation at file "src/ocaml-output/FStar_Parser_Dep.ml", line 119, characters 12-33
Called from file "list.ml", line 73, characters 12-15
Called from file "src/ocaml-output/FStar_Parser_Dep.ml", line 98, characters 4-877
Called from file "src/ocaml-output/FStar_Parser_Dep.ml", line 615, characters 14-33
Called from file "src/ocaml-output/FStar_Dependencies.ml", line 12, characters 24-66
Called from file "src/ocaml-output/FStar_Main.ml", line 195, characters 27-116
Called from file "src/ocaml-output/FStar_Main.ml", line 220, characters 6-11

make: *** [Makefile:295: Hashing.CRF.fst-ver] Error 1
make: *** [Makefile:295: Hashing.OpenSSL.fst-ver] Error 1
Error: not a valid include directory: C:\Build\Agent2\_work\2\hacl-star\secure_api\LowCProvider\fst
Unexpected error
FStar_Errors.Err("not a valid include directory: C:\\Build\\Agent2\\_work\\2\\hacl-star\\secure_api\\LowCProvider\\fst\n")
Raised by primitive operation at file "src/ocaml-output/FStar_Parser_Dep.ml", line 119, characters 12-33
Called from file "list.ml", line 73, characters 12-15
Called from file "src/ocaml-output/FStar_Parser_Dep.ml", line 98, characters 4-877
Called from file "src/ocaml-output/FStar_Parser_Dep.ml", line 615, characters 14-33
Called from file "src/ocaml-output/FStar_Dependencies.ml", line 12, characters 24-66
Called from file "src/ocaml-output/FStar_Main.ml", line 195, characters 27-116
Called from file "src/ocaml-output/FStar_Main.ml", line 220, characters 6-11

Error: not a valid include directory: C:\Build\Agent2\_work\2\hacl-star\secure_api\LowCProvider\fst
Unexpected error
FStar_Errors.Err("not a valid include directory: C:\\Build\\Agent2\\_work\\2\\hacl-star\\secure_api\\LowCProvider\\fst\n")
Raised by primitive operation at file "src/ocaml-output/FStar_Parser_Dep.ml", line 119, characters 12-33
Called from file "list.ml", line 73, characters 12-15
Called from file "src/ocaml-output/FStar_Parser_Dep.ml", line 98, characters 4-877
Called from file "src/ocaml-output/FStar_Parser_Dep.ml", line 615, characters 14-33
Called from file "src/ocaml-output/FStar_Dependencies.ml", line 12, characters 24-66
Called from file "src/ocaml-output/FStar_Main.ml", line 195, characters 27-116
Called from file "src/ocaml-output/FStar_Main.ml", line 220, characters 6-11

Error: not a valid include directory: C:\Build\Agent2\_work\2\hacl-star\secure_api\LowCProvider\fst
Unexpected error
FStar_Errors.Err("not a valid include directory: C:\\Build\\Agent2\\_work\\2\\hacl-star\\secure_api\\LowCProvider\\fst\n")
Raised by primitive operation at file "src/ocaml-output/FStar_Parser_Dep.ml", line 119, characters 12-33
Called from file "list.ml", line 73, characters 12-15
Called from file "src/ocaml-output/FStar_Parser_Dep.ml", line 98, characters 4-877
Called from file "src/ocaml-output/FStar_Parser_Dep.ml", line 615, characters 14-33
Called from file "src/ocaml-output/FStar_Dependencies.ml", line 12, characters 24-66
Called from file "src/ocaml-output/FStar_Main.ml", line 195, characters 27-116
Called from file "src/ocaml-output/FStar_Main.ml", line 220, characters 6-11

Error: not a valid include directory: C:\Build\Agent2\_work\2\hacl-star\secure_api\LowCProvider\fst
Unexpected error
FStar_Errors.Err("not a valid include directory: C:\\Build\\Agent2\\_work\\2\\hacl-star\\secure_api\\LowCProvider\\fst\n")
Raised by primitive operation at file "src/ocaml-output/FStar_Parser_Dep.ml", line 119, characters 12-33
Called from file "list.ml", line 73, characters 12-15
Called from file "src/ocaml-output/FStar_Parser_Dep.ml", line 98, characters 4-877
Called from file "src/ocaml-output/FStar_Parser_Dep.ml", line 615, characters 14-33
Called from file "src/ocaml-output/FStar_Dependencies.ml", line 12, characters 24-66
Called from file "src/ocaml-output/FStar_Main.ml", line 195, characters 27-116
Called from file "src/ocaml-output/FStar_Main.ml", line 220, characters 6-11

make: *** [Makefile:295: Cert.fst-ver] Error 1
make: *** [Makefile:295: Signature.fst-ver] Error 1
make: *** [Makefile:295: TLSInfo.fst-ver] Error 1
make: *** [Makefile:295: Extensions.fst-ver] Error 1
Error: not a valid include directory: C:\Build\Agent2\_work\2\hacl-star\secure_api\LowCProvider\fst
Unexpected error
FStar_Errors.Err("not a valid include directory: C:\\Build\\Agent2\\_work\\2\\hacl-star\\secure_api\\LowCProvider\\fst\n")
Raised by primitive operation at file "src/ocaml-output/FStar_Parser_Dep.ml", line 119, characters 12-33
Called from file "list.ml", line 73, characters 12-15
Called from file "src/ocaml-output/FStar_Parser_Dep.ml", line 98, characters 4-877
Called from file "src/ocaml-output/FStar_Parser_Dep.ml", line 615, characters 14-33
Called from file "src/ocaml-output/FStar_Dependencies.ml", line 12, characters 24-66
Called from file "src/ocaml-output/FStar_Main.ml", line 195, characters 27-116
Called from file "src/ocaml-output/FStar_Main.ml", line 220, characters 6-11

make: *** [Makefile:295: Range.fst-ver] Error 1
Error: not a valid include directory: C:\Build\Agent2\_work\2\hacl-star\secure_api\LowCProvider\fst
Unexpected error
FStar_Errors.Err("not a valid include directory: C:\\Build\\Agent2\\_work\\2\\hacl-star\\secure_api\\LowCProvider\\fst\n")
Raised by primitive operation at file "src/ocaml-output/FStar_Parser_Dep.ml", line 119, characters 12-33
Called from file "list.ml", line 73, characters 12-15
Called from file "src/ocaml-output/FStar_Parser_Dep.ml", line 98, characters 4-877
Called from file "src/ocaml-output/FStar_Parser_Dep.ml", line 615, characters 14-33
Called from file "src/ocaml-output/FStar_Dependencies.ml", line 12, characters 24-66
Called from file "src/ocaml-output/FStar_Main.ml", line 195, characters 27-116
Called from file "src/ocaml-output/FStar_Main.ml", line 220, characters 6-11

make: *** [Makefile:295: Alert.fst-ver] Error 1
Error: not a valid include directory: C:\Build\Agent2\_work\2\hacl-star\secure_api\LowCProvider\fst
Unexpected error
FStar_Errors.Err("not a valid include directory: C:\\Build\\Agent2\\_work\\2\\hacl-star\\secure_api\\LowCProvider\\fst\n")
Raised by primitive operation at file "src/ocaml-output/FStar_Parser_Dep.ml", line 119, characters 12-33
Called from file "list.ml", line 73, characters 12-15
Called from file "src/ocaml-output/FStar_Parser_Dep.ml", line 98, characters 4-877
Called from file "src/ocaml-output/FStar_Parser_Dep.ml", line 615, characters 14-33
Called from file "src/ocaml-output/FStar_Dependencies.ml", line 12, characters 24-66
Called from file "src/ocaml-output/FStar_Main.ml", line 195, characters 27-116
Called from file "src/ocaml-output/FStar_Main.ml", line 220, characters 6-11

make: *** [Makefile:295: Content.fst-ver] Error 1
Error: not a valid include directory: C:\Build\Agent2\_work\2\hacl-star\secure_api\LowCProvider\fst
Unexpected error
FStar_Errors.Err("not a valid include directory: C:\\Build\\Agent2\\_work\\2\\hacl-star\\secure_api\\LowCProvider\\fst\n")
Raised by primitive operation at file "src/ocaml-output/FStar_Parser_Dep.ml", line 119, characters 12-33
Called from file "list.ml", line 73, characters 12-15
Called from file "src/ocaml-output/FStar_Parser_Dep.ml", line 98, characters 4-877
Called from file "src/ocaml-output/FStar_Parser_Dep.ml", line 615, characters 14-33
Called from file "src/ocaml-output/FStar_Dependencies.ml", line 12, characters 24-66
Called from file "src/ocaml-output/FStar_Main.ml", line 195, characters 27-116
Called from file "src/ocaml-output/FStar_Main.ml", line 220, characters 6-11

Error: not a valid include directory: C:\Build\Agent2\_work\2\hacl-star\secure_api\LowCProvider\fst
Unexpected error
FStar_Errors.Err("not a valid include directory: C:\\Build\\Agent2\\_work\\2\\hacl-star\\secure_api\\LowCProvider\\fst\n")
Raised by primitive operation at file "src/ocaml-output/FStar_Parser_Dep.ml", line 119, characters 12-33
Called from file "list.ml", line 73, characters 12-15
Called from file "src/ocaml-output/FStar_Parser_Dep.ml", line 98, characters 4-877
Called from file "src/ocaml-output/FStar_Parser_Dep.ml", line 615, characters 14-33
Called from file "src/ocaml-output/FStar_Dependencies.ml", line 12, characters 24-66
Called from file "src/ocaml-output/FStar_Main.ml", line 195, characters 27-116
Called from file "src/ocaml-output/FStar_Main.ml", line 220, characters 6-11

make: *** [Makefile:295: StreamPlain.fst-ver] Error 1
make: *** [Makefile:295: DataStream.fst-ver] Error 1
Error: not a valid include directory: C:\Build\Agent2\_work\2\hacl-star\secure_api\LowCProvider\fst
Unexpected error
FStar_Errors.Err("not a valid include directory: C:\\Build\\Agent2\\_work\\2\\hacl-star\\secure_api\\LowCProvider\\fst\n")
Raised by primitive operation at file "src/ocaml-output/FStar_Parser_Dep.ml", line 119, characters 12-33
Called from file "list.ml", line 73, characters 12-15
Called from file "src/ocaml-output/FStar_Parser_Dep.ml", line 98, characters 4-877
Called from file "src/ocaml-output/FStar_Parser_Dep.ml", line 615, characters 14-33
Called from file "src/ocaml-output/FStar_Dependencies.ml", line 12, characters 24-66
Called from file "src/ocaml-output/FStar_Main.ml", line 195, characters 27-116
Called from file "src/ocaml-output/FStar_Main.ml", line 220, characters 6-11

make: *** [Makefile:295: IdNonce.fst-ver] Error 1
Error: not a valid include directory: C:\Build\Agent2\_work\2\hacl-star\secure_api\LowCProvider\fst
Error: not a valid include directory: C:\Build\Agent2\_work\2\hacl-star\secure_api\LowCProvider\fst
Unexpected error
FStar_Errors.Err("not a valid include directory: C:\\Build\\Agent2\\_work\\2\\hacl-star\\secure_api\\LowCProvider\\fst\n")
Raised by primitive operation at file "src/ocaml-output/FStar_Parser_Dep.ml", line 119, characters 12-33
Called from file "list.ml", line 73, characters 12-15
Called from file "src/ocaml-output/FStar_Parser_Dep.ml", line 98, characters 4-877
Called from file "src/ocaml-output/FStar_Parser_Dep.ml", line 615, characters 14-33
Called from file "src/ocaml-output/FStar_Dependencies.ml", line 12, characters 24-66
Called from file "src/ocaml-output/FStar_Main.ml", line 195, characters 27-116
Called from file "src/ocaml-output/FStar_Main.ml", line 220, characters 6-11

Unexpected error
FStar_Errors.Err("not a valid include directory: C:\\Build\\Agent2\\_work\\2\\hacl-star\\secure_api\\LowCProvider\\fst\n")
Raised by primitive operation at file "src/ocaml-output/FStar_Parser_Dep.ml", line 119, characters 12-33
Called from file "list.ml", line 73, characters 12-15
Called from file "src/ocaml-output/FStar_Parser_Dep.ml", line 98, characters 4-877
Called from file "src/ocaml-output/FStar_Parser_Dep.ml", line 615, characters 14-33
Called from file "src/ocaml-output/FStar_Dependencies.ml", line 12, characters 24-66
Called from file "src/ocaml-output/FStar_Main.ml", line 195, characters 27-116
Called from file "src/ocaml-output/FStar_Main.ml", line 220, characters 6-11

Error: not a valid include directory: C:\Build\Agent2\_work\2\hacl-star\secure_api\LowCProvider\fst
Unexpected error
FStar_Errors.Err("not a valid include directory: C:\\Build\\Agent2\\_work\\2\\hacl-star\\secure_api\\LowCProvider\\fst\n")
Raised by primitive operation at file "src/ocaml-output/FStar_Parser_Dep.ml", line 119, characters 12-33
Called from file "list.ml", line 73, characters 12-15
Called from file "src/ocaml-output/FStar_Parser_Dep.ml", line 98, characters 4-877
Called from file "src/ocaml-output/FStar_Parser_Dep.ml", line 615, characters 14-33
Called from file "src/ocaml-output/FStar_Dependencies.ml", line 12, characters 24-66
Called from file "src/ocaml-output/FStar_Main.ml", line 195, characters 27-116
Called from file "src/ocaml-output/FStar_Main.ml", line 220, characters 6-11

make: *** [Makefile:295: MasterSecret.fst-ver] Error 1
make: *** [Makefile:295: StreamAE.fst-ver] Error 1
make: *** [Makefile:295: StatefulPlain.fst-ver] Error 1
Error: not a valid include directory: C:\Build\Agent2\_work\2\hacl-star\secure_api\LowCProvider\fst
Unexpected error
FStar_Errors.Err("not a valid include directory: C:\\Build\\Agent2\\_work\\2\\hacl-star\\secure_api\\LowCProvider\\fst\n")
Raised by primitive operation at file "src/ocaml-output/FStar_Parser_Dep.ml", line 119, characters 12-33
Called from file "list.ml", line 73, characters 12-15
Called from file "src/ocaml-output/FStar_Parser_Dep.ml", line 98, characters 4-877
Called from file "src/ocaml-output/FStar_Parser_Dep.ml", line 615, characters 14-33
Called from file "src/ocaml-output/FStar_Dependencies.ml", line 12, characters 24-66
Called from file "src/ocaml-output/FStar_Main.ml", line 195, characters 27-116
Called from file "src/ocaml-output/FStar_Main.ml", line 220, characters 6-11

make: *** [Makefile:295: AEAD_GCM.fst-ver] Error 1
Error: not a valid include directory: C:\Build\Agent2\_work\2\hacl-star\secure_api\LowCProvider\fst
Unexpected error
FStar_Errors.Err("not a valid include directory: C:\\Build\\Agent2\\_work\\2\\hacl-star\\secure_api\\LowCProvider\\fst\n")
Raised by primitive operation at file "src/ocaml-output/FStar_Parser_Dep.ml", line 119, characters 12-33
Called from file "list.ml", line 73, characters 12-15
Called from file "src/ocaml-output/FStar_Parser_Dep.ml", line 98, characters 4-877
Called from file "src/ocaml-output/FStar_Parser_Dep.ml", line 615, characters 14-33
Called from file "src/ocaml-output/FStar_Dependencies.ml", line 12, characters 24-66
Called from file "src/ocaml-output/FStar_Main.ml", line 195, characters 27-116
Called from file "src/ocaml-output/FStar_Main.ml", line 220, characters 6-11

make: *** [Makefile:295: LHAEPlain.fst-ver] Error 1
Error: not a valid include directory: C:\Build\Agent2\_work\2\hacl-star\secure_api\LowCProvider\fst
Unexpected error
FStar_Errors.Err("not a valid include directory: C:\\Build\\Agent2\\_work\\2\\hacl-star\\secure_api\\LowCProvider\\fst\n")
Raised by primitive operation at file "src/ocaml-output/FStar_Parser_Dep.ml", line 119, characters 12-33
Called from file "list.ml", line 73, characters 12-15
Called from file "src/ocaml-output/FStar_Parser_Dep.ml", line 98, characters 4-877
Called from file "src/ocaml-output/FStar_Parser_Dep.ml", line 615, characters 14-33
Called from file "src/ocaml-output/FStar_Dependencies.ml", line 12, characters 24-66
Called from file "src/ocaml-output/FStar_Main.ml", line 195, characters 27-116
Called from file "src/ocaml-output/FStar_Main.ml", line 220, characters 6-11

make: *** [Makefile:295: MAC.fst-ver] Error 1
Error: not a valid include directory: C:\Build\Agent2\_work\2\hacl-star\secure_api\LowCProvider\fst
Unexpected error
FStar_Errors.Err("not a valid include directory: C:\\Build\\Agent2\\_work\\2\\hacl-star\\secure_api\\LowCProvider\\fst\n")
Raised by primitive operation at file "src/ocaml-output/FStar_Parser_Dep.ml", line 119, characters 12-33
Called from file "list.ml", line 73, characters 12-15
Called from file "src/ocaml-output/FStar_Parser_Dep.ml", line 98, characters 4-877
Called from file "src/ocaml-output/FStar_Parser_Dep.ml", line 615, characters 14-33
Called from file "src/ocaml-output/FStar_Dependencies.ml", line 12, characters 24-66
Called from file "src/ocaml-output/FStar_Main.ml", line 195, characters 27-116
Called from file "src/ocaml-output/FStar_Main.ml", line 220, characters 6-11

make: *** [Makefile:295: StatefulLHAE.fst-ver] Error 1
Error: not a valid include directory: C:\Build\Agent2\_work\2\hacl-star\secure_api\LowCProvider\fst
Unexpected error
FStar_Errors.Err("not a valid include directory: C:\\Build\\Agent2\\_work\\2\\hacl-star\\secure_api\\LowCProvider\\fst\n")
Raised by primitive operation at file "src/ocaml-output/FStar_Parser_Dep.ml", line 119, characters 12-33
Called from file "list.ml", line 73, characters 12-15
Called from file "src/ocaml-output/FStar_Parser_Dep.ml", line 98, characters 4-877
Called from file "src/ocaml-output/FStar_Parser_Dep.ml", line 615, characters 14-33
Called from file "src/ocaml-output/FStar_Dependencies.ml", line 12, characters 24-66
Called from file "src/ocaml-output/FStar_Main.ml", line 195, characters 27-116
Called from file "src/ocaml-output/FStar_Main.ml", line 220, characters 6-11

make: *** [Makefile:295: StAE.fst-ver] Error 1
Error: not a valid include directory: C:\Build\Agent2\_work\2\hacl-star\secure_api\LowCProvider\fst
Unexpected error
FStar_Errors.Err("not a valid include directory: C:\\Build\\Agent2\\_work\\2\\hacl-star\\secure_api\\LowCProvider\\fst\n")
Raised by primitive operation at file "src/ocaml-output/FStar_Parser_Dep.ml", line 119, characters 12-33
Called from file "list.ml", line 73, characters 12-15
Called from file "src/ocaml-output/FStar_Parser_Dep.ml", line 98, characters 4-877
Called from file "src/ocaml-output/FStar_Parser_Dep.ml", line 615, characters 14-33
Called from file "src/ocaml-output/FStar_Dependencies.ml", line 12, characters 24-66
Called from file "src/ocaml-output/FStar_Main.ml", line 195, characters 27-116
Called from file "src/ocaml-output/FStar_Main.ml", line 220, characters 6-11

make: *** [Makefile:295: MAC_SHA256.fst-ver] Error 1
Error: not a valid include directory: C:\Build\Agent2\_work\2\hacl-star\secure_api\LowCProvider\fst
Unexpected error
FStar_Errors.Err("not a valid include directory: C:\\Build\\Agent2\\_work\\2\\hacl-star\\secure_api\\LowCProvider\\fst\n")
Raised by primitive operation at file "src/ocaml-output/FStar_Parser_Dep.ml", line 119, characters 12-33
Called from file "list.ml", line 73, characters 12-15
Called from file "src/ocaml-output/FStar_Parser_Dep.ml", line 98, characters 4-877
Called from file "src/ocaml-output/FStar_Parser_Dep.ml", line 615, characters 14-33
Called from file "src/ocaml-output/FStar_Dependencies.ml", line 12, characters 24-66
Called from file "src/ocaml-output/FStar_Main.ml", line 195, characters 27-116
Called from file "src/ocaml-output/FStar_Main.ml", line 220, characters 6-11

Error: not a valid include directory: C:\Build\Agent2\_work\2\hacl-star\secure_api\LowCProvider\fst
Unexpected error
FStar_Errors.Err("not a valid include directory: C:\\Build\\Agent2\\_work\\2\\hacl-star\\secure_api\\LowCProvider\\fst\n")
Raised by primitive operation at file "src/ocaml-output/FStar_Parser_Dep.ml", line 119, characters 12-33
Called from file "list.ml", line 73, characters 12-15
Called from file "src/ocaml-output/FStar_Parser_Dep.ml", line 98, characters 4-877
Called from file "src/ocaml-output/FStar_Parser_Dep.ml", line 615, characters 14-33
Called from file "src/ocaml-output/FStar_Dependencies.ml", line 12, characters 24-66
Called from file "src/ocaml-output/FStar_Main.ml", line 195, characters 27-116
Called from file "src/ocaml-output/FStar_Main.ml", line 220, characters 6-11

make: *** [Makefile:295: Connection.fst-ver] Error 1
make: *** [Makefile:295: Record.fst-ver] Error 1
Error: not a valid include directory: C:\Build\Agent2\_work\2\hacl-star\secure_api\LowCProvider\fst
Unexpected error
FStar_Errors.Err("not a valid include directory: C:\\Build\\Agent2\\_work\\2\\hacl-star\\secure_api\\LowCProvider\\fst\n")
Raised by primitive operation at file "src/ocaml-output/FStar_Parser_Dep.ml", line 119, characters 12-33
Called from file "list.ml", line 73, characters 12-15
Called from file "src/ocaml-output/FStar_Parser_Dep.ml", line 98, characters 4-877
Called from file "src/ocaml-output/FStar_Parser_Dep.ml", line 615, characters 14-33
Called from file "src/ocaml-output/FStar_Dependencies.ml", line 12, characters 24-66
Called from file "src/ocaml-output/FStar_Main.ml", line 195, characters 27-116
Called from file "src/ocaml-output/FStar_Main.ml", line 220, characters 6-11

make: *** [Makefile:295: MAC_SHA1.fst-ver] Error 1
Error: not a valid include directory: C:\Build\Agent2\_work\2\hacl-star\secure_api\LowCProvider\fst
Unexpected error
FStar_Errors.Err("not a valid include directory: C:\\Build\\Agent2\\_work\\2\\hacl-star\\secure_api\\LowCProvider\\fst\n")
Raised by primitive operation at file "src/ocaml-output/FStar_Parser_Dep.ml", line 119, characters 12-33
Called from file "list.ml", line 73, characters 12-15
Called from file "src/ocaml-output/FStar_Parser_Dep.ml", line 98, characters 4-877
Called from file "src/ocaml-output/FStar_Parser_Dep.ml", line 615, characters 14-33
Called from file "src/ocaml-output/FStar_Dependencies.ml", line 12, characters 24-66
Called from file "src/ocaml-output/FStar_Main.ml", line 195, characters 27-116
Called from file "src/ocaml-output/FStar_Main.ml", line 220, characters 6-11

make: *** [Makefile:295: FFI.fst-ver] Error 1
Error: not a valid include directory: C:\Build\Agent2\_work\2\hacl-star\secure_api\LowCProvider\fst
Unexpected error
FStar_Errors.Err("not a valid include directory: C:\\Build\\Agent2\\_work\\2\\hacl-star\\secure_api\\LowCProvider\\fst\n")
Raised by primitive operation at file "src/ocaml-output/FStar_Parser_Dep.ml", line 119, characters 12-33
Called from file "list.ml", line 73, characters 12-15
Called from file "src/ocaml-output/FStar_Parser_Dep.ml", line 98, characters 4-877
Called from file "src/ocaml-output/FStar_Parser_Dep.ml", line 615, characters 14-33
Called from file "src/ocaml-output/FStar_Dependencies.ml", line 12, characters 24-66
Called from file "src/ocaml-output/FStar_Main.ml", line 195, characters 27-116
Called from file "src/ocaml-output/FStar_Main.ml", line 220, characters 6-11

make: *** [Makefile:295: StreamDeltas.fst-ver] Error 1
Error: not a valid include directory: C:\Build\Agent2\_work\2\hacl-star\secure_api\LowCProvider\fst
Unexpected error
FStar_Errors.Err("not a valid include directory: C:\\Build\\Agent2\\_work\\2\\hacl-star\\secure_api\\LowCProvider\\fst\n")
Raised by primitive operation at file "src/ocaml-output/FStar_Parser_Dep.ml", line 119, characters 12-33
Called from file "list.ml", line 73, characters 12-15
Called from file "src/ocaml-output/FStar_Parser_Dep.ml", line 98, characters 4-877
Called from file "src/ocaml-output/FStar_Parser_Dep.ml", line 615, characters 14-33
Called from file "src/ocaml-output/FStar_Dependencies.ml", line 12, characters 24-66
Called from file "src/ocaml-output/FStar_Main.ml", line 195, characters 27-116
Called from file "src/ocaml-output/FStar_Main.ml", line 220, characters 6-11

Error: not a valid include directory: C:\Build\Agent2\_work\2\hacl-star\secure_api\LowCProvider\fst
make: *** [Makefile:295: HKDF.fst-ver] Error 1
Unexpected error
FStar_Errors.Err("not a valid include directory: C:\\Build\\Agent2\\_work\\2\\hacl-star\\secure_api\\LowCProvider\\fst\n")
Raised by primitive operation at file "src/ocaml-output/FStar_Parser_Dep.ml", line 119, characters 12-33
Called from file "list.ml", line 73, characters 12-15
Called from file "src/ocaml-output/FStar_Parser_Dep.ml", line 98, characters 4-877
Called from file "src/ocaml-output/FStar_Parser_Dep.ml", line 615, characters 14-33
Called from file "src/ocaml-output/FStar_Dependencies.ml", line 12, characters 24-66
Called from file "src/ocaml-output/FStar_Main.ml", line 195, characters 27-116
Called from file "src/ocaml-output/FStar_Main.ml", line 220, characters 6-11

make: *** [Makefile:295: ConnInvariant.fst-ver] Error 1
Error: not a valid include directory: C:\Build\Agent2\_work\2\hacl-star\secure_api\LowCProvider\fst
Unexpected error
FStar_Errors.Err("not a valid include directory: C:\\Build\\Agent2\\_work\\2\\hacl-star\\secure_api\\LowCProvider\\fst\n")
Raised by primitive operation at file "src/ocaml-output/FStar_Parser_Dep.ml", line 119, characters 12-33
Called from file "list.ml", line 73, characters 12-15
Called from file "src/ocaml-output/FStar_Parser_Dep.ml", line 98, characters 4-877
Called from file "src/ocaml-output/FStar_Parser_Dep.ml", line 615, characters 14-33
Called from file "src/ocaml-output/FStar_Dependencies.ml", line 12, characters 24-66
Called from file "src/ocaml-output/FStar_Main.ml", line 195, characters 27-116
Called from file "src/ocaml-output/FStar_Main.ml", line 220, characters 6-11

Error: not a valid include directory: C:\Build\Agent2\_work\2\hacl-star\secure_api\LowCProvider\fst
Unexpected error
FStar_Errors.Err("not a valid include directory: C:\\Build\\Agent2\\_work\\2\\hacl-star\\secure_api\\LowCProvider\\fst\n")
Raised by primitive operation at file "src/ocaml-output/FStar_Parser_Dep.ml", line 119, characters 12-33
Called from file "list.ml", line 73, characters 12-15
Called from file "src/ocaml-output/FStar_Parser_Dep.ml", line 98, characters 4-877
Called from file "src/ocaml-output/FStar_Parser_Dep.ml", line 615, characters 14-33
Called from file "src/ocaml-output/FStar_Dependencies.ml", line 12, characters 24-66
Called from file "src/ocaml-output/FStar_Main.ml", line 195, characters 27-116
Called from file "src/ocaml-output/FStar_Main.ml", line 220, characters 6-11

make: *** [Makefile:295: Epochs.fst-ver] Error 1
make: *** [Makefile:295: TLS.fst-ver] Error 1
Error: not a valid include directory: C:\Build\Agent2\_work\2\hacl-star\secure_api\LowCProvider\fst
Unexpected error
FStar_Errors.Err("not a valid include directory: C:\\Build\\Agent2\\_work\\2\\hacl-star\\secure_api\\LowCProvider\\fst\n")
Raised by primitive operation at file "src/ocaml-output/FStar_Parser_Dep.ml", line 119, characters 12-33
Called from file "list.ml", line 73, characters 12-15
Called from file "src/ocaml-output/FStar_Parser_Dep.ml", line 98, characters 4-877
Called from file "src/ocaml-output/FStar_Parser_Dep.ml", line 615, characters 14-33
Called from file "src/ocaml-output/FStar_Dependencies.ml", line 12, characters 24-66
Called from file "src/ocaml-output/FStar_Main.ml", line 195, characters 27-116
Called from file "src/ocaml-output/FStar_Main.ml", line 220, characters 6-11

make: *** [Makefile:295: KeySchedule.fst-ver] Error 1
make: Target 'all-ver' not remade because of errors.
