Warning: Unable to open hints file: C:\Build\Agent\_work\36\s\src\tls\Flags.fst.hints; ran without hints
Unexpected error
Sys_error("Flags.fst: No such file or directory")
Raised by primitive operation at file "pervasives.ml", line 335, characters 20-46
Called from file "digest.ml", line 36, characters 11-31
Called from file "src/ocaml-output/FStar_SMTEncoding_Solver.ml", line 122, characters 29-69
Called from file "src/ocaml-output/FStar_SMTEncoding_Solver.ml", line 166, characters 4-29
Called from file "src/ocaml-output/FStar_Universal.ml", line 288, characters 14-64
Called from file "src/ocaml-output/FStar_Universal.ml", line 313, characters 16-59
Called from file "src/ocaml-output/FStar_Universal.ml", line 324, characters 16-73
Called from file "src/ocaml-output/FStar_Universal.ml", line 365, characters 16-60
Called from file "src/ocaml-output/FStar_Main.ml", line 310, characters 16-57
Called from file "src/ocaml-output/FStar_Main.ml", line 340, characters 1-8

make: *** [Makefile:240: Flags.fst-ver] Error 1
.\TLSConstants.fst(42,0-42,63): (Warning) Top-level let-bindings must be total; this term may have effects
.\TLSConstants.fst(44,0-45,25): (Warning) Top-level let-bindings must be total; this term may have effects
.\Nonce.fst(47,0-48,55): (Warning) Top-level let-bindings must be total; this term may have effects
.\IdNonce.fst(20,0-21,60): (Warning) Top-level let-bindings must be total; this term may have effects
.\Signature.fst(105,0-105,67): (Warning) Top-level let-bindings must be total; this term may have effects
.\Nonce.fst(132,0-132,40): (Warning) Top-level let-bindings must be total; this term may have effects
.\Signature.fst(180,0-180,32): (Warning) Top-level let-bindings must be total; this term may have effects
.\MasterSecret.fst(34,0-35,75): (Warning) Top-level let-bindings must be total; this term may have effects
WARNING: (413171,44): '=' cannot be used in patterns.
WARNING: (413171,44): 'if' cannot be used in patterns.
WARNING: (413171,44): 'if' cannot be used in patterns.
.\ConnInvariant.fst(90,0-91,64): (Warning) Top-level let-bindings must be total; this term may have effects
make: Target 'all-ver' not remade because of errors.
