From https://github.com/FStarLang/FStar
* [new branch]      beurdouche_errors -> origin/beurdouche_errors
1eb60e1..d72bf3c  c_relational-ci_r3 -> origin/c_relational-ci_r3
+ 032d74e...ccd1ad8 cwinter_checked_hints -> origin/cwinter_checked_hints  (forced update)
* [new branch]      cwinter_hint_encoding_fix -> origin/cwinter_hint_encoding_fix
* [new branch]      cwinter_hint_serialization_fix -> origin/cwinter_hint_serialization_fix
0a08db8..5f7e571  konrad_hye_example -> origin/konrad_hye_example
467086a..f02dbfe  kyod_algebraic_presentation -> origin/kyod_algebraic_presentation
fb01eb1..36f7bdb  kyod_reification_examples -> origin/kyod_reification_examples
23d80aa..3affaa0  kyod_remove_reifiable -> origin/kyod_remove_reifiable
4f212ec..d91783b  kyod_tmp   -> origin/kyod_tmp
* [new branch]      kyod_tmp2  -> origin/kyod_tmp2
c208b9c..5db98f7  master     -> origin/master
* [new branch]      protz_buffer -> origin/protz_buffer
3105695..a6f10c4  sishtiaq_pp -> origin/sishtiaq_pp
* [new branch]      taramana_legacy_struct -> origin/taramana_legacy_struct
1be8e2e..02ec681  taramana_struct -> origin/taramana_struct
fbea944..39a1cd1  vdum_pprint_ocaml -> origin/vdum_pprint_ocaml
Warning: you are using the standard library and/or the %inline keyword. We
recommend switching on --infer in order to avoid obscure type error messages.
6 shift/reduce conflicts.
File "src/basic/ml/FStar_Util.ml", line 47, characters 57-65:
Warning 40: st_mtime was selected from type BatUnix.stats.
It is not visible in the current scope, and will not 
be selected if the type becomes unknown.
File "src/basic/ml/FStar_Util.ml", line 47, characters 57-65:
Warning 40: st_mtime was selected from type BatUnix.stats.
It is not visible in the current scope, and will not 
be selected if the type becomes unknown.
.\TLSConstants.fst(44,0-44,63): (Warning) Top-level let-bindings must be total; this term may have effects
.\TLSConstants.fst(46,0-47,25): (Warning) Top-level let-bindings must be total; this term may have effects
.\Nonce.fst(47,0-48,55): (Warning) Top-level let-bindings must be total; this term may have effects
.\IdNonce.fst(20,0-21,60): (Warning) Top-level let-bindings must be total; this term may have effects
.\Signature.fst(105,0-105,67): (Warning) Top-level let-bindings must be total; this term may have effects
.\Signature.fst(180,0-180,32): (Warning) Top-level let-bindings must be total; this term may have effects
.\Nonce.fst(132,0-132,40): (Warning) Top-level let-bindings must be total; this term may have effects
.\MasterSecret.fst(34,0-35,75): (Warning) Top-level let-bindings must be total; this term may have effects
.\ConnInvariant.fst(90,0-91,64): (Warning) Top-level let-bindings must be total; this term may have effects
