From https://github.com/FStarLang/FStar
0082c9175..a9e887864  master        -> origin/master
* [new branch]          guido_pats    -> origin/guido_pats
22e0b0f83..1c50a1f6a  guido_tactics -> origin/guido_tactics
* [new branch]          nik_912       -> origin/nik_912
563865418..34c57f3f0  nik_private   -> origin/nik_private
Warning: you are using the standard library and/or the %inline keyword. We
recommend switching on --infer in order to avoid obscure type error messages.
File "src/basic/ml/FStar_Util.ml", line 47, characters 57-65:
Warning 40: st_mtime was selected from type BatUnix.stats.
It is not visible in the current scope, and will not 
be selected if the type becomes unknown.
File "src/basic/ml/FStar_Util.ml", line 47, characters 57-65:
Warning 40: st_mtime was selected from type BatUnix.stats.
It is not visible in the current scope, and will not 
be selected if the type becomes unknown.
x86_64-w64-mingw32-ar: tmp/*.o: No such file or directory
make: *** [Makefile:66: libllcrypto.a] Error 1
make[3]: warning: jobserver unavailable: using -j1.  Add '+' to parent make rule.
make[3]: warning: jobserver unavailable: using -j1.  Add '+' to parent make rule.
make[3]: warning: jobserver unavailable: using -j1.  Add '+' to parent make rule.
Extracted.mk:101: warning: overriding recipe for target 'mitls.cmxa'
Makefile:193: warning: ignoring old recipe for target 'mitls.cmxa'
Extracted.mk:104: warning: overriding recipe for target 'mitls.exe'
Makefile:195: warning: ignoring old recipe for target 'mitls.exe'
Extracted.mk:101: warning: overriding recipe for target 'mitls.cmxa'
Makefile:193: warning: ignoring old recipe for target 'mitls.cmxa'
Extracted.mk:104: warning: overriding recipe for target 'mitls.exe'
Makefile:195: warning: ignoring old recipe for target 'mitls.exe'
Extracted.mk:101: warning: overriding recipe for target 'mitls.cmxa'
Makefile:193: warning: ignoring old recipe for target 'mitls.cmxa'
Extracted.mk:104: warning: overriding recipe for target 'mitls.exe'
Makefile:195: warning: ignoring old recipe for target 'mitls.exe'
make[3]: warning: jobserver unavailable: using -j1.  Add '+' to parent make rule.
Extracted.mk:101: warning: overriding recipe for target 'mitls.cmxa'
Makefile:193: warning: ignoring old recipe for target 'mitls.cmxa'
Extracted.mk:104: warning: overriding recipe for target 'mitls.exe'
Makefile:195: warning: ignoring old recipe for target 'mitls.exe'
make[3]: warning: jobserver unavailable: using -j1.  Add '+' to parent make rule.
.depend-ML:1: warning: NUL character seen; rest of line ignored
.depend-ML:2: warning: NUL character seen; rest of line ignored
.depend-ML:3: warning: NUL character seen; rest of line ignored
.depend-ML:4: warning: NUL character seen; rest of line ignored
.depend-ML:5: warning: NUL character seen; rest of line ignored
.depend-ML:6: warning: NUL character seen; rest of line ignored
.depend-ML:7: warning: NUL character seen; rest of line ignored
.depend-ML:8: warning: NUL character seen; rest of line ignored
.depend-ML:9: warning: NUL character seen; rest of line ignored
.depend-ML:10: warning: NUL character seen; rest of line ignored
.depend-ML:11: warning: NUL character seen; rest of line ignored
.depend-ML:12: warning: NUL character seen; rest of line ignored
.depend-ML:13: warning: NUL character seen; rest of line ignored
.depend-ML:14: warning: NUL character seen; rest of line ignored
.depend-ML:15: warning: NUL character seen; rest of line ignored
.depend-ML:16: warning: NUL character seen; rest of line ignored
.depend-ML:17: warning: NUL character seen; rest of line ignored
.depend-ML:18: warning: NUL character seen; rest of line ignored
.depend-ML:19: warning: NUL character seen; rest of line ignored
.depend-ML:20: warning: NUL character seen; rest of line ignored
.depend-ML:21: warning: NUL character seen; rest of line ignored
.depend-ML:22: warning: NUL character seen; rest of line ignored
.depend-ML:23: warning: NUL character seen; rest of line ignored
.depend-ML:24: warning: NUL character seen; rest of line ignored
.depend-ML:25: warning: NUL character seen; rest of line ignored
.depend-ML:26: warning: NUL character seen; rest of line ignored
.depend-ML:27: warning: NUL character seen; rest of line ignored
.depend-ML:28: warning: NUL character seen; rest of line ignored
.depend-ML:29: warning: NUL character seen; rest of line ignored
.depend-ML:30: warning: NUL character seen; rest of line ignored
.depend-ML:31: warning: NUL character seen; rest of line ignored
.depend-ML:32: warning: NUL character seen; rest of line ignored
.depend-ML:33: warning: NUL character seen; rest of line ignored
.depend-ML:34: warning: NUL character seen; rest of line ignored
.depend-ML:35: warning: NUL character seen; rest of line ignored
.depend-ML:36: warning: NUL character seen; rest of line ignored
.depend-ML:37: warning: NUL character seen; rest of line ignored
.depend-ML:38: warning: NUL character seen; rest of line ignored
.depend-ML:39: warning: NUL character seen; rest of line ignored
.depend-ML:40: warning: NUL character seen; rest of line ignored
.depend-ML:41: warning: NUL character seen; rest of line ignored
.depend-ML:42: warning: NUL character seen; rest of line ignored
.depend-ML:43: warning: NUL character seen; rest of line ignored
.depend-ML:44: warning: NUL character seen; rest of line ignored
.depend-ML:45: warning: NUL character seen; rest of line ignored
.depend-ML:46: warning: NUL character seen; rest of line ignored
.depend-ML:47: warning: NUL character seen; rest of line ignored
.depend-ML:48: warning: NUL character seen; rest of line ignored
.depend-ML:49: warning: NUL character seen; rest of line ignored
.depend-ML:50: warning: NUL character seen; rest of line ignored
.depend-ML:51: warning: NUL character seen; rest of line ignored
.depend-ML:52: warning: NUL character seen; rest of line ignored
.depend-ML:53: warning: NUL character seen; rest of line ignored
.depend-ML:54: warning: NUL character seen; rest of line ignored
.depend-ML:55: warning: NUL character seen; rest of line ignored
.depend-ML:56: warning: NUL character seen; rest of line ignored
.depend-ML:57: warning: NUL character seen; rest of line ignored
.depend-ML:58: warning: NUL character seen; rest of line ignored
.depend-ML:59: warning: NUL character seen; rest of line ignored
.depend-ML:60: warning: NUL character seen; rest of line ignored
.depend-ML:61: warning: NUL character seen; rest of line ignored
.depend-ML:62: warning: NUL character seen; rest of line ignored
.depend-ML:63: warning: NUL character seen; rest of line ignored
.depend-ML:64: warning: NUL character seen; rest of line ignored
.depend-ML:65: warning: NUL character seen; rest of line ignored
.depend-ML:66: warning: NUL character seen; rest of line ignored
.depend-ML:67: warning: NUL character seen; rest of line ignored
.depend-ML:68: warning: NUL character seen; rest of line ignored
.depend-ML:69: warning: NUL character seen; rest of line ignored
.depend-ML:70: warning: NUL character seen; rest of line ignored
.depend-ML:71: warning: NUL character seen; rest of line ignored
.depend-ML:72: warning: NUL character seen; rest of line ignored
.depend-ML:73: warning: NUL character seen; rest of line ignored
.depend-ML:74: warning: NUL character seen; rest of line ignored
.depend-ML:75: warning: NUL character seen; rest of line ignored
.depend-ML:76: warning: NUL character seen; rest of line ignored
.depend-ML:77: warning: NUL character seen; rest of line ignored
.depend-ML:78: warning: NUL character seen; rest of line ignored
.depend-ML:79: warning: NUL character seen; rest of line ignored
.depend-ML:80: warning: NUL character seen; rest of line ignored
.depend-ML:81: warning: NUL character seen; rest of line ignored
.depend-ML:82: warning: NUL character seen; rest of line ignored
.depend-ML:83: warning: NUL character seen; rest of line ignored
.depend-ML:84: warning: NUL character seen; rest of line ignored
.depend-ML:85: warning: NUL character seen; rest of line ignored
.depend-ML:86: warning: NUL character seen; rest of line ignored
.depend-ML:87: warning: NUL character seen; rest of line ignored
.depend-ML:88: warning: NUL character seen; rest of line ignored
.depend-ML:89: warning: NUL character seen; rest of line ignored
.depend-ML:90: warning: NUL character seen; rest of line ignored
.depend-ML:91: warning: NUL character seen; rest of line ignored
.depend-ML:92: warning: NUL character seen; rest of line ignored
.depend-ML:93: warning: NUL character seen; rest of line ignored
.depend-ML:94: warning: NUL character seen; rest of line ignored
.depend-ML:95: warning: NUL character seen; rest of line ignored
.depend-ML:96: warning: NUL character seen; rest of line ignored
.depend-ML:97: warning: NUL character seen; rest of line ignored
.depend-ML:98: warning: NUL character seen; rest of line ignored
.depend-ML:99: warning: NUL character seen; rest of line ignored
.depend-ML:100: warning: NUL character seen; rest of line ignored
.depend-ML:101: warning: NUL character seen; rest of line ignored
.depend-ML:102: warning: NUL character seen; rest of line ignored
.depend-ML:103: warning: NUL character seen; rest of line ignored
.depend-ML:104: warning: NUL character seen; rest of line ignored
.depend-ML:105: warning: NUL character seen; rest of line ignored
.depend-ML:106: warning: NUL character seen; rest of line ignored
.depend-ML:107: warning: NUL character seen; rest of line ignored
.depend-ML:108: warning: NUL character seen; rest of line ignored
.depend-ML:109: warning: NUL character seen; rest of line ignored
.depend-ML:110: warning: NUL character seen; rest of line ignored
.depend-ML:111: warning: NUL character seen; rest of line ignored
.depend-ML:112: warning: NUL character seen; rest of line ignored
.depend-ML:113: warning: NUL character seen; rest of line ignored
.depend-ML:114: warning: NUL character seen; rest of line ignored
.depend-ML:115: warning: NUL character seen; rest of line ignored
.depend-ML:116: warning: NUL character seen; rest of line ignored
.depend-ML:117: warning: NUL character seen; rest of line ignored
.depend-ML:118: warning: NUL character seen; rest of line ignored
.depend-ML:119: warning: NUL character seen; rest of line ignored
.depend-ML:120: warning: NUL character seen; rest of line ignored
.depend-ML:121: warning: NUL character seen; rest of line ignored
.depend-ML:122: warning: NUL character seen; rest of line ignored
.depend-ML:123: warning: NUL character seen; rest of line ignored
.depend-ML:124: warning: NUL character seen; rest of line ignored
.depend-ML:125: warning: NUL character seen; rest of line ignored
.depend-ML:126: warning: NUL character seen; rest of line ignored
.depend-ML:127: warning: NUL character seen; rest of line ignored
.depend-ML:128: warning: NUL character seen; rest of line ignored
.depend-ML:129: warning: NUL character seen; rest of line ignored
.depend-ML:130: warning: NUL character seen; rest of line ignored
.depend-ML:131: warning: NUL character seen; rest of line ignored
.depend-ML:132: warning: NUL character seen; rest of line ignored
.depend-ML:133: warning: NUL character seen; rest of line ignored
.depend-ML:134: warning: NUL character seen; rest of line ignored
.depend-ML:135: warning: NUL character seen; rest of line ignored
.depend-ML:136: warning: NUL character seen; rest of line ignored
.depend-ML:137: warning: NUL character seen; rest of line ignored
.depend-ML:138: warning: NUL character seen; rest of line ignored
.depend-ML:139: warning: NUL character seen; rest of line ignored
.depend-ML:140: warning: NUL character seen; rest of line ignored
.depend-ML:141: warning: NUL character seen; rest of line ignored
.depend-ML:142: warning: NUL character seen; rest of line ignored
.depend-ML:143: warning: NUL character seen; rest of line ignored
.depend-ML:144: warning: NUL character seen; rest of line ignored
.depend-ML:145: warning: NUL character seen; rest of line ignored
.depend-ML:146: warning: NUL character seen; rest of line ignored
.depend-ML:147: warning: NUL character seen; rest of line ignored
.depend-ML:148: warning: NUL character seen; rest of line ignored
.depend-ML:149: warning: NUL character seen; rest of line ignored
.depend-ML:150: warning: NUL character seen; rest of line ignored
.depend-ML:151: warning: NUL character seen; rest of line ignored
.depend-ML:152: warning: NUL character seen; rest of line ignored
.depend-ML:153: warning: NUL character seen; rest of line ignored
.depend-ML:154: warning: NUL character seen; rest of line ignored
.depend-ML:155: warning: NUL character seen; rest of line ignored
.depend-ML:156: warning: NUL character seen; rest of line ignored
.depend-ML:157: warning: NUL character seen; rest of line ignored
.depend-ML:158: warning: NUL character seen; rest of line ignored
.depend-ML:159: warning: NUL character seen; rest of line ignored
.depend-ML:160: warning: NUL character seen; rest of line ignored
.depend-ML:161: warning: NUL character seen; rest of line ignored
.depend-ML:162: warning: NUL character seen; rest of line ignored
.depend-ML:163: warning: NUL character seen; rest of line ignored
.depend-ML:164: warning: NUL character seen; rest of line ignored
.depend-ML:165: warning: NUL character seen; rest of line ignored
.depend-ML:166: warning: NUL character seen; rest of line ignored
.depend-ML:167: warning: NUL character seen; rest of line ignored
.depend-ML:168: warning: NUL character seen; rest of line ignored
.depend-ML:169: warning: NUL character seen; rest of line ignored
.depend-ML:170: warning: NUL character seen; rest of line ignored
.depend-ML:171: warning: NUL character seen; rest of line ignored
.depend-ML:172: warning: NUL character seen; rest of line ignored
.depend-ML:173: warning: NUL character seen; rest of line ignored
.depend-ML:174: warning: NUL character seen; rest of line ignored
.depend-ML:175: warning: NUL character seen; rest of line ignored
.depend-ML:176: warning: NUL character seen; rest of line ignored
.depend-ML:177: warning: NUL character seen; rest of line ignored
.depend-ML:178: warning: NUL character seen; rest of line ignored
.depend-ML:179: warning: NUL character seen; rest of line ignored
.depend-ML:180: warning: NUL character seen; rest of line ignored
.depend-ML:181: warning: NUL character seen; rest of line ignored
.depend-ML:182: warning: NUL character seen; rest of line ignored
.depend-ML:183: warning: NUL character seen; rest of line ignored
.depend-ML:184: warning: NUL character seen; rest of line ignored
.depend-ML:185: warning: NUL character seen; rest of line ignored
.depend-ML:186: warning: NUL character seen; rest of line ignored
.depend-ML:187: warning: NUL character seen; rest of line ignored
.depend-ML:188: warning: NUL character seen; rest of line ignored
.depend-ML:189: warning: NUL character seen; rest of line ignored
.depend-ML:190: warning: NUL character seen; rest of line ignored
.depend-ML:191: warning: NUL character seen; rest of line ignored
.depend-ML:192: warning: NUL character seen; rest of line ignored
.depend-ML:193: warning: NUL character seen; rest of line ignored
.depend-ML:194: warning: NUL character seen; rest of line ignored
.depend-ML:195: warning: NUL character seen; rest of line ignored
.depend-ML:196: warning: NUL character seen; rest of line ignored
.depend-ML:197: warning: NUL character seen; rest of line ignored
.depend-ML:198: warning: NUL character seen; rest of line ignored
.depend-ML:199: warning: NUL character seen; rest of line ignored
.depend-ML:200: warning: NUL character seen; rest of line ignored
.depend-ML:201: warning: NUL character seen; rest of line ignored
.depend-ML:202: warning: NUL character seen; rest of line ignored
.depend-ML:203: warning: NUL character seen; rest of line ignored
.depend-ML:204: warning: NUL character seen; rest of line ignored
.depend-ML:205: warning: NUL character seen; rest of line ignored
.depend-ML:206: warning: NUL character seen; rest of line ignored
.depend-ML:207: warning: NUL character seen; rest of line ignored
.depend-ML:208: warning: NUL character seen; rest of line ignored
.depend-ML:209: warning: NUL character seen; rest of line ignored
.depend-ML:210: warning: NUL character seen; rest of line ignored
.depend-ML:211: warning: NUL character seen; rest of line ignored
.depend-ML:212: warning: NUL character seen; rest of line ignored
.depend-ML:213: warning: NUL character seen; rest of line ignored
.depend-ML:214: warning: NUL character seen; rest of line ignored
.depend-ML:215: warning: NUL character seen; rest of line ignored
.depend-ML:216: warning: NUL character seen; rest of line ignored
.depend-ML:217: warning: NUL character seen; rest of line ignored
.depend-ML:218: warning: NUL character seen; rest of line ignored
.depend-ML:219: warning: NUL character seen; rest of line ignored
.depend-ML:220: warning: NUL character seen; rest of line ignored
.depend-ML:221: warning: NUL character seen; rest of line ignored
.depend-ML:222: warning: NUL character seen; rest of line ignored
.depend-ML:223: warning: NUL character seen; rest of line ignored
.depend-ML:224: warning: NUL character seen; rest of line ignored
.depend-ML:225: warning: NUL character seen; rest of line ignored
.depend-ML:226: warning: NUL character seen; rest of line ignored
.depend-ML:227: warning: NUL character seen; rest of line ignored
.depend-ML:228: warning: NUL character seen; rest of line ignored
.depend-ML:229: warning: NUL character seen; rest of line ignored
.depend-ML:230: warning: NUL character seen; rest of line ignored
.depend-ML:231: warning: NUL character seen; rest of line ignored
.depend-ML:232: warning: NUL character seen; rest of line ignored
.depend-ML:233: warning: NUL character seen; rest of line ignored
.depend-ML:234: warning: NUL character seen; rest of line ignored
.depend-ML:235: warning: NUL character seen; rest of line ignored
.depend-ML:236: warning: NUL character seen; rest of line ignored
.depend-ML:237: warning: NUL character seen; rest of line ignored
.depend-ML:238: warning: NUL character seen; rest of line ignored
.depend-ML:239: warning: NUL character seen; rest of line ignored
.depend-ML:240: warning: NUL character seen; rest of line ignored
.depend-ML:241: warning: NUL character seen; rest of line ignored
.depend-ML:242: warning: NUL character seen; rest of line ignored
.depend-ML:243: warning: NUL character seen; rest of line ignored
.depend-ML:244: warning: NUL character seen; rest of line ignored
.depend-ML:245: warning: NUL character seen; rest of line ignored
.depend-ML:246: warning: NUL character seen; rest of line ignored
.depend-ML:247: warning: NUL character seen; rest of line ignored
.depend-ML:248: warning: NUL character seen; rest of line ignored
.depend-ML:249: warning: NUL character seen; rest of line ignored
.depend-ML:250: warning: NUL character seen; rest of line ignored
.depend-ML:251: warning: NUL character seen; rest of line ignored
.depend-ML:252: warning: NUL character seen; rest of line ignored
.depend-ML:253: warning: NUL character seen; rest of line ignored
.depend-ML:254: warning: NUL character seen; rest of line ignored
.depend-ML:255: warning: NUL character seen; rest of line ignored
.depend-ML:256: warning: NUL character seen; rest of line ignored
.depend-ML:257: warning: NUL character seen; rest of line ignored
.depend-ML:258: warning: NUL character seen; rest of line ignored
.depend-ML:259: warning: NUL character seen; rest of line ignored
.depend-ML:260: warning: NUL character seen; rest of line ignored
.depend-ML:261: warning: NUL character seen; rest of line ignored
.depend-ML:262: warning: NUL character seen; rest of line ignored
.depend-ML:263: warning: NUL character seen; rest of line ignored
.depend-ML:264: warning: NUL character seen; rest of line ignored
.depend-ML:265: warning: NUL character seen; rest of line ignored
.depend-ML:266: warning: NUL character seen; rest of line ignored
.depend-ML:267: warning: NUL character seen; rest of line ignored
.depend-ML:268: warning: NUL character seen; rest of line ignored
.depend-ML:269: warning: NUL character seen; rest of line ignored
.depend-ML:270: warning: NUL character seen; rest of line ignored
.depend-ML:271: warning: NUL character seen; rest of line ignored
.depend-ML:272: warning: NUL character seen; rest of line ignored
.depend-ML:273: warning: NUL character seen; rest of line ignored
.depend-ML:274: warning: NUL character seen; rest of line ignored
.depend-ML:275: warning: NUL character seen; rest of line ignored
.depend-ML:276: warning: NUL character seen; rest of line ignored
.depend-ML:277: warning: NUL character seen; rest of line ignored
.depend-ML:278: warning: NUL character seen; rest of line ignored
.depend-ML:279: warning: NUL character seen; rest of line ignored
.depend-ML:280: warning: NUL character seen; rest of line ignored
.depend-ML:281: warning: NUL character seen; rest of line ignored
.depend-ML:282: warning: NUL character seen; rest of line ignored
.depend-ML:283: warning: NUL character seen; rest of line ignored
.depend-ML:284: warning: NUL character seen; rest of line ignored
.depend-ML:285: warning: NUL character seen; rest of line ignored
.depend-ML:286: warning: NUL character seen; rest of line ignored
.depend-ML:287: warning: NUL character seen; rest of line ignored
.depend-ML:288: warning: NUL character seen; rest of line ignored
.depend-ML:289: warning: NUL character seen; rest of line ignored
.depend-ML:290: warning: NUL character seen; rest of line ignored
.depend-ML:291: warning: NUL character seen; rest of line ignored
.depend-ML:292: warning: NUL character seen; rest of line ignored
.depend-ML:293: warning: NUL character seen; rest of line ignored
.depend-ML:294: warning: NUL character seen; rest of line ignored
.depend-ML:295: warning: NUL character seen; rest of line ignored
.depend-ML:296: warning: NUL character seen; rest of line ignored
.depend-ML:297: warning: NUL character seen; rest of line ignored
.depend-ML:298: warning: NUL character seen; rest of line ignored
.depend-ML:299: warning: NUL character seen; rest of line ignored
.depend-ML:300: warning: NUL character seen; rest of line ignored
.depend-ML:301: warning: NUL character seen; rest of line ignored
.depend-ML:302: warning: NUL character seen; rest of line ignored
.depend-ML:303: warning: NUL character seen; rest of line ignored
.depend-ML:304: warning: NUL character seen; rest of line ignored
.depend-ML:305: warning: NUL character seen; rest of line ignored
.depend-ML:306: warning: NUL character seen; rest of line ignored
.depend-ML:307: warning: NUL character seen; rest of line ignored
.depend-ML:308: warning: NUL character seen; rest of line ignored
.depend-ML:309: warning: NUL character seen; rest of line ignored
.depend-ML:310: warning: NUL character seen; rest of line ignored
.depend-ML:311: warning: NUL character seen; rest of line ignored
.depend-ML:312: warning: NUL character seen; rest of line ignored
.depend-ML:313: warning: NUL character seen; rest of line ignored
.depend-ML:314: warning: NUL character seen; rest of line ignored
.depend-ML:315: warning: NUL character seen; rest of line ignored
.depend-ML:316: warning: NUL character seen; rest of line ignored
.depend-ML:317: warning: NUL character seen; rest of line ignored
.depend-ML:318: warning: NUL character seen; rest of line ignored
.depend-ML:319: warning: NUL character seen; rest of line ignored
.depend-ML:320: warning: NUL character seen; rest of line ignored
.depend-ML:321: warning: NUL character seen; rest of line ignored
.depend-ML:322: warning: NUL character seen; rest of line ignored
.depend-ML:323: warning: NUL character seen; rest of line ignored
.depend-ML:324: warning: NUL character seen; rest of line ignored
.depend-ML:325: warning: NUL character seen; rest of line ignored
.depend-ML:326: warning: NUL character seen; rest of line ignored
.depend-ML:327: warning: NUL character seen; rest of line ignored
.depend-ML:328: warning: NUL character seen; rest of line ignored
.depend-ML:329: warning: NUL character seen; rest of line ignored
.depend-ML:330: warning: NUL character seen; rest of line ignored
.depend-ML:331: warning: NUL character seen; rest of line ignored
.depend-ML:332: warning: NUL character seen; rest of line ignored
.depend-ML:333: warning: NUL character seen; rest of line ignored
.depend-ML:334: warning: NUL character seen; rest of line ignored
.depend-ML:335: warning: NUL character seen; rest of line ignored
.depend-ML:336: warning: NUL character seen; rest of line ignored
.depend-ML:337: warning: NUL character seen; rest of line ignored
.depend-ML:338: warning: NUL character seen; rest of line ignored
.depend-ML:339: warning: NUL character seen; rest of line ignored
.depend-ML:340: warning: NUL character seen; rest of line ignored
.depend-ML:341: warning: NUL character seen; rest of line ignored
.depend-ML:342: warning: NUL character seen; rest of line ignored
.depend-ML:343: warning: NUL character seen; rest of line ignored
.depend-ML:344: warning: NUL character seen; rest of line ignored
.depend-ML:345: warning: NUL character seen; rest of line ignored
.depend-ML:346: warning: NUL character seen; rest of line ignored
.depend-ML:347: warning: NUL character seen; rest of line ignored
.depend-ML:348: warning: NUL character seen; rest of line ignored
.depend-ML:349: warning: NUL character seen; rest of line ignored
.depend-ML:350: warning: NUL character seen; rest of line ignored
.depend-ML:351: warning: NUL character seen; rest of line ignored
.depend-ML:352: warning: NUL character seen; rest of line ignored
.depend-ML:353: warning: NUL character seen; rest of line ignored
.depend-ML:354: warning: NUL character seen; rest of line ignored
.depend-ML:355: warning: NUL character seen; rest of line ignored
.depend-ML:356: warning: NUL character seen; rest of line ignored
.depend-ML:357: warning: NUL character seen; rest of line ignored
.depend-ML:358: warning: NUL character seen; rest of line ignored
.depend-ML:359: warning: NUL character seen; rest of line ignored
.depend-ML:360: warning: NUL character seen; rest of line ignored
.depend-ML:361: warning: NUL character seen; rest of line ignored
.depend-ML:362: warning: NUL character seen; rest of line ignored
.depend-ML:363: warning: NUL character seen; rest of line ignored
.depend-ML:364: warning: NUL character seen; rest of line ignored
.depend-ML:365: warning: NUL character seen; rest of line ignored
.depend-ML:366: warning: NUL character seen; rest of line ignored
.depend-ML:367: warning: NUL character seen; rest of line ignored
.depend-ML:368: warning: NUL character seen; rest of line ignored
.depend-ML:369: warning: NUL character seen; rest of line ignored
.depend-ML:370: warning: NUL character seen; rest of line ignored
.depend-ML:371: warning: NUL character seen; rest of line ignored
.depend-ML:372: warning: NUL character seen; rest of line ignored
.depend-ML:373: warning: NUL character seen; rest of line ignored
.depend-ML:374: warning: NUL character seen; rest of line ignored
.depend-ML:375: warning: NUL character seen; rest of line ignored
.depend-ML:376: warning: NUL character seen; rest of line ignored
.depend-ML:377: warning: NUL character seen; rest of line ignored
.depend-ML:378: warning: NUL character seen; rest of line ignored
.depend-ML:379: warning: NUL character seen; rest of line ignored
.depend-ML:380: warning: NUL character seen; rest of line ignored
.depend-ML:381: warning: NUL character seen; rest of line ignored
.depend-ML:382: warning: NUL character seen; rest of line ignored
.depend-ML:383: warning: NUL character seen; rest of line ignored
.depend-ML:384: warning: NUL character seen; rest of line ignored
.depend-ML:385: warning: NUL character seen; rest of line ignored
.depend-ML:386: warning: NUL character seen; rest of line ignored
.depend-ML:387: warning: NUL character seen; rest of line ignored
.depend-ML:388: warning: NUL character seen; rest of line ignored
.depend-ML:389: warning: NUL character seen; rest of line ignored
.depend-ML:390: warning: NUL character seen; rest of line ignored
.depend-ML:391: warning: NUL character seen; rest of line ignored
.depend-ML:392: warning: NUL character seen; rest of line ignored
.depend-ML:393: warning: NUL character seen; rest of line ignored
.depend-ML:394: warning: NUL character seen; rest of line ignored
.depend-ML:395: warning: NUL character seen; rest of line ignored
.depend-ML:396: warning: NUL character seen; rest of line ignored
.depend-ML:397: warning: NUL character seen; rest of line ignored
.depend-ML:398: warning: NUL character seen; rest of line ignored
.depend-ML:399: warning: NUL character seen; rest of line ignored
.depend-ML:400: warning: NUL character seen; rest of line ignored
.depend-ML:401: warning: NUL character seen; rest of line ignored
.depend-ML:402: warning: NUL character seen; rest of line ignored
.depend-ML:403: warning: NUL character seen; rest of line ignored
.depend-ML:404: warning: NUL character seen; rest of line ignored
.depend-ML:405: warning: NUL character seen; rest of line ignored
.depend-ML:406: warning: NUL character seen; rest of line ignored
.depend-ML:407: warning: NUL character seen; rest of line ignored
.depend-ML:408: warning: NUL character seen; rest of line ignored
.depend-ML:409: warning: NUL character seen; rest of line ignored
.depend-ML:410: warning: NUL character seen; rest of line ignored
.depend-ML:411: warning: NUL character seen; rest of line ignored
.depend-ML:412: warning: NUL character seen; rest of line ignored
.depend-ML:413: warning: NUL character seen; rest of line ignored
.depend-ML:414: warning: NUL character seen; rest of line ignored
.depend-ML:415: warning: NUL character seen; rest of line ignored
.depend-ML:416: warning: NUL character seen; rest of line ignored
.depend-ML:417: warning: NUL character seen; rest of line ignored
.depend-ML:418: warning: NUL character seen; rest of line ignored
.depend-ML:419: warning: NUL character seen; rest of line ignored
.depend-ML:420: warning: NUL character seen; rest of line ignored
.depend-ML:421: warning: NUL character seen; rest of line ignored
.depend-ML:422: warning: NUL character seen; rest of line ignored
.depend-ML:423: warning: NUL character seen; rest of line ignored
.depend-ML:424: warning: NUL character seen; rest of line ignored
.depend-ML:425: warning: NUL character seen; rest of line ignored
.depend-ML:426: warning: NUL character seen; rest of line ignored
.depend-ML:427: warning: NUL character seen; rest of line ignored
.depend-ML:428: warning: NUL character seen; rest of line ignored
.depend-ML:429: warning: NUL character seen; rest of line ignored
.depend-ML:430: warning: NUL character seen; rest of line ignored
.depend-ML:431: warning: NUL character seen; rest of line ignored
.depend-ML:432: warning: NUL character seen; rest of line ignored
.depend-ML:433: warning: NUL character seen; rest of line ignored
.depend-ML:434: warning: NUL character seen; rest of line ignored
.depend-ML:435: warning: NUL character seen; rest of line ignored
.depend-ML:436: warning: NUL character seen; rest of line ignored
.depend-ML:437: warning: NUL character seen; rest of line ignored
.depend-ML:438: warning: NUL character seen; rest of line ignored
.depend-ML:439: warning: NUL character seen; rest of line ignored
.depend-ML:440: warning: NUL character seen; rest of line ignored
.depend-ML:441: warning: NUL character seen; rest of line ignored
.depend-ML:442: warning: NUL character seen; rest of line ignored
.depend-ML:443: warning: NUL character seen; rest of line ignored
.depend-ML:444: warning: NUL character seen; rest of line ignored
.depend-ML:445: warning: NUL character seen; rest of line ignored
.depend-ML:446: warning: NUL character seen; rest of line ignored
.depend-ML:447: warning: NUL character seen; rest of line ignored
.depend-ML:448: warning: NUL character seen; rest of line ignored
.depend-ML:449: warning: NUL character seen; rest of line ignored
.depend-ML:450: warning: NUL character seen; rest of line ignored
.depend-ML:451: warning: NUL character seen; rest of line ignored
.depend-ML:452: warning: NUL character seen; rest of line ignored
.depend-ML:453: warning: NUL character seen; rest of line ignored
.depend-ML:454: warning: NUL character seen; rest of line ignored
.depend-ML:455: warning: NUL character seen; rest of line ignored
.depend-ML:456: warning: NUL character seen; rest of line ignored
.depend-ML:457: warning: NUL character seen; rest of line ignored
.depend-ML:458: warning: NUL character seen; rest of line ignored
.depend-ML:459: warning: NUL character seen; rest of line ignored
.depend-ML:460: warning: NUL character seen; rest of line ignored
.depend-ML:461: warning: NUL character seen; rest of line ignored
.depend-ML:462: warning: NUL character seen; rest of line ignored
.depend-ML:463: warning: NUL character seen; rest of line ignored
.depend-ML:464: warning: NUL character seen; rest of line ignored
.depend-ML:465: warning: NUL character seen; rest of line ignored
.depend-ML:466: warning: NUL character seen; rest of line ignored
.depend-ML:467: warning: NUL character seen; rest of line ignored
.depend-ML:468: warning: NUL character seen; rest of line ignored
.depend-ML:469: warning: NUL character seen; rest of line ignored
.depend-ML:470: warning: NUL character seen; rest of line ignored
.depend-ML:471: warning: NUL character seen; rest of line ignored
.depend-ML:472: warning: NUL character seen; rest of line ignored
.depend-ML:473: warning: NUL character seen; rest of line ignored
.depend-ML:474: warning: NUL character seen; rest of line ignored
.depend-ML:475: warning: NUL character seen; rest of line ignored
.depend-ML:476: warning: NUL character seen; rest of line ignored
.depend-ML:477: warning: NUL character seen; rest of line ignored
.depend-ML:478: warning: NUL character seen; rest of line ignored
.depend-ML:479: warning: NUL character seen; rest of line ignored
.depend-ML:480: warning: NUL character seen; rest of line ignored
.depend-ML:481: warning: NUL character seen; rest of line ignored
.depend-ML:482: warning: NUL character seen; rest of line ignored
.depend-ML:483: warning: NUL character seen; rest of line ignored
.depend-ML:484: warning: NUL character seen; rest of line ignored
.depend-ML:485: warning: NUL character seen; rest of line ignored
.depend-ML:486: warning: NUL character seen; rest of line ignored
.depend-ML:487: warning: NUL character seen; rest of line ignored
.depend-ML:488: warning: NUL character seen; rest of line ignored
.depend-ML:489: warning: NUL character seen; rest of line ignored
.depend-ML:490: warning: NUL character seen; rest of line ignored
.depend-ML:491: warning: NUL character seen; rest of line ignored
.depend-ML:492: warning: NUL character seen; rest of line ignored
.depend-ML:493: warning: NUL character seen; rest of line ignored
.depend-ML:494: warning: NUL character seen; rest of line ignored
.depend-ML:495: warning: NUL character seen; rest of line ignored
.depend-ML:496: warning: NUL character seen; rest of line ignored
.depend-ML:497: warning: NUL character seen; rest of line ignored
.depend-ML:498: warning: NUL character seen; rest of line ignored
.depend-ML:499: warning: NUL character seen; rest of line ignored
.depend-ML:500: warning: NUL character seen; rest of line ignored
.depend-ML:501: warning: NUL character seen; rest of line ignored
.depend-ML:502: warning: NUL character seen; rest of line ignored
.depend-ML:503: warning: NUL character seen; rest of line ignored
.depend-ML:504: warning: NUL character seen; rest of line ignored
.depend-ML:505: warning: NUL character seen; rest of line ignored
.depend-ML:506: warning: NUL character seen; rest of line ignored
.depend-ML:507: warning: NUL character seen; rest of line ignored
.depend-ML:508: warning: NUL character seen; rest of line ignored
.depend-ML:509: warning: NUL character seen; rest of line ignored
.depend-ML:510: warning: NUL character seen; rest of line ignored
.depend-ML:511: warning: NUL character seen; rest of line ignored
.depend-ML:512: warning: NUL character seen; rest of line ignored
.depend-ML:513: warning: NUL character seen; rest of line ignored
.depend-ML:514: warning: NUL character seen; rest of line ignored
.depend-ML:515: warning: NUL character seen; rest of line ignored
.depend-ML:516: warning: NUL character seen; rest of line ignored
.depend-ML:517: warning: NUL character seen; rest of line ignored
.depend-ML:518: warning: NUL character seen; rest of line ignored
.depend-ML:519: warning: NUL character seen; rest of line ignored
.depend-ML:520: warning: NUL character seen; rest of line ignored
.depend-ML:521: warning: NUL character seen; rest of line ignored
.depend-ML:522: warning: NUL character seen; rest of line ignored
.depend-ML:523: warning: NUL character seen; rest of line ignored
.depend-ML:524: warning: NUL character seen; rest of line ignored
.depend-ML:525: warning: NUL character seen; rest of line ignored
.depend-ML:526: warning: NUL character seen; rest of line ignored
.depend-ML:527: warning: NUL character seen; rest of line ignored
.depend-ML:528: warning: NUL character seen; rest of line ignored
.depend-ML:529: warning: NUL character seen; rest of line ignored
.depend-ML:530: warning: NUL character seen; rest of line ignored
.depend-ML:531: warning: NUL character seen; rest of line ignored
.depend-ML:532: warning: NUL character seen; rest of line ignored
.depend-ML:533: warning: NUL character seen; rest of line ignored
.depend-ML:534: warning: NUL character seen; rest of line ignored
.depend-ML:535: warning: NUL character seen; rest of line ignored
.depend-ML:536: warning: NUL character seen; rest of line ignored
.depend-ML:537: warning: NUL character seen; rest of line ignored
.depend-ML:538: warning: NUL character seen; rest of line ignored
.depend-ML:539: warning: NUL character seen; rest of line ignored
.depend-ML:540: warning: NUL character seen; rest of line ignored
.depend-ML:541: warning: NUL character seen; rest of line ignored
.depend-ML:542: warning: NUL character seen; rest of line ignored
.depend-ML:543: warning: NUL character seen; rest of line ignored
.depend-ML:544: warning: NUL character seen; rest of line ignored
.depend-ML:545: warning: NUL character seen; rest of line ignored
.depend-ML:546: warning: NUL character seen; rest of line ignored
.depend-ML:547: warning: NUL character seen; rest of line ignored
.depend-ML:548: warning: NUL character seen; rest of line ignored
.depend-ML:549: warning: NUL character seen; rest of line ignored
.depend-ML:550: warning: NUL character seen; rest of line ignored
.depend-ML:551: warning: NUL character seen; rest of line ignored
.depend-ML:552: warning: NUL character seen; rest of line ignored
.depend-ML:553: warning: NUL character seen; rest of line ignored
.depend-ML:554: warning: NUL character seen; rest of line ignored
.depend-ML:555: warning: NUL character seen; rest of line ignored
.depend-ML:556: warning: NUL character seen; rest of line ignored
.depend-ML:557: warning: NUL character seen; rest of line ignored
.depend-ML:558: warning: NUL character seen; rest of line ignored
.depend-ML:559: warning: NUL character seen; rest of line ignored
.depend-ML:560: warning: NUL character seen; rest of line ignored
.depend-ML:561: warning: NUL character seen; rest of line ignored
.depend-ML:562: warning: NUL character seen; rest of line ignored
.depend-ML:563: warning: NUL character seen; rest of line ignored
.depend-ML:564: warning: NUL character seen; rest of line ignored
.depend-ML:565: warning: NUL character seen; rest of line ignored
.depend-ML:566: warning: NUL character seen; rest of line ignored
.depend-ML:567: warning: NUL character seen; rest of line ignored
.depend-ML:568: warning: NUL character seen; rest of line ignored
.depend-ML:569: warning: NUL character seen; rest of line ignored
.depend-ML:570: warning: NUL character seen; rest of line ignored
.depend-ML:571: warning: NUL character seen; rest of line ignored
.depend-ML:572: warning: NUL character seen; rest of line ignored
.depend-ML:573: warning: NUL character seen; rest of line ignored
.depend-ML:574: warning: NUL character seen; rest of line ignored
.depend-ML:575: warning: NUL character seen; rest of line ignored
.depend-ML:576: warning: NUL character seen; rest of line ignored
.depend-ML:577: warning: NUL character seen; rest of line ignored
.depend-ML:578: warning: NUL character seen; rest of line ignored
.depend-ML:579: warning: NUL character seen; rest of line ignored
.depend-ML:580: warning: NUL character seen; rest of line ignored
.depend-ML:581: warning: NUL character seen; rest of line ignored
.depend-ML:582: warning: NUL character seen; rest of line ignored
.depend-ML:583: warning: NUL character seen; rest of line ignored
.depend-ML:584: warning: NUL character seen; rest of line ignored
.depend-ML:585: warning: NUL character seen; rest of line ignored
.depend-ML:586: warning: NUL character seen; rest of line ignored
.depend-ML:587: warning: NUL character seen; rest of line ignored
.depend-ML:588: warning: NUL character seen; rest of line ignored
.depend-ML:589: warning: NUL character seen; rest of line ignored
.depend-ML:590: warning: NUL character seen; rest of line ignored
.depend-ML:591: warning: NUL character seen; rest of line ignored
.depend-ML:592: warning: NUL character seen; rest of line ignored
.depend-ML:593: warning: NUL character seen; rest of line ignored
.depend-ML:594: warning: NUL character seen; rest of line ignored
.depend-ML:595: warning: NUL character seen; rest of line ignored
.depend-ML:596: warning: NUL character seen; rest of line ignored
.depend-ML:597: warning: NUL character seen; rest of line ignored
.depend-ML:598: warning: NUL character seen; rest of line ignored
.depend-ML:599: warning: NUL character seen; rest of line ignored
.depend-ML:600: warning: NUL character seen; rest of line ignored
.depend-ML:601: warning: NUL character seen; rest of line ignored
.depend-ML:602: warning: NUL character seen; rest of line ignored
.depend-ML:603: warning: NUL character seen; rest of line ignored
.depend-ML:604: warning: NUL character seen; rest of line ignored
.depend-ML:605: warning: NUL character seen; rest of line ignored
.depend-ML:606: warning: NUL character seen; rest of line ignored
.depend-ML:607: warning: NUL character seen; rest of line ignored
.depend-ML:608: warning: NUL character seen; rest of line ignored
.depend-ML:609: warning: NUL character seen; rest of line ignored
.depend-ML:610: warning: NUL character seen; rest of line ignored
.depend-ML:611: warning: NUL character seen; rest of line ignored
.depend-ML:612: warning: NUL character seen; rest of line ignored
.depend-ML:613: warning: NUL character seen; rest of line ignored
.depend-ML:614: warning: NUL character seen; rest of line ignored
.depend-ML:615: warning: NUL character seen; rest of line ignored
.depend-ML:616: warning: NUL character seen; rest of line ignored
.depend-ML:617: warning: NUL character seen; rest of line ignored
.depend-ML:618: warning: NUL character seen; rest of line ignored
.depend-ML:619: warning: NUL character seen; rest of line ignored
.depend-ML:620: warning: NUL character seen; rest of line ignored
.depend-ML:621: warning: NUL character seen; rest of line ignored
.depend-ML:622: warning: NUL character seen; rest of line ignored
.depend-ML:623: warning: NUL character seen; rest of line ignored
.depend-ML:624: warning: NUL character seen; rest of line ignored
.depend-ML:625: warning: NUL character seen; rest of line ignored
.depend-ML:626: warning: NUL character seen; rest of line ignored
.depend-ML:627: warning: NUL character seen; rest of line ignored
.depend-ML:628: warning: NUL character seen; rest of line ignored
.depend-ML:629: warning: NUL character seen; rest of line ignored
.depend-ML:630: warning: NUL character seen; rest of line ignored
.depend-ML:631: warning: NUL character seen; rest of line ignored
.depend-ML:632: warning: NUL character seen; rest of line ignored
.depend-ML:633: warning: NUL character seen; rest of line ignored
.depend-ML:634: warning: NUL character seen; rest of line ignored
.depend-ML:635: warning: NUL character seen; rest of line ignored
.depend-ML:636: warning: NUL character seen; rest of line ignored
.depend-ML:637: warning: NUL character seen; rest of line ignored
.depend-ML:638: warning: NUL character seen; rest of line ignored
.depend-ML:639: warning: NUL character seen; rest of line ignored
.depend-ML:640: warning: NUL character seen; rest of line ignored
.depend-ML:641: warning: NUL character seen; rest of line ignored
.depend-ML:642: warning: NUL character seen; rest of line ignored
.depend-ML:643: warning: NUL character seen; rest of line ignored
.depend-ML:644: warning: NUL character seen; rest of line ignored
.depend-ML:645: warning: NUL character seen; rest of line ignored
.depend-ML:646: warning: NUL character seen; rest of line ignored
.depend-ML:647: warning: NUL character seen; rest of line ignored
.depend-ML:648: warning: NUL character seen; rest of line ignored
.depend-ML:649: warning: NUL character seen; rest of line ignored
.depend-ML:650: warning: NUL character seen; rest of line ignored
.depend-ML:651: warning: NUL character seen; rest of line ignored
.depend-ML:652: warning: NUL character seen; rest of line ignored
.depend-ML:653: warning: NUL character seen; rest of line ignored
.depend-ML:654: warning: NUL character seen; rest of line ignored
.depend-ML:655: warning: NUL character seen; rest of line ignored
.depend-ML:656: warning: NUL character seen; rest of line ignored
.depend-ML:657: warning: NUL character seen; rest of line ignored
.depend-ML:658: warning: NUL character seen; rest of line ignored
.depend-ML:659: warning: NUL character seen; rest of line ignored
.depend-ML:660: warning: NUL character seen; rest of line ignored
.depend-ML:661: warning: NUL character seen; rest of line ignored
.depend-ML:662: warning: NUL character seen; rest of line ignored
.depend-ML:663: warning: NUL character seen; rest of line ignored
.depend-ML:664: warning: NUL character seen; rest of line ignored
.depend-ML:665: warning: NUL character seen; rest of line ignored
.depend-ML:666: warning: NUL character seen; rest of line ignored
.depend-ML:667: warning: NUL character seen; rest of line ignored
.depend-ML:668: warning: NUL character seen; rest of line ignored
.depend-ML:669: warning: NUL character seen; rest of line ignored
.depend-ML:670: warning: NUL character seen; rest of line ignored
.depend-ML:671: warning: NUL character seen; rest of line ignored
.depend-ML:672: warning: NUL character seen; rest of line ignored
.depend-ML:673: warning: NUL character seen; rest of line ignored
.depend-ML:674: warning: NUL character seen; rest of line ignored
.depend-ML:675: warning: NUL character seen; rest of line ignored
.depend-ML:676: warning: NUL character seen; rest of line ignored
.depend-ML:677: warning: NUL character seen; rest of line ignored
.depend-ML:678: warning: NUL character seen; rest of line ignored
.depend-ML:679: warning: NUL character seen; rest of line ignored
.depend-ML:680: warning: NUL character seen; rest of line ignored
.depend-ML:681: warning: NUL character seen; rest of line ignored
.depend-ML:682: warning: NUL character seen; rest of line ignored
.depend-ML:683: warning: NUL character seen; rest of line ignored
.depend-ML:684: warning: NUL character seen; rest of line ignored
.depend-ML:685: warning: NUL character seen; rest of line ignored
.depend-ML:686: warning: NUL character seen; rest of line ignored
.depend-ML:687: warning: NUL character seen; rest of line ignored
.depend-ML:688: warning: NUL character seen; rest of line ignored
.depend-ML:689: warning: NUL character seen; rest of line ignored
.depend-ML:690: warning: NUL character seen; rest of line ignored
.depend-ML:691: warning: NUL character seen; rest of line ignored
.depend-ML:692: warning: NUL character seen; rest of line ignored
.depend-ML:693: warning: NUL character seen; rest of line ignored
.depend-ML:694: warning: NUL character seen; rest of line ignored
.depend-ML:695: warning: NUL character seen; rest of line ignored
.depend-ML:696: warning: NUL character seen; rest of line ignored
.depend-ML:697: warning: NUL character seen; rest of line ignored
.depend-ML:698: warning: NUL character seen; rest of line ignored
.depend-ML:699: warning: NUL character seen; rest of line ignored
.depend-ML:700: warning: NUL character seen; rest of line ignored
.depend-ML:701: warning: NUL character seen; rest of line ignored
.depend-ML:702: warning: NUL character seen; rest of line ignored
.depend-ML:703: warning: NUL character seen; rest of line ignored
.depend-ML:704: warning: NUL character seen; rest of line ignored
.depend-ML:705: warning: NUL character seen; rest of line ignored
.depend-ML:706: warning: NUL character seen; rest of line ignored
.depend-ML:707: warning: NUL character seen; rest of line ignored
.depend-ML:708: warning: NUL character seen; rest of line ignored
.depend-ML:709: warning: NUL character seen; rest of line ignored
.depend-ML:710: warning: NUL character seen; rest of line ignored
.depend-ML:711: warning: NUL character seen; rest of line ignored
.depend-ML:712: warning: NUL character seen; rest of line ignored
.depend-ML:713: warning: NUL character seen; rest of line ignored
.depend-ML:714: warning: NUL character seen; rest of line ignored
.depend-ML:715: warning: NUL character seen; rest of line ignored
.depend-ML:716: warning: NUL character seen; rest of line ignored
.depend-ML:717: warning: NUL character seen; rest of line ignored
.depend-ML:718: warning: NUL character seen; rest of line ignored
.depend-ML:719: warning: NUL character seen; rest of line ignored
.depend-ML:720: warning: NUL character seen; rest of line ignored
.depend-ML:721: warning: NUL character seen; rest of line ignored
.depend-ML:722: warning: NUL character seen; rest of line ignored
.depend-ML:723: warning: NUL character seen; rest of line ignored
.depend-ML:724: warning: NUL character seen; rest of line ignored
.depend-ML:725: warning: NUL character seen; rest of line ignored
.depend-ML:726: warning: NUL character seen; rest of line ignored
.depend-ML:727: warning: NUL character seen; rest of line ignored
.depend-ML:728: warning: NUL character seen; rest of line ignored
.depend-ML:729: warning: NUL character seen; rest of line ignored
.depend-ML:730: warning: NUL character seen; rest of line ignored
.depend-ML:731: warning: NUL character seen; rest of line ignored
.depend-ML:732: warning: NUL character seen; rest of line ignored
.depend-ML:733: warning: NUL character seen; rest of line ignored
.depend-ML:734: warning: NUL character seen; rest of line ignored
.depend-ML:735: warning: NUL character seen; rest of line ignored
.depend-ML:736: warning: NUL character seen; rest of line ignored
.depend-ML:737: warning: NUL character seen; rest of line ignored
.depend-ML:738: warning: NUL character seen; rest of line ignored
.depend-ML:739: warning: NUL character seen; rest of line ignored
.depend-ML:740: warning: NUL character seen; rest of line ignored
.depend-ML:741: warning: NUL character seen; rest of line ignored
.depend-ML:742: warning: NUL character seen; rest of line ignored
.depend-ML:743: warning: NUL character seen; rest of line ignored
.depend-ML:744: warning: NUL character seen; rest of line ignored
.depend-ML:745: warning: NUL character seen; rest of line ignored
.depend-ML:746: warning: NUL character seen; rest of line ignored
.depend-ML:747: warning: NUL character seen; rest of line ignored
.depend-ML:748: warning: NUL character seen; rest of line ignored
.depend-ML:749: warning: NUL character seen; rest of line ignored
.depend-ML:750: warning: NUL character seen; rest of line ignored
.depend-ML:751: warning: NUL character seen; rest of line ignored
.depend-ML:752: warning: NUL character seen; rest of line ignored
.depend-ML:753: warning: NUL character seen; rest of line ignored
.depend-ML:754: warning: NUL character seen; rest of line ignored
.depend-ML:755: warning: NUL character seen; rest of line ignored
.depend-ML:756: warning: NUL character seen; rest of line ignored
.depend-ML:757: warning: NUL character seen; rest of line ignored
.depend-ML:758: warning: NUL character seen; rest of line ignored
.depend-ML:759: warning: NUL character seen; rest of line ignored
.depend-ML:760: warning: NUL character seen; rest of line ignored
.depend-ML:761: warning: NUL character seen; rest of line ignored
.depend-ML:762: warning: NUL character seen; rest of line ignored
.depend-ML:763: warning: NUL character seen; rest of line ignored
.depend-ML:764: warning: NUL character seen; rest of line ignored
.depend-ML:765: warning: NUL character seen; rest of line ignored
.depend-ML:766: warning: NUL character seen; rest of line ignored
.depend-ML:767: warning: NUL character seen; rest of line ignored
.depend-ML:768: warning: NUL character seen; rest of line ignored
.depend-ML:769: warning: NUL character seen; rest of line ignored
.depend-ML:770: warning: NUL character seen; rest of line ignored
.depend-ML:771: warning: NUL character seen; rest of line ignored
.depend-ML:772: warning: NUL character seen; rest of line ignored
.depend-ML:773: warning: NUL character seen; rest of line ignored
.depend-ML:774: warning: NUL character seen; rest of line ignored
.depend-ML:775: warning: NUL character seen; rest of line ignored
.depend-ML:776: warning: NUL character seen; rest of line ignored
.depend-ML:777: warning: NUL character seen; rest of line ignored
.depend-ML:778: warning: NUL character seen; rest of line ignored
.depend-ML:779: warning: NUL character seen; rest of line ignored
.depend-ML:780: warning: NUL character seen; rest of line ignored
.depend-ML:781: warning: NUL character seen; rest of line ignored
.depend-ML:782: warning: NUL character seen; rest of line ignored
.depend-ML:783: warning: NUL character seen; rest of line ignored
.depend-ML:784: warning: NUL character seen; rest of line ignored
.depend-ML:785: warning: NUL character seen; rest of line ignored
.depend-ML:786: warning: NUL character seen; rest of line ignored
.depend-ML:787: warning: NUL character seen; rest of line ignored
.depend-ML:788: warning: NUL character seen; rest of line ignored
.depend-ML:789: warning: NUL character seen; rest of line ignored
.depend-ML:790: warning: NUL character seen; rest of line ignored
.depend-ML:791: warning: NUL character seen; rest of line ignored
.depend-ML:792: warning: NUL character seen; rest of line ignored
.depend-ML:793: warning: NUL character seen; rest of line ignored
.depend-ML:794: warning: NUL character seen; rest of line ignored
.depend-ML:795: warning: NUL character seen; rest of line ignored
.depend-ML:796: warning: NUL character seen; rest of line ignored
.depend-ML:797: warning: NUL character seen; rest of line ignored
.depend-ML:798: warning: NUL character seen; rest of line ignored
.depend-ML:799: warning: NUL character seen; rest of line ignored
.depend-ML:800: warning: NUL character seen; rest of line ignored
.depend-ML:801: warning: NUL character seen; rest of line ignored
.depend-ML:802: warning: NUL character seen; rest of line ignored
.depend-ML:803: warning: NUL character seen; rest of line ignored
.depend-ML:804: warning: NUL character seen; rest of line ignored
.depend-ML:805: warning: NUL character seen; rest of line ignored
.depend-ML:806: warning: NUL character seen; rest of line ignored
.depend-ML:807: warning: NUL character seen; rest of line ignored
.depend-ML:808: warning: NUL character seen; rest of line ignored
.depend-ML:809: warning: NUL character seen; rest of line ignored
.depend-ML:810: warning: NUL character seen; rest of line ignored
.depend-ML:811: warning: NUL character seen; rest of line ignored
.depend-ML:812: warning: NUL character seen; rest of line ignored
.depend-ML:813: warning: NUL character seen; rest of line ignored
.depend-ML:814: warning: NUL character seen; rest of line ignored
.depend-ML:815: warning: NUL character seen; rest of line ignored
.depend-ML:816: warning: NUL character seen; rest of line ignored
.depend-ML:817: warning: NUL character seen; rest of line ignored
.depend-ML:818: warning: NUL character seen; rest of line ignored
.depend-ML:819: warning: NUL character seen; rest of line ignored
.depend-ML:820: warning: NUL character seen; rest of line ignored
.depend-ML:821: warning: NUL character seen; rest of line ignored
.depend-ML:822: warning: NUL character seen; rest of line ignored
.depend-ML:823: warning: NUL character seen; rest of line ignored
.depend-ML:824: warning: NUL character seen; rest of line ignored
.depend-ML:825: warning: NUL character seen; rest of line ignored
.depend-ML:826: warning: NUL character seen; rest of line ignored
.depend-ML:827: warning: NUL character seen; rest of line ignored
.depend-ML:828: warning: NUL character seen; rest of line ignored
.depend-ML:829: warning: NUL character seen; rest of line ignored
.depend-ML:830: warning: NUL character seen; rest of line ignored
.depend-ML:831: warning: NUL character seen; rest of line ignored
.depend-ML:832: warning: NUL character seen; rest of line ignored
.depend-ML:833: warning: NUL character seen; rest of line ignored
.depend-ML:834: warning: NUL character seen; rest of line ignored
.depend-ML:835: warning: NUL character seen; rest of line ignored
.depend-ML:836: warning: NUL character seen; rest of line ignored
.depend-ML:837: warning: NUL character seen; rest of line ignored
.depend-ML:838: warning: NUL character seen; rest of line ignored
.depend-ML:839: warning: NUL character seen; rest of line ignored
.depend-ML:840: warning: NUL character seen; rest of line ignored
.depend-ML:841: warning: NUL character seen; rest of line ignored
.depend-ML:842: warning: NUL character seen; rest of line ignored
.depend-ML:843: warning: NUL character seen; rest of line ignored
.depend-ML:844: warning: NUL character seen; rest of line ignored
.depend-ML:845: warning: NUL character seen; rest of line ignored
.depend-ML:846: warning: NUL character seen; rest of line ignored
.depend-ML:847: warning: NUL character seen; rest of line ignored
.depend-ML:848: warning: NUL character seen; rest of line ignored
.depend-ML:849: warning: NUL character seen; rest of line ignored
.depend-ML:850: warning: NUL character seen; rest of line ignored
.depend-ML:851: warning: NUL character seen; rest of line ignored
.depend-ML:852: warning: NUL character seen; rest of line ignored
.depend-ML:853: warning: NUL character seen; rest of line ignored
.depend-ML:854: warning: NUL character seen; rest of line ignored
.depend-ML:855: warning: NUL character seen; rest of line ignored
.depend-ML:856: warning: NUL character seen; rest of line ignored
.depend-ML:857: warning: NUL character seen; rest of line ignored
.depend-ML:858: warning: NUL character seen; rest of line ignored
.depend-ML:859: warning: NUL character seen; rest of line ignored
.depend-ML:860: warning: NUL character seen; rest of line ignored
.depend-ML:861: warning: NUL character seen; rest of line ignored
.depend-ML:862: warning: NUL character seen; rest of line ignored
.depend-ML:863: warning: NUL character seen; rest of line ignored
.depend-ML:864: warning: NUL character seen; rest of line ignored
.depend-ML:865: warning: NUL character seen; rest of line ignored
.depend-ML:866: warning: NUL character seen; rest of line ignored
.depend-ML:867: warning: NUL character seen; rest of line ignored
.depend-ML:868: warning: NUL character seen; rest of line ignored
.depend-ML:869: warning: NUL character seen; rest of line ignored
.depend-ML:870: warning: NUL character seen; rest of line ignored
.depend-ML:871: warning: NUL character seen; rest of line ignored
.depend-ML:872: warning: NUL character seen; rest of line ignored
.depend-ML:873: warning: NUL character seen; rest of line ignored
.depend-ML:874: warning: NUL character seen; rest of line ignored
.depend-ML:875: warning: NUL character seen; rest of line ignored
.depend-ML:876: warning: NUL character seen; rest of line ignored
.depend-ML:877: warning: NUL character seen; rest of line ignored
.depend-ML:878: warning: NUL character seen; rest of line ignored
.depend-ML:879: warning: NUL character seen; rest of line ignored
.depend-ML:880: warning: NUL character seen; rest of line ignored
.depend-ML:881: warning: NUL character seen; rest of line ignored
.depend-ML:882: warning: NUL character seen; rest of line ignored
.depend-ML:883: warning: NUL character seen; rest of line ignored
.depend-ML:884: warning: NUL character seen; rest of line ignored
.depend-ML:885: warning: NUL character seen; rest of line ignored
.depend-ML:886: warning: NUL character seen; rest of line ignored
.depend-ML:887: warning: NUL character seen; rest of line ignored
.depend-ML:888: warning: NUL character seen; rest of line ignored
.depend-ML:889: warning: NUL character seen; rest of line ignored
.depend-ML:890: warning: NUL character seen; rest of line ignored
.depend-ML:891: warning: NUL character seen; rest of line ignored
.depend-ML:892: warning: NUL character seen; rest of line ignored
.depend-ML:893: warning: NUL character seen; rest of line ignored
.depend-ML:894: warning: NUL character seen; rest of line ignored
.depend-ML:895: warning: NUL character seen; rest of line ignored
.depend-ML:896: warning: NUL character seen; rest of line ignored
.depend-ML:897: warning: NUL character seen; rest of line ignored
.depend-ML:898: warning: NUL character seen; rest of line ignored
.depend-ML:899: warning: NUL character seen; rest of line ignored
.depend-ML:900: warning: NUL character seen; rest of line ignored
.depend-ML:901: warning: NUL character seen; rest of line ignored
.depend-ML:902: warning: NUL character seen; rest of line ignored
.depend-ML:903: warning: NUL character seen; rest of line ignored
.depend-ML:904: warning: NUL character seen; rest of line ignored
.depend-ML:905: warning: NUL character seen; rest of line ignored
.depend-ML:906: warning: NUL character seen; rest of line ignored
.depend-ML:907: warning: NUL character seen; rest of line ignored
.depend-ML:908: warning: NUL character seen; rest of line ignored
.depend-ML:909: warning: NUL character seen; rest of line ignored
.depend-ML:910: warning: NUL character seen; rest of line ignored
.depend-ML:911: warning: NUL character seen; rest of line ignored
.depend-ML:912: warning: NUL character seen; rest of line ignored
.depend-ML:913: warning: NUL character seen; rest of line ignored
.depend-ML:914: warning: NUL character seen; rest of line ignored
.depend-ML:915: warning: NUL character seen; rest of line ignored
.depend-ML:916: warning: NUL character seen; rest of line ignored
.depend-ML:917: warning: NUL character seen; rest of line ignored
.depend-ML:918: warning: NUL character seen; rest of line ignored
.depend-ML:919: warning: NUL character seen; rest of line ignored
.depend-ML:920: warning: NUL character seen; rest of line ignored
.depend-ML:921: warning: NUL character seen; rest of line ignored
.depend-ML:922: warning: NUL character seen; rest of line ignored
.depend-ML:923: warning: NUL character seen; rest of line ignored
.depend-ML:924: warning: NUL character seen; rest of line ignored
.depend-ML:925: warning: NUL character seen; rest of line ignored
.depend-ML:926: warning: NUL character seen; rest of line ignored
.depend-ML:927: warning: NUL character seen; rest of line ignored
.depend-ML:928: warning: NUL character seen; rest of line ignored
.depend-ML:929: warning: NUL character seen; rest of line ignored
.depend-ML:930: warning: NUL character seen; rest of line ignored
.depend-ML:931: warning: NUL character seen; rest of line ignored
.depend-ML:932: warning: NUL character seen; rest of line ignored
.depend-ML:933: warning: NUL character seen; rest of line ignored
.depend-ML:934: warning: NUL character seen; rest of line ignored
.depend-ML:935: warning: NUL character seen; rest of line ignored
.depend-ML:936: warning: NUL character seen; rest of line ignored
.depend-ML:937: warning: NUL character seen; rest of line ignored
.depend-ML:938: warning: NUL character seen; rest of line ignored
.depend-ML:939: warning: NUL character seen; rest of line ignored
.depend-ML:940: warning: NUL character seen; rest of line ignored
.depend-ML:941: warning: NUL character seen; rest of line ignored
.depend-ML:942: warning: NUL character seen; rest of line ignored
.depend-ML:943: warning: NUL character seen; rest of line ignored
.depend-ML:944: warning: NUL character seen; rest of line ignored
.depend-ML:945: warning: NUL character seen; rest of line ignored
.depend-ML:946: warning: NUL character seen; rest of line ignored
.depend-ML:947: warning: NUL character seen; rest of line ignored
.depend-ML:948: warning: NUL character seen; rest of line ignored
.depend-ML:949: warning: NUL character seen; rest of line ignored
.depend-ML:950: warning: NUL character seen; rest of line ignored
.depend-ML:951: warning: NUL character seen; rest of line ignored
.depend-ML:952: warning: NUL character seen; rest of line ignored
.depend-ML:953: warning: NUL character seen; rest of line ignored
.depend-ML:954: warning: NUL character seen; rest of line ignored
.depend-ML:955: warning: NUL character seen; rest of line ignored
.depend-ML:956: warning: NUL character seen; rest of line ignored
.depend-ML:957: warning: NUL character seen; rest of line ignored
.depend-ML:958: warning: NUL character seen; rest of line ignored
.depend-ML:959: warning: NUL character seen; rest of line ignored
.depend-ML:960: warning: NUL character seen; rest of line ignored
.depend-ML:961: warning: NUL character seen; rest of line ignored
.depend-ML:962: warning: NUL character seen; rest of line ignored
.depend-ML:963: warning: NUL character seen; rest of line ignored
.depend-ML:964: warning: NUL character seen; rest of line ignored
.depend-ML:965: warning: NUL character seen; rest of line ignored
.depend-ML:966: warning: NUL character seen; rest of line ignored
.depend-ML:967: warning: NUL character seen; rest of line ignored
.depend-ML:968: warning: NUL character seen; rest of line ignored
.depend-ML:969: warning: NUL character seen; rest of line ignored
.depend-ML:970: warning: NUL character seen; rest of line ignored
.depend-ML:971: warning: NUL character seen; rest of line ignored
.depend-ML:972: warning: NUL character seen; rest of line ignored
.depend-ML:973: warning: NUL character seen; rest of line ignored
.depend-ML:974: warning: NUL character seen; rest of line ignored
.depend-ML:975: warning: NUL character seen; rest of line ignored
.depend-ML:976: warning: NUL character seen; rest of line ignored
.depend-ML:977: warning: NUL character seen; rest of line ignored
.depend-ML:978: warning: NUL character seen; rest of line ignored
.depend-ML:979: warning: NUL character seen; rest of line ignored
.depend-ML:980: warning: NUL character seen; rest of line ignored
.depend-ML:981: warning: NUL character seen; rest of line ignored
.depend-ML:982: warning: NUL character seen; rest of line ignored
.depend-ML:983: warning: NUL character seen; rest of line ignored
.depend-ML:984: warning: NUL character seen; rest of line ignored
.depend-ML:985: warning: NUL character seen; rest of line ignored
.depend-ML:986: warning: NUL character seen; rest of line ignored
.depend-ML:987: warning: NUL character seen; rest of line ignored
.depend-ML:988: warning: NUL character seen; rest of line ignored
.depend-ML:989: warning: NUL character seen; rest of line ignored
.depend-ML:990: warning: NUL character seen; rest of line ignored
.depend-ML:991: warning: NUL character seen; rest of line ignored
.depend-ML:992: warning: NUL character seen; rest of line ignored
.depend-ML:993: warning: NUL character seen; rest of line ignored
.depend-ML:994: warning: NUL character seen; rest of line ignored
.depend-ML:995: warning: NUL character seen; rest of line ignored
.depend-ML:996: warning: NUL character seen; rest of line ignored
.depend-ML:997: warning: NUL character seen; rest of line ignored
.depend-ML:998: warning: NUL character seen; rest of line ignored
.depend-ML:999: warning: NUL character seen; rest of line ignored
.depend-ML:1000: warning: NUL character seen; rest of line ignored
.depend-ML:1001: warning: NUL character seen; rest of line ignored
.depend-ML:1002: warning: NUL character seen; rest of line ignored
.depend-ML:1003: warning: NUL character seen; rest of line ignored
.depend-ML:1004: warning: NUL character seen; rest of line ignored
.depend-ML:1005: warning: NUL character seen; rest of line ignored
Extracted.mk:101: warning: overriding recipe for target 'mitls.cmxa'
Makefile:193: warning: ignoring old recipe for target 'mitls.cmxa'
Extracted.mk:104: warning: overriding recipe for target 'mitls.exe'
Makefile:195: warning: ignoring old recipe for target 'mitls.exe'
make[3]: warning: jobserver unavailable: using -j1.  Add '+' to parent make rule.
Extracted.mk:101: warning: overriding recipe for target 'mitls.cmxa'
Makefile:193: warning: ignoring old recipe for target 'mitls.cmxa'
Extracted.mk:104: warning: overriding recipe for target 'mitls.exe'
Makefile:195: warning: ignoring old recipe for target 'mitls.exe'
x86_64-w64-mingw32-ar: fstarlib.a: Permission denied
File "_none_", line 1:
Error: Error while creating the library fstarlib.a
make[4]: *** [Makefile:30: all] Error 2
make[3]: *** [Extracted.mk:53: C:/Build/Agent2/_work/2/s/fstar/ulib/ml/fstarlib.cmxa] Error 2
x86_64-w64-mingw32-ar: unable to rename 'fstarlib.a'; reason: Permission denied
File "_none_", line 1:
Error: Error while creating the library fstarlib.a
make[4]: *** [Makefile:30: all] Error 2
make[3]: *** [Extracted.mk:53: C:/Build/Agent2/_work/2/s/fstar/ulib/ml/fstarlib.cmxa] Error 2
x86_64-w64-mingw32-ar: tmp/*.o: No such file or directory
make[4]: *** [Makefile:66: libllcrypto.a] Error 1
make[4]: Target 'all' not remade because of errors.
make[3]: *** [Extracted.mk:63: C:/Build/Agent2/_work/2/s/hacl-star/secure_api/LowCProvider/LowCProvider.cmxa] Error 2
x86_64-w64-mingw32-ar: tmp/*.o: No such file or directory
make[4]: *** [Makefile:66: libllcrypto.a] Error 1
make[4]: Target 'all' not remade because of errors.
make[3]: *** [Extracted.mk:63: C:/Build/Agent2/_work/2/s/hacl-star/secure_api/LowCProvider/LowCProvider.cmxa] Error 2
x86_64-w64-mingw32-ar: tmp/*.o: No such file or directory
make[4]: *** [Makefile:66: libllcrypto.a] Error 1
make[4]: Target 'all' not remade because of errors.
make[3]: *** [Extracted.mk:63: C:/Build/Agent2/_work/2/s/hacl-star/secure_api/LowCProvider/LowCProvider.cmxa] Error 2
ffi.c:1:0: warning: -fPIC ignored for target (all code is position independent)
#include <stdio.h>
^
ffi.c:1:0: warning: -fPIC ignored for target (all code is position independent)
#include <stdio.h>
^
ffi.c:1:0: warning: -fPIC ignored for target (all code is position independent)
#include <stdio.h>
^
x86_64-w64-mingw32-ar: unable to rename 'FFICallbacks.a'; reason: Permission denied
File "_none_", line 1:
Error: Error while creating the library FFICallbacks.a
make[4]: *** [Makefile:13: FFICallbacks.cmxa] Error 2
make[4]: Target 'all' not remade because of errors.
make[3]: *** [Extracted.mk:66: ../../libs/ffi/FFICallbacks.cmxa] Error 2
File "output/FFI.ml", line 10, characters 2-12:
Error: Unbound module TLSInfo
make[3]: *** [Extracted.mk:72: output/FFI.cmx] Error 2
File "output/TestAPI.ml", line 10, characters 19-40:
Error: Unbound module Connection
make[3]: *** [Extracted.mk:72: output/TestAPI.cmx] Error 2
File "output/TestFFI.ml", line 16, characters 17-38:
Error: Unbound module Connection
make[3]: *** [Extracted.mk:72: output/TestFFI.cmx] Error 2
File "test/mitls.ml", line 2, characters 5-17:
Error: Unbound module TLSConstants
make[3]: *** [Extracted.mk:72: test/mitls.cmx] Error 2
make[3]: Target 'mitls.exe' not remade because of errors.
make[2]: *** [Makefile:199: C:/Build/Agent2/_work/2/s/hacl-star/secure_api/LowCProvider/LowCProvider.cmxa] Error 2
make[3]: Circular C:/Build/Agent2/_work/2/s/fstar/ucontrib/CoreCrypto/ml/db/DB.cmi <- C:/Build/Agent2/_work/2/s/fstar/ucontrib/CoreCrypto/ml/db/DB.cmi dependency dropped.
make[3]: Circular C:/Build/Agent2/_work/2/s/fstar/ucontrib/CoreCrypto/ml/db/DB.cmi <- C:/Build/Agent2/_work/2/s/fstar/ucontrib/CoreCrypto/ml/db/DB.cmi dependency dropped.
make[3]: Circular ../../libs/ffi/FFICallbacks.cmi <- ../../libs/ffi/FFICallbacks.cmi dependency dropped.
make[3]: Circular ../../libs/ffi/FFICallbacks.cmi <- ../../libs/ffi/FFICallbacks.cmi dependency dropped.
make[3]: Target 'mitls.exe' not remade because of errors.
make[2]: *** [Makefile:199: ../../libs/ffi/FFICallbacks.cmxa] Error 2
make[3]: Target 'mitls.exe' not remade because of errors.
make[2]: *** [Makefile:199: C:/Build/Agent2/_work/2/s/fstar/ulib/ml/fstarlib.cmxa] Error 2
make[2]: Target 'mitls.exe' not remade because of errors.
make[1]: *** [Makefile:26: build] Error 2
make: *** [Makefile:22: all] Error 2
