From https://github.com/FStarLang/FStar
6c2f970..e12c811  master     -> origin/master
* [new branch]      aseem_844  -> origin/aseem_844
* [new branch]      aseem_869  -> origin/aseem_869
+ 625643e...2f9c744 cpitclaudel_argnames -> origin/cpitclaudel_argnames  (forced update)
+ 3104a3a...452f964 cpitclaudel_refactored_errors -> origin/cpitclaudel_refactored_errors  (forced update)
* [new branch]      fournet_eagain -> origin/fournet_eagain
7e8aa4f..1da8861  kyod_list_additions -> origin/kyod_list_additions
91c434f..210da3b  kyod_tmp0  -> origin/kyod_tmp0
* [new branch]      santiago_insert -> origin/santiago_insert
* [new branch]      shaolintl_documentation -> origin/shaolintl_documentation
75696de..fc20988  shaolintl_two_phase_experiment -> origin/shaolintl_two_phase_experiment
Warning: you are using the standard library and/or the %inline keyword. We
recommend switching on --infer in order to avoid obscure type error messages.
File "src/basic/ml/FStar_Util.ml", line 47, characters 57-65:
Warning 40: st_mtime was selected from type BatUnix.stats.
It is not visible in the current scope, and will not 
be selected if the type becomes unknown.
File "src/basic/ml/FStar_Util.ml", line 660, characters 2-13:
Warning 10: this expression should have type unit.
File "src/basic/ml/FStar_Util.ml", line 47, characters 57-65:
Warning 40: st_mtime was selected from type BatUnix.stats.
It is not visible in the current scope, and will not 
be selected if the type becomes unknown.
File "src/basic/ml/FStar_Util.ml", line 660, characters 2-13:
Warning 10: this expression should have type unit.
Error: not a valid include directory: C:\Build\Agent\_work\3\hacl-star\secure_api\LowCProvider\fst
Unexpected error
FStar_Errors.Err("not a valid include directory: C:\\Build\\Agent\\_work\\3\\hacl-star\\secure_api\\LowCProvider\\fst\n")
Raised by primitive operation at file "src/ocaml-output/FStar_Parser_Dep.ml", line 119, characters 12-33
Called from file "list.ml", line 73, characters 12-15
Called from file "src/ocaml-output/FStar_Parser_Dep.ml", line 98, characters 4-877
Called from file "src/ocaml-output/FStar_Parser_Dep.ml", line 615, characters 14-33
Called from file "src/ocaml-output/FStar_Dependencies.ml", line 12, characters 24-66
Called from file "src/ocaml-output/FStar_Main.ml", line 195, characters 27-116
Called from file "src/ocaml-output/FStar_Main.ml", line 220, characters 6-11

Error: not a valid include directory: C:\Build\Agent\_work\3\hacl-star\secure_api\LowCProvider\fst
Unexpected error
FStar_Errors.Err("not a valid include directory: C:\\Build\\Agent\\_work\\3\\hacl-star\\secure_api\\LowCProvider\\fst\n")
Raised by primitive operation at file "src/ocaml-output/FStar_Parser_Dep.ml", line 119, characters 12-33
Called from file "list.ml", line 73, characters 12-15
Called from file "src/ocaml-output/FStar_Parser_Dep.ml", line 98, characters 4-877
Called from file "src/ocaml-output/FStar_Parser_Dep.ml", line 615, characters 14-33
Called from file "src/ocaml-output/FStar_Dependencies.ml", line 12, characters 24-66
Called from file "src/ocaml-output/FStar_Main.ml", line 195, characters 27-116
Called from file "src/ocaml-output/FStar_Main.ml", line 220, characters 6-11

Error: not a valid include directory: C:\Build\Agent\_work\3\hacl-star\secure_api\LowCProvider\fst
Unexpected error
FStar_Errors.Err("not a valid include directory: C:\\Build\\Agent\\_work\\3\\hacl-star\\secure_api\\LowCProvider\\fst\n")
Raised by primitive operation at file "src/ocaml-output/FStar_Parser_Dep.ml", line 119, characters 12-33
Called from file "list.ml", line 73, characters 12-15
Called from file "src/ocaml-output/FStar_Parser_Dep.ml", line 98, characters 4-877
Called from file "src/ocaml-output/FStar_Parser_Dep.ml", line 615, characters 14-33
Called from file "src/ocaml-output/FStar_Dependencies.ml", line 12, characters 24-66
Called from file "src/ocaml-output/FStar_Main.ml", line 195, characters 27-116
Called from file "src/ocaml-output/FStar_Main.ml", line 220, characters 6-11

Error: not a valid include directory: C:\Build\Agent\_work\3\hacl-star\secure_api\LowCProvider\fst
Error: not a valid include directory: C:\Build\Agent\_work\3\hacl-star\secure_api\LowCProvider\fst
Unexpected error
FStar_Errors.Err("not a valid include directory: C:\\Build\\Agent\\_work\\3\\hacl-star\\secure_api\\LowCProvider\\fst\n")
Raised by primitive operation at file "src/ocaml-output/FStar_Parser_Dep.ml", line 119, characters 12-33
Called from file "list.ml", line 73, characters 12-15
Called from file "src/ocaml-output/FStar_Parser_Dep.ml", line 98, characters 4-877
Called from file "src/ocaml-output/FStar_Parser_Dep.ml", line 615, characters 14-33
Called from file "src/ocaml-output/FStar_Dependencies.ml", line 12, characters 24-66
Called from file "src/ocaml-output/FStar_Main.ml", line 195, characters 27-116
Called from file "src/ocaml-output/FStar_Main.ml", line 220, characters 6-11

Unexpected error
FStar_Errors.Err("not a valid include directory: C:\\Build\\Agent\\_work\\3\\hacl-star\\secure_api\\LowCProvider\\fst\n")
Raised by primitive operation at file "src/ocaml-output/FStar_Parser_Dep.ml", line 119, characters 12-33
Called from file "list.ml", line 73, characters 12-15
Called from file "src/ocaml-output/FStar_Parser_Dep.ml", line 98, characters 4-877
Called from file "src/ocaml-output/FStar_Parser_Dep.ml", line 615, characters 14-33
Called from file "src/ocaml-output/FStar_Dependencies.ml", line 12, characters 24-66
Called from file "src/ocaml-output/FStar_Main.ml", line 195, characters 27-116
Called from file "src/ocaml-output/FStar_Main.ml", line 220, characters 6-11

Error: not a valid include directory: C:\Build\Agent\_work\3\hacl-star\secure_api\LowCProvider\fst
Unexpected error
FStar_Errors.Err("not a valid include directory: C:\\Build\\Agent\\_work\\3\\hacl-star\\secure_api\\LowCProvider\\fst\n")
Raised by primitive operation at file "src/ocaml-output/FStar_Parser_Dep.ml", line 119, characters 12-33
Called from file "list.ml", line 73, characters 12-15
Called from file "src/ocaml-output/FStar_Parser_Dep.ml", line 98, characters 4-877
Called from file "src/ocaml-output/FStar_Parser_Dep.ml", line 615, characters 14-33
Called from file "src/ocaml-output/FStar_Dependencies.ml", line 12, characters 24-66
Called from file "src/ocaml-output/FStar_Main.ml", line 195, characters 27-116
Called from file "src/ocaml-output/FStar_Main.ml", line 220, characters 6-11

make: *** [Makefile:295: Flags.fst-ver] Error 1
make: *** [Makefile:295: MonotoneMap.fst-ver] Error 1
make: *** [Makefile:295: TLSError.fst-ver] Error 1
Error: not a valid include directory: C:\Build\Agent\_work\3\hacl-star\secure_api\LowCProvider\fst
Unexpected error
FStar_Errors.Err("not a valid include directory: C:\\Build\\Agent\\_work\\3\\hacl-star\\secure_api\\LowCProvider\\fst\n")
Raised by primitive operation at file "src/ocaml-output/FStar_Parser_Dep.ml", line 119, characters 12-33
Called from file "list.ml", line 73, characters 12-15
Called from file "src/ocaml-output/FStar_Parser_Dep.ml", line 98, characters 4-877
Called from file "src/ocaml-output/FStar_Parser_Dep.ml", line 615, characters 14-33
Called from file "src/ocaml-output/FStar_Dependencies.ml", line 12, characters 24-66
Called from file "src/ocaml-output/FStar_Main.ml", line 195, characters 27-116
Called from file "src/ocaml-output/FStar_Main.ml", line 220, characters 6-11

make: *** [Makefile:295: TLSConstants.fst-ver] Error 1
make: *** [Makefile:295: Transport.fst-ver] Error 1
make: *** [Makefile:295: Nonce.fst-ver] Error 1
make: *** [Makefile:295: RSAKey.fst-ver] Error 1
Error: not a valid include directory: C:\Build\Agent\_work\3\hacl-star\secure_api\LowCProvider\fst
Unexpected error
FStar_Errors.Err("not a valid include directory: C:\\Build\\Agent\\_work\\3\\hacl-star\\secure_api\\LowCProvider\\fst\n")
Raised by primitive operation at file "src/ocaml-output/FStar_Parser_Dep.ml", line 119, characters 12-33
Called from file "list.ml", line 73, characters 12-15
Called from file "src/ocaml-output/FStar_Parser_Dep.ml", line 98, characters 4-877
Called from file "src/ocaml-output/FStar_Parser_Dep.ml", line 615, characters 14-33
Called from file "src/ocaml-output/FStar_Dependencies.ml", line 12, characters 24-66
Called from file "src/ocaml-output/FStar_Main.ml", line 195, characters 27-116
Called from file "src/ocaml-output/FStar_Main.ml", line 220, characters 6-11

make: *** [Makefile:295: DHGroup.fst-ver] Error 1
Error: not a valid include directory: C:\Build\Agent\_work\3\hacl-star\secure_api\LowCProvider\fst
Unexpected error
FStar_Errors.Err("not a valid include directory: C:\\Build\\Agent\\_work\\3\\hacl-star\\secure_api\\LowCProvider\\fst\n")
Raised by primitive operation at file "src/ocaml-output/FStar_Parser_Dep.ml", line 119, characters 12-33
Called from file "list.ml", line 73, characters 12-15
Called from file "src/ocaml-output/FStar_Parser_Dep.ml", line 98, characters 4-877
Called from file "src/ocaml-output/FStar_Parser_Dep.ml", line 615, characters 14-33
Called from file "src/ocaml-output/FStar_Dependencies.ml", line 12, characters 24-66
Called from file "src/ocaml-output/FStar_Main.ml", line 195, characters 27-116
Called from file "src/ocaml-output/FStar_Main.ml", line 220, characters 6-11

make: *** [Makefile:295: CommonDH.fst-ver] Error 1
Error: not a valid include directory: C:\Build\Agent\_work\3\hacl-star\secure_api\LowCProvider\fst
Unexpected error
FStar_Errors.Err("not a valid include directory: C:\\Build\\Agent\\_work\\3\\hacl-star\\secure_api\\LowCProvider\\fst\n")
Raised by primitive operation at file "src/ocaml-output/FStar_Parser_Dep.ml", line 119, characters 12-33
Called from file "list.ml", line 73, characters 12-15
Called from file "src/ocaml-output/FStar_Parser_Dep.ml", line 98, characters 4-877
Called from file "src/ocaml-output/FStar_Parser_Dep.ml", line 615, characters 14-33
Called from file "src/ocaml-output/FStar_Dependencies.ml", line 12, characters 24-66
Called from file "src/ocaml-output/FStar_Main.ml", line 195, characters 27-116
Called from file "src/ocaml-output/FStar_Main.ml", line 220, characters 6-11

Error: not a valid include directory: C:\Build\Agent\_work\3\hacl-star\secure_api\LowCProvider\fst
Unexpected error
FStar_Errors.Err("not a valid include directory: C:\\Build\\Agent\\_work\\3\\hacl-star\\secure_api\\LowCProvider\\fst\n")
Raised by primitive operation at file "src/ocaml-output/FStar_Parser_Dep.ml", line 119, characters 12-33
Called from file "list.ml", line 73, characters 12-15
Called from file "src/ocaml-output/FStar_Parser_Dep.ml", line 98, characters 4-877
Called from file "src/ocaml-output/FStar_Parser_Dep.ml", line 615, characters 14-33
Called from file "src/ocaml-output/FStar_Dependencies.ml", line 12, characters 24-66
Called from file "src/ocaml-output/FStar_Main.ml", line 195, characters 27-116
Called from file "src/ocaml-output/FStar_Main.ml", line 220, characters 6-11

Error: not a valid include directory: C:\Build\Agent\_work\3\hacl-star\secure_api\LowCProvider\fst
Unexpected error
FStar_Errors.Err("not a valid include directory: C:\\Build\\Agent\\_work\\3\\hacl-star\\secure_api\\LowCProvider\\fst\n")
Raised by primitive operation at file "src/ocaml-output/FStar_Parser_Dep.ml", line 119, characters 12-33
Called from file "list.ml", line 73, characters 12-15
Called from file "src/ocaml-output/FStar_Parser_Dep.ml", line 98, characters 4-877
Called from file "src/ocaml-output/FStar_Parser_Dep.ml", line 615, characters 14-33
Called from file "src/ocaml-output/FStar_Dependencies.ml", line 12, characters 24-66
Called from file "src/ocaml-output/FStar_Main.ml", line 195, characters 27-116
Called from file "src/ocaml-output/FStar_Main.ml", line 220, characters 6-11

Error: not a valid include directory: C:\Build\Agent\_work\3\hacl-star\secure_api\LowCProvider\fst
Unexpected error
FStar_Errors.Err("not a valid include directory: C:\\Build\\Agent\\_work\\3\\hacl-star\\secure_api\\LowCProvider\\fst\n")
Raised by primitive operation at file "src/ocaml-output/FStar_Parser_Dep.ml", line 119, characters 12-33
Called from file "list.ml", line 73, characters 12-15
Called from file "src/ocaml-output/FStar_Parser_Dep.ml", line 98, characters 4-877
Called from file "src/ocaml-output/FStar_Parser_Dep.ml", line 615, characters 14-33
Called from file "src/ocaml-output/FStar_Dependencies.ml", line 12, characters 24-66
Called from file "src/ocaml-output/FStar_Main.ml", line 195, characters 27-116
Called from file "src/ocaml-output/FStar_Main.ml", line 220, characters 6-11

Error: not a valid include directory: C:\Build\Agent\_work\3\hacl-star\secure_api\LowCProvider\fst
Unexpected error
FStar_Errors.Err("not a valid include directory: C:\\Build\\Agent\\_work\\3\\hacl-star\\secure_api\\LowCProvider\\fst\n")
Raised by primitive operation at file "src/ocaml-output/FStar_Parser_Dep.ml", line 119, characters 12-33
Called from file "list.ml", line 73, characters 12-15
Called from file "src/ocaml-output/FStar_Parser_Dep.ml", line 98, characters 4-877
Called from file "src/ocaml-output/FStar_Parser_Dep.ml", line 615, characters 14-33
Called from file "src/ocaml-output/FStar_Dependencies.ml", line 12, characters 24-66
Called from file "src/ocaml-output/FStar_Main.ml", line 195, characters 27-116
Called from file "src/ocaml-output/FStar_Main.ml", line 220, characters 6-11

Error: not a valid include directory: C:\Build\Agent\_work\3\hacl-star\secure_api\LowCProvider\fst
Unexpected error
FStar_Errors.Err("not a valid include directory: C:\\Build\\Agent\\_work\\3\\hacl-star\\secure_api\\LowCProvider\\fst\n")
Raised by primitive operation at file "src/ocaml-output/FStar_Parser_Dep.ml", line 119, characters 12-33
Called from file "list.ml", line 73, characters 12-15
Called from file "src/ocaml-output/FStar_Parser_Dep.ml", line 98, characters 4-877
Called from file "src/ocaml-output/FStar_Parser_Dep.ml", line 615, characters 14-33
Called from file "src/ocaml-output/FStar_Dependencies.ml", line 12, characters 24-66
Called from file "src/ocaml-output/FStar_Main.ml", line 195, characters 27-116
Called from file "src/ocaml-output/FStar_Main.ml", line 220, characters 6-11

make: *** [Makefile:295: Hashing.fst-ver] Error 1
make: *** [Makefile:295: Hashing.OpenSSL.fst-ver] Error 1
make: *** [Makefile:295: Hashing.Spec.fst-ver] Error 1
make: *** [Makefile:295: PMS.fst-ver] Error 1
make: *** [Makefile:295: ECGroup.fst-ver] Error 1
make: *** [Makefile:295: Hashing.CRF.fst-ver] Error 1
Error: not a valid include directory: C:\Build\Agent\_work\3\hacl-star\secure_api\LowCProvider\fst
Unexpected error
FStar_Errors.Err("not a valid include directory: C:\\Build\\Agent\\_work\\3\\hacl-star\\secure_api\\LowCProvider\\fst\n")
Raised by primitive operation at file "src/ocaml-output/FStar_Parser_Dep.ml", line 119, characters 12-33
Called from file "list.ml", line 73, characters 12-15
Called from file "src/ocaml-output/FStar_Parser_Dep.ml", line 98, characters 4-877
Called from file "src/ocaml-output/FStar_Parser_Dep.ml", line 615, characters 14-33
Called from file "src/ocaml-output/FStar_Dependencies.ml", line 12, characters 24-66
Called from file "src/ocaml-output/FStar_Main.ml", line 195, characters 27-116
Called from file "src/ocaml-output/FStar_Main.ml", line 220, characters 6-11

make: *** [Makefile:295: HMAC.fst-ver] Error 1
Error: not a valid include directory: C:\Build\Agent\_work\3\hacl-star\secure_api\LowCProvider\fst
Unexpected error
FStar_Errors.Err("not a valid include directory: C:\\Build\\Agent\\_work\\3\\hacl-star\\secure_api\\LowCProvider\\fst\n")
Raised by primitive operation at file "src/ocaml-output/FStar_Parser_Dep.ml", line 119, characters 12-33
Called from file "list.ml", line 73, characters 12-15
Called from file "src/ocaml-output/FStar_Parser_Dep.ml", line 98, characters 4-877
Called from file "src/ocaml-output/FStar_Parser_Dep.ml", line 615, characters 14-33
Called from file "src/ocaml-output/FStar_Dependencies.ml", line 12, characters 24-66
Called from file "src/ocaml-output/FStar_Main.ml", line 195, characters 27-116
Called from file "src/ocaml-output/FStar_Main.ml", line 220, characters 6-11

Error: not a valid include directory: C:\Build\Agent\_work\3\hacl-star\secure_api\LowCProvider\fst
Unexpected error
FStar_Errors.Err("not a valid include directory: C:\\Build\\Agent\\_work\\3\\hacl-star\\secure_api\\LowCProvider\\fst\n")
Raised by primitive operation at file "src/ocaml-output/FStar_Parser_Dep.ml", line 119, characters 12-33
Called from file "list.ml", line 73, characters 12-15
Called from file "src/ocaml-output/FStar_Parser_Dep.ml", line 98, characters 4-877
Called from file "src/ocaml-output/FStar_Parser_Dep.ml", line 615, characters 14-33
Called from file "src/ocaml-output/FStar_Dependencies.ml", line 12, characters 24-66
Called from file "src/ocaml-output/FStar_Main.ml", line 195, characters 27-116
Called from file "src/ocaml-output/FStar_Main.ml", line 220, characters 6-11

make: *** [Makefile:295: Signature.fst-ver] Error 1
make: *** [Makefile:295: Cert.fst-ver] Error 1
Error: not a valid include directory: C:\Build\Agent\_work\3\hacl-star\secure_api\LowCProvider\fst
Unexpected error
FStar_Errors.Err("not a valid include directory: C:\\Build\\Agent\\_work\\3\\hacl-star\\secure_api\\LowCProvider\\fst\n")
Raised by primitive operation at file "src/ocaml-output/FStar_Parser_Dep.ml", line 119, characters 12-33
Called from file "list.ml", line 73, characters 12-15
Called from file "src/ocaml-output/FStar_Parser_Dep.ml", line 98, characters 4-877
Called from file "src/ocaml-output/FStar_Parser_Dep.ml", line 615, characters 14-33
Called from file "src/ocaml-output/FStar_Dependencies.ml", line 12, characters 24-66
Called from file "src/ocaml-output/FStar_Main.ml", line 195, characters 27-116
Called from file "src/ocaml-output/FStar_Main.ml", line 220, characters 6-11

Error: not a valid include directory: C:\Build\Agent\_work\3\hacl-star\secure_api\LowCProvider\fst
Unexpected error
FStar_Errors.Err("not a valid include directory: C:\\Build\\Agent\\_work\\3\\hacl-star\\secure_api\\LowCProvider\\fst\n")
Raised by primitive operation at file "src/ocaml-output/FStar_Parser_Dep.ml", line 119, characters 12-33
Called from file "list.ml", line 73, characters 12-15
Called from file "src/ocaml-output/FStar_Parser_Dep.ml", line 98, characters 4-877
Called from file "src/ocaml-output/FStar_Parser_Dep.ml", line 615, characters 14-33
Called from file "src/ocaml-output/FStar_Dependencies.ml", line 12, characters 24-66
Called from file "src/ocaml-output/FStar_Main.ml", line 195, characters 27-116
Called from file "src/ocaml-output/FStar_Main.ml", line 220, characters 6-11

make: *** [Makefile:295: IdNonce.fst-ver] Error 1
make: *** [Makefile:295: Extensions.fst-ver] Error 1
Error: not a valid include directory: C:\Build\Agent\_work\3\hacl-star\secure_api\LowCProvider\fst
Unexpected error
FStar_Errors.Err("not a valid include directory: C:\\Build\\Agent\\_work\\3\\hacl-star\\secure_api\\LowCProvider\\fst\n")
Raised by primitive operation at file "src/ocaml-output/FStar_Parser_Dep.ml", line 119, characters 12-33
Called from file "list.ml", line 73, characters 12-15
Called from file "src/ocaml-output/FStar_Parser_Dep.ml", line 98, characters 4-877
Called from file "src/ocaml-output/FStar_Parser_Dep.ml", line 615, characters 14-33
Called from file "src/ocaml-output/FStar_Dependencies.ml", line 12, characters 24-66
Called from file "src/ocaml-output/FStar_Main.ml", line 195, characters 27-116
Called from file "src/ocaml-output/FStar_Main.ml", line 220, characters 6-11

make: *** [Makefile:295: TLSInfo.fst-ver] Error 1
Error: not a valid include directory: C:\Build\Agent\_work\3\hacl-star\secure_api\LowCProvider\fst
Unexpected error
FStar_Errors.Err("not a valid include directory: C:\\Build\\Agent\\_work\\3\\hacl-star\\secure_api\\LowCProvider\\fst\n")
Raised by primitive operation at file "src/ocaml-output/FStar_Parser_Dep.ml", line 119, characters 12-33
Called from file "list.ml", line 73, characters 12-15
Called from file "src/ocaml-output/FStar_Parser_Dep.ml", line 98, characters 4-877
Called from file "src/ocaml-output/FStar_Parser_Dep.ml", line 615, characters 14-33
Called from file "src/ocaml-output/FStar_Dependencies.ml", line 12, characters 24-66
Called from file "src/ocaml-output/FStar_Main.ml", line 195, characters 27-116
Called from file "src/ocaml-output/FStar_Main.ml", line 220, characters 6-11

make: *** [Makefile:295: Alert.fst-ver] Error 1
Error: not a valid include directory: C:\Build\Agent\_work\3\hacl-star\secure_api\LowCProvider\fst
Unexpected error
FStar_Errors.Err("not a valid include directory: C:\\Build\\Agent\\_work\\3\\hacl-star\\secure_api\\LowCProvider\\fst\n")
Raised by primitive operation at file "src/ocaml-output/FStar_Parser_Dep.ml", line 119, characters 12-33
Called from file "list.ml", line 73, characters 12-15
Called from file "src/ocaml-output/FStar_Parser_Dep.ml", line 98, characters 4-877
Called from file "src/ocaml-output/FStar_Parser_Dep.ml", line 615, characters 14-33
Called from file "src/ocaml-output/FStar_Dependencies.ml", line 12, characters 24-66
Called from file "src/ocaml-output/FStar_Main.ml", line 195, characters 27-116
Called from file "src/ocaml-output/FStar_Main.ml", line 220, characters 6-11

Error: not a valid include directory: C:\Build\Agent\_work\3\hacl-star\secure_api\LowCProvider\fst
Unexpected error
FStar_Errors.Err("not a valid include directory: C:\\Build\\Agent\\_work\\3\\hacl-star\\secure_api\\LowCProvider\\fst\n")
Raised by primitive operation at file "src/ocaml-output/FStar_Parser_Dep.ml", line 119, characters 12-33
Called from file "list.ml", line 73, characters 12-15
Called from file "src/ocaml-output/FStar_Parser_Dep.ml", line 98, characters 4-877
Called from file "src/ocaml-output/FStar_Parser_Dep.ml", line 615, characters 14-33
Called from file "src/ocaml-output/FStar_Dependencies.ml", line 12, characters 24-66
Called from file "src/ocaml-output/FStar_Main.ml", line 195, characters 27-116
Called from file "src/ocaml-output/FStar_Main.ml", line 220, characters 6-11

make: *** [Makefile:295: StreamAE.fst-ver] Error 1
Error: not a valid include directory: C:\Build\Agent\_work\3\hacl-star\secure_api\LowCProvider\fst
Unexpected error
FStar_Errors.Err("not a valid include directory: C:\\Build\\Agent\\_work\\3\\hacl-star\\secure_api\\LowCProvider\\fst\n")
Raised by primitive operation at file "src/ocaml-output/FStar_Parser_Dep.ml", line 119, characters 12-33
Called from file "list.ml", line 73, characters 12-15
Called from file "src/ocaml-output/FStar_Parser_Dep.ml", line 98, characters 4-877
Called from file "src/ocaml-output/FStar_Parser_Dep.ml", line 615, characters 14-33
Called from file "src/ocaml-output/FStar_Dependencies.ml", line 12, characters 24-66
Called from file "src/ocaml-output/FStar_Main.ml", line 195, characters 27-116
Called from file "src/ocaml-output/FStar_Main.ml", line 220, characters 6-11

Error: not a valid include directory: C:\Build\Agent\_work\3\hacl-star\secure_api\LowCProvider\fst
Unexpected error
FStar_Errors.Err("not a valid include directory: C:\\Build\\Agent\\_work\\3\\hacl-star\\secure_api\\LowCProvider\\fst\n")
Raised by primitive operation at file "src/ocaml-output/FStar_Parser_Dep.ml", line 119, characters 12-33
Called from file "list.ml", line 73, characters 12-15
Called from file "src/ocaml-output/FStar_Parser_Dep.ml", line 98, characters 4-877
Called from file "src/ocaml-output/FStar_Parser_Dep.ml", line 615, characters 14-33
Called from file "src/ocaml-output/FStar_Dependencies.ml", line 12, characters 24-66
Called from file "src/ocaml-output/FStar_Main.ml", line 195, characters 27-116
Called from file "src/ocaml-output/FStar_Main.ml", line 220, characters 6-11

make: *** [Makefile:295: StreamPlain.fst-ver] Error 1
make: *** [Makefile:295: Content.fst-ver] Error 1
make: *** [Makefile:295: Range.fst-ver] Error 1
Error: not a valid include directory: C:\Build\Agent\_work\3\hacl-star\secure_api\LowCProvider\fst
Unexpected error
FStar_Errors.Err("not a valid include directory: C:\\Build\\Agent\\_work\\3\\hacl-star\\secure_api\\LowCProvider\\fst\n")
Raised by primitive operation at file "src/ocaml-output/FStar_Parser_Dep.ml", line 119, characters 12-33
Called from file "list.ml", line 73, characters 12-15
Called from file "src/ocaml-output/FStar_Parser_Dep.ml", line 98, characters 4-877
Called from file "src/ocaml-output/FStar_Parser_Dep.ml", line 615, characters 14-33
Called from file "src/ocaml-output/FStar_Dependencies.ml", line 12, characters 24-66
Called from file "src/ocaml-output/FStar_Main.ml", line 195, characters 27-116
Called from file "src/ocaml-output/FStar_Main.ml", line 220, characters 6-11

make: *** [Makefile:295: DataStream.fst-ver] Error 1
Error: not a valid include directory: C:\Build\Agent\_work\3\hacl-star\secure_api\LowCProvider\fst
Unexpected error
FStar_Errors.Err("not a valid include directory: C:\\Build\\Agent\\_work\\3\\hacl-star\\secure_api\\LowCProvider\\fst\n")
Raised by primitive operation at file "src/ocaml-output/FStar_Parser_Dep.ml", line 119, characters 12-33
Called from file "list.ml", line 73, characters 12-15
Called from file "src/ocaml-output/FStar_Parser_Dep.ml", line 98, characters 4-877
Called from file "src/ocaml-output/FStar_Parser_Dep.ml", line 615, characters 14-33
Called from file "src/ocaml-output/FStar_Dependencies.ml", line 12, characters 24-66
Called from file "src/ocaml-output/FStar_Main.ml", line 195, characters 27-116
Called from file "src/ocaml-output/FStar_Main.ml", line 220, characters 6-11

make: *** [Makefile:295: StatefulPlain.fst-ver] Error 1
Error: not a valid include directory: C:\Build\Agent\_work\3\hacl-star\secure_api\LowCProvider\fst
Unexpected error
FStar_Errors.Err("not a valid include directory: C:\\Build\\Agent\\_work\\3\\hacl-star\\secure_api\\LowCProvider\\fst\n")
Raised by primitive operation at file "src/ocaml-output/FStar_Parser_Dep.ml", line 119, characters 12-33
Called from file "list.ml", line 73, characters 12-15
Called from file "src/ocaml-output/FStar_Parser_Dep.ml", line 98, characters 4-877
Called from file "src/ocaml-output/FStar_Parser_Dep.ml", line 615, characters 14-33
Called from file "src/ocaml-output/FStar_Dependencies.ml", line 12, characters 24-66
Called from file "src/ocaml-output/FStar_Main.ml", line 195, characters 27-116
Called from file "src/ocaml-output/FStar_Main.ml", line 220, characters 6-11

make: *** [Makefile:295: AEAD_GCM.fst-ver] Error 1
Error: not a valid include directory: C:\Build\Agent\_work\3\hacl-star\secure_api\LowCProvider\fst
Unexpected error
FStar_Errors.Err("not a valid include directory: C:\\Build\\Agent\\_work\\3\\hacl-star\\secure_api\\LowCProvider\\fst\n")
Raised by primitive operation at file "src/ocaml-output/FStar_Parser_Dep.ml", line 119, characters 12-33
Called from file "list.ml", line 73, characters 12-15
Called from file "src/ocaml-output/FStar_Parser_Dep.ml", line 98, characters 4-877
Called from file "src/ocaml-output/FStar_Parser_Dep.ml", line 615, characters 14-33
Called from file "src/ocaml-output/FStar_Dependencies.ml", line 12, characters 24-66
Called from file "src/ocaml-output/FStar_Main.ml", line 195, characters 27-116
Called from file "src/ocaml-output/FStar_Main.ml", line 220, characters 6-11

Error: not a valid include directory: C:\Build\Agent\_work\3\hacl-star\secure_api\LowCProvider\fst
Error: not a valid include directory: C:\Build\Agent\_work\3\hacl-star\secure_api\LowCProvider\fst
Unexpected error
FStar_Errors.Err("not a valid include directory: C:\\Build\\Agent\\_work\\3\\hacl-star\\secure_api\\LowCProvider\\fst\n")
Raised by primitive operation at file "src/ocaml-output/FStar_Parser_Dep.ml", line 119, characters 12-33
Called from file "list.ml", line 73, characters 12-15
Called from file "src/ocaml-output/FStar_Parser_Dep.ml", line 98, characters 4-877
Called from file "src/ocaml-output/FStar_Parser_Dep.ml", line 615, characters 14-33
Called from file "src/ocaml-output/FStar_Dependencies.ml", line 12, characters 24-66
Called from file "src/ocaml-output/FStar_Main.ml", line 195, characters 27-116
Called from file "src/ocaml-output/FStar_Main.ml", line 220, characters 6-11

Unexpected error
FStar_Errors.Err("not a valid include directory: C:\\Build\\Agent\\_work\\3\\hacl-star\\secure_api\\LowCProvider\\fst\n")
Raised by primitive operation at file "src/ocaml-output/FStar_Parser_Dep.ml", line 119, characters 12-33
Called from file "list.ml", line 73, characters 12-15
Called from file "src/ocaml-output/FStar_Parser_Dep.ml", line 98, characters 4-877
Called from file "src/ocaml-output/FStar_Parser_Dep.ml", line 615, characters 14-33
Called from file "src/ocaml-output/FStar_Dependencies.ml", line 12, characters 24-66
Called from file "src/ocaml-output/FStar_Main.ml", line 195, characters 27-116
Called from file "src/ocaml-output/FStar_Main.ml", line 220, characters 6-11

make: *** [Makefile:295: MAC.fst-ver] Error 1
make: *** [Makefile:295: MasterSecret.fst-ver] Error 1
make: *** [Makefile:295: LHAEPlain.fst-ver] Error 1
Error: not a valid include directory: C:\Build\Agent\_work\3\hacl-star\secure_api\LowCProvider\fst
Unexpected error
FStar_Errors.Err("not a valid include directory: C:\\Build\\Agent\\_work\\3\\hacl-star\\secure_api\\LowCProvider\\fst\n")
Raised by primitive operation at file "src/ocaml-output/FStar_Parser_Dep.ml", line 119, characters 12-33
Called from file "list.ml", line 73, characters 12-15
Called from file "src/ocaml-output/FStar_Parser_Dep.ml", line 98, characters 4-877
Called from file "src/ocaml-output/FStar_Parser_Dep.ml", line 615, characters 14-33
Called from file "src/ocaml-output/FStar_Dependencies.ml", line 12, characters 24-66
Called from file "src/ocaml-output/FStar_Main.ml", line 195, characters 27-116
Called from file "src/ocaml-output/FStar_Main.ml", line 220, characters 6-11

Error: not a valid include directory: C:\Build\Agent\_work\3\hacl-star\secure_api\LowCProvider\fst
Unexpected error
FStar_Errors.Err("not a valid include directory: C:\\Build\\Agent\\_work\\3\\hacl-star\\secure_api\\LowCProvider\\fst\n")
Raised by primitive operation at file "src/ocaml-output/FStar_Parser_Dep.ml", line 119, characters 12-33
Called from file "list.ml", line 73, characters 12-15
Called from file "src/ocaml-output/FStar_Parser_Dep.ml", line 98, characters 4-877
Called from file "src/ocaml-output/FStar_Parser_Dep.ml", line 615, characters 14-33
Called from file "src/ocaml-output/FStar_Dependencies.ml", line 12, characters 24-66
Called from file "src/ocaml-output/FStar_Main.ml", line 195, characters 27-116
Called from file "src/ocaml-output/FStar_Main.ml", line 220, characters 6-11

make: *** [Makefile:295: StatefulLHAE.fst-ver] Error 1
make: *** [Makefile:295: MAC_SHA1.fst-ver] Error 1
Error: not a valid include directory: C:\Build\Agent\_work\3\hacl-star\secure_api\LowCProvider\fst
Unexpected error
FStar_Errors.Err("not a valid include directory: C:\\Build\\Agent\\_work\\3\\hacl-star\\secure_api\\LowCProvider\\fst\n")
Raised by primitive operation at file "src/ocaml-output/FStar_Parser_Dep.ml", line 119, characters 12-33
Called from file "list.ml", line 73, characters 12-15
Called from file "src/ocaml-output/FStar_Parser_Dep.ml", line 98, characters 4-877
Called from file "src/ocaml-output/FStar_Parser_Dep.ml", line 615, characters 14-33
Called from file "src/ocaml-output/FStar_Dependencies.ml", line 12, characters 24-66
Called from file "src/ocaml-output/FStar_Main.ml", line 195, characters 27-116
Called from file "src/ocaml-output/FStar_Main.ml", line 220, characters 6-11

make: *** [Makefile:295: KeySchedule.fst-ver] Error 1
Error: not a valid include directory: C:\Build\Agent\_work\3\hacl-star\secure_api\LowCProvider\fst
Unexpected error
FStar_Errors.Err("not a valid include directory: C:\\Build\\Agent\\_work\\3\\hacl-star\\secure_api\\LowCProvider\\fst\n")
Raised by primitive operation at file "src/ocaml-output/FStar_Parser_Dep.ml", line 119, characters 12-33
Called from file "list.ml", line 73, characters 12-15
Called from file "src/ocaml-output/FStar_Parser_Dep.ml", line 98, characters 4-877
Called from file "src/ocaml-output/FStar_Parser_Dep.ml", line 615, characters 14-33
Called from file "src/ocaml-output/FStar_Dependencies.ml", line 12, characters 24-66
Called from file "src/ocaml-output/FStar_Main.ml", line 195, characters 27-116
Called from file "src/ocaml-output/FStar_Main.ml", line 220, characters 6-11

make: *** [Makefile:295: MAC_SHA256.fst-ver] Error 1
Error: not a valid include directory: C:\Build\Agent\_work\3\hacl-star\secure_api\LowCProvider\fst
Unexpected error
FStar_Errors.Err("not a valid include directory: C:\\Build\\Agent\\_work\\3\\hacl-star\\secure_api\\LowCProvider\\fst\n")
Raised by primitive operation at file "src/ocaml-output/FStar_Parser_Dep.ml", line 119, characters 12-33
Called from file "list.ml", line 73, characters 12-15
Called from file "src/ocaml-output/FStar_Parser_Dep.ml", line 98, characters 4-877
Called from file "src/ocaml-output/FStar_Parser_Dep.ml", line 615, characters 14-33
Called from file "src/ocaml-output/FStar_Dependencies.ml", line 12, characters 24-66
Called from file "src/ocaml-output/FStar_Main.ml", line 195, characters 27-116
Called from file "src/ocaml-output/FStar_Main.ml", line 220, characters 6-11

make: *** [Makefile:295: Record.fst-ver] Error 1
Error: not a valid include directory: C:\Build\Agent\_work\3\hacl-star\secure_api\LowCProvider\fst
Unexpected error
FStar_Errors.Err("not a valid include directory: C:\\Build\\Agent\\_work\\3\\hacl-star\\secure_api\\LowCProvider\\fst\n")
Raised by primitive operation at file "src/ocaml-output/FStar_Parser_Dep.ml", line 119, characters 12-33
Called from file "list.ml", line 73, characters 12-15
Called from file "src/ocaml-output/FStar_Parser_Dep.ml", line 98, characters 4-877
Called from file "src/ocaml-output/FStar_Parser_Dep.ml", line 615, characters 14-33
Called from file "src/ocaml-output/FStar_Dependencies.ml", line 12, characters 24-66
Called from file "src/ocaml-output/FStar_Main.ml", line 195, characters 27-116
Called from file "src/ocaml-output/FStar_Main.ml", line 220, characters 6-11

Error: not a valid include directory: C:\Build\Agent\_work\3\hacl-star\secure_api\LowCProvider\fst
Unexpected error
FStar_Errors.Err("not a valid include directory: C:\\Build\\Agent\\_work\\3\\hacl-star\\secure_api\\LowCProvider\\fst\n")
Raised by primitive operation at file "src/ocaml-output/FStar_Parser_Dep.ml", line 119, characters 12-33
Called from file "list.ml", line 73, characters 12-15
Called from file "src/ocaml-output/FStar_Parser_Dep.ml", line 98, characters 4-877
Called from file "src/ocaml-output/FStar_Parser_Dep.ml", line 615, characters 14-33
Called from file "src/ocaml-output/FStar_Dependencies.ml", line 12, characters 24-66
Called from file "src/ocaml-output/FStar_Main.ml", line 195, characters 27-116
Called from file "src/ocaml-output/FStar_Main.ml", line 220, characters 6-11

Error: not a valid include directory: C:\Build\Agent\_work\3\hacl-star\secure_api\LowCProvider\fst
Unexpected error
FStar_Errors.Err("not a valid include directory: C:\\Build\\Agent\\_work\\3\\hacl-star\\secure_api\\LowCProvider\\fst\n")
Raised by primitive operation at file "src/ocaml-output/FStar_Parser_Dep.ml", line 119, characters 12-33
Called from file "list.ml", line 73, characters 12-15
Called from file "src/ocaml-output/FStar_Parser_Dep.ml", line 98, characters 4-877
Called from file "src/ocaml-output/FStar_Parser_Dep.ml", line 615, characters 14-33
Called from file "src/ocaml-output/FStar_Dependencies.ml", line 12, characters 24-66
Called from file "src/ocaml-output/FStar_Main.ml", line 195, characters 27-116
Called from file "src/ocaml-output/FStar_Main.ml", line 220, characters 6-11

make: *** [Makefile:295: HKDF.fst-ver] Error 1
make: *** [Makefile:295: StreamDeltas.fst-ver] Error 1
make: *** [Makefile:295: StAE.fst-ver] Error 1
Error: not a valid include directory: C:\Build\Agent\_work\3\hacl-star\secure_api\LowCProvider\fst
Unexpected error
FStar_Errors.Err("not a valid include directory: C:\\Build\\Agent\\_work\\3\\hacl-star\\secure_api\\LowCProvider\\fst\n")
Raised by primitive operation at file "src/ocaml-output/FStar_Parser_Dep.ml", line 119, characters 12-33
Called from file "list.ml", line 73, characters 12-15
Called from file "src/ocaml-output/FStar_Parser_Dep.ml", line 98, characters 4-877
Called from file "src/ocaml-output/FStar_Parser_Dep.ml", line 615, characters 14-33
Called from file "src/ocaml-output/FStar_Dependencies.ml", line 12, characters 24-66
Called from file "src/ocaml-output/FStar_Main.ml", line 195, characters 27-116
Called from file "src/ocaml-output/FStar_Main.ml", line 220, characters 6-11

make: *** [Makefile:295: Connection.fst-ver] Error 1
Error: not a valid include directory: C:\Build\Agent\_work\3\hacl-star\secure_api\LowCProvider\fst
Unexpected error
FStar_Errors.Err("not a valid include directory: C:\\Build\\Agent\\_work\\3\\hacl-star\\secure_api\\LowCProvider\\fst\n")
Raised by primitive operation at file "src/ocaml-output/FStar_Parser_Dep.ml", line 119, characters 12-33
Called from file "list.ml", line 73, characters 12-15
Called from file "src/ocaml-output/FStar_Parser_Dep.ml", line 98, characters 4-877
Called from file "src/ocaml-output/FStar_Parser_Dep.ml", line 615, characters 14-33
Called from file "src/ocaml-output/FStar_Dependencies.ml", line 12, characters 24-66
Called from file "src/ocaml-output/FStar_Main.ml", line 195, characters 27-116
Called from file "src/ocaml-output/FStar_Main.ml", line 220, characters 6-11

Error: not a valid include directory: C:\Build\Agent\_work\3\hacl-star\secure_api\LowCProvider\fst
make: *** [Makefile:295: ConnInvariant.fst-ver] Error 1
Unexpected error
FStar_Errors.Err("not a valid include directory: C:\\Build\\Agent\\_work\\3\\hacl-star\\secure_api\\LowCProvider\\fst\n")
Raised by primitive operation at file "src/ocaml-output/FStar_Parser_Dep.ml", line 119, characters 12-33
Called from file "list.ml", line 73, characters 12-15
Called from file "src/ocaml-output/FStar_Parser_Dep.ml", line 98, characters 4-877
Called from file "src/ocaml-output/FStar_Parser_Dep.ml", line 615, characters 14-33
Called from file "src/ocaml-output/FStar_Dependencies.ml", line 12, characters 24-66
Called from file "src/ocaml-output/FStar_Main.ml", line 195, characters 27-116
Called from file "src/ocaml-output/FStar_Main.ml", line 220, characters 6-11

Error: not a valid include directory: C:\Build\Agent\_work\3\hacl-star\secure_api\LowCProvider\fst
Unexpected error
FStar_Errors.Err("not a valid include directory: C:\\Build\\Agent\\_work\\3\\hacl-star\\secure_api\\LowCProvider\\fst\n")
Raised by primitive operation at file "src/ocaml-output/FStar_Parser_Dep.ml", line 119, characters 12-33
Called from file "list.ml", line 73, characters 12-15
Called from file "src/ocaml-output/FStar_Parser_Dep.ml", line 98, characters 4-877
Called from file "src/ocaml-output/FStar_Parser_Dep.ml", line 615, characters 14-33
Called from file "src/ocaml-output/FStar_Dependencies.ml", line 12, characters 24-66
Called from file "src/ocaml-output/FStar_Main.ml", line 195, characters 27-116
Called from file "src/ocaml-output/FStar_Main.ml", line 220, characters 6-11

make: *** [Makefile:295: Epochs.fst-ver] Error 1
make: *** [Makefile:295: FFI.fst-ver] Error 1
Error: not a valid include directory: C:\Build\Agent\_work\3\hacl-star\secure_api\LowCProvider\fst
Unexpected error
FStar_Errors.Err("not a valid include directory: C:\\Build\\Agent\\_work\\3\\hacl-star\\secure_api\\LowCProvider\\fst\n")
Raised by primitive operation at file "src/ocaml-output/FStar_Parser_Dep.ml", line 119, characters 12-33
Called from file "list.ml", line 73, characters 12-15
Called from file "src/ocaml-output/FStar_Parser_Dep.ml", line 98, characters 4-877
Called from file "src/ocaml-output/FStar_Parser_Dep.ml", line 615, characters 14-33
Called from file "src/ocaml-output/FStar_Dependencies.ml", line 12, characters 24-66
Called from file "src/ocaml-output/FStar_Main.ml", line 195, characters 27-116
Called from file "src/ocaml-output/FStar_Main.ml", line 220, characters 6-11

make: *** [Makefile:295: TLS.fst-ver] Error 1
make: Target 'all-ver' not remade because of errors.
