From https://github.com/FStarLang/FStar
e3d946a..b047e9f  c_valedev_initial -> origin/c_valedev_initial
7616c06..396c702  master     -> origin/master
fc4eaf9..396c702  taramana_private -> origin/taramana_private
Warning: you are using the standard library and/or the %inline keyword. We
recommend switching on --infer in order to avoid obscure type error messages.
6 shift/reduce conflicts.
File "src/basic/ml/FStar_Util.ml", line 47, characters 57-65:
Warning 40: st_mtime was selected from type BatUnix.stats.
It is not visible in the current scope, and will not 
be selected if the type becomes unknown.
File "src/basic/ml/FStar_Util.ml", line 47, characters 57-65:
Warning 40: st_mtime was selected from type BatUnix.stats.
It is not visible in the current scope, and will not 
be selected if the type becomes unknown.
.\TLSConstants.fst(44,0-44,63): (Warning) Top-level let-bindings must be total; this term may have effects
.\TLSConstants.fst(46,0-47,25): (Warning) Top-level let-bindings must be total; this term may have effects
Warning: Unable to open hints file: C:\Build\Agent\_work\3\s\src\tls\Hashing.OpenSSL.fst.hints; ran without hints
Warning: Unable to open hints file: C:\Build\Agent\_work\3\s\src\tls\Hashing.Spec.fst.hints; ran without hints
.\Nonce.fst(47,0-48,55): (Warning) Top-level let-bindings must be total; this term may have effects
.\IdNonce.fst(20,0-21,60): (Warning) Top-level let-bindings must be total; this term may have effects
Warning: Unable to open hints file: C:\Build\Agent\_work\3\s\src\tls\Hashing.CRF.fst.hints; ran without hints
.\Hashing.CRF.fst(28,8-28,80): (Warning) Top-level let-bindings must be total; this term may have effects
.\Nonce.fst(132,0-132,40): (Warning) Top-level let-bindings must be total; this term may have effects
.\Signature.fst(108,0-108,67): (Warning) Top-level let-bindings must be total; this term may have effects
.\Signature.fst(183,0-183,32): (Warning) Top-level let-bindings must be total; this term may have effects
Warning: Unable to open hints file: C:\Build\Agent\_work\3\s\src\tls\HKDF.fsti.hints; ran without hints
.\MasterSecret.fst(34,0-35,75): (Warning) Top-level let-bindings must be total; this term may have effects
.\MAC_SHA1.fst(66,36-66,42): (Error) Subtyping check failed; expected type (lbytes (macKeySize a)); got type (key i) (see .\HashMAC.fst(69,34-69,48))
.\MAC_SHA1.fst(79,34-79,40): (Error) Subtyping check failed; expected type (lbytes (macKeySize a)); got type (key i) (see .\HashMAC.fst(77,40-77,54))
Verified module: MAC_SHA1 (78983 milliseconds)
2 errors were reported (see above)
make: *** [Makefile:249: MAC_SHA1.fst-ver] Error 1
.\MAC_SHA256.fst(66,36-66,42): (Error) Subtyping check failed; expected type (lbytes (macKeySize a)); got type (key i) (see .\HashMAC.fst(69,34-69,48))
.\MAC_SHA256.fst(79,34-79,40): (Error) Subtyping check failed; expected type (lbytes (macKeySize a)); got type (key i) (see .\HashMAC.fst(77,40-77,54))
Verified module: MAC_SHA256 (85900 milliseconds)
2 errors were reported (see above)
make: *** [Makefile:249: MAC_SHA256.fst-ver] Error 1
.\ConnInvariant.fst(90,0-91,64): (Warning) Top-level let-bindings must be total; this term may have effects
make: Target 'all-ver' not remade because of errors.
