From https://github.com/FStarLang/FStar
d745b45..cd507f2  master     -> origin/master
d866f4c..2c2e0bf  aseem_serialization_experiment -> origin/aseem_serialization_experiment
* [new branch]      cpitclaudel_argnames -> origin/cpitclaudel_argnames
* [new branch]      cpitclaudel_refactored_errors -> origin/cpitclaudel_refactored_errors
+ 02cdf50...45f3476 cpitclaudel_show_match -> origin/cpitclaudel_show_match  (forced update)
* [new branch]      cpitclaudel_syntax_check -> origin/cpitclaudel_syntax_check
a563381..36152c7  darrenge_fstar -> origin/darrenge_fstar
* [new branch]      kyod_list_additions -> origin/kyod_list_additions
a653ae0..158ab55  kyod_pemfstar -> origin/kyod_pemfstar
1470e4c..4c6ddb0  nik_private -> origin/nik_private
f0217c7..17ab358  taramana_modifies -> origin/taramana_modifies
Warning: you are using the standard library and/or the %inline keyword. We
recommend switching on --infer in order to avoid obscure type error messages.
7 shift/reduce conflicts.
File "src/basic/ml/FStar_Util.ml", line 47, characters 57-65:
Warning 40: st_mtime was selected from type BatUnix.stats.
It is not visible in the current scope, and will not 
be selected if the type becomes unknown.
File "src/basic/ml/FStar_Util.ml", line 659, characters 2-13:
Warning 10: this expression should have type unit.
File "src/basic/ml/FStar_Util.ml", line 47, characters 57-65:
Warning 40: st_mtime was selected from type BatUnix.stats.
It is not visible in the current scope, and will not 
be selected if the type becomes unknown.
File "src/basic/ml/FStar_Util.ml", line 659, characters 2-13:
Warning 10: this expression should have type unit.
.\TLSConstants.fst(44,0-44,63): (Warning) Top-level let-bindings must be total; this term may have effects
.\TLSConstants.fst(46,0-47,25): (Warning) Top-level let-bindings must be total; this term may have effects
.\Nonce.fst(47,0-48,55): (Warning) Top-level let-bindings must be total; this term may have effects
.\IdNonce.fst(20,0-21,60): (Warning) Top-level let-bindings must be total; this term may have effects
.\Nonce.fst(132,0-132,40): (Warning) Top-level let-bindings must be total; this term may have effects
.\Signature.fst(105,0-105,67): (Warning) Top-level let-bindings must be total; this term may have effects
.\Signature.fst(180,0-180,32): (Warning) Top-level let-bindings must be total; this term may have effects
.\MasterSecret.fst(34,0-35,75): (Warning) Top-level let-bindings must be total; this term may have effects
.\ConnInvariant.fst(90,0-91,64): (Warning) Top-level let-bindings must be total; this term may have effects
Warning: you are leaving 1 commit behind, not connected to
any of your branches:

a620bcd [CI] regenerate hints

If you want to keep it by creating a new branch, this may be a good time
to do so with:

git branch <new-branch-name> a620bcd

Switched to branch 'master'
To git@github.com:mitls/mitls-fstar.git
6b8f1f4..a620bcd  master -> master
