C:\Build\Agent\_work\3\s\fstar\ucontrib\Platform\fst\Platform.Error.fst(27,33-29,31) : (Error) Constructor ST not found
Unexpected error
FStar_Errors.Error(_)
Raised by primitive operation at file "src/batString.mlv", line 145, characters 30-54
Called from file "src/batReturn.ml", line 29, characters 6-29

make: *** [Makefile:240: TLSError.fst-ver] Error 1
C:\Build\Agent\_work\3\s\fstar\ucontrib\Platform\fst\Platform.Error.fst(27,33-29,31) : (Error) Constructor ST not found
Unexpected error
FStar_Errors.Error(_)
Raised by primitive operation at file "src/batString.mlv", line 145, characters 30-54
Called from file "src/batReturn.ml", line 29, characters 6-29

C:\Build\Agent\_work\3\s\fstar\ucontrib\Platform\fst\Platform.Error.fst(27,33-29,31) : (Error) Constructor ST not found
Unexpected error
FStar_Errors.Error(_)
Raised by primitive operation at file "src/batString.mlv", line 145, characters 30-54
Called from file "src/batReturn.ml", line 29, characters 6-29

make: *** [Makefile:240: Cert.fst-ver] Error 1
make: *** [Makefile:240: Transport.fst-ver] Error 1
C:\Build\Agent\_work\3\s\fstar\ucontrib\Platform\fst\Platform.Error.fst(27,33-29,31) : (Error) Constructor ST not found
Unexpected error
FStar_Errors.Error(_)
Raised by primitive operation at file "src/batString.mlv", line 145, characters 30-54
Called from file "src/batReturn.ml", line 29, characters 6-29

make: *** [Makefile:240: DHGroup.fst-ver] Error 1
Warning: Unable to open hints file: C:\Build\Agent\_work\3\s\src\tls\Flags.fst.hints; ran without hints
C:\Build\Agent\_work\3\s\fstar\ucontrib\Platform\fst\Platform.Error.fst(27,33-29,31) : (Error) Constructor ST not found
Unexpected error
FStar_Errors.Error(_)
Raised by primitive operation at file "src/batString.mlv", line 145, characters 30-54
Called from file "src/batReturn.ml", line 29, characters 6-29

C:\Build\Agent\_work\3\s\fstar\ucontrib\Platform\fst\Platform.Error.fst(27,33-29,31) : (Error) Constructor ST not found
Unexpected error
FStar_Errors.Error(_)
Raised by primitive operation at file "src/batString.mlv", line 145, characters 30-54
Called from file "src/batReturn.ml", line 29, characters 6-29

make: *** [Makefile:240: RSAKey.fst-ver] Error 1
make: *** [Makefile:240: TLSConstants.fst-ver] Error 1
C:\Build\Agent\_work\3\s\fstar\ucontrib\Platform\fst\Platform.Error.fst(27,33-29,31) : (Error) Constructor ST not found
Unexpected error
FStar_Errors.Error(_)
Raised by primitive operation at file "src/batString.mlv", line 145, characters 30-54
Called from file "src/batReturn.ml", line 29, characters 6-29

make: *** [Makefile:240: PMS.fst-ver] Error 1
C:\Build\Agent\_work\3\s\fstar\ucontrib\Platform\fst\Platform.Error.fst(27,33-29,31) : (Error) Constructor ST not found
Unexpected error
FStar_Errors.Error(_)
Raised by primitive operation at file "src/batString.mlv", line 145, characters 30-54
Called from file "src/batReturn.ml", line 29, characters 6-29

make: *** [Makefile:240: CommonDH.fst-ver] Error 1
C:\Build\Agent\_work\3\s\fstar\ucontrib\Platform\fst\Platform.Error.fst(27,33-29,31) : (Error) Constructor ST not found
Unexpected error
FStar_Errors.Error(_)
Raised by primitive operation at file "src/batString.mlv", line 145, characters 30-54
Called from file "src/batReturn.ml", line 29, characters 6-29

make: *** [Makefile:240: ECGroup.fst-ver] Error 1
.\TLSConstants.fst(1255,0-1266,78) : (Error) Computed type "(l#77382:(list certType){(b2t (op_LessThanOrEqual (length l@0) 1))})" and effect "STATE" is not compatible with the annotated type "(l#77382:(list certType){(b2t (op_LessThanOrEqual (length l@0) 1))})" effect "Tot"
Unexpected error
FStar_Errors.Error(_)
Raised by primitive operation at file "src/batString.mlv", line 145, characters 30-54
Called from file "src/batReturn.ml", line 29, characters 6-29

make: *** [Makefile:240: StreamAE.fst-ver] Error 1
.\TLSConstants.fst(1255,0-1266,78) : (Error) Computed type "(l#77382:(list certType){(b2t (op_LessThanOrEqual (length l@0) 1))})" and effect "STATE" is not compatible with the annotated type "(l#77382:(list certType){(b2t (op_LessThanOrEqual (length l@0) 1))})" effect "Tot"
Unexpected error
FStar_Errors.Error(_)
Raised by primitive operation at file "src/batString.mlv", line 145, characters 30-54
Called from file "src/batReturn.ml", line 29, characters 6-29

make: *** [Makefile:240: Signature.fst-ver] Error 1
.\TLSConstants.fst(1255,0-1266,78) : (Error) Computed type "(l#77382:(list certType){(b2t (op_LessThanOrEqual (length l@0) 1))})" and effect "STATE" is not compatible with the annotated type "(l#77382:(list certType){(b2t (op_LessThanOrEqual (length l@0) 1))})" effect "Tot"
Unexpected error
FStar_Errors.Error(_)
Raised by primitive operation at file "src/batString.mlv", line 145, characters 30-54
Called from file "src/batReturn.ml", line 29, characters 6-29

make: *** [Makefile:240: Nonce.fst-ver] Error 1
.\TLSConstants.fst(1255,0-1266,78) : (Error) Computed type "(l#77382:(list certType){(b2t (op_LessThanOrEqual (length l@0) 1))})" and effect "STATE" is not compatible with the annotated type "(l#77382:(list certType){(b2t (op_LessThanOrEqual (length l@0) 1))})" effect "Tot"
Unexpected error
FStar_Errors.Error(_)
Raised by primitive operation at file "src/batString.mlv", line 145, characters 30-54
Called from file "src/batReturn.ml", line 29, characters 6-29

.\TLSConstants.fst(1255,0-1266,78) : (Error) Computed type "(l#77382:(list certType){(b2t (op_LessThanOrEqual (length l@0) 1))})" and effect "STATE" is not compatible with the annotated type "(l#77382:(list certType){(b2t (op_LessThanOrEqual (length l@0) 1))})" effect "Tot"
Unexpected error
FStar_Errors.Error(_)
Raised by primitive operation at file "src/batString.mlv", line 145, characters 30-54
Called from file "src/batReturn.ml", line 29, characters 6-29

make: *** [Makefile:240: TLSExtensions.fst-ver] Error 1
make: *** [Makefile:240: Hashing.fst-ver] Error 1
.\TLSConstants.fst(1255,0-1266,78) : (Error) Computed type "(l#77382:(list certType){(b2t (op_LessThanOrEqual (length l@0) 1))})" and effect "STATE" is not compatible with the annotated type "(l#77382:(list certType){(b2t (op_LessThanOrEqual (length l@0) 1))})" effect "Tot"
Unexpected error
FStar_Errors.Error(_)
Raised by primitive operation at file "src/batString.mlv", line 145, characters 30-54
Called from file "src/batReturn.ml", line 29, characters 6-29

make: *** [Makefile:240: HashMAC.fst-ver] Error 1
.\TLSConstants.fst(1255,0-1266,78) : (Error) Computed type "(l#77382:(list certType){(b2t (op_LessThanOrEqual (length l@0) 1))})" and effect "STATE" is not compatible with the annotated type "(l#77382:(list certType){(b2t (op_LessThanOrEqual (length l@0) 1))})" effect "Tot"
Unexpected error
FStar_Errors.Error(_)
Raised by primitive operation at file "src/batString.mlv", line 145, characters 30-54
Called from file "src/batReturn.ml", line 29, characters 6-29

make: *** [Makefile:240: IdNonce.fst-ver] Error 1
.\TLSConstants.fst(1255,0-1266,78) : (Error) Computed type "(l#77382:(list certType){(b2t (op_LessThanOrEqual (length l@0) 1))})" and effect "STATE" is not compatible with the annotated type "(l#77382:(list certType){(b2t (op_LessThanOrEqual (length l@0) 1))})" effect "Tot"
Unexpected error
FStar_Errors.Error(_)
Raised by primitive operation at file "src/batString.mlv", line 145, characters 30-54
Called from file "src/batReturn.ml", line 29, characters 6-29

make: *** [Makefile:240: TLSInfo.fst-ver] Error 1
.\TLSConstants.fst(1255,0-1266,78) : (Error) Computed type "(l#77382:(list certType){(b2t (op_LessThanOrEqual (length l@0) 1))})" and effect "STATE" is not compatible with the annotated type "(l#77382:(list certType){(b2t (op_LessThanOrEqual (length l@0) 1))})" effect "Tot"
Unexpected error
FStar_Errors.Error(_)
Raised by primitive operation at file "src/batString.mlv", line 145, characters 30-54
Called from file "src/batReturn.ml", line 29, characters 6-29

make: *** [Makefile:240: StreamPlain.fst-ver] Error 1
.\TLSConstants.fst(1255,0-1266,78) : (Error) Computed type "(l#77382:(list certType){(b2t (op_LessThanOrEqual (length l@0) 1))})" and effect "STATE" is not compatible with the annotated type "(l#77382:(list certType){(b2t (op_LessThanOrEqual (length l@0) 1))})" effect "Tot"
Unexpected error
FStar_Errors.Error(_)
Raised by primitive operation at file "src/batString.mlv", line 145, characters 30-54
Called from file "src/batReturn.ml", line 29, characters 6-29

.\TLSConstants.fst(1255,0-1266,78) : (Error) Computed type "(l#77382:(list certType){(b2t (op_LessThanOrEqual (length l@0) 1))})" and effect "STATE" is not compatible with the annotated type "(l#77382:(list certType){(b2t (op_LessThanOrEqual (length l@0) 1))})" effect "Tot"
Unexpected error
FStar_Errors.Error(_)
Raised by primitive operation at file "src/batString.mlv", line 145, characters 30-54
Called from file "src/batReturn.ml", line 29, characters 6-29

make: *** [Makefile:240: Alert.fst-ver] Error 1
make: *** [Makefile:240: DataStream.fst-ver] Error 1
.\TLSConstants.fst(1255,0-1266,78) : (Error) Computed type "(l#77382:(list certType){(b2t (op_LessThanOrEqual (length l@0) 1))})" and effect "STATE" is not compatible with the annotated type "(l#77382:(list certType){(b2t (op_LessThanOrEqual (length l@0) 1))})" effect "Tot"
Unexpected error
FStar_Errors.Error(_)
Raised by primitive operation at file "src/batString.mlv", line 145, characters 30-54
Called from file "src/batReturn.ml", line 29, characters 6-29

make: *** [Makefile:240: Content.fst-ver] Error 1
C:\Build\Agent\_work\3\s\fstar\ucontrib\Platform\fst\Platform.Error.fst(27,33-29,31) : (Error) Constructor ST not found
Unexpected error
FStar_Errors.Error(_)
Raised by primitive operation at file "src/batString.mlv", line 145, characters 30-54
Called from file "src/batReturn.ml", line 29, characters 6-29

make: *** [Makefile:240: HKDF.fst-ver] Error 1
.\TLSConstants.fst(1255,0-1266,78) : (Error) Computed type "(l#77382:(list certType){(b2t (op_LessThanOrEqual (length l@0) 1))})" and effect "STATE" is not compatible with the annotated type "(l#77382:(list certType){(b2t (op_LessThanOrEqual (length l@0) 1))})" effect "Tot"
Unexpected error
FStar_Errors.Error(_)
Raised by primitive operation at file "src/batString.mlv", line 145, characters 30-54
Called from file "src/batReturn.ml", line 29, characters 6-29

.\TLSConstants.fst(1255,0-1266,78) : (Error) Computed type "(l#77382:(list certType){(b2t (op_LessThanOrEqual (length l@0) 1))})" and effect "STATE" is not compatible with the annotated type "(l#77382:(list certType){(b2t (op_LessThanOrEqual (length l@0) 1))})" effect "Tot"
Unexpected error
FStar_Errors.Error(_)
Raised by primitive operation at file "src/batString.mlv", line 145, characters 30-54
Called from file "src/batReturn.ml", line 29, characters 6-29

make: *** [Makefile:240: LHAEPlain.fst-ver] Error 1
.\TLSConstants.fst(1255,0-1266,78) : (Error) Computed type "(l#77382:(list certType){(b2t (op_LessThanOrEqual (length l@0) 1))})" and effect "STATE" is not compatible with the annotated type "(l#77382:(list certType){(b2t (op_LessThanOrEqual (length l@0) 1))})" effect "Tot"
Unexpected error
FStar_Errors.Error(_)
Raised by primitive operation at file "src/batString.mlv", line 145, characters 30-54
Called from file "src/batReturn.ml", line 29, characters 6-29

make: *** [Makefile:240: MasterSecret.fst-ver] Error 1
make: *** [Makefile:240: MAC.fst-ver] Error 1
.\TLSConstants.fst(1255,0-1266,78) : (Error) Computed type "(l#77382:(list certType){(b2t (op_LessThanOrEqual (length l@0) 1))})" and effect "STATE" is not compatible with the annotated type "(l#77382:(list certType){(b2t (op_LessThanOrEqual (length l@0) 1))})" effect "Tot"
Unexpected error
FStar_Errors.Error(_)
Raised by primitive operation at file "src/batString.mlv", line 145, characters 30-54
Called from file "src/batReturn.ml", line 29, characters 6-29

make: *** [Makefile:240: Range.fst-ver] Error 1
.\TLSConstants.fst(1255,0-1266,78) : (Error) Computed type "(l#77382:(list certType){(b2t (op_LessThanOrEqual (length l@0) 1))})" and effect "STATE" is not compatible with the annotated type "(l#77382:(list certType){(b2t (op_LessThanOrEqual (length l@0) 1))})" effect "Tot"
Unexpected error
FStar_Errors.Error(_)
Raised by primitive operation at file "src/batString.mlv", line 145, characters 30-54
Called from file "src/batReturn.ml", line 29, characters 6-29

make: *** [Makefile:240: StatefulPlain.fst-ver] Error 1
.\TLSConstants.fst(1255,0-1266,78) : (Error) Computed type "(l#77382:(list certType){(b2t (op_LessThanOrEqual (length l@0) 1))})" and effect "STATE" is not compatible with the annotated type "(l#77382:(list certType){(b2t (op_LessThanOrEqual (length l@0) 1))})" effect "Tot"
Unexpected error
FStar_Errors.Error(_)
Raised by primitive operation at file "src/batString.mlv", line 145, characters 30-54
Called from file "src/batReturn.ml", line 29, characters 6-29

make: *** [Makefile:240: Record.fst-ver] Error 1
.\TLSConstants.fst(1255,0-1266,78) : (Error) Computed type "(l#77382:(list certType){(b2t (op_LessThanOrEqual (length l@0) 1))})" and effect "STATE" is not compatible with the annotated type "(l#77382:(list certType){(b2t (op_LessThanOrEqual (length l@0) 1))})" effect "Tot"
Unexpected error
FStar_Errors.Error(_)
Raised by primitive operation at file "src/batString.mlv", line 145, characters 30-54
Called from file "src/batReturn.ml", line 29, characters 6-29

make: *** [Makefile:240: MAC_SHA256.fst-ver] Error 1
.\TLSConstants.fst(1255,0-1266,78) : (Error) Computed type "(l#77382:(list certType){(b2t (op_LessThanOrEqual (length l@0) 1))})" and effect "STATE" is not compatible with the annotated type "(l#77382:(list certType){(b2t (op_LessThanOrEqual (length l@0) 1))})" effect "Tot"
Unexpected error
FStar_Errors.Error(_)
Raised by primitive operation at file "src/batString.mlv", line 145, characters 30-54
Called from file "src/batReturn.ml", line 29, characters 6-29

make: *** [Makefile:240: MAC_SHA1.fst-ver] Error 1
.\TLSConstants.fst(1255,0-1266,78) : (Error) Computed type "(l#77382:(list certType){(b2t (op_LessThanOrEqual (length l@0) 1))})" and effect "STATE" is not compatible with the annotated type "(l#77382:(list certType){(b2t (op_LessThanOrEqual (length l@0) 1))})" effect "Tot"
Unexpected error
FStar_Errors.Error(_)
Raised by primitive operation at file "src/batString.mlv", line 145, characters 30-54
Called from file "src/batReturn.ml", line 29, characters 6-29

make: *** [Makefile:240: StAE.fst-ver] Error 1
.\TLSConstants.fst(1255,0-1266,78) : (Error) Computed type "(l#77382:(list certType){(b2t (op_LessThanOrEqual (length l@0) 1))})" and effect "STATE" is not compatible with the annotated type "(l#77382:(list certType){(b2t (op_LessThanOrEqual (length l@0) 1))})" effect "Tot"
Unexpected error
FStar_Errors.Error(_)
Raised by primitive operation at file "src/batString.mlv", line 145, characters 30-54
Called from file "src/batReturn.ml", line 29, characters 6-29

make: *** [Makefile:240: AEAD_GCM.fst-ver] Error 1
.\TLSConstants.fst(1255,0-1266,78) : (Error) Computed type "(l#77382:(list certType){(b2t (op_LessThanOrEqual (length l@0) 1))})" and effect "STATE" is not compatible with the annotated type "(l#77382:(list certType){(b2t (op_LessThanOrEqual (length l@0) 1))})" effect "Tot"
Unexpected error
FStar_Errors.Error(_)
Raised by primitive operation at file "src/batString.mlv", line 145, characters 30-54
Called from file "src/batReturn.ml", line 29, characters 6-29

make: *** [Makefile:240: StatefulLHAE.fst-ver] Error 1
.\TLSConstants.fst(1255,0-1266,78) : (Error) Computed type "(l#77382:(list certType){(b2t (op_LessThanOrEqual (length l@0) 1))})" and effect "STATE" is not compatible with the annotated type "(l#77382:(list certType){(b2t (op_LessThanOrEqual (length l@0) 1))})" effect "Tot"
Unexpected error
FStar_Errors.Error(_)
Raised by primitive operation at file "src/batString.mlv", line 145, characters 30-54
Called from file "src/batReturn.ml", line 29, characters 6-29

make: *** [Makefile:240: KeySchedule.fst-ver] Error 1
.\TLSConstants.fst(1255,0-1266,78) : (Error) Computed type "(l#77382:(list certType){(b2t (op_LessThanOrEqual (length l@0) 1))})" and effect "STATE" is not compatible with the annotated type "(l#77382:(list certType){(b2t (op_LessThanOrEqual (length l@0) 1))})" effect "Tot"
Unexpected error
FStar_Errors.Error(_)
Raised by primitive operation at file "src/batString.mlv", line 145, characters 30-54
Called from file "src/batReturn.ml", line 29, characters 6-29

make: *** [Makefile:240: StreamDeltas.fst-ver] Error 1
.\TLSConstants.fst(1255,0-1266,78) : (Error) Computed type "(l#77382:(list certType){(b2t (op_LessThanOrEqual (length l@0) 1))})" and effect "STATE" is not compatible with the annotated type "(l#77382:(list certType){(b2t (op_LessThanOrEqual (length l@0) 1))})" effect "Tot"
Unexpected error
FStar_Errors.Error(_)
Raised by primitive operation at file "src/batString.mlv", line 145, characters 30-54
Called from file "src/batReturn.ml", line 29, characters 6-29

make: *** [Makefile:240: Epochs.fst-ver] Error 1
.\TLSConstants.fst(1255,0-1266,78) : (Error) Computed type "(l#77382:(list certType){(b2t (op_LessThanOrEqual (length l@0) 1))})" and effect "STATE" is not compatible with the annotated type "(l#77382:(list certType){(b2t (op_LessThanOrEqual (length l@0) 1))})" effect "Tot"
Unexpected error
FStar_Errors.Error(_)
Raised by primitive operation at file "src/batString.mlv", line 145, characters 30-54
Called from file "src/batReturn.ml", line 29, characters 6-29

make: *** [Makefile:240: Connection.fst-ver] Error 1
.\TLSConstants.fst(1255,0-1266,78) : (Error) Computed type "(l#77382:(list certType){(b2t (op_LessThanOrEqual (length l@0) 1))})" and effect "STATE" is not compatible with the annotated type "(l#77382:(list certType){(b2t (op_LessThanOrEqual (length l@0) 1))})" effect "Tot"
Unexpected error
FStar_Errors.Error(_)
Raised by primitive operation at file "src/batString.mlv", line 145, characters 30-54
Called from file "src/batReturn.ml", line 29, characters 6-29

make: *** [Makefile:240: ConnInvariant.fst-ver] Error 1
.\TLSConstants.fst(1255,0-1266,78) : (Error) Computed type "(l#77382:(list certType){(b2t (op_LessThanOrEqual (length l@0) 1))})" and effect "STATE" is not compatible with the annotated type "(l#77382:(list certType){(b2t (op_LessThanOrEqual (length l@0) 1))})" effect "Tot"
Unexpected error
FStar_Errors.Error(_)
Raised by primitive operation at file "src/batString.mlv", line 145, characters 30-54
Called from file "src/batReturn.ml", line 29, characters 6-29

make: *** [Makefile:240: FFI.fst-ver] Error 1
.\TLSConstants.fst(1255,0-1266,78) : (Error) Computed type "(l#77382:(list certType){(b2t (op_LessThanOrEqual (length l@0) 1))})" and effect "STATE" is not compatible with the annotated type "(l#77382:(list certType){(b2t (op_LessThanOrEqual (length l@0) 1))})" effect "Tot"
Unexpected error
FStar_Errors.Error(_)
Raised by primitive operation at file "src/batString.mlv", line 145, characters 30-54
Called from file "src/batReturn.ml", line 29, characters 6-29

make: *** [Makefile:240: TLS.fst-ver] Error 1
make: Target 'all-ver' not remade because of errors.
