Warning: you are using the standard library and/or the %inline keyword. We
recommend switching on --infer in order to avoid obscure type error messages.
File "src/basic/ml/FStar_Util.ml", line 47, characters 57-65:
Warning 40: st_mtime was selected from type BatUnix.stats.
It is not visible in the current scope, and will not 
be selected if the type becomes unknown.
File "src/basic/ml/FStar_Util.ml", line 47, characters 57-65:
Warning 40: st_mtime was selected from type BatUnix.stats.
It is not visible in the current scope, and will not 
be selected if the type becomes unknown.
make[3]: warning: jobserver unavailable: using -j1.  Add '+' to parent make rule.
Extracted.mk:101: warning: overriding recipe for target 'mitls.cmxa'
Makefile:190: warning: ignoring old recipe for target 'mitls.cmxa'
Extracted.mk:104: warning: overriding recipe for target 'mitls.exe'
Makefile:193: warning: ignoring old recipe for target 'mitls.exe'
Extracted.mk:180: warning: overriding recipe for target 'cmitls.o'
Makefile:196: warning: ignoring old recipe for target 'cmitls.o'
Extracted.mk:182: warning: overriding recipe for target 'cmitls.exe'
Makefile:198: warning: ignoring old recipe for target 'cmitls.exe'
make[3]: warning: jobserver unavailable: using -j1.  Add '+' to parent make rule.
Extracted.mk:101: warning: overriding recipe for target 'mitls.cmxa'
Makefile:190: warning: ignoring old recipe for target 'mitls.cmxa'
Extracted.mk:104: warning: overriding recipe for target 'mitls.exe'
Makefile:193: warning: ignoring old recipe for target 'mitls.exe'
Extracted.mk:180: warning: overriding recipe for target 'cmitls.o'
Makefile:196: warning: ignoring old recipe for target 'cmitls.o'
Extracted.mk:182: warning: overriding recipe for target 'cmitls.exe'
Makefile:198: warning: ignoring old recipe for target 'cmitls.exe'
ffi.c:1:0: warning: -fPIC ignored for target (all code is position independent)
#include <stdio.h>
^
make[3]: Circular C:/Build/Agent1/_work/5/s/fstar/ucontrib/CoreCrypto/ml/db/DB.cmi <- C:/Build/Agent1/_work/5/s/fstar/ucontrib/CoreCrypto/ml/db/DB.cmi dependency dropped.
make[3]: Circular ../../libs/ffi/FFICallbacks.cmi <- ../../libs/ffi/FFICallbacks.cmi dependency dropped.
make[3]: warning: jobserver unavailable: using -j1.  Add '+' to parent make rule.
Extracted.mk:101: warning: overriding recipe for target 'mitls.cmxa'
Makefile:190: warning: ignoring old recipe for target 'mitls.cmxa'
Extracted.mk:104: warning: overriding recipe for target 'mitls.exe'
Makefile:193: warning: ignoring old recipe for target 'mitls.exe'
Extracted.mk:180: warning: overriding recipe for target 'cmitls.o'
Makefile:196: warning: ignoring old recipe for target 'cmitls.o'
Extracted.mk:182: warning: overriding recipe for target 'cmitls.exe'
Makefile:198: warning: ignoring old recipe for target 'cmitls.exe'
make[3]: Circular C:/Build/Agent1/_work/5/s/fstar/ucontrib/CoreCrypto/ml/db/DB.cmi <- C:/Build/Agent1/_work/5/s/fstar/ucontrib/CoreCrypto/ml/db/DB.cmi dependency dropped.
make[3]: Circular ../../libs/ffi/FFICallbacks.cmi <- ../../libs/ffi/FFICallbacks.cmi dependency dropped.
make[3]: warning: jobserver unavailable: using -j1.  Add '+' to parent make rule.
Extracted.mk:101: warning: overriding recipe for target 'mitls.cmxa'
Makefile:190: warning: ignoring old recipe for target 'mitls.cmxa'
Extracted.mk:104: warning: overriding recipe for target 'mitls.exe'
Makefile:193: warning: ignoring old recipe for target 'mitls.exe'
Extracted.mk:180: warning: overriding recipe for target 'cmitls.o'
Makefile:196: warning: ignoring old recipe for target 'cmitls.o'
Extracted.mk:182: warning: overriding recipe for target 'cmitls.exe'
Makefile:198: warning: ignoring old recipe for target 'cmitls.exe'
make[3]: Circular C:/Build/Agent1/_work/5/s/fstar/ucontrib/CoreCrypto/ml/db/DB.cmi <- C:/Build/Agent1/_work/5/s/fstar/ucontrib/CoreCrypto/ml/db/DB.cmi dependency dropped.
make[3]: Circular ../../libs/ffi/FFICallbacks.cmi <- ../../libs/ffi/FFICallbacks.cmi dependency dropped.
make[3]: warning: jobserver unavailable: using -j1.  Add '+' to parent make rule.
Extracted.mk:101: warning: overriding recipe for target 'mitls.cmxa'
Makefile:190: warning: ignoring old recipe for target 'mitls.cmxa'
Extracted.mk:104: warning: overriding recipe for target 'mitls.exe'
Makefile:193: warning: ignoring old recipe for target 'mitls.exe'
Extracted.mk:180: warning: overriding recipe for target 'cmitls.o'
Makefile:196: warning: ignoring old recipe for target 'cmitls.o'
Extracted.mk:182: warning: overriding recipe for target 'cmitls.exe'
Makefile:198: warning: ignoring old recipe for target 'cmitls.exe'
make[3]: warning: jobserver unavailable: using -j1.  Add '+' to parent make rule.
Extracted.mk:101: warning: overriding recipe for target 'mitls.cmxa'
Makefile:190: warning: ignoring old recipe for target 'mitls.cmxa'
Extracted.mk:104: warning: overriding recipe for target 'mitls.exe'
Makefile:193: warning: ignoring old recipe for target 'mitls.exe'
Extracted.mk:180: warning: overriding recipe for target 'cmitls.o'
Makefile:196: warning: ignoring old recipe for target 'cmitls.o'
Extracted.mk:182: warning: overriding recipe for target 'cmitls.exe'
Makefile:198: warning: ignoring old recipe for target 'cmitls.exe'
make[3]: Circular C:/Build/Agent1/_work/5/s/fstar/ucontrib/CoreCrypto/ml/db/DB.cmi <- C:/Build/Agent1/_work/5/s/fstar/ucontrib/CoreCrypto/ml/db/DB.cmi dependency dropped.
make[3]: Circular ../../libs/ffi/FFICallbacks.cmi <- ../../libs/ffi/FFICallbacks.cmi dependency dropped.
.\Hashing.CRF.fst(28,8-28,80): (Warning) Top-level let-bindings must be total; this term may have effects
.\Nonce.fst(47,0-48,55): (Warning) Top-level let-bindings must be total; this term may have effects
.\Nonce.fst(132,0-132,40): (Warning) Top-level let-bindings must be total; this term may have effects
.\IdNonce.fst(20,0-21,60): (Warning) Top-level let-bindings must be total; this term may have effects
.\Signature.fst(106,0-106,67): (Warning) Top-level let-bindings must be total; this term may have effects
.\CommonDH.fst(110,0-110,44): (Warning) Top-level let-bindings must be total; this term may have effects
.\CommonDH.fst(114,9-118,7): (Warning) Top-level let-bindings must be total; this term may have effects
.\Signature.fst(171,0-171,32): (Warning) Top-level let-bindings must be total; this term may have effects
.\Cert.fst(44,0-48,72): (Error) Unknown assertion failed
Verified module: Cert (28624 milliseconds)
1 error was reported (see above)
make[2]: *** [Makefile:130: Cert.fst-ver] Error 1
.\MasterSecret.fst(34,0-35,75): (Warning) Top-level let-bindings must be total; this term may have effects
.\TLSInfo.fst(492,0-492,50): (Warning) Top-level let-bindings must be total; this term may have effects
.\TLSInfo.fst(496,0-499,10): (Warning) Top-level let-bindings must be total; this term may have effects
.\TLS.fst(0,0-0,0): (Warning) TLS: Unexpected output from Z3: (error "line 521609 column 46: unknown function/constant Tm_arrow_91ac8cf7e1c0cecd5bab1ed87c2f6073")

.\TLS.fst(0,0-0,0): (Warning) TLS: Unexpected output from Z3: (error "line 521609 column 46: unknown function/constant Tm_arrow_91ac8cf7e1c0cecd5bab1ed87c2f6073")

.\ConnInvariant.fst(93,0-94,64): (Warning) Top-level let-bindings must be total; this term may have effects
.\TLS.fst(0,0-0,0): (Warning) TLS: Unexpected output from Z3: (error "line 521609 column 46: unknown function/constant Tm_arrow_91ac8cf7e1c0cecd5bab1ed87c2f6073")

.\TLS.fst(0,0-0,0): (Warning) TLS: Unexpected output from Z3: (error "line 521609 column 46: unknown function/constant Tm_arrow_91ac8cf7e1c0cecd5bab1ed87c2f6073")

.\TLS.fst(0,0-0,0): (Warning) TLS: Unexpected output from Z3: (error "line 521609 column 46: unknown function/constant Tm_arrow_91ac8cf7e1c0cecd5bab1ed87c2f6073")

.\TLS.fst(0,0-0,0): (Warning) TLS: Unexpected output from Z3: (error "line 521609 column 46: unknown function/constant Tm_arrow_91ac8cf7e1c0cecd5bab1ed87c2f6073")

make[2]: Target 'all-ver' not remade because of errors.
make[1]: *** [Makefile:31: verify] Error 2
make: *** [Makefile:23: all] Error 2
