From https://github.com/FStarLang/FStar
f3d4953..12dad44  master     -> origin/master
* [new branch]      aseem_869  -> origin/aseem_869
746c4da..fcea91f  c_valedev_initial -> origin/c_valedev_initial
+ 625643e...2f9c744 cpitclaudel_argnames -> origin/cpitclaudel_argnames  (forced update)
+ 458273f...a0199b3 cpitclaudel_json -> origin/cpitclaudel_json  (forced update)
+ 3104a3a...14369d8 cpitclaudel_refactored_errors -> origin/cpitclaudel_refactored_errors  (forced update)
+ 23bd845...50d3aa7 guido_bughunt -> origin/guido_bughunt  (forced update)
7e8aa4f..1da8861  kyod_list_additions -> origin/kyod_list_additions
91c434f..210da3b  kyod_tmp0  -> origin/kyod_tmp0
7c3f61b..2be3721  nik_private -> origin/nik_private
17ab358..0a63a03  taramana_modifies -> origin/taramana_modifies
Warning: you are using the standard library and/or the %inline keyword. We
recommend switching on --infer in order to avoid obscure type error messages.
7 shift/reduce conflicts.
File "src/basic/ml/FStar_Util.ml", line 47, characters 57-65:
Warning 40: st_mtime was selected from type BatUnix.stats.
It is not visible in the current scope, and will not 
be selected if the type becomes unknown.
File "src/basic/ml/FStar_Util.ml", line 659, characters 2-13:
Warning 10: this expression should have type unit.
File "src/basic/ml/FStar_Util.ml", line 47, characters 57-65:
Warning 40: st_mtime was selected from type BatUnix.stats.
It is not visible in the current scope, and will not 
be selected if the type becomes unknown.
File "src/basic/ml/FStar_Util.ml", line 659, characters 2-13:
Warning 10: this expression should have type unit.
.\TLSConstants.fst(44,0-44,63): (Warning) Top-level let-bindings must be total; this term may have effects
.\TLSConstants.fst(46,0-47,25): (Warning) Top-level let-bindings must be total; this term may have effects
.\Nonce.fst(47,0-48,55): (Warning) Top-level let-bindings must be total; this term may have effects
.\IdNonce.fst(20,0-21,60): (Warning) Top-level let-bindings must be total; this term may have effects
.\Signature.fst(105,0-105,67): (Warning) Top-level let-bindings must be total; this term may have effects
.\Nonce.fst(132,0-132,40): (Warning) Top-level let-bindings must be total; this term may have effects
.\Signature.fst(180,0-180,32): (Warning) Top-level let-bindings must be total; this term may have effects
.\MasterSecret.fst(34,0-35,75): (Warning) Top-level let-bindings must be total; this term may have effects
.\ConnInvariant.fst(90,0-91,64): (Warning) Top-level let-bindings must be total; this term may have effects
