Warning: you are using the standard library and/or the %inline keyword. We
recommend switching on --infer in order to avoid obscure type error messages.
6 shift/reduce conflicts.
make: *** [Makefile:94: fstar.exe] Error 1
C:\Build\Agent2\_work\2\s\fstar\ulib\prims.fst(266,27-266,37) : (Error) Identifier not found: [attributes]
Unexpected error
FStar_Syntax_Syntax.Error(_)
Raised by primitive operation at file "src/batString.mlv", line 145, characters 30-54
Called from file "src/batReturn.ml", line 29, characters 6-29

C:\Build\Agent2\_work\2\s\fstar\ulib\prims.fst(266,27-266,37) : (Error) Identifier not found: [attributes]
Unexpected error
FStar_Syntax_Syntax.Error(_)
Raised by primitive operation at file "src/batString.mlv", line 145, characters 30-54
Called from file "src/batReturn.ml", line 29, characters 6-29

make: *** [Makefile:248: Flags.fst-ver] Error 1
make: *** [Makefile:248: MonotoneMap.fst-ver] Error 1
C:\Build\Agent2\_work\2\s\fstar\ulib\prims.fst(266,27-266,37) : (Error) Identifier not found: [attributes]
Unexpected error
FStar_Syntax_Syntax.Error(_)
Raised by primitive operation at file "src/batString.mlv", line 145, characters 30-54
Called from file "src/batReturn.ml", line 29, characters 6-29

make: *** [Makefile:248: TLSError.fst-ver] Error 1
C:\Build\Agent2\_work\2\s\fstar\ulib\prims.fst(266,27-266,37) : (Error) Identifier not found: [attributes]
Unexpected error
FStar_Syntax_Syntax.Error(_)
Raised by primitive operation at file "src/batString.mlv", line 145, characters 30-54
Called from file "src/batReturn.ml", line 29, characters 6-29

make: *** [Makefile:248: TLSConstants.fst-ver] Error 1
C:\Build\Agent2\_work\2\s\fstar\ulib\prims.fst(266,27-266,37) : (Error) Identifier not found: [attributes]
Unexpected error
FStar_Syntax_Syntax.Error(_)
Raised by primitive operation at file "src/batString.mlv", line 145, characters 30-54
Called from file "src/batReturn.ml", line 29, characters 6-29

C:\Build\Agent2\_work\2\s\fstar\ulib\prims.fst(266,27-266,37) : (Error) Identifier not found: [attributes]
Unexpected error
FStar_Syntax_Syntax.Error(_)
Raised by primitive operation at file "src/batString.mlv", line 145, characters 30-54
Called from file "src/batReturn.ml", line 29, characters 6-29

make: *** [Makefile:248: Nonce.fst-ver] Error 1
make: *** [Makefile:248: Transport.fst-ver] Error 1
C:\Build\Agent2\_work\2\s\fstar\ulib\prims.fst(266,27-266,37) : (Error) Identifier not found: [attributes]
Unexpected error
FStar_Syntax_Syntax.Error(_)
Raised by primitive operation at file "src/batString.mlv", line 145, characters 30-54
Called from file "src/batReturn.ml", line 29, characters 6-29

C:\Build\Agent2\_work\2\s\fstar\ulib\prims.fst(266,27-266,37) : (Error) Identifier not found: [attributes]
Unexpected error
FStar_Syntax_Syntax.Error(_)
Raised by primitive operation at file "src/batString.mlv", line 145, characters 30-54
Called from file "src/batReturn.ml", line 29, characters 6-29

make: *** [Makefile:248: RSAKey.fst-ver] Error 1
make: *** [Makefile:248: DHGroup.fst-ver] Error 1
C:\Build\Agent2\_work\2\s\fstar\ulib\prims.fst(266,27-266,37) : (Error) Identifier not found: [attributes]
Unexpected error
FStar_Syntax_Syntax.Error(_)
Raised by primitive operation at file "src/batString.mlv", line 145, characters 30-54
Called from file "src/batReturn.ml", line 29, characters 6-29

C:\Build\Agent2\_work\2\s\fstar\ulib\prims.fst(266,27-266,37) : (Error) Identifier not found: [attributes]
Unexpected error
FStar_Syntax_Syntax.Error(_)
Raised by primitive operation at file "src/batString.mlv", line 145, characters 30-54
Called from file "src/batReturn.ml", line 29, characters 6-29

make: *** [Makefile:248: ECGroup.fst-ver] Error 1
C:\Build\Agent2\_work\2\s\fstar\ulib\prims.fst(266,27-266,37) : (Error) Identifier not found: [attributes]
Unexpected error
FStar_Syntax_Syntax.Error(_)
Raised by primitive operation at file "src/batString.mlv", line 145, characters 30-54
Called from file "src/batReturn.ml", line 29, characters 6-29

C:\Build\Agent2\_work\2\s\fstar\ulib\prims.fst(266,27-266,37) : (Error) Identifier not found: [attributes]
Unexpected error
FStar_Syntax_Syntax.Error(_)
Raised by primitive operation at file "src/batString.mlv", line 145, characters 30-54
Called from file "src/batReturn.ml", line 29, characters 6-29

make: *** [Makefile:248: CommonDH.fst-ver] Error 1
make: *** [Makefile:248: PMS.fst-ver] Error 1
make: *** [Makefile:248: Hashing.Spec.fst-ver] Error 1
C:\Build\Agent2\_work\2\s\fstar\ulib\prims.fst(266,27-266,37) : (Error) Identifier not found: [attributes]
Unexpected error
FStar_Syntax_Syntax.Error(_)
Raised by primitive operation at file "src/batString.mlv", line 145, characters 30-54
Called from file "src/batReturn.ml", line 29, characters 6-29

make: *** [Makefile:248: Hashing.OpenSSL.fst-ver] Error 1
C:\Build\Agent2\_work\2\s\fstar\ulib\prims.fst(266,27-266,37) : (Error) Identifier not found: [attributes]
Unexpected error
FStar_Syntax_Syntax.Error(_)
Raised by primitive operation at file "src/batString.mlv", line 145, characters 30-54
Called from file "src/batReturn.ml", line 29, characters 6-29

C:\Build\Agent2\_work\2\s\fstar\ulib\prims.fst(266,27-266,37) : (Error) Identifier not found: [attributes]
Unexpected error
FStar_Syntax_Syntax.Error(_)
Raised by primitive operation at file "src/batString.mlv", line 145, characters 30-54
Called from file "src/batReturn.ml", line 29, characters 6-29

make: *** [Makefile:248: Hashing.CRF.fst-ver] Error 1
make: *** [Makefile:248: Hashing.fst-ver] Error 1
C:\Build\Agent2\_work\2\s\fstar\ulib\prims.fst(266,27-266,37) : (Error) Identifier not found: [attributes]
Unexpected error
FStar_Syntax_Syntax.Error(_)
Raised by primitive operation at file "src/batString.mlv", line 145, characters 30-54
Called from file "src/batReturn.ml", line 29, characters 6-29

make: *** [Makefile:248: HashMAC.fst-ver] Error 1
C:\Build\Agent2\_work\2\s\fstar\ulib\prims.fst(266,27-266,37) : (Error) Identifier not found: [attributes]
Unexpected error
FStar_Syntax_Syntax.Error(_)
Raised by primitive operation at file "src/batString.mlv", line 145, characters 30-54
Called from file "src/batReturn.ml", line 29, characters 6-29

make: *** [Makefile:248: Cert.fst-ver] Error 1
C:\Build\Agent2\_work\2\s\fstar\ulib\prims.fst(266,27-266,37) : (Error) Identifier not found: [attributes]
Unexpected error
FStar_Syntax_Syntax.Error(_)
Raised by primitive operation at file "src/batString.mlv", line 145, characters 30-54
Called from file "src/batReturn.ml", line 29, characters 6-29

make: *** [Makefile:248: Signature.fst-ver] Error 1
C:\Build\Agent2\_work\2\s\fstar\ulib\prims.fst(266,27-266,37) : (Error) Identifier not found: [attributes]
Unexpected error
FStar_Syntax_Syntax.Error(_)
Raised by primitive operation at file "src/batString.mlv", line 145, characters 30-54
Called from file "src/batReturn.ml", line 29, characters 6-29

make: *** [Makefile:248: TLSInfo.fst-ver] Error 1
C:\Build\Agent2\_work\2\s\fstar\ulib\prims.fst(266,27-266,37) : (Error) Identifier not found: [attributes]
Unexpected error
FStar_Syntax_Syntax.Error(_)
Raised by primitive operation at file "src/batString.mlv", line 145, characters 30-54
Called from file "src/batReturn.ml", line 29, characters 6-29

C:\Build\Agent2\_work\2\s\fstar\ulib\prims.fst(266,27-266,37) : (Error) Identifier not found: [attributes]
Unexpected error
FStar_Syntax_Syntax.Error(_)
Raised by primitive operation at file "src/batString.mlv", line 145, characters 30-54
Called from file "src/batReturn.ml", line 29, characters 6-29

make: *** [Makefile:248: Extensions.fst-ver] Error 1
make: *** [Makefile:248: IdNonce.fst-ver] Error 1
C:\Build\Agent2\_work\2\s\fstar\ulib\prims.fst(266,27-266,37) : (Error) Identifier not found: [attributes]
Unexpected error
FStar_Syntax_Syntax.Error(_)
Raised by primitive operation at file "src/batString.mlv", line 145, characters 30-54
Called from file "src/batReturn.ml", line 29, characters 6-29

C:\Build\Agent2\_work\2\s\fstar\ulib\prims.fst(266,27-266,37) : (Error) Identifier not found: [attributes]
Unexpected error
FStar_Syntax_Syntax.Error(_)
Raised by primitive operation at file "src/batString.mlv", line 145, characters 30-54
Called from file "src/batReturn.ml", line 29, characters 6-29

make: *** [Makefile:248: DataStream.fst-ver] Error 1
C:\Build\Agent2\_work\2\s\fstar\ulib\prims.fst(266,27-266,37) : (Error) Identifier not found: [attributes]
Unexpected error
FStar_Syntax_Syntax.Error(_)
Raised by primitive operation at file "src/batString.mlv", line 145, characters 30-54
Called from file "src/batReturn.ml", line 29, characters 6-29

make: *** [Makefile:248: Alert.fst-ver] Error 1
make: *** [Makefile:248: Range.fst-ver] Error 1
C:\Build\Agent2\_work\2\s\fstar\ulib\prims.fst(266,27-266,37) : (Error) Identifier not found: [attributes]
Unexpected error
FStar_Syntax_Syntax.Error(_)
Raised by primitive operation at file "src/batString.mlv", line 145, characters 30-54
Called from file "src/batReturn.ml", line 29, characters 6-29

make: *** [Makefile:248: Content.fst-ver] Error 1
C:\Build\Agent2\_work\2\s\fstar\ulib\prims.fst(266,27-266,37) : (Error) Identifier not found: [attributes]
Unexpected error
FStar_Syntax_Syntax.Error(_)
Raised by primitive operation at file "src/batString.mlv", line 145, characters 30-54
Called from file "src/batReturn.ml", line 29, characters 6-29

make: *** [Makefile:248: StreamPlain.fst-ver] Error 1
C:\Build\Agent2\_work\2\s\fstar\ulib\prims.fst(266,27-266,37) : (Error) Identifier not found: [attributes]
Unexpected error
FStar_Syntax_Syntax.Error(_)
Raised by primitive operation at file "src/batString.mlv", line 145, characters 30-54
Called from file "src/batReturn.ml", line 29, characters 6-29

make: *** [Makefile:248: StreamAE.fst-ver] Error 1
C:\Build\Agent2\_work\2\s\fstar\ulib\prims.fst(266,27-266,37) : (Error) Identifier not found: [attributes]
Unexpected error
FStar_Syntax_Syntax.Error(_)
Raised by primitive operation at file "src/batString.mlv", line 145, characters 30-54
Called from file "src/batReturn.ml", line 29, characters 6-29

make: *** [Makefile:248: MasterSecret.fst-ver] Error 1
C:\Build\Agent2\_work\2\s\fstar\ulib\prims.fst(266,27-266,37) : (Error) Identifier not found: [attributes]
Unexpected error
FStar_Syntax_Syntax.Error(_)
Raised by primitive operation at file "src/batString.mlv", line 145, characters 30-54
Called from file "src/batReturn.ml", line 29, characters 6-29

make: *** [Makefile:248: StatefulPlain.fst-ver] Error 1
C:\Build\Agent2\_work\2\s\fstar\ulib\prims.fst(266,27-266,37) : (Error) Identifier not found: [attributes]
Unexpected error
FStar_Syntax_Syntax.Error(_)
Raised by primitive operation at file "src/batString.mlv", line 145, characters 30-54
Called from file "src/batReturn.ml", line 29, characters 6-29

make: *** [Makefile:248: LHAEPlain.fst-ver] Error 1
C:\Build\Agent2\_work\2\s\fstar\ulib\prims.fst(266,27-266,37) : (Error) Identifier not found: [attributes]
Unexpected error
FStar_Syntax_Syntax.Error(_)
Raised by primitive operation at file "src/batString.mlv", line 145, characters 30-54
Called from file "src/batReturn.ml", line 29, characters 6-29

make: *** [Makefile:248: AEAD_GCM.fst-ver] Error 1
C:\Build\Agent2\_work\2\s\fstar\ulib\prims.fst(266,27-266,37) : (Error) Identifier not found: [attributes]
Unexpected error
FStar_Syntax_Syntax.Error(_)
Raised by primitive operation at file "src/batString.mlv", line 145, characters 30-54
Called from file "src/batReturn.ml", line 29, characters 6-29

make: *** [Makefile:248: MAC.fst-ver] Error 1
C:\Build\Agent2\_work\2\s\fstar\ulib\prims.fst(266,27-266,37) : (Error) Identifier not found: [attributes]
Unexpected error
FStar_Syntax_Syntax.Error(_)
Raised by primitive operation at file "src/batString.mlv", line 145, characters 30-54
Called from file "src/batReturn.ml", line 29, characters 6-29

make: *** [Makefile:248: StatefulLHAE.fst-ver] Error 1
C:\Build\Agent2\_work\2\s\fstar\ulib\prims.fst(266,27-266,37) : (Error) Identifier not found: [attributes]
Unexpected error
FStar_Syntax_Syntax.Error(_)
Raised by primitive operation at file "src/batString.mlv", line 145, characters 30-54
Called from file "src/batReturn.ml", line 29, characters 6-29

make: *** [Makefile:248: Record.fst-ver] Error 1
C:\Build\Agent2\_work\2\s\fstar\ulib\prims.fst(266,27-266,37) : (Error) Identifier not found: [attributes]
Unexpected error
FStar_Syntax_Syntax.Error(_)
Raised by primitive operation at file "src/batString.mlv", line 145, characters 30-54
Called from file "src/batReturn.ml", line 29, characters 6-29

C:\Build\Agent2\_work\2\s\fstar\ulib\prims.fst(266,27-266,37) : (Error) Identifier not found: [attributes]
Unexpected error
FStar_Syntax_Syntax.Error(_)
Raised by primitive operation at file "src/batString.mlv", line 145, characters 30-54
Called from file "src/batReturn.ml", line 29, characters 6-29

make: *** [Makefile:248: MAC_SHA1.fst-ver] Error 1
make: *** [Makefile:248: MAC_SHA256.fst-ver] Error 1
C:\Build\Agent2\_work\2\s\fstar\ulib\prims.fst(266,27-266,37) : (Error) Identifier not found: [attributes]
Unexpected error
FStar_Syntax_Syntax.Error(_)
Raised by primitive operation at file "src/batString.mlv", line 145, characters 30-54
Called from file "src/batReturn.ml", line 29, characters 6-29

make: *** [Makefile:248: StAE.fst-ver] Error 1
C:\Build\Agent2\_work\2\s\fstar\ulib\prims.fst(266,27-266,37) : (Error) Identifier not found: [attributes]
Unexpected error
FStar_Syntax_Syntax.Error(_)
Raised by primitive operation at file "src/batString.mlv", line 145, characters 30-54
Called from file "src/batReturn.ml", line 29, characters 6-29

C:\Build\Agent2\_work\2\s\fstar\ulib\prims.fst(266,27-266,37) : (Error) Identifier not found: [attributes]
Unexpected error
FStar_Syntax_Syntax.Error(_)
Raised by primitive operation at file "src/batString.mlv", line 145, characters 30-54
Called from file "src/batReturn.ml", line 29, characters 6-29

make: *** [Makefile:248: KeySchedule.fst-ver] Error 1
make: *** [Makefile:248: StreamDeltas.fst-ver] Error 1
C:\Build\Agent2\_work\2\s\fstar\ulib\prims.fst(266,27-266,37) : (Error) Identifier not found: [attributes]
Unexpected error
FStar_Syntax_Syntax.Error(_)
Raised by primitive operation at file "src/batString.mlv", line 145, characters 30-54
Called from file "src/batReturn.ml", line 29, characters 6-29

C:\Build\Agent2\_work\2\s\fstar\ulib\prims.fst(266,27-266,37) : (Error) Identifier not found: [attributes]
Unexpected error
FStar_Syntax_Syntax.Error(_)
Raised by primitive operation at file "src/batString.mlv", line 145, characters 30-54
Called from file "src/batReturn.ml", line 29, characters 6-29

make: *** [Makefile:248: HKDF.fst-ver] Error 1
make: *** [Makefile:248: Epochs.fst-ver] Error 1
C:\Build\Agent2\_work\2\s\fstar\ulib\prims.fst(266,27-266,37) : (Error) Identifier not found: [attributes]
Unexpected error
FStar_Syntax_Syntax.Error(_)
Raised by primitive operation at file "src/batString.mlv", line 145, characters 30-54
Called from file "src/batReturn.ml", line 29, characters 6-29

make: *** [Makefile:248: ConnInvariant.fst-ver] Error 1
C:\Build\Agent2\_work\2\s\fstar\ulib\prims.fst(266,27-266,37) : (Error) Identifier not found: [attributes]
Unexpected error
FStar_Syntax_Syntax.Error(_)
Raised by primitive operation at file "src/batString.mlv", line 145, characters 30-54
Called from file "src/batReturn.ml", line 29, characters 6-29

make: *** [Makefile:248: Connection.fst-ver] Error 1
C:\Build\Agent2\_work\2\s\fstar\ulib\prims.fst(266,27-266,37) : (Error) Identifier not found: [attributes]
Unexpected error
FStar_Syntax_Syntax.Error(_)
Raised by primitive operation at file "src/batString.mlv", line 145, characters 30-54
Called from file "src/batReturn.ml", line 29, characters 6-29

make: *** [Makefile:248: FFI.fst-ver] Error 1
C:\Build\Agent2\_work\2\s\fstar\ulib\prims.fst(266,27-266,37) : (Error) Identifier not found: [attributes]
Unexpected error
FStar_Syntax_Syntax.Error(_)
Raised by primitive operation at file "src/batString.mlv", line 145, characters 30-54
Called from file "src/batReturn.ml", line 29, characters 6-29

make: *** [Makefile:248: TLS.fst-ver] Error 1
make: Target 'all-ver' not remade because of errors.
