From https://github.com/FStarLang/FStar
acb4660..57993be  master     -> origin/master
4d7e916..aee9ba1  aseem_heap_modeling -> origin/aseem_heap_modeling
7ffe8ee..a601f2a  c_ppdev_initial -> origin/c_ppdev_initial
* [new branch]      cpitclaudel_interactive_fixes -> origin/cpitclaudel_interactive_fixes
+ 7878d26...495f5d0 cwinter_checked_hints -> origin/cwinter_checked_hints  (forced update)
af10f02..cdd5174  cwinter_cloud_verify -> origin/cwinter_cloud_verify
b985c38..fcfbd9e  danel_mrefs -> origin/danel_mrefs
* [new branch]      darrenge_binarybuild -> origin/darrenge_binarybuild
* [new branch]      guido_bug1001 -> origin/guido_bug1001
+ 1d484a7...0057477 guido_bughunt -> origin/guido_bughunt  (forced update)
f110651..15fe46c  guido_tactics -> origin/guido_tactics
d1db126..182f118  nik_indexed_effects -> origin/nik_indexed_effects
acb4660..ae31339  nik_private -> origin/nik_private
* [new branch]      sishtiaq_iss1000 -> origin/sishtiaq_iss1000
bf84df6..3778ada  taramana_modifies -> origin/taramana_modifies
a2d9fb7..398cce7  vdum_extract_dm4f_effects -> origin/vdum_extract_dm4f_effects
Warning: you are using the standard library and/or the %inline keyword. We
recommend switching on --infer in order to avoid obscure type error messages.
7 shift/reduce conflicts.
File "src/basic/ml/FStar_Util.ml", line 47, characters 57-65:
Warning 40: st_mtime was selected from type BatUnix.stats.
It is not visible in the current scope, and will not 
be selected if the type becomes unknown.
File "src/basic/ml/FStar_Util.ml", line 659, characters 2-13:
Warning 10: this expression should have type unit.
File "src/basic/ml/FStar_Util.ml", line 47, characters 57-65:
Warning 40: st_mtime was selected from type BatUnix.stats.
It is not visible in the current scope, and will not 
be selected if the type becomes unknown.
File "src/basic/ml/FStar_Util.ml", line 659, characters 2-13:
Warning 10: this expression should have type unit.
ffi.c:1:0: warning: -fPIC ignored for target (all code is position independent)
#include <stdio.h>
^
ffi.c:1:0: warning: -fPIC ignored for target (all code is position independent)
#include <stdio.h>
^
make[4]: warning: jobserver unavailable: using -j1.  Add '+' to parent make rule.
make[4]: warning: jobserver unavailable: using -j1.  Add '+' to parent make rule.
make[4]: ../../../kremlin/krml: Command not found
make[4]: *** [Makefile:209: krml-test.exe] Error 127
make[3]: *** [Makefile:54: ../krml-test.exe] Error 2
make[3]: Target 'all' not remade because of errors.
make[2]: *** [Makefile:358: mitls.cmxa] Error 2
make[2]: Target 'mitls.exe' not remade because of errors.
make[1]: *** [Makefile:12: build] Error 2
make: *** [Makefile:8: all] Error 2
