From https://github.com/FStarLang/FStar
d8e8588..1626f6b  c_relational-ci_r3 -> origin/c_relational-ci_r3
d92414f..f898e8a  darrenge_fstar -> origin/darrenge_fstar
f62cae7..699332d  nik_indexed_effects -> origin/nik_indexed_effects
* [new branch]      protz_see_where_it_breaks -> origin/protz_see_where_it_breaks
* [new branch]      taramana_modifies -> origin/taramana_modifies
Warning: you are using the standard library and/or the %inline keyword. We
recommend switching on --infer in order to avoid obscure type error messages.
6 shift/reduce conflicts.
File "src/basic/ml/FStar_Util.ml", line 47, characters 57-65:
Warning 40: st_mtime was selected from type BatUnix.stats.
It is not visible in the current scope, and will not 
be selected if the type becomes unknown.
File "src/basic/ml/FStar_Util.ml", line 47, characters 57-65:
Warning 40: st_mtime was selected from type BatUnix.stats.
It is not visible in the current scope, and will not 
be selected if the type becomes unknown.
make: *** [Makefile:249: TLSConstants.fst-ver] Error 1
make: *** [Makefile:249: Nonce.fst-ver] Error 1
make: *** [Makefile:249: ECGroup.fst-ver] Error 1
make: *** [Makefile:249: RSAKey.fst-ver] Error 1
make: *** [Makefile:249: DHGroup.fst-ver] Error 1
make: *** [Makefile:249: PMS.fst-ver] Error 1
make: *** [Makefile:249: CommonDH.fst-ver] Error 1
make: *** [Makefile:249: Hashing.CRF.fst-ver] Error 1
make: *** [Makefile:249: HashMAC.fst-ver] Error 1
make: *** [Makefile:249: Cert.fst-ver] Error 1
make: *** [Makefile:249: Signature.fst-ver] Error 1
make: *** [Makefile:249: TLSInfo.fst-ver] Error 1
make: *** [Makefile:249: TLSExtensions.fst-ver] Error 1
make: *** [Makefile:249: IdNonce.fst-ver] Error 1
make: *** [Makefile:249: Range.fst-ver] Error 1
make: *** [Makefile:249: DataStream.fst-ver] Error 1
make: *** [Makefile:249: Alert.fst-ver] Error 1
make: *** [Makefile:249: Content.fst-ver] Error 1
make: *** [Makefile:249: StatefulPlain.fst-ver] Error 1
make: *** [Makefile:249: StreamPlain.fst-ver] Error 1
make: *** [Makefile:249: StreamAE.fst-ver] Error 1
make: *** [Makefile:249: MasterSecret.fst-ver] Error 1
make: *** [Makefile:249: MAC.fst-ver] Error 1
make: *** [Makefile:249: LHAEPlain.fst-ver] Error 1
make: *** [Makefile:249: MAC_SHA256.fst-ver] Error 1
make: *** [Makefile:249: MAC_SHA1.fst-ver] Error 1
make: *** [Makefile:249: HKDF.fst-ver] Error 1
make: *** [Makefile:249: AEAD_GCM.fst-ver] Error 1
make: *** [Makefile:249: StatefulLHAE.fst-ver] Error 1
make: *** [Makefile:249: StAE.fst-ver] Error 1
make: *** [Makefile:249: Record.fst-ver] Error 1
make: *** [Makefile:249: StreamDeltas.fst-ver] Error 1
make: *** [Makefile:249: KeySchedule.fst-ver] Error 1
make: *** [Makefile:249: Epochs.fst-ver] Error 1
make: *** [Makefile:249: Connection.fst-ver] Error 1
make: *** [Makefile:249: ConnInvariant.fst-ver] Error 1
make: *** [Makefile:249: FFI.fst-ver] Error 1
make: *** [Makefile:249: TLS.fst-ver] Error 1
Warning: Unable to open hints file: C:\Build\Agent2\_work\2\s\src\tls\Flags.fst.hints; ran without hints
Warning: Unable to open hints file: C:\Build\Agent2\_work\2\s\src\tls\Hashing.OpenSSL.fst.hints; ran without hints
Warning: Unable to open hints file: C:\Build\Agent2\_work\2\s\src\tls\Hashing.Spec.fst.hints; ran without hints
make: Target 'all-ver' not remade because of errors.
