Warning: you are using the standard library and/or the %inline keyword. We
recommend switching on --infer in order to avoid obscure type error messages.
make: *** [Makefile:102: fstar.exe] Error 1
warning: CRLF will be replaced by LF in src/parser/ml/parse.mly.
The file will have its original line endings in your working directory.
warning: CRLF will be replaced by LF in src/parser/parse.fsy.
The file will have its original line endings in your working directory.
File "src/basic/ml/FStar_Util.ml", line 47, characters 57-65:
Warning 40: st_mtime was selected from type BatUnix.stats.
It is not visible in the current scope, and will not 
be selected if the type becomes unknown.
File "src/basic/ml/FStar_Util.ml", line 47, characters 57-65:
Warning 40: st_mtime was selected from type BatUnix.stats.
It is not visible in the current scope, and will not 
be selected if the type becomes unknown.
fatal: ambiguous argument 'd615e77?': unknown revision or path not in the working tree.
Use '--' to separate paths from revisions, like this:
'git <command> [<revision>...] -- [<file>...]'
Unexpected error
FStar_Errors.Error(_)
Raised at file "src/ocaml-output/FStar_Parser_Driver.ml", line 44, characters 38-67
Called from file "src/ocaml-output/FStar_Parser_Dep.ml", line 621, characters 30-69
Called from file "list.ml", line 73, characters 12-15
Called from file "list.ml", line 73, characters 12-15
Called from file "src/ocaml-output/FStar_Parser_Dep.ml", line 724, characters 6-62
Called from file "src/ocaml-output/FStar_Main.ml", line 131, characters 15-76
Called from file "src/ocaml-output/FStar_Main.ml", line 230, characters 6-11

.\TLS.fst(1012,20-1012,20): (Error) Syntax error: Parsing.Parse_error
1 error was reported (see above)
make: [Makefile:158: .depend-TLS] Error 1 (ignored)
make[3]: warning: jobserver unavailable: using -j1.  Add '+' to parent make rule.
Extracted.mk:101: warning: overriding recipe for target 'mitls.cmxa'
Makefile:190: warning: ignoring old recipe for target 'mitls.cmxa'
Extracted.mk:104: warning: overriding recipe for target 'mitls.exe'
Makefile:193: warning: ignoring old recipe for target 'mitls.exe'
Extracted.mk:120: warning: overriding recipe for target 'test'
Makefile:202: warning: ignoring old recipe for target 'test'
Extracted.mk:180: warning: overriding recipe for target 'cmitls.o'
Makefile:196: warning: ignoring old recipe for target 'cmitls.o'
Extracted.mk:182: warning: overriding recipe for target 'cmitls.exe'
Makefile:198: warning: ignoring old recipe for target 'cmitls.exe'
Unexpected error
FStar_Errors.Error(_)
Raised at file "src/ocaml-output/FStar_Parser_Driver.ml", line 44, characters 38-67
Called from file "src/ocaml-output/FStar_Parser_Dep.ml", line 621, characters 30-69
Called from file "list.ml", line 73, characters 12-15
Called from file "list.ml", line 73, characters 12-15
Called from file "src/ocaml-output/FStar_Parser_Dep.ml", line 724, characters 6-62
Called from file "src/ocaml-output/FStar_Dependencies.ml", line 12, characters 24-66
Called from file "src/ocaml-output/FStar_Main.ml", line 205, characters 27-116
Called from file "src/ocaml-output/FStar_Main.ml", line 230, characters 6-11

.\TLS.fst(1012,20-1012,20): (Error) Syntax error: Parsing.Parse_error
1 error was reported (see above)
Unexpected error
FStar_Errors.Error(_)
Raised at file "src/ocaml-output/FStar_Parser_Driver.ml", line 44, characters 38-67
Called from file "src/ocaml-output/FStar_Parser_Dep.ml", line 621, characters 30-69
Called from file "list.ml", line 73, characters 12-15
Called from file "list.ml", line 73, characters 12-15
Called from file "src/ocaml-output/FStar_Parser_Dep.ml", line 724, characters 6-62
Called from file "src/ocaml-output/FStar_Dependencies.ml", line 12, characters 24-66
Called from file "src/ocaml-output/FStar_Main.ml", line 205, characters 27-116
Called from file "src/ocaml-output/FStar_Main.ml", line 230, characters 6-11

.\TLS.fst(1012,20-1012,20): (Error) Syntax error: Parsing.Parse_error
1 error was reported (see above)
Unexpected error
FStar_Errors.Error(_)
Raised at file "src/ocaml-output/FStar_Parser_Driver.ml", line 44, characters 38-67
Called from file "src/ocaml-output/FStar_Parser_Dep.ml", line 621, characters 30-69
Called from file "list.ml", line 73, characters 12-15
Called from file "list.ml", line 73, characters 12-15
Called from file "list.ml", line 73, characters 12-15
Called from file "src/ocaml-output/FStar_Parser_Dep.ml", line 724, characters 6-62
Called from file "src/ocaml-output/FStar_Dependencies.ml", line 12, characters 24-66
Called from file "src/ocaml-output/FStar_Main.ml", line 205, characters 27-116
Called from file "src/ocaml-output/FStar_Main.ml", line 230, characters 6-11

.\TLS.fst(1012,20-1012,20): (Error) Syntax error: Parsing.Parse_error
1 error was reported (see above)
File "extracted/FStar_Pervasives.ml", line 22, characters 35-66:
Warning 8: this pattern-matching is not exhaustive.
Here is an example of a value that is not matched:
(E _|Err _)
File "extracted/FStar_Pervasives.ml", line 25, characters 35-66:
Warning 8: this pattern-matching is not exhaustive.
Here is an example of a value that is not matched:
(V _|Err _)
File "extracted/FStar_Pervasives.ml", line 28, characters 39-76:
Warning 8: this pattern-matching is not exhaustive.
Here is an example of a value that is not matched:
(V _|E _)
File "extracted/FStar_Pervasives.ml", line 64, characters 38-72:
Warning 8: this pattern-matching is not exhaustive.
Here is an example of a value that is not matched:
None
File "extracted/FStar_Pervasives.ml", line 71, characters 37-70:
Warning 8: this pattern-matching is not exhaustive.
Here is an example of a value that is not matched:
Inr _
File "extracted/FStar_Pervasives.ml", line 74, characters 37-70:
Warning 8: this pattern-matching is not exhaustive.
Here is an example of a value that is not matched:
Inl _
ffi.c:1:0: warning: -fPIC ignored for target (all code is position independent)
#include <stdio.h>
^
make[3]: *** No rule to make target 'output/FFI.ml', needed by 'output/FFI.cmx'.
make[3]: *** No rule to make target 'output/TestAPI.ml', needed by 'output/TestAPI.cmx'.
make[3]: *** No rule to make target 'output/TestFFI.ml', needed by 'output/TestFFI.cmx'.
make[3]: Target 'mitls.cmxa' not remade because of errors.
make[2]: *** [Makefile:190: mitls.cmxa] Error 2
make[2]: Target 'mitls.exe' not remade because of errors.
make[1]: *** [Makefile:26: build] Error 2
make: *** [Makefile:22: all] Error 2
