From https://github.com/FStarLang/FStar
9f13542f9..9647d2448  master             -> origin/master
+ df9f94125...96a24763a armael_point_parse -> origin/armael_point_parse  (forced update)
123d640eb..9647d2448  kyod_tmp0          -> origin/kyod_tmp0
73a2eccaa..c9653907b  nik_residual_comp  -> origin/nik_residual_comp
Warning: you are using the standard library and/or the %inline keyword. We
recommend switching on --infer in order to avoid obscure type error messages.
make: *** [Makefile:102: fstar.exe] Error 1
warning: CRLF will be replaced by LF in src/parser/ml/parse.mly.
The file will have its original line endings in your working directory.
warning: CRLF will be replaced by LF in src/parser/parse.fsy.
The file will have its original line endings in your working directory.
File "src/basic/ml/FStar_Util.ml", line 47, characters 57-65:
Warning 40: st_mtime was selected from type BatUnix.stats.
It is not visible in the current scope, and will not 
be selected if the type becomes unknown.
File "src/basic/ml/FStar_Util.ml", line 47, characters 57-65:
Warning 40: st_mtime was selected from type BatUnix.stats.
It is not visible in the current scope, and will not 
be selected if the type becomes unknown.
From https://github.com/mitls/hacl-star
6a44fe6b..604b58ab  migrating_sts_bis -> origin/migrating_sts_bis
File "LowCProvider.ml", line 1, characters 13-33:
Error: Unbound module Platform
make: *** [Makefile:60: LowCProvider.cmx] Error 2
make: *** Waiting for unfinished jobs....
File "CoreCrypto.ml", line 526, characters 24-144:
Warning 8: this pattern-matching is not exhaustive.
Here is an example of a value that is not matched:
ECC_X448
Warning 3: run_or_warn: the following command failed:
C:/Build/Agent1/_work/5/s/fstar/bin/fstar.exe --odir LowCProvider/tmp --codegen Kremlin --lax --no_extract FStar.Math.Lib --no_extract FStar.HyperHeap --no_extract FStar.HyperStack --no_extract FStar.ST --no_extract FStar.Seq.Base --no_extract FStar.UInt128 --no_extract FStar.Int128 --no_extract FStar.UInt64 --no_extract FStar.Int64 --no_extract FStar.UInt63 --no_extract FStar.Int63 --no_extract FStar.UInt32 --no_extract FStar.Int32 --no_extract FStar.UInt31 --no_extract FStar.Int31 --no_extract FStar.UInt16 --no_extract FStar.Int16 --no_extract FStar.UInt8 --no_extract FStar.Int8 --trace_error --include C:/Build/Agent1/_work/5/s/fstar/ulib//hyperstack --include aead --include uf1cma --include vale --include vale/asm --include prf --include utils --include indexing --include ../code/experimental/aesgcm --include ../code/bignum --include ../code/poly1305 --include ../code/salsa-family --include ../code/lib/kremlin --include ../specs --include C:/Build/Agent1/_work/5/s/kremlin/kremlib --include C:/Build/Agent1/_work/5/s/kremlin/test --include C:/Build/Agent1/_work/5/s/kremlin/kremlib LowCProvider/Crypto.Indexing.fst test/Flag.fst utils/Hacl.Spec.fst aead/Crypto.AEAD.fst
F* failed
Fatal error: exception Warnings.Fatal("Unrecoverable error")
Raised at file "src/Warnings.ml", line 47, characters 10-39
Called from file "src/Driver.ml", line 279, characters 6-29
Called from file "src/Kremlin.ml", line 276, characters 14-96
make[1]: *** [Makefile:41: LowCProvider-tmp] Error 2
make: *** [Makefile:51: tmp] Error 2
make[4]: warning: jobserver unavailable: using -j1.  Add '+' to parent make rule.
File "ulib/ml/extracted/FStar_IndefiniteDescription.ml", line 7, characters 31-33:
Warning 20: this argument will not be used by the function.
File "ulib/ml/extracted/FStar_Tactics.ml", line 353, characters 45-46:
Warning 20: this argument will not be used by the function.
File "ulib/ml/extracted/FStar_Util.ml", line 2, characters 40-41:
Warning 20: this argument will not be used by the function.
File "ulib/ml/extracted/FStar_Util.ml", line 2, characters 42-43:
Warning 20: this argument will not be used by the function.
File "ulib/ml/extracted/FStar_Util.ml", line 3, characters 64-65:
Warning 20: this argument will not be used by the function.
File "ulib/ml/extracted/FStar_Util.ml", line 5, characters 37-38:
Warning 20: this argument will not be used by the function.
File "ulib/ml/extracted/FStar_Util.ml", line 5, characters 62-63:
Warning 20: this argument will not be used by the function.
File "ulib/ml/extracted/FStar_IndefiniteDescription.ml", line 7, characters 31-33:
Warning 20: this argument will not be used by the function.
File "ulib/ml/extracted/FStar_Tactics.ml", line 353, characters 45-46:
Warning 20: this argument will not be used by the function.
File "ulib/ml/extracted/FStar_Util.ml", line 2, characters 40-41:
Warning 20: this argument will not be used by the function.
File "ulib/ml/extracted/FStar_Util.ml", line 2, characters 42-43:
Warning 20: this argument will not be used by the function.
File "ulib/ml/extracted/FStar_Util.ml", line 3, characters 64-65:
Warning 20: this argument will not be used by the function.
File "ulib/ml/extracted/FStar_Util.ml", line 5, characters 37-38:
Warning 20: this argument will not be used by the function.
File "ulib/ml/extracted/FStar_Util.ml", line 5, characters 62-63:
Warning 20: this argument will not be used by the function.
make[4]: warning: jobserver unavailable: using -j1.  Add '+' to parent make rule.
Extracted.mk:92: warning: overriding recipe for target 'mitls.cmxa'
Makefile:195: warning: ignoring old recipe for target 'mitls.cmxa'
Extracted.mk:95: warning: overriding recipe for target 'mitls.exe'
Makefile:198: warning: ignoring old recipe for target 'mitls.exe'
Extracted.mk:108: warning: overriding recipe for target 'test'
Makefile:207: warning: ignoring old recipe for target 'test'
Extracted.mk:164: warning: overriding recipe for target 'cmitls.o'
Makefile:201: warning: ignoring old recipe for target 'cmitls.o'
Extracted.mk:166: warning: overriding recipe for target 'cmitls.exe'
Makefile:203: warning: ignoring old recipe for target 'cmitls.exe'
Unexpected error
FStar_Errors.Error(_)
Raised at file "src/ocaml-output/FStar_ToSyntax_ToSyntax.ml", line 1975, characters 20-105
Called from file "src/ocaml-output/FStar_ToSyntax_ToSyntax.ml", line 1402, characters 6-41
Called from file "src/ocaml-output/FStar_ToSyntax_ToSyntax.ml", line 2046, characters 25-72
Called from file "src/ocaml-output/FStar_ToSyntax_ToSyntax.ml", line 1395, characters 6-41
Called from file "src/ocaml-output/FStar_ToSyntax_ToSyntax.ml", line 5682, characters 35-54
Called from file "list.ml", line 84, characters 24-34
Called from file "src/ocaml-output/FStar_ToSyntax_ToSyntax.ml", line 5733, characters 30-54
Called from file "src/ocaml-output/FStar_ToSyntax_ToSyntax.ml", line 5784, characters 8-63
Called from file "src/ocaml-output/FStar_ToSyntax_ToSyntax.ml", line 5817, characters 37-57
Called from file "list.ml", line 84, characters 24-34
Called from file "src/ocaml-output/FStar_ToSyntax_ToSyntax.ml", line 5812, characters 8-326
Called from file "src/ocaml-output/FStar_Universal.ml", line 290, characters 26-47
Called from file "src/ocaml-output/FStar_Universal.ml", line 383, characters 18-101
Called from file "src/ocaml-output/FStar_Universal.ml", line 407, characters 31-72
Called from file "src/ocaml-output/FStar_Universal.ml", line 424, characters 24-71
Called from file "src/ocaml-output/FStar_Universal.ml", line 465, characters 26-68
Called from file "src/ocaml-output/FStar_Main.ml", line 213, characters 27-67
Called from file "src/ocaml-output/FStar_Main.ml", line 236, characters 6-11

C:\Build\Agent1\_work\5\s\kremlin\kremlib\C.fst(17,30-19,48): (Error) Constructor Stack not found
1 error was reported (see above)
Unexpected error
FStar_Errors.Error(_)
Raised at file "src/ocaml-output/FStar_TypeChecker_Rel.ml", line 7578, characters 18-55
Called from file "src/ocaml-output/FStar_TypeChecker_Rel.ml", line 7594, characters 27-55
Called from file "src/ocaml-output/FStar_TypeChecker_TcTerm.ml", line 2941, characters 27-123
Called from file "src/ocaml-output/FStar_TypeChecker_TcTerm.ml", line 5587, characters 21-1023
Called from file "src/ocaml-output/FStar_TypeChecker_TcTerm.ml", line 4685, characters 27-59
Called from file "src/ocaml-output/FStar_TypeChecker_Tc.ml", line 3771, characters 20-1023
Called from file "src/ocaml-output/FStar_TypeChecker_Tc.ml", line 4170, characters 31-46
Called from file "src/basic/ml/FStar_Util.ml", line 572, characters 30-37
Called from file "src/ocaml-output/FStar_TypeChecker_Tc.ml", line 4216, characters 8-70
Called from file "src/ocaml-output/FStar_TypeChecker_Tc.ml", line 4304, characters 25-77
Called from file "src/ocaml-output/FStar_TypeChecker_Tc.ml", line 4574, characters 23-49
Called from file "src/basic/ml/FStar_Util.ml", line 44, characters 14-18
Called from file "src/ocaml-output/FStar_Universal.ml", line 302, characters 34-233
Called from file "list.ml", line 84, characters 24-34
Called from file "ulib/ml/FStar_All.ml", line 3, characters 21-24
Called from file "src/ocaml-output/FStar_Universal.ml", line 383, characters 18-101
Called from file "src/ocaml-output/FStar_Universal.ml", line 407, characters 31-72
Called from file "src/ocaml-output/FStar_Universal.ml", line 424, characters 24-71
Called from file "src/ocaml-output/FStar_Universal.ml", line 465, characters 26-68
Called from file "src/ocaml-output/FStar_Main.ml", line 213, characters 27-67
Called from file "src/ocaml-output/FStar_Main.ml", line 236, characters 6-11

.\Negotiation.fst(392,35-392,39): (Error) TLSConstants.alpn_entry is not a subtype of the expected type Prims.string
1 error was reported (see above)
Unexpected error
FStar_Errors.Error(_)
Raised at file "src/ocaml-output/FStar_TypeChecker_Rel.ml", line 7578, characters 18-55
Called from file "src/ocaml-output/FStar_TypeChecker_Rel.ml", line 7594, characters 27-55
Called from file "src/ocaml-output/FStar_TypeChecker_TcTerm.ml", line 2941, characters 27-123
Called from file "src/ocaml-output/FStar_TypeChecker_TcTerm.ml", line 5587, characters 21-1023
Called from file "src/ocaml-output/FStar_TypeChecker_TcTerm.ml", line 4685, characters 27-59
Called from file "src/ocaml-output/FStar_TypeChecker_Tc.ml", line 3771, characters 20-1023
Called from file "src/ocaml-output/FStar_TypeChecker_Tc.ml", line 4170, characters 31-46
Called from file "src/basic/ml/FStar_Util.ml", line 572, characters 30-37
Called from file "src/ocaml-output/FStar_TypeChecker_Tc.ml", line 4216, characters 8-70
Called from file "src/ocaml-output/FStar_TypeChecker_Tc.ml", line 4304, characters 25-77
Called from file "src/ocaml-output/FStar_TypeChecker_Tc.ml", line 4574, characters 23-49
Called from file "src/basic/ml/FStar_Util.ml", line 44, characters 14-18
Called from file "src/ocaml-output/FStar_Universal.ml", line 302, characters 34-233
Called from file "list.ml", line 84, characters 24-34
Called from file "ulib/ml/FStar_All.ml", line 3, characters 21-24
Called from file "src/ocaml-output/FStar_Universal.ml", line 383, characters 18-101
Called from file "src/ocaml-output/FStar_Universal.ml", line 407, characters 31-72
Called from file "src/ocaml-output/FStar_Universal.ml", line 424, characters 24-71
Called from file "src/ocaml-output/FStar_Universal.ml", line 465, characters 26-68
Called from file "src/ocaml-output/FStar_Main.ml", line 213, characters 27-67
Called from file "src/ocaml-output/FStar_Main.ml", line 236, characters 6-11

.\Negotiation.fst(392,35-392,39): (Error) TLSConstants.alpn_entry is not a subtype of the expected type Prims.string
1 error was reported (see above)
Unexpected error
FStar_Errors.Error(_)
Raised at file "src/ocaml-output/FStar_TypeChecker_Rel.ml", line 7578, characters 18-55
Called from file "src/ocaml-output/FStar_TypeChecker_Rel.ml", line 7594, characters 27-55
Called from file "src/ocaml-output/FStar_TypeChecker_TcTerm.ml", line 2941, characters 27-123
Called from file "src/ocaml-output/FStar_TypeChecker_TcTerm.ml", line 5587, characters 21-1023
Called from file "src/ocaml-output/FStar_TypeChecker_TcTerm.ml", line 4685, characters 27-59
Called from file "src/ocaml-output/FStar_TypeChecker_Tc.ml", line 3771, characters 20-1023
Called from file "src/ocaml-output/FStar_TypeChecker_Tc.ml", line 4170, characters 31-46
Called from file "src/basic/ml/FStar_Util.ml", line 572, characters 30-37
Called from file "src/ocaml-output/FStar_TypeChecker_Tc.ml", line 4216, characters 8-70
Called from file "src/ocaml-output/FStar_TypeChecker_Tc.ml", line 4304, characters 25-77
Called from file "src/ocaml-output/FStar_TypeChecker_Tc.ml", line 4574, characters 23-49
Called from file "src/basic/ml/FStar_Util.ml", line 44, characters 14-18
Called from file "src/ocaml-output/FStar_Universal.ml", line 302, characters 34-233
Called from file "list.ml", line 84, characters 24-34
Called from file "ulib/ml/FStar_All.ml", line 3, characters 21-24
Called from file "src/ocaml-output/FStar_Universal.ml", line 383, characters 18-101
Called from file "src/ocaml-output/FStar_Universal.ml", line 407, characters 31-72
Called from file "src/ocaml-output/FStar_Universal.ml", line 424, characters 24-71
Called from file "src/ocaml-output/FStar_Universal.ml", line 465, characters 26-68
Called from file "src/ocaml-output/FStar_Main.ml", line 213, characters 27-67
Called from file "src/ocaml-output/FStar_Main.ml", line 236, characters 6-11

.\Negotiation.fst(392,35-392,39): (Error) TLSConstants.alpn_entry is not a subtype of the expected type Prims.string
1 error was reported (see above)
Unexpected error
FStar_Errors.Error(_)
Raised at file "src/ocaml-output/FStar_TypeChecker_Rel.ml", line 7578, characters 18-55
Called from file "src/ocaml-output/FStar_TypeChecker_Rel.ml", line 7594, characters 27-55
Called from file "src/ocaml-output/FStar_TypeChecker_TcTerm.ml", line 2941, characters 27-123
Called from file "src/ocaml-output/FStar_TypeChecker_TcTerm.ml", line 5587, characters 21-1023
Called from file "src/ocaml-output/FStar_TypeChecker_TcTerm.ml", line 4685, characters 27-59
Called from file "src/ocaml-output/FStar_TypeChecker_Tc.ml", line 3771, characters 20-1023
Called from file "src/ocaml-output/FStar_TypeChecker_Tc.ml", line 4170, characters 31-46
Called from file "src/basic/ml/FStar_Util.ml", line 572, characters 30-37
Called from file "src/ocaml-output/FStar_TypeChecker_Tc.ml", line 4216, characters 8-70
Called from file "src/ocaml-output/FStar_TypeChecker_Tc.ml", line 4304, characters 25-77
Called from file "src/ocaml-output/FStar_TypeChecker_Tc.ml", line 4574, characters 23-49
Called from file "src/basic/ml/FStar_Util.ml", line 44, characters 14-18
Called from file "src/ocaml-output/FStar_Universal.ml", line 302, characters 34-233
Called from file "list.ml", line 84, characters 24-34
Called from file "ulib/ml/FStar_All.ml", line 3, characters 21-24
Called from file "src/ocaml-output/FStar_Universal.ml", line 383, characters 18-101
Called from file "src/ocaml-output/FStar_Universal.ml", line 407, characters 31-72
Called from file "src/ocaml-output/FStar_Universal.ml", line 424, characters 24-71
Called from file "src/ocaml-output/FStar_Universal.ml", line 465, characters 26-68
Called from file "src/ocaml-output/FStar_Main.ml", line 213, characters 27-67
Called from file "src/ocaml-output/FStar_Main.ml", line 236, characters 6-11

.\Negotiation.fst(392,35-392,39): (Error) TLSConstants.alpn_entry is not a subtype of the expected type Prims.string
1 error was reported (see above)
make[3]: *** No rule to make target 'output/FFI.ml', needed by 'output/FFI.cmx'.
make[3]: *** No rule to make target 'output/TestAPI.ml', needed by 'output/TestAPI.cmx'.
make[3]: *** No rule to make target 'output/TestFFI.ml', needed by 'output/TestFFI.cmx'.
x86_64-w64-mingw32-ar: tmp/*.o: No such file or directory
make[4]: *** [Makefile:70: libllcrypto.a] Error 1
make[5]: warning: jobserver unavailable: using -j1.  Add '+' to parent make rule.
make[4]: Target 'all' not remade because of errors.
make[3]: *** [Extracted.mk:56: C:/Build/Agent1/_work/5/s/hacl-star/secure_api/LowCProvider/LowCProvider.cmxa] Error 2
ffi.c:1:0: warning: -fPIC ignored for target (all code is position independent)
#include <stdio.h>
^
ffi.c:1:0: warning: -fPIC ignored for target (all code is position independent)
#include <stdio.h>
^
make[5]: warning: jobserver unavailable: using -j1.  Add '+' to parent make rule.
make[3]: Target 'mitls.cmxa' not remade because of errors.
make[2]: *** [Makefile:195: mitls.cmxa] Error 2
make[2]: Target 'mitls.exe' not remade because of errors.
make[1]: *** [Makefile:26: build] Error 2
make: *** [Makefile:22: all] Error 2
