make: Entering directory '/cygdrive/c/Build/Agent2/_work/2/s/src/tls'
C:/Build/Agent2/_work/2/s/fstar/bin/fstar.exe --version | grep ^commit | sed 's/commit=\([^ ]*\).*/\1/' > ../../.fstar_version
C:/Build/Agent2/_work/2/s/fstar/bin/fstar.exe --fstar_home C:/Build/Agent2/_work/2/s/fstar  --max_fuel 4 --initial_fuel 0 --max_ifuel 2 --initial_ifuel 1 --z3rlimit 20 --__temp_no_proj Handshake --__temp_no_proj Connection --use_hints \
--include C:/Build/Agent2/_work/2/s/fstar/ucontrib/CoreCrypto/fst/ --include C:/Build/Agent2/_work/2/s/fstar/ucontrib/Platform/fst/ --include C:/Build/Agent2/_work/2/s/fstar/examples/low-level/crypto/real --include C:/Build/Agent2/_work/2/s/fstar/examples/low-level/LowCProvider/fst --include C:/Build/Agent2/_work/2/s/fstar/examples/low-level/crypto --include ../../libs/ffi --include C:/Build/Agent2/_work/2/s/fstar/ulib/hyperstack \
--include ideal-flags \
--verify_module Flags \
Flags.fst
C:/Build/Agent2/_work/2/s/fstar/bin/fstar.exe --fstar_home C:/Build/Agent2/_work/2/s/fstar  --max_fuel 4 --initial_fuel 0 --max_ifuel 2 --initial_ifuel 1 --z3rlimit 20 --__temp_no_proj Handshake --__temp_no_proj Connection --use_hints \
--include C:/Build/Agent2/_work/2/s/fstar/ucontrib/CoreCrypto/fst/ --include C:/Build/Agent2/_work/2/s/fstar/ucontrib/Platform/fst/ --include C:/Build/Agent2/_work/2/s/fstar/examples/low-level/crypto/real --include C:/Build/Agent2/_work/2/s/fstar/examples/low-level/LowCProvider/fst --include C:/Build/Agent2/_work/2/s/fstar/examples/low-level/crypto --include ../../libs/ffi --include C:/Build/Agent2/_work/2/s/fstar/ulib/hyperstack \
--include ideal-flags \
--verify_module MonotoneMap \
MonotoneMap.fst
C:/Build/Agent2/_work/2/s/fstar/bin/fstar.exe --fstar_home C:/Build/Agent2/_work/2/s/fstar  --max_fuel 4 --initial_fuel 0 --max_ifuel 2 --initial_ifuel 1 --z3rlimit 20 --__temp_no_proj Handshake --__temp_no_proj Connection --use_hints \
--include C:/Build/Agent2/_work/2/s/fstar/ucontrib/CoreCrypto/fst/ --include C:/Build/Agent2/_work/2/s/fstar/ucontrib/Platform/fst/ --include C:/Build/Agent2/_work/2/s/fstar/examples/low-level/crypto/real --include C:/Build/Agent2/_work/2/s/fstar/examples/low-level/LowCProvider/fst --include C:/Build/Agent2/_work/2/s/fstar/examples/low-level/crypto --include ../../libs/ffi --include C:/Build/Agent2/_work/2/s/fstar/ulib/hyperstack \
--include ideal-flags \
--verify_module TLSError \
TLSError.fst
C:/Build/Agent2/_work/2/s/fstar/bin/fstar.exe --fstar_home C:/Build/Agent2/_work/2/s/fstar  --max_fuel 4 --initial_fuel 0 --max_ifuel 2 --initial_ifuel 1 --z3rlimit 20 --__temp_no_proj Handshake --__temp_no_proj Connection --use_hints \
--include C:/Build/Agent2/_work/2/s/fstar/ucontrib/CoreCrypto/fst/ --include C:/Build/Agent2/_work/2/s/fstar/ucontrib/Platform/fst/ --include C:/Build/Agent2/_work/2/s/fstar/examples/low-level/crypto/real --include C:/Build/Agent2/_work/2/s/fstar/examples/low-level/LowCProvider/fst --include C:/Build/Agent2/_work/2/s/fstar/examples/low-level/crypto --include ../../libs/ffi --include C:/Build/Agent2/_work/2/s/fstar/ulib/hyperstack \
--include ideal-flags \
--verify_module TLSConstants \
TLSConstants.fst
C:/Build/Agent2/_work/2/s/fstar/bin/fstar.exe --fstar_home C:/Build/Agent2/_work/2/s/fstar  --max_fuel 4 --initial_fuel 0 --max_ifuel 2 --initial_ifuel 1 --z3rlimit 20 --__temp_no_proj Handshake --__temp_no_proj Connection --use_hints \
--include C:/Build/Agent2/_work/2/s/fstar/ucontrib/CoreCrypto/fst/ --include C:/Build/Agent2/_work/2/s/fstar/ucontrib/Platform/fst/ --include C:/Build/Agent2/_work/2/s/fstar/examples/low-level/crypto/real --include C:/Build/Agent2/_work/2/s/fstar/examples/low-level/LowCProvider/fst --include C:/Build/Agent2/_work/2/s/fstar/examples/low-level/crypto --include ../../libs/ffi --include C:/Build/Agent2/_work/2/s/fstar/ulib/hyperstack \
--include ideal-flags \
--verify_module Transport \
Transport.fst
C:/Build/Agent2/_work/2/s/fstar/bin/fstar.exe --fstar_home C:/Build/Agent2/_work/2/s/fstar  --max_fuel 4 --initial_fuel 0 --max_ifuel 2 --initial_ifuel 1 --z3rlimit 20 --__temp_no_proj Handshake --__temp_no_proj Connection --use_hints \
--include C:/Build/Agent2/_work/2/s/fstar/ucontrib/CoreCrypto/fst/ --include C:/Build/Agent2/_work/2/s/fstar/ucontrib/Platform/fst/ --include C:/Build/Agent2/_work/2/s/fstar/examples/low-level/crypto/real --include C:/Build/Agent2/_work/2/s/fstar/examples/low-level/LowCProvider/fst --include C:/Build/Agent2/_work/2/s/fstar/examples/low-level/crypto --include ../../libs/ffi --include C:/Build/Agent2/_work/2/s/fstar/ulib/hyperstack \
--include ideal-flags \
--verify_module Nonce \
Nonce.fst
C:/Build/Agent2/_work/2/s/fstar/bin/fstar.exe --fstar_home C:/Build/Agent2/_work/2/s/fstar  --max_fuel 4 --initial_fuel 0 --max_ifuel 2 --initial_ifuel 1 --z3rlimit 20 --__temp_no_proj Handshake --__temp_no_proj Connection --use_hints \
--include C:/Build/Agent2/_work/2/s/fstar/ucontrib/CoreCrypto/fst/ --include C:/Build/Agent2/_work/2/s/fstar/ucontrib/Platform/fst/ --include C:/Build/Agent2/_work/2/s/fstar/examples/low-level/crypto/real --include C:/Build/Agent2/_work/2/s/fstar/examples/low-level/LowCProvider/fst --include C:/Build/Agent2/_work/2/s/fstar/examples/low-level/crypto --include ../../libs/ffi --include C:/Build/Agent2/_work/2/s/fstar/ulib/hyperstack \
--include ideal-flags \
--verify_module RSAKey \
RSAKey.fst
C:/Build/Agent2/_work/2/s/fstar/bin/fstar.exe --fstar_home C:/Build/Agent2/_work/2/s/fstar  --max_fuel 4 --initial_fuel 0 --max_ifuel 2 --initial_ifuel 1 --z3rlimit 20 --__temp_no_proj Handshake --__temp_no_proj Connection --use_hints \
--include C:/Build/Agent2/_work/2/s/fstar/ucontrib/CoreCrypto/fst/ --include C:/Build/Agent2/_work/2/s/fstar/ucontrib/Platform/fst/ --include C:/Build/Agent2/_work/2/s/fstar/examples/low-level/crypto/real --include C:/Build/Agent2/_work/2/s/fstar/examples/low-level/LowCProvider/fst --include C:/Build/Agent2/_work/2/s/fstar/examples/low-level/crypto --include ../../libs/ffi --include C:/Build/Agent2/_work/2/s/fstar/ulib/hyperstack \
--include ideal-flags \
--verify_module DHGroup \
DHGroup.fst
C:/Build/Agent2/_work/2/s/fstar/bin/fstar.exe --fstar_home C:/Build/Agent2/_work/2/s/fstar  --max_fuel 4 --initial_fuel 0 --max_ifuel 2 --initial_ifuel 1 --z3rlimit 20 --__temp_no_proj Handshake --__temp_no_proj Connection --use_hints \
--include C:/Build/Agent2/_work/2/s/fstar/ucontrib/CoreCrypto/fst/ --include C:/Build/Agent2/_work/2/s/fstar/ucontrib/Platform/fst/ --include C:/Build/Agent2/_work/2/s/fstar/examples/low-level/crypto/real --include C:/Build/Agent2/_work/2/s/fstar/examples/low-level/LowCProvider/fst --include C:/Build/Agent2/_work/2/s/fstar/examples/low-level/crypto --include ../../libs/ffi --include C:/Build/Agent2/_work/2/s/fstar/ulib/hyperstack \
--include ideal-flags \
--verify_module ECGroup \
ECGroup.fst
C:/Build/Agent2/_work/2/s/fstar/bin/fstar.exe --fstar_home C:/Build/Agent2/_work/2/s/fstar  --max_fuel 4 --initial_fuel 0 --max_ifuel 2 --initial_ifuel 1 --z3rlimit 20 --__temp_no_proj Handshake --__temp_no_proj Connection --use_hints \
--include C:/Build/Agent2/_work/2/s/fstar/ucontrib/CoreCrypto/fst/ --include C:/Build/Agent2/_work/2/s/fstar/ucontrib/Platform/fst/ --include C:/Build/Agent2/_work/2/s/fstar/examples/low-level/crypto/real --include C:/Build/Agent2/_work/2/s/fstar/examples/low-level/LowCProvider/fst --include C:/Build/Agent2/_work/2/s/fstar/examples/low-level/crypto --include ../../libs/ffi --include C:/Build/Agent2/_work/2/s/fstar/ulib/hyperstack \
--include ideal-flags \
--verify_module CommonDH \
CommonDH.fst
C:/Build/Agent2/_work/2/s/fstar/bin/fstar.exe --fstar_home C:/Build/Agent2/_work/2/s/fstar  --max_fuel 4 --initial_fuel 0 --max_ifuel 2 --initial_ifuel 1 --z3rlimit 20 --__temp_no_proj Handshake --__temp_no_proj Connection --use_hints \
--include C:/Build/Agent2/_work/2/s/fstar/ucontrib/CoreCrypto/fst/ --include C:/Build/Agent2/_work/2/s/fstar/ucontrib/Platform/fst/ --include C:/Build/Agent2/_work/2/s/fstar/examples/low-level/crypto/real --include C:/Build/Agent2/_work/2/s/fstar/examples/low-level/LowCProvider/fst --include C:/Build/Agent2/_work/2/s/fstar/examples/low-level/crypto --include ../../libs/ffi --include C:/Build/Agent2/_work/2/s/fstar/ulib/hyperstack \
--include ideal-flags \
--verify_module PMS \
PMS.fst
C:/Build/Agent2/_work/2/s/fstar/bin/fstar.exe --fstar_home C:/Build/Agent2/_work/2/s/fstar  --max_fuel 4 --initial_fuel 0 --max_ifuel 2 --initial_ifuel 1 --z3rlimit 20 --__temp_no_proj Handshake --__temp_no_proj Connection --use_hints \
--include C:/Build/Agent2/_work/2/s/fstar/ucontrib/CoreCrypto/fst/ --include C:/Build/Agent2/_work/2/s/fstar/ucontrib/Platform/fst/ --include C:/Build/Agent2/_work/2/s/fstar/examples/low-level/crypto/real --include C:/Build/Agent2/_work/2/s/fstar/examples/low-level/LowCProvider/fst --include C:/Build/Agent2/_work/2/s/fstar/examples/low-level/crypto --include ../../libs/ffi --include C:/Build/Agent2/_work/2/s/fstar/ulib/hyperstack \
--include ideal-flags \
--verify_module Hashing \
Hashing.fst
C:/Build/Agent2/_work/2/s/fstar/bin/fstar.exe --fstar_home C:/Build/Agent2/_work/2/s/fstar  --max_fuel 4 --initial_fuel 0 --max_ifuel 2 --initial_ifuel 1 --z3rlimit 20 --__temp_no_proj Handshake --__temp_no_proj Connection --use_hints \
--include C:/Build/Agent2/_work/2/s/fstar/ucontrib/CoreCrypto/fst/ --include C:/Build/Agent2/_work/2/s/fstar/ucontrib/Platform/fst/ --include C:/Build/Agent2/_work/2/s/fstar/examples/low-level/crypto/real --include C:/Build/Agent2/_work/2/s/fstar/examples/low-level/LowCProvider/fst --include C:/Build/Agent2/_work/2/s/fstar/examples/low-level/crypto --include ../../libs/ffi --include C:/Build/Agent2/_work/2/s/fstar/ulib/hyperstack \
--include ideal-flags \
--verify_module HashMAC \
HashMAC.fst
C:/Build/Agent2/_work/2/s/fstar/bin/fstar.exe --fstar_home C:/Build/Agent2/_work/2/s/fstar  --max_fuel 4 --initial_fuel 0 --max_ifuel 2 --initial_ifuel 1 --z3rlimit 20 --__temp_no_proj Handshake --__temp_no_proj Connection --use_hints \
--include C:/Build/Agent2/_work/2/s/fstar/ucontrib/CoreCrypto/fst/ --include C:/Build/Agent2/_work/2/s/fstar/ucontrib/Platform/fst/ --include C:/Build/Agent2/_work/2/s/fstar/examples/low-level/crypto/real --include C:/Build/Agent2/_work/2/s/fstar/examples/low-level/LowCProvider/fst --include C:/Build/Agent2/_work/2/s/fstar/examples/low-level/crypto --include ../../libs/ffi --include C:/Build/Agent2/_work/2/s/fstar/ulib/hyperstack \
--include ideal-flags \
--verify_module Cert \
Cert.fst
C:/Build/Agent2/_work/2/s/fstar/bin/fstar.exe --fstar_home C:/Build/Agent2/_work/2/s/fstar  --max_fuel 4 --initial_fuel 0 --max_ifuel 2 --initial_ifuel 1 --z3rlimit 20 --__temp_no_proj Handshake --__temp_no_proj Connection --use_hints \
--include C:/Build/Agent2/_work/2/s/fstar/ucontrib/CoreCrypto/fst/ --include C:/Build/Agent2/_work/2/s/fstar/ucontrib/Platform/fst/ --include C:/Build/Agent2/_work/2/s/fstar/examples/low-level/crypto/real --include C:/Build/Agent2/_work/2/s/fstar/examples/low-level/LowCProvider/fst --include C:/Build/Agent2/_work/2/s/fstar/examples/low-level/crypto --include ../../libs/ffi --include C:/Build/Agent2/_work/2/s/fstar/ulib/hyperstack \
--include ideal-flags \
--verify_module Signature \
Signature.fst
C:/Build/Agent2/_work/2/s/fstar/bin/fstar.exe --fstar_home C:/Build/Agent2/_work/2/s/fstar  --max_fuel 4 --initial_fuel 0 --max_ifuel 2 --initial_ifuel 1 --z3rlimit 20 --__temp_no_proj Handshake --__temp_no_proj Connection --use_hints \
--include C:/Build/Agent2/_work/2/s/fstar/ucontrib/CoreCrypto/fst/ --include C:/Build/Agent2/_work/2/s/fstar/ucontrib/Platform/fst/ --include C:/Build/Agent2/_work/2/s/fstar/examples/low-level/crypto/real --include C:/Build/Agent2/_work/2/s/fstar/examples/low-level/LowCProvider/fst --include C:/Build/Agent2/_work/2/s/fstar/examples/low-level/crypto --include ../../libs/ffi --include C:/Build/Agent2/_work/2/s/fstar/ulib/hyperstack \
--include ideal-flags \
--verify_module TLSInfo \
TLSInfo.fst
C:/Build/Agent2/_work/2/s/fstar/bin/fstar.exe --fstar_home C:/Build/Agent2/_work/2/s/fstar  --max_fuel 4 --initial_fuel 0 --max_ifuel 2 --initial_ifuel 1 --z3rlimit 20 --__temp_no_proj Handshake --__temp_no_proj Connection --use_hints \
--include C:/Build/Agent2/_work/2/s/fstar/ucontrib/CoreCrypto/fst/ --include C:/Build/Agent2/_work/2/s/fstar/ucontrib/Platform/fst/ --include C:/Build/Agent2/_work/2/s/fstar/examples/low-level/crypto/real --include C:/Build/Agent2/_work/2/s/fstar/examples/low-level/LowCProvider/fst --include C:/Build/Agent2/_work/2/s/fstar/examples/low-level/crypto --include ../../libs/ffi --include C:/Build/Agent2/_work/2/s/fstar/ulib/hyperstack \
--include ideal-flags \
--verify_module IdNonce \
IdNonce.fst
C:/Build/Agent2/_work/2/s/fstar/bin/fstar.exe --fstar_home C:/Build/Agent2/_work/2/s/fstar  --max_fuel 4 --initial_fuel 0 --max_ifuel 2 --initial_ifuel 1 --z3rlimit 20 --__temp_no_proj Handshake --__temp_no_proj Connection --use_hints \
--include C:/Build/Agent2/_work/2/s/fstar/ucontrib/CoreCrypto/fst/ --include C:/Build/Agent2/_work/2/s/fstar/ucontrib/Platform/fst/ --include C:/Build/Agent2/_work/2/s/fstar/examples/low-level/crypto/real --include C:/Build/Agent2/_work/2/s/fstar/examples/low-level/LowCProvider/fst --include C:/Build/Agent2/_work/2/s/fstar/examples/low-level/crypto --include ../../libs/ffi --include C:/Build/Agent2/_work/2/s/fstar/ulib/hyperstack \
--include ideal-flags \
--verify_module TLSExtensions \
TLSExtensions.fst
C:/Build/Agent2/_work/2/s/fstar/bin/fstar.exe --fstar_home C:/Build/Agent2/_work/2/s/fstar  --max_fuel 4 --initial_fuel 0 --max_ifuel 2 --initial_ifuel 1 --z3rlimit 20 --__temp_no_proj Handshake --__temp_no_proj Connection --use_hints \
--include C:/Build/Agent2/_work/2/s/fstar/ucontrib/CoreCrypto/fst/ --include C:/Build/Agent2/_work/2/s/fstar/ucontrib/Platform/fst/ --include C:/Build/Agent2/_work/2/s/fstar/examples/low-level/crypto/real --include C:/Build/Agent2/_work/2/s/fstar/examples/low-level/LowCProvider/fst --include C:/Build/Agent2/_work/2/s/fstar/examples/low-level/crypto --include ../../libs/ffi --include C:/Build/Agent2/_work/2/s/fstar/ulib/hyperstack \
--include ideal-flags \
--verify_module Range \
Range.fst
C:/Build/Agent2/_work/2/s/fstar/bin/fstar.exe --fstar_home C:/Build/Agent2/_work/2/s/fstar  --max_fuel 4 --initial_fuel 0 --max_ifuel 2 --initial_ifuel 1 --z3rlimit 20 --__temp_no_proj Handshake --__temp_no_proj Connection --use_hints \
--include C:/Build/Agent2/_work/2/s/fstar/ucontrib/CoreCrypto/fst/ --include C:/Build/Agent2/_work/2/s/fstar/ucontrib/Platform/fst/ --include C:/Build/Agent2/_work/2/s/fstar/examples/low-level/crypto/real --include C:/Build/Agent2/_work/2/s/fstar/examples/low-level/LowCProvider/fst --include C:/Build/Agent2/_work/2/s/fstar/examples/low-level/crypto --include ../../libs/ffi --include C:/Build/Agent2/_work/2/s/fstar/ulib/hyperstack \
--include ideal-flags \
--verify_module DataStream \
DataStream.fst
C:/Build/Agent2/_work/2/s/fstar/bin/fstar.exe --fstar_home C:/Build/Agent2/_work/2/s/fstar  --max_fuel 4 --initial_fuel 0 --max_ifuel 2 --initial_ifuel 1 --z3rlimit 20 --__temp_no_proj Handshake --__temp_no_proj Connection --use_hints \
--include C:/Build/Agent2/_work/2/s/fstar/ucontrib/CoreCrypto/fst/ --include C:/Build/Agent2/_work/2/s/fstar/ucontrib/Platform/fst/ --include C:/Build/Agent2/_work/2/s/fstar/examples/low-level/crypto/real --include C:/Build/Agent2/_work/2/s/fstar/examples/low-level/LowCProvider/fst --include C:/Build/Agent2/_work/2/s/fstar/examples/low-level/crypto --include ../../libs/ffi --include C:/Build/Agent2/_work/2/s/fstar/ulib/hyperstack \
--include ideal-flags \
--verify_module Alert \
Alert.fst
C:/Build/Agent2/_work/2/s/fstar/bin/fstar.exe --fstar_home C:/Build/Agent2/_work/2/s/fstar  --max_fuel 4 --initial_fuel 0 --max_ifuel 2 --initial_ifuel 1 --z3rlimit 20 --__temp_no_proj Handshake --__temp_no_proj Connection --use_hints \
--include C:/Build/Agent2/_work/2/s/fstar/ucontrib/CoreCrypto/fst/ --include C:/Build/Agent2/_work/2/s/fstar/ucontrib/Platform/fst/ --include C:/Build/Agent2/_work/2/s/fstar/examples/low-level/crypto/real --include C:/Build/Agent2/_work/2/s/fstar/examples/low-level/LowCProvider/fst --include C:/Build/Agent2/_work/2/s/fstar/examples/low-level/crypto --include ../../libs/ffi --include C:/Build/Agent2/_work/2/s/fstar/ulib/hyperstack \
--include ideal-flags \
--verify_module Content \
Content.fst
C:/Build/Agent2/_work/2/s/fstar/bin/fstar.exe --fstar_home C:/Build/Agent2/_work/2/s/fstar  --max_fuel 4 --initial_fuel 0 --max_ifuel 2 --initial_ifuel 1 --z3rlimit 20 --__temp_no_proj Handshake --__temp_no_proj Connection --use_hints \
--include C:/Build/Agent2/_work/2/s/fstar/ucontrib/CoreCrypto/fst/ --include C:/Build/Agent2/_work/2/s/fstar/ucontrib/Platform/fst/ --include C:/Build/Agent2/_work/2/s/fstar/examples/low-level/crypto/real --include C:/Build/Agent2/_work/2/s/fstar/examples/low-level/LowCProvider/fst --include C:/Build/Agent2/_work/2/s/fstar/examples/low-level/crypto --include ../../libs/ffi --include C:/Build/Agent2/_work/2/s/fstar/ulib/hyperstack \
--include ideal-flags \
--verify_module StreamPlain \
StreamPlain.fst
C:/Build/Agent2/_work/2/s/fstar/bin/fstar.exe --fstar_home C:/Build/Agent2/_work/2/s/fstar  --max_fuel 4 --initial_fuel 0 --max_ifuel 2 --initial_ifuel 1 --z3rlimit 20 --__temp_no_proj Handshake --__temp_no_proj Connection --use_hints \
--include C:/Build/Agent2/_work/2/s/fstar/ucontrib/CoreCrypto/fst/ --include C:/Build/Agent2/_work/2/s/fstar/ucontrib/Platform/fst/ --include C:/Build/Agent2/_work/2/s/fstar/examples/low-level/crypto/real --include C:/Build/Agent2/_work/2/s/fstar/examples/low-level/LowCProvider/fst --include C:/Build/Agent2/_work/2/s/fstar/examples/low-level/crypto --include ../../libs/ffi --include C:/Build/Agent2/_work/2/s/fstar/ulib/hyperstack \
--include ideal-flags \
--verify_module StreamAE \
StreamAE.fst
Verified module: Flags (44 milliseconds)
All verification conditions discharged successfully
C:/Build/Agent2/_work/2/s/fstar/bin/fstar.exe --fstar_home C:/Build/Agent2/_work/2/s/fstar  --max_fuel 4 --initial_fuel 0 --max_ifuel 2 --initial_ifuel 1 --z3rlimit 20 --__temp_no_proj Handshake --__temp_no_proj Connection --use_hints \
--include C:/Build/Agent2/_work/2/s/fstar/ucontrib/CoreCrypto/fst/ --include C:/Build/Agent2/_work/2/s/fstar/ucontrib/Platform/fst/ --include C:/Build/Agent2/_work/2/s/fstar/examples/low-level/crypto/real --include C:/Build/Agent2/_work/2/s/fstar/examples/low-level/LowCProvider/fst --include C:/Build/Agent2/_work/2/s/fstar/examples/low-level/crypto --include ../../libs/ffi --include C:/Build/Agent2/_work/2/s/fstar/ulib/hyperstack \
--include ideal-flags \
--verify_module MasterSecret \
MasterSecret.fst
Verified module: Transport (6597 milliseconds)
All verification conditions discharged successfully
C:/Build/Agent2/_work/2/s/fstar/bin/fstar.exe --fstar_home C:/Build/Agent2/_work/2/s/fstar  --max_fuel 4 --initial_fuel 0 --max_ifuel 2 --initial_ifuel 1 --z3rlimit 20 --__temp_no_proj Handshake --__temp_no_proj Connection --use_hints \
--include C:/Build/Agent2/_work/2/s/fstar/ucontrib/CoreCrypto/fst/ --include C:/Build/Agent2/_work/2/s/fstar/ucontrib/Platform/fst/ --include C:/Build/Agent2/_work/2/s/fstar/examples/low-level/crypto/real --include C:/Build/Agent2/_work/2/s/fstar/examples/low-level/LowCProvider/fst --include C:/Build/Agent2/_work/2/s/fstar/examples/low-level/crypto --include ../../libs/ffi --include C:/Build/Agent2/_work/2/s/fstar/ulib/hyperstack \
--include ideal-flags \
--verify_module StatefulPlain \
StatefulPlain.fst
Verified module: MonotoneMap (19143 milliseconds)
All verification conditions discharged successfully
C:/Build/Agent2/_work/2/s/fstar/bin/fstar.exe --fstar_home C:/Build/Agent2/_work/2/s/fstar  --max_fuel 4 --initial_fuel 0 --max_ifuel 2 --initial_ifuel 1 --z3rlimit 20 --__temp_no_proj Handshake --__temp_no_proj Connection --use_hints \
--include C:/Build/Agent2/_work/2/s/fstar/ucontrib/CoreCrypto/fst/ --include C:/Build/Agent2/_work/2/s/fstar/ucontrib/Platform/fst/ --include C:/Build/Agent2/_work/2/s/fstar/examples/low-level/crypto/real --include C:/Build/Agent2/_work/2/s/fstar/examples/low-level/LowCProvider/fst --include C:/Build/Agent2/_work/2/s/fstar/examples/low-level/crypto --include ../../libs/ffi --include C:/Build/Agent2/_work/2/s/fstar/ulib/hyperstack \
--include ideal-flags \
--verify_module LHAEPlain \
LHAEPlain.fst
Verified module: Hashing (483 milliseconds)
All verification conditions discharged successfully
C:/Build/Agent2/_work/2/s/fstar/bin/fstar.exe --fstar_home C:/Build/Agent2/_work/2/s/fstar  --max_fuel 4 --initial_fuel 0 --max_ifuel 2 --initial_ifuel 1 --z3rlimit 20 --__temp_no_proj Handshake --__temp_no_proj Connection --use_hints \
--include C:/Build/Agent2/_work/2/s/fstar/ucontrib/CoreCrypto/fst/ --include C:/Build/Agent2/_work/2/s/fstar/ucontrib/Platform/fst/ --include C:/Build/Agent2/_work/2/s/fstar/examples/low-level/crypto/real --include C:/Build/Agent2/_work/2/s/fstar/examples/low-level/LowCProvider/fst --include C:/Build/Agent2/_work/2/s/fstar/examples/low-level/crypto --include ../../libs/ffi --include C:/Build/Agent2/_work/2/s/fstar/ulib/hyperstack \
--include ideal-flags \
--verify_module AEAD_GCM \
AEAD_GCM.fst
Verified module: RSAKey (4453 milliseconds)
All verification conditions discharged successfully
C:/Build/Agent2/_work/2/s/fstar/bin/fstar.exe --fstar_home C:/Build/Agent2/_work/2/s/fstar  --max_fuel 4 --initial_fuel 0 --max_ifuel 2 --initial_ifuel 1 --z3rlimit 20 --__temp_no_proj Handshake --__temp_no_proj Connection --use_hints \
--include C:/Build/Agent2/_work/2/s/fstar/ucontrib/CoreCrypto/fst/ --include C:/Build/Agent2/_work/2/s/fstar/ucontrib/Platform/fst/ --include C:/Build/Agent2/_work/2/s/fstar/examples/low-level/crypto/real --include C:/Build/Agent2/_work/2/s/fstar/examples/low-level/LowCProvider/fst --include C:/Build/Agent2/_work/2/s/fstar/examples/low-level/crypto --include ../../libs/ffi --include C:/Build/Agent2/_work/2/s/fstar/ulib/hyperstack \
--include ideal-flags \
--verify_module MAC \
MAC.fst
Verified module: TLSError (17979 milliseconds)
All verification conditions discharged successfully
C:/Build/Agent2/_work/2/s/fstar/bin/fstar.exe --fstar_home C:/Build/Agent2/_work/2/s/fstar  --max_fuel 4 --initial_fuel 0 --max_ifuel 2 --initial_ifuel 1 --z3rlimit 20 --__temp_no_proj Handshake --__temp_no_proj Connection --use_hints \
--include C:/Build/Agent2/_work/2/s/fstar/ucontrib/CoreCrypto/fst/ --include C:/Build/Agent2/_work/2/s/fstar/ucontrib/Platform/fst/ --include C:/Build/Agent2/_work/2/s/fstar/examples/low-level/crypto/real --include C:/Build/Agent2/_work/2/s/fstar/examples/low-level/LowCProvider/fst --include C:/Build/Agent2/_work/2/s/fstar/examples/low-level/crypto --include ../../libs/ffi --include C:/Build/Agent2/_work/2/s/fstar/ulib/hyperstack \
--include ideal-flags \
--verify_module StatefulLHAE \
StatefulLHAE.fst
Verified module: Cert (28597 milliseconds)
All verification conditions discharged successfully
C:/Build/Agent2/_work/2/s/fstar/bin/fstar.exe --fstar_home C:/Build/Agent2/_work/2/s/fstar  --max_fuel 4 --initial_fuel 0 --max_ifuel 2 --initial_ifuel 1 --z3rlimit 20 --__temp_no_proj Handshake --__temp_no_proj Connection --use_hints \
--include C:/Build/Agent2/_work/2/s/fstar/ucontrib/CoreCrypto/fst/ --include C:/Build/Agent2/_work/2/s/fstar/ucontrib/Platform/fst/ --include C:/Build/Agent2/_work/2/s/fstar/examples/low-level/crypto/real --include C:/Build/Agent2/_work/2/s/fstar/examples/low-level/LowCProvider/fst --include C:/Build/Agent2/_work/2/s/fstar/examples/low-level/crypto --include ../../libs/ffi --include C:/Build/Agent2/_work/2/s/fstar/ulib/hyperstack \
--include ideal-flags \
--verify_module Record \
Record.fst
Verified module: IdNonce (54744 milliseconds)
All verification conditions discharged successfully
Verified module: HashMAC (9162 milliseconds)
All verification conditions discharged successfully
Verified module: PMS (20121 milliseconds)
All verification conditions discharged successfully
Verified module: CommonDH (79615 milliseconds)
All verification conditions discharged successfully
Verified module: DHGroup (41666 milliseconds)
All verification conditions discharged successfully
Verified module: Nonce (99977 milliseconds)
All verification conditions discharged successfully
Verified module: ECGroup (51418 milliseconds)
All verification conditions discharged successfully
Verified module: TLSExtensions (124077 milliseconds)
All verification conditions discharged successfully
Verified module: MAC (101963 milliseconds)
All verification conditions discharged successfully
Verified module: TLSInfo (168693 milliseconds)
All verification conditions discharged successfully
Verified module: Signature (183381 milliseconds)
All verification conditions discharged successfully
make: Leaving directory '/cygdrive/c/Build/Agent2/_work/2/s/src/tls'
