From https://github.com/FStarLang/FStar
a1c2fd8..b590fde  master     -> origin/master
* [new branch]      aseem_serialization_experiment -> origin/aseem_serialization_experiment
+ 2bff11c...ad2177d cpitclaudel_show_match -> origin/cpitclaudel_show_match  (forced update)
c6e994d..ffcb6fa  nik_indexed_effects -> origin/nik_indexed_effects
74b6181..3a3fb9b  taramana_modifies -> origin/taramana_modifies
7f537db..a10e76d  vdum_uf    -> origin/vdum_uf
Warning: you are using the standard library and/or the %inline keyword. We
recommend switching on --infer in order to avoid obscure type error messages.
7 shift/reduce conflicts.
File "src/basic/ml/FStar_Util.ml", line 47, characters 57-65:
Warning 40: st_mtime was selected from type BatUnix.stats.
It is not visible in the current scope, and will not 
be selected if the type becomes unknown.
File "src/basic/ml/FStar_Util.ml", line 659, characters 2-13:
Warning 10: this expression should have type unit.
File "src/basic/ml/FStar_Util.ml", line 47, characters 57-65:
Warning 40: st_mtime was selected from type BatUnix.stats.
It is not visible in the current scope, and will not 
be selected if the type becomes unknown.
File "src/basic/ml/FStar_Util.ml", line 659, characters 2-13:
Warning 10: this expression should have type unit.
.\TLSConstants.fst(44,0-44,63): (Warning) Top-level let-bindings must be total; this term may have effects
.\TLSConstants.fst(46,0-47,25): (Warning) Top-level let-bindings must be total; this term may have effects
.\Nonce.fst(47,0-48,55): (Warning) Top-level let-bindings must be total; this term may have effects
.\IdNonce.fst(20,0-21,60): (Warning) Top-level let-bindings must be total; this term may have effects
.\Signature.fst(105,0-105,67): (Warning) Top-level let-bindings must be total; this term may have effects
.\Nonce.fst(132,0-132,40): (Warning) Top-level let-bindings must be total; this term may have effects
.\Signature.fst(180,0-180,32): (Warning) Top-level let-bindings must be total; this term may have effects
.\MasterSecret.fst(34,0-35,75): (Warning) Top-level let-bindings must be total; this term may have effects
.\ConnInvariant.fst(90,0-91,64): (Warning) Top-level let-bindings must be total; this term may have effects
Warning: you are leaving 1 commit behind, not connected to
any of your branches:

bded4a5 [CI] regenerate hints

If you want to keep it by creating a new branch, this may be a good time
to do so with:

git branch <new-branch-name> bded4a5

Switched to branch 'master'
To git@github.com:mitls/mitls-fstar.git
386d6d8..bded4a5  master -> master
