From https://github.com/FStarLang/FStar
a3222cc..8677481  c_relational-ci_r3 -> origin/c_relational-ci_r3
0a08db8..8920fcf  konrad_hye_example -> origin/konrad_hye_example
e9dc25c..c208b9c  master     -> origin/master
* [new branch]      shaolintl_tc_testing -> origin/shaolintl_tc_testing
+ 8f7e605...b0ce0e2 sishtiaq_fsdoc_nightly -> origin/sishtiaq_fsdoc_nightly  (forced update)
1be8e2e..a9428ad  taramana_struct -> origin/taramana_struct
Warning: you are using the standard library and/or the %inline keyword. We
recommend switching on --infer in order to avoid obscure type error messages.
6 shift/reduce conflicts.
File "src/basic/ml/FStar_Util.ml", line 47, characters 57-65:
Warning 40: st_mtime was selected from type BatUnix.stats.
It is not visible in the current scope, and will not 
be selected if the type becomes unknown.
File "src/basic/ml/FStar_Util.ml", line 47, characters 57-65:
Warning 40: st_mtime was selected from type BatUnix.stats.
It is not visible in the current scope, and will not 
be selected if the type becomes unknown.
.\TLSConstants.fst(44,0-44,63): (Warning) Top-level let-bindings must be total; this term may have effects
.\TLSConstants.fst(46,0-47,25): (Warning) Top-level let-bindings must be total; this term may have effects
.\Nonce.fst(47,0-48,55): (Warning) Top-level let-bindings must be total; this term may have effects
.\IdNonce.fst(20,0-21,60): (Warning) Top-level let-bindings must be total; this term may have effects
.\Nonce.fst(132,0-132,40): (Warning) Top-level let-bindings must be total; this term may have effects
.\Signature.fst(105,0-105,67): (Warning) Top-level let-bindings must be total; this term may have effects
.\Signature.fst(180,0-180,32): (Warning) Top-level let-bindings must be total; this term may have effects
.\MasterSecret.fst(34,0-35,75): (Warning) Top-level let-bindings must be total; this term may have effects
.\ConnInvariant.fst(90,0-91,64): (Warning) Top-level let-bindings must be total; this term may have effects
