Warning: Unable to open hints file: C:\Build\Agent\_work\3\s\src\tls\Flags.fst.hints; ran without hints
.\TLSConstants.fst(40,34-42,63): (Warning) Top-level let-bindings must be total; this term may have effects
.\TLSConstants.fst(42,63-45,25): (Warning) Top-level let-bindings must be total; this term may have effects
.\Nonce.fst(37,17-48,55): (Warning) Top-level let-bindings must be total; this term may have effects
.\IdNonce.fst(16,46-21,60): (Warning) Top-level let-bindings must be total; this term may have effects
.\Signature.fst(92,24-100,67): (Warning) Top-level let-bindings must be total; this term may have effects
.\Nonce.fst(129,38-132,40): (Warning) Top-level let-bindings must be total; this term may have effects
.\Signature.fst(174,43-175,32): (Warning) Top-level let-bindings must be total; this term may have effects
.\AEADProvider.fst(119,37-119,47) : (Error) Identifier not found: [Crypto.AEAD.Invariant.aead_state]
Module Crypto.AEAD.Invariant resolved into Crypto.AEAD.Invariant, definition aead_state not found
Unexpected error
FStar_Syntax_Syntax.Error(_)
Raised by primitive operation at file "src/batString.mlv", line 145, characters 30-54
Called from file "src/batReturn.ml", line 29, characters 6-29

make: *** [Makefile:250: StreamAE.fst-ver] Error 1
.\AEADProvider.fst(119,37-119,47) : (Error) Identifier not found: [Crypto.AEAD.Invariant.aead_state]
Module Crypto.AEAD.Invariant resolved into Crypto.AEAD.Invariant, definition aead_state not found
Unexpected error
FStar_Syntax_Syntax.Error(_)
Raised by primitive operation at file "src/batString.mlv", line 145, characters 30-54
Called from file "src/batReturn.ml", line 29, characters 6-29

make: *** [Makefile:250: Alert.fst-ver] Error 1
.\AEADProvider.fst(119,37-119,47) : (Error) Identifier not found: [Crypto.AEAD.Invariant.aead_state]
Module Crypto.AEAD.Invariant resolved into Crypto.AEAD.Invariant, definition aead_state not found
Unexpected error
FStar_Syntax_Syntax.Error(_)
Raised by primitive operation at file "src/batString.mlv", line 145, characters 30-54
Called from file "src/batReturn.ml", line 29, characters 6-29

make: *** [Makefile:250: Content.fst-ver] Error 1
.\AEADProvider.fst(119,37-119,47) : (Error) Identifier not found: [Crypto.AEAD.Invariant.aead_state]
Module Crypto.AEAD.Invariant resolved into Crypto.AEAD.Invariant, definition aead_state not found
Unexpected error
FStar_Syntax_Syntax.Error(_)
Raised by primitive operation at file "src/batString.mlv", line 145, characters 30-54
Called from file "src/batReturn.ml", line 29, characters 6-29

make: *** [Makefile:250: DataStream.fst-ver] Error 1
.\AEADProvider.fst(119,37-119,47) : (Error) Identifier not found: [Crypto.AEAD.Invariant.aead_state]
Module Crypto.AEAD.Invariant resolved into Crypto.AEAD.Invariant, definition aead_state not found
Unexpected error
FStar_Syntax_Syntax.Error(_)
Raised by primitive operation at file "src/batString.mlv", line 145, characters 30-54
Called from file "src/batReturn.ml", line 29, characters 6-29

make: *** [Makefile:250: Range.fst-ver] Error 1
.\AEADProvider.fst(119,37-119,47) : (Error) Identifier not found: [Crypto.AEAD.Invariant.aead_state]
Module Crypto.AEAD.Invariant resolved into Crypto.AEAD.Invariant, definition aead_state not found
Unexpected error
FStar_Syntax_Syntax.Error(_)
Raised by primitive operation at file "src/batString.mlv", line 145, characters 30-54
Called from file "src/batReturn.ml", line 29, characters 6-29

make: *** [Makefile:250: StreamPlain.fst-ver] Error 1
.\AEADProvider.fst(119,37-119,47) : (Error) Identifier not found: [Crypto.AEAD.Invariant.aead_state]
Module Crypto.AEAD.Invariant resolved into Crypto.AEAD.Invariant, definition aead_state not found
Unexpected error
FStar_Syntax_Syntax.Error(_)
Raised by primitive operation at file "src/batString.mlv", line 145, characters 30-54
Called from file "src/batReturn.ml", line 29, characters 6-29

make: *** [Makefile:250: MasterSecret.fst-ver] Error 1
.\AEADProvider.fst(119,37-119,47) : (Error) Identifier not found: [Crypto.AEAD.Invariant.aead_state]
Module Crypto.AEAD.Invariant resolved into Crypto.AEAD.Invariant, definition aead_state not found
Unexpected error
FStar_Syntax_Syntax.Error(_)
Raised by primitive operation at file "src/batString.mlv", line 145, characters 30-54
Called from file "src/batReturn.ml", line 29, characters 6-29

make: *** [Makefile:250: StatefulPlain.fst-ver] Error 1
.\AEADProvider.fst(119,37-119,47) : (Error) Identifier not found: [Crypto.AEAD.Invariant.aead_state]
Module Crypto.AEAD.Invariant resolved into Crypto.AEAD.Invariant, definition aead_state not found
Unexpected error
FStar_Syntax_Syntax.Error(_)
Raised by primitive operation at file "src/batString.mlv", line 145, characters 30-54
Called from file "src/batReturn.ml", line 29, characters 6-29

make: *** [Makefile:250: LHAEPlain.fst-ver] Error 1
.\AEADProvider.fst(119,37-119,47) : (Error) Identifier not found: [Crypto.AEAD.Invariant.aead_state]
Module Crypto.AEAD.Invariant resolved into Crypto.AEAD.Invariant, definition aead_state not found
Unexpected error
FStar_Syntax_Syntax.Error(_)
Raised by primitive operation at file "src/batString.mlv", line 145, characters 30-54
Called from file "src/batReturn.ml", line 29, characters 6-29

make: *** [Makefile:250: AEAD_GCM.fst-ver] Error 1
.\AEADProvider.fst(119,37-119,47) : (Error) Identifier not found: [Crypto.AEAD.Invariant.aead_state]
Module Crypto.AEAD.Invariant resolved into Crypto.AEAD.Invariant, definition aead_state not found
Unexpected error
FStar_Syntax_Syntax.Error(_)
Raised by primitive operation at file "src/batString.mlv", line 145, characters 30-54
Called from file "src/batReturn.ml", line 29, characters 6-29

make: *** [Makefile:250: StatefulLHAE.fst-ver] Error 1
.\AEADProvider.fst(119,37-119,47) : (Error) Identifier not found: [Crypto.AEAD.Invariant.aead_state]
Module Crypto.AEAD.Invariant resolved into Crypto.AEAD.Invariant, definition aead_state not found
Unexpected error
FStar_Syntax_Syntax.Error(_)
Raised by primitive operation at file "src/batString.mlv", line 145, characters 30-54
Called from file "src/batReturn.ml", line 29, characters 6-29

make: *** [Makefile:250: Record.fst-ver] Error 1
.\AEADProvider.fst(119,37-119,47) : (Error) Identifier not found: [Crypto.AEAD.Invariant.aead_state]
Module Crypto.AEAD.Invariant resolved into Crypto.AEAD.Invariant, definition aead_state not found
Unexpected error
FStar_Syntax_Syntax.Error(_)
Raised by primitive operation at file "src/batString.mlv", line 145, characters 30-54
Called from file "src/batReturn.ml", line 29, characters 6-29

make: *** [Makefile:250: StAE.fst-ver] Error 1
.\AEADProvider.fst(119,37-119,47) : (Error) Identifier not found: [Crypto.AEAD.Invariant.aead_state]
Module Crypto.AEAD.Invariant resolved into Crypto.AEAD.Invariant, definition aead_state not found
Unexpected error
FStar_Syntax_Syntax.Error(_)
Raised by primitive operation at file "src/batString.mlv", line 145, characters 30-54
Called from file "src/batReturn.ml", line 29, characters 6-29

make: *** [Makefile:250: KeySchedule.fst-ver] Error 1
.\AEADProvider.fst(119,37-119,47) : (Error) Identifier not found: [Crypto.AEAD.Invariant.aead_state]
Module Crypto.AEAD.Invariant resolved into Crypto.AEAD.Invariant, definition aead_state not found
Unexpected error
FStar_Syntax_Syntax.Error(_)
Raised by primitive operation at file "src/batString.mlv", line 145, characters 30-54
Called from file "src/batReturn.ml", line 29, characters 6-29

make: *** [Makefile:250: StreamDeltas.fst-ver] Error 1
.\AEADProvider.fst(119,37-119,47) : (Error) Identifier not found: [Crypto.AEAD.Invariant.aead_state]
Module Crypto.AEAD.Invariant resolved into Crypto.AEAD.Invariant, definition aead_state not found
Unexpected error
FStar_Syntax_Syntax.Error(_)
Raised by primitive operation at file "src/batString.mlv", line 145, characters 30-54
Called from file "src/batReturn.ml", line 29, characters 6-29

make: *** [Makefile:250: Epochs.fst-ver] Error 1
.\AEADProvider.fst(119,37-119,47) : (Error) Identifier not found: [Crypto.AEAD.Invariant.aead_state]
Module Crypto.AEAD.Invariant resolved into Crypto.AEAD.Invariant, definition aead_state not found
Unexpected error
FStar_Syntax_Syntax.Error(_)
Raised by primitive operation at file "src/batString.mlv", line 145, characters 30-54
Called from file "src/batReturn.ml", line 29, characters 6-29

make: *** [Makefile:250: Connection.fst-ver] Error 1
.\AEADProvider.fst(119,37-119,47) : (Error) Identifier not found: [Crypto.AEAD.Invariant.aead_state]
Module Crypto.AEAD.Invariant resolved into Crypto.AEAD.Invariant, definition aead_state not found
Unexpected error
FStar_Syntax_Syntax.Error(_)
Raised by primitive operation at file "src/batString.mlv", line 145, characters 30-54
Called from file "src/batReturn.ml", line 29, characters 6-29

make: *** [Makefile:250: ConnInvariant.fst-ver] Error 1
.\AEADProvider.fst(119,37-119,47) : (Error) Identifier not found: [Crypto.AEAD.Invariant.aead_state]
Module Crypto.AEAD.Invariant resolved into Crypto.AEAD.Invariant, definition aead_state not found
Unexpected error
FStar_Syntax_Syntax.Error(_)
Raised by primitive operation at file "src/batString.mlv", line 145, characters 30-54
Called from file "src/batReturn.ml", line 29, characters 6-29

make: *** [Makefile:250: FFI.fst-ver] Error 1
.\AEADProvider.fst(119,37-119,47) : (Error) Identifier not found: [Crypto.AEAD.Invariant.aead_state]
Module Crypto.AEAD.Invariant resolved into Crypto.AEAD.Invariant, definition aead_state not found
Unexpected error
FStar_Syntax_Syntax.Error(_)
Raised by primitive operation at file "src/batString.mlv", line 145, characters 30-54
Called from file "src/batReturn.ml", line 29, characters 6-29

make: *** [Makefile:250: TLS.fst-ver] Error 1
make: Target 'all-ver' not remade because of errors.
