From https://github.com/FStarLang/FStar
2e6d02877..be470b450  master            -> origin/master
37ef9e51f..18980f494  aseem_pervasives  -> origin/aseem_pervasives
13be71c26..a674b55f1  guido_tactics     -> origin/guido_tactics
* [new branch]          nik_aseem_cleanup -> origin/nik_aseem_cleanup
5bbc6ad37..0628d3d01  nik_private       -> origin/nik_private
81a090fc2..43ac13ca1  vdum_extract_dm4f_effects -> origin/vdum_extract_dm4f_effects
Warning: you are using the standard library and/or the %inline keyword. We
recommend switching on --infer in order to avoid obscure type error messages.
File "src/basic/ml/FStar_Util.ml", line 47, characters 57-65:
Warning 40: st_mtime was selected from type BatUnix.stats.
It is not visible in the current scope, and will not 
be selected if the type becomes unknown.
File "src/basic/ml/FStar_Util.ml", line 47, characters 57-65:
Warning 40: st_mtime was selected from type BatUnix.stats.
It is not visible in the current scope, and will not 
be selected if the type becomes unknown.
make[3]: warning: jobserver unavailable: using -j1.  Add '+' to parent make rule.
make[3]: warning: jobserver unavailable: using -j1.  Add '+' to parent make rule.
Extracted.mk:101: warning: overriding recipe for target 'mitls.cmxa'
Makefile:194: warning: ignoring old recipe for target 'mitls.cmxa'
Extracted.mk:104: warning: overriding recipe for target 'mitls.exe'
Makefile:196: warning: ignoring old recipe for target 'mitls.exe'
Extracted.mk:180: warning: overriding recipe for target 'cmitls.o'
Makefile:199: warning: ignoring old recipe for target 'cmitls.o'
Extracted.mk:182: warning: overriding recipe for target 'cmitls.exe'
Makefile:201: warning: ignoring old recipe for target 'cmitls.exe'
Extracted.mk:101: warning: overriding recipe for target 'mitls.cmxa'
Makefile:194: warning: ignoring old recipe for target 'mitls.cmxa'
Extracted.mk:104: warning: overriding recipe for target 'mitls.exe'
Makefile:196: warning: ignoring old recipe for target 'mitls.exe'
Extracted.mk:180: warning: overriding recipe for target 'cmitls.o'
Makefile:199: warning: ignoring old recipe for target 'cmitls.o'
Extracted.mk:182: warning: overriding recipe for target 'cmitls.exe'
Makefile:201: warning: ignoring old recipe for target 'cmitls.exe'
make[3]: warning: jobserver unavailable: using -j1.  Add '+' to parent make rule.
Extracted.mk:101: warning: overriding recipe for target 'mitls.cmxa'
Makefile:194: warning: ignoring old recipe for target 'mitls.cmxa'
Extracted.mk:104: warning: overriding recipe for target 'mitls.exe'
Makefile:196: warning: ignoring old recipe for target 'mitls.exe'
Extracted.mk:180: warning: overriding recipe for target 'cmitls.o'
Makefile:199: warning: ignoring old recipe for target 'cmitls.o'
Extracted.mk:182: warning: overriding recipe for target 'cmitls.exe'
Makefile:201: warning: ignoring old recipe for target 'cmitls.exe'
make[3]: warning: jobserver unavailable: using -j1.  Add '+' to parent make rule.
Extracted.mk:101: warning: overriding recipe for target 'mitls.cmxa'
Makefile:194: warning: ignoring old recipe for target 'mitls.cmxa'
Extracted.mk:104: warning: overriding recipe for target 'mitls.exe'
Makefile:196: warning: ignoring old recipe for target 'mitls.exe'
Extracted.mk:180: warning: overriding recipe for target 'cmitls.o'
Makefile:199: warning: ignoring old recipe for target 'cmitls.o'
Extracted.mk:182: warning: overriding recipe for target 'cmitls.exe'
Makefile:201: warning: ignoring old recipe for target 'cmitls.exe'
x86_64-w64-mingw32-ar: fstarlib.a: Permission denied
File "_none_", line 1:
Error: Error while creating the library fstarlib.a
make[4]: *** [Makefile:30: all] Error 2
make[3]: *** [Extracted.mk:53: C:/Build/Agent1/_work/5/s/fstar/ulib/ml/fstarlib.cmxa] Error 2
ffi.c:1:0: warning: -fPIC ignored for target (all code is position independent)
#include <stdio.h>
^
ffi.c:1:0: warning: -fPIC ignored for target (all code is position independent)
#include <stdio.h>
^
x86_64-w64-mingw32-ar: unable to rename '.\libFFICallbacks.a'; reason: Permission denied
make[4]: *** [Makefile:13: FFICallbacks.cmxa] Error 2
make[4]: Target 'all' not remade because of errors.
make[3]: *** [Extracted.mk:66: ../../libs/ffi/FFICallbacks.cmxa] Error 2
make[3]: Circular C:/Build/Agent1/_work/5/s/fstar/ucontrib/CoreCrypto/ml/db/DB.cmi <- C:/Build/Agent1/_work/5/s/fstar/ucontrib/CoreCrypto/ml/db/DB.cmi dependency dropped.
make[3]: Circular C:/Build/Agent1/_work/5/s/fstar/ucontrib/CoreCrypto/ml/db/DB.cmi <- C:/Build/Agent1/_work/5/s/fstar/ucontrib/CoreCrypto/ml/db/DB.cmi dependency dropped.
make[3]: Circular ../../libs/ffi/FFICallbacks.cmi <- ../../libs/ffi/FFICallbacks.cmi dependency dropped.
make[3]: Circular ../../libs/ffi/FFICallbacks.cmi <- ../../libs/ffi/FFICallbacks.cmi dependency dropped.
File "_none_", line 1:
Error: Files output/Transport.cmx and output/Transport.cmx
both define a module named Transport
make[3]: *** [Extracted.mk:101: mitls.cmxa] Error 2
make[3]: Target 'mitls.exe' not remade because of errors.
make[2]: *** [Makefile:206: C:/Build/Agent1/_work/5/s/fstar/ulib/ml/fstarlib.cmxa] Error 2
make[3]: Target 'mitls.exe' not remade because of errors.
make[2]: *** [Makefile:206: ../../libs/ffi/FFICallbacks.cmxa] Error 2
make[2]: Target 'mitls.exe' not remade because of errors.
make[1]: *** [Makefile:26: build] Error 2
make: *** [Makefile:22: all] Error 2
