From https://github.com/FStarLang/FStar
9647d2448..79a8ca78d  master                  -> origin/master
96a24763a..9f2c6e9a1  armael_point_parse      -> origin/armael_point_parse
0e8b40ca3..5a93fc67a  aseem_vale_memory_model -> origin/aseem_vale_memory_model
8d17775a5..784268986  c_graph                 -> origin/c_graph
* [new branch]          cwinter_reason_unknowns -> origin/cwinter_reason_unknowns
bd510e224..fb9009270  guido_tactics           -> origin/guido_tactics
7ca45f786..1664a5682  kyod_tmp0               -> origin/kyod_tmp0
40575d463..84ee27d10  nik_unionfind           -> origin/nik_unionfind
6df6a911e..aa5a26204  protz_attributes_everywhere -> origin/protz_attributes_everywhere
* [new branch]          taramana_pointers_perf  -> origin/taramana_pointers_perf
9866426ab..b780bdb8d  taramana_pointers_with_codes -> origin/taramana_pointers_with_codes
f8e60b360..457c10ee7  vdum_extract_dm4f_effects -> origin/vdum_extract_dm4f_effects
* [new branch]          zarko                   -> origin/zarko
Warning: you are using the standard library and/or the %inline keyword. We
recommend switching on --infer in order to avoid obscure type error messages.
dos2unix: converting file parse.mly to Unix format...
File "src/basic/ml/FStar_Util.ml", line 47, characters 57-65:
Warning 40: st_mtime was selected from type BatUnix.stats.
It is not visible in the current scope, and will not 
be selected if the type becomes unknown.
File "src/basic/ml/FStar_Util.ml", line 47, characters 57-65:
Warning 40: st_mtime was selected from type BatUnix.stats.
It is not visible in the current scope, and will not 
be selected if the type becomes unknown.
From https://github.com/mitls/hacl-star
94158300..3fb074ae  master                -> origin/master
1e10279e..5cc7e64d  beurdouche_interfaces -> origin/beurdouche_interfaces
File "CoreCrypto.ml", line 526, characters 24-144:
Warning 8: this pattern-matching is not exhaustive.
Here is an example of a value that is not matched:
ECC_X448
Warning 6: in the definition of buf, after the definition of m0, in top-level declaration Crypto.Symmetric.Bytes.random_bytes, in file Crypto_Symmetric_Bytes: stack newbuf 0uint8 @1 is a non-constant size, stack-allocated array; this is not supported by CompCert
Warning 6: in the definition of k1, in top-level declaration Crypto.Symmetric.UF1CMA.akey_gen, in file Crypto_Symmetric_UF1CMA: eternal newbuf 0uint8 Crypto.Symmetric.UF1CMA.skeylen @0 is a non-constant size, stack-allocated array; this is not supported by CompCert
Warning 6: in the definition of sk, in top-level declaration Crypto.Symmetric.UF1CMA.akey_coerce, in file Crypto_Symmetric_UF1CMA: eternal newbuf 0uint8 Crypto.Symmetric.UF1CMA.skeylen @1 is a non-constant size, stack-allocated array; this is not supported by CompCert
Warning 6: in the definition of k1, after the definition of len1, in top-level declaration Crypto.Symmetric.UF1CMA.gen, in file Crypto_Symmetric_UF1CMA: eternal newbuf 0uint8 @0 is a non-constant size, stack-allocated array; this is not supported by CompCert
Warning 6: in top-level declaration Crypto.Plain.create, in file Crypto_Plain: stack newbuf @1 @0 is a non-constant size, stack-allocated array; this is not supported by CompCert
Warning 6: in the definition of keystate, after the definition of mac_rgn, in top-level declaration Crypto.Symmetric.PRF.gen, in file Crypto_Symmetric_PRF: eternal newbuf 0uint8 Crypto.Symmetric.PRF.statelen @1 is a non-constant size, stack-allocated array; this is not supported by CompCert
Warning 6: in the definition of key, after the definition of keystate, in top-level declaration Crypto.Symmetric.PRF.gen, in file Crypto_Symmetric_PRF: stack newbuf 0uint8 Crypto.Symmetric.PRF.keylen @2 is a non-constant size, stack-allocated array; this is not supported by CompCert
Warning 6: in the definition of keystate, after the definition of mac_rgn, in top-level declaration Crypto.Symmetric.PRF.coerce, in file Crypto_Symmetric_PRF: eternal newbuf 0uint8 Crypto.Symmetric.PRF.statelen @2 is a non-constant size, stack-allocated array; this is not supported by CompCert
Warning 6: in the definition of keyBuffer, after the definition of h0, in top-level declaration Crypto.Symmetric.PRF.prf_mac, in file Crypto_Symmetric_PRF: eternal newbuf 0uint8 Crypto.Symmetric.UF1CMA.keylen @5 is a non-constant size, stack-allocated array; this is not supported by CompCert
Warning 6: in the definition of keyBuffer, after the definition of x, in top-level declaration Crypto.Symmetric.PRF.prf_sk0, in file Crypto_Symmetric_PRF: eternal newbuf 0uint8 Crypto.Symmetric.UF1CMA.skeylen @2 is a non-constant size, stack-allocated array; this is not supported by CompCert
Warning 7: : After inlining, Crypto.Symmetric.Bytes.little_endian (going into Crypto_Symmetric_Bytes) calls FStar.Endianness.little_endian (going into FStar) -- removing the static qualifier from FStar.Endianness.little_endian
Warning 7: : After inlining, Crypto.Symmetric.Bytes.big_endian (going into Crypto_Symmetric_Bytes) calls FStar.Endianness.big_endian (going into FStar) -- removing the static qualifier from FStar.Endianness.big_endian
Warning 7: : After inlining, Crypto.Symmetric.Bytes.little_bytes (going into Crypto_Symmetric_Bytes) calls FStar.Endianness.little_bytes (going into FStar) -- removing the static qualifier from FStar.Endianness.little_bytes
Warning 7: : After inlining, Crypto.Symmetric.Cipher.compute (going into Crypto_Symmetric_Cipher) calls Hacl.Impl.Chacha20.setup (going into Hacl) -- removing the static qualifier from Hacl.Impl.Chacha20.setup
Warning 8: : After inlining, Crypto.Symmetric.Cipher.compute (going into Crypto_Symmetric_Cipher) calls Hacl.Impl.Chacha20.setup (going into Hacl). This is a call across translation units but Hacl.Impl.Chacha20.setup has a C "inline" qualifier. The C standard allows removing Hacl.Impl.Chacha20.setup from its translation unit (see C11 6.7.3 §5), and CompCert will do it. 
Warning 7: : After inlining, Crypto.Symmetric.Cipher.compute (going into Crypto_Symmetric_Cipher) calls Hacl.Impl.Chacha20.copy_state (going into Hacl) -- removing the static qualifier from Hacl.Impl.Chacha20.copy_state
Warning 8: : After inlining, Crypto.Symmetric.Cipher.compute (going into Crypto_Symmetric_Cipher) calls Hacl.Impl.Chacha20.copy_state (going into Hacl). This is a call across translation units but Hacl.Impl.Chacha20.copy_state has a C "inline" qualifier. The C standard allows removing Hacl.Impl.Chacha20.copy_state from its translation unit (see C11 6.7.3 §5), and CompCert will do it. 
Warning 7: : After inlining, Crypto.Symmetric.Cipher.compute (going into Crypto_Symmetric_Cipher) calls Hacl.Impl.Chacha20.rounds (going into Hacl) -- removing the static qualifier from Hacl.Impl.Chacha20.rounds
Warning 8: : After inlining, Crypto.Symmetric.Cipher.compute (going into Crypto_Symmetric_Cipher) calls Hacl.Impl.Chacha20.rounds (going into Hacl). This is a call across translation units but Hacl.Impl.Chacha20.rounds has a C "inline" qualifier. The C standard allows removing Hacl.Impl.Chacha20.rounds from its translation unit (see C11 6.7.3 §5), and CompCert will do it. 
Warning 7: : After inlining, Crypto.Symmetric.Cipher.compute (going into Crypto_Symmetric_Cipher) calls Hacl.Impl.Chacha20.sum_states (going into Hacl) -- removing the static qualifier from Hacl.Impl.Chacha20.sum_states
Warning 8: : After inlining, Crypto.Symmetric.Cipher.compute (going into Crypto_Symmetric_Cipher) calls Hacl.Impl.Chacha20.sum_states (going into Hacl). This is a call across translation units but Hacl.Impl.Chacha20.sum_states has a C "inline" qualifier. The C standard allows removing Hacl.Impl.Chacha20.sum_states from its translation unit (see C11 6.7.3 §5), and CompCert will do it. 
Warning 7: : After inlining, Crypto.Symmetric.Cipher.compute (going into Crypto_Symmetric_Cipher) calls Hacl.Lib.LoadStore32.uint32s_to_le_bytes (going into Hacl) -- removing the static qualifier from Hacl.Lib.LoadStore32.uint32s_to_le_bytes
Warning 7: : After inlining, Crypto.Symmetric.MAC.update (going into Crypto_Symmetric_MAC) calls Hacl.Impl.Poly1305_64.poly1305_update (going into Hacl) -- removing the static qualifier from Hacl.Impl.Poly1305_64.poly1305_update
Warning 8: : After inlining, Crypto.Symmetric.MAC.update (going into Crypto_Symmetric_MAC) calls Hacl.Impl.Poly1305_64.poly1305_update (going into Hacl). This is a call across translation units but Hacl.Impl.Poly1305_64.poly1305_update has a C "inline" qualifier. The C standard allows removing Hacl.Impl.Poly1305_64.poly1305_update from its translation unit (see C11 6.7.3 §5), and CompCert will do it. 
Warning 7: : After inlining, Crypto.Symmetric.MAC.update (going into Crypto_Symmetric_MAC) calls Hacl.Impl.Poly1305_64.mk_state (going into Hacl) -- removing the static qualifier from Hacl.Impl.Poly1305_64.mk_state
Warning 7: : After inlining, Crypto.Symmetric.UF1CMA.verify (going into Crypto_Symmetric_UF1CMA) calls FStar.Monotonic.RRef.m_recall (going into FStar) -- removing the static qualifier from FStar.Monotonic.RRef.m_recall
Warning 7: : After inlining, Crypto.Symmetric.UF1CMA.verify (going into Crypto_Symmetric_UF1CMA) calls Hacl.Impl.Poly1305_64.poly1305_process_last_block (going into Hacl) -- removing the static qualifier from Hacl.Impl.Poly1305_64.poly1305_process_last_block
Warning 8: : After inlining, Crypto.Symmetric.UF1CMA.verify (going into Crypto_Symmetric_UF1CMA) calls Hacl.Impl.Poly1305_64.poly1305_process_last_block (going into Hacl). This is a call across translation units but Hacl.Impl.Poly1305_64.poly1305_process_last_block has a C "inline" qualifier. The C standard allows removing Hacl.Impl.Poly1305_64.poly1305_process_last_block from its translation unit (see C11 6.7.3 §5), and CompCert will do it. 
Warning 7: : After inlining, Crypto.Symmetric.UF1CMA.verify (going into Crypto_Symmetric_UF1CMA) calls Hacl.Impl.Poly1305_64.poly1305_last_pass (going into Hacl) -- removing the static qualifier from Hacl.Impl.Poly1305_64.poly1305_last_pass
Warning 7: : After inlining, Crypto.Symmetric.UF1CMA.verify (going into Crypto_Symmetric_UF1CMA) calls Hacl.Impl.Poly1305_64.State.__proj__MkState__item__h (going into Hacl) -- removing the static qualifier from Hacl.Impl.Poly1305_64.State.__proj__MkState__item__h
Warning 7: : After inlining, Crypto.AEAD.Invariant.remaining_len_ok (going into Crypto_AEAD_Invariant) calls FStar.Mul.op_Star (going into FStar) -- removing the static qualifier from FStar.Mul.op_Star
Warning 7: : After inlining, Crypto.AEAD.Decrypt.decrypt (going into Crypto_AEAD_Decrypt) calls Crypto.AEAD.Encoding.add_bytes (going into Crypto_AEAD_Encoding) -- removing the static qualifier from Crypto.AEAD.Encoding.add_bytes
Warning 7: : After inlining, Crypto.AEAD.Decrypt.decrypt (going into Crypto_AEAD_Decrypt) calls Crypto.AEAD.Encoding.store_lengths (going into Crypto_AEAD_Encoding) -- removing the static qualifier from Crypto.AEAD.Encoding.store_lengths
Warning 7: : After inlining, Crypto.AEAD.Encrypt.encrypt (going into Crypto_AEAD_Encrypt) calls Crypto.Symmetric.UF1CMA.__proj__Acc__item__a (going into Crypto_Symmetric_UF1CMA) -- removing the static qualifier from Crypto.Symmetric.UF1CMA.__proj__Acc__item__a
make[4]: warning: jobserver unavailable: using -j1.  Add '+' to parent make rule.
File "ulib/ml/extracted/FStar_IndefiniteDescription.ml", line 7, characters 31-33:
Warning 20: this argument will not be used by the function.
File "ulib/ml/extracted/FStar_Tactics.ml", line 353, characters 45-46:
Warning 20: this argument will not be used by the function.
File "ulib/ml/extracted/FStar_Util.ml", line 2, characters 40-41:
Warning 20: this argument will not be used by the function.
File "ulib/ml/extracted/FStar_Util.ml", line 2, characters 42-43:
Warning 20: this argument will not be used by the function.
File "ulib/ml/extracted/FStar_Util.ml", line 3, characters 64-65:
Warning 20: this argument will not be used by the function.
File "ulib/ml/extracted/FStar_Util.ml", line 5, characters 37-38:
Warning 20: this argument will not be used by the function.
File "ulib/ml/extracted/FStar_Util.ml", line 5, characters 62-63:
Warning 20: this argument will not be used by the function.
File "ulib/ml/extracted/FStar_IndefiniteDescription.ml", line 7, characters 31-33:
Warning 20: this argument will not be used by the function.
File "ulib/ml/extracted/FStar_Tactics.ml", line 353, characters 45-46:
Warning 20: this argument will not be used by the function.
File "ulib/ml/extracted/FStar_Util.ml", line 2, characters 40-41:
Warning 20: this argument will not be used by the function.
File "ulib/ml/extracted/FStar_Util.ml", line 2, characters 42-43:
Warning 20: this argument will not be used by the function.
File "ulib/ml/extracted/FStar_Util.ml", line 3, characters 64-65:
Warning 20: this argument will not be used by the function.
File "ulib/ml/extracted/FStar_Util.ml", line 5, characters 37-38:
Warning 20: this argument will not be used by the function.
File "ulib/ml/extracted/FStar_Util.ml", line 5, characters 62-63:
Warning 20: this argument will not be used by the function.
make[4]: warning: jobserver unavailable: using -j1.  Add '+' to parent make rule.
Extracted.mk:92: warning: overriding recipe for target 'mitls.cmxa'
Makefile:195: warning: ignoring old recipe for target 'mitls.cmxa'
Extracted.mk:95: warning: overriding recipe for target 'mitls.exe'
Makefile:198: warning: ignoring old recipe for target 'mitls.exe'
Extracted.mk:108: warning: overriding recipe for target 'test'
Makefile:207: warning: ignoring old recipe for target 'test'
Extracted.mk:164: warning: overriding recipe for target 'cmitls.o'
Makefile:201: warning: ignoring old recipe for target 'cmitls.o'
Extracted.mk:166: warning: overriding recipe for target 'cmitls.exe'
Makefile:203: warning: ignoring old recipe for target 'cmitls.exe'
Extracted.mk:92: warning: overriding recipe for target 'mitls.cmxa'
Makefile:195: warning: ignoring old recipe for target 'mitls.cmxa'
Extracted.mk:95: warning: overriding recipe for target 'mitls.exe'
Makefile:198: warning: ignoring old recipe for target 'mitls.exe'
Extracted.mk:108: warning: overriding recipe for target 'test'
Makefile:207: warning: ignoring old recipe for target 'test'
Extracted.mk:164: warning: overriding recipe for target 'cmitls.o'
Makefile:201: warning: ignoring old recipe for target 'cmitls.o'
Extracted.mk:166: warning: overriding recipe for target 'cmitls.exe'
Makefile:203: warning: ignoring old recipe for target 'cmitls.exe'
ffi.c:1:0: warning: -fPIC ignored for target (all code is position independent)
#include <stdio.h>
^
ffi.c:1:0: warning: -fPIC ignored for target (all code is position independent)
#include <stdio.h>
^
make[5]: warning: jobserver unavailable: using -j1.  Add '+' to parent make rule.
make[5]: warning: jobserver unavailable: using -j1.  Add '+' to parent make rule.
Extracted.mk:92: warning: overriding recipe for target 'mitls.cmxa'
Makefile:195: warning: ignoring old recipe for target 'mitls.cmxa'
Extracted.mk:95: warning: overriding recipe for target 'mitls.exe'
Makefile:198: warning: ignoring old recipe for target 'mitls.exe'
Extracted.mk:108: warning: overriding recipe for target 'test'
Makefile:207: warning: ignoring old recipe for target 'test'
Extracted.mk:164: warning: overriding recipe for target 'cmitls.o'
Makefile:201: warning: ignoring old recipe for target 'cmitls.o'
Extracted.mk:166: warning: overriding recipe for target 'cmitls.exe'
Makefile:203: warning: ignoring old recipe for target 'cmitls.exe'
Extracted.mk:92: warning: overriding recipe for target 'mitls.cmxa'
Makefile:195: warning: ignoring old recipe for target 'mitls.cmxa'
Extracted.mk:95: warning: overriding recipe for target 'mitls.exe'
Makefile:198: warning: ignoring old recipe for target 'mitls.exe'
Extracted.mk:108: warning: overriding recipe for target 'test'
Makefile:207: warning: ignoring old recipe for target 'test'
Extracted.mk:164: warning: overriding recipe for target 'cmitls.o'
Makefile:201: warning: ignoring old recipe for target 'cmitls.o'
Extracted.mk:166: warning: overriding recipe for target 'cmitls.exe'
Makefile:203: warning: ignoring old recipe for target 'cmitls.exe'
Extracted.mk:92: warning: overriding recipe for target 'mitls.cmxa'
Makefile:195: warning: ignoring old recipe for target 'mitls.cmxa'
Extracted.mk:95: warning: overriding recipe for target 'mitls.exe'
Makefile:198: warning: ignoring old recipe for target 'mitls.exe'
Extracted.mk:108: warning: overriding recipe for target 'test'
Makefile:207: warning: ignoring old recipe for target 'test'
Extracted.mk:164: warning: overriding recipe for target 'cmitls.o'
Makefile:201: warning: ignoring old recipe for target 'cmitls.o'
Extracted.mk:166: warning: overriding recipe for target 'cmitls.exe'
Makefile:203: warning: ignoring old recipe for target 'cmitls.exe'
Extracted.mk:92: warning: overriding recipe for target 'mitls.cmxa'
Makefile:195: warning: ignoring old recipe for target 'mitls.cmxa'
Extracted.mk:95: warning: overriding recipe for target 'mitls.exe'
Makefile:198: warning: ignoring old recipe for target 'mitls.exe'
Extracted.mk:108: warning: overriding recipe for target 'test'
Makefile:207: warning: ignoring old recipe for target 'test'
Extracted.mk:164: warning: overriding recipe for target 'cmitls.o'
Makefile:201: warning: ignoring old recipe for target 'cmitls.o'
Extracted.mk:166: warning: overriding recipe for target 'cmitls.exe'
Makefile:203: warning: ignoring old recipe for target 'cmitls.exe'
.\Nonce.fst(49,0-50,55): (Warning) Top-level let-bindings must be total; this term may have effects
.\Hashing.CRF.fst(29,8-29,80): (Warning) Top-level let-bindings must be total; this term may have effects
.\Nonce.fst(134,0-134,40): (Warning) Top-level let-bindings must be total; this term may have effects
.\CommonDH.fst(111,0-111,44): (Warning) Top-level let-bindings must be total; this term may have effects
.\CommonDH.fst(115,9-119,7): (Warning) Top-level let-bindings must be total; this term may have effects
.\IdNonce.fst(20,0-21,60): (Warning) Top-level let-bindings must be total; this term may have effects
.\Signature.fst(106,0-106,67): (Warning) Top-level let-bindings must be total; this term may have effects
.\Signature.fst(171,0-171,32): (Warning) Top-level let-bindings must be total; this term may have effects
.\TLSInfo.fst(508,0-508,50): (Warning) Top-level let-bindings must be total; this term may have effects
.\TLSInfo.fst(512,0-515,10): (Warning) Top-level let-bindings must be total; this term may have effects
.\MasterSecret.fst(34,0-35,75): (Warning) Top-level let-bindings must be total; this term may have effects
.\ConnInvariant.fst(93,0-94,64): (Warning) Top-level let-bindings must be total; this term may have effects
Warning: you are leaving 1 commit behind, not connected to
any of your branches:

c8aa2ed [CI] regenerate hints

If you want to keep it by creating a new branch, this may be a good time
to do so with:

git branch <new-branch-name> c8aa2ed

Switched to branch 'master'
To github.com:mitls/mitls-fstar.git
ab1be1e..c8aa2ed  master -> master
