Warning: you are using the standard library and/or the %inline keyword. We
recommend switching on --infer in order to avoid obscure type error messages.
6 shift/reduce conflicts.
File "src/basic/ml/FStar_Util.ml", line 47, characters 57-65:
Warning 40: st_mtime was selected from type BatUnix.stats.
It is not visible in the current scope, and will not 
be selected if the type becomes unknown.
File "src/basic/ml/FStar_Util.ml", line 47, characters 57-65:
Warning 40: st_mtime was selected from type BatUnix.stats.
It is not visible in the current scope, and will not 
be selected if the type becomes unknown.
Warning: Unable to open hints file: C:\Build\Agent2\_work\2\s\src\tls\Flags.fst.hints; ran without hints
Warning: Unable to open hints file: C:\Build\Agent2\_work\2\s\src\tls\Hashing.OpenSSL.fst.hints; ran without hints
Warning: Unable to open hints file: C:\Build\Agent2\_work\2\s\src\tls\Hashing.Spec.fst.hints; ran without hints
Warning: Unable to open hints file: C:\Build\Agent2\_work\2\s\src\tls\Hashing.CRF.fst.hints; ran without hints
.\Hashing.CRF.fst(28,8-28,80): (Warning) Top-level let-bindings must be total; this term may have effects
.\CommonDH.fst(43,8-43,56): (Warning) Top-level let-bindings must be total; this term may have effects
.\Nonce.fst(47,0-48,55): (Warning) Top-level let-bindings must be total; this term may have effects
.\CommonDH.fst(47,9-51,7): (Warning) Top-level let-bindings must be total; this term may have effects
.\Signature.fst(149,37-149,41) : (Error) Identifier not found: [List.Tot.memP]
Module List.Tot resolved into FStar.List.Tot, definition memP not found
Unexpected error
FStar_Errors.Error(_)
Raised by primitive operation at file "src/batString.mlv", line 145, characters 30-54
Called from file "src/batReturn.ml", line 29, characters 6-29

make: *** [Makefile:249: Signature.fst-ver] Error 1
.\IdNonce.fst(20,0-21,60): (Warning) Top-level let-bindings must be total; this term may have effects
.\Nonce.fst(132,0-132,40): (Warning) Top-level let-bindings must be total; this term may have effects
Warning: Unable to open hints file: C:\Build\Agent2\_work\2\s\src\tls\Extensions.fst.hints; ran without hints
.\MasterSecret.fst(34,0-35,75): (Warning) Top-level let-bindings must be total; this term may have effects
Warning: Unable to open hints file: C:\Build\Agent2\_work\2\s\src\tls\HKDF.fsti.hints; ran without hints
.\TLSInfo.fst(625,0-625,50): (Warning) Top-level let-bindings must be total; this term may have effects
.\TLSInfo.fst(629,0-632,10): (Warning) Top-level let-bindings must be total; this term may have effects
.\KeySchedule.fst(411,27-411,59) : (Error) Field li_ch_ed_psk of record type TLSInfo.logInfo_CH is missing
Unexpected error
FStar_Errors.Error(_)
Raised by primitive operation at file "src/batString.mlv", line 145, characters 30-54
Called from file "src/batReturn.ml", line 29, characters 6-29

make: *** [Makefile:249: KeySchedule.fst-ver] Error 1
.\Signature.fst(149,37-149,41) : (Error) Identifier not found: [List.Tot.memP]
Module List.Tot resolved into FStar.List.Tot, definition memP not found
Unexpected error
FStar_Errors.Error(_)
Raised by primitive operation at file "src/batString.mlv", line 145, characters 30-54
Called from file "src/batReturn.ml", line 29, characters 6-29

make: *** [Makefile:249: Connection.fst-ver] Error 1
.\KeySchedule.fst(411,27-411,59) : (Error) Field li_ch_ed_psk of record type TLSInfo.logInfo_CH is missing
Unexpected error
FStar_Errors.Error(_)
Raised by primitive operation at file "src/batString.mlv", line 145, characters 30-54
Called from file "src/batReturn.ml", line 29, characters 6-29

make: *** [Makefile:249: Epochs.fst-ver] Error 1
.\MAC_SHA1.fst(66,36-66,42): (Error) Subtyping check failed; expected type (lbytes (macKeySize a)); got type (key i) (see .\HashMAC.fst(69,34-69,48))
.\MAC_SHA1.fst(79,34-79,40): (Error) Subtyping check failed; expected type (lbytes (macKeySize a)); got type (key i) (see .\HashMAC.fst(77,40-77,54))
Verified module: MAC_SHA1 (92951 milliseconds)
2 errors were reported (see above)
make: *** [Makefile:249: MAC_SHA1.fst-ver] Error 1
.\Signature.fst(149,37-149,41) : (Error) Identifier not found: [List.Tot.memP]
Module List.Tot resolved into FStar.List.Tot, definition memP not found
Unexpected error
FStar_Errors.Error(_)
Raised by primitive operation at file "src/batString.mlv", line 145, characters 30-54
Called from file "src/batReturn.ml", line 29, characters 6-29

make: *** [Makefile:249: ConnInvariant.fst-ver] Error 1
.\MAC_SHA256.fst(66,36-66,42): (Error) Subtyping check failed; expected type (lbytes (macKeySize a)); got type (key i) (see .\HashMAC.fst(69,34-69,48))
.\MAC_SHA256.fst(79,34-79,40): (Error) Subtyping check failed; expected type (lbytes (macKeySize a)); got type (key i) (see .\HashMAC.fst(77,40-77,54))
Verified module: MAC_SHA256 (103090 milliseconds)
2 errors were reported (see above)
make: *** [Makefile:249: MAC_SHA256.fst-ver] Error 1
.\Signature.fst(149,37-149,41) : (Error) Identifier not found: [List.Tot.memP]
Module List.Tot resolved into FStar.List.Tot, definition memP not found
Unexpected error
FStar_Errors.Error(_)
Raised by primitive operation at file "src/batString.mlv", line 145, characters 30-54
Called from file "src/batReturn.ml", line 29, characters 6-29

make: *** [Makefile:249: FFI.fst-ver] Error 1
.\Signature.fst(149,37-149,41) : (Error) Identifier not found: [List.Tot.memP]
Module List.Tot resolved into FStar.List.Tot, definition memP not found
Unexpected error
FStar_Errors.Error(_)
Raised by primitive operation at file "src/batString.mlv", line 145, characters 30-54
Called from file "src/batReturn.ml", line 29, characters 6-29

make: *** [Makefile:249: TLS.fst-ver] Error 1
make: Target 'all-ver' not remade because of errors.
