From https://github.com/FStarLang/FStar
a961b2081..f2b52d569  master               -> origin/master
09a4df946..64c1d42fc  aseem_monotonicity   -> origin/aseem_monotonicity
698ccecbe..12aee0167  guido_tactics        -> origin/guido_tactics
9101f0abb..1b6f3b0aa  kyod_hyperstack_monotonicity -> origin/kyod_hyperstack_monotonicity
98ed06b6d..ce6eef8ba  taramana_benton_2004 -> origin/taramana_benton_2004
a05792e45..90825dcb9  tchajed_kv_parsing   -> origin/tchajed_kv_parsing
Warning: you are using the standard library and/or the %inline keyword. We
recommend switching on --infer in order to avoid obscure type error messages.
dos2unix: converting file parse.mly to Unix format...
File "src/basic/ml/FStar_Util.ml", line 47, characters 57-65:
Warning 40: st_mtime was selected from type BatUnix.stats.
It is not visible in the current scope, and will not 
be selected if the type becomes unknown.
File "src/basic/ml/FStar_Util.ml", line 47, characters 57-65:
Warning 40: st_mtime was selected from type BatUnix.stats.
It is not visible in the current scope, and will not 
be selected if the type becomes unknown.
From https://github.com/FStarLang/kremlin
7466599..23c4ad5  master     -> origin/master
From https://github.com/mitls/hacl-star
85758a22..29030e3c  master                -> origin/master
e6d9cdf9..745595f0  beurdouche_interfaces -> origin/beurdouche_interfaces
File "CoreCrypto.ml", line 526, characters 24-144:
Warning 8: this pattern-matching is not exhaustive.
Here is an example of a value that is not matched:
ECC_X448
Warning 3: run_or_warn: the following command failed:
C:/Build/Agent2/_work/2/s/fstar/bin/fstar.exe --odir LowCProvider/tmp --codegen Kremlin --lax --no_extract FStar.Math.Lib --no_extract FStar.HyperHeap --no_extract FStar.HyperStack --no_extract FStar.HyperStack.ST --no_extract FStar.Seq.Base --no_extract FStar.Int128 --no_extract FStar.UInt64 --no_extract FStar.Int64 --no_extract FStar.UInt63 --no_extract FStar.Int63 --no_extract FStar.UInt32 --no_extract FStar.Int32 --no_extract FStar.UInt31 --no_extract FStar.Int31 --no_extract FStar.UInt16 --no_extract FStar.Int16 --no_extract FStar.UInt8 --no_extract FStar.Int8 --trace_error --include aead --include uf1cma --include vale --include vale/asm --include prf --include utils --include indexing --include ../code/experimental/aesgcm --include ../code/bignum --include ../code/poly1305 --include ../code/salsa-family --include ../code/lib/kremlin --include ../specs --include C:/Build/Agent2/_work/2/s/kremlin/kremlib --include C:/Build/Agent2/_work/2/s/kremlin/test --include C:/Build/Agent2/_work/2/s/kremlin/kremlib LowCProvider/Crypto.Indexing.fst test/Flag.fst utils/Hacl.Spec.fst aead/Crypto.AEAD.fst
F* failed
Fatal error: exception Warnings.Fatal("Unrecoverable error")
Raised at file "src/Warnings.ml", line 47, characters 10-39
Called from file "src/Driver.ml", line 283, characters 6-29
Called from file "src/Kremlin.ml", line 286, characters 14-96
make[1]: *** [Makefile:33: LowCProvider-tmp] Error 2
make: *** [Makefile:51: tmp] Error 2
make[4]: warning: jobserver unavailable: using -j1.  Add '+' to parent make rule.
File "ulib/ml/extracted/FStar_IndefiniteDescription.ml", line 7, characters 31-33:
Warning 20: this argument will not be used by the function.
File "ulib/ml/extracted/FStar_Tactics.ml", line 353, characters 45-46:
Warning 20: this argument will not be used by the function.
File "ulib/ml/extracted/FStar_Util.ml", line 2, characters 40-41:
Warning 20: this argument will not be used by the function.
File "ulib/ml/extracted/FStar_Util.ml", line 2, characters 42-43:
Warning 20: this argument will not be used by the function.
File "ulib/ml/extracted/FStar_Util.ml", line 3, characters 64-65:
Warning 20: this argument will not be used by the function.
File "ulib/ml/extracted/FStar_Util.ml", line 5, characters 37-38:
Warning 20: this argument will not be used by the function.
File "ulib/ml/extracted/FStar_Util.ml", line 5, characters 62-63:
Warning 20: this argument will not be used by the function.
File "ulib/ml/extracted/FStar_IndefiniteDescription.ml", line 7, characters 31-33:
Warning 20: this argument will not be used by the function.
File "ulib/ml/extracted/FStar_Tactics.ml", line 353, characters 45-46:
Warning 20: this argument will not be used by the function.
File "ulib/ml/extracted/FStar_Util.ml", line 2, characters 40-41:
Warning 20: this argument will not be used by the function.
File "ulib/ml/extracted/FStar_Util.ml", line 2, characters 42-43:
Warning 20: this argument will not be used by the function.
File "ulib/ml/extracted/FStar_Util.ml", line 3, characters 64-65:
Warning 20: this argument will not be used by the function.
File "ulib/ml/extracted/FStar_Util.ml", line 5, characters 37-38:
Warning 20: this argument will not be used by the function.
File "ulib/ml/extracted/FStar_Util.ml", line 5, characters 62-63:
Warning 20: this argument will not be used by the function.
make[4]: warning: jobserver unavailable: using -j1.  Add '+' to parent make rule.
Extracted.mk:94: warning: overriding recipe for target 'mitls.cmxa'
Makefile:196: warning: ignoring old recipe for target 'mitls.cmxa'
Extracted.mk:97: warning: overriding recipe for target 'mitls.exe'
Makefile:199: warning: ignoring old recipe for target 'mitls.exe'
Extracted.mk:119: warning: overriding recipe for target 'test'
Makefile:208: warning: ignoring old recipe for target 'test'
Extracted.mk:175: warning: overriding recipe for target 'cmitls.o'
Makefile:202: warning: ignoring old recipe for target 'cmitls.o'
Extracted.mk:177: warning: overriding recipe for target 'cmitls.exe'
Makefile:204: warning: ignoring old recipe for target 'cmitls.exe'
Unexpected error
FStar_Errors.Error(_)
Raised at file "src/ocaml-output/FStar_ToSyntax_Env.ml", line 2545, characters 12-71
Called from file "src/ocaml-output/FStar_ToSyntax_ToSyntax.ml", line 1539, characters 14-206
Called from file "src/ocaml-output/FStar_ToSyntax_ToSyntax.ml", line 1395, characters 6-41
Called from file "src/ocaml-output/FStar_ToSyntax_ToSyntax.ml", line 1395, characters 6-41
Called from file "src/ocaml-output/FStar_ToSyntax_ToSyntax.ml", line 1395, characters 6-41
Called from file "src/ocaml-output/FStar_ToSyntax_ToSyntax.ml", line 1395, characters 6-41
Called from file "src/ocaml-output/FStar_ToSyntax_ToSyntax.ml", line 1395, characters 6-41
Called from file "src/ocaml-output/FStar_ToSyntax_ToSyntax.ml", line 1395, characters 6-41
Called from file "src/ocaml-output/FStar_ToSyntax_ToSyntax.ml", line 1395, characters 6-41
Called from file "src/batList.mlv", line 513, characters 26-35
Called from file "src/batList.mlv", line 517, characters 2-18
Called from file "src/ocaml-output/FStar_ToSyntax_ToSyntax.ml", line 2529, characters 20-141
Called from file "src/ocaml-output/FStar_ToSyntax_ToSyntax.ml", line 5263, characters 26-70
Called from file "src/ocaml-output/FStar_ToSyntax_ToSyntax.ml", line 5682, characters 35-54
Called from file "list.ml", line 84, characters 24-34
Called from file "src/ocaml-output/FStar_ToSyntax_ToSyntax.ml", line 5733, characters 30-54
Called from file "src/ocaml-output/FStar_ToSyntax_ToSyntax.ml", line 5784, characters 8-63
Called from file "src/ocaml-output/FStar_ToSyntax_ToSyntax.ml", line 5817, characters 37-57
Called from file "list.ml", line 84, characters 24-34
Called from file "src/ocaml-output/FStar_ToSyntax_ToSyntax.ml", line 5812, characters 8-326
Called from file "src/ocaml-output/FStar_Universal.ml", line 290, characters 26-47
Called from file "src/ocaml-output/FStar_Universal.ml", line 383, characters 18-101
Called from file "src/ocaml-output/FStar_Universal.ml", line 407, characters 31-72
Called from file "src/ocaml-output/FStar_Universal.ml", line 424, characters 24-71
Called from file "src/ocaml-output/FStar_Universal.ml", line 465, characters 26-68
Called from file "src/ocaml-output/FStar_Main.ml", line 213, characters 27-67
Called from file "src/ocaml-output/FStar_Main.ml", line 236, characters 6-11

C:\Build\Agent2\_work\2\s\hacl-star\code\lib\kremlin\FStar.Endianness.fst(30,35-30,52): (Error) Identifier not found: [FStar.UInt128.uint128_to_uint64]
Module FStar.UInt128 resolved into FStar.UInt128, definition uint128_to_uint64 not found
1 error was reported (see above)
Unexpected error
FStar_Errors.Error(_)
Raised at file "src/ocaml-output/FStar_ToSyntax_Env.ml", line 2545, characters 12-71
Called from file "src/ocaml-output/FStar_ToSyntax_ToSyntax.ml", line 1539, characters 14-206
Called from file "src/ocaml-output/FStar_ToSyntax_ToSyntax.ml", line 1395, characters 6-41
Called from file "src/ocaml-output/FStar_ToSyntax_ToSyntax.ml", line 1395, characters 6-41
Called from file "src/ocaml-output/FStar_ToSyntax_ToSyntax.ml", line 1395, characters 6-41
Called from file "src/ocaml-output/FStar_ToSyntax_ToSyntax.ml", line 1395, characters 6-41
Called from file "src/ocaml-output/FStar_ToSyntax_ToSyntax.ml", line 1395, characters 6-41
Called from file "src/ocaml-output/FStar_ToSyntax_ToSyntax.ml", line 1395, characters 6-41
Called from file "src/ocaml-output/FStar_ToSyntax_ToSyntax.ml", line 1395, characters 6-41
Called from file "src/batList.mlv", line 513, characters 26-35
Called from file "src/batList.mlv", line 517, characters 2-18
Called from file "src/ocaml-output/FStar_ToSyntax_ToSyntax.ml", line 2529, characters 20-141
Called from file "src/ocaml-output/FStar_ToSyntax_ToSyntax.ml", line 5263, characters 26-70
Called from file "src/ocaml-output/FStar_ToSyntax_ToSyntax.ml", line 5682, characters 35-54
Called from file "list.ml", line 84, characters 24-34
Called from file "src/ocaml-output/FStar_ToSyntax_ToSyntax.ml", line 5733, characters 30-54
Called from file "src/ocaml-output/FStar_ToSyntax_ToSyntax.ml", line 5784, characters 8-63
Called from file "src/ocaml-output/FStar_ToSyntax_ToSyntax.ml", line 5817, characters 37-57
Called from file "list.ml", line 84, characters 24-34
Called from file "src/ocaml-output/FStar_ToSyntax_ToSyntax.ml", line 5812, characters 8-326
Called from file "src/ocaml-output/FStar_Universal.ml", line 290, characters 26-47
Called from file "src/ocaml-output/FStar_Universal.ml", line 383, characters 18-101
Called from file "src/ocaml-output/FStar_Universal.ml", line 407, characters 31-72
Called from file "src/ocaml-output/FStar_Universal.ml", line 424, characters 24-71
Called from file "src/ocaml-output/FStar_Universal.ml", line 465, characters 26-68
Called from file "src/ocaml-output/FStar_Main.ml", line 213, characters 27-67
Called from file "src/ocaml-output/FStar_Main.ml", line 236, characters 6-11

C:\Build\Agent2\_work\2\s\hacl-star\code\lib\kremlin\FStar.Endianness.fst(30,35-30,52): (Error) Identifier not found: [FStar.UInt128.uint128_to_uint64]
Module FStar.UInt128 resolved into FStar.UInt128, definition uint128_to_uint64 not found
1 error was reported (see above)
Unexpected error
FStar_Errors.Error(_)
Raised at file "src/ocaml-output/FStar_ToSyntax_Env.ml", line 2545, characters 12-71
Called from file "src/ocaml-output/FStar_ToSyntax_ToSyntax.ml", line 1539, characters 14-206
Called from file "src/ocaml-output/FStar_ToSyntax_ToSyntax.ml", line 1395, characters 6-41
Called from file "src/ocaml-output/FStar_ToSyntax_ToSyntax.ml", line 1395, characters 6-41
Called from file "src/ocaml-output/FStar_ToSyntax_ToSyntax.ml", line 1395, characters 6-41
Called from file "src/ocaml-output/FStar_ToSyntax_ToSyntax.ml", line 1395, characters 6-41
Called from file "src/ocaml-output/FStar_ToSyntax_ToSyntax.ml", line 1395, characters 6-41
Called from file "src/ocaml-output/FStar_ToSyntax_ToSyntax.ml", line 1395, characters 6-41
Called from file "src/ocaml-output/FStar_ToSyntax_ToSyntax.ml", line 1395, characters 6-41
Called from file "src/batList.mlv", line 513, characters 26-35
Called from file "src/batList.mlv", line 517, characters 2-18
Called from file "src/ocaml-output/FStar_ToSyntax_ToSyntax.ml", line 2529, characters 20-141
Called from file "src/ocaml-output/FStar_ToSyntax_ToSyntax.ml", line 5263, characters 26-70
Called from file "src/ocaml-output/FStar_ToSyntax_ToSyntax.ml", line 5682, characters 35-54
Called from file "list.ml", line 84, characters 24-34
Called from file "src/ocaml-output/FStar_ToSyntax_ToSyntax.ml", line 5733, characters 30-54
Called from file "src/ocaml-output/FStar_ToSyntax_ToSyntax.ml", line 5784, characters 8-63
Called from file "src/ocaml-output/FStar_ToSyntax_ToSyntax.ml", line 5817, characters 37-57
Called from file "list.ml", line 84, characters 24-34
Called from file "src/ocaml-output/FStar_ToSyntax_ToSyntax.ml", line 5812, characters 8-326
Called from file "src/ocaml-output/FStar_Universal.ml", line 290, characters 26-47
Called from file "src/ocaml-output/FStar_Universal.ml", line 383, characters 18-101
Called from file "src/ocaml-output/FStar_Universal.ml", line 407, characters 31-72
Called from file "src/ocaml-output/FStar_Universal.ml", line 424, characters 24-71
Called from file "src/ocaml-output/FStar_Universal.ml", line 465, characters 26-68
Called from file "src/ocaml-output/FStar_Main.ml", line 213, characters 27-67
Called from file "src/ocaml-output/FStar_Main.ml", line 236, characters 6-11

C:\Build\Agent2\_work\2\s\hacl-star\code\lib\kremlin\FStar.Endianness.fst(30,35-30,52): (Error) Identifier not found: [FStar.UInt128.uint128_to_uint64]
Module FStar.UInt128 resolved into FStar.UInt128, definition uint128_to_uint64 not found
1 error was reported (see above)
Unexpected error
FStar_Errors.Error(_)
Raised at file "src/ocaml-output/FStar_ToSyntax_Env.ml", line 2545, characters 12-71
Called from file "src/ocaml-output/FStar_ToSyntax_ToSyntax.ml", line 1539, characters 14-206
Called from file "src/ocaml-output/FStar_ToSyntax_ToSyntax.ml", line 1395, characters 6-41
Called from file "src/ocaml-output/FStar_ToSyntax_ToSyntax.ml", line 1395, characters 6-41
Called from file "src/ocaml-output/FStar_ToSyntax_ToSyntax.ml", line 1395, characters 6-41
Called from file "src/ocaml-output/FStar_ToSyntax_ToSyntax.ml", line 1395, characters 6-41
Called from file "src/ocaml-output/FStar_ToSyntax_ToSyntax.ml", line 1395, characters 6-41
Called from file "src/ocaml-output/FStar_ToSyntax_ToSyntax.ml", line 1395, characters 6-41
Called from file "src/ocaml-output/FStar_ToSyntax_ToSyntax.ml", line 1395, characters 6-41
Called from file "src/batList.mlv", line 513, characters 26-35
Called from file "src/batList.mlv", line 517, characters 2-18
Called from file "src/ocaml-output/FStar_ToSyntax_ToSyntax.ml", line 2529, characters 20-141
Called from file "src/ocaml-output/FStar_ToSyntax_ToSyntax.ml", line 5263, characters 26-70
Called from file "src/ocaml-output/FStar_ToSyntax_ToSyntax.ml", line 5682, characters 35-54
Called from file "list.ml", line 84, characters 24-34
Called from file "src/ocaml-output/FStar_ToSyntax_ToSyntax.ml", line 5733, characters 30-54
Called from file "src/ocaml-output/FStar_ToSyntax_ToSyntax.ml", line 5784, characters 8-63
Called from file "src/ocaml-output/FStar_ToSyntax_ToSyntax.ml", line 5817, characters 37-57
Called from file "list.ml", line 84, characters 24-34
Called from file "src/ocaml-output/FStar_ToSyntax_ToSyntax.ml", line 5812, characters 8-326
Called from file "src/ocaml-output/FStar_Universal.ml", line 290, characters 26-47
Called from file "src/ocaml-output/FStar_Universal.ml", line 383, characters 18-101
Called from file "src/ocaml-output/FStar_Universal.ml", line 407, characters 31-72
Called from file "src/ocaml-output/FStar_Universal.ml", line 424, characters 24-71
Called from file "src/ocaml-output/FStar_Universal.ml", line 465, characters 26-68
Called from file "src/ocaml-output/FStar_Main.ml", line 213, characters 27-67
Called from file "src/ocaml-output/FStar_Main.ml", line 236, characters 6-11

C:\Build\Agent2\_work\2\s\hacl-star\code\lib\kremlin\FStar.Endianness.fst(30,35-30,52): (Error) Identifier not found: [FStar.UInt128.uint128_to_uint64]
Module FStar.UInt128 resolved into FStar.UInt128, definition uint128_to_uint64 not found
1 error was reported (see above)
Unexpected error
FStar_Errors.Error(_)
Raised at file "src/ocaml-output/FStar_ToSyntax_Env.ml", line 2545, characters 12-71
Called from file "src/ocaml-output/FStar_ToSyntax_ToSyntax.ml", line 1539, characters 14-206
Called from file "src/ocaml-output/FStar_ToSyntax_ToSyntax.ml", line 1395, characters 6-41
Called from file "src/ocaml-output/FStar_ToSyntax_ToSyntax.ml", line 1395, characters 6-41
Called from file "src/ocaml-output/FStar_ToSyntax_ToSyntax.ml", line 1395, characters 6-41
Called from file "src/ocaml-output/FStar_ToSyntax_ToSyntax.ml", line 1395, characters 6-41
Called from file "src/ocaml-output/FStar_ToSyntax_ToSyntax.ml", line 1395, characters 6-41
Called from file "src/ocaml-output/FStar_ToSyntax_ToSyntax.ml", line 1395, characters 6-41
Called from file "src/ocaml-output/FStar_ToSyntax_ToSyntax.ml", line 1395, characters 6-41
Called from file "src/batList.mlv", line 513, characters 26-35
Called from file "src/batList.mlv", line 517, characters 2-18
Called from file "src/ocaml-output/FStar_ToSyntax_ToSyntax.ml", line 2529, characters 20-141
Called from file "src/ocaml-output/FStar_ToSyntax_ToSyntax.ml", line 5263, characters 26-70
Called from file "src/ocaml-output/FStar_ToSyntax_ToSyntax.ml", line 5682, characters 35-54
Called from file "list.ml", line 84, characters 24-34
Called from file "src/ocaml-output/FStar_ToSyntax_ToSyntax.ml", line 5733, characters 30-54
Called from file "src/ocaml-output/FStar_ToSyntax_ToSyntax.ml", line 5784, characters 8-63
Called from file "src/ocaml-output/FStar_ToSyntax_ToSyntax.ml", line 5817, characters 37-57
Called from file "list.ml", line 84, characters 24-34
Called from file "src/ocaml-output/FStar_ToSyntax_ToSyntax.ml", line 5812, characters 8-326
Called from file "src/ocaml-output/FStar_Universal.ml", line 290, characters 26-47
Called from file "src/ocaml-output/FStar_Universal.ml", line 383, characters 18-101
Called from file "src/ocaml-output/FStar_Universal.ml", line 407, characters 31-72
Called from file "src/ocaml-output/FStar_Universal.ml", line 424, characters 24-71
Called from file "src/ocaml-output/FStar_Universal.ml", line 465, characters 26-68
Called from file "src/ocaml-output/FStar_Main.ml", line 213, characters 27-67
Called from file "src/ocaml-output/FStar_Main.ml", line 236, characters 6-11

C:\Build\Agent2\_work\2\s\hacl-star\code\lib\kremlin\FStar.Endianness.fst(30,35-30,52): (Error) Identifier not found: [FStar.UInt128.uint128_to_uint64]
Module FStar.UInt128 resolved into FStar.UInt128, definition uint128_to_uint64 not found
1 error was reported (see above)
Unexpected error
FStar_Errors.Error(_)
Raised at file "src/ocaml-output/FStar_ToSyntax_Env.ml", line 2545, characters 12-71
Called from file "src/ocaml-output/FStar_ToSyntax_ToSyntax.ml", line 1539, characters 14-206
Called from file "src/ocaml-output/FStar_ToSyntax_ToSyntax.ml", line 1395, characters 6-41
Called from file "src/ocaml-output/FStar_ToSyntax_ToSyntax.ml", line 1395, characters 6-41
Called from file "src/ocaml-output/FStar_ToSyntax_ToSyntax.ml", line 1395, characters 6-41
Called from file "src/ocaml-output/FStar_ToSyntax_ToSyntax.ml", line 1395, characters 6-41
Called from file "src/ocaml-output/FStar_ToSyntax_ToSyntax.ml", line 1395, characters 6-41
Called from file "src/ocaml-output/FStar_ToSyntax_ToSyntax.ml", line 1395, characters 6-41
Called from file "src/ocaml-output/FStar_ToSyntax_ToSyntax.ml", line 1395, characters 6-41
Called from file "src/batList.mlv", line 513, characters 26-35
Called from file "src/batList.mlv", line 517, characters 2-18
Called from file "src/ocaml-output/FStar_ToSyntax_ToSyntax.ml", line 2529, characters 20-141
Called from file "src/ocaml-output/FStar_ToSyntax_ToSyntax.ml", line 5263, characters 26-70
Called from file "src/ocaml-output/FStar_ToSyntax_ToSyntax.ml", line 5682, characters 35-54
Called from file "list.ml", line 84, characters 24-34
Called from file "src/ocaml-output/FStar_ToSyntax_ToSyntax.ml", line 5733, characters 30-54
Called from file "src/ocaml-output/FStar_ToSyntax_ToSyntax.ml", line 5784, characters 8-63
Called from file "src/ocaml-output/FStar_ToSyntax_ToSyntax.ml", line 5817, characters 37-57
Called from file "list.ml", line 84, characters 24-34
Called from file "src/ocaml-output/FStar_ToSyntax_ToSyntax.ml", line 5812, characters 8-326
Called from file "src/ocaml-output/FStar_Universal.ml", line 290, characters 26-47
Called from file "src/ocaml-output/FStar_Universal.ml", line 383, characters 18-101
Called from file "src/ocaml-output/FStar_Universal.ml", line 407, characters 31-72
Called from file "src/ocaml-output/FStar_Universal.ml", line 424, characters 24-71
Called from file "src/ocaml-output/FStar_Universal.ml", line 465, characters 26-68
Called from file "src/ocaml-output/FStar_Main.ml", line 213, characters 27-67
Called from file "src/ocaml-output/FStar_Main.ml", line 236, characters 6-11

C:\Build\Agent2\_work\2\s\hacl-star\code\lib\kremlin\FStar.Endianness.fst(30,35-30,52): (Error) Identifier not found: [FStar.UInt128.uint128_to_uint64]
Module FStar.UInt128 resolved into FStar.UInt128, definition uint128_to_uint64 not found
1 error was reported (see above)
Unexpected error
FStar_Errors.Error(_)
Raised at file "src/ocaml-output/FStar_ToSyntax_Env.ml", line 2545, characters 12-71
Called from file "src/ocaml-output/FStar_ToSyntax_ToSyntax.ml", line 1539, characters 14-206
Called from file "src/ocaml-output/FStar_ToSyntax_ToSyntax.ml", line 1395, characters 6-41
Called from file "src/ocaml-output/FStar_ToSyntax_ToSyntax.ml", line 1395, characters 6-41
Called from file "src/ocaml-output/FStar_ToSyntax_ToSyntax.ml", line 1395, characters 6-41
Called from file "src/ocaml-output/FStar_ToSyntax_ToSyntax.ml", line 1395, characters 6-41
Called from file "src/ocaml-output/FStar_ToSyntax_ToSyntax.ml", line 1395, characters 6-41
Called from file "src/ocaml-output/FStar_ToSyntax_ToSyntax.ml", line 1395, characters 6-41
Called from file "src/ocaml-output/FStar_ToSyntax_ToSyntax.ml", line 1395, characters 6-41
Called from file "src/batList.mlv", line 513, characters 26-35
Called from file "src/batList.mlv", line 517, characters 2-18
Called from file "src/ocaml-output/FStar_ToSyntax_ToSyntax.ml", line 2529, characters 20-141
Called from file "src/ocaml-output/FStar_ToSyntax_ToSyntax.ml", line 5263, characters 26-70
Called from file "src/ocaml-output/FStar_ToSyntax_ToSyntax.ml", line 5682, characters 35-54
Called from file "list.ml", line 84, characters 24-34
Called from file "src/ocaml-output/FStar_ToSyntax_ToSyntax.ml", line 5733, characters 30-54
Called from file "src/ocaml-output/FStar_ToSyntax_ToSyntax.ml", line 5784, characters 8-63
Called from file "src/ocaml-output/FStar_ToSyntax_ToSyntax.ml", line 5817, characters 37-57
Called from file "list.ml", line 84, characters 24-34
Called from file "src/ocaml-output/FStar_ToSyntax_ToSyntax.ml", line 5812, characters 8-326
Called from file "src/ocaml-output/FStar_Universal.ml", line 290, characters 26-47
Called from file "src/ocaml-output/FStar_Universal.ml", line 383, characters 18-101
Called from file "src/ocaml-output/FStar_Universal.ml", line 407, characters 31-72
Called from file "src/ocaml-output/FStar_Universal.ml", line 424, characters 24-71
Called from file "src/ocaml-output/FStar_Universal.ml", line 465, characters 26-68
Called from file "src/ocaml-output/FStar_Main.ml", line 213, characters 27-67
Called from file "src/ocaml-output/FStar_Main.ml", line 236, characters 6-11

C:\Build\Agent2\_work\2\s\hacl-star\code\lib\kremlin\FStar.Endianness.fst(30,35-30,52): (Error) Identifier not found: [FStar.UInt128.uint128_to_uint64]
Module FStar.UInt128 resolved into FStar.UInt128, definition uint128_to_uint64 not found
1 error was reported (see above)
Unexpected error
FStar_Errors.Error(_)
Raised at file "src/ocaml-output/FStar_ToSyntax_Env.ml", line 2545, characters 12-71
Called from file "src/ocaml-output/FStar_ToSyntax_ToSyntax.ml", line 1539, characters 14-206
Called from file "src/ocaml-output/FStar_ToSyntax_ToSyntax.ml", line 1395, characters 6-41
Called from file "src/ocaml-output/FStar_ToSyntax_ToSyntax.ml", line 1395, characters 6-41
Called from file "src/ocaml-output/FStar_ToSyntax_ToSyntax.ml", line 1395, characters 6-41
Called from file "src/ocaml-output/FStar_ToSyntax_ToSyntax.ml", line 1395, characters 6-41
Called from file "src/ocaml-output/FStar_ToSyntax_ToSyntax.ml", line 1395, characters 6-41
Called from file "src/ocaml-output/FStar_ToSyntax_ToSyntax.ml", line 1395, characters 6-41
Called from file "src/ocaml-output/FStar_ToSyntax_ToSyntax.ml", line 1395, characters 6-41
Called from file "src/batList.mlv", line 513, characters 26-35
Called from file "src/batList.mlv", line 517, characters 2-18
Called from file "src/ocaml-output/FStar_ToSyntax_ToSyntax.ml", line 2529, characters 20-141
Called from file "src/ocaml-output/FStar_ToSyntax_ToSyntax.ml", line 5263, characters 26-70
Called from file "src/ocaml-output/FStar_ToSyntax_ToSyntax.ml", line 5682, characters 35-54
Called from file "list.ml", line 84, characters 24-34
Called from file "src/ocaml-output/FStar_ToSyntax_ToSyntax.ml", line 5733, characters 30-54
Called from file "src/ocaml-output/FStar_ToSyntax_ToSyntax.ml", line 5784, characters 8-63
Called from file "src/ocaml-output/FStar_ToSyntax_ToSyntax.ml", line 5817, characters 37-57
Called from file "list.ml", line 84, characters 24-34
Called from file "src/ocaml-output/FStar_ToSyntax_ToSyntax.ml", line 5812, characters 8-326
Called from file "src/ocaml-output/FStar_Universal.ml", line 290, characters 26-47
Called from file "src/ocaml-output/FStar_Universal.ml", line 383, characters 18-101
Called from file "src/ocaml-output/FStar_Universal.ml", line 407, characters 31-72
Called from file "src/ocaml-output/FStar_Universal.ml", line 424, characters 24-71
Called from file "src/ocaml-output/FStar_Universal.ml", line 465, characters 26-68
Called from file "src/ocaml-output/FStar_Main.ml", line 213, characters 27-67
Called from file "src/ocaml-output/FStar_Main.ml", line 236, characters 6-11

C:\Build\Agent2\_work\2\s\hacl-star\code\lib\kremlin\FStar.Endianness.fst(30,35-30,52): (Error) Identifier not found: [FStar.UInt128.uint128_to_uint64]
Module FStar.UInt128 resolved into FStar.UInt128, definition uint128_to_uint64 not found
1 error was reported (see above)
Unexpected error
FStar_Errors.Error(_)
Raised at file "src/ocaml-output/FStar_ToSyntax_Env.ml", line 2545, characters 12-71
Called from file "src/ocaml-output/FStar_ToSyntax_ToSyntax.ml", line 1539, characters 14-206
Called from file "src/ocaml-output/FStar_ToSyntax_ToSyntax.ml", line 1395, characters 6-41
Called from file "src/ocaml-output/FStar_ToSyntax_ToSyntax.ml", line 1395, characters 6-41
Called from file "src/ocaml-output/FStar_ToSyntax_ToSyntax.ml", line 1395, characters 6-41
Called from file "src/batList.mlv", line 513, characters 26-35
Called from file "src/batList.mlv", line 517, characters 2-18
Called from file "src/ocaml-output/FStar_ToSyntax_ToSyntax.ml", line 2529, characters 20-141
Called from file "src/ocaml-output/FStar_ToSyntax_ToSyntax.ml", line 5263, characters 26-70
Called from file "src/ocaml-output/FStar_ToSyntax_ToSyntax.ml", line 5682, characters 35-54
Called from file "list.ml", line 84, characters 24-34
Called from file "src/ocaml-output/FStar_ToSyntax_ToSyntax.ml", line 5733, characters 30-54
Called from file "src/ocaml-output/FStar_ToSyntax_ToSyntax.ml", line 5784, characters 8-63
Called from file "src/ocaml-output/FStar_ToSyntax_ToSyntax.ml", line 5817, characters 37-57
Called from file "list.ml", line 84, characters 24-34
Called from file "src/ocaml-output/FStar_ToSyntax_ToSyntax.ml", line 5812, characters 8-326
Called from file "src/ocaml-output/FStar_Universal.ml", line 290, characters 26-47
Called from file "src/ocaml-output/FStar_Universal.ml", line 383, characters 18-101
Called from file "src/ocaml-output/FStar_Universal.ml", line 407, characters 31-72
Called from file "src/ocaml-output/FStar_Universal.ml", line 424, characters 24-71
Called from file "src/ocaml-output/FStar_Universal.ml", line 465, characters 26-68
Called from file "src/ocaml-output/FStar_Main.ml", line 213, characters 27-67
Called from file "src/ocaml-output/FStar_Main.ml", line 236, characters 6-11

C:\Build\Agent2\_work\2\s\hacl-star\code\lib\kremlin\Hacl.Cast.fst(20,61-20,78): (Error) Identifier not found: [FStar.UInt128.uint64_to_uint128]
Module FStar.UInt128 resolved into FStar.UInt128, definition uint64_to_uint128 not found
1 error was reported (see above)
make[3]: *** No rule to make target 'output/FFI.ml', needed by 'output/FFI.cmx'.
make[3]: *** No rule to make target 'output/QUIC.ml', needed by 'output/QUIC.cmx'.
make[3]: *** No rule to make target 'output/TestAPI.ml', needed by 'output/TestAPI.cmx'.
make[3]: *** No rule to make target 'output/TestFFI.ml', needed by 'output/TestFFI.cmx'.
make[3]: *** No rule to make target 'output/TestQUIC.ml', needed by 'output/TestQUIC.cmx'.
x86_64-w64-mingw32-ar: tmp/*.o: No such file or directory
make[4]: *** [Makefile:73: libllcrypto.a] Error 1
make[4]: Target 'all' not remade because of errors.
make[3]: *** [Extracted.mk:56: C:/Build/Agent2/_work/2/s/hacl-star/secure_api/LowCProvider/LowCProvider.cmxa] Error 2
make[5]: warning: jobserver unavailable: using -j1.  Add '+' to parent make rule.
ffi.c:1:0: warning: -fPIC ignored for target (all code is position independent)
#include <stdio.h>
^
ffi.c: In function ‘FFI_mitls_quic_free’:
ffi.c:990:28: warning: assignment makes integer from pointer without a cast [-Wint-conversion]
state->fstar_state = NULL;
^
ffi.c:1:0: warning: -fPIC ignored for target (all code is position independent)
#include <stdio.h>
^
ffi.c: In function ‘FFI_mitls_quic_free’:
ffi.c:990:28: warning: assignment makes integer from pointer without a cast [-Wint-conversion]
state->fstar_state = NULL;
^
make[5]: warning: jobserver unavailable: using -j1.  Add '+' to parent make rule.
make[3]: Target 'mitls.cmxa' not remade because of errors.
make[2]: *** [Makefile:196: mitls.cmxa] Error 2
make[2]: Target 'mitls.exe' not remade because of errors.
make[1]: *** [Makefile:26: build] Error 2
make: *** [Makefile:22: all] Error 2
