From https://github.com/FStarLang/FStar
5417a94a2..2e6d02877  master      -> origin/master
18f166947..5bbc6ad37  nik_private -> origin/nik_private
Warning: you are using the standard library and/or the %inline keyword. We
recommend switching on --infer in order to avoid obscure type error messages.
File "src/basic/ml/FStar_Util.ml", line 47, characters 57-65:
Warning 40: st_mtime was selected from type BatUnix.stats.
It is not visible in the current scope, and will not 
be selected if the type becomes unknown.
File "src/basic/ml/FStar_Util.ml", line 47, characters 57-65:
Warning 40: st_mtime was selected from type BatUnix.stats.
It is not visible in the current scope, and will not 
be selected if the type becomes unknown.
ffi.c:1:0: warning: -fPIC ignored for target (all code is position independent)
#include <stdio.h>
^
ffi.c:1:0: warning: -fPIC ignored for target (all code is position independent)
#include <stdio.h>
^
make[4]: warning: jobserver unavailable: using -j1.  Add '+' to parent make rule.
make[4]: warning: jobserver unavailable: using -j1.  Add '+' to parent make rule.
File "test/mitls.ml", line 58, characters 12-28:
Warning 6: labels were omitted in the application of this function.
File "test/mitls.ml", line 63, characters 12-28:
Warning 6: labels were omitted in the application of this function.
File "test/mitls.ml", line 68, characters 12-28:
Warning 6: labels were omitted in the application of this function.
File "test/mitls.ml", line 104, characters 2-662:
Warning 4: this pattern-matching is fragile.
It will remain exhaustive when constructors are added to type TLSConstants.protocolVersion.
File "test/mitls.ml", line 104, characters 2-662:
Warning 4: this pattern-matching is fragile.
It will remain exhaustive when constructors are added to type TLSConstants.protocolVersion.
make[4]: warning: jobserver unavailable: using -j1.  Add '+' to parent make rule.
make[4]: warning: jobserver unavailable: using -j1.  Add '+' to parent make rule.
.\TLSConstants.fst(44,0-44,63): (Warning) Top-level let-bindings must be total; this term may have effects
.\TLSConstants.fst(46,0-47,25): (Warning) Top-level let-bindings must be total; this term may have effects
.\Nonce.fst(47,0-48,55): (Warning) Top-level let-bindings must be total; this term may have effects
.\IdNonce.fst(20,0-21,60): (Warning) Top-level let-bindings must be total; this term may have effects
.\Nonce.fst(132,0-132,40): (Warning) Top-level let-bindings must be total; this term may have effects
.\Signature.fst(105,0-105,67): (Warning) Top-level let-bindings must be total; this term may have effects
.\Signature.fst(180,0-180,32): (Warning) Top-level let-bindings must be total; this term may have effects
.\MasterSecret.fst(34,0-35,75): (Warning) Top-level let-bindings must be total; this term may have effects
.\ConnInvariant.fst(90,0-91,64): (Warning) Top-level let-bindings must be total; this term may have effects
.\TLS.fst(0,0-0,0): (Warning) TLS: Unexpected output from Z3: (error "line 588849 column 46: unknown function/constant Tm_arrow_91ac8cf7e1c0cecd5bab1ed87c2f6073")

.\TLS.fst(0,0-0,0): (Warning) TLS: Unexpected output from Z3: (error "line 588849 column 46: unknown function/constant Tm_arrow_91ac8cf7e1c0cecd5bab1ed87c2f6073")

.\TLS.fst(0,0-0,0): (Warning) TLS: Unexpected output from Z3: (error "line 588849 column 46: unknown function/constant Tm_arrow_91ac8cf7e1c0cecd5bab1ed87c2f6073")

.\TLS.fst(0,0-0,0): (Warning) TLS: Unexpected output from Z3: (error "line 588849 column 46: unknown function/constant Tm_arrow_91ac8cf7e1c0cecd5bab1ed87c2f6073")

.\TLS.fst(0,0-0,0): (Warning) TLS: Unexpected output from Z3: (error "line 588849 column 46: unknown function/constant Tm_arrow_91ac8cf7e1c0cecd5bab1ed87c2f6073")

.\TLS.fst(0,0-0,0): (Warning) TLS: Unexpected output from Z3: (error "line 588849 column 46: unknown function/constant Tm_arrow_91ac8cf7e1c0cecd5bab1ed87c2f6073")

