From https://github.com/FStarLang/FStar
3e787a2..76bcbd3  c_relational-ci_r3 -> origin/c_relational-ci_r3
0e20e76..d0e8a50  c_valedev_initial -> origin/c_valedev_initial
* [new branch]      cwinter_batch_errors -> origin/cwinter_batch_errors
* [new branch]      cwinter_cloud_verify -> origin/cwinter_cloud_verify
* [new branch]      cwinter_custom_stack_size -> origin/cwinter_custom_stack_size
3affaa0..7c16da3  kyod_remove_reifiable -> origin/kyod_remove_reifiable
61da9b2..0cfdfab  master     -> origin/master
* [new branch]      protz_extract_polymorphic_functions -> origin/protz_extract_polymorphic_functions
* [new branch]      public/cwinter_batch_errors -> origin/public/cwinter_batch_errors
Warning: you are using the standard library and/or the %inline keyword. We
recommend switching on --infer in order to avoid obscure type error messages.
6 shift/reduce conflicts.
File "src/basic/ml/FStar_Util.ml", line 47, characters 57-65:
Warning 40: st_mtime was selected from type BatUnix.stats.
It is not visible in the current scope, and will not 
be selected if the type becomes unknown.
File "src/basic/ml/FStar_Util.ml", line 47, characters 57-65:
Warning 40: st_mtime was selected from type BatUnix.stats.
It is not visible in the current scope, and will not 
be selected if the type becomes unknown.
.\TLSConstants.fst(44,0-44,63): (Warning) Top-level let-bindings must be total; this term may have effects
.\TLSConstants.fst(46,0-47,25): (Warning) Top-level let-bindings must be total; this term may have effects
.\Nonce.fst(47,0-48,55): (Warning) Top-level let-bindings must be total; this term may have effects
.\IdNonce.fst(20,0-21,60): (Warning) Top-level let-bindings must be total; this term may have effects
.\Signature.fst(105,0-105,67): (Warning) Top-level let-bindings must be total; this term may have effects
.\Signature.fst(180,0-180,32): (Warning) Top-level let-bindings must be total; this term may have effects
.\Nonce.fst(132,0-132,40): (Warning) Top-level let-bindings must be total; this term may have effects
.\MasterSecret.fst(34,0-35,75): (Warning) Top-level let-bindings must be total; this term may have effects
.\ConnInvariant.fst(90,0-91,64): (Warning) Top-level let-bindings must be total; this term may have effects
