From https://github.com/FStarLang/FStar
bdc3996..02e44a9  master     -> origin/master
f652a95..d595be3  aseem_heap_modeling -> origin/aseem_heap_modeling
ddf3cfc..e3d3364  c_ppdev_initial -> origin/c_ppdev_initial
+ 2f9c744...b1fdac1 cpitclaudel_argnames -> origin/cpitclaudel_argnames  (forced update)
+ 30e5879...3420b45 cpitclaudel_json -> origin/cpitclaudel_json  (forced update)
+ 59d8fe8...7e64483 cpitclaudel_refactored_errors -> origin/cpitclaudel_refactored_errors  (forced update)
342dce9..ea31ce1  cwinter_checked_hints -> origin/cwinter_checked_hints
50d3aa7..b572678  guido_bughunt -> origin/guido_bughunt
* [new branch]      guido_tactics -> origin/guido_tactics
06bbcce..dff96af  kyod_tmp0  -> origin/kyod_tmp0
* [new branch]      taramana_gc_stat -> origin/taramana_gc_stat
0a63a03..ae38688  taramana_modifies -> origin/taramana_modifies
Warning: you are using the standard library and/or the %inline keyword. We
recommend switching on --infer in order to avoid obscure type error messages.
File "src/basic/ml/FStar_Util.ml", line 47, characters 57-65:
Warning 40: st_mtime was selected from type BatUnix.stats.
It is not visible in the current scope, and will not 
be selected if the type becomes unknown.
File "src/basic/ml/FStar_Util.ml", line 660, characters 2-13:
Warning 10: this expression should have type unit.
File "src/basic/ml/FStar_Util.ml", line 47, characters 57-65:
Warning 40: st_mtime was selected from type BatUnix.stats.
It is not visible in the current scope, and will not 
be selected if the type becomes unknown.
File "src/basic/ml/FStar_Util.ml", line 660, characters 2-13:
Warning 10: this expression should have type unit.
ffi.c:1:0: warning: -fPIC ignored for target (all code is position independent)
#include <stdio.h>
^
ffi.c:1:0: warning: -fPIC ignored for target (all code is position independent)
#include <stdio.h>
^
Error: not a valid include directory: C:\Build\Agent\_work\3\hacl-star\secure_api\LowCProvider\fst
Unexpected error
FStar_Errors.Err("not a valid include directory: C:\\Build\\Agent\\_work\\3\\hacl-star\\secure_api\\LowCProvider\\fst\n")
Raised by primitive operation at file "src/ocaml-output/FStar_Parser_Dep.ml", line 119, characters 12-33
Called from file "list.ml", line 73, characters 12-15
Called from file "src/ocaml-output/FStar_Parser_Dep.ml", line 98, characters 4-877
Called from file "src/ocaml-output/FStar_Parser_Dep.ml", line 615, characters 14-33
Called from file "src/ocaml-output/FStar_Dependencies.ml", line 12, characters 24-66
Called from file "src/ocaml-output/FStar_Main.ml", line 195, characters 27-116
Called from file "src/ocaml-output/FStar_Main.ml", line 220, characters 6-11

make[2]: *** [Makefile:387: mitls.cmxa] Error 1
make[2]: Target 'mitls.exe' not remade because of errors.
make[1]: *** [Makefile:12: build] Error 2
make: *** [Makefile:8: all] Error 2
