From https://github.com/FStarLang/FStar
* [new branch]      aseem_file_permissions -> origin/aseem_file_permissions
* [new branch]      aseem_positivity_match -> origin/aseem_positivity_match
bd76d60..342c574  c_relational-ci_r3 -> origin/c_relational-ci_r3
b047e9f..3eeff99  c_valedev_initial -> origin/c_valedev_initial
20b1e6d..dca1fc3  konrad_hye_example -> origin/konrad_hye_example
eada37d..7cdd91c  master     -> origin/master
* [new branch]      santiago_rpc -> origin/santiago_rpc
+ 1ba763f...cbf8300 sishtiaq_mitls_iss69 -> origin/sishtiaq_mitls_iss69  (forced update)
* [new branch]      taramana_key_value -> origin/taramana_key_value
7d43ddb..b5b7fc7  taramana_seq_map2 -> origin/taramana_seq_map2
6bc83c1..0e60f49  vdum_pprint_ocaml -> origin/vdum_pprint_ocaml
Warning: you are using the standard library and/or the %inline keyword. We
recommend switching on --infer in order to avoid obscure type error messages.
6 shift/reduce conflicts.
File "src/basic/ml/FStar_Util.ml", line 47, characters 57-65:
Warning 40: st_mtime was selected from type BatUnix.stats.
It is not visible in the current scope, and will not 
be selected if the type becomes unknown.
File "src/basic/ml/FStar_Util.ml", line 47, characters 57-65:
Warning 40: st_mtime was selected from type BatUnix.stats.
It is not visible in the current scope, and will not 
be selected if the type becomes unknown.
.\TLSConstants.fst(44,0-44,63): (Warning) Top-level let-bindings must be total; this term may have effects
.\TLSConstants.fst(46,0-47,25): (Warning) Top-level let-bindings must be total; this term may have effects
.\Nonce.fst(47,0-48,55): (Warning) Top-level let-bindings must be total; this term may have effects
.\IdNonce.fst(20,0-21,60): (Warning) Top-level let-bindings must be total; this term may have effects
.\Signature.fst(105,0-105,67): (Warning) Top-level let-bindings must be total; this term may have effects
.\Nonce.fst(132,0-132,40): (Warning) Top-level let-bindings must be total; this term may have effects
.\Signature.fst(180,0-180,32): (Warning) Top-level let-bindings must be total; this term may have effects
.\MasterSecret.fst(34,0-35,75): (Warning) Top-level let-bindings must be total; this term may have effects
.\ConnInvariant.fst(90,0-91,64): (Warning) Top-level let-bindings must be total; this term may have effects
