From https://github.com/FStarLang/FStar
b900c91..058b325  master     -> origin/master
f652a95..3014e63  aseem_heap_modeling -> origin/aseem_heap_modeling
8f452b7..7ffe8ee  c_ppdev_initial -> origin/c_ppdev_initial
* [new branch]      catalin_bug866 -> origin/catalin_bug866
+ 2f9c744...b1fdac1 cpitclaudel_argnames -> origin/cpitclaudel_argnames  (forced update)
* [new branch]      cpitclaudel_extra_queries -> origin/cpitclaudel_extra_queries
+ 2897943...caf9323 cpitclaudel_json -> origin/cpitclaudel_json  (forced update)
+ 2e812a2...bf44b8a cpitclaudel_refactored_errors -> origin/cpitclaudel_refactored_errors  (forced update)
342dce9..7878d26  cwinter_checked_hints -> origin/cwinter_checked_hints
36152c7..fe57051  darrenge_fstar -> origin/darrenge_fstar
b572678..1d484a7  guido_bughunt -> origin/guido_bughunt
+ f77a9bb...8404e12 guido_tactics -> origin/guido_tactics  (forced update)
25c0ee7..6aac06d  kyod_pemfstar -> origin/kyod_pemfstar
06bbcce..156303c  kyod_tmp0  -> origin/kyod_tmp0
2be3721..058b325  nik_private -> origin/nik_private
* [new branch]      santiago_989 -> origin/santiago_989
d2b1985..bd7198e  taramana_modifies -> origin/taramana_modifies
3b48b07..385d60b  vdum_extract_dm4f_effects -> origin/vdum_extract_dm4f_effects
Warning: you are using the standard library and/or the %inline keyword. We
recommend switching on --infer in order to avoid obscure type error messages.
7 shift/reduce conflicts.
File "src/basic/ml/FStar_Util.ml", line 47, characters 57-65:
Warning 40: st_mtime was selected from type BatUnix.stats.
It is not visible in the current scope, and will not 
be selected if the type becomes unknown.
File "src/basic/ml/FStar_Util.ml", line 659, characters 2-13:
Warning 10: this expression should have type unit.
File "src/basic/ml/FStar_Util.ml", line 47, characters 57-65:
Warning 40: st_mtime was selected from type BatUnix.stats.
It is not visible in the current scope, and will not 
be selected if the type becomes unknown.
File "src/basic/ml/FStar_Util.ml", line 659, characters 2-13:
Warning 10: this expression should have type unit.
ffi.c:1:0: warning: -fPIC ignored for target (all code is position independent)
#include <stdio.h>
^
ffi.c:1:0: warning: -fPIC ignored for target (all code is position independent)
#include <stdio.h>
^
make[4]: warning: jobserver unavailable: using -j1.  Add '+' to parent make rule.
make[4]: warning: jobserver unavailable: using -j1.  Add '+' to parent make rule.
make[4]: ../../../kremlin/krml: Command not found
make[4]: *** [Makefile:209: krml-test.exe] Error 127
make[3]: *** [Makefile:54: ../krml-test.exe] Error 2
make[3]: Target 'all' not remade because of errors.
make[2]: *** [Makefile:358: mitls.cmxa] Error 2
make[2]: Target 'mitls.exe' not remade because of errors.
make[1]: *** [Makefile:12: build] Error 2
make: *** [Makefile:8: all] Error 2
