From https://github.com/FStarLang/FStar
d10417a..4d0a13d  master     -> origin/master
713fb3b..2425737  adl_eq_mask -> origin/adl_eq_mask
594a0ba..35a8cb4  aseem_heap_modeling -> origin/aseem_heap_modeling
2b4e9a3..074264e  c_valedev_initial -> origin/c_valedev_initial
+ b83aa34...33bacb5 cwinter_gh846 -> origin/cwinter_gh846  (forced update)
3117846..1cddae7  darrenge_fstar -> origin/darrenge_fstar
2d30f4e..a13736c  taramana_modifies -> origin/taramana_modifies
Warning: you are using the standard library and/or the %inline keyword. We
recommend switching on --infer in order to avoid obscure type error messages.
6 shift/reduce conflicts.
File "src/basic/ml/FStar_Util.ml", line 47, characters 57-65:
Warning 40: st_mtime was selected from type BatUnix.stats.
It is not visible in the current scope, and will not 
be selected if the type becomes unknown.
File "src/basic/ml/FStar_Util.ml", line 645, characters 2-13:
Warning 10: this expression should have type unit.
File "src/basic/ml/FStar_Util.ml", line 47, characters 57-65:
Warning 40: st_mtime was selected from type BatUnix.stats.
It is not visible in the current scope, and will not 
be selected if the type becomes unknown.
File "src/basic/ml/FStar_Util.ml", line 645, characters 2-13:
Warning 10: this expression should have type unit.
.\TLSConstants.fst(44,0-44,63): (Warning) Top-level let-bindings must be total; this term may have effects
.\TLSConstants.fst(46,0-47,25): (Warning) Top-level let-bindings must be total; this term may have effects
.\Nonce.fst(47,0-48,55): (Warning) Top-level let-bindings must be total; this term may have effects
.\IdNonce.fst(20,0-21,60): (Warning) Top-level let-bindings must be total; this term may have effects
.\Nonce.fst(132,0-132,40): (Warning) Top-level let-bindings must be total; this term may have effects
.\Signature.fst(105,0-105,67): (Warning) Top-level let-bindings must be total; this term may have effects
.\Signature.fst(180,0-180,32): (Warning) Top-level let-bindings must be total; this term may have effects
.\MasterSecret.fst(34,0-35,75): (Warning) Top-level let-bindings must be total; this term may have effects
.\ConnInvariant.fst(90,0-91,64): (Warning) Top-level let-bindings must be total; this term may have effects
warning: CRLF will be replaced by LF in src/tls/AEAD_GCM.fst.hints.
The file will have its original line endings in your working directory.
warning: CRLF will be replaced by LF in src/tls/Alert.fst.hints.
The file will have its original line endings in your working directory.
warning: CRLF will be replaced by LF in src/tls/Cert.fst.hints.
The file will have its original line endings in your working directory.
warning: CRLF will be replaced by LF in src/tls/CommonDH.fst.hints.
The file will have its original line endings in your working directory.
warning: CRLF will be replaced by LF in src/tls/ConnInvariant.fst.hints.
The file will have its original line endings in your working directory.
warning: CRLF will be replaced by LF in src/tls/Connection.fst.hints.
The file will have its original line endings in your working directory.
warning: CRLF will be replaced by LF in src/tls/Content.fst.hints.
The file will have its original line endings in your working directory.
warning: CRLF will be replaced by LF in src/tls/DHGroup.fst.hints.
The file will have its original line endings in your working directory.
warning: CRLF will be replaced by LF in src/tls/DataStream.fst.hints.
The file will have its original line endings in your working directory.
warning: CRLF will be replaced by LF in src/tls/ECGroup.fst.hints.
The file will have its original line endings in your working directory.
warning: CRLF will be replaced by LF in src/tls/Epochs.fst.hints.
The file will have its original line endings in your working directory.
warning: CRLF will be replaced by LF in src/tls/HKDF.fst.hints.
The file will have its original line endings in your working directory.
warning: CRLF will be replaced by LF in src/tls/HashMAC.fst.hints.
The file will have its original line endings in your working directory.
warning: CRLF will be replaced by LF in src/tls/Hashing.fst.hints.
The file will have its original line endings in your working directory.
warning: CRLF will be replaced by LF in src/tls/IdNonce.fst.hints.
The file will have its original line endings in your working directory.
warning: CRLF will be replaced by LF in src/tls/KeySchedule.fst.hints.
The file will have its original line endings in your working directory.
warning: CRLF will be replaced by LF in src/tls/LHAEPlain.fst.hints.
The file will have its original line endings in your working directory.
warning: CRLF will be replaced by LF in src/tls/MAC.fst.hints.
The file will have its original line endings in your working directory.
warning: CRLF will be replaced by LF in src/tls/MAC_SHA1.fst.hints.
The file will have its original line endings in your working directory.
warning: CRLF will be replaced by LF in src/tls/MAC_SHA256.fst.hints.
The file will have its original line endings in your working directory.
warning: CRLF will be replaced by LF in src/tls/MasterSecret.fst.hints.
The file will have its original line endings in your working directory.
warning: CRLF will be replaced by LF in src/tls/MonotoneMap.fst.hints.
The file will have its original line endings in your working directory.
warning: CRLF will be replaced by LF in src/tls/Nonce.fst.hints.
The file will have its original line endings in your working directory.
warning: CRLF will be replaced by LF in src/tls/PMS.fst.hints.
The file will have its original line endings in your working directory.
warning: CRLF will be replaced by LF in src/tls/RSAKey.fst.hints.
The file will have its original line endings in your working directory.
warning: CRLF will be replaced by LF in src/tls/Range.fst.hints.
The file will have its original line endings in your working directory.
warning: CRLF will be replaced by LF in src/tls/Record.fst.hints.
The file will have its original line endings in your working directory.
warning: CRLF will be replaced by LF in src/tls/Signature.fst.hints.
The file will have its original line endings in your working directory.
warning: CRLF will be replaced by LF in src/tls/StAE.fst.hints.
The file will have its original line endings in your working directory.
warning: CRLF will be replaced by LF in src/tls/StatefulLHAE.fst.hints.
The file will have its original line endings in your working directory.
warning: CRLF will be replaced by LF in src/tls/StatefulPlain.fst.hints.
The file will have its original line endings in your working directory.
warning: CRLF will be replaced by LF in src/tls/StreamAE.fst.hints.
The file will have its original line endings in your working directory.
warning: CRLF will be replaced by LF in src/tls/StreamDeltas.fst.hints.
The file will have its original line endings in your working directory.
warning: CRLF will be replaced by LF in src/tls/StreamPlain.fst.hints.
The file will have its original line endings in your working directory.
warning: CRLF will be replaced by LF in src/tls/TLS.fst.hints.
The file will have its original line endings in your working directory.
warning: CRLF will be replaced by LF in src/tls/TLSConstants.fst.hints.
The file will have its original line endings in your working directory.
warning: CRLF will be replaced by LF in src/tls/TLSError.fst.hints.
The file will have its original line endings in your working directory.
warning: CRLF will be replaced by LF in src/tls/TLSExtensions.fst.hints.
The file will have its original line endings in your working directory.
warning: CRLF will be replaced by LF in src/tls/TLSInfo.fst.hints.
The file will have its original line endings in your working directory.
warning: CRLF will be replaced by LF in src/tls/Transport.fst.hints.
The file will have its original line endings in your working directory.
Warning: you are leaving 1 commit behind, not connected to
any of your branches:

2a677ff [CI] regenerate hints

If you want to keep it by creating a new branch, this may be a good time
to do so with:

git branch <new-branch-name> 2a677ff

Switched to branch 'master'
To git@github.com:mitls/mitls-fstar.git
621ec22..2a677ff  master -> master
