From https://github.com/FStarLang/FStar
64200b8..5f90c25  master     -> origin/master
* [new branch]      aseem_env_changes -> origin/aseem_env_changes
1fccebb..f652a95  aseem_heap_modeling -> origin/aseem_heap_modeling
* [new branch]      aseem_serialization_experiment -> origin/aseem_serialization_experiment
9be2d88..b8549ca  c_ppdev_initial -> origin/c_ppdev_initial
074264e..746c4da  c_valedev_initial -> origin/c_valedev_initial
* [new branch]      cpitclaudel_info_docs -> origin/cpitclaudel_info_docs
* [new branch]      cpitclaudel_show_match -> origin/cpitclaudel_show_match
* [new branch]      cpitclaudel_syntax_error_offsets -> origin/cpitclaudel_syntax_error_offsets
+ 498f29c...99a353e cwinter_gh846 -> origin/cwinter_gh846  (forced update)
* [new branch]      kyod_tmp0  -> origin/kyod_tmp0
* [new branch]      kyod_update_dm4f -> origin/kyod_update_dm4f
6bbacef..ffcb6fa  nik_indexed_effects -> origin/nik_indexed_effects
376cf70..4123e2a  nik_private -> origin/nik_private
* [new branch]      protz_manual_merges -> origin/protz_manual_merges
* [new branch]      shaolintl_922 -> origin/shaolintl_922
2c9771a..75696de  shaolintl_two_phase_experiment -> origin/shaolintl_two_phase_experiment
32230e3..0299b1e  taramana_modifies -> origin/taramana_modifies
289075d..6e6acaf  vdum_uf    -> origin/vdum_uf
Warning: you are using the standard library and/or the %inline keyword. We
recommend switching on --infer in order to avoid obscure type error messages.
7 shift/reduce conflicts.
File "src/basic/ml/FStar_Util.ml", line 47, characters 57-65:
Warning 40: st_mtime was selected from type BatUnix.stats.
It is not visible in the current scope, and will not 
be selected if the type becomes unknown.
File "src/basic/ml/FStar_Util.ml", line 659, characters 2-13:
Warning 10: this expression should have type unit.
File "src/basic/ml/FStar_Util.ml", line 47, characters 57-65:
Warning 40: st_mtime was selected from type BatUnix.stats.
It is not visible in the current scope, and will not 
be selected if the type becomes unknown.
File "src/basic/ml/FStar_Util.ml", line 659, characters 2-13:
Warning 10: this expression should have type unit.
.\TLSConstants.fst(44,0-44,63): (Warning) Top-level let-bindings must be total; this term may have effects
.\TLSConstants.fst(46,0-47,25): (Warning) Top-level let-bindings must be total; this term may have effects
.\Nonce.fst(47,0-48,55): (Warning) Top-level let-bindings must be total; this term may have effects
.\IdNonce.fst(20,0-21,60): (Warning) Top-level let-bindings must be total; this term may have effects
.\Signature.fst(105,0-105,67): (Warning) Top-level let-bindings must be total; this term may have effects
.\Nonce.fst(132,0-132,40): (Warning) Top-level let-bindings must be total; this term may have effects
.\Signature.fst(180,0-180,32): (Warning) Top-level let-bindings must be total; this term may have effects
.\MasterSecret.fst(34,0-35,75): (Warning) Top-level let-bindings must be total; this term may have effects
.\ConnInvariant.fst(90,0-91,64): (Warning) Top-level let-bindings must be total; this term may have effects
Warning: you are leaving 1 commit behind, not connected to
any of your branches:

5589d44 [CI] regenerate hints

If you want to keep it by creating a new branch, this may be a good time
to do so with:

git branch <new-branch-name> 5589d44

Switched to branch 'master'
To git@github.com:mitls/mitls-fstar.git
cc7a079..5589d44  master -> master
