From https://github.com/FStarLang/FStar
* [new branch]      aseem_file_permissions -> origin/aseem_file_permissions
* [new branch]      aseem_positivity_match -> origin/aseem_positivity_match
36bdf20..5c1203e  c_relational-ci_r3 -> origin/c_relational-ci_r3
b047e9f..3eeff99  c_valedev_initial -> origin/c_valedev_initial
+ cb6f816...5513a47 cwinter_checked_hints -> origin/cwinter_checked_hints  (forced update)
* [new branch]      fournet_fresh -> origin/fournet_fresh
* [new branch]      fournet_wip -> origin/fournet_wip
1cf62d2..6b65364  konrad_hye_example -> origin/konrad_hye_example
aeeaf88..467086a  kyod_algebraic_presentation -> origin/kyod_algebraic_presentation
* [new branch]      kyod_let_encoding -> origin/kyod_let_encoding
6908e15..4f212ec  kyod_tmp   -> origin/kyod_tmp
396c702..89b1529  master     -> origin/master
04dcaa7..b26b38e  polubelova_backends -> origin/polubelova_backends
a16ccf7..2467051  protz_failed_attempt_at_approximate_interactive_mode -> origin/protz_failed_attempt_at_approximate_interactive_mode
* [new branch]      santiago_rpc -> origin/santiago_rpc
545e811..f6c18d4  shaolintl_bug_146 -> origin/shaolintl_bug_146
* [new branch]      sishtiaq_fsdoc_nightly -> origin/sishtiaq_fsdoc_nightly
+ 526d750...fc03c64 sishtiaq_mitls_iss69 -> origin/sishtiaq_mitls_iss69  (forced update)
* [new branch]      taramana_key_value -> origin/taramana_key_value
* [new branch]      taramana_seq_map2 -> origin/taramana_seq_map2
* [new branch]      taramana_struct -> origin/taramana_struct
c787b35..9b2db96  vdum_pprint_ocaml -> origin/vdum_pprint_ocaml
Warning: you are using the standard library and/or the %inline keyword. We
recommend switching on --infer in order to avoid obscure type error messages.
6 shift/reduce conflicts.
File "src/basic/ml/FStar_Util.ml", line 47, characters 57-65:
Warning 40: st_mtime was selected from type BatUnix.stats.
It is not visible in the current scope, and will not 
be selected if the type becomes unknown.
File "src/basic/ml/FStar_Util.ml", line 47, characters 57-65:
Warning 40: st_mtime was selected from type BatUnix.stats.
It is not visible in the current scope, and will not 
be selected if the type becomes unknown.
.\TLSConstants.fst(44,0-44,63): (Warning) Top-level let-bindings must be total; this term may have effects
.\TLSConstants.fst(46,0-47,25): (Warning) Top-level let-bindings must be total; this term may have effects
.\Nonce.fst(47,0-48,55): (Warning) Top-level let-bindings must be total; this term may have effects
.\IdNonce.fst(20,0-21,60): (Warning) Top-level let-bindings must be total; this term may have effects
.\Nonce.fst(132,0-132,40): (Warning) Top-level let-bindings must be total; this term may have effects
.\Signature.fst(105,0-105,67): (Warning) Top-level let-bindings must be total; this term may have effects
.\Signature.fst(180,0-180,32): (Warning) Top-level let-bindings must be total; this term may have effects
.\MasterSecret.fst(34,0-35,75): (Warning) Top-level let-bindings must be total; this term may have effects
.\ConnInvariant.fst(90,0-91,64): (Warning) Top-level let-bindings must be total; this term may have effects
