From https://github.com/FStarLang/FStar
7906465..4bfb3a1  konrad_hye_example -> origin/konrad_hye_example
Warning: you are using the standard library and/or the %inline keyword. We
recommend switching on --infer in order to avoid obscure type error messages.
6 shift/reduce conflicts.
File "src/basic/ml/FStar_Util.ml", line 47, characters 57-65:
Warning 40: st_mtime was selected from type BatUnix.stats.
It is not visible in the current scope, and will not 
be selected if the type becomes unknown.
File "src/basic/ml/FStar_Util.ml", line 47, characters 57-65:
Warning 40: st_mtime was selected from type BatUnix.stats.
It is not visible in the current scope, and will not 
be selected if the type becomes unknown.
.\TLSConstants.fst(44,0-44,63): (Warning) Top-level let-bindings must be total; this term may have effects
.\TLSConstants.fst(46,0-47,25): (Warning) Top-level let-bindings must be total; this term may have effects
Warning: Unable to open hints file: C:\Build\Agent\_work\3\s\src\tls\Hashing.OpenSSL.fst.hints; ran without hints
Warning: Unable to open hints file: C:\Build\Agent\_work\3\s\src\tls\Hashing.Spec.fst.hints; ran without hints
.\Nonce.fst(47,0-48,55): (Warning) Top-level let-bindings must be total; this term may have effects
.\IdNonce.fst(20,0-21,60): (Warning) Top-level let-bindings must be total; this term may have effects
Warning: Unable to open hints file: C:\Build\Agent\_work\3\s\src\tls\Hashing.CRF.fst.hints; ran without hints
.\Hashing.CRF.fst(28,8-28,80): (Warning) Top-level let-bindings must be total; this term may have effects
.\Nonce.fst(132,0-132,40): (Warning) Top-level let-bindings must be total; this term may have effects
.\Signature.fst(108,0-108,67): (Warning) Top-level let-bindings must be total; this term may have effects
.\Signature.fst(183,0-183,32): (Warning) Top-level let-bindings must be total; this term may have effects
.\Hashing.CRF.fst(94,17-94,23): (Error) assertion failed (see .\Hashing.CRF.fst(94,34-94,57))
Verified module: Hashing.CRF (36083 milliseconds)
1 error was reported (see above)
make: *** [Makefile:249: Hashing.CRF.fst-ver] Error 1
.\MasterSecret.fst(34,0-35,75): (Warning) Top-level let-bindings must be total; this term may have effects
.\MAC_SHA256.fst(66,36-66,42): (Error) Subtyping check failed; expected type (lbytes (macKeySize a)); got type (key i) (see .\HashMAC.fst(69,34-69,48))
.\MAC_SHA256.fst(79,34-79,40): (Error) Subtyping check failed; expected type (lbytes (macKeySize a)); got type (key i) (see .\HashMAC.fst(77,40-77,54))
Verified module: MAC_SHA256 (82737 milliseconds)
2 errors were reported (see above)
make: *** [Makefile:249: MAC_SHA256.fst-ver] Error 1
.\MAC_SHA1.fst(60,4-60,53): (Error) could not prove post-condition
.\MAC_SHA1.fst(79,34-79,40): (Error) Subtyping check failed; expected type (lbytes (macKeySize a)); got type (key i) (see .\HashMAC.fst(77,40-77,54))
Verified module: MAC_SHA1 (98497 milliseconds)
2 errors were reported (see above)
make: *** [Makefile:249: MAC_SHA1.fst-ver] Error 1
.\ConnInvariant.fst(90,0-91,64): (Warning) Top-level let-bindings must be total; this term may have effects
make: Target 'all-ver' not remade because of errors.
