From https://github.com/FStarLang/FStar
2cc8a37..9469a5a  master     -> origin/master
87a4c30..5206988  aseem_heap_modeling -> origin/aseem_heap_modeling
7ffe8ee..a601f2a  c_ppdev_initial -> origin/c_ppdev_initial
+ c821c80...88a5bc1 cpitclaudel_extra_queries -> origin/cpitclaudel_extra_queries  (forced update)
* [new branch]      cpitclaudel_interactive_fixes -> origin/cpitclaudel_interactive_fixes
+ 7878d26...8ffd786 cwinter_checked_hints -> origin/cwinter_checked_hints  (forced update)
99d5401..bcef8de  danel_mrefs -> origin/danel_mrefs
abeac8e..c37c2e0  darrenge_binarybuild -> origin/darrenge_binarybuild
* [new branch]      guido_bug1001 -> origin/guido_bug1001
+ 2c1b8b9...0057477 guido_bughunt -> origin/guido_bughunt  (forced update)
f110651..e690e57  guido_tactics -> origin/guido_tactics
d1db126..182f118  nik_indexed_effects -> origin/nik_indexed_effects
9fa9525..9469a5a  nik_private -> origin/nik_private
* [new branch]      sishtiaq_iss1000 -> origin/sishtiaq_iss1000
85d2088..398cce7  vdum_extract_dm4f_effects -> origin/vdum_extract_dm4f_effects
Warning: you are using the standard library and/or the %inline keyword. We
recommend switching on --infer in order to avoid obscure type error messages.
7 shift/reduce conflicts.
File "src/basic/ml/FStar_Util.ml", line 47, characters 57-65:
Warning 40: st_mtime was selected from type BatUnix.stats.
It is not visible in the current scope, and will not 
be selected if the type becomes unknown.
File "src/basic/ml/FStar_Util.ml", line 659, characters 2-13:
Warning 10: this expression should have type unit.
File "src/basic/ml/FStar_Util.ml", line 47, characters 57-65:
Warning 40: st_mtime was selected from type BatUnix.stats.
It is not visible in the current scope, and will not 
be selected if the type becomes unknown.
File "src/basic/ml/FStar_Util.ml", line 659, characters 2-13:
Warning 10: this expression should have type unit.
ffi.c:1:0: warning: -fPIC ignored for target (all code is position independent)
#include <stdio.h>
^
ffi.c:1:0: warning: -fPIC ignored for target (all code is position independent)
#include <stdio.h>
^
make[4]: warning: jobserver unavailable: using -j1.  Add '+' to parent make rule.
make[4]: warning: jobserver unavailable: using -j1.  Add '+' to parent make rule.
make[4]: ../../../kremlin/krml: Command not found
make[4]: *** [Makefile:209: krml-test.exe] Error 127
make[3]: *** [Makefile:54: ../krml-test.exe] Error 2
make[3]: Target 'all' not remade because of errors.
make[2]: *** [Makefile:358: mitls.cmxa] Error 2
make[2]: Target 'mitls.exe' not remade because of errors.
make[1]: *** [Makefile:12: build] Error 2
make: *** [Makefile:8: all] Error 2
