From https://github.com/FStarLang/FStar
3f0124c..31e67fe  master     -> origin/master
+ 1250a4d...5b41df9 cpitclaudel_extra_queries -> origin/cpitclaudel_extra_queries  (forced update)
* [new branch]      danel_mrefs -> origin/danel_mrefs
fe57051..c19840a  darrenge_fstar -> origin/darrenge_fstar
058b325..329d4bd  nik_private -> origin/nik_private
385d60b..a2d9fb7  vdum_extract_dm4f_effects -> origin/vdum_extract_dm4f_effects
Warning: you are using the standard library and/or the %inline keyword. We
recommend switching on --infer in order to avoid obscure type error messages.
File "src/basic/ml/FStar_Util.ml", line 47, characters 57-65:
Warning 40: st_mtime was selected from type BatUnix.stats.
It is not visible in the current scope, and will not 
be selected if the type becomes unknown.
File "src/basic/ml/FStar_Util.ml", line 660, characters 2-13:
Warning 10: this expression should have type unit.
File "src/basic/ml/FStar_Util.ml", line 47, characters 57-65:
Warning 40: st_mtime was selected from type BatUnix.stats.
It is not visible in the current scope, and will not 
be selected if the type becomes unknown.
File "src/basic/ml/FStar_Util.ml", line 660, characters 2-13:
Warning 10: this expression should have type unit.
ffi.c:1:0: warning: -fPIC ignored for target (all code is position independent)
#include <stdio.h>
^
ffi.c:1:0: warning: -fPIC ignored for target (all code is position independent)
#include <stdio.h>
^
Error: not a valid include directory: C:\Build\Agent2\_work\2\hacl-star\secure_api\LowCProvider\fst
Unexpected error
FStar_Errors.Err("not a valid include directory: C:\\Build\\Agent2\\_work\\2\\hacl-star\\secure_api\\LowCProvider\\fst\n")
Raised by primitive operation at file "src/ocaml-output/FStar_Parser_Dep.ml", line 132, characters 12-33
Called from file "list.ml", line 73, characters 12-15
Called from file "src/ocaml-output/FStar_Parser_Dep.ml", line 110, characters 4-900
Called from file "src/ocaml-output/FStar_Parser_Dep.ml", line 669, characters 14-33
Called from file "src/ocaml-output/FStar_Dependencies.ml", line 12, characters 24-66
Called from file "src/ocaml-output/FStar_Main.ml", line 210, characters 27-116
Called from file "src/ocaml-output/FStar_Main.ml", line 239, characters 6-11

make[2]: *** [Makefile:388: mitls.cmxa] Error 1
make[2]: Target 'mitls.exe' not remade because of errors.
make[1]: *** [Makefile:12: build] Error 2
make: *** [Makefile:8: all] Error 2
