From https://github.com/FStarLang/FStar
15ccbd1..78b5805  c_relational-ci_r3 -> origin/c_relational-ci_r3
* [new branch]      c_relational-ci_test -> origin/c_relational-ci_test
3eeff99..2b1f02d  c_valedev_initial -> origin/c_valedev_initial
ffcc506..c55c5b9  cwinter_checked_hints -> origin/cwinter_checked_hints
7265e6a..8aace3e  konrad_hye_example -> origin/konrad_hye_example
* [new branch]      kyod_reifiable_lifts -> origin/kyod_reifiable_lifts
0784c62..23d80aa  kyod_remove_reifiable -> origin/kyod_remove_reifiable
1f60545..5068e36  master     -> origin/master
* [new branch]      nik_attemping_349 -> origin/nik_attemping_349
* [new branch]      nik_attemping_sub_effecting_on_repr -> origin/nik_attemping_sub_effecting_on_repr
c91aac3..8405d06  taramana_struct -> origin/taramana_struct
2364e7e..7de73ca  vdum_pprint_ocaml -> origin/vdum_pprint_ocaml
Warning: you are using the standard library and/or the %inline keyword. We
recommend switching on --infer in order to avoid obscure type error messages.
6 shift/reduce conflicts.
File "src/basic/ml/FStar_Util.ml", line 47, characters 57-65:
Warning 40: st_mtime was selected from type BatUnix.stats.
It is not visible in the current scope, and will not 
be selected if the type becomes unknown.
File "src/basic/ml/FStar_Util.ml", line 47, characters 57-65:
Warning 40: st_mtime was selected from type BatUnix.stats.
It is not visible in the current scope, and will not 
be selected if the type becomes unknown.
.\TLSConstants.fst(44,0-44,63): (Warning) Top-level let-bindings must be total; this term may have effects
.\TLSConstants.fst(46,0-47,25): (Warning) Top-level let-bindings must be total; this term may have effects
.\Nonce.fst(47,0-48,55): (Warning) Top-level let-bindings must be total; this term may have effects
.\IdNonce.fst(20,0-21,60): (Warning) Top-level let-bindings must be total; this term may have effects
.\Nonce.fst(132,0-132,40): (Warning) Top-level let-bindings must be total; this term may have effects
.\Signature.fst(105,0-105,67): (Warning) Top-level let-bindings must be total; this term may have effects
.\Signature.fst(180,0-180,32): (Warning) Top-level let-bindings must be total; this term may have effects
.\MasterSecret.fst(34,0-35,75): (Warning) Top-level let-bindings must be total; this term may have effects
.\ConnInvariant.fst(90,0-91,64): (Warning) Top-level let-bindings must be total; this term may have effects
