From https://github.com/FStarLang/FStar
1519fb0..3b06e1f  aseem_positivity_cleanup -> origin/aseem_positivity_cleanup
* [new branch]      beurdouche_docker -> origin/beurdouche_docker
* [new branch]      c_valedev_initial -> origin/c_valedev_initial
* [new branch]      cwinter_checked_hints -> origin/cwinter_checked_hints
* [new branch]      cwinter_fsharp_hints -> origin/cwinter_fsharp_hints
* [new branch]      cwinter_smt_proofs -> origin/cwinter_smt_proofs
2857645..7906465  konrad_hye_example -> origin/konrad_hye_example
5d58a28..da2d65f  kyod_reification_examples -> origin/kyod_reification_examples
+ 0abf0ee...6908e15 kyod_tmp   -> origin/kyod_tmp  (forced update)
4bfbea6..803422c  master     -> origin/master
71e6e86..5898ada  protz_     -> origin/protz_
3f105e1..a16ccf7  protz_failed_attempt_at_approximate_interactive_mode -> origin/protz_failed_attempt_at_approximate_interactive_mode
4bfbea6..2137ca0  v0.9.4.0   -> origin/v0.9.4.0
65d4f5f..621977c  vdum_pprint_ocaml -> origin/vdum_pprint_ocaml
* [new tag]         V0.9.4.0   -> V0.9.4.0
Warning: you are using the standard library and/or the %inline keyword. We
recommend switching on --infer in order to avoid obscure type error messages.
6 shift/reduce conflicts.
File "src/basic/ml/FStar_Util.ml", line 47, characters 57-65:
Warning 40: st_mtime was selected from type BatUnix.stats.
It is not visible in the current scope, and will not 
be selected if the type becomes unknown.
File "src/basic/ml/FStar_Util.ml", line 47, characters 57-65:
Warning 40: st_mtime was selected from type BatUnix.stats.
It is not visible in the current scope, and will not 
be selected if the type becomes unknown.
Warning: Unable to open hints file: C:\Build\Agent\_work\36\s\src\tls\ideal-flags\Flags.fst.hints; ran without hints
.\TLSConstants.fst(44,0-44,63): (Warning) Top-level let-bindings must be total; this term may have effects
.\TLSConstants.fst(46,0-47,25): (Warning) Top-level let-bindings must be total; this term may have effects
.\Nonce.fst(47,0-48,55): (Warning) Top-level let-bindings must be total; this term may have effects
.\IdNonce.fst(20,0-21,60): (Warning) Top-level let-bindings must be total; this term may have effects
.\Nonce.fst(132,0-132,40): (Warning) Top-level let-bindings must be total; this term may have effects
.\Signature.fst(105,0-105,67): (Warning) Top-level let-bindings must be total; this term may have effects
.\Signature.fst(180,0-180,32): (Warning) Top-level let-bindings must be total; this term may have effects
.\MasterSecret.fst(34,0-35,75): (Warning) Top-level let-bindings must be total; this term may have effects
.\ConnInvariant.fst(90,0-91,64): (Warning) Top-level let-bindings must be total; this term may have effects
warning: CRLF will be replaced by LF in src/tls/AEAD_GCM.fst.hints.
The file will have its original line endings in your working directory.
warning: CRLF will be replaced by LF in src/tls/Alert.fst.hints.
The file will have its original line endings in your working directory.
warning: CRLF will be replaced by LF in src/tls/Cert.fst.hints.
The file will have its original line endings in your working directory.
warning: CRLF will be replaced by LF in src/tls/CommonDH.fst.hints.
The file will have its original line endings in your working directory.
warning: CRLF will be replaced by LF in src/tls/ConnInvariant.fst.hints.
The file will have its original line endings in your working directory.
warning: CRLF will be replaced by LF in src/tls/Connection.fst.hints.
The file will have its original line endings in your working directory.
warning: CRLF will be replaced by LF in src/tls/Content.fst.hints.
The file will have its original line endings in your working directory.
warning: CRLF will be replaced by LF in src/tls/DHGroup.fst.hints.
The file will have its original line endings in your working directory.
warning: CRLF will be replaced by LF in src/tls/DataStream.fst.hints.
The file will have its original line endings in your working directory.
warning: CRLF will be replaced by LF in src/tls/ECGroup.fst.hints.
The file will have its original line endings in your working directory.
warning: CRLF will be replaced by LF in src/tls/Epochs.fst.hints.
The file will have its original line endings in your working directory.
warning: CRLF will be replaced by LF in src/tls/HKDF.fst.hints.
The file will have its original line endings in your working directory.
warning: CRLF will be replaced by LF in src/tls/HashMAC.fst.hints.
The file will have its original line endings in your working directory.
warning: CRLF will be replaced by LF in src/tls/Hashing.fst.hints.
The file will have its original line endings in your working directory.
warning: CRLF will be replaced by LF in src/tls/IdNonce.fst.hints.
The file will have its original line endings in your working directory.
warning: CRLF will be replaced by LF in src/tls/KeySchedule.fst.hints.
The file will have its original line endings in your working directory.
warning: CRLF will be replaced by LF in src/tls/LHAEPlain.fst.hints.
The file will have its original line endings in your working directory.
warning: CRLF will be replaced by LF in src/tls/MAC.fst.hints.
The file will have its original line endings in your working directory.
warning: CRLF will be replaced by LF in src/tls/MAC_SHA1.fst.hints.
The file will have its original line endings in your working directory.
warning: CRLF will be replaced by LF in src/tls/MAC_SHA256.fst.hints.
The file will have its original line endings in your working directory.
warning: CRLF will be replaced by LF in src/tls/MasterSecret.fst.hints.
The file will have its original line endings in your working directory.
warning: CRLF will be replaced by LF in src/tls/MonotoneMap.fst.hints.
The file will have its original line endings in your working directory.
warning: CRLF will be replaced by LF in src/tls/Nonce.fst.hints.
The file will have its original line endings in your working directory.
warning: CRLF will be replaced by LF in src/tls/PMS.fst.hints.
The file will have its original line endings in your working directory.
warning: CRLF will be replaced by LF in src/tls/RSAKey.fst.hints.
The file will have its original line endings in your working directory.
warning: CRLF will be replaced by LF in src/tls/Range.fst.hints.
The file will have its original line endings in your working directory.
warning: CRLF will be replaced by LF in src/tls/Record.fst.hints.
The file will have its original line endings in your working directory.
warning: CRLF will be replaced by LF in src/tls/Signature.fst.hints.
The file will have its original line endings in your working directory.
warning: CRLF will be replaced by LF in src/tls/StAE.fst.hints.
The file will have its original line endings in your working directory.
warning: CRLF will be replaced by LF in src/tls/StatefulLHAE.fst.hints.
The file will have its original line endings in your working directory.
warning: CRLF will be replaced by LF in src/tls/StatefulPlain.fst.hints.
The file will have its original line endings in your working directory.
warning: CRLF will be replaced by LF in src/tls/StreamAE.fst.hints.
The file will have its original line endings in your working directory.
warning: CRLF will be replaced by LF in src/tls/StreamDeltas.fst.hints.
The file will have its original line endings in your working directory.
warning: CRLF will be replaced by LF in src/tls/StreamPlain.fst.hints.
The file will have its original line endings in your working directory.
warning: CRLF will be replaced by LF in src/tls/TLS.fst.hints.
The file will have its original line endings in your working directory.
warning: CRLF will be replaced by LF in src/tls/TLSConstants.fst.hints.
The file will have its original line endings in your working directory.
warning: CRLF will be replaced by LF in src/tls/TLSError.fst.hints.
The file will have its original line endings in your working directory.
warning: CRLF will be replaced by LF in src/tls/TLSExtensions.fst.hints.
The file will have its original line endings in your working directory.
warning: CRLF will be replaced by LF in src/tls/TLSInfo.fst.hints.
The file will have its original line endings in your working directory.
warning: CRLF will be replaced by LF in src/tls/Transport.fst.hints.
The file will have its original line endings in your working directory.
warning: CRLF will be replaced by LF in src/tls/AEAD_GCM.fst.hints.
The file will have its original line endings in your working directory.
warning: CRLF will be replaced by LF in src/tls/ConnInvariant.fst.hints.
The file will have its original line endings in your working directory.
warning: CRLF will be replaced by LF in src/tls/StreamAE.fst.hints.
The file will have its original line endings in your working directory.
warning: CRLF will be replaced by LF in src/tls/AEAD_GCM.fst.hints.
The file will have its original line endings in your working directory.
warning: CRLF will be replaced by LF in src/tls/ConnInvariant.fst.hints.
The file will have its original line endings in your working directory.
warning: CRLF will be replaced by LF in src/tls/StreamAE.fst.hints.
The file will have its original line endings in your working directory.
Warning: you are leaving 1 commit behind, not connected to
any of your branches:

b79cf44 [CI] regenerate hints

If you want to keep it by creating a new branch, this may be a good time
to do so with:

git branch <new-branch-name> b79cf44

Switched to a new branch 'master'
To git@github.com:mitls/mitls-fstar.git
f896733..b79cf44  master -> master
