make: Entering directory '/cygdrive/c/Build/Agent/_work/3/s/src/tls'
C:/Build/Agent/_work/3/s/fstar/bin/fstar.exe --version | grep ^commit | sed 's/commit=\([^ ]*\).*/\1/' > ../../.fstar_version
C:/Build/Agent/_work/3/s/fstar/bin/fstar.exe --fstar_home C:/Build/Agent/_work/3/s/fstar  --max_fuel 4 --initial_fuel 0 --max_ifuel 2 --initial_ifuel 1 --z3rlimit 20 --__temp_no_proj Handshake --__temp_no_proj Connection --use_hints --include C:/Build/Agent/_work/3/s/fstar/examples/low-level/crypto/hacl \
--include C:/Build/Agent/_work/3/s/fstar/ucontrib/CoreCrypto/fst/ --include C:/Build/Agent/_work/3/s/fstar/ucontrib/Platform/fst/ --include C:/Build/Agent/_work/3/s/fstar/examples/low-level/crypto/real --include C:/Build/Agent/_work/3/s/fstar/examples/low-level/LowCProvider/fst --include C:/Build/Agent/_work/3/s/fstar/examples/low-level/crypto --include ../../libs/ffi --include C:/Build/Agent/_work/3/s/fstar/ulib/hyperstack \
--include ideal-flags \
--verify_module Flags \
Flags.fst
C:/Build/Agent/_work/3/s/fstar/bin/fstar.exe --fstar_home C:/Build/Agent/_work/3/s/fstar  --max_fuel 4 --initial_fuel 0 --max_ifuel 2 --initial_ifuel 1 --z3rlimit 20 --__temp_no_proj Handshake --__temp_no_proj Connection --use_hints --include C:/Build/Agent/_work/3/s/fstar/examples/low-level/crypto/hacl \
--include C:/Build/Agent/_work/3/s/fstar/ucontrib/CoreCrypto/fst/ --include C:/Build/Agent/_work/3/s/fstar/ucontrib/Platform/fst/ --include C:/Build/Agent/_work/3/s/fstar/examples/low-level/crypto/real --include C:/Build/Agent/_work/3/s/fstar/examples/low-level/LowCProvider/fst --include C:/Build/Agent/_work/3/s/fstar/examples/low-level/crypto --include ../../libs/ffi --include C:/Build/Agent/_work/3/s/fstar/ulib/hyperstack \
--include ideal-flags \
--verify_module MonotoneMap \
MonotoneMap.fst
C:/Build/Agent/_work/3/s/fstar/bin/fstar.exe --fstar_home C:/Build/Agent/_work/3/s/fstar  --max_fuel 4 --initial_fuel 0 --max_ifuel 2 --initial_ifuel 1 --z3rlimit 20 --__temp_no_proj Handshake --__temp_no_proj Connection --use_hints --include C:/Build/Agent/_work/3/s/fstar/examples/low-level/crypto/hacl \
--include C:/Build/Agent/_work/3/s/fstar/ucontrib/CoreCrypto/fst/ --include C:/Build/Agent/_work/3/s/fstar/ucontrib/Platform/fst/ --include C:/Build/Agent/_work/3/s/fstar/examples/low-level/crypto/real --include C:/Build/Agent/_work/3/s/fstar/examples/low-level/LowCProvider/fst --include C:/Build/Agent/_work/3/s/fstar/examples/low-level/crypto --include ../../libs/ffi --include C:/Build/Agent/_work/3/s/fstar/ulib/hyperstack \
--include ideal-flags \
--verify_module TLSError \
TLSError.fst
C:/Build/Agent/_work/3/s/fstar/bin/fstar.exe --fstar_home C:/Build/Agent/_work/3/s/fstar  --max_fuel 4 --initial_fuel 0 --max_ifuel 2 --initial_ifuel 1 --z3rlimit 20 --__temp_no_proj Handshake --__temp_no_proj Connection --use_hints --include C:/Build/Agent/_work/3/s/fstar/examples/low-level/crypto/hacl \
--include C:/Build/Agent/_work/3/s/fstar/ucontrib/CoreCrypto/fst/ --include C:/Build/Agent/_work/3/s/fstar/ucontrib/Platform/fst/ --include C:/Build/Agent/_work/3/s/fstar/examples/low-level/crypto/real --include C:/Build/Agent/_work/3/s/fstar/examples/low-level/LowCProvider/fst --include C:/Build/Agent/_work/3/s/fstar/examples/low-level/crypto --include ../../libs/ffi --include C:/Build/Agent/_work/3/s/fstar/ulib/hyperstack \
--include ideal-flags \
--verify_module TLSConstants \
TLSConstants.fst
C:/Build/Agent/_work/3/s/fstar/bin/fstar.exe --fstar_home C:/Build/Agent/_work/3/s/fstar  --max_fuel 4 --initial_fuel 0 --max_ifuel 2 --initial_ifuel 1 --z3rlimit 20 --__temp_no_proj Handshake --__temp_no_proj Connection --use_hints --include C:/Build/Agent/_work/3/s/fstar/examples/low-level/crypto/hacl \
--include C:/Build/Agent/_work/3/s/fstar/ucontrib/CoreCrypto/fst/ --include C:/Build/Agent/_work/3/s/fstar/ucontrib/Platform/fst/ --include C:/Build/Agent/_work/3/s/fstar/examples/low-level/crypto/real --include C:/Build/Agent/_work/3/s/fstar/examples/low-level/LowCProvider/fst --include C:/Build/Agent/_work/3/s/fstar/examples/low-level/crypto --include ../../libs/ffi --include C:/Build/Agent/_work/3/s/fstar/ulib/hyperstack \
--include ideal-flags \
--verify_module Transport \
Transport.fst
C:/Build/Agent/_work/3/s/fstar/bin/fstar.exe --fstar_home C:/Build/Agent/_work/3/s/fstar  --max_fuel 4 --initial_fuel 0 --max_ifuel 2 --initial_ifuel 1 --z3rlimit 20 --__temp_no_proj Handshake --__temp_no_proj Connection --use_hints --include C:/Build/Agent/_work/3/s/fstar/examples/low-level/crypto/hacl \
--include C:/Build/Agent/_work/3/s/fstar/ucontrib/CoreCrypto/fst/ --include C:/Build/Agent/_work/3/s/fstar/ucontrib/Platform/fst/ --include C:/Build/Agent/_work/3/s/fstar/examples/low-level/crypto/real --include C:/Build/Agent/_work/3/s/fstar/examples/low-level/LowCProvider/fst --include C:/Build/Agent/_work/3/s/fstar/examples/low-level/crypto --include ../../libs/ffi --include C:/Build/Agent/_work/3/s/fstar/ulib/hyperstack \
--include ideal-flags \
--verify_module Nonce \
Nonce.fst
C:/Build/Agent/_work/3/s/fstar/bin/fstar.exe --fstar_home C:/Build/Agent/_work/3/s/fstar  --max_fuel 4 --initial_fuel 0 --max_ifuel 2 --initial_ifuel 1 --z3rlimit 20 --__temp_no_proj Handshake --__temp_no_proj Connection --use_hints --include C:/Build/Agent/_work/3/s/fstar/examples/low-level/crypto/hacl \
--include C:/Build/Agent/_work/3/s/fstar/ucontrib/CoreCrypto/fst/ --include C:/Build/Agent/_work/3/s/fstar/ucontrib/Platform/fst/ --include C:/Build/Agent/_work/3/s/fstar/examples/low-level/crypto/real --include C:/Build/Agent/_work/3/s/fstar/examples/low-level/LowCProvider/fst --include C:/Build/Agent/_work/3/s/fstar/examples/low-level/crypto --include ../../libs/ffi --include C:/Build/Agent/_work/3/s/fstar/ulib/hyperstack \
--include ideal-flags \
--verify_module RSAKey \
RSAKey.fst
C:/Build/Agent/_work/3/s/fstar/bin/fstar.exe --fstar_home C:/Build/Agent/_work/3/s/fstar  --max_fuel 4 --initial_fuel 0 --max_ifuel 2 --initial_ifuel 1 --z3rlimit 20 --__temp_no_proj Handshake --__temp_no_proj Connection --use_hints --include C:/Build/Agent/_work/3/s/fstar/examples/low-level/crypto/hacl \
--include C:/Build/Agent/_work/3/s/fstar/ucontrib/CoreCrypto/fst/ --include C:/Build/Agent/_work/3/s/fstar/ucontrib/Platform/fst/ --include C:/Build/Agent/_work/3/s/fstar/examples/low-level/crypto/real --include C:/Build/Agent/_work/3/s/fstar/examples/low-level/LowCProvider/fst --include C:/Build/Agent/_work/3/s/fstar/examples/low-level/crypto --include ../../libs/ffi --include C:/Build/Agent/_work/3/s/fstar/ulib/hyperstack \
--include ideal-flags \
--verify_module DHGroup \
DHGroup.fst
C:/Build/Agent/_work/3/s/fstar/bin/fstar.exe --fstar_home C:/Build/Agent/_work/3/s/fstar  --max_fuel 4 --initial_fuel 0 --max_ifuel 2 --initial_ifuel 1 --z3rlimit 20 --__temp_no_proj Handshake --__temp_no_proj Connection --use_hints --include C:/Build/Agent/_work/3/s/fstar/examples/low-level/crypto/hacl \
--include C:/Build/Agent/_work/3/s/fstar/ucontrib/CoreCrypto/fst/ --include C:/Build/Agent/_work/3/s/fstar/ucontrib/Platform/fst/ --include C:/Build/Agent/_work/3/s/fstar/examples/low-level/crypto/real --include C:/Build/Agent/_work/3/s/fstar/examples/low-level/LowCProvider/fst --include C:/Build/Agent/_work/3/s/fstar/examples/low-level/crypto --include ../../libs/ffi --include C:/Build/Agent/_work/3/s/fstar/ulib/hyperstack \
--include ideal-flags \
--verify_module ECGroup \
ECGroup.fst
C:/Build/Agent/_work/3/s/fstar/bin/fstar.exe --fstar_home C:/Build/Agent/_work/3/s/fstar  --max_fuel 4 --initial_fuel 0 --max_ifuel 2 --initial_ifuel 1 --z3rlimit 20 --__temp_no_proj Handshake --__temp_no_proj Connection --use_hints --include C:/Build/Agent/_work/3/s/fstar/examples/low-level/crypto/hacl \
--include C:/Build/Agent/_work/3/s/fstar/ucontrib/CoreCrypto/fst/ --include C:/Build/Agent/_work/3/s/fstar/ucontrib/Platform/fst/ --include C:/Build/Agent/_work/3/s/fstar/examples/low-level/crypto/real --include C:/Build/Agent/_work/3/s/fstar/examples/low-level/LowCProvider/fst --include C:/Build/Agent/_work/3/s/fstar/examples/low-level/crypto --include ../../libs/ffi --include C:/Build/Agent/_work/3/s/fstar/ulib/hyperstack \
--include ideal-flags \
--verify_module CommonDH \
CommonDH.fst
C:/Build/Agent/_work/3/s/fstar/bin/fstar.exe --fstar_home C:/Build/Agent/_work/3/s/fstar  --max_fuel 4 --initial_fuel 0 --max_ifuel 2 --initial_ifuel 1 --z3rlimit 20 --__temp_no_proj Handshake --__temp_no_proj Connection --use_hints --include C:/Build/Agent/_work/3/s/fstar/examples/low-level/crypto/hacl \
--include C:/Build/Agent/_work/3/s/fstar/ucontrib/CoreCrypto/fst/ --include C:/Build/Agent/_work/3/s/fstar/ucontrib/Platform/fst/ --include C:/Build/Agent/_work/3/s/fstar/examples/low-level/crypto/real --include C:/Build/Agent/_work/3/s/fstar/examples/low-level/LowCProvider/fst --include C:/Build/Agent/_work/3/s/fstar/examples/low-level/crypto --include ../../libs/ffi --include C:/Build/Agent/_work/3/s/fstar/ulib/hyperstack \
--include ideal-flags \
--verify_module PMS \
PMS.fst
C:/Build/Agent/_work/3/s/fstar/bin/fstar.exe --fstar_home C:/Build/Agent/_work/3/s/fstar  --max_fuel 4 --initial_fuel 0 --max_ifuel 2 --initial_ifuel 1 --z3rlimit 20 --__temp_no_proj Handshake --__temp_no_proj Connection --use_hints --include C:/Build/Agent/_work/3/s/fstar/examples/low-level/crypto/hacl \
--include C:/Build/Agent/_work/3/s/fstar/ucontrib/CoreCrypto/fst/ --include C:/Build/Agent/_work/3/s/fstar/ucontrib/Platform/fst/ --include C:/Build/Agent/_work/3/s/fstar/examples/low-level/crypto/real --include C:/Build/Agent/_work/3/s/fstar/examples/low-level/LowCProvider/fst --include C:/Build/Agent/_work/3/s/fstar/examples/low-level/crypto --include ../../libs/ffi --include C:/Build/Agent/_work/3/s/fstar/ulib/hyperstack \
--include ideal-flags \
--verify_module Hashing \
Hashing.fst
C:/Build/Agent/_work/3/s/fstar/bin/fstar.exe --fstar_home C:/Build/Agent/_work/3/s/fstar  --max_fuel 4 --initial_fuel 0 --max_ifuel 2 --initial_ifuel 1 --z3rlimit 20 --__temp_no_proj Handshake --__temp_no_proj Connection --use_hints --include C:/Build/Agent/_work/3/s/fstar/examples/low-level/crypto/hacl \
--include C:/Build/Agent/_work/3/s/fstar/ucontrib/CoreCrypto/fst/ --include C:/Build/Agent/_work/3/s/fstar/ucontrib/Platform/fst/ --include C:/Build/Agent/_work/3/s/fstar/examples/low-level/crypto/real --include C:/Build/Agent/_work/3/s/fstar/examples/low-level/LowCProvider/fst --include C:/Build/Agent/_work/3/s/fstar/examples/low-level/crypto --include ../../libs/ffi --include C:/Build/Agent/_work/3/s/fstar/ulib/hyperstack \
--include ideal-flags \
--verify_module HashMAC \
HashMAC.fst
C:/Build/Agent/_work/3/s/fstar/bin/fstar.exe --fstar_home C:/Build/Agent/_work/3/s/fstar  --max_fuel 4 --initial_fuel 0 --max_ifuel 2 --initial_ifuel 1 --z3rlimit 20 --__temp_no_proj Handshake --__temp_no_proj Connection --use_hints --include C:/Build/Agent/_work/3/s/fstar/examples/low-level/crypto/hacl \
--include C:/Build/Agent/_work/3/s/fstar/ucontrib/CoreCrypto/fst/ --include C:/Build/Agent/_work/3/s/fstar/ucontrib/Platform/fst/ --include C:/Build/Agent/_work/3/s/fstar/examples/low-level/crypto/real --include C:/Build/Agent/_work/3/s/fstar/examples/low-level/LowCProvider/fst --include C:/Build/Agent/_work/3/s/fstar/examples/low-level/crypto --include ../../libs/ffi --include C:/Build/Agent/_work/3/s/fstar/ulib/hyperstack \
--include ideal-flags \
--verify_module Cert \
Cert.fst
C:/Build/Agent/_work/3/s/fstar/bin/fstar.exe --fstar_home C:/Build/Agent/_work/3/s/fstar  --max_fuel 4 --initial_fuel 0 --max_ifuel 2 --initial_ifuel 1 --z3rlimit 20 --__temp_no_proj Handshake --__temp_no_proj Connection --use_hints --include C:/Build/Agent/_work/3/s/fstar/examples/low-level/crypto/hacl \
--include C:/Build/Agent/_work/3/s/fstar/ucontrib/CoreCrypto/fst/ --include C:/Build/Agent/_work/3/s/fstar/ucontrib/Platform/fst/ --include C:/Build/Agent/_work/3/s/fstar/examples/low-level/crypto/real --include C:/Build/Agent/_work/3/s/fstar/examples/low-level/LowCProvider/fst --include C:/Build/Agent/_work/3/s/fstar/examples/low-level/crypto --include ../../libs/ffi --include C:/Build/Agent/_work/3/s/fstar/ulib/hyperstack \
--include ideal-flags \
--verify_module Signature \
Signature.fst
C:/Build/Agent/_work/3/s/fstar/bin/fstar.exe --fstar_home C:/Build/Agent/_work/3/s/fstar  --max_fuel 4 --initial_fuel 0 --max_ifuel 2 --initial_ifuel 1 --z3rlimit 20 --__temp_no_proj Handshake --__temp_no_proj Connection --use_hints --include C:/Build/Agent/_work/3/s/fstar/examples/low-level/crypto/hacl \
--include C:/Build/Agent/_work/3/s/fstar/ucontrib/CoreCrypto/fst/ --include C:/Build/Agent/_work/3/s/fstar/ucontrib/Platform/fst/ --include C:/Build/Agent/_work/3/s/fstar/examples/low-level/crypto/real --include C:/Build/Agent/_work/3/s/fstar/examples/low-level/LowCProvider/fst --include C:/Build/Agent/_work/3/s/fstar/examples/low-level/crypto --include ../../libs/ffi --include C:/Build/Agent/_work/3/s/fstar/ulib/hyperstack \
--include ideal-flags \
--verify_module TLSInfo \
TLSInfo.fst
C:/Build/Agent/_work/3/s/fstar/bin/fstar.exe --fstar_home C:/Build/Agent/_work/3/s/fstar  --max_fuel 4 --initial_fuel 0 --max_ifuel 2 --initial_ifuel 1 --z3rlimit 20 --__temp_no_proj Handshake --__temp_no_proj Connection --use_hints --include C:/Build/Agent/_work/3/s/fstar/examples/low-level/crypto/hacl \
--include C:/Build/Agent/_work/3/s/fstar/ucontrib/CoreCrypto/fst/ --include C:/Build/Agent/_work/3/s/fstar/ucontrib/Platform/fst/ --include C:/Build/Agent/_work/3/s/fstar/examples/low-level/crypto/real --include C:/Build/Agent/_work/3/s/fstar/examples/low-level/LowCProvider/fst --include C:/Build/Agent/_work/3/s/fstar/examples/low-level/crypto --include ../../libs/ffi --include C:/Build/Agent/_work/3/s/fstar/ulib/hyperstack \
--include ideal-flags \
--verify_module IdNonce \
IdNonce.fst
C:/Build/Agent/_work/3/s/fstar/bin/fstar.exe --fstar_home C:/Build/Agent/_work/3/s/fstar  --max_fuel 4 --initial_fuel 0 --max_ifuel 2 --initial_ifuel 1 --z3rlimit 20 --__temp_no_proj Handshake --__temp_no_proj Connection --use_hints --include C:/Build/Agent/_work/3/s/fstar/examples/low-level/crypto/hacl \
--include C:/Build/Agent/_work/3/s/fstar/ucontrib/CoreCrypto/fst/ --include C:/Build/Agent/_work/3/s/fstar/ucontrib/Platform/fst/ --include C:/Build/Agent/_work/3/s/fstar/examples/low-level/crypto/real --include C:/Build/Agent/_work/3/s/fstar/examples/low-level/LowCProvider/fst --include C:/Build/Agent/_work/3/s/fstar/examples/low-level/crypto --include ../../libs/ffi --include C:/Build/Agent/_work/3/s/fstar/ulib/hyperstack \
--include ideal-flags \
--verify_module TLSExtensions \
TLSExtensions.fst
C:/Build/Agent/_work/3/s/fstar/bin/fstar.exe --fstar_home C:/Build/Agent/_work/3/s/fstar  --max_fuel 4 --initial_fuel 0 --max_ifuel 2 --initial_ifuel 1 --z3rlimit 20 --__temp_no_proj Handshake --__temp_no_proj Connection --use_hints --include C:/Build/Agent/_work/3/s/fstar/examples/low-level/crypto/hacl \
--include C:/Build/Agent/_work/3/s/fstar/ucontrib/CoreCrypto/fst/ --include C:/Build/Agent/_work/3/s/fstar/ucontrib/Platform/fst/ --include C:/Build/Agent/_work/3/s/fstar/examples/low-level/crypto/real --include C:/Build/Agent/_work/3/s/fstar/examples/low-level/LowCProvider/fst --include C:/Build/Agent/_work/3/s/fstar/examples/low-level/crypto --include ../../libs/ffi --include C:/Build/Agent/_work/3/s/fstar/ulib/hyperstack \
--include ideal-flags \
--verify_module Range \
Range.fst
C:/Build/Agent/_work/3/s/fstar/bin/fstar.exe --fstar_home C:/Build/Agent/_work/3/s/fstar  --max_fuel 4 --initial_fuel 0 --max_ifuel 2 --initial_ifuel 1 --z3rlimit 20 --__temp_no_proj Handshake --__temp_no_proj Connection --use_hints --include C:/Build/Agent/_work/3/s/fstar/examples/low-level/crypto/hacl \
--include C:/Build/Agent/_work/3/s/fstar/ucontrib/CoreCrypto/fst/ --include C:/Build/Agent/_work/3/s/fstar/ucontrib/Platform/fst/ --include C:/Build/Agent/_work/3/s/fstar/examples/low-level/crypto/real --include C:/Build/Agent/_work/3/s/fstar/examples/low-level/LowCProvider/fst --include C:/Build/Agent/_work/3/s/fstar/examples/low-level/crypto --include ../../libs/ffi --include C:/Build/Agent/_work/3/s/fstar/ulib/hyperstack \
--include ideal-flags \
--verify_module DataStream \
DataStream.fst
C:/Build/Agent/_work/3/s/fstar/bin/fstar.exe --fstar_home C:/Build/Agent/_work/3/s/fstar  --max_fuel 4 --initial_fuel 0 --max_ifuel 2 --initial_ifuel 1 --z3rlimit 20 --__temp_no_proj Handshake --__temp_no_proj Connection --use_hints --include C:/Build/Agent/_work/3/s/fstar/examples/low-level/crypto/hacl \
--include C:/Build/Agent/_work/3/s/fstar/ucontrib/CoreCrypto/fst/ --include C:/Build/Agent/_work/3/s/fstar/ucontrib/Platform/fst/ --include C:/Build/Agent/_work/3/s/fstar/examples/low-level/crypto/real --include C:/Build/Agent/_work/3/s/fstar/examples/low-level/LowCProvider/fst --include C:/Build/Agent/_work/3/s/fstar/examples/low-level/crypto --include ../../libs/ffi --include C:/Build/Agent/_work/3/s/fstar/ulib/hyperstack \
--include ideal-flags \
--verify_module Alert \
Alert.fst
C:/Build/Agent/_work/3/s/fstar/bin/fstar.exe --fstar_home C:/Build/Agent/_work/3/s/fstar  --max_fuel 4 --initial_fuel 0 --max_ifuel 2 --initial_ifuel 1 --z3rlimit 20 --__temp_no_proj Handshake --__temp_no_proj Connection --use_hints --include C:/Build/Agent/_work/3/s/fstar/examples/low-level/crypto/hacl \
--include C:/Build/Agent/_work/3/s/fstar/ucontrib/CoreCrypto/fst/ --include C:/Build/Agent/_work/3/s/fstar/ucontrib/Platform/fst/ --include C:/Build/Agent/_work/3/s/fstar/examples/low-level/crypto/real --include C:/Build/Agent/_work/3/s/fstar/examples/low-level/LowCProvider/fst --include C:/Build/Agent/_work/3/s/fstar/examples/low-level/crypto --include ../../libs/ffi --include C:/Build/Agent/_work/3/s/fstar/ulib/hyperstack \
--include ideal-flags \
--verify_module Content \
Content.fst
C:/Build/Agent/_work/3/s/fstar/bin/fstar.exe --fstar_home C:/Build/Agent/_work/3/s/fstar  --max_fuel 4 --initial_fuel 0 --max_ifuel 2 --initial_ifuel 1 --z3rlimit 20 --__temp_no_proj Handshake --__temp_no_proj Connection --use_hints --include C:/Build/Agent/_work/3/s/fstar/examples/low-level/crypto/hacl \
--include C:/Build/Agent/_work/3/s/fstar/ucontrib/CoreCrypto/fst/ --include C:/Build/Agent/_work/3/s/fstar/ucontrib/Platform/fst/ --include C:/Build/Agent/_work/3/s/fstar/examples/low-level/crypto/real --include C:/Build/Agent/_work/3/s/fstar/examples/low-level/LowCProvider/fst --include C:/Build/Agent/_work/3/s/fstar/examples/low-level/crypto --include ../../libs/ffi --include C:/Build/Agent/_work/3/s/fstar/ulib/hyperstack \
--include ideal-flags \
--verify_module StreamPlain \
StreamPlain.fst
C:/Build/Agent/_work/3/s/fstar/bin/fstar.exe --fstar_home C:/Build/Agent/_work/3/s/fstar  --max_fuel 4 --initial_fuel 0 --max_ifuel 2 --initial_ifuel 1 --z3rlimit 20 --__temp_no_proj Handshake --__temp_no_proj Connection --use_hints --include C:/Build/Agent/_work/3/s/fstar/examples/low-level/crypto/hacl \
--include C:/Build/Agent/_work/3/s/fstar/ucontrib/CoreCrypto/fst/ --include C:/Build/Agent/_work/3/s/fstar/ucontrib/Platform/fst/ --include C:/Build/Agent/_work/3/s/fstar/examples/low-level/crypto/real --include C:/Build/Agent/_work/3/s/fstar/examples/low-level/LowCProvider/fst --include C:/Build/Agent/_work/3/s/fstar/examples/low-level/crypto --include ../../libs/ffi --include C:/Build/Agent/_work/3/s/fstar/ulib/hyperstack \
--include ideal-flags \
--verify_module StreamAE \
StreamAE.fst
Verified module: Flags (23 milliseconds)
All verification conditions discharged successfully
C:/Build/Agent/_work/3/s/fstar/bin/fstar.exe --fstar_home C:/Build/Agent/_work/3/s/fstar  --max_fuel 4 --initial_fuel 0 --max_ifuel 2 --initial_ifuel 1 --z3rlimit 20 --__temp_no_proj Handshake --__temp_no_proj Connection --use_hints --include C:/Build/Agent/_work/3/s/fstar/examples/low-level/crypto/hacl \
--include C:/Build/Agent/_work/3/s/fstar/ucontrib/CoreCrypto/fst/ --include C:/Build/Agent/_work/3/s/fstar/ucontrib/Platform/fst/ --include C:/Build/Agent/_work/3/s/fstar/examples/low-level/crypto/real --include C:/Build/Agent/_work/3/s/fstar/examples/low-level/LowCProvider/fst --include C:/Build/Agent/_work/3/s/fstar/examples/low-level/crypto --include ../../libs/ffi --include C:/Build/Agent/_work/3/s/fstar/ulib/hyperstack \
--include ideal-flags \
--verify_module MasterSecret \
MasterSecret.fst
Verified module: MonotoneMap (5354 milliseconds)
All verification conditions discharged successfully
C:/Build/Agent/_work/3/s/fstar/bin/fstar.exe --fstar_home C:/Build/Agent/_work/3/s/fstar  --max_fuel 4 --initial_fuel 0 --max_ifuel 2 --initial_ifuel 1 --z3rlimit 20 --__temp_no_proj Handshake --__temp_no_proj Connection --use_hints --include C:/Build/Agent/_work/3/s/fstar/examples/low-level/crypto/hacl \
--include C:/Build/Agent/_work/3/s/fstar/ucontrib/CoreCrypto/fst/ --include C:/Build/Agent/_work/3/s/fstar/ucontrib/Platform/fst/ --include C:/Build/Agent/_work/3/s/fstar/examples/low-level/crypto/real --include C:/Build/Agent/_work/3/s/fstar/examples/low-level/LowCProvider/fst --include C:/Build/Agent/_work/3/s/fstar/examples/low-level/crypto --include ../../libs/ffi --include C:/Build/Agent/_work/3/s/fstar/ulib/hyperstack \
--include ideal-flags \
--verify_module StatefulPlain \
StatefulPlain.fst
Verified module: Transport (5351 milliseconds)
All verification conditions discharged successfully
C:/Build/Agent/_work/3/s/fstar/bin/fstar.exe --fstar_home C:/Build/Agent/_work/3/s/fstar  --max_fuel 4 --initial_fuel 0 --max_ifuel 2 --initial_ifuel 1 --z3rlimit 20 --__temp_no_proj Handshake --__temp_no_proj Connection --use_hints --include C:/Build/Agent/_work/3/s/fstar/examples/low-level/crypto/hacl \
--include C:/Build/Agent/_work/3/s/fstar/ucontrib/CoreCrypto/fst/ --include C:/Build/Agent/_work/3/s/fstar/ucontrib/Platform/fst/ --include C:/Build/Agent/_work/3/s/fstar/examples/low-level/crypto/real --include C:/Build/Agent/_work/3/s/fstar/examples/low-level/LowCProvider/fst --include C:/Build/Agent/_work/3/s/fstar/examples/low-level/crypto --include ../../libs/ffi --include C:/Build/Agent/_work/3/s/fstar/ulib/hyperstack \
--include ideal-flags \
--verify_module LHAEPlain \
LHAEPlain.fst
Verified module: TLSError (9670 milliseconds)
All verification conditions discharged successfully
C:/Build/Agent/_work/3/s/fstar/bin/fstar.exe --fstar_home C:/Build/Agent/_work/3/s/fstar  --max_fuel 4 --initial_fuel 0 --max_ifuel 2 --initial_ifuel 1 --z3rlimit 20 --__temp_no_proj Handshake --__temp_no_proj Connection --use_hints --include C:/Build/Agent/_work/3/s/fstar/examples/low-level/crypto/hacl \
--include C:/Build/Agent/_work/3/s/fstar/ucontrib/CoreCrypto/fst/ --include C:/Build/Agent/_work/3/s/fstar/ucontrib/Platform/fst/ --include C:/Build/Agent/_work/3/s/fstar/examples/low-level/crypto/real --include C:/Build/Agent/_work/3/s/fstar/examples/low-level/LowCProvider/fst --include C:/Build/Agent/_work/3/s/fstar/examples/low-level/crypto --include ../../libs/ffi --include C:/Build/Agent/_work/3/s/fstar/ulib/hyperstack \
--include ideal-flags \
--verify_module AEAD_GCM \
AEAD_GCM.fst
Verified module: Hashing (308 milliseconds)
All verification conditions discharged successfully
C:/Build/Agent/_work/3/s/fstar/bin/fstar.exe --fstar_home C:/Build/Agent/_work/3/s/fstar  --max_fuel 4 --initial_fuel 0 --max_ifuel 2 --initial_ifuel 1 --z3rlimit 20 --__temp_no_proj Handshake --__temp_no_proj Connection --use_hints --include C:/Build/Agent/_work/3/s/fstar/examples/low-level/crypto/hacl \
--include C:/Build/Agent/_work/3/s/fstar/ucontrib/CoreCrypto/fst/ --include C:/Build/Agent/_work/3/s/fstar/ucontrib/Platform/fst/ --include C:/Build/Agent/_work/3/s/fstar/examples/low-level/crypto/real --include C:/Build/Agent/_work/3/s/fstar/examples/low-level/LowCProvider/fst --include C:/Build/Agent/_work/3/s/fstar/examples/low-level/crypto --include ../../libs/ffi --include C:/Build/Agent/_work/3/s/fstar/ulib/hyperstack \
--include ideal-flags \
--verify_module MAC \
MAC.fst
Verified module: HashMAC (5877 milliseconds)
All verification conditions discharged successfully
C:/Build/Agent/_work/3/s/fstar/bin/fstar.exe --fstar_home C:/Build/Agent/_work/3/s/fstar  --max_fuel 4 --initial_fuel 0 --max_ifuel 2 --initial_ifuel 1 --z3rlimit 20 --__temp_no_proj Handshake --__temp_no_proj Connection --use_hints --include C:/Build/Agent/_work/3/s/fstar/examples/low-level/crypto/hacl \
--include C:/Build/Agent/_work/3/s/fstar/ucontrib/CoreCrypto/fst/ --include C:/Build/Agent/_work/3/s/fstar/ucontrib/Platform/fst/ --include C:/Build/Agent/_work/3/s/fstar/examples/low-level/crypto/real --include C:/Build/Agent/_work/3/s/fstar/examples/low-level/LowCProvider/fst --include C:/Build/Agent/_work/3/s/fstar/examples/low-level/crypto --include ../../libs/ffi --include C:/Build/Agent/_work/3/s/fstar/ulib/hyperstack \
--include ideal-flags \
--verify_module StatefulLHAE \
StatefulLHAE.fst
Verified module: RSAKey (4904 milliseconds)
All verification conditions discharged successfully
C:/Build/Agent/_work/3/s/fstar/bin/fstar.exe --fstar_home C:/Build/Agent/_work/3/s/fstar  --max_fuel 4 --initial_fuel 0 --max_ifuel 2 --initial_ifuel 1 --z3rlimit 20 --__temp_no_proj Handshake --__temp_no_proj Connection --use_hints --include C:/Build/Agent/_work/3/s/fstar/examples/low-level/crypto/hacl \
--include C:/Build/Agent/_work/3/s/fstar/ucontrib/CoreCrypto/fst/ --include C:/Build/Agent/_work/3/s/fstar/ucontrib/Platform/fst/ --include C:/Build/Agent/_work/3/s/fstar/examples/low-level/crypto/real --include C:/Build/Agent/_work/3/s/fstar/examples/low-level/LowCProvider/fst --include C:/Build/Agent/_work/3/s/fstar/examples/low-level/crypto --include ../../libs/ffi --include C:/Build/Agent/_work/3/s/fstar/ulib/hyperstack \
--include ideal-flags \
--verify_module Record \
Record.fst
Verified module: PMS (16307 milliseconds)
All verification conditions discharged successfully
C:/Build/Agent/_work/3/s/fstar/bin/fstar.exe --fstar_home C:/Build/Agent/_work/3/s/fstar  --max_fuel 4 --initial_fuel 0 --max_ifuel 2 --initial_ifuel 1 --z3rlimit 20 --__temp_no_proj Handshake --__temp_no_proj Connection --use_hints --include C:/Build/Agent/_work/3/s/fstar/examples/low-level/crypto/hacl \
--include C:/Build/Agent/_work/3/s/fstar/ucontrib/CoreCrypto/fst/ --include C:/Build/Agent/_work/3/s/fstar/ucontrib/Platform/fst/ --include C:/Build/Agent/_work/3/s/fstar/examples/low-level/crypto/real --include C:/Build/Agent/_work/3/s/fstar/examples/low-level/LowCProvider/fst --include C:/Build/Agent/_work/3/s/fstar/examples/low-level/crypto --include ../../libs/ffi --include C:/Build/Agent/_work/3/s/fstar/ulib/hyperstack \
--include ideal-flags \
--verify_module MAC_SHA256 \
MAC_SHA256.fst
Verified module: Cert (23162 milliseconds)
All verification conditions discharged successfully
C:/Build/Agent/_work/3/s/fstar/bin/fstar.exe --fstar_home C:/Build/Agent/_work/3/s/fstar  --max_fuel 4 --initial_fuel 0 --max_ifuel 2 --initial_ifuel 1 --z3rlimit 20 --__temp_no_proj Handshake --__temp_no_proj Connection --use_hints --include C:/Build/Agent/_work/3/s/fstar/examples/low-level/crypto/hacl \
--include C:/Build/Agent/_work/3/s/fstar/ucontrib/CoreCrypto/fst/ --include C:/Build/Agent/_work/3/s/fstar/ucontrib/Platform/fst/ --include C:/Build/Agent/_work/3/s/fstar/examples/low-level/crypto/real --include C:/Build/Agent/_work/3/s/fstar/examples/low-level/LowCProvider/fst --include C:/Build/Agent/_work/3/s/fstar/examples/low-level/crypto --include ../../libs/ffi --include C:/Build/Agent/_work/3/s/fstar/ulib/hyperstack \
--include ideal-flags \
--verify_module MAC_SHA1 \
MAC_SHA1.fst
Verified module: DHGroup (33146 milliseconds)
All verification conditions discharged successfully
C:/Build/Agent/_work/3/s/fstar/bin/fstar.exe --fstar_home C:/Build/Agent/_work/3/s/fstar  --max_fuel 4 --initial_fuel 0 --max_ifuel 2 --initial_ifuel 1 --z3rlimit 20 --__temp_no_proj Handshake --__temp_no_proj Connection --use_hints --include C:/Build/Agent/_work/3/s/fstar/examples/low-level/crypto/hacl \
--include C:/Build/Agent/_work/3/s/fstar/ucontrib/CoreCrypto/fst/ --include C:/Build/Agent/_work/3/s/fstar/ucontrib/Platform/fst/ --include C:/Build/Agent/_work/3/s/fstar/examples/low-level/crypto/real --include C:/Build/Agent/_work/3/s/fstar/examples/low-level/LowCProvider/fst --include C:/Build/Agent/_work/3/s/fstar/examples/low-level/crypto --include ../../libs/ffi --include C:/Build/Agent/_work/3/s/fstar/ulib/hyperstack \
--include ideal-flags \
--verify_module StAE \
StAE.fst
Verified module: IdNonce (35637 milliseconds)
All verification conditions discharged successfully
C:/Build/Agent/_work/3/s/fstar/bin/fstar.exe --fstar_home C:/Build/Agent/_work/3/s/fstar  --max_fuel 4 --initial_fuel 0 --max_ifuel 2 --initial_ifuel 1 --z3rlimit 20 --__temp_no_proj Handshake --__temp_no_proj Connection --use_hints --include C:/Build/Agent/_work/3/s/fstar/examples/low-level/crypto/hacl \
--include C:/Build/Agent/_work/3/s/fstar/ucontrib/CoreCrypto/fst/ --include C:/Build/Agent/_work/3/s/fstar/ucontrib/Platform/fst/ --include C:/Build/Agent/_work/3/s/fstar/examples/low-level/crypto/real --include C:/Build/Agent/_work/3/s/fstar/examples/low-level/LowCProvider/fst --include C:/Build/Agent/_work/3/s/fstar/examples/low-level/crypto --include ../../libs/ffi --include C:/Build/Agent/_work/3/s/fstar/ulib/hyperstack \
--include ideal-flags \
--verify_module KeySchedule \
KeySchedule.fst
Verified module: ECGroup (49558 milliseconds)
All verification conditions discharged successfully
C:/Build/Agent/_work/3/s/fstar/bin/fstar.exe --fstar_home C:/Build/Agent/_work/3/s/fstar  --max_fuel 4 --initial_fuel 0 --max_ifuel 2 --initial_ifuel 1 --z3rlimit 20 --__temp_no_proj Handshake --__temp_no_proj Connection --use_hints --include C:/Build/Agent/_work/3/s/fstar/examples/low-level/crypto/hacl \
--include C:/Build/Agent/_work/3/s/fstar/ucontrib/CoreCrypto/fst/ --include C:/Build/Agent/_work/3/s/fstar/ucontrib/Platform/fst/ --include C:/Build/Agent/_work/3/s/fstar/examples/low-level/crypto/real --include C:/Build/Agent/_work/3/s/fstar/examples/low-level/LowCProvider/fst --include C:/Build/Agent/_work/3/s/fstar/examples/low-level/crypto --include ../../libs/ffi --include C:/Build/Agent/_work/3/s/fstar/ulib/hyperstack \
--include ideal-flags \
--verify_module StreamDeltas \
StreamDeltas.fst
Verified module: CommonDH (50719 milliseconds)
All verification conditions discharged successfully
C:/Build/Agent/_work/3/s/fstar/bin/fstar.exe --fstar_home C:/Build/Agent/_work/3/s/fstar  --max_fuel 4 --initial_fuel 0 --max_ifuel 2 --initial_ifuel 1 --z3rlimit 20 --__temp_no_proj Handshake --__temp_no_proj Connection --use_hints --include C:/Build/Agent/_work/3/s/fstar/examples/low-level/crypto/hacl \
--include C:/Build/Agent/_work/3/s/fstar/ucontrib/CoreCrypto/fst/ --include C:/Build/Agent/_work/3/s/fstar/ucontrib/Platform/fst/ --include C:/Build/Agent/_work/3/s/fstar/examples/low-level/crypto/real --include C:/Build/Agent/_work/3/s/fstar/examples/low-level/LowCProvider/fst --include C:/Build/Agent/_work/3/s/fstar/examples/low-level/crypto --include ../../libs/ffi --include C:/Build/Agent/_work/3/s/fstar/ulib/hyperstack \
--include ideal-flags \
--verify_module HKDF \
HKDF.fst
Verified module: Nonce (61963 milliseconds)
All verification conditions discharged successfully
C:/Build/Agent/_work/3/s/fstar/bin/fstar.exe --fstar_home C:/Build/Agent/_work/3/s/fstar  --max_fuel 4 --initial_fuel 0 --max_ifuel 2 --initial_ifuel 1 --z3rlimit 20 --__temp_no_proj Handshake --__temp_no_proj Connection --use_hints --include C:/Build/Agent/_work/3/s/fstar/examples/low-level/crypto/hacl \
--include C:/Build/Agent/_work/3/s/fstar/ucontrib/CoreCrypto/fst/ --include C:/Build/Agent/_work/3/s/fstar/ucontrib/Platform/fst/ --include C:/Build/Agent/_work/3/s/fstar/examples/low-level/crypto/real --include C:/Build/Agent/_work/3/s/fstar/examples/low-level/LowCProvider/fst --include C:/Build/Agent/_work/3/s/fstar/examples/low-level/crypto --include ../../libs/ffi --include C:/Build/Agent/_work/3/s/fstar/ulib/hyperstack \
--include ideal-flags \
--verify_module Epochs \
Epochs.fst
Verified module: MAC_SHA256 (39157 milliseconds)
All verification conditions discharged successfully
Verified module: MAC_SHA1 (38521 milliseconds)
All verification conditions discharged successfully
C:/Build/Agent/_work/3/s/fstar/bin/fstar.exe --fstar_home C:/Build/Agent/_work/3/s/fstar  --max_fuel 4 --initial_fuel 0 --max_ifuel 2 --initial_ifuel 1 --z3rlimit 20 --__temp_no_proj Handshake --__temp_no_proj Connection --use_hints --include C:/Build/Agent/_work/3/s/fstar/examples/low-level/crypto/hacl \
--include C:/Build/Agent/_work/3/s/fstar/ucontrib/CoreCrypto/fst/ --include C:/Build/Agent/_work/3/s/fstar/ucontrib/Platform/fst/ --include C:/Build/Agent/_work/3/s/fstar/examples/low-level/crypto/real --include C:/Build/Agent/_work/3/s/fstar/examples/low-level/LowCProvider/fst --include C:/Build/Agent/_work/3/s/fstar/examples/low-level/crypto --include ../../libs/ffi --include C:/Build/Agent/_work/3/s/fstar/ulib/hyperstack \
--include ideal-flags \
--verify_module Connection \
Connection.fst
C:/Build/Agent/_work/3/s/fstar/bin/fstar.exe --fstar_home C:/Build/Agent/_work/3/s/fstar  --max_fuel 4 --initial_fuel 0 --max_ifuel 2 --initial_ifuel 1 --z3rlimit 20 --__temp_no_proj Handshake --__temp_no_proj Connection --use_hints --include C:/Build/Agent/_work/3/s/fstar/examples/low-level/crypto/hacl \
--include C:/Build/Agent/_work/3/s/fstar/ucontrib/CoreCrypto/fst/ --include C:/Build/Agent/_work/3/s/fstar/ucontrib/Platform/fst/ --include C:/Build/Agent/_work/3/s/fstar/examples/low-level/crypto/real --include C:/Build/Agent/_work/3/s/fstar/examples/low-level/LowCProvider/fst --include C:/Build/Agent/_work/3/s/fstar/examples/low-level/crypto --include ../../libs/ffi --include C:/Build/Agent/_work/3/s/fstar/ulib/hyperstack \
--include ideal-flags \
--verify_module ConnInvariant \
ConnInvariant.fst
Verified module: HKDF (8162 milliseconds)
All verification conditions discharged successfully
C:/Build/Agent/_work/3/s/fstar/bin/fstar.exe --fstar_home C:/Build/Agent/_work/3/s/fstar  --max_fuel 4 --initial_fuel 0 --max_ifuel 2 --initial_ifuel 1 --z3rlimit 20 --__temp_no_proj Handshake --__temp_no_proj Connection --use_hints --include C:/Build/Agent/_work/3/s/fstar/examples/low-level/crypto/hacl \
--include C:/Build/Agent/_work/3/s/fstar/ucontrib/CoreCrypto/fst/ --include C:/Build/Agent/_work/3/s/fstar/ucontrib/Platform/fst/ --include C:/Build/Agent/_work/3/s/fstar/examples/low-level/crypto/real --include C:/Build/Agent/_work/3/s/fstar/examples/low-level/LowCProvider/fst --include C:/Build/Agent/_work/3/s/fstar/examples/low-level/crypto --include ../../libs/ffi --include C:/Build/Agent/_work/3/s/fstar/ulib/hyperstack \
--include ideal-flags \
--verify_module FFI \
FFI.fst
Verified module: Record (7514 milliseconds)
All verification conditions discharged successfully
C:/Build/Agent/_work/3/s/fstar/bin/fstar.exe --fstar_home C:/Build/Agent/_work/3/s/fstar  --max_fuel 4 --initial_fuel 0 --max_ifuel 2 --initial_ifuel 1 --z3rlimit 20 --__temp_no_proj Handshake --__temp_no_proj Connection --use_hints --include C:/Build/Agent/_work/3/s/fstar/examples/low-level/crypto/hacl \
--include C:/Build/Agent/_work/3/s/fstar/ucontrib/CoreCrypto/fst/ --include C:/Build/Agent/_work/3/s/fstar/ucontrib/Platform/fst/ --include C:/Build/Agent/_work/3/s/fstar/examples/low-level/crypto/real --include C:/Build/Agent/_work/3/s/fstar/examples/low-level/LowCProvider/fst --include C:/Build/Agent/_work/3/s/fstar/examples/low-level/crypto --include ../../libs/ffi --include C:/Build/Agent/_work/3/s/fstar/ulib/hyperstack \
--include ideal-flags \
--verify_module TLS \
TLS.fst
.\KeySchedule.fst(527,4-527,30): Warning: Admitting ks_server_13_1rtt_psk_init without a definition
Verified module: MAC (229707 milliseconds)
All verification conditions discharged successfully
mkdir -p output
# Build ../../libs/ffi/FFICallbacks.cmxa
make -C ../../libs/ffi
make[1]: Entering directory '/cygdrive/c/Build/Agent/_work/3/s/libs/ffi'
ocamlfind c -package batteries,zarith -c FFICallbacks.mli
ocamlfind opt -package batteries,zarith -c FFICallbacks.ml -ccopt -Wall -ccopt -fPIC ffi.c
.\KeySchedule.fst(527,4-527,30): Warning: Admitting ks_server_13_1rtt_psk_init without a definition
.\KeySchedule.fst(527,4-527,30): Warning: Admitting ks_server_13_1rtt_psk_init without a definition
ocamlfind opt -package batteries,zarith -c FFICallbacks.ml -ccopt -Wall -ccopt -fPIC ffi.c
.\KeySchedule.fst(527,4-527,30): Warning: Admitting ks_server_13_1rtt_psk_init without a definition
ocamlfind mklib -package batteries,zarith -o FFICallbacks FFICallbacks.cmx ffi.o
make[1]: Leaving directory '/cygdrive/c/Build/Agent/_work/3/s/libs/ffi'
C:/Build/Agent/_work/3/s/fstar/bin/fstar.exe --fstar_home C:/Build/Agent/_work/3/s/fstar  --include C:/Build/Agent/_work/3/s/fstar/examples/low-level/crypto/hacl \
  --no_location_info --lax --codegen OCaml --__temp_no_proj TLSExtensions \
  --__temp_no_proj FStar.Heap --odir output --no_extract FStar.All --no_extract FStar.List --no_extract FStar.Heap --no_extract FStar.Set --no_extract FStar.Map --no_extract FStar.ST --no_extract FStar.HyperHeap --no_extract FStar.HyperStack --no_extract FStar.IO --no_extract Platform.Bytes --no_extract Platform.Date --no_extract Platform.Error --no_extract Platform.Tcp --no_extract SessionDB --no_extract DB --no_extract DHDB --no_extract CoreCrypto --no_extract LowCProvider --no_extract FFICallbacks \
  --codegen-lib CoreCrypto --codegen-lib LowCProvider --codegen-lib Platform --codegen-lib Classical --codegen-lib SeqProperties --codegen-lib HyperHeap --codegen-lib HyperStack --codegen-lib FFICallbacks \
  --include C:/Build/Agent/_work/3/s/fstar/ucontrib/CoreCrypto/fst/ --include C:/Build/Agent/_work/3/s/fstar/ucontrib/Platform/fst/ --include C:/Build/Agent/_work/3/s/fstar/examples/low-level/crypto/real --include C:/Build/Agent/_work/3/s/fstar/examples/low-level/LowCProvider/fst --include C:/Build/Agent/_work/3/s/fstar/examples/low-level/crypto --include ../../libs/ffi --include C:/Build/Agent/_work/3/s/fstar/ulib/hyperstack \
  --include concrete-flags \
  Flags.fst MonotoneMap.fst TLSError.fst TLSConstants.fst Transport.fst Nonce.fst RSAKey.fst DHGroup.fst ECGroup.fst CommonDH.fst PMS.fst Hashing.fst HashMAC.fst Cert.fst Signature.fst PSK.fst TLSInfo.fst IdNonce.fst TLSExtensions.fst Buffer.Utils.fst Crypto.Symmetric.Bytes.fst Crypto.Indexing.fst Flag.fst Spartan.fst Crypto.Symmetric.AES.fst Crypto.Symmetric.AES128.fst Crypto.Symmetric.Chacha20.fst Crypto.Symmetric.Cipher.fst Crypto.Symmetric.Poly1305.Bigint.fst Crypto.Symmetric.Poly1305.Bignum.Lemmas.Part1.fst Crypto.Symmetric.Poly1305.Bignum.Lemmas.Part2.fst Crypto.Symmetric.Poly1305.Bignum.Lemmas.Part3.fst Crypto.Symmetric.Poly1305.Bignum.Lemmas.Part4.fst Crypto.Symmetric.Poly1305.Bignum.Lemmas.Part5.fst Crypto.Symmetric.Poly1305.Bignum.Lemmas.Part6.fst Crypto.Symmetric.Poly1305.Bignum.fst Crypto.Symmetric.Poly1305.Spec.fst Crypto.Symmetric.Poly1305.fst Crypto.Symmetric.GF128.Spec.fst Crypto.Symmetric.GF128.fst Crypto.Symmetric.MAC.fst Crypto.Symmetric.UF1CMA.fst Crypto.Plain.fst Crypto.Symmetric.PRF.fst Crypto.AEAD.Encoding.fst Crypto.AEAD.Invariant.fst Crypto.AEAD.Lemmas.fst Crypto.AEAD.Lemmas.Part2.fst Crypto.AEAD.Lemmas.Part3.fst Crypto.AEAD.Wrappers.fst Crypto.AEAD.fst AEADOpenssl.fst AEADProvider.fst Range.fst DataStream.fst Alert.fst Content.fst StreamPlain.fst StatefulPlain.fst LHAEPlain.fst StreamAE.fst AEAD_GCM.fst MAC.fst Encode.fst StatefulLHAE.fst ENC.fst HandshakeMessages.fst StAE.fst StreamDeltas.fst Record.fst HKDF.fst TLSPRF.fst MasterSecret.fst HandshakeLog.fst Negotiation.fst Epochs.fst KeySchedule.fst Handshake.fst Connection.fst ConnInvariant.fst TLS.fst FFI.fst test/TestRecord.fst test/TestDH.fst test/TestGCM.fst test/TestHandshake.fst test/TestFFI.fst test/TestAPI.fst 
Verified module: KeySchedule (54855 milliseconds)
All verification conditions discharged successfully
Verified module: TLSExtensions (298847 milliseconds)
All verification conditions discharged successfully
.\KeySchedule.fst(527,4-527,30): Warning: Admitting ks_server_13_1rtt_psk_init without a definition
Verified module: TLSInfo (337463 milliseconds)
All verification conditions discharged successfully
.\KeySchedule.fst(527,4-527,30): Warning: Admitting ks_server_13_1rtt_psk_init without a definition
Verified module: Signature (400100 milliseconds)
All verification conditions discharged successfully
Verified module: Alert (6191 milliseconds)
All verification conditions discharged successfully
Verified module: LHAEPlain (34092 milliseconds)
All verification conditions discharged successfully
Verified module: DataStream (59673 milliseconds)
All verification conditions discharged successfully
Verified module: StreamDeltas (271301 milliseconds)
All verification conditions discharged successfully
Verified module: StatefulPlain (143074 milliseconds)
All verification conditions discharged successfully
Verified module: MasterSecret (201526 milliseconds)
All verification conditions discharged successfully
Verified module: Content (183478 milliseconds)
All verification conditions discharged successfully
Verified module: Epochs (407107 milliseconds)
All verification conditions discharged successfully
Verified module: StatefulLHAE (892901 milliseconds)
All verification conditions discharged successfully
make: Leaving directory '/cygdrive/c/Build/Agent/_work/3/s/src/tls'
