From https://github.com/FStarLang/FStar
e96cdcd..803422c  master     -> origin/master
1519fb0..3b06e1f  aseem_positivity_cleanup -> origin/aseem_positivity_cleanup
b6d472e..16f663d  beurdouche_docker -> origin/beurdouche_docker
+ 26736a4...3b9d391 cwinter_fsharp_hints -> origin/cwinter_fsharp_hints  (forced update)
9ab7086..7906465  konrad_hye_example -> origin/konrad_hye_example
b0b3f52..da2d65f  kyod_reification_examples -> origin/kyod_reification_examples
521905e..6908e15  kyod_tmp   -> origin/kyod_tmp
4f9c720..5898ada  protz_     -> origin/protz_
6031a2a..621977c  vdum_pprint_ocaml -> origin/vdum_pprint_ocaml
Warning: you are using the standard library and/or the %inline keyword. We
recommend switching on --infer in order to avoid obscure type error messages.
6 shift/reduce conflicts.
File "src/basic/ml/FStar_Util.ml", line 47, characters 57-65:
Warning 40: st_mtime was selected from type BatUnix.stats.
It is not visible in the current scope, and will not 
be selected if the type becomes unknown.
File "src/basic/ml/FStar_Util.ml", line 47, characters 57-65:
Warning 40: st_mtime was selected from type BatUnix.stats.
It is not visible in the current scope, and will not 
be selected if the type becomes unknown.
Warning: Unable to open hints file: C:\Build\Agent2\_work\12\s\src\tls\ideal-flags\Flags.fst.hints; ran without hints
.\TLSConstants.fst(44,0-44,63): (Warning) Top-level let-bindings must be total; this term may have effects
.\TLSConstants.fst(46,0-47,25): (Warning) Top-level let-bindings must be total; this term may have effects
.\Nonce.fst(47,0-48,55): (Warning) Top-level let-bindings must be total; this term may have effects
.\IdNonce.fst(20,0-21,60): (Warning) Top-level let-bindings must be total; this term may have effects
.\Nonce.fst(132,0-132,40): (Warning) Top-level let-bindings must be total; this term may have effects
.\Signature.fst(105,0-105,67): (Warning) Top-level let-bindings must be total; this term may have effects
.\Signature.fst(180,0-180,32): (Warning) Top-level let-bindings must be total; this term may have effects
.\MasterSecret.fst(34,0-35,75): (Warning) Top-level let-bindings must be total; this term may have effects
.\ConnInvariant.fst(90,0-91,64): (Warning) Top-level let-bindings must be total; this term may have effects
