From https://github.com/FStarLang/FStar
3169788..c79d18b  c_relational-ci_r3 -> origin/c_relational-ci_r3
* [new branch]      c_relational-ci_test -> origin/c_relational-ci_test
3eeff99..2b1f02d  c_valedev_initial -> origin/c_valedev_initial
5513a47..c55c5b9  cwinter_checked_hints -> origin/cwinter_checked_hints
* [new branch]      cwinter_thread_exceptions -> origin/cwinter_thread_exceptions
4ba9010..a070b7c  konrad_hye_example -> origin/konrad_hye_example
cd44092..23d80aa  kyod_remove_reifiable -> origin/kyod_remove_reifiable
369477c..6a96021  master     -> origin/master
* [new branch]      nik_attemping_349 -> origin/nik_attemping_349
* [new branch]      nik_attemping_sub_effecting_on_repr -> origin/nik_attemping_sub_effecting_on_repr
* [new branch]      shaolintl_bug_846 -> origin/shaolintl_bug_846
5c8811e..89b1f07  taramana_struct -> origin/taramana_struct
3a29c8d..b424e91  vdum_pprint_ocaml -> origin/vdum_pprint_ocaml
Warning: you are using the standard library and/or the %inline keyword. We
recommend switching on --infer in order to avoid obscure type error messages.
6 shift/reduce conflicts.
File "src/basic/ml/FStar_Util.ml", line 47, characters 57-65:
Warning 40: st_mtime was selected from type BatUnix.stats.
It is not visible in the current scope, and will not 
be selected if the type becomes unknown.
File "src/basic/ml/FStar_Util.ml", line 47, characters 57-65:
Warning 40: st_mtime was selected from type BatUnix.stats.
It is not visible in the current scope, and will not 
be selected if the type becomes unknown.
.\TLSConstants.fst(44,0-44,63): (Warning) Top-level let-bindings must be total; this term may have effects
.\TLSConstants.fst(46,0-47,25): (Warning) Top-level let-bindings must be total; this term may have effects
.\Nonce.fst(47,0-48,55): (Warning) Top-level let-bindings must be total; this term may have effects
.\IdNonce.fst(20,0-21,60): (Warning) Top-level let-bindings must be total; this term may have effects
.\Nonce.fst(132,0-132,40): (Warning) Top-level let-bindings must be total; this term may have effects
.\Signature.fst(105,0-105,67): (Warning) Top-level let-bindings must be total; this term may have effects
.\Signature.fst(180,0-180,32): (Warning) Top-level let-bindings must be total; this term may have effects
.\MasterSecret.fst(34,0-35,75): (Warning) Top-level let-bindings must be total; this term may have effects
.\ConnInvariant.fst(90,0-91,64): (Warning) Top-level let-bindings must be total; this term may have effects
