From https://github.com/FStarLang/FStar
3d64758..a1c2fd8  master     -> origin/master
1fccebb..f652a95  aseem_heap_modeling -> origin/aseem_heap_modeling
* [new branch]      aseem_tmp0 -> origin/aseem_tmp0
9be2d88..b8549ca  c_ppdev_initial -> origin/c_ppdev_initial
* [new branch]      cpitclaudel_info_docs -> origin/cpitclaudel_info_docs
* [new branch]      cpitclaudel_show_match -> origin/cpitclaudel_show_match
* [new branch]      cpitclaudel_sigelt_refactoring -> origin/cpitclaudel_sigelt_refactoring
* [new branch]      cpitclaudel_syntax_error_offsets -> origin/cpitclaudel_syntax_error_offsets
* [new branch]      kyod_tmp0  -> origin/kyod_tmp0
157d7d5..c6e994d  nik_indexed_effects -> origin/nik_indexed_effects
376cf70..4123e2a  nik_private -> origin/nik_private
+ b0d8bdc...5446747 protz_manual_merges -> origin/protz_manual_merges  (forced update)
1e2c9bc..74b6181  taramana_modifies -> origin/taramana_modifies
Warning: you are using the standard library and/or the %inline keyword. We
recommend switching on --infer in order to avoid obscure type error messages.
6 shift/reduce conflicts.
make: *** [Makefile:100: fstar.exe] Error 1
C:\Build\Agent2\_work\2\s\fstar\ulib\prims.fst(266,27-266,37) : (Error) Identifier not found: [attributes]
Unexpected error
FStar_Syntax_Syntax.Error(_)
Raised by primitive operation at file "src/batString.mlv", line 145, characters 30-54
Called from file "src/batReturn.ml", line 29, characters 6-29

make: *** [Makefile:257: Flags.fst-ver] Error 1
C:\Build\Agent2\_work\2\s\fstar\ulib\prims.fst(266,27-266,37) : (Error) Identifier not found: [attributes]
Unexpected error
FStar_Syntax_Syntax.Error(_)
Raised by primitive operation at file "src/batString.mlv", line 145, characters 30-54
Called from file "src/batReturn.ml", line 29, characters 6-29

make: *** [Makefile:257: MonotoneMap.fst-ver] Error 1
C:\Build\Agent2\_work\2\s\fstar\ulib\prims.fst(266,27-266,37) : (Error) Identifier not found: [attributes]
Unexpected error
FStar_Syntax_Syntax.Error(_)
Raised by primitive operation at file "src/batString.mlv", line 145, characters 30-54
Called from file "src/batReturn.ml", line 29, characters 6-29

C:\Build\Agent2\_work\2\s\fstar\ulib\prims.fst(266,27-266,37) : (Error) Identifier not found: [attributes]
Unexpected error
FStar_Syntax_Syntax.Error(_)
Raised by primitive operation at file "src/batString.mlv", line 145, characters 30-54
Called from file "src/batReturn.ml", line 29, characters 6-29

make: *** [Makefile:257: TLSConstants.fst-ver] Error 1
make: *** [Makefile:257: TLSError.fst-ver] Error 1
C:\Build\Agent2\_work\2\s\fstar\ulib\prims.fst(266,27-266,37) : (Error) Identifier not found: [attributes]
Unexpected error
FStar_Syntax_Syntax.Error(_)
Raised by primitive operation at file "src/batString.mlv", line 145, characters 30-54
Called from file "src/batReturn.ml", line 29, characters 6-29

C:\Build\Agent2\_work\2\s\fstar\ulib\prims.fst(266,27-266,37) : (Error) Identifier not found: [attributes]
Unexpected error
FStar_Syntax_Syntax.Error(_)
Raised by primitive operation at file "src/batString.mlv", line 145, characters 30-54
Called from file "src/batReturn.ml", line 29, characters 6-29

C:\Build\Agent2\_work\2\s\fstar\ulib\prims.fst(266,27-266,37) : (Error) Identifier not found: [attributes]
Unexpected error
FStar_Syntax_Syntax.Error(_)
Raised by primitive operation at file "src/batString.mlv", line 145, characters 30-54
Called from file "src/batReturn.ml", line 29, characters 6-29

make: *** [Makefile:257: Nonce.fst-ver] Error 1
make: *** [Makefile:257: Transport.fst-ver] Error 1
make: *** [Makefile:257: RSAKey.fst-ver] Error 1
C:\Build\Agent2\_work\2\s\fstar\ulib\prims.fst(266,27-266,37) : (Error) Identifier not found: [attributes]
Unexpected error
FStar_Syntax_Syntax.Error(_)
Raised by primitive operation at file "src/batString.mlv", line 145, characters 30-54
Called from file "src/batReturn.ml", line 29, characters 6-29

C:\Build\Agent2\_work\2\s\fstar\ulib\prims.fst(266,27-266,37) : (Error) Identifier not found: [attributes]
Unexpected error
FStar_Syntax_Syntax.Error(_)
Raised by primitive operation at file "src/batString.mlv", line 145, characters 30-54
Called from file "src/batReturn.ml", line 29, characters 6-29

make: *** [Makefile:257: ECGroup.fst-ver] Error 1
C:\Build\Agent2\_work\2\s\fstar\ulib\prims.fst(266,27-266,37) : (Error) Identifier not found: [attributes]
Unexpected error
FStar_Syntax_Syntax.Error(_)
Raised by primitive operation at file "src/batString.mlv", line 145, characters 30-54
Called from file "src/batReturn.ml", line 29, characters 6-29

make: *** [Makefile:257: DHGroup.fst-ver] Error 1
make: *** [Makefile:257: CommonDH.fst-ver] Error 1
C:\Build\Agent2\_work\2\s\fstar\ulib\prims.fst(266,27-266,37) : (Error) Identifier not found: [attributes]
Unexpected error
FStar_Syntax_Syntax.Error(_)
Raised by primitive operation at file "src/batString.mlv", line 145, characters 30-54
Called from file "src/batReturn.ml", line 29, characters 6-29

make: *** [Makefile:257: PMS.fst-ver] Error 1
C:\Build\Agent2\_work\2\s\fstar\ulib\prims.fst(266,27-266,37) : (Error) Identifier not found: [attributes]
Unexpected error
FStar_Syntax_Syntax.Error(_)
Raised by primitive operation at file "src/batString.mlv", line 145, characters 30-54
Called from file "src/batReturn.ml", line 29, characters 6-29

C:\Build\Agent2\_work\2\s\fstar\ulib\prims.fst(266,27-266,37) : (Error) Identifier not found: [attributes]
Unexpected error
FStar_Syntax_Syntax.Error(_)
Raised by primitive operation at file "src/batString.mlv", line 145, characters 30-54
Called from file "src/batReturn.ml", line 29, characters 6-29

make: *** [Makefile:257: Hashing.fst-ver] Error 1
make: *** [Makefile:257: HashMAC.fst-ver] Error 1
C:\Build\Agent2\_work\2\s\fstar\ulib\prims.fst(266,27-266,37) : (Error) Identifier not found: [attributes]
Unexpected error
FStar_Syntax_Syntax.Error(_)
Raised by primitive operation at file "src/batString.mlv", line 145, characters 30-54
Called from file "src/batReturn.ml", line 29, characters 6-29

C:\Build\Agent2\_work\2\s\fstar\ulib\prims.fst(266,27-266,37) : (Error) Identifier not found: [attributes]
Unexpected error
FStar_Syntax_Syntax.Error(_)
Raised by primitive operation at file "src/batString.mlv", line 145, characters 30-54
Called from file "src/batReturn.ml", line 29, characters 6-29

C:\Build\Agent2\_work\2\s\fstar\ulib\prims.fst(266,27-266,37) : (Error) Identifier not found: [attributes]
Unexpected error
FStar_Syntax_Syntax.Error(_)
Raised by primitive operation at file "src/batString.mlv", line 145, characters 30-54
Called from file "src/batReturn.ml", line 29, characters 6-29

make: *** [Makefile:257: Signature.fst-ver] Error 1
make: *** [Makefile:257: Cert.fst-ver] Error 1
make: *** [Makefile:257: TLSInfo.fst-ver] Error 1
C:\Build\Agent2\_work\2\s\fstar\ulib\prims.fst(266,27-266,37) : (Error) Identifier not found: [attributes]
Unexpected error
FStar_Syntax_Syntax.Error(_)
Raised by primitive operation at file "src/batString.mlv", line 145, characters 30-54
Called from file "src/batReturn.ml", line 29, characters 6-29

make: *** [Makefile:257: IdNonce.fst-ver] Error 1
C:\Build\Agent2\_work\2\s\fstar\ulib\prims.fst(266,27-266,37) : (Error) Identifier not found: [attributes]
Unexpected error
FStar_Syntax_Syntax.Error(_)
Raised by primitive operation at file "src/batString.mlv", line 145, characters 30-54
Called from file "src/batReturn.ml", line 29, characters 6-29

make: *** [Makefile:257: TLSExtensions.fst-ver] Error 1
C:\Build\Agent2\_work\2\s\fstar\ulib\prims.fst(266,27-266,37) : (Error) Identifier not found: [attributes]
Unexpected error
FStar_Syntax_Syntax.Error(_)
Raised by primitive operation at file "src/batString.mlv", line 145, characters 30-54
Called from file "src/batReturn.ml", line 29, characters 6-29

make: *** [Makefile:257: Range.fst-ver] Error 1
C:\Build\Agent2\_work\2\s\fstar\ulib\prims.fst(266,27-266,37) : (Error) Identifier not found: [attributes]
Unexpected error
FStar_Syntax_Syntax.Error(_)
Raised by primitive operation at file "src/batString.mlv", line 145, characters 30-54
Called from file "src/batReturn.ml", line 29, characters 6-29

make: *** [Makefile:257: DataStream.fst-ver] Error 1
C:\Build\Agent2\_work\2\s\fstar\ulib\prims.fst(266,27-266,37) : (Error) Identifier not found: [attributes]
Unexpected error
FStar_Syntax_Syntax.Error(_)
Raised by primitive operation at file "src/batString.mlv", line 145, characters 30-54
Called from file "src/batReturn.ml", line 29, characters 6-29

make: *** [Makefile:257: Alert.fst-ver] Error 1
C:\Build\Agent2\_work\2\s\fstar\ulib\prims.fst(266,27-266,37) : (Error) Identifier not found: [attributes]
Unexpected error
FStar_Syntax_Syntax.Error(_)
Raised by primitive operation at file "src/batString.mlv", line 145, characters 30-54
Called from file "src/batReturn.ml", line 29, characters 6-29

make: *** [Makefile:257: Content.fst-ver] Error 1
C:\Build\Agent2\_work\2\s\fstar\ulib\prims.fst(266,27-266,37) : (Error) Identifier not found: [attributes]
Unexpected error
FStar_Syntax_Syntax.Error(_)
Raised by primitive operation at file "src/batString.mlv", line 145, characters 30-54
Called from file "src/batReturn.ml", line 29, characters 6-29

make: *** [Makefile:257: StreamPlain.fst-ver] Error 1
C:\Build\Agent2\_work\2\s\fstar\ulib\prims.fst(266,27-266,37) : (Error) Identifier not found: [attributes]
Unexpected error
FStar_Syntax_Syntax.Error(_)
Raised by primitive operation at file "src/batString.mlv", line 145, characters 30-54
Called from file "src/batReturn.ml", line 29, characters 6-29

make: *** [Makefile:257: StreamAE.fst-ver] Error 1
C:\Build\Agent2\_work\2\s\fstar\ulib\prims.fst(266,27-266,37) : (Error) Identifier not found: [attributes]
Unexpected error
FStar_Syntax_Syntax.Error(_)
Raised by primitive operation at file "src/batString.mlv", line 145, characters 30-54
Called from file "src/batReturn.ml", line 29, characters 6-29

C:\Build\Agent2\_work\2\s\fstar\ulib\prims.fst(266,27-266,37) : (Error) Identifier not found: [attributes]
Unexpected error
FStar_Syntax_Syntax.Error(_)
Raised by primitive operation at file "src/batString.mlv", line 145, characters 30-54
Called from file "src/batReturn.ml", line 29, characters 6-29

C:\Build\Agent2\_work\2\s\fstar\ulib\prims.fst(266,27-266,37) : (Error) Identifier not found: [attributes]
Unexpected error
FStar_Syntax_Syntax.Error(_)
Raised by primitive operation at file "src/batString.mlv", line 145, characters 30-54
Called from file "src/batReturn.ml", line 29, characters 6-29

make: *** [Makefile:257: MasterSecret.fst-ver] Error 1
make: *** [Makefile:257: LHAEPlain.fst-ver] Error 1
make: *** [Makefile:257: StatefulPlain.fst-ver] Error 1
C:\Build\Agent2\_work\2\s\fstar\ulib\prims.fst(266,27-266,37) : (Error) Identifier not found: [attributes]
Unexpected error
FStar_Syntax_Syntax.Error(_)
Raised by primitive operation at file "src/batString.mlv", line 145, characters 30-54
Called from file "src/batReturn.ml", line 29, characters 6-29

make: *** [Makefile:257: MAC.fst-ver] Error 1
C:\Build\Agent2\_work\2\s\fstar\ulib\prims.fst(266,27-266,37) : (Error) Identifier not found: [attributes]
Unexpected error
FStar_Syntax_Syntax.Error(_)
Raised by primitive operation at file "src/batString.mlv", line 145, characters 30-54
Called from file "src/batReturn.ml", line 29, characters 6-29

C:\Build\Agent2\_work\2\s\fstar\ulib\prims.fst(266,27-266,37) : (Error) Identifier not found: [attributes]
Unexpected error
FStar_Syntax_Syntax.Error(_)
Raised by primitive operation at file "src/batString.mlv", line 145, characters 30-54
Called from file "src/batReturn.ml", line 29, characters 6-29

make: *** [Makefile:257: AEAD_GCM.fst-ver] Error 1
C:\Build\Agent2\_work\2\s\fstar\ulib\prims.fst(266,27-266,37) : (Error) Identifier not found: [attributes]
Unexpected error
FStar_Syntax_Syntax.Error(_)
Raised by primitive operation at file "src/batString.mlv", line 145, characters 30-54
Called from file "src/batReturn.ml", line 29, characters 6-29

make: *** [Makefile:257: Record.fst-ver] Error 1
make: *** [Makefile:257: StatefulLHAE.fst-ver] Error 1
C:\Build\Agent2\_work\2\s\fstar\ulib\prims.fst(266,27-266,37) : (Error) Identifier not found: [attributes]
Unexpected error
FStar_Syntax_Syntax.Error(_)
Raised by primitive operation at file "src/batString.mlv", line 145, characters 30-54
Called from file "src/batReturn.ml", line 29, characters 6-29

make: *** [Makefile:257: MAC_SHA256.fst-ver] Error 1
C:\Build\Agent2\_work\2\s\fstar\ulib\prims.fst(266,27-266,37) : (Error) Identifier not found: [attributes]
Unexpected error
FStar_Syntax_Syntax.Error(_)
Raised by primitive operation at file "src/batString.mlv", line 145, characters 30-54
Called from file "src/batReturn.ml", line 29, characters 6-29

make: *** [Makefile:257: MAC_SHA1.fst-ver] Error 1
C:\Build\Agent2\_work\2\s\fstar\ulib\prims.fst(266,27-266,37) : (Error) Identifier not found: [attributes]
Unexpected error
FStar_Syntax_Syntax.Error(_)
Raised by primitive operation at file "src/batString.mlv", line 145, characters 30-54
Called from file "src/batReturn.ml", line 29, characters 6-29

make: *** [Makefile:257: StAE.fst-ver] Error 1
C:\Build\Agent2\_work\2\s\fstar\ulib\prims.fst(266,27-266,37) : (Error) Identifier not found: [attributes]
Unexpected error
FStar_Syntax_Syntax.Error(_)
Raised by primitive operation at file "src/batString.mlv", line 145, characters 30-54
Called from file "src/batReturn.ml", line 29, characters 6-29

C:\Build\Agent2\_work\2\s\fstar\ulib\prims.fst(266,27-266,37) : (Error) Identifier not found: [attributes]
Unexpected error
FStar_Syntax_Syntax.Error(_)
Raised by primitive operation at file "src/batString.mlv", line 145, characters 30-54
Called from file "src/batReturn.ml", line 29, characters 6-29

make: *** [Makefile:257: StreamDeltas.fst-ver] Error 1
make: *** [Makefile:257: KeySchedule.fst-ver] Error 1
C:\Build\Agent2\_work\2\s\fstar\ulib\prims.fst(266,27-266,37) : (Error) Identifier not found: [attributes]
Unexpected error
FStar_Syntax_Syntax.Error(_)
Raised by primitive operation at file "src/batString.mlv", line 145, characters 30-54
Called from file "src/batReturn.ml", line 29, characters 6-29

C:\Build\Agent2\_work\2\s\fstar\ulib\prims.fst(266,27-266,37) : (Error) Identifier not found: [attributes]
Unexpected error
FStar_Syntax_Syntax.Error(_)
Raised by primitive operation at file "src/batString.mlv", line 145, characters 30-54
Called from file "src/batReturn.ml", line 29, characters 6-29

make: *** [Makefile:257: HKDF.fst-ver] Error 1
make: *** [Makefile:257: Epochs.fst-ver] Error 1
C:\Build\Agent2\_work\2\s\fstar\ulib\prims.fst(266,27-266,37) : (Error) Identifier not found: [attributes]
Unexpected error
FStar_Syntax_Syntax.Error(_)
Raised by primitive operation at file "src/batString.mlv", line 145, characters 30-54
Called from file "src/batReturn.ml", line 29, characters 6-29

make: *** [Makefile:257: Connection.fst-ver] Error 1
C:\Build\Agent2\_work\2\s\fstar\ulib\prims.fst(266,27-266,37) : (Error) Identifier not found: [attributes]
Unexpected error
FStar_Syntax_Syntax.Error(_)
Raised by primitive operation at file "src/batString.mlv", line 145, characters 30-54
Called from file "src/batReturn.ml", line 29, characters 6-29

make: *** [Makefile:257: ConnInvariant.fst-ver] Error 1
C:\Build\Agent2\_work\2\s\fstar\ulib\prims.fst(266,27-266,37) : (Error) Identifier not found: [attributes]
Unexpected error
FStar_Syntax_Syntax.Error(_)
Raised by primitive operation at file "src/batString.mlv", line 145, characters 30-54
Called from file "src/batReturn.ml", line 29, characters 6-29

make: *** [Makefile:257: FFI.fst-ver] Error 1
C:\Build\Agent2\_work\2\s\fstar\ulib\prims.fst(266,27-266,37) : (Error) Identifier not found: [attributes]
Unexpected error
FStar_Syntax_Syntax.Error(_)
Raised by primitive operation at file "src/batString.mlv", line 145, characters 30-54
Called from file "src/batReturn.ml", line 29, characters 6-29

make: *** [Makefile:257: TLS.fst-ver] Error 1
make: Target 'all-ver' not remade because of errors.
