From https://github.com/FStarLang/FStar
d7e3c0e..4d0a13d  master     -> origin/master
713fb3b..2425737  adl_eq_mask -> origin/adl_eq_mask
594a0ba..35a8cb4  aseem_heap_modeling -> origin/aseem_heap_modeling
2b4e9a3..074264e  c_valedev_initial -> origin/c_valedev_initial
3117846..1cddae7  darrenge_fstar -> origin/darrenge_fstar
2d30f4e..a13736c  taramana_modifies -> origin/taramana_modifies
Warning: you are using the standard library and/or the %inline keyword. We
recommend switching on --infer in order to avoid obscure type error messages.
6 shift/reduce conflicts.
make: *** [Makefile:94: fstar.exe] Error 1
C:\Build\Agent2\_work\2\s\fstar\ulib\prims.fst(266,27-266,37) : (Error) Identifier not found: [attributes]
Unexpected error
FStar_Syntax_Syntax.Error(_)
Raised by primitive operation at file "src/batString.mlv", line 145, characters 30-54
Called from file "src/batReturn.ml", line 29, characters 6-29

C:\Build\Agent2\_work\2\s\fstar\ulib\prims.fst(266,27-266,37) : (Error) Identifier not found: [attributes]
Unexpected error
FStar_Syntax_Syntax.Error(_)
Raised by primitive operation at file "src/batString.mlv", line 145, characters 30-54
Called from file "src/batReturn.ml", line 29, characters 6-29

make: *** [Makefile:257: Flags.fst-ver] Error 1
make: *** [Makefile:257: TLSError.fst-ver] Error 1
C:\Build\Agent2\_work\2\s\fstar\ulib\prims.fst(266,27-266,37) : (Error) Identifier not found: [attributes]
Unexpected error
FStar_Syntax_Syntax.Error(_)
Raised by primitive operation at file "src/batString.mlv", line 145, characters 30-54
Called from file "src/batReturn.ml", line 29, characters 6-29

make: *** [Makefile:257: MonotoneMap.fst-ver] Error 1
C:\Build\Agent2\_work\2\s\fstar\ulib\prims.fst(266,27-266,37) : (Error) Identifier not found: [attributes]
Unexpected error
FStar_Syntax_Syntax.Error(_)
Raised by primitive operation at file "src/batString.mlv", line 145, characters 30-54
Called from file "src/batReturn.ml", line 29, characters 6-29

C:\Build\Agent2\_work\2\s\fstar\ulib\prims.fst(266,27-266,37) : (Error) Identifier not found: [attributes]
Unexpected error
FStar_Syntax_Syntax.Error(_)
Raised by primitive operation at file "src/batString.mlv", line 145, characters 30-54
Called from file "src/batReturn.ml", line 29, characters 6-29

make: *** [Makefile:257: Transport.fst-ver] Error 1
make: *** [Makefile:257: TLSConstants.fst-ver] Error 1
C:\Build\Agent2\_work\2\s\fstar\ulib\prims.fst(266,27-266,37) : (Error) Identifier not found: [attributes]
Unexpected error
FStar_Syntax_Syntax.Error(_)
Raised by primitive operation at file "src/batString.mlv", line 145, characters 30-54
Called from file "src/batReturn.ml", line 29, characters 6-29

make: *** [Makefile:257: Nonce.fst-ver] Error 1
C:\Build\Agent2\_work\2\s\fstar\ulib\prims.fst(266,27-266,37) : (Error) Identifier not found: [attributes]
Unexpected error
FStar_Syntax_Syntax.Error(_)
Raised by primitive operation at file "src/batString.mlv", line 145, characters 30-54
Called from file "src/batReturn.ml", line 29, characters 6-29

make: *** [Makefile:257: RSAKey.fst-ver] Error 1
C:\Build\Agent2\_work\2\s\fstar\ulib\prims.fst(266,27-266,37) : (Error) Identifier not found: [attributes]
Unexpected error
FStar_Syntax_Syntax.Error(_)
Raised by primitive operation at file "src/batString.mlv", line 145, characters 30-54
Called from file "src/batReturn.ml", line 29, characters 6-29

C:\Build\Agent2\_work\2\s\fstar\ulib\prims.fst(266,27-266,37) : (Error) Identifier not found: [attributes]
Unexpected error
FStar_Syntax_Syntax.Error(_)
Raised by primitive operation at file "src/batString.mlv", line 145, characters 30-54
Called from file "src/batReturn.ml", line 29, characters 6-29

make: *** [Makefile:257: ECGroup.fst-ver] Error 1
C:\Build\Agent2\_work\2\s\fstar\ulib\prims.fst(266,27-266,37) : (Error) Identifier not found: [attributes]
Unexpected error
FStar_Syntax_Syntax.Error(_)
Raised by primitive operation at file "src/batString.mlv", line 145, characters 30-54
Called from file "src/batReturn.ml", line 29, characters 6-29

make: *** [Makefile:257: DHGroup.fst-ver] Error 1
make: *** [Makefile:257: CommonDH.fst-ver] Error 1
C:\Build\Agent2\_work\2\s\fstar\ulib\prims.fst(266,27-266,37) : (Error) Identifier not found: [attributes]
Unexpected error
FStar_Syntax_Syntax.Error(_)
Raised by primitive operation at file "src/batString.mlv", line 145, characters 30-54
Called from file "src/batReturn.ml", line 29, characters 6-29

make: *** [Makefile:257: PMS.fst-ver] Error 1
C:\Build\Agent2\_work\2\s\fstar\ulib\prims.fst(266,27-266,37) : (Error) Identifier not found: [attributes]
Unexpected error
FStar_Syntax_Syntax.Error(_)
Raised by primitive operation at file "src/batString.mlv", line 145, characters 30-54
Called from file "src/batReturn.ml", line 29, characters 6-29

make: *** [Makefile:257: Hashing.fst-ver] Error 1
C:\Build\Agent2\_work\2\s\fstar\ulib\prims.fst(266,27-266,37) : (Error) Identifier not found: [attributes]
Unexpected error
FStar_Syntax_Syntax.Error(_)
Raised by primitive operation at file "src/batString.mlv", line 145, characters 30-54
Called from file "src/batReturn.ml", line 29, characters 6-29

C:\Build\Agent2\_work\2\s\fstar\ulib\prims.fst(266,27-266,37) : (Error) Identifier not found: [attributes]
Unexpected error
FStar_Syntax_Syntax.Error(_)
Raised by primitive operation at file "src/batString.mlv", line 145, characters 30-54
Called from file "src/batReturn.ml", line 29, characters 6-29

C:\Build\Agent2\_work\2\s\fstar\ulib\prims.fst(266,27-266,37) : (Error) Identifier not found: [attributes]
Unexpected error
FStar_Syntax_Syntax.Error(_)
Raised by primitive operation at file "src/batString.mlv", line 145, characters 30-54
Called from file "src/batReturn.ml", line 29, characters 6-29

make: *** [Makefile:257: Cert.fst-ver] Error 1
make: *** [Makefile:257: HashMAC.fst-ver] Error 1
C:\Build\Agent2\_work\2\s\fstar\ulib\prims.fst(266,27-266,37) : (Error) Identifier not found: [attributes]
Unexpected error
FStar_Syntax_Syntax.Error(_)
Raised by primitive operation at file "src/batString.mlv", line 145, characters 30-54
Called from file "src/batReturn.ml", line 29, characters 6-29

make: *** [Makefile:257: Signature.fst-ver] Error 1
make: *** [Makefile:257: TLSInfo.fst-ver] Error 1
C:\Build\Agent2\_work\2\s\fstar\ulib\prims.fst(266,27-266,37) : (Error) Identifier not found: [attributes]
Unexpected error
FStar_Syntax_Syntax.Error(_)
Raised by primitive operation at file "src/batString.mlv", line 145, characters 30-54
Called from file "src/batReturn.ml", line 29, characters 6-29

make: *** [Makefile:257: TLSExtensions.fst-ver] Error 1
C:\Build\Agent2\_work\2\s\fstar\ulib\prims.fst(266,27-266,37) : (Error) Identifier not found: [attributes]
Unexpected error
FStar_Syntax_Syntax.Error(_)
Raised by primitive operation at file "src/batString.mlv", line 145, characters 30-54
Called from file "src/batReturn.ml", line 29, characters 6-29

C:\Build\Agent2\_work\2\s\fstar\ulib\prims.fst(266,27-266,37) : (Error) Identifier not found: [attributes]
Unexpected error
FStar_Syntax_Syntax.Error(_)
Raised by primitive operation at file "src/batString.mlv", line 145, characters 30-54
Called from file "src/batReturn.ml", line 29, characters 6-29

make: *** [Makefile:257: Range.fst-ver] Error 1
make: *** [Makefile:257: IdNonce.fst-ver] Error 1
C:\Build\Agent2\_work\2\s\fstar\ulib\prims.fst(266,27-266,37) : (Error) Identifier not found: [attributes]
Unexpected error
FStar_Syntax_Syntax.Error(_)
Raised by primitive operation at file "src/batString.mlv", line 145, characters 30-54
Called from file "src/batReturn.ml", line 29, characters 6-29

C:\Build\Agent2\_work\2\s\fstar\ulib\prims.fst(266,27-266,37) : (Error) Identifier not found: [attributes]
Unexpected error
FStar_Syntax_Syntax.Error(_)
Raised by primitive operation at file "src/batString.mlv", line 145, characters 30-54
Called from file "src/batReturn.ml", line 29, characters 6-29

make: *** [Makefile:257: DataStream.fst-ver] Error 1
make: *** [Makefile:257: Alert.fst-ver] Error 1
C:\Build\Agent2\_work\2\s\fstar\ulib\prims.fst(266,27-266,37) : (Error) Identifier not found: [attributes]
Unexpected error
FStar_Syntax_Syntax.Error(_)
Raised by primitive operation at file "src/batString.mlv", line 145, characters 30-54
Called from file "src/batReturn.ml", line 29, characters 6-29

make: *** [Makefile:257: Content.fst-ver] Error 1
C:\Build\Agent2\_work\2\s\fstar\ulib\prims.fst(266,27-266,37) : (Error) Identifier not found: [attributes]
Unexpected error
FStar_Syntax_Syntax.Error(_)
Raised by primitive operation at file "src/batString.mlv", line 145, characters 30-54
Called from file "src/batReturn.ml", line 29, characters 6-29

C:\Build\Agent2\_work\2\s\fstar\ulib\prims.fst(266,27-266,37) : (Error) Identifier not found: [attributes]
Unexpected error
FStar_Syntax_Syntax.Error(_)
Raised by primitive operation at file "src/batString.mlv", line 145, characters 30-54
Called from file "src/batReturn.ml", line 29, characters 6-29

make: *** [Makefile:257: StreamPlain.fst-ver] Error 1
make: *** [Makefile:257: StreamAE.fst-ver] Error 1
C:\Build\Agent2\_work\2\s\fstar\ulib\prims.fst(266,27-266,37) : (Error) Identifier not found: [attributes]
Unexpected error
FStar_Syntax_Syntax.Error(_)
Raised by primitive operation at file "src/batString.mlv", line 145, characters 30-54
Called from file "src/batReturn.ml", line 29, characters 6-29

make: *** [Makefile:257: MasterSecret.fst-ver] Error 1
C:\Build\Agent2\_work\2\s\fstar\ulib\prims.fst(266,27-266,37) : (Error) Identifier not found: [attributes]
Unexpected error
FStar_Syntax_Syntax.Error(_)
Raised by primitive operation at file "src/batString.mlv", line 145, characters 30-54
Called from file "src/batReturn.ml", line 29, characters 6-29

C:\Build\Agent2\_work\2\s\fstar\ulib\prims.fst(266,27-266,37) : (Error) Identifier not found: [attributes]
Unexpected error
FStar_Syntax_Syntax.Error(_)
Raised by primitive operation at file "src/batString.mlv", line 145, characters 30-54
Called from file "src/batReturn.ml", line 29, characters 6-29

make: *** [Makefile:257: LHAEPlain.fst-ver] Error 1
C:\Build\Agent2\_work\2\s\fstar\ulib\prims.fst(266,27-266,37) : (Error) Identifier not found: [attributes]
Unexpected error
FStar_Syntax_Syntax.Error(_)
Raised by primitive operation at file "src/batString.mlv", line 145, characters 30-54
Called from file "src/batReturn.ml", line 29, characters 6-29

make: *** [Makefile:257: AEAD_GCM.fst-ver] Error 1
make: *** [Makefile:257: StatefulPlain.fst-ver] Error 1
C:\Build\Agent2\_work\2\s\fstar\ulib\prims.fst(266,27-266,37) : (Error) Identifier not found: [attributes]
Unexpected error
FStar_Syntax_Syntax.Error(_)
Raised by primitive operation at file "src/batString.mlv", line 145, characters 30-54
Called from file "src/batReturn.ml", line 29, characters 6-29

C:\Build\Agent2\_work\2\s\fstar\ulib\prims.fst(266,27-266,37) : (Error) Identifier not found: [attributes]
Unexpected error
FStar_Syntax_Syntax.Error(_)
Raised by primitive operation at file "src/batString.mlv", line 145, characters 30-54
Called from file "src/batReturn.ml", line 29, characters 6-29

make: *** [Makefile:257: MAC.fst-ver] Error 1
C:\Build\Agent2\_work\2\s\fstar\ulib\prims.fst(266,27-266,37) : (Error) Identifier not found: [attributes]
Unexpected error
FStar_Syntax_Syntax.Error(_)
Raised by primitive operation at file "src/batString.mlv", line 145, characters 30-54
Called from file "src/batReturn.ml", line 29, characters 6-29

make: *** [Makefile:257: StatefulLHAE.fst-ver] Error 1
make: *** [Makefile:257: Record.fst-ver] Error 1
C:\Build\Agent2\_work\2\s\fstar\ulib\prims.fst(266,27-266,37) : (Error) Identifier not found: [attributes]
Unexpected error
FStar_Syntax_Syntax.Error(_)
Raised by primitive operation at file "src/batString.mlv", line 145, characters 30-54
Called from file "src/batReturn.ml", line 29, characters 6-29

make: *** [Makefile:257: MAC_SHA256.fst-ver] Error 1
C:\Build\Agent2\_work\2\s\fstar\ulib\prims.fst(266,27-266,37) : (Error) Identifier not found: [attributes]
Unexpected error
FStar_Syntax_Syntax.Error(_)
Raised by primitive operation at file "src/batString.mlv", line 145, characters 30-54
Called from file "src/batReturn.ml", line 29, characters 6-29

C:\Build\Agent2\_work\2\s\fstar\ulib\prims.fst(266,27-266,37) : (Error) Identifier not found: [attributes]
Unexpected error
FStar_Syntax_Syntax.Error(_)
Raised by primitive operation at file "src/batString.mlv", line 145, characters 30-54
Called from file "src/batReturn.ml", line 29, characters 6-29

make: *** [Makefile:257: KeySchedule.fst-ver] Error 1
make: *** [Makefile:257: MAC_SHA1.fst-ver] Error 1
C:\Build\Agent2\_work\2\s\fstar\ulib\prims.fst(266,27-266,37) : (Error) Identifier not found: [attributes]
Unexpected error
FStar_Syntax_Syntax.Error(_)
Raised by primitive operation at file "src/batString.mlv", line 145, characters 30-54
Called from file "src/batReturn.ml", line 29, characters 6-29

C:\Build\Agent2\_work\2\s\fstar\ulib\prims.fst(266,27-266,37) : (Error) Identifier not found: [attributes]
Unexpected error
FStar_Syntax_Syntax.Error(_)
Raised by primitive operation at file "src/batString.mlv", line 145, characters 30-54
Called from file "src/batReturn.ml", line 29, characters 6-29

make: *** [Makefile:257: StAE.fst-ver] Error 1
make: *** [Makefile:257: StreamDeltas.fst-ver] Error 1
C:\Build\Agent2\_work\2\s\fstar\ulib\prims.fst(266,27-266,37) : (Error) Identifier not found: [attributes]
Unexpected error
FStar_Syntax_Syntax.Error(_)
Raised by primitive operation at file "src/batString.mlv", line 145, characters 30-54
Called from file "src/batReturn.ml", line 29, characters 6-29

make: *** [Makefile:257: HKDF.fst-ver] Error 1
C:\Build\Agent2\_work\2\s\fstar\ulib\prims.fst(266,27-266,37) : (Error) Identifier not found: [attributes]
Unexpected error
FStar_Syntax_Syntax.Error(_)
Raised by primitive operation at file "src/batString.mlv", line 145, characters 30-54
Called from file "src/batReturn.ml", line 29, characters 6-29

C:\Build\Agent2\_work\2\s\fstar\ulib\prims.fst(266,27-266,37) : (Error) Identifier not found: [attributes]
Unexpected error
FStar_Syntax_Syntax.Error(_)
Raised by primitive operation at file "src/batString.mlv", line 145, characters 30-54
Called from file "src/batReturn.ml", line 29, characters 6-29

make: *** [Makefile:257: Epochs.fst-ver] Error 1
C:\Build\Agent2\_work\2\s\fstar\ulib\prims.fst(266,27-266,37) : (Error) Identifier not found: [attributes]
Unexpected error
FStar_Syntax_Syntax.Error(_)
Raised by primitive operation at file "src/batString.mlv", line 145, characters 30-54
Called from file "src/batReturn.ml", line 29, characters 6-29

make: *** [Makefile:257: Connection.fst-ver] Error 1
make: *** [Makefile:257: ConnInvariant.fst-ver] Error 1
C:\Build\Agent2\_work\2\s\fstar\ulib\prims.fst(266,27-266,37) : (Error) Identifier not found: [attributes]
Unexpected error
FStar_Syntax_Syntax.Error(_)
Raised by primitive operation at file "src/batString.mlv", line 145, characters 30-54
Called from file "src/batReturn.ml", line 29, characters 6-29

make: *** [Makefile:257: FFI.fst-ver] Error 1
C:\Build\Agent2\_work\2\s\fstar\ulib\prims.fst(266,27-266,37) : (Error) Identifier not found: [attributes]
Unexpected error
FStar_Syntax_Syntax.Error(_)
Raised by primitive operation at file "src/batString.mlv", line 145, characters 30-54
Called from file "src/batReturn.ml", line 29, characters 6-29

make: *** [Makefile:257: TLS.fst-ver] Error 1
make: Target 'all-ver' not remade because of errors.
