From https://github.com/FStarLang/FStar
f956c1763..f8a6b60dc  master                  -> origin/master
43d9b0c30..251afe014  aseem_heap_interface    -> origin/aseem_heap_interface
02f147e18..13280f95c  aseem_vale_memory_model -> origin/aseem_vale_memory_model
+ 4f8c62897...f8a6b60dc cwinter_stats           -> origin/cwinter_stats  (forced update)
* [new branch]          guido_smt               -> origin/guido_smt
33c08b416..81a090fc2  vdum_extract_dm4f_effects -> origin/vdum_extract_dm4f_effects
Warning: you are using the standard library and/or the %inline keyword. We
recommend switching on --infer in order to avoid obscure type error messages.
File "src/basic/ml/FStar_Util.ml", line 47, characters 57-65:
Warning 40: st_mtime was selected from type BatUnix.stats.
It is not visible in the current scope, and will not 
be selected if the type becomes unknown.
File "src/basic/ml/FStar_Util.ml", line 47, characters 57-65:
Warning 40: st_mtime was selected from type BatUnix.stats.
It is not visible in the current scope, and will not 
be selected if the type becomes unknown.
x86_64-w64-mingw32-ar: tmp/*.o: No such file or directory
make: *** [Makefile:66: libllcrypto.a] Error 1
make[3]: warning: jobserver unavailable: using -j1.  Add '+' to parent make rule.
make[3]: warning: jobserver unavailable: using -j1.  Add '+' to parent make rule.
make[3]: warning: jobserver unavailable: using -j1.  Add '+' to parent make rule.
Extracted.mk:101: warning: overriding recipe for target 'mitls.cmxa'
Makefile:193: warning: ignoring old recipe for target 'mitls.cmxa'
Extracted.mk:104: warning: overriding recipe for target 'mitls.exe'
Makefile:195: warning: ignoring old recipe for target 'mitls.exe'
Extracted.mk:101: warning: overriding recipe for target 'mitls.cmxa'
Makefile:193: warning: ignoring old recipe for target 'mitls.cmxa'
Extracted.mk:104: warning: overriding recipe for target 'mitls.exe'
Makefile:195: warning: ignoring old recipe for target 'mitls.exe'
Extracted.mk:101: warning: overriding recipe for target 'mitls.cmxa'
Makefile:193: warning: ignoring old recipe for target 'mitls.cmxa'
Extracted.mk:104: warning: overriding recipe for target 'mitls.exe'
Makefile:195: warning: ignoring old recipe for target 'mitls.exe'
make[3]: warning: jobserver unavailable: using -j1.  Add '+' to parent make rule.
Extracted.mk:101: warning: overriding recipe for target 'mitls.cmxa'
Makefile:193: warning: ignoring old recipe for target 'mitls.cmxa'
Extracted.mk:104: warning: overriding recipe for target 'mitls.exe'
Makefile:195: warning: ignoring old recipe for target 'mitls.exe'
make[3]: warning: jobserver unavailable: using -j1.  Add '+' to parent make rule.
Extracted.mk:101: warning: overriding recipe for target 'mitls.cmxa'
Makefile:193: warning: ignoring old recipe for target 'mitls.cmxa'
Extracted.mk:104: warning: overriding recipe for target 'mitls.exe'
Makefile:195: warning: ignoring old recipe for target 'mitls.exe'
make[3]: warning: jobserver unavailable: using -j1.  Add '+' to parent make rule.
Extracted.mk:101: warning: overriding recipe for target 'mitls.cmxa'
Makefile:193: warning: ignoring old recipe for target 'mitls.cmxa'
Extracted.mk:104: warning: overriding recipe for target 'mitls.exe'
Makefile:195: warning: ignoring old recipe for target 'mitls.exe'
x86_64-w64-mingw32-ar: unable to rename 'fstarlib.a'; reason: Permission denied
File "_none_", line 1:
Error: Error while creating the library fstarlib.a
make[4]: *** [Makefile:30: all] Error 2
make[3]: *** [Extracted.mk:53: C:/Build/Agent2/_work/2/s/fstar/ulib/ml/fstarlib.cmxa] Error 2
x86_64-w64-mingw32-ranlib: unable to rename 'fstarlib.a'; reason: Permission denied
File "_none_", line 1:
Error: Error while creating the library fstarlib.a
make[4]: *** [Makefile:30: all] Error 2
make[3]: *** [Extracted.mk:53: C:/Build/Agent2/_work/2/s/fstar/ulib/ml/fstarlib.cmxa] Error 2
x86_64-w64-mingw32-ar: tmp/*.o: No such file or directory
make[4]: *** [Makefile:66: libllcrypto.a] Error 1
make[4]: Target 'all' not remade because of errors.
make[3]: *** [Extracted.mk:63: C:/Build/Agent2/_work/2/s/hacl-star/secure_api/LowCProvider/LowCProvider.cmxa] Error 2
x86_64-w64-mingw32-ar: tmp/*.o: No such file or directory
x86_64-w64-mingw32-ar: tmp/*.o: No such file or directory
make[4]: *** [Makefile:66: libllcrypto.a] Error 1
make[4]: *** [Makefile:66: libllcrypto.a] Error 1
make[4]: Target 'all' not remade because of errors.
make[4]: Target 'all' not remade because of errors.
make[3]: *** [Extracted.mk:63: C:/Build/Agent2/_work/2/s/hacl-star/secure_api/LowCProvider/LowCProvider.cmxa] Error 2
make[3]: *** [Extracted.mk:63: C:/Build/Agent2/_work/2/s/hacl-star/secure_api/LowCProvider/LowCProvider.cmxa] Error 2
ffi.c:1:0: warning: -fPIC ignored for target (all code is position independent)
#include <stdio.h>
^
ffi.c:1:0: warning: -fPIC ignored for target (all code is position independent)
#include <stdio.h>
^
ffi.c:1:0: warning: -fPIC ignored for target (all code is position independent)
#include <stdio.h>
^
x86_64-w64-mingw32-ar: unable to rename '.\libFFICallbacks.a'; reason: Permission denied
make[4]: *** [Makefile:13: FFICallbacks.cmxa] Error 2
make[4]: Target 'all' not remade because of errors.
make[3]: *** [Extracted.mk:66: ../../libs/ffi/FFICallbacks.cmxa] Error 2
x86_64-w64-mingw32-ranlib: 'FFICallbacks.a': No such file
File "_none_", line 1:
Error: Error while creating the library FFICallbacks.a
make[4]: *** [Makefile:13: FFICallbacks.cmxa] Error 2
make[4]: Target 'all' not remade because of errors.
make[3]: *** [Extracted.mk:66: ../../libs/ffi/FFICallbacks.cmxa] Error 2
make[3]: Circular C:/Build/Agent2/_work/2/s/fstar/ucontrib/CoreCrypto/ml/db/DB.cmi <- C:/Build/Agent2/_work/2/s/fstar/ucontrib/CoreCrypto/ml/db/DB.cmi dependency dropped.
make[3]: Circular C:/Build/Agent2/_work/2/s/fstar/ucontrib/CoreCrypto/ml/db/DB.cmi <- C:/Build/Agent2/_work/2/s/fstar/ucontrib/CoreCrypto/ml/db/DB.cmi dependency dropped.
make[3]: Circular C:/Build/Agent2/_work/2/s/fstar/ucontrib/CoreCrypto/ml/db/DB.cmi <- C:/Build/Agent2/_work/2/s/fstar/ucontrib/CoreCrypto/ml/db/DB.cmi dependency dropped.
make[3]: Circular ../../libs/ffi/FFICallbacks.cmi <- ../../libs/ffi/FFICallbacks.cmi dependency dropped.
make[3]: Circular ../../libs/ffi/FFICallbacks.cmi <- ../../libs/ffi/FFICallbacks.cmi dependency dropped.
make[3]: Circular ../../libs/ffi/FFICallbacks.cmi <- ../../libs/ffi/FFICallbacks.cmi dependency dropped.
make[3]: Target 'mitls.exe' not remade because of errors.
make[2]: *** [Makefile:199: C:/Build/Agent2/_work/2/s/hacl-star/secure_api/LowCProvider/LowCProvider.cmxa] Error 2
make[3]: Target 'mitls.exe' not remade because of errors.
make[2]: *** [Makefile:199: C:/Build/Agent2/_work/2/s/fstar/ulib/ml/fstarlib.cmxa] Error 2
make[3]: Target 'mitls.exe' not remade because of errors.
make[2]: *** [Makefile:199: ../../libs/ffi/FFICallbacks.cmxa] Error 2
make[2]: Target 'mitls.exe' not remade because of errors.
make[1]: *** [Makefile:26: build] Error 2
make: *** [Makefile:22: all] Error 2
