make: Entering directory '/cygdrive/c/Build/Agent/_work/3/s/src/tls'
C:/Build/Agent/_work/3/s/fstar/bin/fstar.exe --fstar_home C:/Build/Agent/_work/3/s/fstar  --max_fuel 4 --initial_fuel 0 --max_ifuel 2 --initial_ifuel 1 --z3timeout 20 --__temp_no_proj Handshake --__temp_no_proj Connection --use_hints \
--include C:/Build/Agent/_work/3/s/fstar/ucontrib/CoreCrypto/fst/ --include C:/Build/Agent/_work/3/s/fstar/ucontrib/Platform/fst/ --include C:/Build/Agent/_work/3/s/fstar/examples/low-level/crypto/real --include C:/Build/Agent/_work/3/s/fstar/examples/low-level/LowCProvider/fst --include C:/Build/Agent/_work/3/s/fstar/examples/low-level/crypto --include ../../libs/ffi --include C:/Build/Agent/_work/3/s/fstar/ulib/hyperstack \
--include ideal-flags \
--verify_module Flags \
Flags.fst
C:/Build/Agent/_work/3/s/fstar/bin/fstar.exe --fstar_home C:/Build/Agent/_work/3/s/fstar  --max_fuel 4 --initial_fuel 0 --max_ifuel 2 --initial_ifuel 1 --z3timeout 20 --__temp_no_proj Handshake --__temp_no_proj Connection --use_hints \
--include C:/Build/Agent/_work/3/s/fstar/ucontrib/CoreCrypto/fst/ --include C:/Build/Agent/_work/3/s/fstar/ucontrib/Platform/fst/ --include C:/Build/Agent/_work/3/s/fstar/examples/low-level/crypto/real --include C:/Build/Agent/_work/3/s/fstar/examples/low-level/LowCProvider/fst --include C:/Build/Agent/_work/3/s/fstar/examples/low-level/crypto --include ../../libs/ffi --include C:/Build/Agent/_work/3/s/fstar/ulib/hyperstack \
--include ideal-flags \
--verify_module MonotoneMap \
MonotoneMap.fst
C:/Build/Agent/_work/3/s/fstar/bin/fstar.exe --fstar_home C:/Build/Agent/_work/3/s/fstar  --max_fuel 4 --initial_fuel 0 --max_ifuel 2 --initial_ifuel 1 --z3timeout 20 --__temp_no_proj Handshake --__temp_no_proj Connection --use_hints \
--include C:/Build/Agent/_work/3/s/fstar/ucontrib/CoreCrypto/fst/ --include C:/Build/Agent/_work/3/s/fstar/ucontrib/Platform/fst/ --include C:/Build/Agent/_work/3/s/fstar/examples/low-level/crypto/real --include C:/Build/Agent/_work/3/s/fstar/examples/low-level/LowCProvider/fst --include C:/Build/Agent/_work/3/s/fstar/examples/low-level/crypto --include ../../libs/ffi --include C:/Build/Agent/_work/3/s/fstar/ulib/hyperstack \
--include ideal-flags \
--verify_module TLSError \
TLSError.fst
C:/Build/Agent/_work/3/s/fstar/bin/fstar.exe --fstar_home C:/Build/Agent/_work/3/s/fstar  --max_fuel 4 --initial_fuel 0 --max_ifuel 2 --initial_ifuel 1 --z3timeout 20 --__temp_no_proj Handshake --__temp_no_proj Connection --use_hints \
--include C:/Build/Agent/_work/3/s/fstar/ucontrib/CoreCrypto/fst/ --include C:/Build/Agent/_work/3/s/fstar/ucontrib/Platform/fst/ --include C:/Build/Agent/_work/3/s/fstar/examples/low-level/crypto/real --include C:/Build/Agent/_work/3/s/fstar/examples/low-level/LowCProvider/fst --include C:/Build/Agent/_work/3/s/fstar/examples/low-level/crypto --include ../../libs/ffi --include C:/Build/Agent/_work/3/s/fstar/ulib/hyperstack \
--include ideal-flags \
--verify_module TLSConstants \
TLSConstants.fst
C:/Build/Agent/_work/3/s/fstar/bin/fstar.exe --fstar_home C:/Build/Agent/_work/3/s/fstar  --max_fuel 4 --initial_fuel 0 --max_ifuel 2 --initial_ifuel 1 --z3timeout 20 --__temp_no_proj Handshake --__temp_no_proj Connection --use_hints \
--include C:/Build/Agent/_work/3/s/fstar/ucontrib/CoreCrypto/fst/ --include C:/Build/Agent/_work/3/s/fstar/ucontrib/Platform/fst/ --include C:/Build/Agent/_work/3/s/fstar/examples/low-level/crypto/real --include C:/Build/Agent/_work/3/s/fstar/examples/low-level/LowCProvider/fst --include C:/Build/Agent/_work/3/s/fstar/examples/low-level/crypto --include ../../libs/ffi --include C:/Build/Agent/_work/3/s/fstar/ulib/hyperstack \
--include ideal-flags \
--verify_module Transport \
Transport.fst
C:/Build/Agent/_work/3/s/fstar/bin/fstar.exe --fstar_home C:/Build/Agent/_work/3/s/fstar  --max_fuel 4 --initial_fuel 0 --max_ifuel 2 --initial_ifuel 1 --z3timeout 20 --__temp_no_proj Handshake --__temp_no_proj Connection --use_hints \
--include C:/Build/Agent/_work/3/s/fstar/ucontrib/CoreCrypto/fst/ --include C:/Build/Agent/_work/3/s/fstar/ucontrib/Platform/fst/ --include C:/Build/Agent/_work/3/s/fstar/examples/low-level/crypto/real --include C:/Build/Agent/_work/3/s/fstar/examples/low-level/LowCProvider/fst --include C:/Build/Agent/_work/3/s/fstar/examples/low-level/crypto --include ../../libs/ffi --include C:/Build/Agent/_work/3/s/fstar/ulib/hyperstack \
--include ideal-flags \
--verify_module Nonce \
Nonce.fst
C:/Build/Agent/_work/3/s/fstar/bin/fstar.exe --fstar_home C:/Build/Agent/_work/3/s/fstar  --max_fuel 4 --initial_fuel 0 --max_ifuel 2 --initial_ifuel 1 --z3timeout 20 --__temp_no_proj Handshake --__temp_no_proj Connection --use_hints \
--include C:/Build/Agent/_work/3/s/fstar/ucontrib/CoreCrypto/fst/ --include C:/Build/Agent/_work/3/s/fstar/ucontrib/Platform/fst/ --include C:/Build/Agent/_work/3/s/fstar/examples/low-level/crypto/real --include C:/Build/Agent/_work/3/s/fstar/examples/low-level/LowCProvider/fst --include C:/Build/Agent/_work/3/s/fstar/examples/low-level/crypto --include ../../libs/ffi --include C:/Build/Agent/_work/3/s/fstar/ulib/hyperstack \
--include ideal-flags \
--verify_module RSAKey \
RSAKey.fst
Warning: z3timeout ignored with universes; use z3rlimit instead
C:/Build/Agent/_work/3/s/fstar/bin/fstar.exe --fstar_home C:/Build/Agent/_work/3/s/fstar  --max_fuel 4 --initial_fuel 0 --max_ifuel 2 --initial_ifuel 1 --z3timeout 20 --__temp_no_proj Handshake --__temp_no_proj Connection --use_hints \
--include C:/Build/Agent/_work/3/s/fstar/ucontrib/CoreCrypto/fst/ --include C:/Build/Agent/_work/3/s/fstar/ucontrib/Platform/fst/ --include C:/Build/Agent/_work/3/s/fstar/examples/low-level/crypto/real --include C:/Build/Agent/_work/3/s/fstar/examples/low-level/LowCProvider/fst --include C:/Build/Agent/_work/3/s/fstar/examples/low-level/crypto --include ../../libs/ffi --include C:/Build/Agent/_work/3/s/fstar/ulib/hyperstack \
--include ideal-flags \
--verify_module DHGroup \
DHGroup.fst
Warning: z3timeout ignored with universes; use z3rlimit instead
Warning: z3timeout ignored with universes; use z3rlimit instead
Warning: z3timeout ignored with universes; use z3rlimit instead
Warning: z3timeout ignored with universes; use z3rlimit instead
Warning: z3timeout ignored with universes; use z3rlimit instead
C:/Build/Agent/_work/3/s/fstar/bin/fstar.exe --fstar_home C:/Build/Agent/_work/3/s/fstar  --max_fuel 4 --initial_fuel 0 --max_ifuel 2 --initial_ifuel 1 --z3timeout 20 --__temp_no_proj Handshake --__temp_no_proj Connection --use_hints \
--include C:/Build/Agent/_work/3/s/fstar/ucontrib/CoreCrypto/fst/ --include C:/Build/Agent/_work/3/s/fstar/ucontrib/Platform/fst/ --include C:/Build/Agent/_work/3/s/fstar/examples/low-level/crypto/real --include C:/Build/Agent/_work/3/s/fstar/examples/low-level/LowCProvider/fst --include C:/Build/Agent/_work/3/s/fstar/examples/low-level/crypto --include ../../libs/ffi --include C:/Build/Agent/_work/3/s/fstar/ulib/hyperstack \
--include ideal-flags \
--verify_module ECGroup \
ECGroup.fst
Warning: z3timeout ignored with universes; use z3rlimit instead
C:/Build/Agent/_work/3/s/fstar/bin/fstar.exe --fstar_home C:/Build/Agent/_work/3/s/fstar  --max_fuel 4 --initial_fuel 0 --max_ifuel 2 --initial_ifuel 1 --z3timeout 20 --__temp_no_proj Handshake --__temp_no_proj Connection --use_hints \
--include C:/Build/Agent/_work/3/s/fstar/ucontrib/CoreCrypto/fst/ --include C:/Build/Agent/_work/3/s/fstar/ucontrib/Platform/fst/ --include C:/Build/Agent/_work/3/s/fstar/examples/low-level/crypto/real --include C:/Build/Agent/_work/3/s/fstar/examples/low-level/LowCProvider/fst --include C:/Build/Agent/_work/3/s/fstar/examples/low-level/crypto --include ../../libs/ffi --include C:/Build/Agent/_work/3/s/fstar/ulib/hyperstack \
--include ideal-flags \
--verify_module CommonDH \
CommonDH.fst
Warning: z3timeout ignored with universes; use z3rlimit instead
C:/Build/Agent/_work/3/s/fstar/bin/fstar.exe --fstar_home C:/Build/Agent/_work/3/s/fstar  --max_fuel 4 --initial_fuel 0 --max_ifuel 2 --initial_ifuel 1 --z3timeout 20 --__temp_no_proj Handshake --__temp_no_proj Connection --use_hints \
--include C:/Build/Agent/_work/3/s/fstar/ucontrib/CoreCrypto/fst/ --include C:/Build/Agent/_work/3/s/fstar/ucontrib/Platform/fst/ --include C:/Build/Agent/_work/3/s/fstar/examples/low-level/crypto/real --include C:/Build/Agent/_work/3/s/fstar/examples/low-level/LowCProvider/fst --include C:/Build/Agent/_work/3/s/fstar/examples/low-level/crypto --include ../../libs/ffi --include C:/Build/Agent/_work/3/s/fstar/ulib/hyperstack \
--include ideal-flags \
--verify_module PMS \
PMS.fst
C:/Build/Agent/_work/3/s/fstar/bin/fstar.exe --fstar_home C:/Build/Agent/_work/3/s/fstar  --max_fuel 4 --initial_fuel 0 --max_ifuel 2 --initial_ifuel 1 --z3timeout 20 --__temp_no_proj Handshake --__temp_no_proj Connection --use_hints \
--include C:/Build/Agent/_work/3/s/fstar/ucontrib/CoreCrypto/fst/ --include C:/Build/Agent/_work/3/s/fstar/ucontrib/Platform/fst/ --include C:/Build/Agent/_work/3/s/fstar/examples/low-level/crypto/real --include C:/Build/Agent/_work/3/s/fstar/examples/low-level/LowCProvider/fst --include C:/Build/Agent/_work/3/s/fstar/examples/low-level/crypto --include ../../libs/ffi --include C:/Build/Agent/_work/3/s/fstar/ulib/hyperstack \
--include ideal-flags \
--verify_module Hashing \
Hashing.fst
Warning: z3timeout ignored with universes; use z3rlimit instead
Warning: z3timeout ignored with universes; use z3rlimit instead
C:/Build/Agent/_work/3/s/fstar/bin/fstar.exe --fstar_home C:/Build/Agent/_work/3/s/fstar  --max_fuel 4 --initial_fuel 0 --max_ifuel 2 --initial_ifuel 1 --z3timeout 20 --__temp_no_proj Handshake --__temp_no_proj Connection --use_hints \
--include C:/Build/Agent/_work/3/s/fstar/ucontrib/CoreCrypto/fst/ --include C:/Build/Agent/_work/3/s/fstar/ucontrib/Platform/fst/ --include C:/Build/Agent/_work/3/s/fstar/examples/low-level/crypto/real --include C:/Build/Agent/_work/3/s/fstar/examples/low-level/LowCProvider/fst --include C:/Build/Agent/_work/3/s/fstar/examples/low-level/crypto --include ../../libs/ffi --include C:/Build/Agent/_work/3/s/fstar/ulib/hyperstack \
--include ideal-flags \
--verify_module HashMAC \
HashMAC.fst
C:/Build/Agent/_work/3/s/fstar/bin/fstar.exe --fstar_home C:/Build/Agent/_work/3/s/fstar  --max_fuel 4 --initial_fuel 0 --max_ifuel 2 --initial_ifuel 1 --z3timeout 20 --__temp_no_proj Handshake --__temp_no_proj Connection --use_hints \
--include C:/Build/Agent/_work/3/s/fstar/ucontrib/CoreCrypto/fst/ --include C:/Build/Agent/_work/3/s/fstar/ucontrib/Platform/fst/ --include C:/Build/Agent/_work/3/s/fstar/examples/low-level/crypto/real --include C:/Build/Agent/_work/3/s/fstar/examples/low-level/LowCProvider/fst --include C:/Build/Agent/_work/3/s/fstar/examples/low-level/crypto --include ../../libs/ffi --include C:/Build/Agent/_work/3/s/fstar/ulib/hyperstack \
--include ideal-flags \
--verify_module Cert \
Cert.fst
Warning: z3timeout ignored with universes; use z3rlimit instead
C:/Build/Agent/_work/3/s/fstar/bin/fstar.exe --fstar_home C:/Build/Agent/_work/3/s/fstar  --max_fuel 4 --initial_fuel 0 --max_ifuel 2 --initial_ifuel 1 --z3timeout 20 --__temp_no_proj Handshake --__temp_no_proj Connection --use_hints \
--include C:/Build/Agent/_work/3/s/fstar/ucontrib/CoreCrypto/fst/ --include C:/Build/Agent/_work/3/s/fstar/ucontrib/Platform/fst/ --include C:/Build/Agent/_work/3/s/fstar/examples/low-level/crypto/real --include C:/Build/Agent/_work/3/s/fstar/examples/low-level/LowCProvider/fst --include C:/Build/Agent/_work/3/s/fstar/examples/low-level/crypto --include ../../libs/ffi --include C:/Build/Agent/_work/3/s/fstar/ulib/hyperstack \
--include ideal-flags \
--verify_module Signature \
Signature.fst
C:/Build/Agent/_work/3/s/fstar/bin/fstar.exe --fstar_home C:/Build/Agent/_work/3/s/fstar  --max_fuel 4 --initial_fuel 0 --max_ifuel 2 --initial_ifuel 1 --z3timeout 20 --__temp_no_proj Handshake --__temp_no_proj Connection --use_hints \
--include C:/Build/Agent/_work/3/s/fstar/ucontrib/CoreCrypto/fst/ --include C:/Build/Agent/_work/3/s/fstar/ucontrib/Platform/fst/ --include C:/Build/Agent/_work/3/s/fstar/examples/low-level/crypto/real --include C:/Build/Agent/_work/3/s/fstar/examples/low-level/LowCProvider/fst --include C:/Build/Agent/_work/3/s/fstar/examples/low-level/crypto --include ../../libs/ffi --include C:/Build/Agent/_work/3/s/fstar/ulib/hyperstack \
--include ideal-flags \
--verify_module TLSInfo \
TLSInfo.fst
Warning: z3timeout ignored with universes; use z3rlimit instead
Warning: z3timeout ignored with universes; use z3rlimit instead
C:/Build/Agent/_work/3/s/fstar/bin/fstar.exe --fstar_home C:/Build/Agent/_work/3/s/fstar  --max_fuel 4 --initial_fuel 0 --max_ifuel 2 --initial_ifuel 1 --z3timeout 20 --__temp_no_proj Handshake --__temp_no_proj Connection --use_hints \
--include C:/Build/Agent/_work/3/s/fstar/ucontrib/CoreCrypto/fst/ --include C:/Build/Agent/_work/3/s/fstar/ucontrib/Platform/fst/ --include C:/Build/Agent/_work/3/s/fstar/examples/low-level/crypto/real --include C:/Build/Agent/_work/3/s/fstar/examples/low-level/LowCProvider/fst --include C:/Build/Agent/_work/3/s/fstar/examples/low-level/crypto --include ../../libs/ffi --include C:/Build/Agent/_work/3/s/fstar/ulib/hyperstack \
--include ideal-flags \
--verify_module IdNonce \
IdNonce.fst
Warning: z3timeout ignored with universes; use z3rlimit instead
C:/Build/Agent/_work/3/s/fstar/bin/fstar.exe --fstar_home C:/Build/Agent/_work/3/s/fstar  --max_fuel 4 --initial_fuel 0 --max_ifuel 2 --initial_ifuel 1 --z3timeout 20 --__temp_no_proj Handshake --__temp_no_proj Connection --use_hints \
--include C:/Build/Agent/_work/3/s/fstar/ucontrib/CoreCrypto/fst/ --include C:/Build/Agent/_work/3/s/fstar/ucontrib/Platform/fst/ --include C:/Build/Agent/_work/3/s/fstar/examples/low-level/crypto/real --include C:/Build/Agent/_work/3/s/fstar/examples/low-level/LowCProvider/fst --include C:/Build/Agent/_work/3/s/fstar/examples/low-level/crypto --include ../../libs/ffi --include C:/Build/Agent/_work/3/s/fstar/ulib/hyperstack \
--include ideal-flags \
--verify_module TLSExtensions \
TLSExtensions.fst
Warning: z3timeout ignored with universes; use z3rlimit instead
C:/Build/Agent/_work/3/s/fstar/bin/fstar.exe --fstar_home C:/Build/Agent/_work/3/s/fstar  --max_fuel 4 --initial_fuel 0 --max_ifuel 2 --initial_ifuel 1 --z3timeout 20 --__temp_no_proj Handshake --__temp_no_proj Connection --use_hints \
--include C:/Build/Agent/_work/3/s/fstar/ucontrib/CoreCrypto/fst/ --include C:/Build/Agent/_work/3/s/fstar/ucontrib/Platform/fst/ --include C:/Build/Agent/_work/3/s/fstar/examples/low-level/crypto/real --include C:/Build/Agent/_work/3/s/fstar/examples/low-level/LowCProvider/fst --include C:/Build/Agent/_work/3/s/fstar/examples/low-level/crypto --include ../../libs/ffi --include C:/Build/Agent/_work/3/s/fstar/ulib/hyperstack \
--include ideal-flags \
--verify_module Range \
Range.fst
Warning: z3timeout ignored with universes; use z3rlimit instead
C:/Build/Agent/_work/3/s/fstar/bin/fstar.exe --fstar_home C:/Build/Agent/_work/3/s/fstar  --max_fuel 4 --initial_fuel 0 --max_ifuel 2 --initial_ifuel 1 --z3timeout 20 --__temp_no_proj Handshake --__temp_no_proj Connection --use_hints \
--include C:/Build/Agent/_work/3/s/fstar/ucontrib/CoreCrypto/fst/ --include C:/Build/Agent/_work/3/s/fstar/ucontrib/Platform/fst/ --include C:/Build/Agent/_work/3/s/fstar/examples/low-level/crypto/real --include C:/Build/Agent/_work/3/s/fstar/examples/low-level/LowCProvider/fst --include C:/Build/Agent/_work/3/s/fstar/examples/low-level/crypto --include ../../libs/ffi --include C:/Build/Agent/_work/3/s/fstar/ulib/hyperstack \
--include ideal-flags \
--verify_module DataStream \
DataStream.fst
Warning: z3timeout ignored with universes; use z3rlimit instead
C:/Build/Agent/_work/3/s/fstar/bin/fstar.exe --fstar_home C:/Build/Agent/_work/3/s/fstar  --max_fuel 4 --initial_fuel 0 --max_ifuel 2 --initial_ifuel 1 --z3timeout 20 --__temp_no_proj Handshake --__temp_no_proj Connection --use_hints \
--include C:/Build/Agent/_work/3/s/fstar/ucontrib/CoreCrypto/fst/ --include C:/Build/Agent/_work/3/s/fstar/ucontrib/Platform/fst/ --include C:/Build/Agent/_work/3/s/fstar/examples/low-level/crypto/real --include C:/Build/Agent/_work/3/s/fstar/examples/low-level/LowCProvider/fst --include C:/Build/Agent/_work/3/s/fstar/examples/low-level/crypto --include ../../libs/ffi --include C:/Build/Agent/_work/3/s/fstar/ulib/hyperstack \
--include ideal-flags \
--verify_module Alert \
Alert.fst
Warning: z3timeout ignored with universes; use z3rlimit instead
C:/Build/Agent/_work/3/s/fstar/bin/fstar.exe --fstar_home C:/Build/Agent/_work/3/s/fstar  --max_fuel 4 --initial_fuel 0 --max_ifuel 2 --initial_ifuel 1 --z3timeout 20 --__temp_no_proj Handshake --__temp_no_proj Connection --use_hints \
--include C:/Build/Agent/_work/3/s/fstar/ucontrib/CoreCrypto/fst/ --include C:/Build/Agent/_work/3/s/fstar/ucontrib/Platform/fst/ --include C:/Build/Agent/_work/3/s/fstar/examples/low-level/crypto/real --include C:/Build/Agent/_work/3/s/fstar/examples/low-level/LowCProvider/fst --include C:/Build/Agent/_work/3/s/fstar/examples/low-level/crypto --include ../../libs/ffi --include C:/Build/Agent/_work/3/s/fstar/ulib/hyperstack \
--include ideal-flags \
--verify_module Content \
Content.fst
Warning: z3timeout ignored with universes; use z3rlimit instead
C:/Build/Agent/_work/3/s/fstar/bin/fstar.exe --fstar_home C:/Build/Agent/_work/3/s/fstar  --max_fuel 4 --initial_fuel 0 --max_ifuel 2 --initial_ifuel 1 --z3timeout 20 --__temp_no_proj Handshake --__temp_no_proj Connection --use_hints \
--include C:/Build/Agent/_work/3/s/fstar/ucontrib/CoreCrypto/fst/ --include C:/Build/Agent/_work/3/s/fstar/ucontrib/Platform/fst/ --include C:/Build/Agent/_work/3/s/fstar/examples/low-level/crypto/real --include C:/Build/Agent/_work/3/s/fstar/examples/low-level/LowCProvider/fst --include C:/Build/Agent/_work/3/s/fstar/examples/low-level/crypto --include ../../libs/ffi --include C:/Build/Agent/_work/3/s/fstar/ulib/hyperstack \
--include ideal-flags \
--verify_module StreamPlain \
StreamPlain.fst
Warning: z3timeout ignored with universes; use z3rlimit instead
C:/Build/Agent/_work/3/s/fstar/bin/fstar.exe --fstar_home C:/Build/Agent/_work/3/s/fstar  --max_fuel 4 --initial_fuel 0 --max_ifuel 2 --initial_ifuel 1 --z3timeout 20 --__temp_no_proj Handshake --__temp_no_proj Connection --use_hints \
--include C:/Build/Agent/_work/3/s/fstar/ucontrib/CoreCrypto/fst/ --include C:/Build/Agent/_work/3/s/fstar/ucontrib/Platform/fst/ --include C:/Build/Agent/_work/3/s/fstar/examples/low-level/crypto/real --include C:/Build/Agent/_work/3/s/fstar/examples/low-level/LowCProvider/fst --include C:/Build/Agent/_work/3/s/fstar/examples/low-level/crypto --include ../../libs/ffi --include C:/Build/Agent/_work/3/s/fstar/ulib/hyperstack \
--include ideal-flags \
--verify_module StreamAE \
StreamAE.fst
Warning: z3timeout ignored with universes; use z3rlimit instead
Warning: z3timeout ignored with universes; use z3rlimit instead
Warning: z3timeout ignored with universes; use z3rlimit instead
Warning: z3timeout ignored with universes; use z3rlimit instead
Warning: z3timeout ignored with universes; use z3rlimit instead
Warning: z3timeout ignored with universes; use z3rlimit instead
Warning: z3timeout ignored with universes; use z3rlimit instead
Warning: z3timeout ignored with universes; use z3rlimit instead
Warning: z3timeout ignored with universes; use z3rlimit instead
Warning: z3timeout ignored with universes; use z3rlimit instead
Warning: z3timeout ignored with universes; use z3rlimit instead
Warning: z3timeout ignored with universes; use z3rlimit instead
Warning: z3timeout ignored with universes; use z3rlimit instead
Warning: z3timeout ignored with universes; use z3rlimit instead
Warning: z3timeout ignored with universes; use z3rlimit instead
Warning: z3timeout ignored with universes; use z3rlimit instead
Warning: z3timeout ignored with universes; use z3rlimit instead
Warning: z3timeout ignored with universes; use z3rlimit instead
Warning: z3timeout ignored with universes; use z3rlimit instead
Warning: z3timeout ignored with universes; use z3rlimit instead
Warning: z3timeout ignored with universes; use z3rlimit instead
Warning: z3timeout ignored with universes; use z3rlimit instead
Warning: z3timeout ignored with universes; use z3rlimit instead
Warning: z3timeout ignored with universes; use z3rlimit instead
Warning: z3timeout ignored with universes; use z3rlimit instead
Warning: z3timeout ignored with universes; use z3rlimit instead
Warning: z3timeout ignored with universes; use z3rlimit instead
Warning: z3timeout ignored with universes; use z3rlimit instead
make: Leaving directory '/cygdrive/c/Build/Agent/_work/3/s/src/tls'
