Error: not a valid include directory: C:\Build\Agent\_work\3\s\fstar\examples\low-level\LowCProvider\fst
make: *** [Makefile:241: TLSConstants.fst-ver] Error 1
make: *** Waiting for unfinished jobs....
Error: not a valid include directory: C:\Build\Agent\_work\3\s\fstar\examples\low-level\LowCProvider\fst
make: *** [Makefile:241: StreamAE.fst-ver] Error 1
Error: not a valid include directory: C:\Build\Agent\_work\3\s\fstar\examples\low-level\LowCProvider\fst
make: *** [Makefile:241: MonotoneMap.fst-ver] Error 1
Error: not a valid include directory: C:\Build\Agent\_work\3\s\fstar\examples\low-level\LowCProvider\fst
Error: not a valid include directory: C:\Build\Agent\_work\3\s\fstar\examples\low-level\LowCProvider\fst
Error: not a valid include directory: C:\Build\Agent\_work\3\s\fstar\examples\low-level\LowCProvider\fst
make: *** [Makefile:241: TLSError.fst-ver] Error 1
make: *** [Makefile:241: RSAKey.fst-ver] Error 1
make: *** [Makefile:241: DHGroup.fst-ver] Error 1
Error: not a valid include directory: C:\Build\Agent\_work\3\s\fstar\examples\low-level\LowCProvider\fst
Error: not a valid include directory: C:\Build\Agent\_work\3\s\fstar\examples\low-level\LowCProvider\fst
make: *** [Makefile:241: ECGroup.fst-ver] Error 1
Error: not a valid include directory: C:\Build\Agent\_work\3\s\fstar\examples\low-level\LowCProvider\fst
make: *** [Makefile:241: CommonDH.fst-ver] Error 1
make: *** [Makefile:241: Nonce.fst-ver] Error 1
Error: not a valid include directory: C:\Build\Agent\_work\3\s\fstar\examples\low-level\LowCProvider\fst
Error: not a valid include directory: C:\Build\Agent\_work\3\s\fstar\examples\low-level\LowCProvider\fst
make: *** [Makefile:241: HashMAC.fst-ver] Error 1
Error: not a valid include directory: C:\Build\Agent\_work\3\s\fstar\examples\low-level\LowCProvider\fst
make: *** [Makefile:241: IdNonce.fst-ver] Error 1
Error: not a valid include directory: C:\Build\Agent\_work\3\s\fstar\examples\low-level\LowCProvider\fst
make: *** [Makefile:241: Cert.fst-ver] Error 1
make: *** [Makefile:241: Hashing.fst-ver] Error 1
Error: not a valid include directory: C:\Build\Agent\_work\3\s\fstar\examples\low-level\LowCProvider\fst
make: *** [Makefile:241: Alert.fst-ver] Error 1
Error: not a valid include directory: C:\Build\Agent\_work\3\s\fstar\examples\low-level\LowCProvider\fst
make: *** [Makefile:241: DataStream.fst-ver] Error 1
Error: not a valid include directory: C:\Build\Agent\_work\3\s\fstar\examples\low-level\LowCProvider\fst
make: *** [Makefile:241: PMS.fst-ver] Error 1
Error: not a valid include directory: C:\Build\Agent\_work\3\s\fstar\examples\low-level\LowCProvider\fst
make: *** [Makefile:241: Flags.fst-ver] Error 1
Error: not a valid include directory: C:\Build\Agent\_work\3\s\fstar\examples\low-level\LowCProvider\fst
make: *** [Makefile:241: Transport.fst-ver] Error 1
Error: not a valid include directory: C:\Build\Agent\_work\3\s\fstar\examples\low-level\LowCProvider\fst
Error: not a valid include directory: C:\Build\Agent\_work\3\s\fstar\examples\low-level\LowCProvider\fst
Error: not a valid include directory: C:\Build\Agent\_work\3\s\fstar\examples\low-level\LowCProvider\fst
make: *** [Makefile:241: Signature.fst-ver] Error 1
make: *** [Makefile:241: TLSExtensions.fst-ver] Error 1
make: *** [Makefile:241: TLSInfo.fst-ver] Error 1
Error: not a valid include directory: C:\Build\Agent\_work\3\s\fstar\examples\low-level\LowCProvider\fst
Error: not a valid include directory: C:\Build\Agent\_work\3\s\fstar\examples\low-level\LowCProvider\fst
make: *** [Makefile:241: Range.fst-ver] Error 1
Error: not a valid include directory: C:\Build\Agent\_work\3\s\fstar\examples\low-level\LowCProvider\fst
make: *** [Makefile:241: Content.fst-ver] Error 1
make: *** [Makefile:241: StreamPlain.fst-ver] Error 1
