Warning: Unable to open hints file: C:\Build\Agent2\_work\2\s\src\tls\Flags.fst.hints; ran without hints
.\TLSConstants.fst(40,34-42,63): (Warning) Top-level let-bindings must be total; this term may have effects
.\TLSConstants.fst(42,63-45,25): (Warning) Top-level let-bindings must be total; this term may have effects
.\Nonce.fst(37,17-48,55): (Warning) Top-level let-bindings must be total; this term may have effects
.\IdNonce.fst(16,46-21,60): (Warning) Top-level let-bindings must be total; this term may have effects
.\MasterSecret.fst(32,17-35,75): (Warning) Top-level let-bindings must be total; this term may have effects
.\Nonce.fst(129,38-132,40): (Warning) Top-level let-bindings must be total; this term may have effects
.\Signature.fst(174,43-175,32): (Warning) Top-level let-bindings must be total; this term may have effects
.\ConnInvariant.fst(89,72-92,64): (Warning) Top-level let-bindings must be total; this term may have effects
ffi.c:1:0: warning: -fPIC ignored for target (all code is position independent)
 #include <stdio.h>
 ^
ffi.c:1:0: warning: -fPIC ignored for target (all code is position independent)
 #include <stdio.h>
 ^
make[2]: warning: jobserver unavailable: using -j1.  Add '+' to parent make rule.
make[2]: warning: jobserver unavailable: using -j1.  Add '+' to parent make rule.
make[2]: warning: jobserver unavailable: using -j1.  Add '+' to parent make rule.
make[2]: warning: jobserver unavailable: using -j1.  Add '+' to parent make rule.
make[2]: warning: jobserver unavailable: using -j1.  Add '+' to parent make rule.
make[2]: warning: jobserver unavailable: using -j1.  Add '+' to parent make rule.
make[2]: warning: jobserver unavailable: using -j1.  Add '+' to parent make rule.
