Warning: you are using the standard library and/or the %inline keyword. We
recommend switching on --infer in order to avoid obscure type error messages.
File "src/basic/ml/FStar_Util.ml", line 47, characters 57-65:
Warning 40: st_mtime was selected from type BatUnix.stats.
It is not visible in the current scope, and will not 
be selected if the type becomes unknown.
File "src/basic/ml/FStar_Util.ml", line 47, characters 57-65:
Warning 40: st_mtime was selected from type BatUnix.stats.
It is not visible in the current scope, and will not 
be selected if the type becomes unknown.
File "LowCProvider.ml", line 1, characters 13-33:
Error: Unbound module Platform
make: *** [Makefile:60: LowCProvider.cmx] Error 2
make: *** Waiting for unfinished jobs....
File "CoreCrypto.ml", line 526, characters 24-144:
Warning 8: this pattern-matching is not exhaustive.
Here is an example of a value that is not matched:
ECC_X448
openssl_stub.c: In function ‘ocaml_openssl_init’:
openssl_stub.c:56:3: warning: implicit declaration of function ‘OPENSSL_config’ [-Wimplicit-function-declaration]
OPENSSL_config("CoreCrypto");
^
openssl_stub.c: In function ‘ocaml_rsa_gen_key’:
openssl_stub.c:631:23: warning: passing argument 2 of ‘RSA_get0_key’ from incompatible pointer type [-Wincompatible-pointer-types]
RSA_get0_key(rsa, &b_n, &b_e, &b_d);
^
In file included from openssl_stub.c:22:0:
openssl/include/openssl/rsa.h:194:6: note: expected ‘const BIGNUM ** {aka const struct bignum_st **}’ but argument is of type ‘BIGNUM ** {aka struct bignum_st **}’
void RSA_get0_key(const RSA *r,
^
openssl_stub.c:631:29: warning: passing argument 3 of ‘RSA_get0_key’ from incompatible pointer type [-Wincompatible-pointer-types]
RSA_get0_key(rsa, &b_n, &b_e, &b_d);
^
In file included from openssl_stub.c:22:0:
openssl/include/openssl/rsa.h:194:6: note: expected ‘const BIGNUM ** {aka const struct bignum_st **}’ but argument is of type ‘BIGNUM ** {aka struct bignum_st **}’
void RSA_get0_key(const RSA *r,
^
openssl_stub.c:631:35: warning: passing argument 4 of ‘RSA_get0_key’ from incompatible pointer type [-Wincompatible-pointer-types]
RSA_get0_key(rsa, &b_n, &b_e, &b_d);
^
In file included from openssl_stub.c:22:0:
openssl/include/openssl/rsa.h:194:6: note: expected ‘const BIGNUM ** {aka const struct bignum_st **}’ but argument is of type ‘BIGNUM ** {aka struct bignum_st **}’
void RSA_get0_key(const RSA *r,
^
openssl_stub.c: In function ‘ocaml_rsa_get_key’:
openssl_stub.c:745:21: warning: passing argument 2 of ‘RSA_get0_key’ from incompatible pointer type [-Wincompatible-pointer-types]
RSA_get0_key(rsa, &b_n, &b_e, &b_d);
^
In file included from openssl_stub.c:22:0:
openssl/include/openssl/rsa.h:194:6: note: expected ‘const BIGNUM ** {aka const struct bignum_st **}’ but argument is of type ‘BIGNUM ** {aka struct bignum_st **}’
void RSA_get0_key(const RSA *r,
^
openssl_stub.c:745:27: warning: passing argument 3 of ‘RSA_get0_key’ from incompatible pointer type [-Wincompatible-pointer-types]
RSA_get0_key(rsa, &b_n, &b_e, &b_d);
^
In file included from openssl_stub.c:22:0:
openssl/include/openssl/rsa.h:194:6: note: expected ‘const BIGNUM ** {aka const struct bignum_st **}’ but argument is of type ‘BIGNUM ** {aka struct bignum_st **}’
void RSA_get0_key(const RSA *r,
^
openssl_stub.c:745:33: warning: passing argument 4 of ‘RSA_get0_key’ from incompatible pointer type [-Wincompatible-pointer-types]
RSA_get0_key(rsa, &b_n, &b_e, &b_d);
^
In file included from openssl_stub.c:22:0:
openssl/include/openssl/rsa.h:194:6: note: expected ‘const BIGNUM ** {aka const struct bignum_st **}’ but argument is of type ‘BIGNUM ** {aka struct bignum_st **}’
void RSA_get0_key(const RSA *r,
^
openssl_stub.c: In function ‘ocaml_rsa_encrypt’:
openssl_stub.c:789:23: warning: passing argument 2 of ‘RSA_get0_key’ from incompatible pointer type [-Wincompatible-pointer-types]
RSA_get0_key(rsa, &b_n, &b_e, &b_d);
^
In file included from openssl_stub.c:22:0:
openssl/include/openssl/rsa.h:194:6: note: expected ‘const BIGNUM ** {aka const struct bignum_st **}’ but argument is of type ‘BIGNUM ** {aka struct bignum_st **}’
void RSA_get0_key(const RSA *r,
^
openssl_stub.c:789:29: warning: passing argument 3 of ‘RSA_get0_key’ from incompatible pointer type [-Wincompatible-pointer-types]
RSA_get0_key(rsa, &b_n, &b_e, &b_d);
^
In file included from openssl_stub.c:22:0:
openssl/include/openssl/rsa.h:194:6: note: expected ‘const BIGNUM ** {aka const struct bignum_st **}’ but argument is of type ‘BIGNUM ** {aka struct bignum_st **}’
void RSA_get0_key(const RSA *r,
^
openssl_stub.c:789:35: warning: passing argument 4 of ‘RSA_get0_key’ from incompatible pointer type [-Wincompatible-pointer-types]
RSA_get0_key(rsa, &b_n, &b_e, &b_d);
^
In file included from openssl_stub.c:22:0:
openssl/include/openssl/rsa.h:194:6: note: expected ‘const BIGNUM ** {aka const struct bignum_st **}’ but argument is of type ‘BIGNUM ** {aka struct bignum_st **}’
void RSA_get0_key(const RSA *r,
^
openssl_stub.c: In function ‘ocaml_rsa_decrypt’:
openssl_stub.c:844:23: warning: passing argument 2 of ‘RSA_get0_key’ from incompatible pointer type [-Wincompatible-pointer-types]
RSA_get0_key(rsa, &b_n, &b_e, &b_d);
^
In file included from openssl_stub.c:22:0:
openssl/include/openssl/rsa.h:194:6: note: expected ‘const BIGNUM ** {aka const struct bignum_st **}’ but argument is of type ‘BIGNUM ** {aka struct bignum_st **}’
void RSA_get0_key(const RSA *r,
^
openssl_stub.c:844:29: warning: passing argument 3 of ‘RSA_get0_key’ from incompatible pointer type [-Wincompatible-pointer-types]
RSA_get0_key(rsa, &b_n, &b_e, &b_d);
^
In file included from openssl_stub.c:22:0:
openssl/include/openssl/rsa.h:194:6: note: expected ‘const BIGNUM ** {aka const struct bignum_st **}’ but argument is of type ‘BIGNUM ** {aka struct bignum_st **}’
void RSA_get0_key(const RSA *r,
^
openssl_stub.c:844:35: warning: passing argument 4 of ‘RSA_get0_key’ from incompatible pointer type [-Wincompatible-pointer-types]
RSA_get0_key(rsa, &b_n, &b_e, &b_d);
^
In file included from openssl_stub.c:22:0:
openssl/include/openssl/rsa.h:194:6: note: expected ‘const BIGNUM ** {aka const struct bignum_st **}’ but argument is of type ‘BIGNUM ** {aka struct bignum_st **}’
void RSA_get0_key(const RSA *r,
^
openssl_stub.c: In function ‘ocaml_rsa_sign’:
openssl_stub.c:888:23: warning: passing argument 2 of ‘RSA_get0_key’ from incompatible pointer type [-Wincompatible-pointer-types]
RSA_get0_key(rsa, &b_n, &b_e, &b_d);
^
In file included from openssl_stub.c:22:0:
openssl/include/openssl/rsa.h:194:6: note: expected ‘const BIGNUM ** {aka const struct bignum_st **}’ but argument is of type ‘BIGNUM ** {aka struct bignum_st **}’
void RSA_get0_key(const RSA *r,
^
openssl_stub.c:888:29: warning: passing argument 3 of ‘RSA_get0_key’ from incompatible pointer type [-Wincompatible-pointer-types]
RSA_get0_key(rsa, &b_n, &b_e, &b_d);
^
In file included from openssl_stub.c:22:0:
openssl/include/openssl/rsa.h:194:6: note: expected ‘const BIGNUM ** {aka const struct bignum_st **}’ but argument is of type ‘BIGNUM ** {aka struct bignum_st **}’
void RSA_get0_key(const RSA *r,
^
openssl_stub.c:888:35: warning: passing argument 4 of ‘RSA_get0_key’ from incompatible pointer type [-Wincompatible-pointer-types]
RSA_get0_key(rsa, &b_n, &b_e, &b_d);
^
In file included from openssl_stub.c:22:0:
openssl/include/openssl/rsa.h:194:6: note: expected ‘const BIGNUM ** {aka const struct bignum_st **}’ but argument is of type ‘BIGNUM ** {aka struct bignum_st **}’
void RSA_get0_key(const RSA *r,
^
openssl_stub.c: In function ‘ocaml_rsa_verify’:
openssl_stub.c:941:23: warning: passing argument 2 of ‘RSA_get0_key’ from incompatible pointer type [-Wincompatible-pointer-types]
RSA_get0_key(rsa, &b_n, &b_e, &b_d);
^
In file included from openssl_stub.c:22:0:
openssl/include/openssl/rsa.h:194:6: note: expected ‘const BIGNUM ** {aka const struct bignum_st **}’ but argument is of type ‘BIGNUM ** {aka struct bignum_st **}’
void RSA_get0_key(const RSA *r,
^
openssl_stub.c:941:29: warning: passing argument 3 of ‘RSA_get0_key’ from incompatible pointer type [-Wincompatible-pointer-types]
RSA_get0_key(rsa, &b_n, &b_e, &b_d);
^
In file included from openssl_stub.c:22:0:
openssl/include/openssl/rsa.h:194:6: note: expected ‘const BIGNUM ** {aka const struct bignum_st **}’ but argument is of type ‘BIGNUM ** {aka struct bignum_st **}’
void RSA_get0_key(const RSA *r,
^
openssl_stub.c:941:35: warning: passing argument 4 of ‘RSA_get0_key’ from incompatible pointer type [-Wincompatible-pointer-types]
RSA_get0_key(rsa, &b_n, &b_e, &b_d);
^
In file included from openssl_stub.c:22:0:
openssl/include/openssl/rsa.h:194:6: note: expected ‘const BIGNUM ** {aka const struct bignum_st **}’ but argument is of type ‘BIGNUM ** {aka struct bignum_st **}’
void RSA_get0_key(const RSA *r,
^
openssl_stub.c: In function ‘ocaml_dsa_gen_params’:
openssl_stub.c:1053:23: warning: passing argument 2 of ‘DSA_get0_pqg’ from incompatible pointer type [-Wincompatible-pointer-types]
DSA_get0_pqg(dsa, &b_p, &b_q, &b_g);
^
In file included from openssl_stub.c:23:0:
openssl/include/openssl/dsa.h:173:6: note: expected ‘const BIGNUM ** {aka const struct bignum_st **}’ but argument is of type ‘BIGNUM ** {aka struct bignum_st **}’
void DSA_get0_pqg(const DSA *d,
^
openssl_stub.c:1053:29: warning: passing argument 3 of ‘DSA_get0_pqg’ from incompatible pointer type [-Wincompatible-pointer-types]
DSA_get0_pqg(dsa, &b_p, &b_q, &b_g);
^
In file included from openssl_stub.c:23:0:
openssl/include/openssl/dsa.h:173:6: note: expected ‘const BIGNUM ** {aka const struct bignum_st **}’ but argument is of type ‘BIGNUM ** {aka struct bignum_st **}’
void DSA_get0_pqg(const DSA *d,
^
openssl_stub.c:1053:35: warning: passing argument 4 of ‘DSA_get0_pqg’ from incompatible pointer type [-Wincompatible-pointer-types]
DSA_get0_pqg(dsa, &b_p, &b_q, &b_g);
^
In file included from openssl_stub.c:23:0:
openssl/include/openssl/dsa.h:173:6: note: expected ‘const BIGNUM ** {aka const struct bignum_st **}’ but argument is of type ‘BIGNUM ** {aka struct bignum_st **}’
void DSA_get0_pqg(const DSA *d,
^
openssl_stub.c: In function ‘ocaml_dsa_gen_key’:
openssl_stub.c:1110:23: warning: passing argument 2 of ‘DSA_get0_key’ from incompatible pointer type [-Wincompatible-pointer-types]
DSA_get0_key(dsa, &b_pub, &b_priv);
^
In file included from openssl_stub.c:23:0:
openssl/include/openssl/dsa.h:176:6: note: expected ‘const BIGNUM ** {aka const struct bignum_st **}’ but argument is of type ‘BIGNUM ** {aka struct bignum_st **}’
void DSA_get0_key(const DSA *d,
^
openssl_stub.c:1110:31: warning: passing argument 3 of ‘DSA_get0_key’ from incompatible pointer type [-Wincompatible-pointer-types]
DSA_get0_key(dsa, &b_pub, &b_priv);
^
In file included from openssl_stub.c:23:0:
openssl/include/openssl/dsa.h:176:6: note: expected ‘const BIGNUM ** {aka const struct bignum_st **}’ but argument is of type ‘BIGNUM ** {aka struct bignum_st **}’
void DSA_get0_key(const DSA *d,
^
openssl_stub.c: In function ‘ocaml_dsa_get_key’:
openssl_stub.c:1149:21: warning: passing argument 2 of ‘DSA_get0_pqg’ from incompatible pointer type [-Wincompatible-pointer-types]
DSA_get0_pqg(dsa, &b_p, &b_q, &b_g);
^
In file included from openssl_stub.c:23:0:
openssl/include/openssl/dsa.h:173:6: note: expected ‘const BIGNUM ** {aka const struct bignum_st **}’ but argument is of type ‘BIGNUM ** {aka struct bignum_st **}’
void DSA_get0_pqg(const DSA *d,
^
openssl_stub.c:1149:27: warning: passing argument 3 of ‘DSA_get0_pqg’ from incompatible pointer type [-Wincompatible-pointer-types]
DSA_get0_pqg(dsa, &b_p, &b_q, &b_g);
^
In file included from openssl_stub.c:23:0:
openssl/include/openssl/dsa.h:173:6: note: expected ‘const BIGNUM ** {aka const struct bignum_st **}’ but argument is of type ‘BIGNUM ** {aka struct bignum_st **}’
void DSA_get0_pqg(const DSA *d,
^
openssl_stub.c:1149:33: warning: passing argument 4 of ‘DSA_get0_pqg’ from incompatible pointer type [-Wincompatible-pointer-types]
DSA_get0_pqg(dsa, &b_p, &b_q, &b_g);
^
In file included from openssl_stub.c:23:0:
openssl/include/openssl/dsa.h:173:6: note: expected ‘const BIGNUM ** {aka const struct bignum_st **}’ but argument is of type ‘BIGNUM ** {aka struct bignum_st **}’
void DSA_get0_pqg(const DSA *d,
^
openssl_stub.c:1156:21: warning: passing argument 2 of ‘DSA_get0_key’ from incompatible pointer type [-Wincompatible-pointer-types]
DSA_get0_key(dsa, &b_pub, &b_priv);
^
In file included from openssl_stub.c:23:0:
openssl/include/openssl/dsa.h:176:6: note: expected ‘const BIGNUM ** {aka const struct bignum_st **}’ but argument is of type ‘BIGNUM ** {aka struct bignum_st **}’
void DSA_get0_key(const DSA *d,
^
openssl_stub.c:1156:29: warning: passing argument 3 of ‘DSA_get0_key’ from incompatible pointer type [-Wincompatible-pointer-types]
DSA_get0_key(dsa, &b_pub, &b_priv);
^
In file included from openssl_stub.c:23:0:
openssl/include/openssl/dsa.h:176:6: note: expected ‘const BIGNUM ** {aka const struct bignum_st **}’ but argument is of type ‘BIGNUM ** {aka struct bignum_st **}’
void DSA_get0_key(const DSA *d,
^
openssl_stub.c: In function ‘ocaml_dsa_set_key’:
openssl_stub.c:1201:23: warning: passing argument 2 of ‘DSA_get0_pqg’ from incompatible pointer type [-Wincompatible-pointer-types]
DSA_get0_pqg(dsa, &b_p, &b_q, &b_g);
^
In file included from openssl_stub.c:23:0:
openssl/include/openssl/dsa.h:173:6: note: expected ‘const BIGNUM ** {aka const struct bignum_st **}’ but argument is of type ‘BIGNUM ** {aka struct bignum_st **}’
void DSA_get0_pqg(const DSA *d,
^
openssl_stub.c:1201:29: warning: passing argument 3 of ‘DSA_get0_pqg’ from incompatible pointer type [-Wincompatible-pointer-types]
DSA_get0_pqg(dsa, &b_p, &b_q, &b_g);
^
In file included from openssl_stub.c:23:0:
openssl/include/openssl/dsa.h:173:6: note: expected ‘const BIGNUM ** {aka const struct bignum_st **}’ but argument is of type ‘BIGNUM ** {aka struct bignum_st **}’
void DSA_get0_pqg(const DSA *d,
^
openssl_stub.c:1201:35: warning: passing argument 4 of ‘DSA_get0_pqg’ from incompatible pointer type [-Wincompatible-pointer-types]
DSA_get0_pqg(dsa, &b_p, &b_q, &b_g);
^
In file included from openssl_stub.c:23:0:
openssl/include/openssl/dsa.h:173:6: note: expected ‘const BIGNUM ** {aka const struct bignum_st **}’ but argument is of type ‘BIGNUM ** {aka struct bignum_st **}’
void DSA_get0_pqg(const DSA *d,
^
openssl_stub.c:1202:23: warning: passing argument 2 of ‘DSA_get0_key’ from incompatible pointer type [-Wincompatible-pointer-types]
DSA_get0_key(dsa, &b_pub, &b_priv);
^
In file included from openssl_stub.c:23:0:
openssl/include/openssl/dsa.h:176:6: note: expected ‘const BIGNUM ** {aka const struct bignum_st **}’ but argument is of type ‘BIGNUM ** {aka struct bignum_st **}’
void DSA_get0_key(const DSA *d,
^
openssl_stub.c:1202:31: warning: passing argument 3 of ‘DSA_get0_key’ from incompatible pointer type [-Wincompatible-pointer-types]
DSA_get0_key(dsa, &b_pub, &b_priv);
^
In file included from openssl_stub.c:23:0:
openssl/include/openssl/dsa.h:176:6: note: expected ‘const BIGNUM ** {aka const struct bignum_st **}’ but argument is of type ‘BIGNUM ** {aka struct bignum_st **}’
void DSA_get0_key(const DSA *d,
^
openssl_stub.c: In function ‘ocaml_dsa_sign’:
openssl_stub.c:1291:23: warning: passing argument 2 of ‘DSA_get0_pqg’ from incompatible pointer type [-Wincompatible-pointer-types]
DSA_get0_pqg(dsa, &b_p, &b_q, &b_g);
^
In file included from openssl_stub.c:23:0:
openssl/include/openssl/dsa.h:173:6: note: expected ‘const BIGNUM ** {aka const struct bignum_st **}’ but argument is of type ‘BIGNUM ** {aka struct bignum_st **}’
void DSA_get0_pqg(const DSA *d,
^
openssl_stub.c:1291:29: warning: passing argument 3 of ‘DSA_get0_pqg’ from incompatible pointer type [-Wincompatible-pointer-types]
DSA_get0_pqg(dsa, &b_p, &b_q, &b_g);
^
In file included from openssl_stub.c:23:0:
openssl/include/openssl/dsa.h:173:6: note: expected ‘const BIGNUM ** {aka const struct bignum_st **}’ but argument is of type ‘BIGNUM ** {aka struct bignum_st **}’
void DSA_get0_pqg(const DSA *d,
^
openssl_stub.c:1291:35: warning: passing argument 4 of ‘DSA_get0_pqg’ from incompatible pointer type [-Wincompatible-pointer-types]
DSA_get0_pqg(dsa, &b_p, &b_q, &b_g);
^
In file included from openssl_stub.c:23:0:
openssl/include/openssl/dsa.h:173:6: note: expected ‘const BIGNUM ** {aka const struct bignum_st **}’ but argument is of type ‘BIGNUM ** {aka struct bignum_st **}’
void DSA_get0_pqg(const DSA *d,
^
openssl_stub.c:1292:23: warning: passing argument 2 of ‘DSA_get0_key’ from incompatible pointer type [-Wincompatible-pointer-types]
DSA_get0_key(dsa, &b_pub, &b_priv);
^
In file included from openssl_stub.c:23:0:
openssl/include/openssl/dsa.h:176:6: note: expected ‘const BIGNUM ** {aka const struct bignum_st **}’ but argument is of type ‘BIGNUM ** {aka struct bignum_st **}’
void DSA_get0_key(const DSA *d,
^
openssl_stub.c:1292:31: warning: passing argument 3 of ‘DSA_get0_key’ from incompatible pointer type [-Wincompatible-pointer-types]
DSA_get0_key(dsa, &b_pub, &b_priv);
^
In file included from openssl_stub.c:23:0:
openssl/include/openssl/dsa.h:176:6: note: expected ‘const BIGNUM ** {aka const struct bignum_st **}’ but argument is of type ‘BIGNUM ** {aka struct bignum_st **}’
void DSA_get0_key(const DSA *d,
^
openssl_stub.c: In function ‘ocaml_dsa_verify’:
openssl_stub.c:1334:23: warning: passing argument 2 of ‘DSA_get0_pqg’ from incompatible pointer type [-Wincompatible-pointer-types]
DSA_get0_pqg(dsa, &b_p, &b_q, &b_g);
^
In file included from openssl_stub.c:23:0:
openssl/include/openssl/dsa.h:173:6: note: expected ‘const BIGNUM ** {aka const struct bignum_st **}’ but argument is of type ‘BIGNUM ** {aka struct bignum_st **}’
void DSA_get0_pqg(const DSA *d,
^
openssl_stub.c:1334:29: warning: passing argument 3 of ‘DSA_get0_pqg’ from incompatible pointer type [-Wincompatible-pointer-types]
DSA_get0_pqg(dsa, &b_p, &b_q, &b_g);
^
In file included from openssl_stub.c:23:0:
openssl/include/openssl/dsa.h:173:6: note: expected ‘const BIGNUM ** {aka const struct bignum_st **}’ but argument is of type ‘BIGNUM ** {aka struct bignum_st **}’
void DSA_get0_pqg(const DSA *d,
^
openssl_stub.c:1334:35: warning: passing argument 4 of ‘DSA_get0_pqg’ from incompatible pointer type [-Wincompatible-pointer-types]
DSA_get0_pqg(dsa, &b_p, &b_q, &b_g);
^
In file included from openssl_stub.c:23:0:
openssl/include/openssl/dsa.h:173:6: note: expected ‘const BIGNUM ** {aka const struct bignum_st **}’ but argument is of type ‘BIGNUM ** {aka struct bignum_st **}’
void DSA_get0_pqg(const DSA *d,
^
openssl_stub.c:1335:23: warning: passing argument 2 of ‘DSA_get0_key’ from incompatible pointer type [-Wincompatible-pointer-types]
DSA_get0_key(dsa, &b_pub, &b_priv);
^
In file included from openssl_stub.c:23:0:
openssl/include/openssl/dsa.h:176:6: note: expected ‘const BIGNUM ** {aka const struct bignum_st **}’ but argument is of type ‘BIGNUM ** {aka struct bignum_st **}’
void DSA_get0_key(const DSA *d,
^
openssl_stub.c:1335:31: warning: passing argument 3 of ‘DSA_get0_key’ from incompatible pointer type [-Wincompatible-pointer-types]
DSA_get0_key(dsa, &b_pub, &b_priv);
^
In file included from openssl_stub.c:23:0:
openssl/include/openssl/dsa.h:176:6: note: expected ‘const BIGNUM ** {aka const struct bignum_st **}’ but argument is of type ‘BIGNUM ** {aka struct bignum_st **}’
void DSA_get0_key(const DSA *d,
^
openssl_stub.c: In function ‘ocaml_dh_gen_params’:
openssl_stub.c:1439:21: warning: passing argument 2 of ‘DH_get0_pqg’ from incompatible pointer type [-Wincompatible-pointer-types]
DH_get0_pqg(dh, &b_p, &b_q, &b_g);
^
In file included from openssl/include/openssl/dsa.h:31:0,
from openssl_stub.c:23:
openssl/include/openssl/dh.h:172:6: note: expected ‘const BIGNUM ** {aka const struct bignum_st **}’ but argument is of type ‘BIGNUM ** {aka struct bignum_st **}’
void DH_get0_pqg(const DH *dh,
^
openssl_stub.c:1439:27: warning: passing argument 3 of ‘DH_get0_pqg’ from incompatible pointer type [-Wincompatible-pointer-types]
DH_get0_pqg(dh, &b_p, &b_q, &b_g);
^
In file included from openssl/include/openssl/dsa.h:31:0,
from openssl_stub.c:23:
openssl/include/openssl/dh.h:172:6: note: expected ‘const BIGNUM ** {aka const struct bignum_st **}’ but argument is of type ‘BIGNUM ** {aka struct bignum_st **}’
void DH_get0_pqg(const DH *dh,
^
openssl_stub.c:1439:33: warning: passing argument 4 of ‘DH_get0_pqg’ from incompatible pointer type [-Wincompatible-pointer-types]
DH_get0_pqg(dh, &b_p, &b_q, &b_g);
^
In file included from openssl/include/openssl/dsa.h:31:0,
from openssl_stub.c:23:
openssl/include/openssl/dh.h:172:6: note: expected ‘const BIGNUM ** {aka const struct bignum_st **}’ but argument is of type ‘BIGNUM ** {aka struct bignum_st **}’
void DH_get0_pqg(const DH *dh,
^
openssl_stub.c: In function ‘ocaml_dh_params_of_string’:
openssl_stub.c:1472:21: warning: passing argument 2 of ‘DH_get0_pqg’ from incompatible pointer type [-Wincompatible-pointer-types]
DH_get0_pqg(dh, &b_p, &b_q, &b_g);
^
In file included from openssl/include/openssl/dsa.h:31:0,
from openssl_stub.c:23:
openssl/include/openssl/dh.h:172:6: note: expected ‘const BIGNUM ** {aka const struct bignum_st **}’ but argument is of type ‘BIGNUM ** {aka struct bignum_st **}’
void DH_get0_pqg(const DH *dh,
^
openssl_stub.c:1472:27: warning: passing argument 3 of ‘DH_get0_pqg’ from incompatible pointer type [-Wincompatible-pointer-types]
DH_get0_pqg(dh, &b_p, &b_q, &b_g);
^
In file included from openssl/include/openssl/dsa.h:31:0,
from openssl_stub.c:23:
openssl/include/openssl/dh.h:172:6: note: expected ‘const BIGNUM ** {aka const struct bignum_st **}’ but argument is of type ‘BIGNUM ** {aka struct bignum_st **}’
void DH_get0_pqg(const DH *dh,
^
openssl_stub.c:1472:33: warning: passing argument 4 of ‘DH_get0_pqg’ from incompatible pointer type [-Wincompatible-pointer-types]
DH_get0_pqg(dh, &b_p, &b_q, &b_g);
^
In file included from openssl/include/openssl/dsa.h:31:0,
from openssl_stub.c:23:
openssl/include/openssl/dh.h:172:6: note: expected ‘const BIGNUM ** {aka const struct bignum_st **}’ but argument is of type ‘BIGNUM ** {aka struct bignum_st **}’
void DH_get0_pqg(const DH *dh,
^
openssl_stub.c: In function ‘ocaml_dh_gen_key’:
openssl_stub.c:1527:21: warning: passing argument 2 of ‘DH_get0_key’ from incompatible pointer type [-Wincompatible-pointer-types]
DH_get0_key(dh, &b_pub, &b_prv);
^
In file included from openssl/include/openssl/dsa.h:31:0,
from openssl_stub.c:23:
openssl/include/openssl/dh.h:175:6: note: expected ‘const BIGNUM ** {aka const struct bignum_st **}’ but argument is of type ‘BIGNUM ** {aka struct bignum_st **}’
void DH_get0_key(const DH *dh,
^
openssl_stub.c:1527:29: warning: passing argument 3 of ‘DH_get0_key’ from incompatible pointer type [-Wincompatible-pointer-types]
DH_get0_key(dh, &b_pub, &b_prv);
^
In file included from openssl/include/openssl/dsa.h:31:0,
from openssl_stub.c:23:
openssl/include/openssl/dh.h:175:6: note: expected ‘const BIGNUM ** {aka const struct bignum_st **}’ but argument is of type ‘BIGNUM ** {aka struct bignum_st **}’
void DH_get0_key(const DH *dh,
^
openssl_stub.c: In function ‘ocaml_dh_compute’:
openssl_stub.c:1638:21: warning: passing argument 2 of ‘DH_get0_key’ from incompatible pointer type [-Wincompatible-pointer-types]
DH_get0_key(dh, &b_pub, &b_prv);
^
In file included from openssl/include/openssl/dsa.h:31:0,
from openssl_stub.c:23:
openssl/include/openssl/dh.h:175:6: note: expected ‘const BIGNUM ** {aka const struct bignum_st **}’ but argument is of type ‘BIGNUM ** {aka struct bignum_st **}’
void DH_get0_key(const DH *dh,
^
openssl_stub.c:1638:29: warning: passing argument 3 of ‘DH_get0_key’ from incompatible pointer type [-Wincompatible-pointer-types]
DH_get0_key(dh, &b_pub, &b_prv);
^
In file included from openssl/include/openssl/dsa.h:31:0,
from openssl_stub.c:23:
openssl/include/openssl/dh.h:175:6: note: expected ‘const BIGNUM ** {aka const struct bignum_st **}’ but argument is of type ‘BIGNUM ** {aka struct bignum_st **}’
void DH_get0_key(const DH *dh,
^
