From https://github.com/FStarLang/FStar
218c86d42..3b454b9dd  master             -> origin/master
1dbba6fce..94a607bfe  catalin_private    -> origin/catalin_private
* [new branch]          cwinter_more_stats -> origin/cwinter_more_stats
dd35dc414..3b454b9dd  kyod_tmp0          -> origin/kyod_tmp0
a8c1fbc83..34ada4b6a  nik_private        -> origin/nik_private
Warning: you are using the standard library and/or the %inline keyword. We
recommend switching on --infer in order to avoid obscure type error messages.
File "src/basic/ml/FStar_Util.ml", line 47, characters 57-65:
Warning 40: st_mtime was selected from type BatUnix.stats.
It is not visible in the current scope, and will not 
be selected if the type becomes unknown.
File "src/basic/ml/FStar_Util.ml", line 47, characters 57-65:
Warning 40: st_mtime was selected from type BatUnix.stats.
It is not visible in the current scope, and will not 
be selected if the type becomes unknown.
make[3]: warning: jobserver unavailable: using -j1.  Add '+' to parent make rule.
make[3]: warning: jobserver unavailable: using -j1.  Add '+' to parent make rule.
Extracted.mk:96: warning: overriding recipe for target 'mitls.cmxa'
Makefile:193: warning: ignoring old recipe for target 'mitls.cmxa'
Extracted.mk:99: warning: overriding recipe for target 'mitls.exe'
Makefile:195: warning: ignoring old recipe for target 'mitls.exe'
Extracted.mk:96: warning: overriding recipe for target 'mitls.cmxa'
Makefile:193: warning: ignoring old recipe for target 'mitls.cmxa'
Extracted.mk:99: warning: overriding recipe for target 'mitls.exe'
Makefile:195: warning: ignoring old recipe for target 'mitls.exe'
Unexpected error
FStar_Errors.Error(_)
Raised at file "src/ocaml-output/bootlibs/MkPrims.ml", line 89, characters 22-23
Called from file "src/ocaml-output/FStar_TypeChecker_Rel.ml", line 6180, characters 27-55
Called from file "src/ocaml-output/FStar_TypeChecker_Rel.ml", line 6216, characters 19-51
Called from file "src/ocaml-output/FStar_TypeChecker_Rel.ml", line 6297, characters 24-56
Called from file "src/ocaml-output/FStar_TypeChecker_TcTerm.ml", line 3919, characters 52-1023
Called from file "src/batList.mlv", line 171, characters 23-28
Called from file "src/ocaml-output/bootlibs/FStar_All.ml", line 3, characters 21-24
Called from file "src/ocaml-output/FStar_TypeChecker_TcTerm.ml", line 4053, characters 39-64
Called from file "src/batList.mlv", line 169, characters 28-33
Called from file "src/batList.mlv", line 172, characters 4-12
Called from file "src/ocaml-output/bootlibs/FStar_All.ml", line 3, characters 21-24
Called from file "src/ocaml-output/FStar_TypeChecker_TcTerm.ml", line 4081, characters 49-75
Called from file "src/batList.mlv", line 171, characters 23-28
Called from file "src/ocaml-output/bootlibs/FStar_All.ml", line 3, characters 21-24
Called from file "src/ocaml-output/FStar_TypeChecker_TcTerm.ml", line 949, characters 38-53
Called from file "src/ocaml-output/FStar_TypeChecker_TcTerm.ml", line 4081, characters 49-75
Called from file "src/batList.mlv", line 169, characters 28-33
Called from file "src/batList.mlv", line 172, characters 4-12
Called from file "src/ocaml-output/bootlibs/FStar_All.ml", line 3, characters 21-24
Called from file "src/ocaml-output/FStar_TypeChecker_TcTerm.ml", line 2756, characters 22-1023
Called from file "src/ocaml-output/FStar_TypeChecker_TcTerm.ml", line 5692, characters 23-51
Called from file "src/ocaml-output/FStar_TypeChecker_TcTerm.ml", line 5366, characters 21-103
Called from file "src/batList.mlv", line 171, characters 23-28
Called from file "src/ocaml-output/bootlibs/FStar_All.ml", line 3, characters 21-24
Called from file "src/ocaml-output/FStar_TypeChecker_TcTerm.ml", line 4869, characters 42-69
Called from file "src/ocaml-output/FStar_TypeChecker_Tc.ml", line 3694, characters 20-1023
Called from file "src/ocaml-output/FStar_TypeChecker_Tc.ml", line 4076, characters 31-46
Called from file "src/basic/ml/FStar_Util.ml", line 572, characters 30-37
Called from file "src/ocaml-output/FStar_TypeChecker_Tc.ml", line 4122, characters 8-70
Called from file "src/ocaml-output/FStar_TypeChecker_Tc.ml", line 4210, characters 25-77
Called from file "src/ocaml-output/FStar_TypeChecker_Tc.ml", line 4477, characters 23-49
Called from file "src/basic/ml/FStar_Util.ml", line 44, characters 14-18
Called from file "src/ocaml-output/FStar_Universal.ml", line 287, characters 34-233
Called from file "list.ml", line 84, characters 24-34
Called from file "src/ocaml-output/bootlibs/FStar_All.ml", line 3, characters 21-24
Called from file "src/ocaml-output/FStar_Universal.ml", line 398, characters 18-65
Called from file "src/ocaml-output/FStar_Universal.ml", line 421, characters 31-72
Called from file "src/ocaml-output/FStar_Universal.ml", line 437, characters 24-71
Called from file "src/ocaml-output/FStar_Universal.ml", line 477, characters 27-69
Called from file "src/ocaml-output/FStar_Main.ml", line 204, characters 27-67
Called from file "src/ocaml-output/FStar_Main.ml", line 226, characters 6-11

.\HandshakeLog.fst(315,29-315,47): (Error) uu___unification_ 349391 pvo kexo buf rem hstype pl to_log ch *
uu___unification_ 349394 pvo kexo buf rem hstype pl to_log ch is not a subtype of the expected type binders
1 error was reported (see above)
Unexpected error
FStar_Errors.Error(_)
Raised at file "src/ocaml-output/bootlibs/MkPrims.ml", line 89, characters 22-23
Called from file "src/ocaml-output/FStar_TypeChecker_Rel.ml", line 6180, characters 27-55
Called from file "src/ocaml-output/FStar_TypeChecker_Rel.ml", line 6216, characters 19-51
Called from file "src/ocaml-output/FStar_TypeChecker_Rel.ml", line 6297, characters 24-56
Called from file "src/ocaml-output/FStar_TypeChecker_TcTerm.ml", line 3919, characters 52-1023
Called from file "src/batList.mlv", line 171, characters 23-28
Called from file "src/ocaml-output/bootlibs/FStar_All.ml", line 3, characters 21-24
Called from file "src/ocaml-output/FStar_TypeChecker_TcTerm.ml", line 4053, characters 39-64
Called from file "src/batList.mlv", line 169, characters 28-33
Called from file "src/batList.mlv", line 172, characters 4-12
Called from file "src/ocaml-output/bootlibs/FStar_All.ml", line 3, characters 21-24
Called from file "src/ocaml-output/FStar_TypeChecker_TcTerm.ml", line 4081, characters 49-75
Called from file "src/batList.mlv", line 171, characters 23-28
Called from file "src/ocaml-output/bootlibs/FStar_All.ml", line 3, characters 21-24
Called from file "src/ocaml-output/FStar_TypeChecker_TcTerm.ml", line 949, characters 38-53
Called from file "src/ocaml-output/FStar_TypeChecker_TcTerm.ml", line 4081, characters 49-75
Called from file "src/batList.mlv", line 169, characters 28-33
Called from file "src/batList.mlv", line 172, characters 4-12
Called from file "src/ocaml-output/bootlibs/FStar_All.ml", line 3, characters 21-24
Called from file "src/ocaml-output/FStar_TypeChecker_TcTerm.ml", line 2756, characters 22-1023
Called from file "src/ocaml-output/FStar_TypeChecker_TcTerm.ml", line 5692, characters 23-51
Called from file "src/ocaml-output/FStar_TypeChecker_TcTerm.ml", line 5366, characters 21-103
Called from file "src/batList.mlv", line 171, characters 23-28
Called from file "src/ocaml-output/bootlibs/FStar_All.ml", line 3, characters 21-24
Called from file "src/ocaml-output/FStar_TypeChecker_TcTerm.ml", line 4869, characters 42-69
Called from file "src/ocaml-output/FStar_TypeChecker_Tc.ml", line 3694, characters 20-1023
Called from file "src/ocaml-output/FStar_TypeChecker_Tc.ml", line 4076, characters 31-46
Called from file "src/basic/ml/FStar_Util.ml", line 572, characters 30-37
Called from file "src/ocaml-output/FStar_TypeChecker_Tc.ml", line 4122, characters 8-70
Called from file "src/ocaml-output/FStar_TypeChecker_Tc.ml", line 4210, characters 25-77
Called from file "src/ocaml-output/FStar_TypeChecker_Tc.ml", line 4477, characters 23-49
Called from file "src/basic/ml/FStar_Util.ml", line 44, characters 14-18
Called from file "src/ocaml-output/FStar_Universal.ml", line 287, characters 34-233
Called from file "list.ml", line 84, characters 24-34
Called from file "src/ocaml-output/bootlibs/FStar_All.ml", line 3, characters 21-24
Called from file "src/ocaml-output/FStar_Universal.ml", line 398, characters 18-65
Called from file "src/ocaml-output/FStar_Universal.ml", line 421, characters 31-72
Called from file "src/ocaml-output/FStar_Universal.ml", line 437, characters 24-71
Called from file "src/ocaml-output/FStar_Universal.ml", line 477, characters 27-69
Called from file "src/ocaml-output/FStar_Main.ml", line 204, characters 27-67
Called from file "src/ocaml-output/FStar_Main.ml", line 226, characters 6-11

.\HandshakeLog.fst(315,29-315,47): (Error) uu___unification_ 349391 pvo kexo buf rem hstype pl to_log ch *
uu___unification_ 349394 pvo kexo buf rem hstype pl to_log ch is not a subtype of the expected type binders
1 error was reported (see above)
Unexpected error
FStar_Errors.Error(_)
Raised by primitive operation at file "src/ocaml-output/FStar_TypeChecker_Util.ml", line 3497, characters 14-36
Called from file "src/ocaml-output/FStar_TypeChecker_TcTerm.ml", line 320, characters 24-77
Called from file "src/ocaml-output/FStar_TypeChecker_TcTerm.ml", line 3411, characters 47-61
Called from file "src/ocaml-output/FStar_TypeChecker_TcTerm.ml", line 1457, characters 22-108
Called from file "src/ocaml-output/FStar_TypeChecker_TcTerm.ml", line 5422, characters 21-1023
Called from file "src/ocaml-output/FStar_TypeChecker_TcTerm.ml", line 4706, characters 12-51
Called from file "src/ocaml-output/FStar_TypeChecker_TcTerm.ml", line 4731, characters 22-44
Called from file "src/ocaml-output/FStar_TypeChecker_TcTerm.ml", line 949, characters 38-53
Called from file "src/ocaml-output/FStar_TypeChecker_TcTerm.ml", line 4081, characters 49-75
Called from file "src/batList.mlv", line 171, characters 23-28
Called from file "src/ocaml-output/bootlibs/FStar_All.ml", line 3, characters 21-24
Called from file "src/ocaml-output/FStar_TypeChecker_TcTerm.ml", line 949, characters 38-53
Called from file "src/ocaml-output/FStar_TypeChecker_TcTerm.ml", line 4731, characters 22-44
Called from file "src/ocaml-output/FStar_TypeChecker_TcTerm.ml", line 4731, characters 22-44
Called from file "src/ocaml-output/FStar_TypeChecker_TcTerm.ml", line 4731, characters 22-44
Called from file "src/ocaml-output/FStar_TypeChecker_TcTerm.ml", line 4081, characters 49-75
Called from file "src/batList.mlv", line 169, characters 28-33
Called from file "src/batList.mlv", line 172, characters 4-12
Called from file "src/ocaml-output/bootlibs/FStar_All.ml", line 3, characters 21-24
Called from file "src/ocaml-output/FStar_TypeChecker_TcTerm.ml", line 949, characters 38-53
Called from file "src/ocaml-output/FStar_TypeChecker_TcTerm.ml", line 1043, characters 23-44
Called from file "src/ocaml-output/FStar_TypeChecker_TcTerm.ml", line 2756, characters 22-1023
Called from file "src/ocaml-output/FStar_TypeChecker_TcTerm.ml", line 5422, characters 21-1023
Called from file "src/ocaml-output/FStar_TypeChecker_TcTerm.ml", line 4541, characters 27-59
Called from file "src/ocaml-output/FStar_TypeChecker_Tc.ml", line 3694, characters 20-1023
Called from file "src/ocaml-output/FStar_TypeChecker_Tc.ml", line 4076, characters 31-46
Called from file "src/basic/ml/FStar_Util.ml", line 572, characters 30-37
Called from file "src/ocaml-output/FStar_TypeChecker_Tc.ml", line 4122, characters 8-70
Called from file "src/ocaml-output/FStar_TypeChecker_Tc.ml", line 4210, characters 25-77
Called from file "src/ocaml-output/FStar_TypeChecker_Tc.ml", line 4477, characters 23-49
Called from file "src/basic/ml/FStar_Util.ml", line 44, characters 14-18
Called from file "src/ocaml-output/FStar_Universal.ml", line 287, characters 34-233
Called from file "list.ml", line 84, characters 24-34
Called from file "src/ocaml-output/bootlibs/FStar_All.ml", line 3, characters 21-24
Called from file "src/ocaml-output/FStar_Universal.ml", line 398, characters 18-65
Called from file "src/ocaml-output/FStar_Universal.ml", line 421, characters 31-72
Called from file "src/ocaml-output/FStar_Universal.ml", line 437, characters 24-71
Called from file "src/ocaml-output/FStar_Universal.ml", line 477, characters 27-69
Called from file "src/ocaml-output/FStar_Main.ml", line 204, characters 27-67
Called from file "src/ocaml-output/FStar_Main.ml", line 226, characters 6-11

.\Handshake.fst(365,10-365,15): (Error) Expected expression of type "option nat"; got expression "false" of type "bool"
1 error was reported (see above)
Unexpected error
FStar_Errors.Error(_)
Raised by primitive operation at file "src/ocaml-output/FStar_TypeChecker_Util.ml", line 3497, characters 14-36
Called from file "src/ocaml-output/FStar_TypeChecker_TcTerm.ml", line 320, characters 24-77
Called from file "src/ocaml-output/FStar_TypeChecker_TcTerm.ml", line 3411, characters 47-61
Called from file "src/ocaml-output/FStar_TypeChecker_TcTerm.ml", line 1457, characters 22-108
Called from file "src/ocaml-output/FStar_TypeChecker_TcTerm.ml", line 5422, characters 21-1023
Called from file "src/ocaml-output/FStar_TypeChecker_TcTerm.ml", line 4706, characters 12-51
Called from file "src/ocaml-output/FStar_TypeChecker_TcTerm.ml", line 4731, characters 22-44
Called from file "src/ocaml-output/FStar_TypeChecker_TcTerm.ml", line 949, characters 38-53
Called from file "src/ocaml-output/FStar_TypeChecker_TcTerm.ml", line 4081, characters 49-75
Called from file "src/batList.mlv", line 171, characters 23-28
Called from file "src/ocaml-output/bootlibs/FStar_All.ml", line 3, characters 21-24
Called from file "src/ocaml-output/FStar_TypeChecker_TcTerm.ml", line 949, characters 38-53
Called from file "src/ocaml-output/FStar_TypeChecker_TcTerm.ml", line 4731, characters 22-44
Called from file "src/ocaml-output/FStar_TypeChecker_TcTerm.ml", line 4731, characters 22-44
Called from file "src/ocaml-output/FStar_TypeChecker_TcTerm.ml", line 4731, characters 22-44
Called from file "src/ocaml-output/FStar_TypeChecker_TcTerm.ml", line 4081, characters 49-75
Called from file "src/batList.mlv", line 169, characters 28-33
Called from file "src/batList.mlv", line 172, characters 4-12
Called from file "src/ocaml-output/bootlibs/FStar_All.ml", line 3, characters 21-24
Called from file "src/ocaml-output/FStar_TypeChecker_TcTerm.ml", line 949, characters 38-53
Called from file "src/ocaml-output/FStar_TypeChecker_TcTerm.ml", line 1043, characters 23-44
Called from file "src/ocaml-output/FStar_TypeChecker_TcTerm.ml", line 2756, characters 22-1023
Called from file "src/ocaml-output/FStar_TypeChecker_TcTerm.ml", line 5422, characters 21-1023
Called from file "src/ocaml-output/FStar_TypeChecker_TcTerm.ml", line 4541, characters 27-59
Called from file "src/ocaml-output/FStar_TypeChecker_Tc.ml", line 3694, characters 20-1023
Called from file "src/ocaml-output/FStar_TypeChecker_Tc.ml", line 4076, characters 31-46
Called from file "src/basic/ml/FStar_Util.ml", line 572, characters 30-37
Called from file "src/ocaml-output/FStar_TypeChecker_Tc.ml", line 4122, characters 8-70
Called from file "src/ocaml-output/FStar_TypeChecker_Tc.ml", line 4210, characters 25-77
Called from file "src/ocaml-output/FStar_TypeChecker_Tc.ml", line 4477, characters 23-49
Called from file "src/basic/ml/FStar_Util.ml", line 44, characters 14-18
Called from file "src/ocaml-output/FStar_Universal.ml", line 287, characters 34-233
Called from file "list.ml", line 84, characters 24-34
Called from file "src/ocaml-output/bootlibs/FStar_All.ml", line 3, characters 21-24
Called from file "src/ocaml-output/FStar_Universal.ml", line 398, characters 18-65
Called from file "src/ocaml-output/FStar_Universal.ml", line 421, characters 31-72
Called from file "src/ocaml-output/FStar_Universal.ml", line 437, characters 24-71
Called from file "src/ocaml-output/FStar_Universal.ml", line 477, characters 27-69
Called from file "src/ocaml-output/FStar_Main.ml", line 204, characters 27-67
Called from file "src/ocaml-output/FStar_Main.ml", line 226, characters 6-11

.\Handshake.fst(365,10-365,15): (Error) Expected expression of type "option nat"; got expression "false" of type "bool"
1 error was reported (see above)
x86_64-w64-mingw32-ranlib: unable to rename 'fstarlib.a'; reason: Permission denied
File "_none_", line 1:
Error: Error while creating the library fstarlib.a
make[4]: *** [Makefile:30: all] Error 2
make[3]: *** [Extracted.mk:53: C:/Build/Agent1/_work/5/s/fstar/ulib/ml/fstarlib.cmxa] Error 2
x86_64-w64-mingw32-ranlib: 'fstarlib.a': No such file
File "_none_", line 1:
Error: Error while creating the library fstarlib.a
make[4]: *** [Makefile:30: all] Error 2
make[3]: *** [Extracted.mk:53: C:/Build/Agent1/_work/5/s/fstar/ulib/ml/fstarlib.cmxa] Error 2
ffi.c:1:0: warning: -fPIC ignored for target (all code is position independent)
#include <stdio.h>
^
ffi.c:1:0: warning: -fPIC ignored for target (all code is position independent)
#include <stdio.h>
^
File "output/FFI.ml", line 10, characters 2-12:
Error: Unbound module TLSInfo
make[3]: *** [Extracted.mk:69: output/FFI.cmx] Error 2
File "output/FFI.ml", line 10, characters 2-12:
Error: Unbound module TLSInfo
make[3]: *** [Extracted.mk:69: output/FFI.cmx] Error 2
File "output/TestAPI.ml", line 10, characters 19-40:
Error: Unbound module Connection
make[3]: *** [Extracted.mk:69: output/TestAPI.cmx] Error 2
File "output/TestAPI.ml", line 10, characters 19-40:
Error: Unbound module Connection
make[3]: *** [Extracted.mk:69: output/TestAPI.cmx] Error 2
File "output/TestFFI.ml", line 16, characters 17-38:
Error: Unbound module Connection
make[3]: *** [Extracted.mk:69: output/TestFFI.cmx] Error 2
File "output/TestFFI.ml", line 16, characters 17-38:
Error: Unbound module Connection
make[3]: *** [Extracted.mk:69: output/TestFFI.cmx] Error 2
File "test/mitls.ml", line 2, characters 5-17:
Error: Unbound module TLSConstants
make[3]: *** [Extracted.mk:69: test/mitls.cmx] Error 2
make[3]: Target 'mitls.exe' not remade because of errors.
make[2]: *** [Makefile:199: ../../libs/ffi/FFICallbacks.cmxa] Error 2
File "test/mitls.ml", line 2, characters 5-17:
Error: Unbound module TLSConstants
make[3]: *** [Extracted.mk:69: test/mitls.cmx] Error 2
make[3]: Target 'mitls.exe' not remade because of errors.
make[2]: *** [Makefile:199: C:/Build/Agent1/_work/5/s/fstar/ulib/ml/fstarlib.cmxa] Error 2
make[2]: Target 'mitls.exe' not remade because of errors.
make[1]: *** [Makefile:26: build] Error 2
make: *** [Makefile:22: all] Error 2
